<?xml version="1.0" encoding="UTF-8"?>
<?xml-stylesheet href="CoreNLP-to-HTML.xsl" type="text/xsl"?>
<root>
  <document>
    <sentences>
      <sentence id="1">
        <tokens>
          <token id="1">
            <word>SHY.txt</word>
            <lemma>shy.txt</lemma>
            <CharacterOffsetBegin>0</CharacterOffsetBegin>
            <CharacterOffsetEnd>7</CharacterOffsetEnd>
            <POS>NN</POS>
            <NER>O</NER>
            <Speaker>PER0</Speaker>
          </token>
          <token id="2">
            <word>.</word>
            <lemma>.</lemma>
            <CharacterOffsetBegin>7</CharacterOffsetBegin>
            <CharacterOffsetEnd>8</CharacterOffsetEnd>
            <POS>.</POS>
            <NER>O</NER>
            <Speaker>PER0</Speaker>
          </token>
        </tokens>
        <parse>(ROOT (NP (NN SHY.txt) (. .))) </parse>
        <dependencies type="basic-dependencies">
          <dep type="root">
            <governor idx="0">ROOT</governor>
            <dependent idx="1">SHY.txt</dependent>
          </dep>
          <dep type="punct">
            <governor idx="1">SHY.txt</governor>
            <dependent idx="2">.</dependent>
          </dep>
        </dependencies>
        <dependencies type="collapsed-dependencies">
          <dep type="root">
            <governor idx="0">ROOT</governor>
            <dependent idx="1">SHY.txt</dependent>
          </dep>
          <dep type="punct">
            <governor idx="1">SHY.txt</governor>
            <dependent idx="2">.</dependent>
          </dep>
        </dependencies>
        <dependencies type="collapsed-ccprocessed-dependencies">
          <dep type="root">
            <governor idx="0">ROOT</governor>
            <dependent idx="1">SHY.txt</dependent>
          </dep>
          <dep type="punct">
            <governor idx="1">SHY.txt</governor>
            <dependent idx="2">.</dependent>
          </dep>
        </dependencies>
      </sentence>
      <sentence id="2">
        <tokens>
          <token id="1">
            <word>Pre-subject</word>
            <lemma>pre-subject</lemma>
            <CharacterOffsetBegin>10</CharacterOffsetBegin>
            <CharacterOffsetEnd>21</CharacterOffsetEnd>
            <POS>JJ</POS>
            <NER>O</NER>
            <Speaker>PER0</Speaker>
          </token>
          <token id="2">
            <word>reflections</word>
            <lemma>reflection</lemma>
            <CharacterOffsetBegin>22</CharacterOffsetBegin>
            <CharacterOffsetEnd>33</CharacterOffsetEnd>
            <POS>NNS</POS>
            <NER>O</NER>
            <Speaker>PER0</Speaker>
          </token>
          <token id="3">
            <word>.</word>
            <lemma>.</lemma>
            <CharacterOffsetBegin>33</CharacterOffsetBegin>
            <CharacterOffsetEnd>34</CharacterOffsetEnd>
            <POS>.</POS>
            <NER>O</NER>
            <Speaker>PER0</Speaker>
          </token>
        </tokens>
        <parse>(ROOT (FRAG (NP (JJ Pre-subject) (NNS reflections)) (. .))) </parse>
        <dependencies type="basic-dependencies">
          <dep type="root">
            <governor idx="0">ROOT</governor>
            <dependent idx="2">reflections</dependent>
          </dep>
          <dep type="amod">
            <governor idx="2">reflections</governor>
            <dependent idx="1">Pre-subject</dependent>
          </dep>
          <dep type="punct">
            <governor idx="2">reflections</governor>
            <dependent idx="3">.</dependent>
          </dep>
        </dependencies>
        <dependencies type="collapsed-dependencies">
          <dep type="root">
            <governor idx="0">ROOT</governor>
            <dependent idx="2">reflections</dependent>
          </dep>
          <dep type="amod">
            <governor idx="2">reflections</governor>
            <dependent idx="1">Pre-subject</dependent>
          </dep>
          <dep type="punct">
            <governor idx="2">reflections</governor>
            <dependent idx="3">.</dependent>
          </dep>
        </dependencies>
        <dependencies type="collapsed-ccprocessed-dependencies">
          <dep type="root">
            <governor idx="0">ROOT</governor>
            <dependent idx="2">reflections</dependent>
          </dep>
          <dep type="amod">
            <governor idx="2">reflections</governor>
            <dependent idx="1">Pre-subject</dependent>
          </dep>
          <dep type="punct">
            <governor idx="2">reflections</governor>
            <dependent idx="3">.</dependent>
          </dep>
        </dependencies>
      </sentence>
      <sentence id="3">
        <tokens>
          <token id="1">
            <word>My</word>
            <lemma>my</lemma>
            <CharacterOffsetBegin>36</CharacterOffsetBegin>
            <CharacterOffsetEnd>38</CharacterOffsetEnd>
            <POS>PRP$</POS>
            <NER>O</NER>
            <Speaker>PER0</Speaker>
          </token>
          <token id="2">
            <word>first</word>
            <lemma>first</lemma>
            <CharacterOffsetBegin>39</CharacterOffsetBegin>
            <CharacterOffsetEnd>44</CharacterOffsetEnd>
            <POS>JJ</POS>
            <NER>ORDINAL</NER>
            <NormalizedNER>1.0</NormalizedNER>
            <Speaker>PER0</Speaker>
          </token>
          <token id="3">
            <word>lecture</word>
            <lemma>lecture</lemma>
            <CharacterOffsetBegin>45</CharacterOffsetBegin>
            <CharacterOffsetEnd>52</CharacterOffsetEnd>
            <POS>NN</POS>
            <NER>O</NER>
            <Speaker>PER0</Speaker>
          </token>
          <token id="4">
            <word>started</word>
            <lemma>start</lemma>
            <CharacterOffsetBegin>53</CharacterOffsetBegin>
            <CharacterOffsetEnd>60</CharacterOffsetEnd>
            <POS>VBD</POS>
            <NER>O</NER>
            <Speaker>PER0</Speaker>
          </token>
          <token id="5">
            <word>13</word>
            <lemma>13</lemma>
            <CharacterOffsetBegin>61</CharacterOffsetBegin>
            <CharacterOffsetEnd>63</CharacterOffsetEnd>
            <POS>CD</POS>
            <NER>DATE</NER>
            <NormalizedNER>2015-03-13</NormalizedNER>
            <Speaker>PER0</Speaker>
            <Timex tid="t1" type="DATE">2015-03-13</Timex>
          </token>
          <token id="6">
            <word>March</word>
            <lemma>March</lemma>
            <CharacterOffsetBegin>64</CharacterOffsetBegin>
            <CharacterOffsetEnd>69</CharacterOffsetEnd>
            <POS>NNP</POS>
            <NER>DATE</NER>
            <NormalizedNER>2015-03-13</NormalizedNER>
            <Speaker>PER0</Speaker>
            <Timex tid="t1" type="DATE">2015-03-13</Timex>
          </token>
          <token id="7">
            <word>2015</word>
            <lemma>2015</lemma>
            <CharacterOffsetBegin>70</CharacterOffsetBegin>
            <CharacterOffsetEnd>74</CharacterOffsetEnd>
            <POS>CD</POS>
            <NER>DATE</NER>
            <NormalizedNER>2015-03-13</NormalizedNER>
            <Speaker>PER0</Speaker>
            <Timex tid="t1" type="DATE">2015-03-13</Timex>
          </token>
          <token id="8">
            <word>.</word>
            <lemma>.</lemma>
            <CharacterOffsetBegin>74</CharacterOffsetBegin>
            <CharacterOffsetEnd>75</CharacterOffsetEnd>
            <POS>.</POS>
            <NER>O</NER>
            <Speaker>PER0</Speaker>
          </token>
        </tokens>
        <parse>(ROOT (S (NP (PRP$ My) (JJ first) (NN lecture)) (VP (VBD started) (NP (CD 13)) (NP-TMP (NNP March) (CD 2015))) (. .))) </parse>
        <dependencies type="basic-dependencies">
          <dep type="root">
            <governor idx="0">ROOT</governor>
            <dependent idx="4">started</dependent>
          </dep>
          <dep type="nmod:poss">
            <governor idx="3">lecture</governor>
            <dependent idx="1">My</dependent>
          </dep>
          <dep type="amod">
            <governor idx="3">lecture</governor>
            <dependent idx="2">first</dependent>
          </dep>
          <dep type="nsubj">
            <governor idx="4">started</governor>
            <dependent idx="3">lecture</dependent>
          </dep>
          <dep type="dobj">
            <governor idx="4">started</governor>
            <dependent idx="5">13</dependent>
          </dep>
          <dep type="nmod:tmod">
            <governor idx="4">started</governor>
            <dependent idx="6">March</dependent>
          </dep>
          <dep type="nummod">
            <governor idx="6">March</governor>
            <dependent idx="7">2015</dependent>
          </dep>
          <dep type="punct">
            <governor idx="4">started</governor>
            <dependent idx="8">.</dependent>
          </dep>
        </dependencies>
        <dependencies type="collapsed-dependencies">
          <dep type="root">
            <governor idx="0">ROOT</governor>
            <dependent idx="4">started</dependent>
          </dep>
          <dep type="nmod:poss">
            <governor idx="3">lecture</governor>
            <dependent idx="1">My</dependent>
          </dep>
          <dep type="amod">
            <governor idx="3">lecture</governor>
            <dependent idx="2">first</dependent>
          </dep>
          <dep type="nsubj">
            <governor idx="4">started</governor>
            <dependent idx="3">lecture</dependent>
          </dep>
          <dep type="dobj">
            <governor idx="4">started</governor>
            <dependent idx="5">13</dependent>
          </dep>
          <dep type="nmod:tmod">
            <governor idx="4">started</governor>
            <dependent idx="6">March</dependent>
          </dep>
          <dep type="nummod">
            <governor idx="6">March</governor>
            <dependent idx="7">2015</dependent>
          </dep>
          <dep type="punct">
            <governor idx="4">started</governor>
            <dependent idx="8">.</dependent>
          </dep>
        </dependencies>
        <dependencies type="collapsed-ccprocessed-dependencies">
          <dep type="root">
            <governor idx="0">ROOT</governor>
            <dependent idx="4">started</dependent>
          </dep>
          <dep type="nmod:poss">
            <governor idx="3">lecture</governor>
            <dependent idx="1">My</dependent>
          </dep>
          <dep type="amod">
            <governor idx="3">lecture</governor>
            <dependent idx="2">first</dependent>
          </dep>
          <dep type="nsubj">
            <governor idx="4">started</governor>
            <dependent idx="3">lecture</dependent>
          </dep>
          <dep type="dobj">
            <governor idx="4">started</governor>
            <dependent idx="5">13</dependent>
          </dep>
          <dep type="nmod:tmod">
            <governor idx="4">started</governor>
            <dependent idx="6">March</dependent>
          </dep>
          <dep type="nummod">
            <governor idx="6">March</governor>
            <dependent idx="7">2015</dependent>
          </dep>
          <dep type="punct">
            <governor idx="4">started</governor>
            <dependent idx="8">.</dependent>
          </dep>
        </dependencies>
      </sentence>
      <sentence id="4">
        <tokens>
          <token id="1">
            <word>We</word>
            <lemma>we</lemma>
            <CharacterOffsetBegin>76</CharacterOffsetBegin>
            <CharacterOffsetEnd>78</CharacterOffsetEnd>
            <POS>PRP</POS>
            <NER>O</NER>
            <Speaker>PER0</Speaker>
          </token>
          <token id="2">
            <word>were</word>
            <lemma>be</lemma>
            <CharacterOffsetBegin>79</CharacterOffsetBegin>
            <CharacterOffsetEnd>83</CharacterOffsetEnd>
            <POS>VBD</POS>
            <NER>O</NER>
            <Speaker>PER0</Speaker>
          </token>
          <token id="3">
            <word>placed</word>
            <lemma>place</lemma>
            <CharacterOffsetBegin>84</CharacterOffsetBegin>
            <CharacterOffsetEnd>90</CharacterOffsetEnd>
            <POS>VBN</POS>
            <NER>O</NER>
            <Speaker>PER0</Speaker>
          </token>
          <token id="4">
            <word>in</word>
            <lemma>in</lemma>
            <CharacterOffsetBegin>91</CharacterOffsetBegin>
            <CharacterOffsetEnd>93</CharacterOffsetEnd>
            <POS>IN</POS>
            <NER>O</NER>
            <Speaker>PER0</Speaker>
          </token>
          <token id="5">
            <word>the</word>
            <lemma>the</lemma>
            <CharacterOffsetBegin>94</CharacterOffsetBegin>
            <CharacterOffsetEnd>97</CharacterOffsetEnd>
            <POS>DT</POS>
            <NER>O</NER>
            <Speaker>PER0</Speaker>
          </token>
          <token id="6">
            <word>new</word>
            <lemma>new</lemma>
            <CharacterOffsetBegin>98</CharacterOffsetBegin>
            <CharacterOffsetEnd>101</CharacterOffsetEnd>
            <POS>JJ</POS>
            <NER>O</NER>
            <Speaker>PER0</Speaker>
          </token>
          <token id="7">
            <word>building</word>
            <lemma>building</lemma>
            <CharacterOffsetBegin>102</CharacterOffsetBegin>
            <CharacterOffsetEnd>110</CharacterOffsetEnd>
            <POS>NN</POS>
            <NER>O</NER>
            <Speaker>PER0</Speaker>
          </token>
          <token id="8">
            <word>8</word>
            <lemma>8</lemma>
            <CharacterOffsetBegin>111</CharacterOffsetBegin>
            <CharacterOffsetEnd>112</CharacterOffsetEnd>
            <POS>CD</POS>
            <NER>NUMBER</NER>
            <NormalizedNER>8.0</NormalizedNER>
            <Speaker>PER0</Speaker>
          </token>
          <token id="9">
            <word>lecture</word>
            <lemma>lecture</lemma>
            <CharacterOffsetBegin>113</CharacterOffsetBegin>
            <CharacterOffsetEnd>120</CharacterOffsetEnd>
            <POS>NN</POS>
            <NER>O</NER>
            <Speaker>PER0</Speaker>
          </token>
          <token id="10">
            <word>rooms</word>
            <lemma>room</lemma>
            <CharacterOffsetBegin>121</CharacterOffsetBegin>
            <CharacterOffsetEnd>126</CharacterOffsetEnd>
            <POS>NNS</POS>
            <NER>O</NER>
            <Speaker>PER0</Speaker>
          </token>
          <token id="11">
            <word>and</word>
            <lemma>and</lemma>
            <CharacterOffsetBegin>127</CharacterOffsetBegin>
            <CharacterOffsetEnd>130</CharacterOffsetEnd>
            <POS>CC</POS>
            <NER>O</NER>
            <Speaker>PER0</Speaker>
          </token>
          <token id="12">
            <word>Natalia</word>
            <lemma>Natalia</lemma>
            <CharacterOffsetBegin>131</CharacterOffsetBegin>
            <CharacterOffsetEnd>138</CharacterOffsetEnd>
            <POS>NNP</POS>
            <NER>PERSON</NER>
            <Speaker>PER0</Speaker>
          </token>
          <token id="13">
            <word>was</word>
            <lemma>be</lemma>
            <CharacterOffsetBegin>139</CharacterOffsetBegin>
            <CharacterOffsetEnd>142</CharacterOffsetEnd>
            <POS>VBD</POS>
            <NER>O</NER>
            <Speaker>PER0</Speaker>
          </token>
          <token id="14">
            <word>standing</word>
            <lemma>stand</lemma>
            <CharacterOffsetBegin>143</CharacterOffsetBegin>
            <CharacterOffsetEnd>151</CharacterOffsetEnd>
            <POS>VBG</POS>
            <NER>O</NER>
            <Speaker>PER0</Speaker>
          </token>
          <token id="15">
            <word>out</word>
            <lemma>out</lemma>
            <CharacterOffsetBegin>152</CharacterOffsetBegin>
            <CharacterOffsetEnd>155</CharacterOffsetEnd>
            <POS>RP</POS>
            <NER>O</NER>
            <Speaker>PER0</Speaker>
          </token>
          <token id="16">
            <word>front</word>
            <lemma>front</lemma>
            <CharacterOffsetBegin>156</CharacterOffsetBegin>
            <CharacterOffsetEnd>161</CharacterOffsetEnd>
            <POS>JJ</POS>
            <NER>O</NER>
            <Speaker>PER0</Speaker>
          </token>
          <token id="17">
            <word>ready</word>
            <lemma>ready</lemma>
            <CharacterOffsetBegin>162</CharacterOffsetBegin>
            <CharacterOffsetEnd>167</CharacterOffsetEnd>
            <POS>JJ</POS>
            <NER>O</NER>
            <Speaker>PER0</Speaker>
          </token>
          <token id="18">
            <word>to</word>
            <lemma>to</lemma>
            <CharacterOffsetBegin>168</CharacterOffsetBegin>
            <CharacterOffsetEnd>170</CharacterOffsetEnd>
            <POS>TO</POS>
            <NER>O</NER>
            <Speaker>PER0</Speaker>
          </token>
          <token id="19">
            <word>commence</word>
            <lemma>commence</lemma>
            <CharacterOffsetBegin>171</CharacterOffsetBegin>
            <CharacterOffsetEnd>179</CharacterOffsetEnd>
            <POS>VB</POS>
            <NER>O</NER>
            <Speaker>PER0</Speaker>
          </token>
          <token id="20">
            <word>her</word>
            <lemma>she</lemma>
            <CharacterOffsetBegin>180</CharacterOffsetBegin>
            <CharacterOffsetEnd>183</CharacterOffsetEnd>
            <POS>PRP$</POS>
            <NER>O</NER>
            <Speaker>PER0</Speaker>
          </token>
          <token id="21">
            <word>class</word>
            <lemma>class</lemma>
            <CharacterOffsetBegin>184</CharacterOffsetBegin>
            <CharacterOffsetEnd>189</CharacterOffsetEnd>
            <POS>NN</POS>
            <NER>O</NER>
            <Speaker>PER0</Speaker>
          </token>
          <token id="22">
            <word>.</word>
            <lemma>.</lemma>
            <CharacterOffsetBegin>189</CharacterOffsetBegin>
            <CharacterOffsetEnd>190</CharacterOffsetEnd>
            <POS>.</POS>
            <NER>O</NER>
            <Speaker>PER0</Speaker>
          </token>
        </tokens>
        <parse>(ROOT (S (S (NP (PRP We)) (VP (VBD were) (VP (VBN placed) (PP (IN in) (NP (DT the) (JJ new) (NN building) (CD 8) (NN lecture) (NNS rooms)))))) (CC and) (S (NP (NNP Natalia)) (VP (VBD was) (VP (VBG standing) (PRT (RP out)) (NP (NP (JJ front)) (ADJP (JJ ready) (S (VP (TO to) (VP (VB commence) (NP (PRP$ her) (NN class)))))))))) (. .))) </parse>
        <dependencies type="basic-dependencies">
          <dep type="root">
            <governor idx="0">ROOT</governor>
            <dependent idx="3">placed</dependent>
          </dep>
          <dep type="nsubjpass">
            <governor idx="3">placed</governor>
            <dependent idx="1">We</dependent>
          </dep>
          <dep type="auxpass">
            <governor idx="3">placed</governor>
            <dependent idx="2">were</dependent>
          </dep>
          <dep type="case">
            <governor idx="10">rooms</governor>
            <dependent idx="4">in</dependent>
          </dep>
          <dep type="det">
            <governor idx="10">rooms</governor>
            <dependent idx="5">the</dependent>
          </dep>
          <dep type="amod">
            <governor idx="10">rooms</governor>
            <dependent idx="6">new</dependent>
          </dep>
          <dep type="compound">
            <governor idx="10">rooms</governor>
            <dependent idx="7">building</dependent>
          </dep>
          <dep type="nummod">
            <governor idx="10">rooms</governor>
            <dependent idx="8">8</dependent>
          </dep>
          <dep type="compound">
            <governor idx="10">rooms</governor>
            <dependent idx="9">lecture</dependent>
          </dep>
          <dep type="nmod">
            <governor idx="3">placed</governor>
            <dependent idx="10">rooms</dependent>
          </dep>
          <dep type="cc">
            <governor idx="3">placed</governor>
            <dependent idx="11">and</dependent>
          </dep>
          <dep type="nsubj">
            <governor idx="14">standing</governor>
            <dependent idx="12">Natalia</dependent>
          </dep>
          <dep type="aux">
            <governor idx="14">standing</governor>
            <dependent idx="13">was</dependent>
          </dep>
          <dep type="conj">
            <governor idx="3">placed</governor>
            <dependent idx="14">standing</dependent>
          </dep>
          <dep type="compound:prt">
            <governor idx="14">standing</governor>
            <dependent idx="15">out</dependent>
          </dep>
          <dep type="dobj">
            <governor idx="14">standing</governor>
            <dependent idx="16">front</dependent>
          </dep>
          <dep type="amod">
            <governor idx="16">front</governor>
            <dependent idx="17">ready</dependent>
          </dep>
          <dep type="mark">
            <governor idx="19">commence</governor>
            <dependent idx="18">to</dependent>
          </dep>
          <dep type="xcomp">
            <governor idx="17">ready</governor>
            <dependent idx="19">commence</dependent>
          </dep>
          <dep type="nmod:poss">
            <governor idx="21">class</governor>
            <dependent idx="20">her</dependent>
          </dep>
          <dep type="dobj">
            <governor idx="19">commence</governor>
            <dependent idx="21">class</dependent>
          </dep>
          <dep type="punct">
            <governor idx="3">placed</governor>
            <dependent idx="22">.</dependent>
          </dep>
        </dependencies>
        <dependencies type="collapsed-dependencies">
          <dep type="root">
            <governor idx="0">ROOT</governor>
            <dependent idx="3">placed</dependent>
          </dep>
          <dep type="nsubjpass">
            <governor idx="3">placed</governor>
            <dependent idx="1">We</dependent>
          </dep>
          <dep type="auxpass">
            <governor idx="3">placed</governor>
            <dependent idx="2">were</dependent>
          </dep>
          <dep type="case">
            <governor idx="10">rooms</governor>
            <dependent idx="4">in</dependent>
          </dep>
          <dep type="det">
            <governor idx="10">rooms</governor>
            <dependent idx="5">the</dependent>
          </dep>
          <dep type="amod">
            <governor idx="10">rooms</governor>
            <dependent idx="6">new</dependent>
          </dep>
          <dep type="compound">
            <governor idx="10">rooms</governor>
            <dependent idx="7">building</dependent>
          </dep>
          <dep type="nummod">
            <governor idx="10">rooms</governor>
            <dependent idx="8">8</dependent>
          </dep>
          <dep type="compound">
            <governor idx="10">rooms</governor>
            <dependent idx="9">lecture</dependent>
          </dep>
          <dep type="nmod:in">
            <governor idx="3">placed</governor>
            <dependent idx="10">rooms</dependent>
          </dep>
          <dep type="cc">
            <governor idx="3">placed</governor>
            <dependent idx="11">and</dependent>
          </dep>
          <dep type="nsubj">
            <governor idx="14">standing</governor>
            <dependent idx="12">Natalia</dependent>
          </dep>
          <dep type="aux">
            <governor idx="14">standing</governor>
            <dependent idx="13">was</dependent>
          </dep>
          <dep type="conj:and">
            <governor idx="3">placed</governor>
            <dependent idx="14">standing</dependent>
          </dep>
          <dep type="compound:prt">
            <governor idx="14">standing</governor>
            <dependent idx="15">out</dependent>
          </dep>
          <dep type="dobj">
            <governor idx="14">standing</governor>
            <dependent idx="16">front</dependent>
          </dep>
          <dep type="amod">
            <governor idx="16">front</governor>
            <dependent idx="17">ready</dependent>
          </dep>
          <dep type="mark">
            <governor idx="19">commence</governor>
            <dependent idx="18">to</dependent>
          </dep>
          <dep type="xcomp">
            <governor idx="17">ready</governor>
            <dependent idx="19">commence</dependent>
          </dep>
          <dep type="nmod:poss">
            <governor idx="21">class</governor>
            <dependent idx="20">her</dependent>
          </dep>
          <dep type="dobj">
            <governor idx="19">commence</governor>
            <dependent idx="21">class</dependent>
          </dep>
          <dep type="punct">
            <governor idx="3">placed</governor>
            <dependent idx="22">.</dependent>
          </dep>
        </dependencies>
        <dependencies type="collapsed-ccprocessed-dependencies">
          <dep type="root">
            <governor idx="0">ROOT</governor>
            <dependent idx="3">placed</dependent>
          </dep>
          <dep type="nsubjpass">
            <governor idx="3">placed</governor>
            <dependent idx="1">We</dependent>
          </dep>
          <dep type="auxpass">
            <governor idx="3">placed</governor>
            <dependent idx="2">were</dependent>
          </dep>
          <dep type="case">
            <governor idx="10">rooms</governor>
            <dependent idx="4">in</dependent>
          </dep>
          <dep type="det">
            <governor idx="10">rooms</governor>
            <dependent idx="5">the</dependent>
          </dep>
          <dep type="amod">
            <governor idx="10">rooms</governor>
            <dependent idx="6">new</dependent>
          </dep>
          <dep type="compound">
            <governor idx="10">rooms</governor>
            <dependent idx="7">building</dependent>
          </dep>
          <dep type="nummod">
            <governor idx="10">rooms</governor>
            <dependent idx="8">8</dependent>
          </dep>
          <dep type="compound">
            <governor idx="10">rooms</governor>
            <dependent idx="9">lecture</dependent>
          </dep>
          <dep type="nmod:in">
            <governor idx="3">placed</governor>
            <dependent idx="10">rooms</dependent>
          </dep>
          <dep type="cc">
            <governor idx="3">placed</governor>
            <dependent idx="11">and</dependent>
          </dep>
          <dep type="nsubj">
            <governor idx="14">standing</governor>
            <dependent idx="12">Natalia</dependent>
          </dep>
          <dep type="aux">
            <governor idx="14">standing</governor>
            <dependent idx="13">was</dependent>
          </dep>
          <dep type="conj:and">
            <governor idx="3">placed</governor>
            <dependent idx="14">standing</dependent>
          </dep>
          <dep type="compound:prt">
            <governor idx="14">standing</governor>
            <dependent idx="15">out</dependent>
          </dep>
          <dep type="dobj">
            <governor idx="14">standing</governor>
            <dependent idx="16">front</dependent>
          </dep>
          <dep type="amod">
            <governor idx="16">front</governor>
            <dependent idx="17">ready</dependent>
          </dep>
          <dep type="mark">
            <governor idx="19">commence</governor>
            <dependent idx="18">to</dependent>
          </dep>
          <dep type="xcomp">
            <governor idx="17">ready</governor>
            <dependent idx="19">commence</dependent>
          </dep>
          <dep type="nmod:poss">
            <governor idx="21">class</governor>
            <dependent idx="20">her</dependent>
          </dep>
          <dep type="dobj">
            <governor idx="19">commence</governor>
            <dependent idx="21">class</dependent>
          </dep>
          <dep type="punct">
            <governor idx="3">placed</governor>
            <dependent idx="22">.</dependent>
          </dep>
        </dependencies>
      </sentence>
      <sentence id="5">
        <tokens>
          <token id="1">
            <word>I</word>
            <lemma>I</lemma>
            <CharacterOffsetBegin>191</CharacterOffsetBegin>
            <CharacterOffsetEnd>192</CharacterOffsetEnd>
            <POS>PRP</POS>
            <NER>O</NER>
            <Speaker>PER0</Speaker>
          </token>
          <token id="2">
            <word>walked</word>
            <lemma>walk</lemma>
            <CharacterOffsetBegin>193</CharacterOffsetBegin>
            <CharacterOffsetEnd>199</CharacterOffsetEnd>
            <POS>VBD</POS>
            <NER>O</NER>
            <Speaker>PER0</Speaker>
          </token>
          <token id="3">
            <word>into</word>
            <lemma>into</lemma>
            <CharacterOffsetBegin>200</CharacterOffsetBegin>
            <CharacterOffsetEnd>204</CharacterOffsetEnd>
            <POS>IN</POS>
            <NER>O</NER>
            <Speaker>PER0</Speaker>
          </token>
          <token id="4">
            <word>this</word>
            <lemma>this</lemma>
            <CharacterOffsetBegin>205</CharacterOffsetBegin>
            <CharacterOffsetEnd>209</CharacterOffsetEnd>
            <POS>DT</POS>
            <NER>O</NER>
            <Speaker>PER0</Speaker>
          </token>
          <token id="5">
            <word>subject</word>
            <lemma>subject</lemma>
            <CharacterOffsetBegin>210</CharacterOffsetBegin>
            <CharacterOffsetEnd>217</CharacterOffsetEnd>
            <POS>JJ</POS>
            <NER>O</NER>
            <Speaker>PER0</Speaker>
          </token>
          <token id="6">
            <word>ill-prepared</word>
            <lemma>ill-prepared</lemma>
            <CharacterOffsetBegin>218</CharacterOffsetBegin>
            <CharacterOffsetEnd>230</CharacterOffsetEnd>
            <POS>JJ</POS>
            <NER>O</NER>
            <Speaker>PER0</Speaker>
          </token>
          <token id="7">
            <word>.</word>
            <lemma>.</lemma>
            <CharacterOffsetBegin>230</CharacterOffsetBegin>
            <CharacterOffsetEnd>231</CharacterOffsetEnd>
            <POS>.</POS>
            <NER>O</NER>
            <Speaker>PER0</Speaker>
          </token>
        </tokens>
        <parse>(ROOT (S (NP (PRP I)) (VP (VBD walked) (PP (IN into) (NP (DT this) (ADJP (JJ subject) (JJ ill-prepared))))) (. .))) </parse>
        <dependencies type="basic-dependencies">
          <dep type="root">
            <governor idx="0">ROOT</governor>
            <dependent idx="2">walked</dependent>
          </dep>
          <dep type="nsubj">
            <governor idx="2">walked</governor>
            <dependent idx="1">I</dependent>
          </dep>
          <dep type="case">
            <governor idx="6">ill-prepared</governor>
            <dependent idx="3">into</dependent>
          </dep>
          <dep type="det">
            <governor idx="6">ill-prepared</governor>
            <dependent idx="4">this</dependent>
          </dep>
          <dep type="amod">
            <governor idx="6">ill-prepared</governor>
            <dependent idx="5">subject</dependent>
          </dep>
          <dep type="nmod">
            <governor idx="2">walked</governor>
            <dependent idx="6">ill-prepared</dependent>
          </dep>
          <dep type="punct">
            <governor idx="2">walked</governor>
            <dependent idx="7">.</dependent>
          </dep>
        </dependencies>
        <dependencies type="collapsed-dependencies">
          <dep type="root">
            <governor idx="0">ROOT</governor>
            <dependent idx="2">walked</dependent>
          </dep>
          <dep type="nsubj">
            <governor idx="2">walked</governor>
            <dependent idx="1">I</dependent>
          </dep>
          <dep type="case">
            <governor idx="6">ill-prepared</governor>
            <dependent idx="3">into</dependent>
          </dep>
          <dep type="det">
            <governor idx="6">ill-prepared</governor>
            <dependent idx="4">this</dependent>
          </dep>
          <dep type="amod">
            <governor idx="6">ill-prepared</governor>
            <dependent idx="5">subject</dependent>
          </dep>
          <dep type="nmod:into">
            <governor idx="2">walked</governor>
            <dependent idx="6">ill-prepared</dependent>
          </dep>
          <dep type="punct">
            <governor idx="2">walked</governor>
            <dependent idx="7">.</dependent>
          </dep>
        </dependencies>
        <dependencies type="collapsed-ccprocessed-dependencies">
          <dep type="root">
            <governor idx="0">ROOT</governor>
            <dependent idx="2">walked</dependent>
          </dep>
          <dep type="nsubj">
            <governor idx="2">walked</governor>
            <dependent idx="1">I</dependent>
          </dep>
          <dep type="case">
            <governor idx="6">ill-prepared</governor>
            <dependent idx="3">into</dependent>
          </dep>
          <dep type="det">
            <governor idx="6">ill-prepared</governor>
            <dependent idx="4">this</dependent>
          </dep>
          <dep type="amod">
            <governor idx="6">ill-prepared</governor>
            <dependent idx="5">subject</dependent>
          </dep>
          <dep type="nmod:into">
            <governor idx="2">walked</governor>
            <dependent idx="6">ill-prepared</dependent>
          </dep>
          <dep type="punct">
            <governor idx="2">walked</governor>
            <dependent idx="7">.</dependent>
          </dep>
        </dependencies>
      </sentence>
      <sentence id="6">
        <tokens>
          <token id="1">
            <word>I</word>
            <lemma>I</lemma>
            <CharacterOffsetBegin>232</CharacterOffsetBegin>
            <CharacterOffsetEnd>233</CharacterOffsetEnd>
            <POS>PRP</POS>
            <NER>O</NER>
            <Speaker>PER0</Speaker>
          </token>
          <token id="2">
            <word>did</word>
            <lemma>do</lemma>
            <CharacterOffsetBegin>234</CharacterOffsetBegin>
            <CharacterOffsetEnd>237</CharacterOffsetEnd>
            <POS>VBD</POS>
            <NER>O</NER>
            <Speaker>PER0</Speaker>
          </token>
          <token id="3">
            <word>n't</word>
            <lemma>not</lemma>
            <CharacterOffsetBegin>237</CharacterOffsetBegin>
            <CharacterOffsetEnd>240</CharacterOffsetEnd>
            <POS>RB</POS>
            <NER>O</NER>
            <Speaker>PER0</Speaker>
          </token>
          <token id="4">
            <word>take</word>
            <lemma>take</lemma>
            <CharacterOffsetBegin>241</CharacterOffsetBegin>
            <CharacterOffsetEnd>245</CharacterOffsetEnd>
            <POS>VB</POS>
            <NER>O</NER>
            <Speaker>PER0</Speaker>
          </token>
          <token id="5">
            <word>any</word>
            <lemma>any</lemma>
            <CharacterOffsetBegin>246</CharacterOffsetBegin>
            <CharacterOffsetEnd>249</CharacterOffsetEnd>
            <POS>DT</POS>
            <NER>O</NER>
            <Speaker>PER0</Speaker>
          </token>
          <token id="6">
            <word>time</word>
            <lemma>time</lemma>
            <CharacterOffsetBegin>250</CharacterOffsetBegin>
            <CharacterOffsetEnd>254</CharacterOffsetEnd>
            <POS>NN</POS>
            <NER>O</NER>
            <Speaker>PER0</Speaker>
          </token>
          <token id="7">
            <word>to</word>
            <lemma>to</lemma>
            <CharacterOffsetBegin>255</CharacterOffsetBegin>
            <CharacterOffsetEnd>257</CharacterOffsetEnd>
            <POS>TO</POS>
            <NER>O</NER>
            <Speaker>PER0</Speaker>
          </token>
          <token id="8">
            <word>review</word>
            <lemma>review</lemma>
            <CharacterOffsetBegin>258</CharacterOffsetBegin>
            <CharacterOffsetEnd>264</CharacterOffsetEnd>
            <POS>VB</POS>
            <NER>O</NER>
            <Speaker>PER0</Speaker>
          </token>
          <token id="9">
            <word>the</word>
            <lemma>the</lemma>
            <CharacterOffsetBegin>265</CharacterOffsetBegin>
            <CharacterOffsetEnd>268</CharacterOffsetEnd>
            <POS>DT</POS>
            <NER>O</NER>
            <Speaker>PER0</Speaker>
          </token>
          <token id="10">
            <word>subject</word>
            <lemma>subject</lemma>
            <CharacterOffsetBegin>269</CharacterOffsetBegin>
            <CharacterOffsetEnd>276</CharacterOffsetEnd>
            <POS>JJ</POS>
            <NER>O</NER>
            <Speaker>PER0</Speaker>
          </token>
          <token id="11">
            <word>outline</word>
            <lemma>outline</lemma>
            <CharacterOffsetBegin>277</CharacterOffsetBegin>
            <CharacterOffsetEnd>284</CharacterOffsetEnd>
            <POS>NN</POS>
            <NER>O</NER>
            <Speaker>PER0</Speaker>
          </token>
          <token id="12">
            <word>nor</word>
            <lemma>nor</lemma>
            <CharacterOffsetBegin>285</CharacterOffsetBegin>
            <CharacterOffsetEnd>288</CharacterOffsetEnd>
            <POS>CC</POS>
            <NER>O</NER>
            <Speaker>PER0</Speaker>
          </token>
          <token id="13">
            <word>did</word>
            <lemma>do</lemma>
            <CharacterOffsetBegin>289</CharacterOffsetBegin>
            <CharacterOffsetEnd>292</CharacterOffsetEnd>
            <POS>VBD</POS>
            <NER>O</NER>
            <Speaker>PER0</Speaker>
          </token>
          <token id="14">
            <word>I</word>
            <lemma>I</lemma>
            <CharacterOffsetBegin>293</CharacterOffsetBegin>
            <CharacterOffsetEnd>294</CharacterOffsetEnd>
            <POS>PRP</POS>
            <NER>O</NER>
            <Speaker>PER0</Speaker>
          </token>
          <token id="15">
            <word>log</word>
            <lemma>log</lemma>
            <CharacterOffsetBegin>295</CharacterOffsetBegin>
            <CharacterOffsetEnd>298</CharacterOffsetEnd>
            <POS>VBP</POS>
            <NER>O</NER>
            <Speaker>PER0</Speaker>
          </token>
          <token id="16">
            <word>onto</word>
            <lemma>onto</lemma>
            <CharacterOffsetBegin>299</CharacterOffsetBegin>
            <CharacterOffsetEnd>303</CharacterOffsetEnd>
            <POS>IN</POS>
            <NER>O</NER>
            <Speaker>PER0</Speaker>
          </token>
          <token id="17">
            <word>UTS</word>
            <lemma>UTS</lemma>
            <CharacterOffsetBegin>304</CharacterOffsetBegin>
            <CharacterOffsetEnd>307</CharacterOffsetEnd>
            <POS>NNP</POS>
            <NER>O</NER>
            <Speaker>PER0</Speaker>
          </token>
          <token id="18">
            <word>Online</word>
            <lemma>Online</lemma>
            <CharacterOffsetBegin>308</CharacterOffsetBegin>
            <CharacterOffsetEnd>314</CharacterOffsetEnd>
            <POS>NNP</POS>
            <NER>O</NER>
            <Speaker>PER0</Speaker>
          </token>
          <token id="19">
            <word>to</word>
            <lemma>to</lemma>
            <CharacterOffsetBegin>315</CharacterOffsetBegin>
            <CharacterOffsetEnd>317</CharacterOffsetEnd>
            <POS>TO</POS>
            <NER>O</NER>
            <Speaker>PER0</Speaker>
          </token>
          <token id="20">
            <word>review</word>
            <lemma>review</lemma>
            <CharacterOffsetBegin>318</CharacterOffsetBegin>
            <CharacterOffsetEnd>324</CharacterOffsetEnd>
            <POS>VB</POS>
            <NER>O</NER>
            <Speaker>PER0</Speaker>
          </token>
          <token id="21">
            <word>any</word>
            <lemma>any</lemma>
            <CharacterOffsetBegin>325</CharacterOffsetBegin>
            <CharacterOffsetEnd>328</CharacterOffsetEnd>
            <POS>DT</POS>
            <NER>O</NER>
            <Speaker>PER0</Speaker>
          </token>
          <token id="22">
            <word>supporting</word>
            <lemma>support</lemma>
            <CharacterOffsetBegin>329</CharacterOffsetBegin>
            <CharacterOffsetEnd>339</CharacterOffsetEnd>
            <POS>VBG</POS>
            <NER>O</NER>
            <Speaker>PER0</Speaker>
          </token>
          <token id="23">
            <word>information</word>
            <lemma>information</lemma>
            <CharacterOffsetBegin>340</CharacterOffsetBegin>
            <CharacterOffsetEnd>351</CharacterOffsetEnd>
            <POS>NN</POS>
            <NER>O</NER>
            <Speaker>PER0</Speaker>
          </token>
          <token id="24">
            <word>to</word>
            <lemma>to</lemma>
            <CharacterOffsetBegin>352</CharacterOffsetBegin>
            <CharacterOffsetEnd>354</CharacterOffsetEnd>
            <POS>TO</POS>
            <NER>O</NER>
            <Speaker>PER0</Speaker>
          </token>
          <token id="25">
            <word>provide</word>
            <lemma>provide</lemma>
            <CharacterOffsetBegin>355</CharacterOffsetBegin>
            <CharacterOffsetEnd>362</CharacterOffsetEnd>
            <POS>VB</POS>
            <NER>O</NER>
            <Speaker>PER0</Speaker>
          </token>
          <token id="26">
            <word>context</word>
            <lemma>context</lemma>
            <CharacterOffsetBegin>363</CharacterOffsetBegin>
            <CharacterOffsetEnd>370</CharacterOffsetEnd>
            <POS>NN</POS>
            <NER>O</NER>
            <Speaker>PER0</Speaker>
          </token>
          <token id="27">
            <word>,</word>
            <lemma>,</lemma>
            <CharacterOffsetBegin>370</CharacterOffsetBegin>
            <CharacterOffsetEnd>371</CharacterOffsetEnd>
            <POS>,</POS>
            <NER>O</NER>
            <Speaker>PER0</Speaker>
          </token>
          <token id="28">
            <word>I</word>
            <lemma>I</lemma>
            <CharacterOffsetBegin>372</CharacterOffsetBegin>
            <CharacterOffsetEnd>373</CharacterOffsetEnd>
            <POS>PRP</POS>
            <NER>O</NER>
            <Speaker>PER0</Speaker>
          </token>
          <token id="29">
            <word>walked</word>
            <lemma>walk</lemma>
            <CharacterOffsetBegin>374</CharacterOffsetBegin>
            <CharacterOffsetEnd>380</CharacterOffsetEnd>
            <POS>VBD</POS>
            <NER>O</NER>
            <Speaker>PER0</Speaker>
          </token>
          <token id="30">
            <word>into</word>
            <lemma>into</lemma>
            <CharacterOffsetBegin>381</CharacterOffsetBegin>
            <CharacterOffsetEnd>385</CharacterOffsetEnd>
            <POS>IN</POS>
            <NER>O</NER>
            <Speaker>PER0</Speaker>
          </token>
          <token id="31">
            <word>class</word>
            <lemma>class</lemma>
            <CharacterOffsetBegin>386</CharacterOffsetBegin>
            <CharacterOffsetEnd>391</CharacterOffsetEnd>
            <POS>NN</POS>
            <NER>O</NER>
            <Speaker>PER0</Speaker>
          </token>
          <token id="32">
            <word>like</word>
            <lemma>like</lemma>
            <CharacterOffsetBegin>392</CharacterOffsetBegin>
            <CharacterOffsetEnd>396</CharacterOffsetEnd>
            <POS>IN</POS>
            <NER>O</NER>
            <Speaker>PER0</Speaker>
          </token>
          <token id="33">
            <word>a</word>
            <lemma>a</lemma>
            <CharacterOffsetBegin>397</CharacterOffsetBegin>
            <CharacterOffsetEnd>398</CharacterOffsetEnd>
            <POS>DT</POS>
            <NER>O</NER>
            <Speaker>PER0</Speaker>
          </token>
          <token id="34">
            <word>blank</word>
            <lemma>blank</lemma>
            <CharacterOffsetBegin>399</CharacterOffsetBegin>
            <CharacterOffsetEnd>404</CharacterOffsetEnd>
            <POS>JJ</POS>
            <NER>O</NER>
            <Speaker>PER0</Speaker>
          </token>
          <token id="35">
            <word>canvas</word>
            <lemma>canvas</lemma>
            <CharacterOffsetBegin>405</CharacterOffsetBegin>
            <CharacterOffsetEnd>411</CharacterOffsetEnd>
            <POS>NN</POS>
            <NER>O</NER>
            <Speaker>PER0</Speaker>
          </token>
          <token id="36">
            <word>.</word>
            <lemma>.</lemma>
            <CharacterOffsetBegin>411</CharacterOffsetBegin>
            <CharacterOffsetEnd>412</CharacterOffsetEnd>
            <POS>.</POS>
            <NER>O</NER>
            <Speaker>PER0</Speaker>
          </token>
        </tokens>
        <parse>(ROOT (S (S (NP (PRP I)) (VP (VP (VBD did) (RB n't) (VP (VB take) (NP (DT any) (NN time) (S (VP (TO to) (VP (VB review) (NP (DT the) (JJ subject) (NN outline)))))))) (CC nor) (VP (VBD did) (SBAR (S (NP (PRP I)) (VP (VBP log) (PP (IN onto) (NP (NNP UTS) (NNP Online))) (S (VP (TO to) (VP (VB review) (NP (DT any) (VBG supporting) (NN information) (S (VP (TO to) (VP (VB provide) (NP (NN context))))))))))))))) (, ,) (NP (PRP I)) (VP (VBD walked) (PP (IN into) (NP (NN class))) (PP (IN like) (NP (DT a) (JJ blank) (NN canvas)))) (. .))) </parse>
        <dependencies type="basic-dependencies">
          <dep type="root">
            <governor idx="0">ROOT</governor>
            <dependent idx="29">walked</dependent>
          </dep>
          <dep type="nsubj">
            <governor idx="4">take</governor>
            <dependent idx="1">I</dependent>
          </dep>
          <dep type="aux">
            <governor idx="4">take</governor>
            <dependent idx="2">did</dependent>
          </dep>
          <dep type="neg">
            <governor idx="4">take</governor>
            <dependent idx="3">n't</dependent>
          </dep>
          <dep type="ccomp">
            <governor idx="29">walked</governor>
            <dependent idx="4">take</dependent>
          </dep>
          <dep type="det">
            <governor idx="6">time</governor>
            <dependent idx="5">any</dependent>
          </dep>
          <dep type="dobj">
            <governor idx="4">take</governor>
            <dependent idx="6">time</dependent>
          </dep>
          <dep type="mark">
            <governor idx="8">review</governor>
            <dependent idx="7">to</dependent>
          </dep>
          <dep type="acl">
            <governor idx="6">time</governor>
            <dependent idx="8">review</dependent>
          </dep>
          <dep type="det">
            <governor idx="11">outline</governor>
            <dependent idx="9">the</dependent>
          </dep>
          <dep type="amod">
            <governor idx="11">outline</governor>
            <dependent idx="10">subject</dependent>
          </dep>
          <dep type="dobj">
            <governor idx="8">review</governor>
            <dependent idx="11">outline</dependent>
          </dep>
          <dep type="cc">
            <governor idx="4">take</governor>
            <dependent idx="12">nor</dependent>
          </dep>
          <dep type="conj">
            <governor idx="4">take</governor>
            <dependent idx="13">did</dependent>
          </dep>
          <dep type="nsubj">
            <governor idx="15">log</governor>
            <dependent idx="14">I</dependent>
          </dep>
          <dep type="ccomp">
            <governor idx="13">did</governor>
            <dependent idx="15">log</dependent>
          </dep>
          <dep type="case">
            <governor idx="18">Online</governor>
            <dependent idx="16">onto</dependent>
          </dep>
          <dep type="compound">
            <governor idx="18">Online</governor>
            <dependent idx="17">UTS</dependent>
          </dep>
          <dep type="nmod">
            <governor idx="15">log</governor>
            <dependent idx="18">Online</dependent>
          </dep>
          <dep type="mark">
            <governor idx="20">review</governor>
            <dependent idx="19">to</dependent>
          </dep>
          <dep type="xcomp">
            <governor idx="15">log</governor>
            <dependent idx="20">review</dependent>
          </dep>
          <dep type="det">
            <governor idx="23">information</governor>
            <dependent idx="21">any</dependent>
          </dep>
          <dep type="amod">
            <governor idx="23">information</governor>
            <dependent idx="22">supporting</dependent>
          </dep>
          <dep type="dobj">
            <governor idx="20">review</governor>
            <dependent idx="23">information</dependent>
          </dep>
          <dep type="mark">
            <governor idx="25">provide</governor>
            <dependent idx="24">to</dependent>
          </dep>
          <dep type="acl">
            <governor idx="23">information</governor>
            <dependent idx="25">provide</dependent>
          </dep>
          <dep type="dobj">
            <governor idx="25">provide</governor>
            <dependent idx="26">context</dependent>
          </dep>
          <dep type="punct">
            <governor idx="29">walked</governor>
            <dependent idx="27">,</dependent>
          </dep>
          <dep type="nsubj">
            <governor idx="29">walked</governor>
            <dependent idx="28">I</dependent>
          </dep>
          <dep type="case">
            <governor idx="31">class</governor>
            <dependent idx="30">into</dependent>
          </dep>
          <dep type="nmod">
            <governor idx="29">walked</governor>
            <dependent idx="31">class</dependent>
          </dep>
          <dep type="case">
            <governor idx="35">canvas</governor>
            <dependent idx="32">like</dependent>
          </dep>
          <dep type="det">
            <governor idx="35">canvas</governor>
            <dependent idx="33">a</dependent>
          </dep>
          <dep type="amod">
            <governor idx="35">canvas</governor>
            <dependent idx="34">blank</dependent>
          </dep>
          <dep type="nmod">
            <governor idx="29">walked</governor>
            <dependent idx="35">canvas</dependent>
          </dep>
          <dep type="punct">
            <governor idx="29">walked</governor>
            <dependent idx="36">.</dependent>
          </dep>
        </dependencies>
        <dependencies type="collapsed-dependencies">
          <dep type="root">
            <governor idx="0">ROOT</governor>
            <dependent idx="29">walked</dependent>
          </dep>
          <dep type="nsubj">
            <governor idx="4">take</governor>
            <dependent idx="1">I</dependent>
          </dep>
          <dep type="aux">
            <governor idx="4">take</governor>
            <dependent idx="2">did</dependent>
          </dep>
          <dep type="neg">
            <governor idx="4">take</governor>
            <dependent idx="3">n't</dependent>
          </dep>
          <dep type="ccomp">
            <governor idx="29">walked</governor>
            <dependent idx="4">take</dependent>
          </dep>
          <dep type="det">
            <governor idx="6">time</governor>
            <dependent idx="5">any</dependent>
          </dep>
          <dep type="dobj">
            <governor idx="4">take</governor>
            <dependent idx="6">time</dependent>
          </dep>
          <dep type="mark">
            <governor idx="8">review</governor>
            <dependent idx="7">to</dependent>
          </dep>
          <dep type="acl">
            <governor idx="6">time</governor>
            <dependent idx="8">review</dependent>
          </dep>
          <dep type="det">
            <governor idx="11">outline</governor>
            <dependent idx="9">the</dependent>
          </dep>
          <dep type="amod">
            <governor idx="11">outline</governor>
            <dependent idx="10">subject</dependent>
          </dep>
          <dep type="dobj">
            <governor idx="8">review</governor>
            <dependent idx="11">outline</dependent>
          </dep>
          <dep type="cc">
            <governor idx="4">take</governor>
            <dependent idx="12">nor</dependent>
          </dep>
          <dep type="conj:nor">
            <governor idx="4">take</governor>
            <dependent idx="13">did</dependent>
          </dep>
          <dep type="nsubj">
            <governor idx="15">log</governor>
            <dependent idx="14">I</dependent>
          </dep>
          <dep type="ccomp">
            <governor idx="13">did</governor>
            <dependent idx="15">log</dependent>
          </dep>
          <dep type="case">
            <governor idx="18">Online</governor>
            <dependent idx="16">onto</dependent>
          </dep>
          <dep type="compound">
            <governor idx="18">Online</governor>
            <dependent idx="17">UTS</dependent>
          </dep>
          <dep type="nmod:onto">
            <governor idx="15">log</governor>
            <dependent idx="18">Online</dependent>
          </dep>
          <dep type="mark">
            <governor idx="20">review</governor>
            <dependent idx="19">to</dependent>
          </dep>
          <dep type="xcomp">
            <governor idx="15">log</governor>
            <dependent idx="20">review</dependent>
          </dep>
          <dep type="det">
            <governor idx="23">information</governor>
            <dependent idx="21">any</dependent>
          </dep>
          <dep type="amod">
            <governor idx="23">information</governor>
            <dependent idx="22">supporting</dependent>
          </dep>
          <dep type="dobj">
            <governor idx="20">review</governor>
            <dependent idx="23">information</dependent>
          </dep>
          <dep type="mark">
            <governor idx="25">provide</governor>
            <dependent idx="24">to</dependent>
          </dep>
          <dep type="acl">
            <governor idx="23">information</governor>
            <dependent idx="25">provide</dependent>
          </dep>
          <dep type="dobj">
            <governor idx="25">provide</governor>
            <dependent idx="26">context</dependent>
          </dep>
          <dep type="punct">
            <governor idx="29">walked</governor>
            <dependent idx="27">,</dependent>
          </dep>
          <dep type="nsubj">
            <governor idx="29">walked</governor>
            <dependent idx="28">I</dependent>
          </dep>
          <dep type="case">
            <governor idx="31">class</governor>
            <dependent idx="30">into</dependent>
          </dep>
          <dep type="nmod:into">
            <governor idx="29">walked</governor>
            <dependent idx="31">class</dependent>
          </dep>
          <dep type="case">
            <governor idx="35">canvas</governor>
            <dependent idx="32">like</dependent>
          </dep>
          <dep type="det">
            <governor idx="35">canvas</governor>
            <dependent idx="33">a</dependent>
          </dep>
          <dep type="amod">
            <governor idx="35">canvas</governor>
            <dependent idx="34">blank</dependent>
          </dep>
          <dep type="nmod:like">
            <governor idx="29">walked</governor>
            <dependent idx="35">canvas</dependent>
          </dep>
          <dep type="punct">
            <governor idx="29">walked</governor>
            <dependent idx="36">.</dependent>
          </dep>
        </dependencies>
        <dependencies type="collapsed-ccprocessed-dependencies">
          <dep type="root">
            <governor idx="0">ROOT</governor>
            <dependent idx="29">walked</dependent>
          </dep>
          <dep type="nsubj">
            <governor idx="4">take</governor>
            <dependent idx="1">I</dependent>
          </dep>
          <dep type="nsubj" extra="true">
            <governor idx="13">did</governor>
            <dependent idx="1">I</dependent>
          </dep>
          <dep type="aux">
            <governor idx="4">take</governor>
            <dependent idx="2">did</dependent>
          </dep>
          <dep type="neg">
            <governor idx="4">take</governor>
            <dependent idx="3">n't</dependent>
          </dep>
          <dep type="ccomp">
            <governor idx="29">walked</governor>
            <dependent idx="4">take</dependent>
          </dep>
          <dep type="det">
            <governor idx="6">time</governor>
            <dependent idx="5">any</dependent>
          </dep>
          <dep type="dobj">
            <governor idx="4">take</governor>
            <dependent idx="6">time</dependent>
          </dep>
          <dep type="mark">
            <governor idx="8">review</governor>
            <dependent idx="7">to</dependent>
          </dep>
          <dep type="acl">
            <governor idx="6">time</governor>
            <dependent idx="8">review</dependent>
          </dep>
          <dep type="det">
            <governor idx="11">outline</governor>
            <dependent idx="9">the</dependent>
          </dep>
          <dep type="amod">
            <governor idx="11">outline</governor>
            <dependent idx="10">subject</dependent>
          </dep>
          <dep type="dobj">
            <governor idx="8">review</governor>
            <dependent idx="11">outline</dependent>
          </dep>
          <dep type="cc">
            <governor idx="4">take</governor>
            <dependent idx="12">nor</dependent>
          </dep>
          <dep type="conj:nor">
            <governor idx="4">take</governor>
            <dependent idx="13">did</dependent>
          </dep>
          <dep type="ccomp" extra="true">
            <governor idx="29">walked</governor>
            <dependent idx="13">did</dependent>
          </dep>
          <dep type="nsubj">
            <governor idx="15">log</governor>
            <dependent idx="14">I</dependent>
          </dep>
          <dep type="ccomp">
            <governor idx="13">did</governor>
            <dependent idx="15">log</dependent>
          </dep>
          <dep type="case">
            <governor idx="18">Online</governor>
            <dependent idx="16">onto</dependent>
          </dep>
          <dep type="compound">
            <governor idx="18">Online</governor>
            <dependent idx="17">UTS</dependent>
          </dep>
          <dep type="nmod:onto">
            <governor idx="15">log</governor>
            <dependent idx="18">Online</dependent>
          </dep>
          <dep type="mark">
            <governor idx="20">review</governor>
            <dependent idx="19">to</dependent>
          </dep>
          <dep type="xcomp">
            <governor idx="15">log</governor>
            <dependent idx="20">review</dependent>
          </dep>
          <dep type="det">
            <governor idx="23">information</governor>
            <dependent idx="21">any</dependent>
          </dep>
          <dep type="amod">
            <governor idx="23">information</governor>
            <dependent idx="22">supporting</dependent>
          </dep>
          <dep type="dobj">
            <governor idx="20">review</governor>
            <dependent idx="23">information</dependent>
          </dep>
          <dep type="mark">
            <governor idx="25">provide</governor>
            <dependent idx="24">to</dependent>
          </dep>
          <dep type="acl">
            <governor idx="23">information</governor>
            <dependent idx="25">provide</dependent>
          </dep>
          <dep type="dobj">
            <governor idx="25">provide</governor>
            <dependent idx="26">context</dependent>
          </dep>
          <dep type="punct">
            <governor idx="29">walked</governor>
            <dependent idx="27">,</dependent>
          </dep>
          <dep type="nsubj">
            <governor idx="29">walked</governor>
            <dependent idx="28">I</dependent>
          </dep>
          <dep type="case">
            <governor idx="31">class</governor>
            <dependent idx="30">into</dependent>
          </dep>
          <dep type="nmod:into">
            <governor idx="29">walked</governor>
            <dependent idx="31">class</dependent>
          </dep>
          <dep type="case">
            <governor idx="35">canvas</governor>
            <dependent idx="32">like</dependent>
          </dep>
          <dep type="det">
            <governor idx="35">canvas</governor>
            <dependent idx="33">a</dependent>
          </dep>
          <dep type="amod">
            <governor idx="35">canvas</governor>
            <dependent idx="34">blank</dependent>
          </dep>
          <dep type="nmod:like">
            <governor idx="29">walked</governor>
            <dependent idx="35">canvas</dependent>
          </dep>
          <dep type="punct">
            <governor idx="29">walked</governor>
            <dependent idx="36">.</dependent>
          </dep>
        </dependencies>
      </sentence>
      <sentence id="7">
        <tokens>
          <token id="1">
            <word>So</word>
            <lemma>so</lemma>
            <CharacterOffsetBegin>413</CharacterOffsetBegin>
            <CharacterOffsetEnd>415</CharacterOffsetEnd>
            <POS>RB</POS>
            <NER>O</NER>
            <Speaker>PER0</Speaker>
          </token>
          <token id="2">
            <word>simply</word>
            <lemma>simply</lemma>
            <CharacterOffsetBegin>416</CharacterOffsetBegin>
            <CharacterOffsetEnd>422</CharacterOffsetEnd>
            <POS>RB</POS>
            <NER>O</NER>
            <Speaker>PER0</Speaker>
          </token>
          <token id="3">
            <word>put</word>
            <lemma>put</lemma>
            <CharacterOffsetBegin>423</CharacterOffsetBegin>
            <CharacterOffsetEnd>426</CharacterOffsetEnd>
            <POS>VB</POS>
            <NER>O</NER>
            <Speaker>PER0</Speaker>
          </token>
          <token id="4">
            <word>I</word>
            <lemma>I</lemma>
            <CharacterOffsetBegin>427</CharacterOffsetBegin>
            <CharacterOffsetEnd>428</CharacterOffsetEnd>
            <POS>PRP</POS>
            <NER>O</NER>
            <Speaker>PER0</Speaker>
          </token>
          <token id="5">
            <word>did</word>
            <lemma>do</lemma>
            <CharacterOffsetBegin>429</CharacterOffsetBegin>
            <CharacterOffsetEnd>432</CharacterOffsetEnd>
            <POS>VBD</POS>
            <NER>O</NER>
            <Speaker>PER0</Speaker>
          </token>
          <token id="6">
            <word>n't</word>
            <lemma>not</lemma>
            <CharacterOffsetBegin>432</CharacterOffsetBegin>
            <CharacterOffsetEnd>435</CharacterOffsetEnd>
            <POS>RB</POS>
            <NER>O</NER>
            <Speaker>PER0</Speaker>
          </token>
          <token id="7">
            <word>have</word>
            <lemma>have</lemma>
            <CharacterOffsetBegin>436</CharacterOffsetBegin>
            <CharacterOffsetEnd>440</CharacterOffsetEnd>
            <POS>VB</POS>
            <NER>O</NER>
            <Speaker>PER0</Speaker>
          </token>
          <token id="8">
            <word>an</word>
            <lemma>a</lemma>
            <CharacterOffsetBegin>441</CharacterOffsetBegin>
            <CharacterOffsetEnd>443</CharacterOffsetEnd>
            <POS>DT</POS>
            <NER>O</NER>
            <Speaker>PER0</Speaker>
          </token>
          <token id="9">
            <word>agenda</word>
            <lemma>agenda</lemma>
            <CharacterOffsetBegin>444</CharacterOffsetBegin>
            <CharacterOffsetEnd>450</CharacterOffsetEnd>
            <POS>NN</POS>
            <NER>O</NER>
            <Speaker>PER0</Speaker>
          </token>
          <token id="10">
            <word>or</word>
            <lemma>or</lemma>
            <CharacterOffsetBegin>451</CharacterOffsetBegin>
            <CharacterOffsetEnd>453</CharacterOffsetEnd>
            <POS>CC</POS>
            <NER>O</NER>
            <Speaker>PER0</Speaker>
          </token>
          <token id="11">
            <word>set</word>
            <lemma>set</lemma>
            <CharacterOffsetBegin>454</CharacterOffsetBegin>
            <CharacterOffsetEnd>457</CharacterOffsetEnd>
            <POS>VBN</POS>
            <NER>O</NER>
            <Speaker>PER0</Speaker>
          </token>
          <token id="12">
            <word>expectations</word>
            <lemma>expectation</lemma>
            <CharacterOffsetBegin>458</CharacterOffsetBegin>
            <CharacterOffsetEnd>470</CharacterOffsetEnd>
            <POS>NNS</POS>
            <NER>O</NER>
            <Speaker>PER0</Speaker>
          </token>
          <token id="13">
            <word>for</word>
            <lemma>for</lemma>
            <CharacterOffsetBegin>471</CharacterOffsetBegin>
            <CharacterOffsetEnd>474</CharacterOffsetEnd>
            <POS>IN</POS>
            <NER>O</NER>
            <Speaker>PER0</Speaker>
          </token>
          <token id="14">
            <word>this</word>
            <lemma>this</lemma>
            <CharacterOffsetBegin>475</CharacterOffsetBegin>
            <CharacterOffsetEnd>479</CharacterOffsetEnd>
            <POS>DT</POS>
            <NER>O</NER>
            <Speaker>PER0</Speaker>
          </token>
          <token id="15">
            <word>subject</word>
            <lemma>subject</lemma>
            <CharacterOffsetBegin>480</CharacterOffsetBegin>
            <CharacterOffsetEnd>487</CharacterOffsetEnd>
            <POS>JJ</POS>
            <NER>O</NER>
            <Speaker>PER0</Speaker>
          </token>
          <token id="16">
            <word>and</word>
            <lemma>and</lemma>
            <CharacterOffsetBegin>488</CharacterOffsetBegin>
            <CharacterOffsetEnd>491</CharacterOffsetEnd>
            <POS>CC</POS>
            <NER>O</NER>
            <Speaker>PER0</Speaker>
          </token>
          <token id="17">
            <word>that</word>
            <lemma>that</lemma>
            <CharacterOffsetBegin>492</CharacterOffsetBegin>
            <CharacterOffsetEnd>496</CharacterOffsetEnd>
            <POS>DT</POS>
            <NER>O</NER>
            <Speaker>PER0</Speaker>
          </token>
          <token id="18">
            <word>was</word>
            <lemma>be</lemma>
            <CharacterOffsetBegin>497</CharacterOffsetBegin>
            <CharacterOffsetEnd>500</CharacterOffsetEnd>
            <POS>VBD</POS>
            <NER>O</NER>
            <Speaker>PER0</Speaker>
          </token>
          <token id="19">
            <word>kind</word>
            <lemma>kind</lemma>
            <CharacterOffsetBegin>501</CharacterOffsetBegin>
            <CharacterOffsetEnd>505</CharacterOffsetEnd>
            <POS>NN</POS>
            <NER>O</NER>
            <Speaker>PER0</Speaker>
          </token>
          <token id="20">
            <word>of</word>
            <lemma>of</lemma>
            <CharacterOffsetBegin>506</CharacterOffsetBegin>
            <CharacterOffsetEnd>508</CharacterOffsetEnd>
            <POS>IN</POS>
            <NER>O</NER>
            <Speaker>PER0</Speaker>
          </token>
          <token id="21">
            <word>exciting</word>
            <lemma>exciting</lemma>
            <CharacterOffsetBegin>509</CharacterOffsetBegin>
            <CharacterOffsetEnd>517</CharacterOffsetEnd>
            <POS>JJ</POS>
            <NER>O</NER>
            <Speaker>PER0</Speaker>
          </token>
          <token id="22">
            <word>.</word>
            <lemma>.</lemma>
            <CharacterOffsetBegin>517</CharacterOffsetBegin>
            <CharacterOffsetEnd>518</CharacterOffsetEnd>
            <POS>.</POS>
            <NER>O</NER>
            <Speaker>PER0</Speaker>
          </token>
        </tokens>
        <parse>(ROOT (S (RB So) (S (ADVP (RB simply)) (S (VP (VB put) (NP (PRP I)))) (VP (VBD did) (RB n't) (VP (VB have) (S (NP (NP (DT an) (NN agenda)) (CC or) (NP (VBN set) (NNS expectations)) (PP (IN for) (NP (DT this)))) (ADJP (JJ subject)))))) (CC and) (S (NP (DT that)) (VP (VBD was) (ADJP (ADVP (NN kind) (IN of)) (JJ exciting)))) (. .))) </parse>
        <dependencies type="basic-dependencies">
          <dep type="root">
            <governor idx="0">ROOT</governor>
            <dependent idx="7">have</dependent>
          </dep>
          <dep type="advmod">
            <governor idx="7">have</governor>
            <dependent idx="1">So</dependent>
          </dep>
          <dep type="advmod">
            <governor idx="7">have</governor>
            <dependent idx="2">simply</dependent>
          </dep>
          <dep type="csubj">
            <governor idx="7">have</governor>
            <dependent idx="3">put</dependent>
          </dep>
          <dep type="dobj">
            <governor idx="3">put</governor>
            <dependent idx="4">I</dependent>
          </dep>
          <dep type="aux">
            <governor idx="7">have</governor>
            <dependent idx="5">did</dependent>
          </dep>
          <dep type="neg">
            <governor idx="7">have</governor>
            <dependent idx="6">n't</dependent>
          </dep>
          <dep type="det">
            <governor idx="9">agenda</governor>
            <dependent idx="8">an</dependent>
          </dep>
          <dep type="nsubj">
            <governor idx="15">subject</governor>
            <dependent idx="9">agenda</dependent>
          </dep>
          <dep type="cc">
            <governor idx="9">agenda</governor>
            <dependent idx="10">or</dependent>
          </dep>
          <dep type="amod">
            <governor idx="12">expectations</governor>
            <dependent idx="11">set</dependent>
          </dep>
          <dep type="conj">
            <governor idx="9">agenda</governor>
            <dependent idx="12">expectations</dependent>
          </dep>
          <dep type="case">
            <governor idx="14">this</governor>
            <dependent idx="13">for</dependent>
          </dep>
          <dep type="nmod">
            <governor idx="9">agenda</governor>
            <dependent idx="14">this</dependent>
          </dep>
          <dep type="xcomp">
            <governor idx="7">have</governor>
            <dependent idx="15">subject</dependent>
          </dep>
          <dep type="cc">
            <governor idx="7">have</governor>
            <dependent idx="16">and</dependent>
          </dep>
          <dep type="nsubj">
            <governor idx="21">exciting</governor>
            <dependent idx="17">that</dependent>
          </dep>
          <dep type="cop">
            <governor idx="21">exciting</governor>
            <dependent idx="18">was</dependent>
          </dep>
          <dep type="advmod">
            <governor idx="21">exciting</governor>
            <dependent idx="19">kind</dependent>
          </dep>
          <dep type="mwe">
            <governor idx="19">kind</governor>
            <dependent idx="20">of</dependent>
          </dep>
          <dep type="conj">
            <governor idx="7">have</governor>
            <dependent idx="21">exciting</dependent>
          </dep>
          <dep type="punct">
            <governor idx="7">have</governor>
            <dependent idx="22">.</dependent>
          </dep>
        </dependencies>
        <dependencies type="collapsed-dependencies">
          <dep type="root">
            <governor idx="0">ROOT</governor>
            <dependent idx="7">have</dependent>
          </dep>
          <dep type="advmod">
            <governor idx="7">have</governor>
            <dependent idx="1">So</dependent>
          </dep>
          <dep type="advmod">
            <governor idx="7">have</governor>
            <dependent idx="2">simply</dependent>
          </dep>
          <dep type="csubj">
            <governor idx="7">have</governor>
            <dependent idx="3">put</dependent>
          </dep>
          <dep type="dobj">
            <governor idx="3">put</governor>
            <dependent idx="4">I</dependent>
          </dep>
          <dep type="aux">
            <governor idx="7">have</governor>
            <dependent idx="5">did</dependent>
          </dep>
          <dep type="neg">
            <governor idx="7">have</governor>
            <dependent idx="6">n't</dependent>
          </dep>
          <dep type="det">
            <governor idx="9">agenda</governor>
            <dependent idx="8">an</dependent>
          </dep>
          <dep type="nsubj">
            <governor idx="15">subject</governor>
            <dependent idx="9">agenda</dependent>
          </dep>
          <dep type="cc">
            <governor idx="9">agenda</governor>
            <dependent idx="10">or</dependent>
          </dep>
          <dep type="amod">
            <governor idx="12">expectations</governor>
            <dependent idx="11">set</dependent>
          </dep>
          <dep type="conj:or">
            <governor idx="9">agenda</governor>
            <dependent idx="12">expectations</dependent>
          </dep>
          <dep type="case">
            <governor idx="14">this</governor>
            <dependent idx="13">for</dependent>
          </dep>
          <dep type="nmod:for">
            <governor idx="9">agenda</governor>
            <dependent idx="14">this</dependent>
          </dep>
          <dep type="xcomp">
            <governor idx="7">have</governor>
            <dependent idx="15">subject</dependent>
          </dep>
          <dep type="cc">
            <governor idx="7">have</governor>
            <dependent idx="16">and</dependent>
          </dep>
          <dep type="nsubj">
            <governor idx="21">exciting</governor>
            <dependent idx="17">that</dependent>
          </dep>
          <dep type="cop">
            <governor idx="21">exciting</governor>
            <dependent idx="18">was</dependent>
          </dep>
          <dep type="advmod">
            <governor idx="21">exciting</governor>
            <dependent idx="19">kind</dependent>
          </dep>
          <dep type="mwe">
            <governor idx="19">kind</governor>
            <dependent idx="20">of</dependent>
          </dep>
          <dep type="conj:and">
            <governor idx="7">have</governor>
            <dependent idx="21">exciting</dependent>
          </dep>
          <dep type="punct">
            <governor idx="7">have</governor>
            <dependent idx="22">.</dependent>
          </dep>
        </dependencies>
        <dependencies type="collapsed-ccprocessed-dependencies">
          <dep type="root">
            <governor idx="0">ROOT</governor>
            <dependent idx="7">have</dependent>
          </dep>
          <dep type="advmod">
            <governor idx="7">have</governor>
            <dependent idx="1">So</dependent>
          </dep>
          <dep type="advmod">
            <governor idx="7">have</governor>
            <dependent idx="2">simply</dependent>
          </dep>
          <dep type="csubj">
            <governor idx="7">have</governor>
            <dependent idx="3">put</dependent>
          </dep>
          <dep type="dobj">
            <governor idx="3">put</governor>
            <dependent idx="4">I</dependent>
          </dep>
          <dep type="aux">
            <governor idx="7">have</governor>
            <dependent idx="5">did</dependent>
          </dep>
          <dep type="neg">
            <governor idx="7">have</governor>
            <dependent idx="6">n't</dependent>
          </dep>
          <dep type="det">
            <governor idx="9">agenda</governor>
            <dependent idx="8">an</dependent>
          </dep>
          <dep type="nsubj">
            <governor idx="15">subject</governor>
            <dependent idx="9">agenda</dependent>
          </dep>
          <dep type="cc">
            <governor idx="9">agenda</governor>
            <dependent idx="10">or</dependent>
          </dep>
          <dep type="amod">
            <governor idx="12">expectations</governor>
            <dependent idx="11">set</dependent>
          </dep>
          <dep type="conj:or">
            <governor idx="9">agenda</governor>
            <dependent idx="12">expectations</dependent>
          </dep>
          <dep type="nsubj" extra="true">
            <governor idx="15">subject</governor>
            <dependent idx="12">expectations</dependent>
          </dep>
          <dep type="case">
            <governor idx="14">this</governor>
            <dependent idx="13">for</dependent>
          </dep>
          <dep type="nmod:for">
            <governor idx="9">agenda</governor>
            <dependent idx="14">this</dependent>
          </dep>
          <dep type="xcomp">
            <governor idx="7">have</governor>
            <dependent idx="15">subject</dependent>
          </dep>
          <dep type="cc">
            <governor idx="7">have</governor>
            <dependent idx="16">and</dependent>
          </dep>
          <dep type="nsubj">
            <governor idx="21">exciting</governor>
            <dependent idx="17">that</dependent>
          </dep>
          <dep type="cop">
            <governor idx="21">exciting</governor>
            <dependent idx="18">was</dependent>
          </dep>
          <dep type="advmod">
            <governor idx="21">exciting</governor>
            <dependent idx="19">kind</dependent>
          </dep>
          <dep type="mwe">
            <governor idx="19">kind</governor>
            <dependent idx="20">of</dependent>
          </dep>
          <dep type="conj:and">
            <governor idx="7">have</governor>
            <dependent idx="21">exciting</dependent>
          </dep>
          <dep type="punct">
            <governor idx="7">have</governor>
            <dependent idx="22">.</dependent>
          </dep>
        </dependencies>
      </sentence>
      <sentence id="8">
        <tokens>
          <token id="1">
            <word>Up</word>
            <lemma>up</lemma>
            <CharacterOffsetBegin>520</CharacterOffsetBegin>
            <CharacterOffsetEnd>522</CharacterOffsetEnd>
            <POS>IN</POS>
            <NER>O</NER>
            <Speaker>PER0</Speaker>
          </token>
          <token id="2">
            <word>at</word>
            <lemma>at</lemma>
            <CharacterOffsetBegin>523</CharacterOffsetBegin>
            <CharacterOffsetEnd>525</CharacterOffsetEnd>
            <POS>IN</POS>
            <NER>O</NER>
            <Speaker>PER0</Speaker>
          </token>
          <token id="3">
            <word>the</word>
            <lemma>the</lemma>
            <CharacterOffsetBegin>526</CharacterOffsetBegin>
            <CharacterOffsetEnd>529</CharacterOffsetEnd>
            <POS>DT</POS>
            <NER>O</NER>
            <Speaker>PER0</Speaker>
          </token>
          <token id="4">
            <word>front</word>
            <lemma>front</lemma>
            <CharacterOffsetBegin>530</CharacterOffsetBegin>
            <CharacterOffsetEnd>535</CharacterOffsetEnd>
            <POS>NN</POS>
            <NER>O</NER>
            <Speaker>PER0</Speaker>
          </token>
          <token id="5">
            <word>of</word>
            <lemma>of</lemma>
            <CharacterOffsetBegin>536</CharacterOffsetBegin>
            <CharacterOffsetEnd>538</CharacterOffsetEnd>
            <POS>IN</POS>
            <NER>O</NER>
            <Speaker>PER0</Speaker>
          </token>
          <token id="6">
            <word>the</word>
            <lemma>the</lemma>
            <CharacterOffsetBegin>539</CharacterOffsetBegin>
            <CharacterOffsetEnd>542</CharacterOffsetEnd>
            <POS>DT</POS>
            <NER>O</NER>
            <Speaker>PER0</Speaker>
          </token>
          <token id="7">
            <word>lecture</word>
            <lemma>lecture</lemma>
            <CharacterOffsetBegin>543</CharacterOffsetBegin>
            <CharacterOffsetEnd>550</CharacterOffsetEnd>
            <POS>NN</POS>
            <NER>O</NER>
            <Speaker>PER0</Speaker>
          </token>
          <token id="8">
            <word>was</word>
            <lemma>be</lemma>
            <CharacterOffsetBegin>551</CharacterOffsetBegin>
            <CharacterOffsetEnd>554</CharacterOffsetEnd>
            <POS>VBD</POS>
            <NER>O</NER>
            <Speaker>PER0</Speaker>
          </token>
          <token id="9">
            <word>the</word>
            <lemma>the</lemma>
            <CharacterOffsetBegin>555</CharacterOffsetBegin>
            <CharacterOffsetEnd>558</CharacterOffsetEnd>
            <POS>DT</POS>
            <NER>O</NER>
            <Speaker>PER0</Speaker>
          </token>
          <token id="10">
            <word>first</word>
            <lemma>first</lemma>
            <CharacterOffsetBegin>559</CharacterOffsetBegin>
            <CharacterOffsetEnd>564</CharacterOffsetEnd>
            <POS>JJ</POS>
            <NER>ORDINAL</NER>
            <NormalizedNER>1.0</NormalizedNER>
            <Speaker>PER0</Speaker>
          </token>
          <token id="11">
            <word>slide</word>
            <lemma>slide</lemma>
            <CharacterOffsetBegin>565</CharacterOffsetBegin>
            <CharacterOffsetEnd>570</CharacterOffsetEnd>
            <POS>NN</POS>
            <NER>O</NER>
            <Speaker>PER0</Speaker>
          </token>
          <token id="12">
            <word>projected</word>
            <lemma>project</lemma>
            <CharacterOffsetBegin>571</CharacterOffsetBegin>
            <CharacterOffsetEnd>580</CharacterOffsetEnd>
            <POS>VBD</POS>
            <NER>O</NER>
            <Speaker>PER0</Speaker>
          </token>
          <token id="13">
            <word>stating</word>
            <lemma>state</lemma>
            <CharacterOffsetBegin>581</CharacterOffsetBegin>
            <CharacterOffsetEnd>588</CharacterOffsetEnd>
            <POS>VBG</POS>
            <NER>O</NER>
            <Speaker>PER0</Speaker>
          </token>
          <token id="14">
            <word>`</word>
            <lemma>`</lemma>
            <CharacterOffsetBegin>589</CharacterOffsetBegin>
            <CharacterOffsetEnd>590</CharacterOffsetEnd>
            <POS>``</POS>
            <NER>O</NER>
            <Speaker>PER0</Speaker>
          </token>
          <token id="15">
            <word>Take</word>
            <lemma>take</lemma>
            <CharacterOffsetBegin>590</CharacterOffsetBegin>
            <CharacterOffsetEnd>594</CharacterOffsetEnd>
            <POS>VB</POS>
            <NER>O</NER>
            <Speaker>PER0</Speaker>
          </token>
          <token id="16">
            <word>Responsibility</word>
            <lemma>responsibility</lemma>
            <CharacterOffsetBegin>595</CharacterOffsetBegin>
            <CharacterOffsetEnd>609</CharacterOffsetEnd>
            <POS>NN</POS>
            <NER>O</NER>
            <Speaker>PER0</Speaker>
          </token>
          <token id="17">
            <word>'</word>
            <lemma>'</lemma>
            <CharacterOffsetBegin>609</CharacterOffsetBegin>
            <CharacterOffsetEnd>610</CharacterOffsetEnd>
            <POS>''</POS>
            <NER>O</NER>
            <Speaker>PER0</Speaker>
          </token>
          <token id="18">
            <word>and</word>
            <lemma>and</lemma>
            <CharacterOffsetBegin>611</CharacterOffsetBegin>
            <CharacterOffsetEnd>614</CharacterOffsetEnd>
            <POS>CC</POS>
            <NER>O</NER>
            <Speaker>PER0</Speaker>
          </token>
          <token id="19">
            <word>`</word>
            <lemma>`</lemma>
            <CharacterOffsetBegin>615</CharacterOffsetBegin>
            <CharacterOffsetEnd>616</CharacterOffsetEnd>
            <POS>``</POS>
            <NER>O</NER>
            <Speaker>PER0</Speaker>
          </token>
          <token id="20">
            <word>Responsibility</word>
            <lemma>Responsibility</lemma>
            <CharacterOffsetBegin>616</CharacterOffsetBegin>
            <CharacterOffsetEnd>630</CharacterOffsetEnd>
            <POS>NNP</POS>
            <NER>O</NER>
            <Speaker>PER0</Speaker>
          </token>
          <token id="21">
            <word>Ahead</word>
            <lemma>Ahead</lemma>
            <CharacterOffsetBegin>631</CharacterOffsetBegin>
            <CharacterOffsetEnd>636</CharacterOffsetEnd>
            <POS>NNP</POS>
            <NER>O</NER>
            <Speaker>PER0</Speaker>
          </token>
          <token id="22">
            <word>'</word>
            <lemma>'</lemma>
            <CharacterOffsetBegin>636</CharacterOffsetBegin>
            <CharacterOffsetEnd>637</CharacterOffsetEnd>
            <POS>POS</POS>
            <NER>O</NER>
            <Speaker>PER0</Speaker>
          </token>
          <token id="23">
            <word>with</word>
            <lemma>with</lemma>
            <CharacterOffsetBegin>638</CharacterOffsetBegin>
            <CharacterOffsetEnd>642</CharacterOffsetEnd>
            <POS>IN</POS>
            <NER>O</NER>
            <Speaker>PER0</Speaker>
          </token>
          <token id="24">
            <word>a</word>
            <lemma>a</lemma>
            <CharacterOffsetBegin>643</CharacterOffsetBegin>
            <CharacterOffsetEnd>644</CharacterOffsetEnd>
            <POS>DT</POS>
            <NER>O</NER>
            <Speaker>PER0</Speaker>
          </token>
          <token id="25">
            <word>`</word>
            <lemma>`</lemma>
            <CharacterOffsetBegin>645</CharacterOffsetBegin>
            <CharacterOffsetEnd>646</CharacterOffsetEnd>
            <POS>``</POS>
            <NER>O</NER>
            <Speaker>PER0</Speaker>
          </token>
          <token id="26">
            <word>Welcome</word>
            <lemma>welcome</lemma>
            <CharacterOffsetBegin>646</CharacterOffsetBegin>
            <CharacterOffsetEnd>653</CharacterOffsetEnd>
            <POS>UH</POS>
            <NER>O</NER>
            <Speaker>PER0</Speaker>
          </token>
          <token id="27">
            <word>to</word>
            <lemma>to</lemma>
            <CharacterOffsetBegin>654</CharacterOffsetBegin>
            <CharacterOffsetEnd>656</CharacterOffsetEnd>
            <POS>TO</POS>
            <NER>O</NER>
            <Speaker>PER0</Speaker>
          </token>
          <token id="28">
            <word>Managing</word>
            <lemma>manage</lemma>
            <CharacterOffsetBegin>657</CharacterOffsetBegin>
            <CharacterOffsetEnd>665</CharacterOffsetEnd>
            <POS>VBG</POS>
            <NER>O</NER>
            <Speaker>PER0</Speaker>
          </token>
          <token id="29">
            <word>,</word>
            <lemma>,</lemma>
            <CharacterOffsetBegin>665</CharacterOffsetBegin>
            <CharacterOffsetEnd>666</CharacterOffsetEnd>
            <POS>,</POS>
            <NER>O</NER>
            <Speaker>PER0</Speaker>
          </token>
          <token id="30">
            <word>Leading</word>
            <lemma>lead</lemma>
            <CharacterOffsetBegin>667</CharacterOffsetBegin>
            <CharacterOffsetEnd>674</CharacterOffsetEnd>
            <POS>VBG</POS>
            <NER>O</NER>
            <Speaker>PER0</Speaker>
          </token>
          <token id="31">
            <word>and</word>
            <lemma>and</lemma>
            <CharacterOffsetBegin>675</CharacterOffsetBegin>
            <CharacterOffsetEnd>678</CharacterOffsetEnd>
            <POS>CC</POS>
            <NER>O</NER>
            <Speaker>PER0</Speaker>
          </token>
          <token id="32">
            <word>Stewardship</word>
            <lemma>stewardship</lemma>
            <CharacterOffsetBegin>679</CharacterOffsetBegin>
            <CharacterOffsetEnd>690</CharacterOffsetEnd>
            <POS>NN</POS>
            <NER>O</NER>
            <Speaker>PER0</Speaker>
          </token>
          <token id="33">
            <word>'</word>
            <lemma>'</lemma>
            <CharacterOffsetBegin>690</CharacterOffsetBegin>
            <CharacterOffsetEnd>691</CharacterOffsetEnd>
            <POS>''</POS>
            <NER>O</NER>
            <Speaker>PER0</Speaker>
          </token>
          <token id="34">
            <word>.</word>
            <lemma>.</lemma>
            <CharacterOffsetBegin>691</CharacterOffsetBegin>
            <CharacterOffsetEnd>692</CharacterOffsetEnd>
            <POS>.</POS>
            <NER>O</NER>
            <Speaker>PER0</Speaker>
          </token>
        </tokens>
        <parse>(ROOT (S (PP (IN Up) (PP (IN at) (NP (NP (DT the) (NN front)) (PP (IN of))))) (NP (DT the) (NN lecture)) (VP (VBD was) (NP (NP (DT the) (JJ first) (NN slide)) (SBAR (S (VP (VBD projected) (S (VP (VBG stating) (VP (`` `) (VB Take) (NP (NP (NN Responsibility)) ('' ') (CC and) (`` `) (NP (NP (NNP Responsibility) (NNP Ahead) (POS ')) (PP (IN with) (NP (DT a))))) (`` `) (NP (UH Welcome))))) (PP (TO to) (NP (NP (VBG Managing)) (, ,) (NP (VBG Leading) (CC and) (NN Stewardship))))))))) ('' ') (. .))) </parse>
        <dependencies type="basic-dependencies">
          <dep type="root">
            <governor idx="0">ROOT</governor>
            <dependent idx="11">slide</dependent>
          </dep>
          <dep type="case">
            <governor idx="4">front</governor>
            <dependent idx="1">Up</dependent>
          </dep>
          <dep type="case">
            <governor idx="4">front</governor>
            <dependent idx="2">at</dependent>
          </dep>
          <dep type="det">
            <governor idx="4">front</governor>
            <dependent idx="3">the</dependent>
          </dep>
          <dep type="nmod">
            <governor idx="11">slide</governor>
            <dependent idx="4">front</dependent>
          </dep>
          <dep type="acl">
            <governor idx="4">front</governor>
            <dependent idx="5">of</dependent>
          </dep>
          <dep type="det">
            <governor idx="7">lecture</governor>
            <dependent idx="6">the</dependent>
          </dep>
          <dep type="nsubj">
            <governor idx="11">slide</governor>
            <dependent idx="7">lecture</dependent>
          </dep>
          <dep type="cop">
            <governor idx="11">slide</governor>
            <dependent idx="8">was</dependent>
          </dep>
          <dep type="det">
            <governor idx="11">slide</governor>
            <dependent idx="9">the</dependent>
          </dep>
          <dep type="amod">
            <governor idx="11">slide</governor>
            <dependent idx="10">first</dependent>
          </dep>
          <dep type="acl:relcl">
            <governor idx="11">slide</governor>
            <dependent idx="12">projected</dependent>
          </dep>
          <dep type="xcomp">
            <governor idx="12">projected</governor>
            <dependent idx="13">stating</dependent>
          </dep>
          <dep type="punct">
            <governor idx="15">Take</governor>
            <dependent idx="14">`</dependent>
          </dep>
          <dep type="xcomp">
            <governor idx="13">stating</governor>
            <dependent idx="15">Take</dependent>
          </dep>
          <dep type="dobj">
            <governor idx="15">Take</governor>
            <dependent idx="16">Responsibility</dependent>
          </dep>
          <dep type="punct">
            <governor idx="16">Responsibility</governor>
            <dependent idx="17">'</dependent>
          </dep>
          <dep type="cc">
            <governor idx="16">Responsibility</governor>
            <dependent idx="18">and</dependent>
          </dep>
          <dep type="punct">
            <governor idx="16">Responsibility</governor>
            <dependent idx="19">`</dependent>
          </dep>
          <dep type="compound">
            <governor idx="21">Ahead</governor>
            <dependent idx="20">Responsibility</dependent>
          </dep>
          <dep type="conj">
            <governor idx="16">Responsibility</governor>
            <dependent idx="21">Ahead</dependent>
          </dep>
          <dep type="case">
            <governor idx="21">Ahead</governor>
            <dependent idx="22">'</dependent>
          </dep>
          <dep type="case">
            <governor idx="24">a</governor>
            <dependent idx="23">with</dependent>
          </dep>
          <dep type="nmod">
            <governor idx="21">Ahead</governor>
            <dependent idx="24">a</dependent>
          </dep>
          <dep type="punct">
            <governor idx="15">Take</governor>
            <dependent idx="25">`</dependent>
          </dep>
          <dep type="dobj">
            <governor idx="15">Take</governor>
            <dependent idx="26">Welcome</dependent>
          </dep>
          <dep type="case">
            <governor idx="28">Managing</governor>
            <dependent idx="27">to</dependent>
          </dep>
          <dep type="nmod">
            <governor idx="12">projected</governor>
            <dependent idx="28">Managing</dependent>
          </dep>
          <dep type="punct">
            <governor idx="28">Managing</governor>
            <dependent idx="29">,</dependent>
          </dep>
          <dep type="appos">
            <governor idx="28">Managing</governor>
            <dependent idx="30">Leading</dependent>
          </dep>
          <dep type="cc">
            <governor idx="30">Leading</governor>
            <dependent idx="31">and</dependent>
          </dep>
          <dep type="conj">
            <governor idx="30">Leading</governor>
            <dependent idx="32">Stewardship</dependent>
          </dep>
          <dep type="punct">
            <governor idx="11">slide</governor>
            <dependent idx="33">'</dependent>
          </dep>
          <dep type="punct">
            <governor idx="11">slide</governor>
            <dependent idx="34">.</dependent>
          </dep>
        </dependencies>
        <dependencies type="collapsed-dependencies">
          <dep type="root">
            <governor idx="0">ROOT</governor>
            <dependent idx="11">slide</dependent>
          </dep>
          <dep type="case">
            <governor idx="4">front</governor>
            <dependent idx="1">Up</dependent>
          </dep>
          <dep type="case">
            <governor idx="4">front</governor>
            <dependent idx="2">at</dependent>
          </dep>
          <dep type="det">
            <governor idx="4">front</governor>
            <dependent idx="3">the</dependent>
          </dep>
          <dep type="nmod:at">
            <governor idx="11">slide</governor>
            <dependent idx="4">front</dependent>
          </dep>
          <dep type="acl">
            <governor idx="4">front</governor>
            <dependent idx="5">of</dependent>
          </dep>
          <dep type="det">
            <governor idx="7">lecture</governor>
            <dependent idx="6">the</dependent>
          </dep>
          <dep type="nsubj">
            <governor idx="11">slide</governor>
            <dependent idx="7">lecture</dependent>
          </dep>
          <dep type="cop">
            <governor idx="11">slide</governor>
            <dependent idx="8">was</dependent>
          </dep>
          <dep type="det">
            <governor idx="11">slide</governor>
            <dependent idx="9">the</dependent>
          </dep>
          <dep type="amod">
            <governor idx="11">slide</governor>
            <dependent idx="10">first</dependent>
          </dep>
          <dep type="acl:relcl">
            <governor idx="11">slide</governor>
            <dependent idx="12">projected</dependent>
          </dep>
          <dep type="xcomp">
            <governor idx="12">projected</governor>
            <dependent idx="13">stating</dependent>
          </dep>
          <dep type="punct">
            <governor idx="15">Take</governor>
            <dependent idx="14">`</dependent>
          </dep>
          <dep type="xcomp">
            <governor idx="13">stating</governor>
            <dependent idx="15">Take</dependent>
          </dep>
          <dep type="dobj">
            <governor idx="15">Take</governor>
            <dependent idx="16">Responsibility</dependent>
          </dep>
          <dep type="punct">
            <governor idx="16">Responsibility</governor>
            <dependent idx="17">'</dependent>
          </dep>
          <dep type="cc">
            <governor idx="16">Responsibility</governor>
            <dependent idx="18">and</dependent>
          </dep>
          <dep type="punct">
            <governor idx="16">Responsibility</governor>
            <dependent idx="19">`</dependent>
          </dep>
          <dep type="compound">
            <governor idx="21">Ahead</governor>
            <dependent idx="20">Responsibility</dependent>
          </dep>
          <dep type="conj:and">
            <governor idx="16">Responsibility</governor>
            <dependent idx="21">Ahead</dependent>
          </dep>
          <dep type="case">
            <governor idx="21">Ahead</governor>
            <dependent idx="22">'</dependent>
          </dep>
          <dep type="case">
            <governor idx="24">a</governor>
            <dependent idx="23">with</dependent>
          </dep>
          <dep type="nmod:with">
            <governor idx="21">Ahead</governor>
            <dependent idx="24">a</dependent>
          </dep>
          <dep type="punct">
            <governor idx="15">Take</governor>
            <dependent idx="25">`</dependent>
          </dep>
          <dep type="dobj">
            <governor idx="15">Take</governor>
            <dependent idx="26">Welcome</dependent>
          </dep>
          <dep type="case">
            <governor idx="28">Managing</governor>
            <dependent idx="27">to</dependent>
          </dep>
          <dep type="nmod:to">
            <governor idx="12">projected</governor>
            <dependent idx="28">Managing</dependent>
          </dep>
          <dep type="punct">
            <governor idx="28">Managing</governor>
            <dependent idx="29">,</dependent>
          </dep>
          <dep type="appos">
            <governor idx="28">Managing</governor>
            <dependent idx="30">Leading</dependent>
          </dep>
          <dep type="cc">
            <governor idx="30">Leading</governor>
            <dependent idx="31">and</dependent>
          </dep>
          <dep type="conj:and">
            <governor idx="30">Leading</governor>
            <dependent idx="32">Stewardship</dependent>
          </dep>
          <dep type="punct">
            <governor idx="11">slide</governor>
            <dependent idx="33">'</dependent>
          </dep>
          <dep type="punct">
            <governor idx="11">slide</governor>
            <dependent idx="34">.</dependent>
          </dep>
        </dependencies>
        <dependencies type="collapsed-ccprocessed-dependencies">
          <dep type="root">
            <governor idx="0">ROOT</governor>
            <dependent idx="11">slide</dependent>
          </dep>
          <dep type="case">
            <governor idx="4">front</governor>
            <dependent idx="1">Up</dependent>
          </dep>
          <dep type="case">
            <governor idx="4">front</governor>
            <dependent idx="2">at</dependent>
          </dep>
          <dep type="det">
            <governor idx="4">front</governor>
            <dependent idx="3">the</dependent>
          </dep>
          <dep type="nmod:at">
            <governor idx="11">slide</governor>
            <dependent idx="4">front</dependent>
          </dep>
          <dep type="acl">
            <governor idx="4">front</governor>
            <dependent idx="5">of</dependent>
          </dep>
          <dep type="det">
            <governor idx="7">lecture</governor>
            <dependent idx="6">the</dependent>
          </dep>
          <dep type="nsubj">
            <governor idx="11">slide</governor>
            <dependent idx="7">lecture</dependent>
          </dep>
          <dep type="cop">
            <governor idx="11">slide</governor>
            <dependent idx="8">was</dependent>
          </dep>
          <dep type="det">
            <governor idx="11">slide</governor>
            <dependent idx="9">the</dependent>
          </dep>
          <dep type="amod">
            <governor idx="11">slide</governor>
            <dependent idx="10">first</dependent>
          </dep>
          <dep type="acl:relcl">
            <governor idx="11">slide</governor>
            <dependent idx="12">projected</dependent>
          </dep>
          <dep type="xcomp">
            <governor idx="12">projected</governor>
            <dependent idx="13">stating</dependent>
          </dep>
          <dep type="punct">
            <governor idx="15">Take</governor>
            <dependent idx="14">`</dependent>
          </dep>
          <dep type="xcomp">
            <governor idx="13">stating</governor>
            <dependent idx="15">Take</dependent>
          </dep>
          <dep type="dobj">
            <governor idx="15">Take</governor>
            <dependent idx="16">Responsibility</dependent>
          </dep>
          <dep type="punct">
            <governor idx="16">Responsibility</governor>
            <dependent idx="17">'</dependent>
          </dep>
          <dep type="cc">
            <governor idx="16">Responsibility</governor>
            <dependent idx="18">and</dependent>
          </dep>
          <dep type="punct">
            <governor idx="16">Responsibility</governor>
            <dependent idx="19">`</dependent>
          </dep>
          <dep type="compound">
            <governor idx="21">Ahead</governor>
            <dependent idx="20">Responsibility</dependent>
          </dep>
          <dep type="dobj" extra="true">
            <governor idx="15">Take</governor>
            <dependent idx="21">Ahead</dependent>
          </dep>
          <dep type="conj:and">
            <governor idx="16">Responsibility</governor>
            <dependent idx="21">Ahead</dependent>
          </dep>
          <dep type="case">
            <governor idx="21">Ahead</governor>
            <dependent idx="22">'</dependent>
          </dep>
          <dep type="case">
            <governor idx="24">a</governor>
            <dependent idx="23">with</dependent>
          </dep>
          <dep type="nmod:with">
            <governor idx="21">Ahead</governor>
            <dependent idx="24">a</dependent>
          </dep>
          <dep type="punct">
            <governor idx="15">Take</governor>
            <dependent idx="25">`</dependent>
          </dep>
          <dep type="dobj">
            <governor idx="15">Take</governor>
            <dependent idx="26">Welcome</dependent>
          </dep>
          <dep type="case">
            <governor idx="28">Managing</governor>
            <dependent idx="27">to</dependent>
          </dep>
          <dep type="nmod:to">
            <governor idx="12">projected</governor>
            <dependent idx="28">Managing</dependent>
          </dep>
          <dep type="punct">
            <governor idx="28">Managing</governor>
            <dependent idx="29">,</dependent>
          </dep>
          <dep type="appos">
            <governor idx="28">Managing</governor>
            <dependent idx="30">Leading</dependent>
          </dep>
          <dep type="cc">
            <governor idx="30">Leading</governor>
            <dependent idx="31">and</dependent>
          </dep>
          <dep type="appos" extra="true">
            <governor idx="28">Managing</governor>
            <dependent idx="32">Stewardship</dependent>
          </dep>
          <dep type="conj:and">
            <governor idx="30">Leading</governor>
            <dependent idx="32">Stewardship</dependent>
          </dep>
          <dep type="punct">
            <governor idx="11">slide</governor>
            <dependent idx="33">'</dependent>
          </dep>
          <dep type="punct">
            <governor idx="11">slide</governor>
            <dependent idx="34">.</dependent>
          </dep>
        </dependencies>
      </sentence>
      <sentence id="9">
        <tokens>
          <token id="1">
            <word>I</word>
            <lemma>I</lemma>
            <CharacterOffsetBegin>693</CharacterOffsetBegin>
            <CharacterOffsetEnd>694</CharacterOffsetEnd>
            <POS>PRP</POS>
            <NER>O</NER>
            <Speaker>PER0</Speaker>
          </token>
          <token id="2">
            <word>had</word>
            <lemma>have</lemma>
            <CharacterOffsetBegin>695</CharacterOffsetBegin>
            <CharacterOffsetEnd>698</CharacterOffsetEnd>
            <POS>VBD</POS>
            <NER>O</NER>
            <Speaker>PER0</Speaker>
          </token>
          <token id="3">
            <word>no</word>
            <lemma>no</lemma>
            <CharacterOffsetBegin>699</CharacterOffsetBegin>
            <CharacterOffsetEnd>701</CharacterOffsetEnd>
            <POS>DT</POS>
            <NER>O</NER>
            <Speaker>PER0</Speaker>
          </token>
          <token id="4">
            <word>idea</word>
            <lemma>idea</lemma>
            <CharacterOffsetBegin>702</CharacterOffsetBegin>
            <CharacterOffsetEnd>706</CharacterOffsetEnd>
            <POS>NN</POS>
            <NER>O</NER>
            <Speaker>PER0</Speaker>
          </token>
          <token id="5">
            <word>what</word>
            <lemma>what</lemma>
            <CharacterOffsetBegin>707</CharacterOffsetBegin>
            <CharacterOffsetEnd>711</CharacterOffsetEnd>
            <POS>WP</POS>
            <NER>O</NER>
            <Speaker>PER0</Speaker>
          </token>
          <token id="6">
            <word>this</word>
            <lemma>this</lemma>
            <CharacterOffsetBegin>712</CharacterOffsetBegin>
            <CharacterOffsetEnd>716</CharacterOffsetEnd>
            <POS>DT</POS>
            <NER>O</NER>
            <Speaker>PER0</Speaker>
          </token>
          <token id="7">
            <word>course</word>
            <lemma>course</lemma>
            <CharacterOffsetBegin>717</CharacterOffsetBegin>
            <CharacterOffsetEnd>723</CharacterOffsetEnd>
            <POS>NN</POS>
            <NER>O</NER>
            <Speaker>PER0</Speaker>
          </token>
          <token id="8">
            <word>was</word>
            <lemma>be</lemma>
            <CharacterOffsetBegin>724</CharacterOffsetBegin>
            <CharacterOffsetEnd>727</CharacterOffsetEnd>
            <POS>VBD</POS>
            <NER>O</NER>
            <Speaker>PER0</Speaker>
          </token>
          <token id="9">
            <word>about</word>
            <lemma>about</lemma>
            <CharacterOffsetBegin>728</CharacterOffsetBegin>
            <CharacterOffsetEnd>733</CharacterOffsetEnd>
            <POS>IN</POS>
            <NER>O</NER>
            <Speaker>PER0</Speaker>
          </token>
          <token id="10">
            <word>but</word>
            <lemma>but</lemma>
            <CharacterOffsetBegin>734</CharacterOffsetBegin>
            <CharacterOffsetEnd>737</CharacterOffsetEnd>
            <POS>CC</POS>
            <NER>O</NER>
            <Speaker>PER0</Speaker>
          </token>
          <token id="11">
            <word>I</word>
            <lemma>I</lemma>
            <CharacterOffsetBegin>738</CharacterOffsetBegin>
            <CharacterOffsetEnd>739</CharacterOffsetEnd>
            <POS>PRP</POS>
            <NER>O</NER>
            <Speaker>PER0</Speaker>
          </token>
          <token id="12">
            <word>was</word>
            <lemma>be</lemma>
            <CharacterOffsetBegin>740</CharacterOffsetBegin>
            <CharacterOffsetEnd>743</CharacterOffsetEnd>
            <POS>VBD</POS>
            <NER>O</NER>
            <Speaker>PER0</Speaker>
          </token>
          <token id="13">
            <word>certain</word>
            <lemma>certain</lemma>
            <CharacterOffsetBegin>744</CharacterOffsetBegin>
            <CharacterOffsetEnd>751</CharacterOffsetEnd>
            <POS>JJ</POS>
            <NER>O</NER>
            <Speaker>PER0</Speaker>
          </token>
          <token id="14">
            <word>it</word>
            <lemma>it</lemma>
            <CharacterOffsetBegin>752</CharacterOffsetBegin>
            <CharacterOffsetEnd>754</CharacterOffsetEnd>
            <POS>PRP</POS>
            <NER>O</NER>
            <Speaker>PER0</Speaker>
          </token>
          <token id="15">
            <word>had</word>
            <lemma>have</lemma>
            <CharacterOffsetBegin>755</CharacterOffsetBegin>
            <CharacterOffsetEnd>758</CharacterOffsetEnd>
            <POS>VBD</POS>
            <NER>O</NER>
            <Speaker>PER0</Speaker>
          </token>
          <token id="16">
            <word>something</word>
            <lemma>something</lemma>
            <CharacterOffsetBegin>759</CharacterOffsetBegin>
            <CharacterOffsetEnd>768</CharacterOffsetEnd>
            <POS>NN</POS>
            <NER>O</NER>
            <Speaker>PER0</Speaker>
          </token>
          <token id="17">
            <word>to</word>
            <lemma>to</lemma>
            <CharacterOffsetBegin>769</CharacterOffsetBegin>
            <CharacterOffsetEnd>771</CharacterOffsetEnd>
            <POS>TO</POS>
            <NER>O</NER>
            <Speaker>PER0</Speaker>
          </token>
          <token id="18">
            <word>do</word>
            <lemma>do</lemma>
            <CharacterOffsetBegin>772</CharacterOffsetBegin>
            <CharacterOffsetEnd>774</CharacterOffsetEnd>
            <POS>VB</POS>
            <NER>O</NER>
            <Speaker>PER0</Speaker>
          </token>
          <token id="19">
            <word>with</word>
            <lemma>with</lemma>
            <CharacterOffsetBegin>775</CharacterOffsetBegin>
            <CharacterOffsetEnd>779</CharacterOffsetEnd>
            <POS>IN</POS>
            <NER>O</NER>
            <Speaker>PER0</Speaker>
          </token>
          <token id="20">
            <word>responsibility</word>
            <lemma>responsibility</lemma>
            <CharacterOffsetBegin>780</CharacterOffsetBegin>
            <CharacterOffsetEnd>794</CharacterOffsetEnd>
            <POS>NN</POS>
            <NER>O</NER>
            <Speaker>PER0</Speaker>
          </token>
          <token id="21">
            <word>and</word>
            <lemma>and</lemma>
            <CharacterOffsetBegin>795</CharacterOffsetBegin>
            <CharacterOffsetEnd>798</CharacterOffsetEnd>
            <POS>CC</POS>
            <NER>O</NER>
            <Speaker>PER0</Speaker>
          </token>
          <token id="22">
            <word>leaders</word>
            <lemma>leader</lemma>
            <CharacterOffsetBegin>799</CharacterOffsetBegin>
            <CharacterOffsetEnd>806</CharacterOffsetEnd>
            <POS>NNS</POS>
            <NER>O</NER>
            <Speaker>PER0</Speaker>
          </token>
          <token id="23">
            <word>.</word>
            <lemma>.</lemma>
            <CharacterOffsetBegin>806</CharacterOffsetBegin>
            <CharacterOffsetEnd>807</CharacterOffsetEnd>
            <POS>.</POS>
            <NER>O</NER>
            <Speaker>PER0</Speaker>
          </token>
        </tokens>
        <parse>(ROOT (S (NP (PRP I)) (VP (VBD had) (NP (NP (DT no) (NN idea)) (SBAR (WHNP (WP what)) (S (NP (DT this) (NN course)) (VP (VBD was) (PP (IN about) (SBAR (CC but) (S (NP (PRP I)) (VP (VBD was) (ADJP (JJ certain) (SBAR (S (NP (PRP it)) (VP (VBD had) (NP (NN something) (S (VP (TO to) (VP (VB do) (PP (IN with) (NP (NN responsibility) (CC and) (NNS leaders)))))))))))))))))))) (. .))) </parse>
        <dependencies type="basic-dependencies">
          <dep type="root">
            <governor idx="0">ROOT</governor>
            <dependent idx="2">had</dependent>
          </dep>
          <dep type="nsubj">
            <governor idx="2">had</governor>
            <dependent idx="1">I</dependent>
          </dep>
          <dep type="neg">
            <governor idx="4">idea</governor>
            <dependent idx="3">no</dependent>
          </dep>
          <dep type="dobj">
            <governor idx="2">had</governor>
            <dependent idx="4">idea</dependent>
          </dep>
          <dep type="dobj">
            <governor idx="13">certain</governor>
            <dependent idx="5">what</dependent>
          </dep>
          <dep type="det">
            <governor idx="7">course</governor>
            <dependent idx="6">this</dependent>
          </dep>
          <dep type="nsubj">
            <governor idx="13">certain</governor>
            <dependent idx="7">course</dependent>
          </dep>
          <dep type="cop">
            <governor idx="13">certain</governor>
            <dependent idx="8">was</dependent>
          </dep>
          <dep type="mark">
            <governor idx="13">certain</governor>
            <dependent idx="9">about</dependent>
          </dep>
          <dep type="cc">
            <governor idx="13">certain</governor>
            <dependent idx="10">but</dependent>
          </dep>
          <dep type="nsubj">
            <governor idx="13">certain</governor>
            <dependent idx="11">I</dependent>
          </dep>
          <dep type="cop">
            <governor idx="13">certain</governor>
            <dependent idx="12">was</dependent>
          </dep>
          <dep type="acl:relcl">
            <governor idx="4">idea</governor>
            <dependent idx="13">certain</dependent>
          </dep>
          <dep type="nsubj">
            <governor idx="15">had</governor>
            <dependent idx="14">it</dependent>
          </dep>
          <dep type="ccomp">
            <governor idx="13">certain</governor>
            <dependent idx="15">had</dependent>
          </dep>
          <dep type="dobj">
            <governor idx="15">had</governor>
            <dependent idx="16">something</dependent>
          </dep>
          <dep type="mark">
            <governor idx="18">do</governor>
            <dependent idx="17">to</dependent>
          </dep>
          <dep type="acl">
            <governor idx="16">something</governor>
            <dependent idx="18">do</dependent>
          </dep>
          <dep type="case">
            <governor idx="20">responsibility</governor>
            <dependent idx="19">with</dependent>
          </dep>
          <dep type="nmod">
            <governor idx="18">do</governor>
            <dependent idx="20">responsibility</dependent>
          </dep>
          <dep type="cc">
            <governor idx="20">responsibility</governor>
            <dependent idx="21">and</dependent>
          </dep>
          <dep type="conj">
            <governor idx="20">responsibility</governor>
            <dependent idx="22">leaders</dependent>
          </dep>
          <dep type="punct">
            <governor idx="2">had</governor>
            <dependent idx="23">.</dependent>
          </dep>
        </dependencies>
        <dependencies type="collapsed-dependencies">
          <dep type="root">
            <governor idx="0">ROOT</governor>
            <dependent idx="2">had</dependent>
          </dep>
          <dep type="nsubj">
            <governor idx="2">had</governor>
            <dependent idx="1">I</dependent>
          </dep>
          <dep type="neg">
            <governor idx="4">idea</governor>
            <dependent idx="3">no</dependent>
          </dep>
          <dep type="dobj">
            <governor idx="2">had</governor>
            <dependent idx="4">idea</dependent>
          </dep>
          <dep type="dobj">
            <governor idx="13">certain</governor>
            <dependent idx="5">what</dependent>
          </dep>
          <dep type="det">
            <governor idx="7">course</governor>
            <dependent idx="6">this</dependent>
          </dep>
          <dep type="nsubj">
            <governor idx="13">certain</governor>
            <dependent idx="7">course</dependent>
          </dep>
          <dep type="cop">
            <governor idx="13">certain</governor>
            <dependent idx="8">was</dependent>
          </dep>
          <dep type="mark">
            <governor idx="13">certain</governor>
            <dependent idx="9">about</dependent>
          </dep>
          <dep type="cc">
            <governor idx="13">certain</governor>
            <dependent idx="10">but</dependent>
          </dep>
          <dep type="nsubj">
            <governor idx="13">certain</governor>
            <dependent idx="11">I</dependent>
          </dep>
          <dep type="cop">
            <governor idx="13">certain</governor>
            <dependent idx="12">was</dependent>
          </dep>
          <dep type="acl:relcl">
            <governor idx="4">idea</governor>
            <dependent idx="13">certain</dependent>
          </dep>
          <dep type="nsubj">
            <governor idx="15">had</governor>
            <dependent idx="14">it</dependent>
          </dep>
          <dep type="ccomp">
            <governor idx="13">certain</governor>
            <dependent idx="15">had</dependent>
          </dep>
          <dep type="dobj">
            <governor idx="15">had</governor>
            <dependent idx="16">something</dependent>
          </dep>
          <dep type="mark">
            <governor idx="18">do</governor>
            <dependent idx="17">to</dependent>
          </dep>
          <dep type="acl">
            <governor idx="16">something</governor>
            <dependent idx="18">do</dependent>
          </dep>
          <dep type="case">
            <governor idx="20">responsibility</governor>
            <dependent idx="19">with</dependent>
          </dep>
          <dep type="nmod:with">
            <governor idx="18">do</governor>
            <dependent idx="20">responsibility</dependent>
          </dep>
          <dep type="cc">
            <governor idx="20">responsibility</governor>
            <dependent idx="21">and</dependent>
          </dep>
          <dep type="conj:and">
            <governor idx="20">responsibility</governor>
            <dependent idx="22">leaders</dependent>
          </dep>
          <dep type="punct">
            <governor idx="2">had</governor>
            <dependent idx="23">.</dependent>
          </dep>
        </dependencies>
        <dependencies type="collapsed-ccprocessed-dependencies">
          <dep type="root">
            <governor idx="0">ROOT</governor>
            <dependent idx="2">had</dependent>
          </dep>
          <dep type="nsubj">
            <governor idx="2">had</governor>
            <dependent idx="1">I</dependent>
          </dep>
          <dep type="neg">
            <governor idx="4">idea</governor>
            <dependent idx="3">no</dependent>
          </dep>
          <dep type="dobj">
            <governor idx="2">had</governor>
            <dependent idx="4">idea</dependent>
          </dep>
          <dep type="dobj">
            <governor idx="13">certain</governor>
            <dependent idx="5">what</dependent>
          </dep>
          <dep type="det">
            <governor idx="7">course</governor>
            <dependent idx="6">this</dependent>
          </dep>
          <dep type="nsubj">
            <governor idx="13">certain</governor>
            <dependent idx="7">course</dependent>
          </dep>
          <dep type="cop">
            <governor idx="13">certain</governor>
            <dependent idx="8">was</dependent>
          </dep>
          <dep type="mark">
            <governor idx="13">certain</governor>
            <dependent idx="9">about</dependent>
          </dep>
          <dep type="cc">
            <governor idx="13">certain</governor>
            <dependent idx="10">but</dependent>
          </dep>
          <dep type="nsubj">
            <governor idx="13">certain</governor>
            <dependent idx="11">I</dependent>
          </dep>
          <dep type="cop">
            <governor idx="13">certain</governor>
            <dependent idx="12">was</dependent>
          </dep>
          <dep type="acl:relcl">
            <governor idx="4">idea</governor>
            <dependent idx="13">certain</dependent>
          </dep>
          <dep type="nsubj">
            <governor idx="15">had</governor>
            <dependent idx="14">it</dependent>
          </dep>
          <dep type="ccomp">
            <governor idx="13">certain</governor>
            <dependent idx="15">had</dependent>
          </dep>
          <dep type="dobj">
            <governor idx="15">had</governor>
            <dependent idx="16">something</dependent>
          </dep>
          <dep type="mark">
            <governor idx="18">do</governor>
            <dependent idx="17">to</dependent>
          </dep>
          <dep type="acl">
            <governor idx="16">something</governor>
            <dependent idx="18">do</dependent>
          </dep>
          <dep type="case">
            <governor idx="20">responsibility</governor>
            <dependent idx="19">with</dependent>
          </dep>
          <dep type="nmod:with">
            <governor idx="18">do</governor>
            <dependent idx="20">responsibility</dependent>
          </dep>
          <dep type="cc">
            <governor idx="20">responsibility</governor>
            <dependent idx="21">and</dependent>
          </dep>
          <dep type="nmod:with" extra="true">
            <governor idx="18">do</governor>
            <dependent idx="22">leaders</dependent>
          </dep>
          <dep type="conj:and">
            <governor idx="20">responsibility</governor>
            <dependent idx="22">leaders</dependent>
          </dep>
          <dep type="punct">
            <governor idx="2">had</governor>
            <dependent idx="23">.</dependent>
          </dep>
        </dependencies>
      </sentence>
      <sentence id="10">
        <tokens>
          <token id="1">
            <word>The</word>
            <lemma>the</lemma>
            <CharacterOffsetBegin>808</CharacterOffsetBegin>
            <CharacterOffsetEnd>811</CharacterOffsetEnd>
            <POS>DT</POS>
            <NER>O</NER>
            <Speaker>PER0</Speaker>
          </token>
          <token id="2">
            <word>second</word>
            <lemma>second</lemma>
            <CharacterOffsetBegin>812</CharacterOffsetBegin>
            <CharacterOffsetEnd>818</CharacterOffsetEnd>
            <POS>JJ</POS>
            <NER>ORDINAL</NER>
            <NormalizedNER>2.0</NormalizedNER>
            <Speaker>PER0</Speaker>
          </token>
          <token id="3">
            <word>slide</word>
            <lemma>slide</lemma>
            <CharacterOffsetBegin>819</CharacterOffsetBegin>
            <CharacterOffsetEnd>824</CharacterOffsetEnd>
            <POS>NN</POS>
            <NER>O</NER>
            <Speaker>PER0</Speaker>
          </token>
          <token id="4">
            <word>was</word>
            <lemma>be</lemma>
            <CharacterOffsetBegin>825</CharacterOffsetBegin>
            <CharacterOffsetEnd>828</CharacterOffsetEnd>
            <POS>VBD</POS>
            <NER>O</NER>
            <Speaker>PER0</Speaker>
          </token>
          <token id="5">
            <word>displayed</word>
            <lemma>display</lemma>
            <CharacterOffsetBegin>829</CharacterOffsetBegin>
            <CharacterOffsetEnd>838</CharacterOffsetEnd>
            <POS>VBN</POS>
            <NER>O</NER>
            <Speaker>PER0</Speaker>
          </token>
          <token id="6">
            <word>and</word>
            <lemma>and</lemma>
            <CharacterOffsetBegin>839</CharacterOffsetBegin>
            <CharacterOffsetEnd>842</CharacterOffsetEnd>
            <POS>CC</POS>
            <NER>O</NER>
            <Speaker>PER0</Speaker>
          </token>
          <token id="7">
            <word>Natalia</word>
            <lemma>Natalia</lemma>
            <CharacterOffsetBegin>843</CharacterOffsetBegin>
            <CharacterOffsetEnd>850</CharacterOffsetEnd>
            <POS>NNP</POS>
            <NER>PERSON</NER>
            <Speaker>PER0</Speaker>
          </token>
          <token id="8">
            <word>started</word>
            <lemma>start</lemma>
            <CharacterOffsetBegin>851</CharacterOffsetBegin>
            <CharacterOffsetEnd>858</CharacterOffsetEnd>
            <POS>VBD</POS>
            <NER>O</NER>
            <Speaker>PER0</Speaker>
          </token>
          <token id="9">
            <word>to</word>
            <lemma>to</lemma>
            <CharacterOffsetBegin>859</CharacterOffsetBegin>
            <CharacterOffsetEnd>861</CharacterOffsetEnd>
            <POS>TO</POS>
            <NER>O</NER>
            <Speaker>PER0</Speaker>
          </token>
          <token id="10">
            <word>question</word>
            <lemma>question</lemma>
            <CharacterOffsetBegin>862</CharacterOffsetBegin>
            <CharacterOffsetEnd>870</CharacterOffsetEnd>
            <POS>VB</POS>
            <NER>O</NER>
            <Speaker>PER0</Speaker>
          </token>
          <token id="11">
            <word>the</word>
            <lemma>the</lemma>
            <CharacterOffsetBegin>871</CharacterOffsetBegin>
            <CharacterOffsetEnd>874</CharacterOffsetEnd>
            <POS>DT</POS>
            <NER>O</NER>
            <Speaker>PER0</Speaker>
          </token>
          <token id="12">
            <word>students</word>
            <lemma>student</lemma>
            <CharacterOffsetBegin>875</CharacterOffsetBegin>
            <CharacterOffsetEnd>883</CharacterOffsetEnd>
            <POS>NNS</POS>
            <NER>O</NER>
            <Speaker>PER0</Speaker>
          </token>
          <token id="13">
            <word>`</word>
            <lemma>`</lemma>
            <CharacterOffsetBegin>884</CharacterOffsetBegin>
            <CharacterOffsetEnd>885</CharacterOffsetEnd>
            <POS>``</POS>
            <NER>O</NER>
            <Speaker>PER0</Speaker>
          </token>
          <token id="14">
            <word>how</word>
            <lemma>how</lemma>
            <CharacterOffsetBegin>885</CharacterOffsetBegin>
            <CharacterOffsetEnd>888</CharacterOffsetEnd>
            <POS>WRB</POS>
            <NER>O</NER>
            <Speaker>PER0</Speaker>
          </token>
          <token id="15">
            <word>do</word>
            <lemma>do</lemma>
            <CharacterOffsetBegin>889</CharacterOffsetBegin>
            <CharacterOffsetEnd>891</CharacterOffsetEnd>
            <POS>VBP</POS>
            <NER>O</NER>
            <Speaker>PER0</Speaker>
          </token>
          <token id="16">
            <word>you</word>
            <lemma>you</lemma>
            <CharacterOffsetBegin>892</CharacterOffsetBegin>
            <CharacterOffsetEnd>895</CharacterOffsetEnd>
            <POS>PRP</POS>
            <NER>O</NER>
            <Speaker>PER0</Speaker>
          </token>
          <token id="17">
            <word>make</word>
            <lemma>make</lemma>
            <CharacterOffsetBegin>896</CharacterOffsetBegin>
            <CharacterOffsetEnd>900</CharacterOffsetEnd>
            <POS>VB</POS>
            <NER>O</NER>
            <Speaker>PER0</Speaker>
          </token>
          <token id="18">
            <word>decisions</word>
            <lemma>decision</lemma>
            <CharacterOffsetBegin>901</CharacterOffsetBegin>
            <CharacterOffsetEnd>910</CharacterOffsetEnd>
            <POS>NNS</POS>
            <NER>O</NER>
            <Speaker>PER0</Speaker>
          </token>
          <token id="19">
            <word>'</word>
            <lemma>'</lemma>
            <CharacterOffsetBegin>910</CharacterOffsetBegin>
            <CharacterOffsetEnd>911</CharacterOffsetEnd>
            <POS>POS</POS>
            <NER>O</NER>
            <Speaker>PER0</Speaker>
          </token>
          <token id="20">
            <word>.</word>
            <lemma>.</lemma>
            <CharacterOffsetBegin>911</CharacterOffsetBegin>
            <CharacterOffsetEnd>912</CharacterOffsetEnd>
            <POS>.</POS>
            <NER>O</NER>
            <Speaker>PER0</Speaker>
          </token>
        </tokens>
        <parse>(ROOT (S (S (NP (DT The) (JJ second) (NN slide)) (VP (VBD was) (VP (VBN displayed)))) (CC and) (S (NP (NNP Natalia)) (VP (VBD started) (S (S (VP (TO to) (VP (VB question) (NP (DT the) (NNS students))))) (SBARQ (`` `) (WHNP (WRB how)) (SQ (VBP do) (NP (PRP you)) (VP (VB make) (NP (NNS decisions) (POS ')))))))) (. .))) </parse>
        <dependencies type="basic-dependencies">
          <dep type="root">
            <governor idx="0">ROOT</governor>
            <dependent idx="5">displayed</dependent>
          </dep>
          <dep type="det">
            <governor idx="3">slide</governor>
            <dependent idx="1">The</dependent>
          </dep>
          <dep type="amod">
            <governor idx="3">slide</governor>
            <dependent idx="2">second</dependent>
          </dep>
          <dep type="nsubjpass">
            <governor idx="5">displayed</governor>
            <dependent idx="3">slide</dependent>
          </dep>
          <dep type="auxpass">
            <governor idx="5">displayed</governor>
            <dependent idx="4">was</dependent>
          </dep>
          <dep type="cc">
            <governor idx="5">displayed</governor>
            <dependent idx="6">and</dependent>
          </dep>
          <dep type="nsubj">
            <governor idx="8">started</governor>
            <dependent idx="7">Natalia</dependent>
          </dep>
          <dep type="conj">
            <governor idx="5">displayed</governor>
            <dependent idx="8">started</dependent>
          </dep>
          <dep type="mark">
            <governor idx="10">question</governor>
            <dependent idx="9">to</dependent>
          </dep>
          <dep type="xcomp">
            <governor idx="8">started</governor>
            <dependent idx="10">question</dependent>
          </dep>
          <dep type="det">
            <governor idx="12">students</governor>
            <dependent idx="11">the</dependent>
          </dep>
          <dep type="dobj">
            <governor idx="10">question</governor>
            <dependent idx="12">students</dependent>
          </dep>
          <dep type="punct">
            <governor idx="17">make</governor>
            <dependent idx="13">`</dependent>
          </dep>
          <dep type="dep">
            <governor idx="17">make</governor>
            <dependent idx="14">how</dependent>
          </dep>
          <dep type="aux">
            <governor idx="17">make</governor>
            <dependent idx="15">do</dependent>
          </dep>
          <dep type="nsubj">
            <governor idx="17">make</governor>
            <dependent idx="16">you</dependent>
          </dep>
          <dep type="parataxis">
            <governor idx="10">question</governor>
            <dependent idx="17">make</dependent>
          </dep>
          <dep type="dobj">
            <governor idx="17">make</governor>
            <dependent idx="18">decisions</dependent>
          </dep>
          <dep type="case">
            <governor idx="18">decisions</governor>
            <dependent idx="19">'</dependent>
          </dep>
          <dep type="punct">
            <governor idx="5">displayed</governor>
            <dependent idx="20">.</dependent>
          </dep>
        </dependencies>
        <dependencies type="collapsed-dependencies">
          <dep type="root">
            <governor idx="0">ROOT</governor>
            <dependent idx="5">displayed</dependent>
          </dep>
          <dep type="det">
            <governor idx="3">slide</governor>
            <dependent idx="1">The</dependent>
          </dep>
          <dep type="amod">
            <governor idx="3">slide</governor>
            <dependent idx="2">second</dependent>
          </dep>
          <dep type="nsubjpass">
            <governor idx="5">displayed</governor>
            <dependent idx="3">slide</dependent>
          </dep>
          <dep type="auxpass">
            <governor idx="5">displayed</governor>
            <dependent idx="4">was</dependent>
          </dep>
          <dep type="cc">
            <governor idx="5">displayed</governor>
            <dependent idx="6">and</dependent>
          </dep>
          <dep type="nsubj">
            <governor idx="8">started</governor>
            <dependent idx="7">Natalia</dependent>
          </dep>
          <dep type="conj:and">
            <governor idx="5">displayed</governor>
            <dependent idx="8">started</dependent>
          </dep>
          <dep type="mark">
            <governor idx="10">question</governor>
            <dependent idx="9">to</dependent>
          </dep>
          <dep type="xcomp">
            <governor idx="8">started</governor>
            <dependent idx="10">question</dependent>
          </dep>
          <dep type="det">
            <governor idx="12">students</governor>
            <dependent idx="11">the</dependent>
          </dep>
          <dep type="dobj">
            <governor idx="10">question</governor>
            <dependent idx="12">students</dependent>
          </dep>
          <dep type="punct">
            <governor idx="17">make</governor>
            <dependent idx="13">`</dependent>
          </dep>
          <dep type="dep">
            <governor idx="17">make</governor>
            <dependent idx="14">how</dependent>
          </dep>
          <dep type="aux">
            <governor idx="17">make</governor>
            <dependent idx="15">do</dependent>
          </dep>
          <dep type="nsubj">
            <governor idx="17">make</governor>
            <dependent idx="16">you</dependent>
          </dep>
          <dep type="parataxis">
            <governor idx="10">question</governor>
            <dependent idx="17">make</dependent>
          </dep>
          <dep type="dobj">
            <governor idx="17">make</governor>
            <dependent idx="18">decisions</dependent>
          </dep>
          <dep type="case">
            <governor idx="18">decisions</governor>
            <dependent idx="19">'</dependent>
          </dep>
          <dep type="punct">
            <governor idx="5">displayed</governor>
            <dependent idx="20">.</dependent>
          </dep>
        </dependencies>
        <dependencies type="collapsed-ccprocessed-dependencies">
          <dep type="root">
            <governor idx="0">ROOT</governor>
            <dependent idx="5">displayed</dependent>
          </dep>
          <dep type="det">
            <governor idx="3">slide</governor>
            <dependent idx="1">The</dependent>
          </dep>
          <dep type="amod">
            <governor idx="3">slide</governor>
            <dependent idx="2">second</dependent>
          </dep>
          <dep type="nsubjpass">
            <governor idx="5">displayed</governor>
            <dependent idx="3">slide</dependent>
          </dep>
          <dep type="auxpass">
            <governor idx="5">displayed</governor>
            <dependent idx="4">was</dependent>
          </dep>
          <dep type="cc">
            <governor idx="5">displayed</governor>
            <dependent idx="6">and</dependent>
          </dep>
          <dep type="nsubj">
            <governor idx="8">started</governor>
            <dependent idx="7">Natalia</dependent>
          </dep>
          <dep type="conj:and">
            <governor idx="5">displayed</governor>
            <dependent idx="8">started</dependent>
          </dep>
          <dep type="mark">
            <governor idx="10">question</governor>
            <dependent idx="9">to</dependent>
          </dep>
          <dep type="xcomp">
            <governor idx="8">started</governor>
            <dependent idx="10">question</dependent>
          </dep>
          <dep type="det">
            <governor idx="12">students</governor>
            <dependent idx="11">the</dependent>
          </dep>
          <dep type="dobj">
            <governor idx="10">question</governor>
            <dependent idx="12">students</dependent>
          </dep>
          <dep type="punct">
            <governor idx="17">make</governor>
            <dependent idx="13">`</dependent>
          </dep>
          <dep type="dep">
            <governor idx="17">make</governor>
            <dependent idx="14">how</dependent>
          </dep>
          <dep type="aux">
            <governor idx="17">make</governor>
            <dependent idx="15">do</dependent>
          </dep>
          <dep type="nsubj">
            <governor idx="17">make</governor>
            <dependent idx="16">you</dependent>
          </dep>
          <dep type="parataxis">
            <governor idx="10">question</governor>
            <dependent idx="17">make</dependent>
          </dep>
          <dep type="dobj">
            <governor idx="17">make</governor>
            <dependent idx="18">decisions</dependent>
          </dep>
          <dep type="case">
            <governor idx="18">decisions</governor>
            <dependent idx="19">'</dependent>
          </dep>
          <dep type="punct">
            <governor idx="5">displayed</governor>
            <dependent idx="20">.</dependent>
          </dep>
        </dependencies>
      </sentence>
      <sentence id="11">
        <tokens>
          <token id="1">
            <word>I</word>
            <lemma>I</lemma>
            <CharacterOffsetBegin>913</CharacterOffsetBegin>
            <CharacterOffsetEnd>914</CharacterOffsetEnd>
            <POS>PRP</POS>
            <NER>O</NER>
            <Speaker>PER0</Speaker>
          </token>
          <token id="2">
            <word>reflected</word>
            <lemma>reflect</lemma>
            <CharacterOffsetBegin>915</CharacterOffsetBegin>
            <CharacterOffsetEnd>924</CharacterOffsetEnd>
            <POS>VBD</POS>
            <NER>O</NER>
            <Speaker>PER0</Speaker>
          </token>
          <token id="3">
            <word>on</word>
            <lemma>on</lemma>
            <CharacterOffsetBegin>925</CharacterOffsetBegin>
            <CharacterOffsetEnd>927</CharacterOffsetEnd>
            <POS>IN</POS>
            <NER>O</NER>
            <Speaker>PER0</Speaker>
          </token>
          <token id="4">
            <word>this</word>
            <lemma>this</lemma>
            <CharacterOffsetBegin>928</CharacterOffsetBegin>
            <CharacterOffsetEnd>932</CharacterOffsetEnd>
            <POS>DT</POS>
            <NER>O</NER>
            <Speaker>PER0</Speaker>
          </token>
          <token id="5">
            <word>and</word>
            <lemma>and</lemma>
            <CharacterOffsetBegin>933</CharacterOffsetBegin>
            <CharacterOffsetEnd>936</CharacterOffsetEnd>
            <POS>CC</POS>
            <NER>O</NER>
            <Speaker>PER0</Speaker>
          </token>
          <token id="6">
            <word>felt</word>
            <lemma>feel</lemma>
            <CharacterOffsetBegin>937</CharacterOffsetBegin>
            <CharacterOffsetEnd>941</CharacterOffsetEnd>
            <POS>VBD</POS>
            <NER>O</NER>
            <Speaker>PER0</Speaker>
          </token>
          <token id="7">
            <word>decision</word>
            <lemma>decision</lemma>
            <CharacterOffsetBegin>942</CharacterOffsetBegin>
            <CharacterOffsetEnd>950</CharacterOffsetEnd>
            <POS>NN</POS>
            <NER>O</NER>
            <Speaker>PER0</Speaker>
          </token>
          <token id="8">
            <word>making</word>
            <lemma>making</lemma>
            <CharacterOffsetBegin>951</CharacterOffsetBegin>
            <CharacterOffsetEnd>957</CharacterOffsetEnd>
            <POS>NN</POS>
            <NER>O</NER>
            <Speaker>PER0</Speaker>
          </token>
          <token id="9">
            <word>was</word>
            <lemma>be</lemma>
            <CharacterOffsetBegin>958</CharacterOffsetBegin>
            <CharacterOffsetEnd>961</CharacterOffsetEnd>
            <POS>VBD</POS>
            <NER>O</NER>
            <Speaker>PER0</Speaker>
          </token>
          <token id="10">
            <word>like</word>
            <lemma>like</lemma>
            <CharacterOffsetBegin>962</CharacterOffsetBegin>
            <CharacterOffsetEnd>966</CharacterOffsetEnd>
            <POS>IN</POS>
            <NER>O</NER>
            <Speaker>PER0</Speaker>
          </token>
          <token id="11">
            <word>second</word>
            <lemma>second</lemma>
            <CharacterOffsetBegin>967</CharacterOffsetBegin>
            <CharacterOffsetEnd>973</CharacterOffsetEnd>
            <POS>JJ</POS>
            <NER>ORDINAL</NER>
            <NormalizedNER>2.0</NormalizedNER>
            <Speaker>PER0</Speaker>
          </token>
          <token id="12">
            <word>nature</word>
            <lemma>nature</lemma>
            <CharacterOffsetBegin>974</CharacterOffsetBegin>
            <CharacterOffsetEnd>980</CharacterOffsetEnd>
            <POS>NN</POS>
            <NER>O</NER>
            <Speaker>PER0</Speaker>
          </token>
          <token id="13">
            <word>,</word>
            <lemma>,</lemma>
            <CharacterOffsetBegin>980</CharacterOffsetBegin>
            <CharacterOffsetEnd>981</CharacterOffsetEnd>
            <POS>,</POS>
            <NER>O</NER>
            <Speaker>PER0</Speaker>
          </token>
          <token id="14">
            <word>yes</word>
            <lemma>yes</lemma>
            <CharacterOffsetBegin>982</CharacterOffsetBegin>
            <CharacterOffsetEnd>985</CharacterOffsetEnd>
            <POS>UH</POS>
            <NER>O</NER>
            <Speaker>PER0</Speaker>
          </token>
          <token id="15">
            <word>I</word>
            <lemma>I</lemma>
            <CharacterOffsetBegin>986</CharacterOffsetBegin>
            <CharacterOffsetEnd>987</CharacterOffsetEnd>
            <POS>PRP</POS>
            <NER>O</NER>
            <Speaker>PER0</Speaker>
          </token>
          <token id="16">
            <word>over-thought</word>
            <lemma>over-think</lemma>
            <CharacterOffsetBegin>988</CharacterOffsetBegin>
            <CharacterOffsetEnd>1000</CharacterOffsetEnd>
            <POS>VBP</POS>
            <NER>O</NER>
            <Speaker>PER0</Speaker>
          </token>
          <token id="17">
            <word>my</word>
            <lemma>my</lemma>
            <CharacterOffsetBegin>1001</CharacterOffsetBegin>
            <CharacterOffsetEnd>1003</CharacterOffsetEnd>
            <POS>PRP$</POS>
            <NER>O</NER>
            <Speaker>PER0</Speaker>
          </token>
          <token id="18">
            <word>decisions</word>
            <lemma>decision</lemma>
            <CharacterOffsetBegin>1004</CharacterOffsetBegin>
            <CharacterOffsetEnd>1013</CharacterOffsetEnd>
            <POS>NNS</POS>
            <NER>O</NER>
            <Speaker>PER0</Speaker>
          </token>
          <token id="19">
            <word>whether</word>
            <lemma>whether</lemma>
            <CharacterOffsetBegin>1014</CharacterOffsetBegin>
            <CharacterOffsetEnd>1021</CharacterOffsetEnd>
            <POS>IN</POS>
            <NER>O</NER>
            <Speaker>PER0</Speaker>
          </token>
          <token id="20">
            <word>it</word>
            <lemma>it</lemma>
            <CharacterOffsetBegin>1022</CharacterOffsetBegin>
            <CharacterOffsetEnd>1024</CharacterOffsetEnd>
            <POS>PRP</POS>
            <NER>O</NER>
            <Speaker>PER0</Speaker>
          </token>
          <token id="21">
            <word>was</word>
            <lemma>be</lemma>
            <CharacterOffsetBegin>1025</CharacterOffsetBegin>
            <CharacterOffsetEnd>1028</CharacterOffsetEnd>
            <POS>VBD</POS>
            <NER>O</NER>
            <Speaker>PER0</Speaker>
          </token>
          <token id="22">
            <word>personal</word>
            <lemma>personal</lemma>
            <CharacterOffsetBegin>1029</CharacterOffsetBegin>
            <CharacterOffsetEnd>1037</CharacterOffsetEnd>
            <POS>JJ</POS>
            <NER>O</NER>
            <Speaker>PER0</Speaker>
          </token>
          <token id="23">
            <word>or</word>
            <lemma>or</lemma>
            <CharacterOffsetBegin>1038</CharacterOffsetBegin>
            <CharacterOffsetEnd>1040</CharacterOffsetEnd>
            <POS>CC</POS>
            <NER>O</NER>
            <Speaker>PER0</Speaker>
          </token>
          <token id="24">
            <word>professional</word>
            <lemma>professional</lemma>
            <CharacterOffsetBegin>1041</CharacterOffsetBegin>
            <CharacterOffsetEnd>1053</CharacterOffsetEnd>
            <POS>JJ</POS>
            <NER>O</NER>
            <Speaker>PER0</Speaker>
          </token>
          <token id="25">
            <word>but</word>
            <lemma>but</lemma>
            <CharacterOffsetBegin>1054</CharacterOffsetBegin>
            <CharacterOffsetEnd>1057</CharacterOffsetEnd>
            <POS>CC</POS>
            <NER>O</NER>
            <Speaker>PER0</Speaker>
          </token>
          <token id="26">
            <word>I</word>
            <lemma>I</lemma>
            <CharacterOffsetBegin>1058</CharacterOffsetBegin>
            <CharacterOffsetEnd>1059</CharacterOffsetEnd>
            <POS>PRP</POS>
            <NER>O</NER>
            <Speaker>PER0</Speaker>
          </token>
          <token id="27">
            <word>never</word>
            <lemma>never</lemma>
            <CharacterOffsetBegin>1060</CharacterOffsetBegin>
            <CharacterOffsetEnd>1065</CharacterOffsetEnd>
            <POS>RB</POS>
            <NER>O</NER>
            <Speaker>PER0</Speaker>
          </token>
          <token id="28">
            <word>thought</word>
            <lemma>think</lemma>
            <CharacterOffsetBegin>1066</CharacterOffsetBegin>
            <CharacterOffsetEnd>1073</CharacterOffsetEnd>
            <POS>VBD</POS>
            <NER>O</NER>
            <Speaker>PER0</Speaker>
          </token>
          <token id="29">
            <word>of</word>
            <lemma>of</lemma>
            <CharacterOffsetBegin>1074</CharacterOffsetBegin>
            <CharacterOffsetEnd>1076</CharacterOffsetEnd>
            <POS>IN</POS>
            <NER>O</NER>
            <Speaker>PER0</Speaker>
          </token>
          <token id="30">
            <word>the</word>
            <lemma>the</lemma>
            <CharacterOffsetBegin>1077</CharacterOffsetBegin>
            <CharacterOffsetEnd>1080</CharacterOffsetEnd>
            <POS>DT</POS>
            <NER>O</NER>
            <Speaker>PER0</Speaker>
          </token>
          <token id="31">
            <word>act</word>
            <lemma>act</lemma>
            <CharacterOffsetBegin>1081</CharacterOffsetBegin>
            <CharacterOffsetEnd>1084</CharacterOffsetEnd>
            <POS>NN</POS>
            <NER>O</NER>
            <Speaker>PER0</Speaker>
          </token>
          <token id="32">
            <word>of</word>
            <lemma>of</lemma>
            <CharacterOffsetBegin>1085</CharacterOffsetBegin>
            <CharacterOffsetEnd>1087</CharacterOffsetEnd>
            <POS>IN</POS>
            <NER>O</NER>
            <Speaker>PER0</Speaker>
          </token>
          <token id="33">
            <word>having</word>
            <lemma>have</lemma>
            <CharacterOffsetBegin>1088</CharacterOffsetBegin>
            <CharacterOffsetEnd>1094</CharacterOffsetEnd>
            <POS>VBG</POS>
            <NER>O</NER>
            <Speaker>PER0</Speaker>
          </token>
          <token id="34">
            <word>to</word>
            <lemma>to</lemma>
            <CharacterOffsetBegin>1095</CharacterOffsetBegin>
            <CharacterOffsetEnd>1097</CharacterOffsetEnd>
            <POS>TO</POS>
            <NER>O</NER>
            <Speaker>PER0</Speaker>
          </token>
          <token id="35">
            <word>justify</word>
            <lemma>justify</lemma>
            <CharacterOffsetBegin>1098</CharacterOffsetBegin>
            <CharacterOffsetEnd>1105</CharacterOffsetEnd>
            <POS>VB</POS>
            <NER>O</NER>
            <Speaker>PER0</Speaker>
          </token>
          <token id="36">
            <word>my</word>
            <lemma>my</lemma>
            <CharacterOffsetBegin>1106</CharacterOffsetBegin>
            <CharacterOffsetEnd>1108</CharacterOffsetEnd>
            <POS>PRP$</POS>
            <NER>O</NER>
            <Speaker>PER0</Speaker>
          </token>
          <token id="37">
            <word>decisions</word>
            <lemma>decision</lemma>
            <CharacterOffsetBegin>1109</CharacterOffsetBegin>
            <CharacterOffsetEnd>1118</CharacterOffsetEnd>
            <POS>NNS</POS>
            <NER>O</NER>
            <Speaker>PER0</Speaker>
          </token>
          <token id="38">
            <word>.</word>
            <lemma>.</lemma>
            <CharacterOffsetBegin>1118</CharacterOffsetBegin>
            <CharacterOffsetEnd>1119</CharacterOffsetEnd>
            <POS>.</POS>
            <NER>O</NER>
            <Speaker>PER0</Speaker>
          </token>
        </tokens>
        <parse>(ROOT (S (NP (PRP I)) (VP (VP (VBD reflected) (PP (IN on) (NP (DT this)))) (CC and) (VP (VBD felt) (S (S (NP (NN decision) (NN making)) (VP (VBD was) (PP (IN like) (NP (JJ second) (NN nature))))) (, ,) (S (INTJ (UH yes)) (NP (PRP I)) (VP (VBP over-thought) (NP (PRP$ my) (NNS decisions)) (SBAR (IN whether) (S (NP (PRP it)) (VP (VBD was) (UCP (JJ personal) (CC or) (JJ professional))))))) (CC but) (S (NP (PRP I)) (ADVP (RB never)) (VP (VBD thought) (PP (IN of) (NP (NP (DT the) (NN act)) (PP (IN of) (S (VP (VBG having) (S (VP (TO to) (VP (VB justify) (NP (PRP$ my) (NNS decisions))))))))))))))) (. .))) </parse>
        <dependencies type="basic-dependencies">
          <dep type="root">
            <governor idx="0">ROOT</governor>
            <dependent idx="2">reflected</dependent>
          </dep>
          <dep type="nsubj">
            <governor idx="2">reflected</governor>
            <dependent idx="1">I</dependent>
          </dep>
          <dep type="case">
            <governor idx="4">this</governor>
            <dependent idx="3">on</dependent>
          </dep>
          <dep type="nmod">
            <governor idx="2">reflected</governor>
            <dependent idx="4">this</dependent>
          </dep>
          <dep type="cc">
            <governor idx="2">reflected</governor>
            <dependent idx="5">and</dependent>
          </dep>
          <dep type="conj">
            <governor idx="2">reflected</governor>
            <dependent idx="6">felt</dependent>
          </dep>
          <dep type="compound">
            <governor idx="8">making</governor>
            <dependent idx="7">decision</dependent>
          </dep>
          <dep type="nsubj">
            <governor idx="12">nature</governor>
            <dependent idx="8">making</dependent>
          </dep>
          <dep type="cop">
            <governor idx="12">nature</governor>
            <dependent idx="9">was</dependent>
          </dep>
          <dep type="case">
            <governor idx="12">nature</governor>
            <dependent idx="10">like</dependent>
          </dep>
          <dep type="amod">
            <governor idx="12">nature</governor>
            <dependent idx="11">second</dependent>
          </dep>
          <dep type="xcomp">
            <governor idx="6">felt</governor>
            <dependent idx="12">nature</dependent>
          </dep>
          <dep type="punct">
            <governor idx="12">nature</governor>
            <dependent idx="13">,</dependent>
          </dep>
          <dep type="discourse">
            <governor idx="16">over-thought</governor>
            <dependent idx="14">yes</dependent>
          </dep>
          <dep type="nsubj">
            <governor idx="16">over-thought</governor>
            <dependent idx="15">I</dependent>
          </dep>
          <dep type="conj">
            <governor idx="12">nature</governor>
            <dependent idx="16">over-thought</dependent>
          </dep>
          <dep type="nmod:poss">
            <governor idx="18">decisions</governor>
            <dependent idx="17">my</dependent>
          </dep>
          <dep type="dobj">
            <governor idx="16">over-thought</governor>
            <dependent idx="18">decisions</dependent>
          </dep>
          <dep type="mark">
            <governor idx="22">personal</governor>
            <dependent idx="19">whether</dependent>
          </dep>
          <dep type="nsubj">
            <governor idx="22">personal</governor>
            <dependent idx="20">it</dependent>
          </dep>
          <dep type="cop">
            <governor idx="22">personal</governor>
            <dependent idx="21">was</dependent>
          </dep>
          <dep type="ccomp">
            <governor idx="16">over-thought</governor>
            <dependent idx="22">personal</dependent>
          </dep>
          <dep type="cc">
            <governor idx="22">personal</governor>
            <dependent idx="23">or</dependent>
          </dep>
          <dep type="conj">
            <governor idx="22">personal</governor>
            <dependent idx="24">professional</dependent>
          </dep>
          <dep type="cc">
            <governor idx="12">nature</governor>
            <dependent idx="25">but</dependent>
          </dep>
          <dep type="nsubj">
            <governor idx="28">thought</governor>
            <dependent idx="26">I</dependent>
          </dep>
          <dep type="neg">
            <governor idx="28">thought</governor>
            <dependent idx="27">never</dependent>
          </dep>
          <dep type="conj">
            <governor idx="12">nature</governor>
            <dependent idx="28">thought</dependent>
          </dep>
          <dep type="case">
            <governor idx="31">act</governor>
            <dependent idx="29">of</dependent>
          </dep>
          <dep type="det">
            <governor idx="31">act</governor>
            <dependent idx="30">the</dependent>
          </dep>
          <dep type="nmod">
            <governor idx="28">thought</governor>
            <dependent idx="31">act</dependent>
          </dep>
          <dep type="mark">
            <governor idx="33">having</governor>
            <dependent idx="32">of</dependent>
          </dep>
          <dep type="acl">
            <governor idx="31">act</governor>
            <dependent idx="33">having</dependent>
          </dep>
          <dep type="mark">
            <governor idx="35">justify</governor>
            <dependent idx="34">to</dependent>
          </dep>
          <dep type="xcomp">
            <governor idx="33">having</governor>
            <dependent idx="35">justify</dependent>
          </dep>
          <dep type="nmod:poss">
            <governor idx="37">decisions</governor>
            <dependent idx="36">my</dependent>
          </dep>
          <dep type="dobj">
            <governor idx="35">justify</governor>
            <dependent idx="37">decisions</dependent>
          </dep>
          <dep type="punct">
            <governor idx="2">reflected</governor>
            <dependent idx="38">.</dependent>
          </dep>
        </dependencies>
        <dependencies type="collapsed-dependencies">
          <dep type="root">
            <governor idx="0">ROOT</governor>
            <dependent idx="2">reflected</dependent>
          </dep>
          <dep type="nsubj">
            <governor idx="2">reflected</governor>
            <dependent idx="1">I</dependent>
          </dep>
          <dep type="case">
            <governor idx="4">this</governor>
            <dependent idx="3">on</dependent>
          </dep>
          <dep type="nmod:on">
            <governor idx="2">reflected</governor>
            <dependent idx="4">this</dependent>
          </dep>
          <dep type="cc">
            <governor idx="2">reflected</governor>
            <dependent idx="5">and</dependent>
          </dep>
          <dep type="conj:and">
            <governor idx="2">reflected</governor>
            <dependent idx="6">felt</dependent>
          </dep>
          <dep type="compound">
            <governor idx="8">making</governor>
            <dependent idx="7">decision</dependent>
          </dep>
          <dep type="nsubj">
            <governor idx="12">nature</governor>
            <dependent idx="8">making</dependent>
          </dep>
          <dep type="cop">
            <governor idx="12">nature</governor>
            <dependent idx="9">was</dependent>
          </dep>
          <dep type="case">
            <governor idx="12">nature</governor>
            <dependent idx="10">like</dependent>
          </dep>
          <dep type="amod">
            <governor idx="12">nature</governor>
            <dependent idx="11">second</dependent>
          </dep>
          <dep type="xcomp">
            <governor idx="6">felt</governor>
            <dependent idx="12">nature</dependent>
          </dep>
          <dep type="punct">
            <governor idx="12">nature</governor>
            <dependent idx="13">,</dependent>
          </dep>
          <dep type="discourse">
            <governor idx="16">over-thought</governor>
            <dependent idx="14">yes</dependent>
          </dep>
          <dep type="nsubj">
            <governor idx="16">over-thought</governor>
            <dependent idx="15">I</dependent>
          </dep>
          <dep type="conj:but">
            <governor idx="12">nature</governor>
            <dependent idx="16">over-thought</dependent>
          </dep>
          <dep type="nmod:poss">
            <governor idx="18">decisions</governor>
            <dependent idx="17">my</dependent>
          </dep>
          <dep type="dobj">
            <governor idx="16">over-thought</governor>
            <dependent idx="18">decisions</dependent>
          </dep>
          <dep type="mark">
            <governor idx="22">personal</governor>
            <dependent idx="19">whether</dependent>
          </dep>
          <dep type="nsubj">
            <governor idx="22">personal</governor>
            <dependent idx="20">it</dependent>
          </dep>
          <dep type="cop">
            <governor idx="22">personal</governor>
            <dependent idx="21">was</dependent>
          </dep>
          <dep type="ccomp">
            <governor idx="16">over-thought</governor>
            <dependent idx="22">personal</dependent>
          </dep>
          <dep type="cc">
            <governor idx="22">personal</governor>
            <dependent idx="23">or</dependent>
          </dep>
          <dep type="conj:or">
            <governor idx="22">personal</governor>
            <dependent idx="24">professional</dependent>
          </dep>
          <dep type="cc">
            <governor idx="12">nature</governor>
            <dependent idx="25">but</dependent>
          </dep>
          <dep type="nsubj">
            <governor idx="28">thought</governor>
            <dependent idx="26">I</dependent>
          </dep>
          <dep type="neg">
            <governor idx="28">thought</governor>
            <dependent idx="27">never</dependent>
          </dep>
          <dep type="conj:but">
            <governor idx="12">nature</governor>
            <dependent idx="28">thought</dependent>
          </dep>
          <dep type="case">
            <governor idx="31">act</governor>
            <dependent idx="29">of</dependent>
          </dep>
          <dep type="det">
            <governor idx="31">act</governor>
            <dependent idx="30">the</dependent>
          </dep>
          <dep type="nmod:of">
            <governor idx="28">thought</governor>
            <dependent idx="31">act</dependent>
          </dep>
          <dep type="mark">
            <governor idx="33">having</governor>
            <dependent idx="32">of</dependent>
          </dep>
          <dep type="acl">
            <governor idx="31">act</governor>
            <dependent idx="33">having</dependent>
          </dep>
          <dep type="mark">
            <governor idx="35">justify</governor>
            <dependent idx="34">to</dependent>
          </dep>
          <dep type="xcomp">
            <governor idx="33">having</governor>
            <dependent idx="35">justify</dependent>
          </dep>
          <dep type="nmod:poss">
            <governor idx="37">decisions</governor>
            <dependent idx="36">my</dependent>
          </dep>
          <dep type="dobj">
            <governor idx="35">justify</governor>
            <dependent idx="37">decisions</dependent>
          </dep>
          <dep type="punct">
            <governor idx="2">reflected</governor>
            <dependent idx="38">.</dependent>
          </dep>
        </dependencies>
        <dependencies type="collapsed-ccprocessed-dependencies">
          <dep type="root">
            <governor idx="0">ROOT</governor>
            <dependent idx="2">reflected</dependent>
          </dep>
          <dep type="nsubj">
            <governor idx="2">reflected</governor>
            <dependent idx="1">I</dependent>
          </dep>
          <dep type="nsubj" extra="true">
            <governor idx="6">felt</governor>
            <dependent idx="1">I</dependent>
          </dep>
          <dep type="case">
            <governor idx="4">this</governor>
            <dependent idx="3">on</dependent>
          </dep>
          <dep type="nmod:on">
            <governor idx="2">reflected</governor>
            <dependent idx="4">this</dependent>
          </dep>
          <dep type="cc">
            <governor idx="2">reflected</governor>
            <dependent idx="5">and</dependent>
          </dep>
          <dep type="conj:and">
            <governor idx="2">reflected</governor>
            <dependent idx="6">felt</dependent>
          </dep>
          <dep type="compound">
            <governor idx="8">making</governor>
            <dependent idx="7">decision</dependent>
          </dep>
          <dep type="nsubj">
            <governor idx="12">nature</governor>
            <dependent idx="8">making</dependent>
          </dep>
          <dep type="cop">
            <governor idx="12">nature</governor>
            <dependent idx="9">was</dependent>
          </dep>
          <dep type="case">
            <governor idx="12">nature</governor>
            <dependent idx="10">like</dependent>
          </dep>
          <dep type="amod">
            <governor idx="12">nature</governor>
            <dependent idx="11">second</dependent>
          </dep>
          <dep type="xcomp">
            <governor idx="6">felt</governor>
            <dependent idx="12">nature</dependent>
          </dep>
          <dep type="punct">
            <governor idx="12">nature</governor>
            <dependent idx="13">,</dependent>
          </dep>
          <dep type="discourse">
            <governor idx="16">over-thought</governor>
            <dependent idx="14">yes</dependent>
          </dep>
          <dep type="nsubj">
            <governor idx="16">over-thought</governor>
            <dependent idx="15">I</dependent>
          </dep>
          <dep type="xcomp" extra="true">
            <governor idx="6">felt</governor>
            <dependent idx="16">over-thought</dependent>
          </dep>
          <dep type="conj:but">
            <governor idx="12">nature</governor>
            <dependent idx="16">over-thought</dependent>
          </dep>
          <dep type="nmod:poss">
            <governor idx="18">decisions</governor>
            <dependent idx="17">my</dependent>
          </dep>
          <dep type="dobj">
            <governor idx="16">over-thought</governor>
            <dependent idx="18">decisions</dependent>
          </dep>
          <dep type="mark">
            <governor idx="22">personal</governor>
            <dependent idx="19">whether</dependent>
          </dep>
          <dep type="nsubj">
            <governor idx="22">personal</governor>
            <dependent idx="20">it</dependent>
          </dep>
          <dep type="nsubj" extra="true">
            <governor idx="24">professional</governor>
            <dependent idx="20">it</dependent>
          </dep>
          <dep type="cop">
            <governor idx="22">personal</governor>
            <dependent idx="21">was</dependent>
          </dep>
          <dep type="ccomp">
            <governor idx="16">over-thought</governor>
            <dependent idx="22">personal</dependent>
          </dep>
          <dep type="cc">
            <governor idx="22">personal</governor>
            <dependent idx="23">or</dependent>
          </dep>
          <dep type="ccomp" extra="true">
            <governor idx="16">over-thought</governor>
            <dependent idx="24">professional</dependent>
          </dep>
          <dep type="conj:or">
            <governor idx="22">personal</governor>
            <dependent idx="24">professional</dependent>
          </dep>
          <dep type="cc">
            <governor idx="12">nature</governor>
            <dependent idx="25">but</dependent>
          </dep>
          <dep type="nsubj">
            <governor idx="28">thought</governor>
            <dependent idx="26">I</dependent>
          </dep>
          <dep type="neg">
            <governor idx="28">thought</governor>
            <dependent idx="27">never</dependent>
          </dep>
          <dep type="xcomp" extra="true">
            <governor idx="6">felt</governor>
            <dependent idx="28">thought</dependent>
          </dep>
          <dep type="conj:but">
            <governor idx="12">nature</governor>
            <dependent idx="28">thought</dependent>
          </dep>
          <dep type="case">
            <governor idx="31">act</governor>
            <dependent idx="29">of</dependent>
          </dep>
          <dep type="det">
            <governor idx="31">act</governor>
            <dependent idx="30">the</dependent>
          </dep>
          <dep type="nmod:of">
            <governor idx="28">thought</governor>
            <dependent idx="31">act</dependent>
          </dep>
          <dep type="mark">
            <governor idx="33">having</governor>
            <dependent idx="32">of</dependent>
          </dep>
          <dep type="acl">
            <governor idx="31">act</governor>
            <dependent idx="33">having</dependent>
          </dep>
          <dep type="mark">
            <governor idx="35">justify</governor>
            <dependent idx="34">to</dependent>
          </dep>
          <dep type="xcomp">
            <governor idx="33">having</governor>
            <dependent idx="35">justify</dependent>
          </dep>
          <dep type="nmod:poss">
            <governor idx="37">decisions</governor>
            <dependent idx="36">my</dependent>
          </dep>
          <dep type="dobj">
            <governor idx="35">justify</governor>
            <dependent idx="37">decisions</dependent>
          </dep>
          <dep type="punct">
            <governor idx="2">reflected</governor>
            <dependent idx="38">.</dependent>
          </dep>
        </dependencies>
      </sentence>
      <sentence id="12">
        <tokens>
          <token id="1">
            <word>Oddly</word>
            <lemma>oddly</lemma>
            <CharacterOffsetBegin>1120</CharacterOffsetBegin>
            <CharacterOffsetEnd>1125</CharacterOffsetEnd>
            <POS>RB</POS>
            <NER>O</NER>
            <Speaker>PER0</Speaker>
          </token>
          <token id="2">
            <word>enough</word>
            <lemma>enough</lemma>
            <CharacterOffsetBegin>1126</CharacterOffsetBegin>
            <CharacterOffsetEnd>1132</CharacterOffsetEnd>
            <POS>RB</POS>
            <NER>O</NER>
            <Speaker>PER0</Speaker>
          </token>
          <token id="3">
            <word>I</word>
            <lemma>I</lemma>
            <CharacterOffsetBegin>1133</CharacterOffsetBegin>
            <CharacterOffsetEnd>1134</CharacterOffsetEnd>
            <POS>PRP</POS>
            <NER>O</NER>
            <Speaker>PER0</Speaker>
          </token>
          <token id="4">
            <word>found</word>
            <lemma>find</lemma>
            <CharacterOffsetBegin>1135</CharacterOffsetBegin>
            <CharacterOffsetEnd>1140</CharacterOffsetEnd>
            <POS>VBD</POS>
            <NER>O</NER>
            <Speaker>PER0</Speaker>
          </token>
          <token id="5">
            <word>it</word>
            <lemma>it</lemma>
            <CharacterOffsetBegin>1141</CharacterOffsetBegin>
            <CharacterOffsetEnd>1143</CharacterOffsetEnd>
            <POS>PRP</POS>
            <NER>O</NER>
            <Speaker>PER0</Speaker>
          </token>
          <token id="6">
            <word>quite</word>
            <lemma>quite</lemma>
            <CharacterOffsetBegin>1144</CharacterOffsetBegin>
            <CharacterOffsetEnd>1149</CharacterOffsetEnd>
            <POS>RB</POS>
            <NER>O</NER>
            <Speaker>PER0</Speaker>
          </token>
          <token id="7">
            <word>empowering</word>
            <lemma>empower</lemma>
            <CharacterOffsetBegin>1150</CharacterOffsetBegin>
            <CharacterOffsetEnd>1160</CharacterOffsetEnd>
            <POS>VBG</POS>
            <NER>O</NER>
            <Speaker>PER0</Speaker>
          </token>
          <token id="8">
            <word>to</word>
            <lemma>to</lemma>
            <CharacterOffsetBegin>1161</CharacterOffsetBegin>
            <CharacterOffsetEnd>1163</CharacterOffsetEnd>
            <POS>TO</POS>
            <NER>O</NER>
            <Speaker>PER0</Speaker>
          </token>
          <token id="9">
            <word>hear</word>
            <lemma>hear</lemma>
            <CharacterOffsetBegin>1164</CharacterOffsetBegin>
            <CharacterOffsetEnd>1168</CharacterOffsetEnd>
            <POS>VB</POS>
            <NER>O</NER>
            <Speaker>PER0</Speaker>
          </token>
          <token id="10">
            <word>Natalia</word>
            <lemma>Natalia</lemma>
            <CharacterOffsetBegin>1169</CharacterOffsetBegin>
            <CharacterOffsetEnd>1176</CharacterOffsetEnd>
            <POS>NNP</POS>
            <NER>PERSON</NER>
            <Speaker>PER0</Speaker>
          </token>
          <token id="11">
            <word>state</word>
            <lemma>state</lemma>
            <CharacterOffsetBegin>1177</CharacterOffsetBegin>
            <CharacterOffsetEnd>1182</CharacterOffsetEnd>
            <POS>NN</POS>
            <NER>O</NER>
            <Speaker>PER0</Speaker>
          </token>
          <token id="12">
            <word>the</word>
            <lemma>the</lemma>
            <CharacterOffsetBegin>1183</CharacterOffsetBegin>
            <CharacterOffsetEnd>1186</CharacterOffsetEnd>
            <POS>DT</POS>
            <NER>O</NER>
            <Speaker>PER0</Speaker>
          </token>
          <token id="13">
            <word>following</word>
            <lemma>follow</lemma>
            <CharacterOffsetBegin>1187</CharacterOffsetBegin>
            <CharacterOffsetEnd>1196</CharacterOffsetEnd>
            <POS>VBG</POS>
            <NER>O</NER>
            <Speaker>PER0</Speaker>
          </token>
          <token id="14">
            <word>``</word>
            <lemma>``</lemma>
            <CharacterOffsetBegin>1197</CharacterOffsetBegin>
            <CharacterOffsetEnd>1198</CharacterOffsetEnd>
            <POS>``</POS>
            <NER>O</NER>
          </token>
          <token id="15">
            <word>Real</word>
            <lemma>real</lemma>
            <CharacterOffsetBegin>1198</CharacterOffsetBegin>
            <CharacterOffsetEnd>1202</CharacterOffsetEnd>
            <POS>JJ</POS>
            <NER>O</NER>
            <Speaker>66</Speaker>
          </token>
          <token id="16">
            <word>life</word>
            <lemma>life</lemma>
            <CharacterOffsetBegin>1203</CharacterOffsetBegin>
            <CharacterOffsetEnd>1207</CharacterOffsetEnd>
            <POS>NN</POS>
            <NER>O</NER>
            <Speaker>66</Speaker>
          </token>
          <token id="17">
            <word>dilemmas</word>
            <lemma>dilemma</lemma>
            <CharacterOffsetBegin>1208</CharacterOffsetBegin>
            <CharacterOffsetEnd>1216</CharacterOffsetEnd>
            <POS>NNS</POS>
            <NER>O</NER>
            <Speaker>66</Speaker>
          </token>
          <token id="18">
            <word>often</word>
            <lemma>often</lemma>
            <CharacterOffsetBegin>1217</CharacterOffsetBegin>
            <CharacterOffsetEnd>1222</CharacterOffsetEnd>
            <POS>RB</POS>
            <NER>O</NER>
            <Speaker>66</Speaker>
          </token>
          <token id="19">
            <word>present</word>
            <lemma>present</lemma>
            <CharacterOffsetBegin>1223</CharacterOffsetBegin>
            <CharacterOffsetEnd>1230</CharacterOffsetEnd>
            <POS>JJ</POS>
            <NER>DATE</NER>
            <NormalizedNER>PRESENT_REF</NormalizedNER>
            <Speaker>66</Speaker>
            <Timex tid="t2" type="DATE">PRESENT_REF</Timex>
          </token>
          <token id="20">
            <word>choices</word>
            <lemma>choice</lemma>
            <CharacterOffsetBegin>1231</CharacterOffsetBegin>
            <CharacterOffsetEnd>1238</CharacterOffsetEnd>
            <POS>NNS</POS>
            <NER>O</NER>
            <Speaker>66</Speaker>
          </token>
          <token id="21">
            <word>between</word>
            <lemma>between</lemma>
            <CharacterOffsetBegin>1239</CharacterOffsetBegin>
            <CharacterOffsetEnd>1246</CharacterOffsetEnd>
            <POS>IN</POS>
            <NER>O</NER>
            <Speaker>66</Speaker>
          </token>
          <token id="22">
            <word>equally</word>
            <lemma>equally</lemma>
            <CharacterOffsetBegin>1247</CharacterOffsetBegin>
            <CharacterOffsetEnd>1254</CharacterOffsetEnd>
            <POS>RB</POS>
            <NER>O</NER>
            <Speaker>66</Speaker>
          </token>
          <token id="23">
            <word>unfavorable</word>
            <lemma>unfavorable</lemma>
            <CharacterOffsetBegin>1255</CharacterOffsetBegin>
            <CharacterOffsetEnd>1266</CharacterOffsetEnd>
            <POS>JJ</POS>
            <NER>O</NER>
            <Speaker>66</Speaker>
          </token>
          <token id="24">
            <word>or</word>
            <lemma>or</lemma>
            <CharacterOffsetBegin>1267</CharacterOffsetBegin>
            <CharacterOffsetEnd>1269</CharacterOffsetEnd>
            <POS>CC</POS>
            <NER>O</NER>
            <Speaker>66</Speaker>
          </token>
          <token id="25">
            <word>disagreeable</word>
            <lemma>disagreeable</lemma>
            <CharacterOffsetBegin>1270</CharacterOffsetBegin>
            <CharacterOffsetEnd>1282</CharacterOffsetEnd>
            <POS>JJ</POS>
            <NER>O</NER>
            <Speaker>66</Speaker>
          </token>
          <token id="26">
            <word>alternatives</word>
            <lemma>alternative</lemma>
            <CharacterOffsetBegin>1283</CharacterOffsetBegin>
            <CharacterOffsetEnd>1295</CharacterOffsetEnd>
            <POS>NNS</POS>
            <NER>O</NER>
            <Speaker>66</Speaker>
          </token>
          <token id="27">
            <word>.</word>
            <lemma>.</lemma>
            <CharacterOffsetBegin>1295</CharacterOffsetBegin>
            <CharacterOffsetEnd>1296</CharacterOffsetEnd>
            <POS>.</POS>
            <NER>O</NER>
            <Speaker>66</Speaker>
          </token>
        </tokens>
        <parse>(ROOT (S (ADVP (RB Oddly) (RB enough)) (NP (PRP I)) (VP (VBD found) (NP (PRP it)) (ADVP (RB quite) (VP (VBG empowering) (S (VP (TO to) (VP (VB hear) (S (NP (NNP Natalia)) (NP (NP (NN state) (DT the)) (PP (VBG following) (NP (`` ``) (NP (JJ Real) (NN life) (NNS dilemmas)) (ADVP (RB often) (NP (JJ present) (NNS choices))) (PP (IN between) (NP (NP (RB equally) (JJ unfavorable)) (CC or) (NP (JJ disagreeable) (NNS alternatives)))))))))))))) (. .))) </parse>
        <dependencies type="basic-dependencies">
          <dep type="root">
            <governor idx="0">ROOT</governor>
            <dependent idx="4">found</dependent>
          </dep>
          <dep type="advmod">
            <governor idx="2">enough</governor>
            <dependent idx="1">Oddly</dependent>
          </dep>
          <dep type="advmod">
            <governor idx="4">found</governor>
            <dependent idx="2">enough</dependent>
          </dep>
          <dep type="nsubj">
            <governor idx="4">found</governor>
            <dependent idx="3">I</dependent>
          </dep>
          <dep type="dobj">
            <governor idx="4">found</governor>
            <dependent idx="5">it</dependent>
          </dep>
          <dep type="advmod">
            <governor idx="4">found</governor>
            <dependent idx="6">quite</dependent>
          </dep>
          <dep type="dep">
            <governor idx="6">quite</governor>
            <dependent idx="7">empowering</dependent>
          </dep>
          <dep type="mark">
            <governor idx="9">hear</governor>
            <dependent idx="8">to</dependent>
          </dep>
          <dep type="xcomp">
            <governor idx="7">empowering</governor>
            <dependent idx="9">hear</dependent>
          </dep>
          <dep type="nsubj">
            <governor idx="11">state</governor>
            <dependent idx="10">Natalia</dependent>
          </dep>
          <dep type="xcomp">
            <governor idx="9">hear</governor>
            <dependent idx="11">state</dependent>
          </dep>
          <dep type="dep">
            <governor idx="11">state</governor>
            <dependent idx="12">the</dependent>
          </dep>
          <dep type="case">
            <governor idx="17">dilemmas</governor>
            <dependent idx="13">following</dependent>
          </dep>
          <dep type="punct">
            <governor idx="17">dilemmas</governor>
            <dependent idx="14">``</dependent>
          </dep>
          <dep type="amod">
            <governor idx="17">dilemmas</governor>
            <dependent idx="15">Real</dependent>
          </dep>
          <dep type="compound">
            <governor idx="17">dilemmas</governor>
            <dependent idx="16">life</dependent>
          </dep>
          <dep type="nmod">
            <governor idx="11">state</governor>
            <dependent idx="17">dilemmas</dependent>
          </dep>
          <dep type="advmod">
            <governor idx="17">dilemmas</governor>
            <dependent idx="18">often</dependent>
          </dep>
          <dep type="amod">
            <governor idx="20">choices</governor>
            <dependent idx="19">present</dependent>
          </dep>
          <dep type="nmod:npmod">
            <governor idx="18">often</governor>
            <dependent idx="20">choices</dependent>
          </dep>
          <dep type="case">
            <governor idx="23">unfavorable</governor>
            <dependent idx="21">between</dependent>
          </dep>
          <dep type="advmod">
            <governor idx="23">unfavorable</governor>
            <dependent idx="22">equally</dependent>
          </dep>
          <dep type="nmod">
            <governor idx="17">dilemmas</governor>
            <dependent idx="23">unfavorable</dependent>
          </dep>
          <dep type="cc">
            <governor idx="23">unfavorable</governor>
            <dependent idx="24">or</dependent>
          </dep>
          <dep type="amod">
            <governor idx="26">alternatives</governor>
            <dependent idx="25">disagreeable</dependent>
          </dep>
          <dep type="conj">
            <governor idx="23">unfavorable</governor>
            <dependent idx="26">alternatives</dependent>
          </dep>
          <dep type="punct">
            <governor idx="4">found</governor>
            <dependent idx="27">.</dependent>
          </dep>
        </dependencies>
        <dependencies type="collapsed-dependencies">
          <dep type="root">
            <governor idx="0">ROOT</governor>
            <dependent idx="4">found</dependent>
          </dep>
          <dep type="advmod">
            <governor idx="2">enough</governor>
            <dependent idx="1">Oddly</dependent>
          </dep>
          <dep type="advmod">
            <governor idx="4">found</governor>
            <dependent idx="2">enough</dependent>
          </dep>
          <dep type="nsubj">
            <governor idx="4">found</governor>
            <dependent idx="3">I</dependent>
          </dep>
          <dep type="dobj">
            <governor idx="4">found</governor>
            <dependent idx="5">it</dependent>
          </dep>
          <dep type="advmod">
            <governor idx="4">found</governor>
            <dependent idx="6">quite</dependent>
          </dep>
          <dep type="dep">
            <governor idx="6">quite</governor>
            <dependent idx="7">empowering</dependent>
          </dep>
          <dep type="mark">
            <governor idx="9">hear</governor>
            <dependent idx="8">to</dependent>
          </dep>
          <dep type="xcomp">
            <governor idx="7">empowering</governor>
            <dependent idx="9">hear</dependent>
          </dep>
          <dep type="nsubj">
            <governor idx="11">state</governor>
            <dependent idx="10">Natalia</dependent>
          </dep>
          <dep type="xcomp">
            <governor idx="9">hear</governor>
            <dependent idx="11">state</dependent>
          </dep>
          <dep type="dep">
            <governor idx="11">state</governor>
            <dependent idx="12">the</dependent>
          </dep>
          <dep type="case">
            <governor idx="17">dilemmas</governor>
            <dependent idx="13">following</dependent>
          </dep>
          <dep type="punct">
            <governor idx="17">dilemmas</governor>
            <dependent idx="14">``</dependent>
          </dep>
          <dep type="amod">
            <governor idx="17">dilemmas</governor>
            <dependent idx="15">Real</dependent>
          </dep>
          <dep type="compound">
            <governor idx="17">dilemmas</governor>
            <dependent idx="16">life</dependent>
          </dep>
          <dep type="nmod:following">
            <governor idx="11">state</governor>
            <dependent idx="17">dilemmas</dependent>
          </dep>
          <dep type="advmod">
            <governor idx="17">dilemmas</governor>
            <dependent idx="18">often</dependent>
          </dep>
          <dep type="amod">
            <governor idx="20">choices</governor>
            <dependent idx="19">present</dependent>
          </dep>
          <dep type="nmod:npmod">
            <governor idx="18">often</governor>
            <dependent idx="20">choices</dependent>
          </dep>
          <dep type="case">
            <governor idx="23">unfavorable</governor>
            <dependent idx="21">between</dependent>
          </dep>
          <dep type="advmod">
            <governor idx="23">unfavorable</governor>
            <dependent idx="22">equally</dependent>
          </dep>
          <dep type="nmod:between">
            <governor idx="17">dilemmas</governor>
            <dependent idx="23">unfavorable</dependent>
          </dep>
          <dep type="cc">
            <governor idx="23">unfavorable</governor>
            <dependent idx="24">or</dependent>
          </dep>
          <dep type="amod">
            <governor idx="26">alternatives</governor>
            <dependent idx="25">disagreeable</dependent>
          </dep>
          <dep type="conj:or">
            <governor idx="23">unfavorable</governor>
            <dependent idx="26">alternatives</dependent>
          </dep>
          <dep type="punct">
            <governor idx="4">found</governor>
            <dependent idx="27">.</dependent>
          </dep>
        </dependencies>
        <dependencies type="collapsed-ccprocessed-dependencies">
          <dep type="root">
            <governor idx="0">ROOT</governor>
            <dependent idx="4">found</dependent>
          </dep>
          <dep type="advmod">
            <governor idx="2">enough</governor>
            <dependent idx="1">Oddly</dependent>
          </dep>
          <dep type="advmod">
            <governor idx="4">found</governor>
            <dependent idx="2">enough</dependent>
          </dep>
          <dep type="nsubj">
            <governor idx="4">found</governor>
            <dependent idx="3">I</dependent>
          </dep>
          <dep type="dobj">
            <governor idx="4">found</governor>
            <dependent idx="5">it</dependent>
          </dep>
          <dep type="advmod">
            <governor idx="4">found</governor>
            <dependent idx="6">quite</dependent>
          </dep>
          <dep type="dep">
            <governor idx="6">quite</governor>
            <dependent idx="7">empowering</dependent>
          </dep>
          <dep type="mark">
            <governor idx="9">hear</governor>
            <dependent idx="8">to</dependent>
          </dep>
          <dep type="xcomp">
            <governor idx="7">empowering</governor>
            <dependent idx="9">hear</dependent>
          </dep>
          <dep type="nsubj">
            <governor idx="11">state</governor>
            <dependent idx="10">Natalia</dependent>
          </dep>
          <dep type="xcomp">
            <governor idx="9">hear</governor>
            <dependent idx="11">state</dependent>
          </dep>
          <dep type="dep">
            <governor idx="11">state</governor>
            <dependent idx="12">the</dependent>
          </dep>
          <dep type="case">
            <governor idx="17">dilemmas</governor>
            <dependent idx="13">following</dependent>
          </dep>
          <dep type="punct">
            <governor idx="17">dilemmas</governor>
            <dependent idx="14">``</dependent>
          </dep>
          <dep type="amod">
            <governor idx="17">dilemmas</governor>
            <dependent idx="15">Real</dependent>
          </dep>
          <dep type="compound">
            <governor idx="17">dilemmas</governor>
            <dependent idx="16">life</dependent>
          </dep>
          <dep type="nmod:following">
            <governor idx="11">state</governor>
            <dependent idx="17">dilemmas</dependent>
          </dep>
          <dep type="advmod">
            <governor idx="17">dilemmas</governor>
            <dependent idx="18">often</dependent>
          </dep>
          <dep type="amod">
            <governor idx="20">choices</governor>
            <dependent idx="19">present</dependent>
          </dep>
          <dep type="nmod:npmod">
            <governor idx="18">often</governor>
            <dependent idx="20">choices</dependent>
          </dep>
          <dep type="case">
            <governor idx="23">unfavorable</governor>
            <dependent idx="21">between</dependent>
          </dep>
          <dep type="advmod">
            <governor idx="23">unfavorable</governor>
            <dependent idx="22">equally</dependent>
          </dep>
          <dep type="nmod:between">
            <governor idx="17">dilemmas</governor>
            <dependent idx="23">unfavorable</dependent>
          </dep>
          <dep type="cc">
            <governor idx="23">unfavorable</governor>
            <dependent idx="24">or</dependent>
          </dep>
          <dep type="amod">
            <governor idx="26">alternatives</governor>
            <dependent idx="25">disagreeable</dependent>
          </dep>
          <dep type="nmod:between" extra="true">
            <governor idx="17">dilemmas</governor>
            <dependent idx="26">alternatives</dependent>
          </dep>
          <dep type="conj:or">
            <governor idx="23">unfavorable</governor>
            <dependent idx="26">alternatives</dependent>
          </dep>
          <dep type="punct">
            <governor idx="4">found</governor>
            <dependent idx="27">.</dependent>
          </dep>
        </dependencies>
      </sentence>
      <sentence id="13">
        <tokens>
          <token id="1">
            <word>You</word>
            <lemma>you</lemma>
            <CharacterOffsetBegin>1297</CharacterOffsetBegin>
            <CharacterOffsetEnd>1300</CharacterOffsetEnd>
            <POS>PRP</POS>
            <NER>O</NER>
            <Speaker>66</Speaker>
          </token>
          <token id="2">
            <word>need</word>
            <lemma>need</lemma>
            <CharacterOffsetBegin>1301</CharacterOffsetBegin>
            <CharacterOffsetEnd>1305</CharacterOffsetEnd>
            <POS>VBP</POS>
            <NER>O</NER>
            <Speaker>66</Speaker>
          </token>
          <token id="3">
            <word>to</word>
            <lemma>to</lemma>
            <CharacterOffsetBegin>1306</CharacterOffsetBegin>
            <CharacterOffsetEnd>1308</CharacterOffsetEnd>
            <POS>TO</POS>
            <NER>O</NER>
            <Speaker>66</Speaker>
          </token>
          <token id="4">
            <word>know</word>
            <lemma>know</lemma>
            <CharacterOffsetBegin>1309</CharacterOffsetBegin>
            <CharacterOffsetEnd>1313</CharacterOffsetEnd>
            <POS>VB</POS>
            <NER>O</NER>
            <Speaker>66</Speaker>
          </token>
          <token id="5">
            <word>how</word>
            <lemma>how</lemma>
            <CharacterOffsetBegin>1314</CharacterOffsetBegin>
            <CharacterOffsetEnd>1317</CharacterOffsetEnd>
            <POS>WRB</POS>
            <NER>O</NER>
            <Speaker>66</Speaker>
          </token>
          <token id="6">
            <word>to</word>
            <lemma>to</lemma>
            <CharacterOffsetBegin>1318</CharacterOffsetBegin>
            <CharacterOffsetEnd>1320</CharacterOffsetEnd>
            <POS>TO</POS>
            <NER>O</NER>
            <Speaker>66</Speaker>
          </token>
          <token id="7">
            <word>make</word>
            <lemma>make</lemma>
            <CharacterOffsetBegin>1321</CharacterOffsetBegin>
            <CharacterOffsetEnd>1325</CharacterOffsetEnd>
            <POS>VB</POS>
            <NER>O</NER>
            <Speaker>66</Speaker>
          </token>
          <token id="8">
            <word>judgments</word>
            <lemma>judgment</lemma>
            <CharacterOffsetBegin>1326</CharacterOffsetBegin>
            <CharacterOffsetEnd>1335</CharacterOffsetEnd>
            <POS>NNS</POS>
            <NER>O</NER>
            <Speaker>66</Speaker>
          </token>
          <token id="9">
            <word>,</word>
            <lemma>,</lemma>
            <CharacterOffsetBegin>1335</CharacterOffsetBegin>
            <CharacterOffsetEnd>1336</CharacterOffsetEnd>
            <POS>,</POS>
            <NER>O</NER>
            <Speaker>66</Speaker>
          </token>
          <token id="10">
            <word>why</word>
            <lemma>why</lemma>
            <CharacterOffsetBegin>1337</CharacterOffsetBegin>
            <CharacterOffsetEnd>1340</CharacterOffsetEnd>
            <POS>WRB</POS>
            <NER>O</NER>
            <Speaker>66</Speaker>
          </token>
          <token id="11">
            <word>you</word>
            <lemma>you</lemma>
            <CharacterOffsetBegin>1341</CharacterOffsetBegin>
            <CharacterOffsetEnd>1344</CharacterOffsetEnd>
            <POS>PRP</POS>
            <NER>O</NER>
            <Speaker>66</Speaker>
          </token>
          <token id="12">
            <word>made</word>
            <lemma>make</lemma>
            <CharacterOffsetBegin>1345</CharacterOffsetBegin>
            <CharacterOffsetEnd>1349</CharacterOffsetEnd>
            <POS>VBD</POS>
            <NER>O</NER>
            <Speaker>66</Speaker>
          </token>
          <token id="13">
            <word>the</word>
            <lemma>the</lemma>
            <CharacterOffsetBegin>1350</CharacterOffsetBegin>
            <CharacterOffsetEnd>1353</CharacterOffsetEnd>
            <POS>DT</POS>
            <NER>O</NER>
            <Speaker>66</Speaker>
          </token>
          <token id="14">
            <word>judgment</word>
            <lemma>judgment</lemma>
            <CharacterOffsetBegin>1354</CharacterOffsetBegin>
            <CharacterOffsetEnd>1362</CharacterOffsetEnd>
            <POS>NN</POS>
            <NER>O</NER>
            <Speaker>66</Speaker>
          </token>
          <token id="15">
            <word>and</word>
            <lemma>and</lemma>
            <CharacterOffsetBegin>1363</CharacterOffsetBegin>
            <CharacterOffsetEnd>1366</CharacterOffsetEnd>
            <POS>CC</POS>
            <NER>O</NER>
            <Speaker>66</Speaker>
          </token>
          <token id="16">
            <word>be</word>
            <lemma>be</lemma>
            <CharacterOffsetBegin>1367</CharacterOffsetBegin>
            <CharacterOffsetEnd>1369</CharacterOffsetEnd>
            <POS>VB</POS>
            <NER>O</NER>
            <Speaker>66</Speaker>
          </token>
          <token id="17">
            <word>accountable</word>
            <lemma>accountable</lemma>
            <CharacterOffsetBegin>1370</CharacterOffsetBegin>
            <CharacterOffsetEnd>1381</CharacterOffsetEnd>
            <POS>JJ</POS>
            <NER>O</NER>
            <Speaker>66</Speaker>
          </token>
          <token id="18">
            <word>for</word>
            <lemma>for</lemma>
            <CharacterOffsetBegin>1382</CharacterOffsetBegin>
            <CharacterOffsetEnd>1385</CharacterOffsetEnd>
            <POS>IN</POS>
            <NER>O</NER>
            <Speaker>66</Speaker>
          </token>
          <token id="19">
            <word>your</word>
            <lemma>you</lemma>
            <CharacterOffsetBegin>1386</CharacterOffsetBegin>
            <CharacterOffsetEnd>1390</CharacterOffsetEnd>
            <POS>PRP$</POS>
            <NER>O</NER>
            <Speaker>66</Speaker>
          </token>
          <token id="20">
            <word>judgment</word>
            <lemma>judgment</lemma>
            <CharacterOffsetBegin>1391</CharacterOffsetBegin>
            <CharacterOffsetEnd>1399</CharacterOffsetEnd>
            <POS>NN</POS>
            <NER>O</NER>
            <Speaker>66</Speaker>
          </token>
          <token id="21">
            <word>''</word>
            <lemma>''</lemma>
            <CharacterOffsetBegin>1399</CharacterOffsetBegin>
            <CharacterOffsetEnd>1400</CharacterOffsetEnd>
            <POS>''</POS>
            <NER>O</NER>
            <Speaker>PER0</Speaker>
          </token>
          <token id="22">
            <word>.</word>
            <lemma>.</lemma>
            <CharacterOffsetBegin>1400</CharacterOffsetBegin>
            <CharacterOffsetEnd>1401</CharacterOffsetEnd>
            <POS>.</POS>
            <NER>O</NER>
            <Speaker>PER0</Speaker>
          </token>
        </tokens>
        <parse>(ROOT (S (NP (PRP You)) (VP (VBP need) (S (VP (TO to) (VP (VP (VB know) (SBAR (WHADVP (WRB how)) (S (VP (TO to) (VP (VB make) (NP (NP (NNS judgments)) (, ,) (SBAR (WHADVP (WRB why)) (S (NP (PRP you)) (VP (VBD made) (NP (DT the) (NN judgment))))))))))) (CC and) (VP (VB be) (ADJP (JJ accountable) (PP (IN for) (NP (PRP$ your) (NN judgment) ('' ''))))))))) (. .))) </parse>
        <dependencies type="basic-dependencies">
          <dep type="root">
            <governor idx="0">ROOT</governor>
            <dependent idx="2">need</dependent>
          </dep>
          <dep type="nsubj">
            <governor idx="2">need</governor>
            <dependent idx="1">You</dependent>
          </dep>
          <dep type="mark">
            <governor idx="4">know</governor>
            <dependent idx="3">to</dependent>
          </dep>
          <dep type="xcomp">
            <governor idx="2">need</governor>
            <dependent idx="4">know</dependent>
          </dep>
          <dep type="advmod">
            <governor idx="7">make</governor>
            <dependent idx="5">how</dependent>
          </dep>
          <dep type="mark">
            <governor idx="7">make</governor>
            <dependent idx="6">to</dependent>
          </dep>
          <dep type="ccomp">
            <governor idx="4">know</governor>
            <dependent idx="7">make</dependent>
          </dep>
          <dep type="dobj">
            <governor idx="7">make</governor>
            <dependent idx="8">judgments</dependent>
          </dep>
          <dep type="punct">
            <governor idx="8">judgments</governor>
            <dependent idx="9">,</dependent>
          </dep>
          <dep type="advmod">
            <governor idx="12">made</governor>
            <dependent idx="10">why</dependent>
          </dep>
          <dep type="nsubj">
            <governor idx="12">made</governor>
            <dependent idx="11">you</dependent>
          </dep>
          <dep type="acl:relcl">
            <governor idx="8">judgments</governor>
            <dependent idx="12">made</dependent>
          </dep>
          <dep type="det">
            <governor idx="14">judgment</governor>
            <dependent idx="13">the</dependent>
          </dep>
          <dep type="dobj">
            <governor idx="12">made</governor>
            <dependent idx="14">judgment</dependent>
          </dep>
          <dep type="cc">
            <governor idx="4">know</governor>
            <dependent idx="15">and</dependent>
          </dep>
          <dep type="cop">
            <governor idx="17">accountable</governor>
            <dependent idx="16">be</dependent>
          </dep>
          <dep type="conj">
            <governor idx="4">know</governor>
            <dependent idx="17">accountable</dependent>
          </dep>
          <dep type="case">
            <governor idx="20">judgment</governor>
            <dependent idx="18">for</dependent>
          </dep>
          <dep type="nmod:poss">
            <governor idx="20">judgment</governor>
            <dependent idx="19">your</dependent>
          </dep>
          <dep type="nmod">
            <governor idx="17">accountable</governor>
            <dependent idx="20">judgment</dependent>
          </dep>
          <dep type="punct">
            <governor idx="20">judgment</governor>
            <dependent idx="21">''</dependent>
          </dep>
          <dep type="punct">
            <governor idx="2">need</governor>
            <dependent idx="22">.</dependent>
          </dep>
        </dependencies>
        <dependencies type="collapsed-dependencies">
          <dep type="root">
            <governor idx="0">ROOT</governor>
            <dependent idx="2">need</dependent>
          </dep>
          <dep type="nsubj">
            <governor idx="2">need</governor>
            <dependent idx="1">You</dependent>
          </dep>
          <dep type="mark">
            <governor idx="4">know</governor>
            <dependent idx="3">to</dependent>
          </dep>
          <dep type="xcomp">
            <governor idx="2">need</governor>
            <dependent idx="4">know</dependent>
          </dep>
          <dep type="advmod">
            <governor idx="7">make</governor>
            <dependent idx="5">how</dependent>
          </dep>
          <dep type="mark">
            <governor idx="7">make</governor>
            <dependent idx="6">to</dependent>
          </dep>
          <dep type="ccomp">
            <governor idx="4">know</governor>
            <dependent idx="7">make</dependent>
          </dep>
          <dep type="dobj">
            <governor idx="7">make</governor>
            <dependent idx="8">judgments</dependent>
          </dep>
          <dep type="punct">
            <governor idx="8">judgments</governor>
            <dependent idx="9">,</dependent>
          </dep>
          <dep type="advmod">
            <governor idx="12">made</governor>
            <dependent idx="10">why</dependent>
          </dep>
          <dep type="nsubj">
            <governor idx="12">made</governor>
            <dependent idx="11">you</dependent>
          </dep>
          <dep type="acl:relcl">
            <governor idx="8">judgments</governor>
            <dependent idx="12">made</dependent>
          </dep>
          <dep type="det">
            <governor idx="14">judgment</governor>
            <dependent idx="13">the</dependent>
          </dep>
          <dep type="dobj">
            <governor idx="12">made</governor>
            <dependent idx="14">judgment</dependent>
          </dep>
          <dep type="cc">
            <governor idx="4">know</governor>
            <dependent idx="15">and</dependent>
          </dep>
          <dep type="cop">
            <governor idx="17">accountable</governor>
            <dependent idx="16">be</dependent>
          </dep>
          <dep type="conj:and">
            <governor idx="4">know</governor>
            <dependent idx="17">accountable</dependent>
          </dep>
          <dep type="case">
            <governor idx="20">judgment</governor>
            <dependent idx="18">for</dependent>
          </dep>
          <dep type="nmod:poss">
            <governor idx="20">judgment</governor>
            <dependent idx="19">your</dependent>
          </dep>
          <dep type="nmod:for">
            <governor idx="17">accountable</governor>
            <dependent idx="20">judgment</dependent>
          </dep>
          <dep type="punct">
            <governor idx="20">judgment</governor>
            <dependent idx="21">''</dependent>
          </dep>
          <dep type="punct">
            <governor idx="2">need</governor>
            <dependent idx="22">.</dependent>
          </dep>
        </dependencies>
        <dependencies type="collapsed-ccprocessed-dependencies">
          <dep type="root">
            <governor idx="0">ROOT</governor>
            <dependent idx="2">need</dependent>
          </dep>
          <dep type="nsubj">
            <governor idx="2">need</governor>
            <dependent idx="1">You</dependent>
          </dep>
          <dep type="mark">
            <governor idx="4">know</governor>
            <dependent idx="3">to</dependent>
          </dep>
          <dep type="xcomp">
            <governor idx="2">need</governor>
            <dependent idx="4">know</dependent>
          </dep>
          <dep type="advmod">
            <governor idx="7">make</governor>
            <dependent idx="5">how</dependent>
          </dep>
          <dep type="mark">
            <governor idx="7">make</governor>
            <dependent idx="6">to</dependent>
          </dep>
          <dep type="ccomp">
            <governor idx="4">know</governor>
            <dependent idx="7">make</dependent>
          </dep>
          <dep type="dobj">
            <governor idx="7">make</governor>
            <dependent idx="8">judgments</dependent>
          </dep>
          <dep type="punct">
            <governor idx="8">judgments</governor>
            <dependent idx="9">,</dependent>
          </dep>
          <dep type="advmod">
            <governor idx="12">made</governor>
            <dependent idx="10">why</dependent>
          </dep>
          <dep type="nsubj">
            <governor idx="12">made</governor>
            <dependent idx="11">you</dependent>
          </dep>
          <dep type="acl:relcl">
            <governor idx="8">judgments</governor>
            <dependent idx="12">made</dependent>
          </dep>
          <dep type="det">
            <governor idx="14">judgment</governor>
            <dependent idx="13">the</dependent>
          </dep>
          <dep type="dobj">
            <governor idx="12">made</governor>
            <dependent idx="14">judgment</dependent>
          </dep>
          <dep type="cc">
            <governor idx="4">know</governor>
            <dependent idx="15">and</dependent>
          </dep>
          <dep type="cop">
            <governor idx="17">accountable</governor>
            <dependent idx="16">be</dependent>
          </dep>
          <dep type="xcomp" extra="true">
            <governor idx="2">need</governor>
            <dependent idx="17">accountable</dependent>
          </dep>
          <dep type="conj:and">
            <governor idx="4">know</governor>
            <dependent idx="17">accountable</dependent>
          </dep>
          <dep type="case">
            <governor idx="20">judgment</governor>
            <dependent idx="18">for</dependent>
          </dep>
          <dep type="nmod:poss">
            <governor idx="20">judgment</governor>
            <dependent idx="19">your</dependent>
          </dep>
          <dep type="nmod:for">
            <governor idx="17">accountable</governor>
            <dependent idx="20">judgment</dependent>
          </dep>
          <dep type="punct">
            <governor idx="20">judgment</governor>
            <dependent idx="21">''</dependent>
          </dep>
          <dep type="punct">
            <governor idx="2">need</governor>
            <dependent idx="22">.</dependent>
          </dep>
        </dependencies>
      </sentence>
      <sentence id="14">
        <tokens>
          <token id="1">
            <word>I</word>
            <lemma>I</lemma>
            <CharacterOffsetBegin>1402</CharacterOffsetBegin>
            <CharacterOffsetEnd>1403</CharacterOffsetEnd>
            <POS>PRP</POS>
            <NER>O</NER>
            <Speaker>PER0</Speaker>
          </token>
          <token id="2">
            <word>found</word>
            <lemma>find</lemma>
            <CharacterOffsetBegin>1404</CharacterOffsetBegin>
            <CharacterOffsetEnd>1409</CharacterOffsetEnd>
            <POS>VBD</POS>
            <NER>O</NER>
            <Speaker>PER0</Speaker>
          </token>
          <token id="3">
            <word>this</word>
            <lemma>this</lemma>
            <CharacterOffsetBegin>1410</CharacterOffsetBegin>
            <CharacterOffsetEnd>1414</CharacterOffsetEnd>
            <POS>DT</POS>
            <NER>O</NER>
            <Speaker>PER0</Speaker>
          </token>
          <token id="4">
            <word>statement</word>
            <lemma>statement</lemma>
            <CharacterOffsetBegin>1415</CharacterOffsetBegin>
            <CharacterOffsetEnd>1424</CharacterOffsetEnd>
            <POS>NN</POS>
            <NER>O</NER>
            <Speaker>PER0</Speaker>
          </token>
          <token id="5">
            <word>powerful</word>
            <lemma>powerful</lemma>
            <CharacterOffsetBegin>1425</CharacterOffsetBegin>
            <CharacterOffsetEnd>1433</CharacterOffsetEnd>
            <POS>JJ</POS>
            <NER>O</NER>
            <Speaker>PER0</Speaker>
          </token>
          <token id="6">
            <word>,</word>
            <lemma>,</lemma>
            <CharacterOffsetBegin>1433</CharacterOffsetBegin>
            <CharacterOffsetEnd>1434</CharacterOffsetEnd>
            <POS>,</POS>
            <NER>O</NER>
            <Speaker>PER0</Speaker>
          </token>
          <token id="7">
            <word>in</word>
            <lemma>in</lemma>
            <CharacterOffsetBegin>1435</CharacterOffsetBegin>
            <CharacterOffsetEnd>1437</CharacterOffsetEnd>
            <POS>IN</POS>
            <NER>O</NER>
            <Speaker>PER0</Speaker>
          </token>
          <token id="8">
            <word>fact</word>
            <lemma>fact</lemma>
            <CharacterOffsetBegin>1438</CharacterOffsetBegin>
            <CharacterOffsetEnd>1442</CharacterOffsetEnd>
            <POS>NN</POS>
            <NER>O</NER>
            <Speaker>PER0</Speaker>
          </token>
          <token id="9">
            <word>enlightening</word>
            <lemma>enlighten</lemma>
            <CharacterOffsetBegin>1443</CharacterOffsetBegin>
            <CharacterOffsetEnd>1455</CharacterOffsetEnd>
            <POS>VBG</POS>
            <NER>O</NER>
            <Speaker>PER0</Speaker>
          </token>
          <token id="10">
            <word>.</word>
            <lemma>.</lemma>
            <CharacterOffsetBegin>1455</CharacterOffsetBegin>
            <CharacterOffsetEnd>1456</CharacterOffsetEnd>
            <POS>.</POS>
            <NER>O</NER>
            <Speaker>PER0</Speaker>
          </token>
        </tokens>
        <parse>(ROOT (S (NP (PRP I)) (VP (VBD found) (S (NP (DT this) (NN statement)) (ADJP (JJ powerful))) (, ,) (PP (IN in) (NP (NP (NN fact)) (VP (VBG enlightening))))) (. .))) </parse>
        <dependencies type="basic-dependencies">
          <dep type="root">
            <governor idx="0">ROOT</governor>
            <dependent idx="2">found</dependent>
          </dep>
          <dep type="nsubj">
            <governor idx="2">found</governor>
            <dependent idx="1">I</dependent>
          </dep>
          <dep type="det">
            <governor idx="4">statement</governor>
            <dependent idx="3">this</dependent>
          </dep>
          <dep type="nsubj">
            <governor idx="5">powerful</governor>
            <dependent idx="4">statement</dependent>
          </dep>
          <dep type="xcomp">
            <governor idx="2">found</governor>
            <dependent idx="5">powerful</dependent>
          </dep>
          <dep type="punct">
            <governor idx="2">found</governor>
            <dependent idx="6">,</dependent>
          </dep>
          <dep type="case">
            <governor idx="8">fact</governor>
            <dependent idx="7">in</dependent>
          </dep>
          <dep type="nmod">
            <governor idx="2">found</governor>
            <dependent idx="8">fact</dependent>
          </dep>
          <dep type="acl">
            <governor idx="8">fact</governor>
            <dependent idx="9">enlightening</dependent>
          </dep>
          <dep type="punct">
            <governor idx="2">found</governor>
            <dependent idx="10">.</dependent>
          </dep>
        </dependencies>
        <dependencies type="collapsed-dependencies">
          <dep type="root">
            <governor idx="0">ROOT</governor>
            <dependent idx="2">found</dependent>
          </dep>
          <dep type="nsubj">
            <governor idx="2">found</governor>
            <dependent idx="1">I</dependent>
          </dep>
          <dep type="det">
            <governor idx="4">statement</governor>
            <dependent idx="3">this</dependent>
          </dep>
          <dep type="nsubj">
            <governor idx="5">powerful</governor>
            <dependent idx="4">statement</dependent>
          </dep>
          <dep type="xcomp">
            <governor idx="2">found</governor>
            <dependent idx="5">powerful</dependent>
          </dep>
          <dep type="punct">
            <governor idx="2">found</governor>
            <dependent idx="6">,</dependent>
          </dep>
          <dep type="case">
            <governor idx="8">fact</governor>
            <dependent idx="7">in</dependent>
          </dep>
          <dep type="nmod:in">
            <governor idx="2">found</governor>
            <dependent idx="8">fact</dependent>
          </dep>
          <dep type="acl">
            <governor idx="8">fact</governor>
            <dependent idx="9">enlightening</dependent>
          </dep>
          <dep type="punct">
            <governor idx="2">found</governor>
            <dependent idx="10">.</dependent>
          </dep>
        </dependencies>
        <dependencies type="collapsed-ccprocessed-dependencies">
          <dep type="root">
            <governor idx="0">ROOT</governor>
            <dependent idx="2">found</dependent>
          </dep>
          <dep type="nsubj">
            <governor idx="2">found</governor>
            <dependent idx="1">I</dependent>
          </dep>
          <dep type="det">
            <governor idx="4">statement</governor>
            <dependent idx="3">this</dependent>
          </dep>
          <dep type="nsubj">
            <governor idx="5">powerful</governor>
            <dependent idx="4">statement</dependent>
          </dep>
          <dep type="xcomp">
            <governor idx="2">found</governor>
            <dependent idx="5">powerful</dependent>
          </dep>
          <dep type="punct">
            <governor idx="2">found</governor>
            <dependent idx="6">,</dependent>
          </dep>
          <dep type="case">
            <governor idx="8">fact</governor>
            <dependent idx="7">in</dependent>
          </dep>
          <dep type="nmod:in">
            <governor idx="2">found</governor>
            <dependent idx="8">fact</dependent>
          </dep>
          <dep type="acl">
            <governor idx="8">fact</governor>
            <dependent idx="9">enlightening</dependent>
          </dep>
          <dep type="punct">
            <governor idx="2">found</governor>
            <dependent idx="10">.</dependent>
          </dep>
        </dependencies>
      </sentence>
      <sentence id="15">
        <tokens>
          <token id="1">
            <word>I</word>
            <lemma>I</lemma>
            <CharacterOffsetBegin>1457</CharacterOffsetBegin>
            <CharacterOffsetEnd>1458</CharacterOffsetEnd>
            <POS>PRP</POS>
            <NER>O</NER>
            <Speaker>PER0</Speaker>
          </token>
          <token id="2">
            <word>felt</word>
            <lemma>feel</lemma>
            <CharacterOffsetBegin>1459</CharacterOffsetBegin>
            <CharacterOffsetEnd>1463</CharacterOffsetEnd>
            <POS>VBD</POS>
            <NER>O</NER>
            <Speaker>PER0</Speaker>
          </token>
          <token id="3">
            <word>that</word>
            <lemma>that</lemma>
            <CharacterOffsetBegin>1464</CharacterOffsetBegin>
            <CharacterOffsetEnd>1468</CharacterOffsetEnd>
            <POS>IN</POS>
            <NER>O</NER>
            <Speaker>PER0</Speaker>
          </token>
          <token id="4">
            <word>it</word>
            <lemma>it</lemma>
            <CharacterOffsetBegin>1469</CharacterOffsetBegin>
            <CharacterOffsetEnd>1471</CharacterOffsetEnd>
            <POS>PRP</POS>
            <NER>O</NER>
            <Speaker>PER0</Speaker>
          </token>
          <token id="5">
            <word>gave</word>
            <lemma>give</lemma>
            <CharacterOffsetBegin>1472</CharacterOffsetBegin>
            <CharacterOffsetEnd>1476</CharacterOffsetEnd>
            <POS>VBD</POS>
            <NER>O</NER>
            <Speaker>PER0</Speaker>
          </token>
          <token id="6">
            <word>me</word>
            <lemma>I</lemma>
            <CharacterOffsetBegin>1477</CharacterOffsetBegin>
            <CharacterOffsetEnd>1479</CharacterOffsetEnd>
            <POS>PRP</POS>
            <NER>O</NER>
            <Speaker>PER0</Speaker>
          </token>
          <token id="7">
            <word>confidence</word>
            <lemma>confidence</lemma>
            <CharacterOffsetBegin>1480</CharacterOffsetBegin>
            <CharacterOffsetEnd>1490</CharacterOffsetEnd>
            <POS>NN</POS>
            <NER>O</NER>
            <Speaker>PER0</Speaker>
          </token>
          <token id="8">
            <word>to</word>
            <lemma>to</lemma>
            <CharacterOffsetBegin>1491</CharacterOffsetBegin>
            <CharacterOffsetEnd>1493</CharacterOffsetEnd>
            <POS>TO</POS>
            <NER>O</NER>
            <Speaker>PER0</Speaker>
          </token>
          <token id="9">
            <word>make</word>
            <lemma>make</lemma>
            <CharacterOffsetBegin>1494</CharacterOffsetBegin>
            <CharacterOffsetEnd>1498</CharacterOffsetEnd>
            <POS>VB</POS>
            <NER>O</NER>
            <Speaker>PER0</Speaker>
          </token>
          <token id="10">
            <word>my</word>
            <lemma>my</lemma>
            <CharacterOffsetBegin>1499</CharacterOffsetBegin>
            <CharacterOffsetEnd>1501</CharacterOffsetEnd>
            <POS>PRP$</POS>
            <NER>O</NER>
            <Speaker>PER0</Speaker>
          </token>
          <token id="11">
            <word>decisions</word>
            <lemma>decision</lemma>
            <CharacterOffsetBegin>1502</CharacterOffsetBegin>
            <CharacterOffsetEnd>1511</CharacterOffsetEnd>
            <POS>NNS</POS>
            <NER>O</NER>
            <Speaker>PER0</Speaker>
          </token>
          <token id="12">
            <word>so</word>
            <lemma>so</lemma>
            <CharacterOffsetBegin>1512</CharacterOffsetBegin>
            <CharacterOffsetEnd>1514</CharacterOffsetEnd>
            <POS>RB</POS>
            <NER>O</NER>
            <Speaker>PER0</Speaker>
          </token>
          <token id="13">
            <word>long</word>
            <lemma>long</lemma>
            <CharacterOffsetBegin>1515</CharacterOffsetBegin>
            <CharacterOffsetEnd>1519</CharacterOffsetEnd>
            <POS>RB</POS>
            <NER>O</NER>
            <Speaker>PER0</Speaker>
          </token>
          <token id="14">
            <word>as</word>
            <lemma>as</lemma>
            <CharacterOffsetBegin>1520</CharacterOffsetBegin>
            <CharacterOffsetEnd>1522</CharacterOffsetEnd>
            <POS>IN</POS>
            <NER>O</NER>
            <Speaker>PER0</Speaker>
          </token>
          <token id="15">
            <word>I</word>
            <lemma>I</lemma>
            <CharacterOffsetBegin>1523</CharacterOffsetBegin>
            <CharacterOffsetEnd>1524</CharacterOffsetEnd>
            <POS>PRP</POS>
            <NER>O</NER>
            <Speaker>PER0</Speaker>
          </token>
          <token id="16">
            <word>was</word>
            <lemma>be</lemma>
            <CharacterOffsetBegin>1525</CharacterOffsetBegin>
            <CharacterOffsetEnd>1528</CharacterOffsetEnd>
            <POS>VBD</POS>
            <NER>O</NER>
            <Speaker>PER0</Speaker>
          </token>
          <token id="17">
            <word>able</word>
            <lemma>able</lemma>
            <CharacterOffsetBegin>1529</CharacterOffsetBegin>
            <CharacterOffsetEnd>1533</CharacterOffsetEnd>
            <POS>JJ</POS>
            <NER>O</NER>
            <Speaker>PER0</Speaker>
          </token>
          <token id="18">
            <word>to</word>
            <lemma>to</lemma>
            <CharacterOffsetBegin>1534</CharacterOffsetBegin>
            <CharacterOffsetEnd>1536</CharacterOffsetEnd>
            <POS>TO</POS>
            <NER>O</NER>
            <Speaker>PER0</Speaker>
          </token>
          <token id="19">
            <word>justify</word>
            <lemma>justify</lemma>
            <CharacterOffsetBegin>1537</CharacterOffsetBegin>
            <CharacterOffsetEnd>1544</CharacterOffsetEnd>
            <POS>VB</POS>
            <NER>O</NER>
            <Speaker>PER0</Speaker>
          </token>
          <token id="20">
            <word>my</word>
            <lemma>my</lemma>
            <CharacterOffsetBegin>1545</CharacterOffsetBegin>
            <CharacterOffsetEnd>1547</CharacterOffsetEnd>
            <POS>PRP$</POS>
            <NER>O</NER>
            <Speaker>PER0</Speaker>
          </token>
          <token id="21">
            <word>actions</word>
            <lemma>action</lemma>
            <CharacterOffsetBegin>1548</CharacterOffsetBegin>
            <CharacterOffsetEnd>1555</CharacterOffsetEnd>
            <POS>NNS</POS>
            <NER>O</NER>
            <Speaker>PER0</Speaker>
          </token>
          <token id="22">
            <word>and</word>
            <lemma>and</lemma>
            <CharacterOffsetBegin>1556</CharacterOffsetBegin>
            <CharacterOffsetEnd>1559</CharacterOffsetEnd>
            <POS>CC</POS>
            <NER>O</NER>
            <Speaker>PER0</Speaker>
          </token>
          <token id="23">
            <word>I</word>
            <lemma>I</lemma>
            <CharacterOffsetBegin>1560</CharacterOffsetBegin>
            <CharacterOffsetEnd>1561</CharacterOffsetEnd>
            <POS>PRP</POS>
            <NER>O</NER>
            <Speaker>PER0</Speaker>
          </token>
          <token id="24">
            <word>was</word>
            <lemma>be</lemma>
            <CharacterOffsetBegin>1562</CharacterOffsetBegin>
            <CharacterOffsetEnd>1565</CharacterOffsetEnd>
            <POS>VBD</POS>
            <NER>O</NER>
            <Speaker>PER0</Speaker>
          </token>
          <token id="25">
            <word>willing</word>
            <lemma>willing</lemma>
            <CharacterOffsetBegin>1566</CharacterOffsetBegin>
            <CharacterOffsetEnd>1573</CharacterOffsetEnd>
            <POS>JJ</POS>
            <NER>O</NER>
            <Speaker>PER0</Speaker>
          </token>
          <token id="26">
            <word>to</word>
            <lemma>to</lemma>
            <CharacterOffsetBegin>1574</CharacterOffsetBegin>
            <CharacterOffsetEnd>1576</CharacterOffsetEnd>
            <POS>TO</POS>
            <NER>O</NER>
            <Speaker>PER0</Speaker>
          </token>
          <token id="27">
            <word>accept</word>
            <lemma>accept</lemma>
            <CharacterOffsetBegin>1577</CharacterOffsetBegin>
            <CharacterOffsetEnd>1583</CharacterOffsetEnd>
            <POS>VB</POS>
            <NER>O</NER>
            <Speaker>PER0</Speaker>
          </token>
          <token id="28">
            <word>accountability</word>
            <lemma>accountability</lemma>
            <CharacterOffsetBegin>1584</CharacterOffsetBegin>
            <CharacterOffsetEnd>1598</CharacterOffsetEnd>
            <POS>NN</POS>
            <NER>O</NER>
            <Speaker>PER0</Speaker>
          </token>
          <token id="29">
            <word>for</word>
            <lemma>for</lemma>
            <CharacterOffsetBegin>1599</CharacterOffsetBegin>
            <CharacterOffsetEnd>1602</CharacterOffsetEnd>
            <POS>IN</POS>
            <NER>O</NER>
            <Speaker>PER0</Speaker>
          </token>
          <token id="30">
            <word>it</word>
            <lemma>it</lemma>
            <CharacterOffsetBegin>1603</CharacterOffsetBegin>
            <CharacterOffsetEnd>1605</CharacterOffsetEnd>
            <POS>PRP</POS>
            <NER>O</NER>
            <Speaker>PER0</Speaker>
          </token>
          <token id="31">
            <word>.</word>
            <lemma>.</lemma>
            <CharacterOffsetBegin>1605</CharacterOffsetBegin>
            <CharacterOffsetEnd>1606</CharacterOffsetEnd>
            <POS>.</POS>
            <NER>O</NER>
            <Speaker>PER0</Speaker>
          </token>
        </tokens>
        <parse>(ROOT (S (S (NP (PRP I)) (VP (VBD felt) (SBAR (IN that) (S (NP (PRP it)) (VP (VBD gave) (NP (PRP me)) (NP (NN confidence)) (S (VP (TO to) (VP (VB make) (NP (PRP$ my) (NNS decisions)) (ADVP (ADVP (RB so) (RB long)) (SBAR (IN as) (S (NP (PRP I)) (VP (VBD was) (ADJP (JJ able) (S (VP (TO to) (VP (VB justify) (NP (PRP$ my) (NNS actions)))))))))))))))))) (CC and) (S (NP (PRP I)) (VP (VBD was) (ADJP (JJ willing) (S (VP (TO to) (VP (VB accept) (NP (NN accountability)) (PP (IN for) (NP (PRP it))))))))) (. .))) </parse>
        <dependencies type="basic-dependencies">
          <dep type="root">
            <governor idx="0">ROOT</governor>
            <dependent idx="2">felt</dependent>
          </dep>
          <dep type="nsubj">
            <governor idx="2">felt</governor>
            <dependent idx="1">I</dependent>
          </dep>
          <dep type="mark">
            <governor idx="5">gave</governor>
            <dependent idx="3">that</dependent>
          </dep>
          <dep type="nsubj">
            <governor idx="5">gave</governor>
            <dependent idx="4">it</dependent>
          </dep>
          <dep type="ccomp">
            <governor idx="2">felt</governor>
            <dependent idx="5">gave</dependent>
          </dep>
          <dep type="iobj">
            <governor idx="5">gave</governor>
            <dependent idx="6">me</dependent>
          </dep>
          <dep type="dobj">
            <governor idx="5">gave</governor>
            <dependent idx="7">confidence</dependent>
          </dep>
          <dep type="mark">
            <governor idx="9">make</governor>
            <dependent idx="8">to</dependent>
          </dep>
          <dep type="advcl">
            <governor idx="5">gave</governor>
            <dependent idx="9">make</dependent>
          </dep>
          <dep type="nmod:poss">
            <governor idx="11">decisions</governor>
            <dependent idx="10">my</dependent>
          </dep>
          <dep type="dobj">
            <governor idx="9">make</governor>
            <dependent idx="11">decisions</dependent>
          </dep>
          <dep type="advmod">
            <governor idx="13">long</governor>
            <dependent idx="12">so</dependent>
          </dep>
          <dep type="advmod">
            <governor idx="9">make</governor>
            <dependent idx="13">long</dependent>
          </dep>
          <dep type="mark">
            <governor idx="17">able</governor>
            <dependent idx="14">as</dependent>
          </dep>
          <dep type="nsubj">
            <governor idx="17">able</governor>
            <dependent idx="15">I</dependent>
          </dep>
          <dep type="cop">
            <governor idx="17">able</governor>
            <dependent idx="16">was</dependent>
          </dep>
          <dep type="advcl">
            <governor idx="13">long</governor>
            <dependent idx="17">able</dependent>
          </dep>
          <dep type="mark">
            <governor idx="19">justify</governor>
            <dependent idx="18">to</dependent>
          </dep>
          <dep type="xcomp">
            <governor idx="17">able</governor>
            <dependent idx="19">justify</dependent>
          </dep>
          <dep type="nmod:poss">
            <governor idx="21">actions</governor>
            <dependent idx="20">my</dependent>
          </dep>
          <dep type="dobj">
            <governor idx="19">justify</governor>
            <dependent idx="21">actions</dependent>
          </dep>
          <dep type="cc">
            <governor idx="2">felt</governor>
            <dependent idx="22">and</dependent>
          </dep>
          <dep type="nsubj">
            <governor idx="25">willing</governor>
            <dependent idx="23">I</dependent>
          </dep>
          <dep type="cop">
            <governor idx="25">willing</governor>
            <dependent idx="24">was</dependent>
          </dep>
          <dep type="conj">
            <governor idx="2">felt</governor>
            <dependent idx="25">willing</dependent>
          </dep>
          <dep type="mark">
            <governor idx="27">accept</governor>
            <dependent idx="26">to</dependent>
          </dep>
          <dep type="xcomp">
            <governor idx="25">willing</governor>
            <dependent idx="27">accept</dependent>
          </dep>
          <dep type="dobj">
            <governor idx="27">accept</governor>
            <dependent idx="28">accountability</dependent>
          </dep>
          <dep type="case">
            <governor idx="30">it</governor>
            <dependent idx="29">for</dependent>
          </dep>
          <dep type="nmod">
            <governor idx="27">accept</governor>
            <dependent idx="30">it</dependent>
          </dep>
          <dep type="punct">
            <governor idx="2">felt</governor>
            <dependent idx="31">.</dependent>
          </dep>
        </dependencies>
        <dependencies type="collapsed-dependencies">
          <dep type="root">
            <governor idx="0">ROOT</governor>
            <dependent idx="2">felt</dependent>
          </dep>
          <dep type="nsubj">
            <governor idx="2">felt</governor>
            <dependent idx="1">I</dependent>
          </dep>
          <dep type="mark">
            <governor idx="5">gave</governor>
            <dependent idx="3">that</dependent>
          </dep>
          <dep type="nsubj">
            <governor idx="5">gave</governor>
            <dependent idx="4">it</dependent>
          </dep>
          <dep type="ccomp">
            <governor idx="2">felt</governor>
            <dependent idx="5">gave</dependent>
          </dep>
          <dep type="iobj">
            <governor idx="5">gave</governor>
            <dependent idx="6">me</dependent>
          </dep>
          <dep type="dobj">
            <governor idx="5">gave</governor>
            <dependent idx="7">confidence</dependent>
          </dep>
          <dep type="mark">
            <governor idx="9">make</governor>
            <dependent idx="8">to</dependent>
          </dep>
          <dep type="advcl">
            <governor idx="5">gave</governor>
            <dependent idx="9">make</dependent>
          </dep>
          <dep type="nmod:poss">
            <governor idx="11">decisions</governor>
            <dependent idx="10">my</dependent>
          </dep>
          <dep type="dobj">
            <governor idx="9">make</governor>
            <dependent idx="11">decisions</dependent>
          </dep>
          <dep type="advmod">
            <governor idx="13">long</governor>
            <dependent idx="12">so</dependent>
          </dep>
          <dep type="advmod">
            <governor idx="9">make</governor>
            <dependent idx="13">long</dependent>
          </dep>
          <dep type="mark">
            <governor idx="17">able</governor>
            <dependent idx="14">as</dependent>
          </dep>
          <dep type="nsubj">
            <governor idx="17">able</governor>
            <dependent idx="15">I</dependent>
          </dep>
          <dep type="cop">
            <governor idx="17">able</governor>
            <dependent idx="16">was</dependent>
          </dep>
          <dep type="advcl">
            <governor idx="13">long</governor>
            <dependent idx="17">able</dependent>
          </dep>
          <dep type="mark">
            <governor idx="19">justify</governor>
            <dependent idx="18">to</dependent>
          </dep>
          <dep type="xcomp">
            <governor idx="17">able</governor>
            <dependent idx="19">justify</dependent>
          </dep>
          <dep type="nmod:poss">
            <governor idx="21">actions</governor>
            <dependent idx="20">my</dependent>
          </dep>
          <dep type="dobj">
            <governor idx="19">justify</governor>
            <dependent idx="21">actions</dependent>
          </dep>
          <dep type="cc">
            <governor idx="2">felt</governor>
            <dependent idx="22">and</dependent>
          </dep>
          <dep type="nsubj">
            <governor idx="25">willing</governor>
            <dependent idx="23">I</dependent>
          </dep>
          <dep type="cop">
            <governor idx="25">willing</governor>
            <dependent idx="24">was</dependent>
          </dep>
          <dep type="conj:and">
            <governor idx="2">felt</governor>
            <dependent idx="25">willing</dependent>
          </dep>
          <dep type="mark">
            <governor idx="27">accept</governor>
            <dependent idx="26">to</dependent>
          </dep>
          <dep type="xcomp">
            <governor idx="25">willing</governor>
            <dependent idx="27">accept</dependent>
          </dep>
          <dep type="dobj">
            <governor idx="27">accept</governor>
            <dependent idx="28">accountability</dependent>
          </dep>
          <dep type="case">
            <governor idx="30">it</governor>
            <dependent idx="29">for</dependent>
          </dep>
          <dep type="nmod:for">
            <governor idx="27">accept</governor>
            <dependent idx="30">it</dependent>
          </dep>
          <dep type="punct">
            <governor idx="2">felt</governor>
            <dependent idx="31">.</dependent>
          </dep>
        </dependencies>
        <dependencies type="collapsed-ccprocessed-dependencies">
          <dep type="root">
            <governor idx="0">ROOT</governor>
            <dependent idx="2">felt</dependent>
          </dep>
          <dep type="nsubj">
            <governor idx="2">felt</governor>
            <dependent idx="1">I</dependent>
          </dep>
          <dep type="mark">
            <governor idx="5">gave</governor>
            <dependent idx="3">that</dependent>
          </dep>
          <dep type="nsubj">
            <governor idx="5">gave</governor>
            <dependent idx="4">it</dependent>
          </dep>
          <dep type="ccomp">
            <governor idx="2">felt</governor>
            <dependent idx="5">gave</dependent>
          </dep>
          <dep type="iobj">
            <governor idx="5">gave</governor>
            <dependent idx="6">me</dependent>
          </dep>
          <dep type="dobj">
            <governor idx="5">gave</governor>
            <dependent idx="7">confidence</dependent>
          </dep>
          <dep type="mark">
            <governor idx="9">make</governor>
            <dependent idx="8">to</dependent>
          </dep>
          <dep type="advcl">
            <governor idx="5">gave</governor>
            <dependent idx="9">make</dependent>
          </dep>
          <dep type="nmod:poss">
            <governor idx="11">decisions</governor>
            <dependent idx="10">my</dependent>
          </dep>
          <dep type="dobj">
            <governor idx="9">make</governor>
            <dependent idx="11">decisions</dependent>
          </dep>
          <dep type="advmod">
            <governor idx="13">long</governor>
            <dependent idx="12">so</dependent>
          </dep>
          <dep type="advmod">
            <governor idx="9">make</governor>
            <dependent idx="13">long</dependent>
          </dep>
          <dep type="mark">
            <governor idx="17">able</governor>
            <dependent idx="14">as</dependent>
          </dep>
          <dep type="nsubj">
            <governor idx="17">able</governor>
            <dependent idx="15">I</dependent>
          </dep>
          <dep type="cop">
            <governor idx="17">able</governor>
            <dependent idx="16">was</dependent>
          </dep>
          <dep type="advcl">
            <governor idx="13">long</governor>
            <dependent idx="17">able</dependent>
          </dep>
          <dep type="mark">
            <governor idx="19">justify</governor>
            <dependent idx="18">to</dependent>
          </dep>
          <dep type="xcomp">
            <governor idx="17">able</governor>
            <dependent idx="19">justify</dependent>
          </dep>
          <dep type="nmod:poss">
            <governor idx="21">actions</governor>
            <dependent idx="20">my</dependent>
          </dep>
          <dep type="dobj">
            <governor idx="19">justify</governor>
            <dependent idx="21">actions</dependent>
          </dep>
          <dep type="cc">
            <governor idx="2">felt</governor>
            <dependent idx="22">and</dependent>
          </dep>
          <dep type="nsubj">
            <governor idx="25">willing</governor>
            <dependent idx="23">I</dependent>
          </dep>
          <dep type="cop">
            <governor idx="25">willing</governor>
            <dependent idx="24">was</dependent>
          </dep>
          <dep type="conj:and">
            <governor idx="2">felt</governor>
            <dependent idx="25">willing</dependent>
          </dep>
          <dep type="mark">
            <governor idx="27">accept</governor>
            <dependent idx="26">to</dependent>
          </dep>
          <dep type="xcomp">
            <governor idx="25">willing</governor>
            <dependent idx="27">accept</dependent>
          </dep>
          <dep type="dobj">
            <governor idx="27">accept</governor>
            <dependent idx="28">accountability</dependent>
          </dep>
          <dep type="case">
            <governor idx="30">it</governor>
            <dependent idx="29">for</dependent>
          </dep>
          <dep type="nmod:for">
            <governor idx="27">accept</governor>
            <dependent idx="30">it</dependent>
          </dep>
          <dep type="punct">
            <governor idx="2">felt</governor>
            <dependent idx="31">.</dependent>
          </dep>
        </dependencies>
      </sentence>
      <sentence id="16">
        <tokens>
          <token id="1">
            <word>Accountability</word>
            <lemma>accountability</lemma>
            <CharacterOffsetBegin>1608</CharacterOffsetBegin>
            <CharacterOffsetEnd>1622</CharacterOffsetEnd>
            <POS>NN</POS>
            <NER>O</NER>
            <Speaker>PER0</Speaker>
          </token>
          <token id="2">
            <word>was</word>
            <lemma>be</lemma>
            <CharacterOffsetBegin>1623</CharacterOffsetBegin>
            <CharacterOffsetEnd>1626</CharacterOffsetEnd>
            <POS>VBD</POS>
            <NER>O</NER>
            <Speaker>PER0</Speaker>
          </token>
          <token id="3">
            <word>the</word>
            <lemma>the</lemma>
            <CharacterOffsetBegin>1627</CharacterOffsetBegin>
            <CharacterOffsetEnd>1630</CharacterOffsetEnd>
            <POS>DT</POS>
            <NER>O</NER>
            <Speaker>PER0</Speaker>
          </token>
          <token id="4">
            <word>key</word>
            <lemma>key</lemma>
            <CharacterOffsetBegin>1631</CharacterOffsetBegin>
            <CharacterOffsetEnd>1634</CharacterOffsetEnd>
            <POS>JJ</POS>
            <NER>O</NER>
            <Speaker>PER0</Speaker>
          </token>
          <token id="5">
            <word>to</word>
            <lemma>to</lemma>
            <CharacterOffsetBegin>1635</CharacterOffsetBegin>
            <CharacterOffsetEnd>1637</CharacterOffsetEnd>
            <POS>TO</POS>
            <NER>O</NER>
            <Speaker>PER0</Speaker>
          </token>
          <token id="6">
            <word>it</word>
            <lemma>it</lemma>
            <CharacterOffsetBegin>1638</CharacterOffsetBegin>
            <CharacterOffsetEnd>1640</CharacterOffsetEnd>
            <POS>PRP</POS>
            <NER>O</NER>
            <Speaker>PER0</Speaker>
          </token>
          <token id="7">
            <word>.</word>
            <lemma>.</lemma>
            <CharacterOffsetBegin>1640</CharacterOffsetBegin>
            <CharacterOffsetEnd>1641</CharacterOffsetEnd>
            <POS>.</POS>
            <NER>O</NER>
            <Speaker>PER0</Speaker>
          </token>
        </tokens>
        <parse>(ROOT (S (NP (NN Accountability)) (VP (VBD was) (NP (DT the) (JJ key)) (PP (TO to) (NP (PRP it)))) (. .))) </parse>
        <dependencies type="basic-dependencies">
          <dep type="root">
            <governor idx="0">ROOT</governor>
            <dependent idx="4">key</dependent>
          </dep>
          <dep type="nsubj">
            <governor idx="4">key</governor>
            <dependent idx="1">Accountability</dependent>
          </dep>
          <dep type="cop">
            <governor idx="4">key</governor>
            <dependent idx="2">was</dependent>
          </dep>
          <dep type="det">
            <governor idx="4">key</governor>
            <dependent idx="3">the</dependent>
          </dep>
          <dep type="case">
            <governor idx="6">it</governor>
            <dependent idx="5">to</dependent>
          </dep>
          <dep type="nmod">
            <governor idx="4">key</governor>
            <dependent idx="6">it</dependent>
          </dep>
          <dep type="punct">
            <governor idx="4">key</governor>
            <dependent idx="7">.</dependent>
          </dep>
        </dependencies>
        <dependencies type="collapsed-dependencies">
          <dep type="root">
            <governor idx="0">ROOT</governor>
            <dependent idx="4">key</dependent>
          </dep>
          <dep type="nsubj">
            <governor idx="4">key</governor>
            <dependent idx="1">Accountability</dependent>
          </dep>
          <dep type="cop">
            <governor idx="4">key</governor>
            <dependent idx="2">was</dependent>
          </dep>
          <dep type="det">
            <governor idx="4">key</governor>
            <dependent idx="3">the</dependent>
          </dep>
          <dep type="case">
            <governor idx="6">it</governor>
            <dependent idx="5">to</dependent>
          </dep>
          <dep type="nmod:to">
            <governor idx="4">key</governor>
            <dependent idx="6">it</dependent>
          </dep>
          <dep type="punct">
            <governor idx="4">key</governor>
            <dependent idx="7">.</dependent>
          </dep>
        </dependencies>
        <dependencies type="collapsed-ccprocessed-dependencies">
          <dep type="root">
            <governor idx="0">ROOT</governor>
            <dependent idx="4">key</dependent>
          </dep>
          <dep type="nsubj">
            <governor idx="4">key</governor>
            <dependent idx="1">Accountability</dependent>
          </dep>
          <dep type="cop">
            <governor idx="4">key</governor>
            <dependent idx="2">was</dependent>
          </dep>
          <dep type="det">
            <governor idx="4">key</governor>
            <dependent idx="3">the</dependent>
          </dep>
          <dep type="case">
            <governor idx="6">it</governor>
            <dependent idx="5">to</dependent>
          </dep>
          <dep type="nmod:to">
            <governor idx="4">key</governor>
            <dependent idx="6">it</dependent>
          </dep>
          <dep type="punct">
            <governor idx="4">key</governor>
            <dependent idx="7">.</dependent>
          </dep>
        </dependencies>
      </sentence>
      <sentence id="17">
        <tokens>
          <token id="1">
            <word>It</word>
            <lemma>it</lemma>
            <CharacterOffsetBegin>1642</CharacterOffsetBegin>
            <CharacterOffsetEnd>1644</CharacterOffsetEnd>
            <POS>PRP</POS>
            <NER>O</NER>
            <Speaker>PER0</Speaker>
          </token>
          <token id="2">
            <word>then</word>
            <lemma>then</lemma>
            <CharacterOffsetBegin>1645</CharacterOffsetBegin>
            <CharacterOffsetEnd>1649</CharacterOffsetEnd>
            <POS>RB</POS>
            <NER>O</NER>
            <Speaker>PER0</Speaker>
          </token>
          <token id="3">
            <word>made</word>
            <lemma>make</lemma>
            <CharacterOffsetBegin>1650</CharacterOffsetBegin>
            <CharacterOffsetEnd>1654</CharacterOffsetEnd>
            <POS>VBD</POS>
            <NER>O</NER>
            <Speaker>PER0</Speaker>
          </token>
          <token id="4">
            <word>me</word>
            <lemma>I</lemma>
            <CharacterOffsetBegin>1655</CharacterOffsetBegin>
            <CharacterOffsetEnd>1657</CharacterOffsetEnd>
            <POS>PRP</POS>
            <NER>O</NER>
            <Speaker>PER0</Speaker>
          </token>
          <token id="5">
            <word>wonder</word>
            <lemma>wonder</lemma>
            <CharacterOffsetBegin>1658</CharacterOffsetBegin>
            <CharacterOffsetEnd>1664</CharacterOffsetEnd>
            <POS>VB</POS>
            <NER>O</NER>
            <Speaker>PER0</Speaker>
          </token>
          <token id="6">
            <word>how</word>
            <lemma>how</lemma>
            <CharacterOffsetBegin>1665</CharacterOffsetBegin>
            <CharacterOffsetEnd>1668</CharacterOffsetEnd>
            <POS>WRB</POS>
            <NER>O</NER>
            <Speaker>PER0</Speaker>
          </token>
          <token id="7">
            <word>often</word>
            <lemma>often</lemma>
            <CharacterOffsetBegin>1669</CharacterOffsetBegin>
            <CharacterOffsetEnd>1674</CharacterOffsetEnd>
            <POS>RB</POS>
            <NER>O</NER>
            <Speaker>PER0</Speaker>
          </token>
          <token id="8">
            <word>do</word>
            <lemma>do</lemma>
            <CharacterOffsetBegin>1675</CharacterOffsetBegin>
            <CharacterOffsetEnd>1677</CharacterOffsetEnd>
            <POS>VBP</POS>
            <NER>O</NER>
            <Speaker>PER0</Speaker>
          </token>
          <token id="9">
            <word>leaders</word>
            <lemma>leader</lemma>
            <CharacterOffsetBegin>1678</CharacterOffsetBegin>
            <CharacterOffsetEnd>1685</CharacterOffsetEnd>
            <POS>NNS</POS>
            <NER>O</NER>
            <Speaker>PER0</Speaker>
          </token>
          <token id="10">
            <word>accept</word>
            <lemma>accept</lemma>
            <CharacterOffsetBegin>1686</CharacterOffsetBegin>
            <CharacterOffsetEnd>1692</CharacterOffsetEnd>
            <POS>VB</POS>
            <NER>O</NER>
            <Speaker>PER0</Speaker>
          </token>
          <token id="11">
            <word>accountability</word>
            <lemma>accountability</lemma>
            <CharacterOffsetBegin>1693</CharacterOffsetBegin>
            <CharacterOffsetEnd>1707</CharacterOffsetEnd>
            <POS>NN</POS>
            <NER>O</NER>
            <Speaker>PER0</Speaker>
          </token>
          <token id="12">
            <word>?</word>
            <lemma>?</lemma>
            <CharacterOffsetBegin>1707</CharacterOffsetBegin>
            <CharacterOffsetEnd>1708</CharacterOffsetEnd>
            <POS>.</POS>
            <NER>O</NER>
            <Speaker>PER0</Speaker>
          </token>
        </tokens>
        <parse>(ROOT (S (NP (PRP It)) (ADVP (RB then)) (VP (VBD made) (S (NP (PRP me)) (VP (VB wonder) (SBAR (WHADVP (WRB how) (RB often)) (S (VP (VBP do) (S (NP (NNS leaders)) (VP (VB accept) (NP (NN accountability)))))))))) (. ?))) </parse>
        <dependencies type="basic-dependencies">
          <dep type="root">
            <governor idx="0">ROOT</governor>
            <dependent idx="3">made</dependent>
          </dep>
          <dep type="nsubj">
            <governor idx="3">made</governor>
            <dependent idx="1">It</dependent>
          </dep>
          <dep type="advmod">
            <governor idx="3">made</governor>
            <dependent idx="2">then</dependent>
          </dep>
          <dep type="nsubj">
            <governor idx="5">wonder</governor>
            <dependent idx="4">me</dependent>
          </dep>
          <dep type="ccomp">
            <governor idx="3">made</governor>
            <dependent idx="5">wonder</dependent>
          </dep>
          <dep type="advmod">
            <governor idx="7">often</governor>
            <dependent idx="6">how</dependent>
          </dep>
          <dep type="advmod">
            <governor idx="8">do</governor>
            <dependent idx="7">often</dependent>
          </dep>
          <dep type="ccomp">
            <governor idx="5">wonder</governor>
            <dependent idx="8">do</dependent>
          </dep>
          <dep type="nsubj">
            <governor idx="10">accept</governor>
            <dependent idx="9">leaders</dependent>
          </dep>
          <dep type="ccomp">
            <governor idx="8">do</governor>
            <dependent idx="10">accept</dependent>
          </dep>
          <dep type="dobj">
            <governor idx="10">accept</governor>
            <dependent idx="11">accountability</dependent>
          </dep>
          <dep type="punct">
            <governor idx="3">made</governor>
            <dependent idx="12">?</dependent>
          </dep>
        </dependencies>
        <dependencies type="collapsed-dependencies">
          <dep type="root">
            <governor idx="0">ROOT</governor>
            <dependent idx="3">made</dependent>
          </dep>
          <dep type="nsubj">
            <governor idx="3">made</governor>
            <dependent idx="1">It</dependent>
          </dep>
          <dep type="advmod">
            <governor idx="3">made</governor>
            <dependent idx="2">then</dependent>
          </dep>
          <dep type="nsubj">
            <governor idx="5">wonder</governor>
            <dependent idx="4">me</dependent>
          </dep>
          <dep type="ccomp">
            <governor idx="3">made</governor>
            <dependent idx="5">wonder</dependent>
          </dep>
          <dep type="advmod">
            <governor idx="7">often</governor>
            <dependent idx="6">how</dependent>
          </dep>
          <dep type="advmod">
            <governor idx="8">do</governor>
            <dependent idx="7">often</dependent>
          </dep>
          <dep type="ccomp">
            <governor idx="5">wonder</governor>
            <dependent idx="8">do</dependent>
          </dep>
          <dep type="nsubj">
            <governor idx="10">accept</governor>
            <dependent idx="9">leaders</dependent>
          </dep>
          <dep type="ccomp">
            <governor idx="8">do</governor>
            <dependent idx="10">accept</dependent>
          </dep>
          <dep type="dobj">
            <governor idx="10">accept</governor>
            <dependent idx="11">accountability</dependent>
          </dep>
          <dep type="punct">
            <governor idx="3">made</governor>
            <dependent idx="12">?</dependent>
          </dep>
        </dependencies>
        <dependencies type="collapsed-ccprocessed-dependencies">
          <dep type="root">
            <governor idx="0">ROOT</governor>
            <dependent idx="3">made</dependent>
          </dep>
          <dep type="nsubj">
            <governor idx="3">made</governor>
            <dependent idx="1">It</dependent>
          </dep>
          <dep type="advmod">
            <governor idx="3">made</governor>
            <dependent idx="2">then</dependent>
          </dep>
          <dep type="nsubj">
            <governor idx="5">wonder</governor>
            <dependent idx="4">me</dependent>
          </dep>
          <dep type="ccomp">
            <governor idx="3">made</governor>
            <dependent idx="5">wonder</dependent>
          </dep>
          <dep type="advmod">
            <governor idx="7">often</governor>
            <dependent idx="6">how</dependent>
          </dep>
          <dep type="advmod">
            <governor idx="8">do</governor>
            <dependent idx="7">often</dependent>
          </dep>
          <dep type="ccomp">
            <governor idx="5">wonder</governor>
            <dependent idx="8">do</dependent>
          </dep>
          <dep type="nsubj">
            <governor idx="10">accept</governor>
            <dependent idx="9">leaders</dependent>
          </dep>
          <dep type="ccomp">
            <governor idx="8">do</governor>
            <dependent idx="10">accept</dependent>
          </dep>
          <dep type="dobj">
            <governor idx="10">accept</governor>
            <dependent idx="11">accountability</dependent>
          </dep>
          <dep type="punct">
            <governor idx="3">made</governor>
            <dependent idx="12">?</dependent>
          </dep>
        </dependencies>
      </sentence>
      <sentence id="18">
        <tokens>
          <token id="1">
            <word>I</word>
            <lemma>I</lemma>
            <CharacterOffsetBegin>1709</CharacterOffsetBegin>
            <CharacterOffsetEnd>1710</CharacterOffsetEnd>
            <POS>PRP</POS>
            <NER>O</NER>
            <Speaker>PER0</Speaker>
          </token>
          <token id="2">
            <word>reflected</word>
            <lemma>reflect</lemma>
            <CharacterOffsetBegin>1711</CharacterOffsetBegin>
            <CharacterOffsetEnd>1720</CharacterOffsetEnd>
            <POS>VBD</POS>
            <NER>O</NER>
            <Speaker>PER0</Speaker>
          </token>
          <token id="3">
            <word>upon</word>
            <lemma>upon</lemma>
            <CharacterOffsetBegin>1721</CharacterOffsetBegin>
            <CharacterOffsetEnd>1725</CharacterOffsetEnd>
            <POS>IN</POS>
            <NER>O</NER>
            <Speaker>PER0</Speaker>
          </token>
          <token id="4">
            <word>my</word>
            <lemma>my</lemma>
            <CharacterOffsetBegin>1726</CharacterOffsetBegin>
            <CharacterOffsetEnd>1728</CharacterOffsetEnd>
            <POS>PRP$</POS>
            <NER>O</NER>
            <Speaker>PER0</Speaker>
          </token>
          <token id="5">
            <word>own</word>
            <lemma>own</lemma>
            <CharacterOffsetBegin>1729</CharacterOffsetBegin>
            <CharacterOffsetEnd>1732</CharacterOffsetEnd>
            <POS>JJ</POS>
            <NER>O</NER>
            <Speaker>PER0</Speaker>
          </token>
          <token id="6">
            <word>experience</word>
            <lemma>experience</lemma>
            <CharacterOffsetBegin>1733</CharacterOffsetBegin>
            <CharacterOffsetEnd>1743</CharacterOffsetEnd>
            <POS>NN</POS>
            <NER>O</NER>
            <Speaker>PER0</Speaker>
          </token>
          <token id="7">
            <word>with</word>
            <lemma>with</lemma>
            <CharacterOffsetBegin>1744</CharacterOffsetBegin>
            <CharacterOffsetEnd>1748</CharacterOffsetEnd>
            <POS>IN</POS>
            <NER>O</NER>
            <Speaker>PER0</Speaker>
          </token>
          <token id="8">
            <word>working</word>
            <lemma>work</lemma>
            <CharacterOffsetBegin>1749</CharacterOffsetBegin>
            <CharacterOffsetEnd>1756</CharacterOffsetEnd>
            <POS>VBG</POS>
            <NER>O</NER>
            <Speaker>PER0</Speaker>
          </token>
          <token id="9">
            <word>with</word>
            <lemma>with</lemma>
            <CharacterOffsetBegin>1757</CharacterOffsetBegin>
            <CharacterOffsetEnd>1761</CharacterOffsetEnd>
            <POS>IN</POS>
            <NER>O</NER>
            <Speaker>PER0</Speaker>
          </token>
          <token id="10">
            <word>leaders</word>
            <lemma>leader</lemma>
            <CharacterOffsetBegin>1762</CharacterOffsetBegin>
            <CharacterOffsetEnd>1769</CharacterOffsetEnd>
            <POS>NNS</POS>
            <NER>O</NER>
            <Speaker>PER0</Speaker>
          </token>
          <token id="11">
            <word>and</word>
            <lemma>and</lemma>
            <CharacterOffsetBegin>1770</CharacterOffsetBegin>
            <CharacterOffsetEnd>1773</CharacterOffsetEnd>
            <POS>CC</POS>
            <NER>O</NER>
            <Speaker>PER0</Speaker>
          </token>
          <token id="12">
            <word>I</word>
            <lemma>I</lemma>
            <CharacterOffsetBegin>1774</CharacterOffsetBegin>
            <CharacterOffsetEnd>1775</CharacterOffsetEnd>
            <POS>PRP</POS>
            <NER>O</NER>
            <Speaker>PER0</Speaker>
          </token>
          <token id="13">
            <word>'d</word>
            <lemma>would</lemma>
            <CharacterOffsetBegin>1775</CharacterOffsetBegin>
            <CharacterOffsetEnd>1777</CharacterOffsetEnd>
            <POS>MD</POS>
            <NER>O</NER>
            <Speaker>PER0</Speaker>
          </token>
          <token id="14">
            <word>have</word>
            <lemma>have</lemma>
            <CharacterOffsetBegin>1778</CharacterOffsetBegin>
            <CharacterOffsetEnd>1782</CharacterOffsetEnd>
            <POS>VB</POS>
            <NER>O</NER>
            <Speaker>PER0</Speaker>
          </token>
          <token id="15">
            <word>to</word>
            <lemma>to</lemma>
            <CharacterOffsetBegin>1783</CharacterOffsetBegin>
            <CharacterOffsetEnd>1785</CharacterOffsetEnd>
            <POS>TO</POS>
            <NER>O</NER>
            <Speaker>PER0</Speaker>
          </token>
          <token id="16">
            <word>say</word>
            <lemma>say</lemma>
            <CharacterOffsetBegin>1786</CharacterOffsetBegin>
            <CharacterOffsetEnd>1789</CharacterOffsetEnd>
            <POS>VB</POS>
            <NER>O</NER>
            <Speaker>PER0</Speaker>
          </token>
          <token id="17">
            <word>minimal</word>
            <lemma>minimal</lemma>
            <CharacterOffsetBegin>1790</CharacterOffsetBegin>
            <CharacterOffsetEnd>1797</CharacterOffsetEnd>
            <POS>JJ</POS>
            <NER>O</NER>
            <Speaker>PER0</Speaker>
          </token>
          <token id="18">
            <word>.</word>
            <lemma>.</lemma>
            <CharacterOffsetBegin>1797</CharacterOffsetBegin>
            <CharacterOffsetEnd>1798</CharacterOffsetEnd>
            <POS>.</POS>
            <NER>O</NER>
            <Speaker>PER0</Speaker>
          </token>
        </tokens>
        <parse>(ROOT (S (S (NP (PRP I)) (VP (VBD reflected) (PP (IN upon) (NP (PRP$ my) (JJ own) (NN experience))) (PP (IN with) (S (VP (VBG working) (PP (IN with) (NP (NNS leaders)))))))) (CC and) (S (NP (PRP I)) (VP (MD 'd) (VP (VB have) (S (VP (TO to) (VP (VB say) (ADJP (JJ minimal)))))))) (. .))) </parse>
        <dependencies type="basic-dependencies">
          <dep type="root">
            <governor idx="0">ROOT</governor>
            <dependent idx="2">reflected</dependent>
          </dep>
          <dep type="nsubj">
            <governor idx="2">reflected</governor>
            <dependent idx="1">I</dependent>
          </dep>
          <dep type="case">
            <governor idx="6">experience</governor>
            <dependent idx="3">upon</dependent>
          </dep>
          <dep type="nmod:poss">
            <governor idx="6">experience</governor>
            <dependent idx="4">my</dependent>
          </dep>
          <dep type="amod">
            <governor idx="6">experience</governor>
            <dependent idx="5">own</dependent>
          </dep>
          <dep type="nmod">
            <governor idx="2">reflected</governor>
            <dependent idx="6">experience</dependent>
          </dep>
          <dep type="mark">
            <governor idx="8">working</governor>
            <dependent idx="7">with</dependent>
          </dep>
          <dep type="advcl">
            <governor idx="2">reflected</governor>
            <dependent idx="8">working</dependent>
          </dep>
          <dep type="case">
            <governor idx="10">leaders</governor>
            <dependent idx="9">with</dependent>
          </dep>
          <dep type="nmod">
            <governor idx="8">working</governor>
            <dependent idx="10">leaders</dependent>
          </dep>
          <dep type="cc">
            <governor idx="2">reflected</governor>
            <dependent idx="11">and</dependent>
          </dep>
          <dep type="nsubj">
            <governor idx="14">have</governor>
            <dependent idx="12">I</dependent>
          </dep>
          <dep type="aux">
            <governor idx="14">have</governor>
            <dependent idx="13">'d</dependent>
          </dep>
          <dep type="conj">
            <governor idx="2">reflected</governor>
            <dependent idx="14">have</dependent>
          </dep>
          <dep type="mark">
            <governor idx="16">say</governor>
            <dependent idx="15">to</dependent>
          </dep>
          <dep type="xcomp">
            <governor idx="14">have</governor>
            <dependent idx="16">say</dependent>
          </dep>
          <dep type="xcomp">
            <governor idx="16">say</governor>
            <dependent idx="17">minimal</dependent>
          </dep>
          <dep type="punct">
            <governor idx="2">reflected</governor>
            <dependent idx="18">.</dependent>
          </dep>
        </dependencies>
        <dependencies type="collapsed-dependencies">
          <dep type="root">
            <governor idx="0">ROOT</governor>
            <dependent idx="2">reflected</dependent>
          </dep>
          <dep type="nsubj">
            <governor idx="2">reflected</governor>
            <dependent idx="1">I</dependent>
          </dep>
          <dep type="case">
            <governor idx="6">experience</governor>
            <dependent idx="3">upon</dependent>
          </dep>
          <dep type="nmod:poss">
            <governor idx="6">experience</governor>
            <dependent idx="4">my</dependent>
          </dep>
          <dep type="amod">
            <governor idx="6">experience</governor>
            <dependent idx="5">own</dependent>
          </dep>
          <dep type="nmod:upon">
            <governor idx="2">reflected</governor>
            <dependent idx="6">experience</dependent>
          </dep>
          <dep type="mark">
            <governor idx="8">working</governor>
            <dependent idx="7">with</dependent>
          </dep>
          <dep type="advcl">
            <governor idx="2">reflected</governor>
            <dependent idx="8">working</dependent>
          </dep>
          <dep type="case">
            <governor idx="10">leaders</governor>
            <dependent idx="9">with</dependent>
          </dep>
          <dep type="nmod:with">
            <governor idx="8">working</governor>
            <dependent idx="10">leaders</dependent>
          </dep>
          <dep type="cc">
            <governor idx="2">reflected</governor>
            <dependent idx="11">and</dependent>
          </dep>
          <dep type="nsubj">
            <governor idx="14">have</governor>
            <dependent idx="12">I</dependent>
          </dep>
          <dep type="aux">
            <governor idx="14">have</governor>
            <dependent idx="13">'d</dependent>
          </dep>
          <dep type="conj:and">
            <governor idx="2">reflected</governor>
            <dependent idx="14">have</dependent>
          </dep>
          <dep type="mark">
            <governor idx="16">say</governor>
            <dependent idx="15">to</dependent>
          </dep>
          <dep type="xcomp">
            <governor idx="14">have</governor>
            <dependent idx="16">say</dependent>
          </dep>
          <dep type="xcomp">
            <governor idx="16">say</governor>
            <dependent idx="17">minimal</dependent>
          </dep>
          <dep type="punct">
            <governor idx="2">reflected</governor>
            <dependent idx="18">.</dependent>
          </dep>
        </dependencies>
        <dependencies type="collapsed-ccprocessed-dependencies">
          <dep type="root">
            <governor idx="0">ROOT</governor>
            <dependent idx="2">reflected</dependent>
          </dep>
          <dep type="nsubj">
            <governor idx="2">reflected</governor>
            <dependent idx="1">I</dependent>
          </dep>
          <dep type="case">
            <governor idx="6">experience</governor>
            <dependent idx="3">upon</dependent>
          </dep>
          <dep type="nmod:poss">
            <governor idx="6">experience</governor>
            <dependent idx="4">my</dependent>
          </dep>
          <dep type="amod">
            <governor idx="6">experience</governor>
            <dependent idx="5">own</dependent>
          </dep>
          <dep type="nmod:upon">
            <governor idx="2">reflected</governor>
            <dependent idx="6">experience</dependent>
          </dep>
          <dep type="mark">
            <governor idx="8">working</governor>
            <dependent idx="7">with</dependent>
          </dep>
          <dep type="advcl">
            <governor idx="2">reflected</governor>
            <dependent idx="8">working</dependent>
          </dep>
          <dep type="case">
            <governor idx="10">leaders</governor>
            <dependent idx="9">with</dependent>
          </dep>
          <dep type="nmod:with">
            <governor idx="8">working</governor>
            <dependent idx="10">leaders</dependent>
          </dep>
          <dep type="cc">
            <governor idx="2">reflected</governor>
            <dependent idx="11">and</dependent>
          </dep>
          <dep type="nsubj">
            <governor idx="14">have</governor>
            <dependent idx="12">I</dependent>
          </dep>
          <dep type="aux">
            <governor idx="14">have</governor>
            <dependent idx="13">'d</dependent>
          </dep>
          <dep type="conj:and">
            <governor idx="2">reflected</governor>
            <dependent idx="14">have</dependent>
          </dep>
          <dep type="mark">
            <governor idx="16">say</governor>
            <dependent idx="15">to</dependent>
          </dep>
          <dep type="xcomp">
            <governor idx="14">have</governor>
            <dependent idx="16">say</dependent>
          </dep>
          <dep type="xcomp">
            <governor idx="16">say</governor>
            <dependent idx="17">minimal</dependent>
          </dep>
          <dep type="punct">
            <governor idx="2">reflected</governor>
            <dependent idx="18">.</dependent>
          </dep>
        </dependencies>
      </sentence>
      <sentence id="19">
        <tokens>
          <token id="1">
            <word>How</word>
            <lemma>how</lemma>
            <CharacterOffsetBegin>1799</CharacterOffsetBegin>
            <CharacterOffsetEnd>1802</CharacterOffsetEnd>
            <POS>WRB</POS>
            <NER>O</NER>
            <Speaker>PER0</Speaker>
          </token>
          <token id="2">
            <word>do</word>
            <lemma>do</lemma>
            <CharacterOffsetBegin>1803</CharacterOffsetBegin>
            <CharacterOffsetEnd>1805</CharacterOffsetEnd>
            <POS>VBP</POS>
            <NER>O</NER>
            <Speaker>PER0</Speaker>
          </token>
          <token id="3">
            <word>you</word>
            <lemma>you</lemma>
            <CharacterOffsetBegin>1806</CharacterOffsetBegin>
            <CharacterOffsetEnd>1809</CharacterOffsetEnd>
            <POS>PRP</POS>
            <NER>O</NER>
            <Speaker>PER0</Speaker>
          </token>
          <token id="4">
            <word>accept</word>
            <lemma>accept</lemma>
            <CharacterOffsetBegin>1810</CharacterOffsetBegin>
            <CharacterOffsetEnd>1816</CharacterOffsetEnd>
            <POS>VB</POS>
            <NER>O</NER>
            <Speaker>PER0</Speaker>
          </token>
          <token id="5">
            <word>ownership</word>
            <lemma>ownership</lemma>
            <CharacterOffsetBegin>1817</CharacterOffsetBegin>
            <CharacterOffsetEnd>1826</CharacterOffsetEnd>
            <POS>NN</POS>
            <NER>O</NER>
            <Speaker>PER0</Speaker>
          </token>
          <token id="6">
            <word>for</word>
            <lemma>for</lemma>
            <CharacterOffsetBegin>1827</CharacterOffsetBegin>
            <CharacterOffsetEnd>1830</CharacterOffsetEnd>
            <POS>IN</POS>
            <NER>O</NER>
            <Speaker>PER0</Speaker>
          </token>
          <token id="7">
            <word>your</word>
            <lemma>you</lemma>
            <CharacterOffsetBegin>1831</CharacterOffsetBegin>
            <CharacterOffsetEnd>1835</CharacterOffsetEnd>
            <POS>PRP$</POS>
            <NER>O</NER>
            <Speaker>PER0</Speaker>
          </token>
          <token id="8">
            <word>decisions</word>
            <lemma>decision</lemma>
            <CharacterOffsetBegin>1836</CharacterOffsetBegin>
            <CharacterOffsetEnd>1845</CharacterOffsetEnd>
            <POS>NNS</POS>
            <NER>O</NER>
            <Speaker>PER0</Speaker>
          </token>
          <token id="9">
            <word>,</word>
            <lemma>,</lemma>
            <CharacterOffsetBegin>1845</CharacterOffsetBegin>
            <CharacterOffsetEnd>1846</CharacterOffsetEnd>
            <POS>,</POS>
            <NER>O</NER>
            <Speaker>PER0</Speaker>
          </token>
          <token id="10">
            <word>well</word>
            <lemma>well</lemma>
            <CharacterOffsetBegin>1847</CharacterOffsetBegin>
            <CharacterOffsetEnd>1851</CharacterOffsetEnd>
            <POS>RB</POS>
            <NER>O</NER>
            <Speaker>PER0</Speaker>
          </token>
          <token id="11">
            <word>I</word>
            <lemma>I</lemma>
            <CharacterOffsetBegin>1852</CharacterOffsetBegin>
            <CharacterOffsetEnd>1853</CharacterOffsetEnd>
            <POS>PRP</POS>
            <NER>O</NER>
            <Speaker>PER0</Speaker>
          </token>
          <token id="12">
            <word>think</word>
            <lemma>think</lemma>
            <CharacterOffsetBegin>1854</CharacterOffsetBegin>
            <CharacterOffsetEnd>1859</CharacterOffsetEnd>
            <POS>VBP</POS>
            <NER>O</NER>
            <Speaker>PER0</Speaker>
          </token>
          <token id="13">
            <word>one</word>
            <lemma>one</lemma>
            <CharacterOffsetBegin>1860</CharacterOffsetBegin>
            <CharacterOffsetEnd>1863</CharacterOffsetEnd>
            <POS>CD</POS>
            <NER>NUMBER</NER>
            <NormalizedNER>1.0</NormalizedNER>
            <Speaker>PER0</Speaker>
          </token>
          <token id="14">
            <word>of</word>
            <lemma>of</lemma>
            <CharacterOffsetBegin>1864</CharacterOffsetBegin>
            <CharacterOffsetEnd>1866</CharacterOffsetEnd>
            <POS>IN</POS>
            <NER>O</NER>
            <Speaker>PER0</Speaker>
          </token>
          <token id="15">
            <word>the</word>
            <lemma>the</lemma>
            <CharacterOffsetBegin>1867</CharacterOffsetBegin>
            <CharacterOffsetEnd>1870</CharacterOffsetEnd>
            <POS>DT</POS>
            <NER>O</NER>
            <Speaker>PER0</Speaker>
          </token>
          <token id="16">
            <word>key</word>
            <lemma>key</lemma>
            <CharacterOffsetBegin>1871</CharacterOffsetBegin>
            <CharacterOffsetEnd>1874</CharacterOffsetEnd>
            <POS>JJ</POS>
            <NER>O</NER>
            <Speaker>PER0</Speaker>
          </token>
          <token id="17">
            <word>aspects</word>
            <lemma>aspect</lemma>
            <CharacterOffsetBegin>1875</CharacterOffsetBegin>
            <CharacterOffsetEnd>1882</CharacterOffsetEnd>
            <POS>NNS</POS>
            <NER>O</NER>
            <Speaker>PER0</Speaker>
          </token>
          <token id="18">
            <word>to</word>
            <lemma>to</lemma>
            <CharacterOffsetBegin>1883</CharacterOffsetBegin>
            <CharacterOffsetEnd>1885</CharacterOffsetEnd>
            <POS>TO</POS>
            <NER>O</NER>
            <Speaker>PER0</Speaker>
          </token>
          <token id="19">
            <word>accountability</word>
            <lemma>accountability</lemma>
            <CharacterOffsetBegin>1886</CharacterOffsetBegin>
            <CharacterOffsetEnd>1900</CharacterOffsetEnd>
            <POS>NN</POS>
            <NER>O</NER>
            <Speaker>PER0</Speaker>
          </token>
          <token id="20">
            <word>is</word>
            <lemma>be</lemma>
            <CharacterOffsetBegin>1901</CharacterOffsetBegin>
            <CharacterOffsetEnd>1903</CharacterOffsetEnd>
            <POS>VBZ</POS>
            <NER>O</NER>
            <Speaker>PER0</Speaker>
          </token>
          <token id="21">
            <word>how</word>
            <lemma>how</lemma>
            <CharacterOffsetBegin>1904</CharacterOffsetBegin>
            <CharacterOffsetEnd>1907</CharacterOffsetEnd>
            <POS>WRB</POS>
            <NER>O</NER>
            <Speaker>PER0</Speaker>
          </token>
          <token id="22">
            <word>ethical</word>
            <lemma>ethical</lemma>
            <CharacterOffsetBegin>1908</CharacterOffsetBegin>
            <CharacterOffsetEnd>1915</CharacterOffsetEnd>
            <POS>JJ</POS>
            <NER>O</NER>
            <Speaker>PER0</Speaker>
          </token>
          <token id="23">
            <word>your</word>
            <lemma>you</lemma>
            <CharacterOffsetBegin>1916</CharacterOffsetBegin>
            <CharacterOffsetEnd>1920</CharacterOffsetEnd>
            <POS>PRP$</POS>
            <NER>O</NER>
            <Speaker>PER0</Speaker>
          </token>
          <token id="24">
            <word>decision</word>
            <lemma>decision</lemma>
            <CharacterOffsetBegin>1921</CharacterOffsetBegin>
            <CharacterOffsetEnd>1929</CharacterOffsetEnd>
            <POS>NN</POS>
            <NER>O</NER>
            <Speaker>PER0</Speaker>
          </token>
          <token id="25">
            <word>making</word>
            <lemma>make</lemma>
            <CharacterOffsetBegin>1930</CharacterOffsetBegin>
            <CharacterOffsetEnd>1936</CharacterOffsetEnd>
            <POS>VBG</POS>
            <NER>O</NER>
            <Speaker>PER0</Speaker>
          </token>
          <token id="26">
            <word>process</word>
            <lemma>process</lemma>
            <CharacterOffsetBegin>1937</CharacterOffsetBegin>
            <CharacterOffsetEnd>1944</CharacterOffsetEnd>
            <POS>NN</POS>
            <NER>O</NER>
            <Speaker>PER0</Speaker>
          </token>
          <token id="27">
            <word>is</word>
            <lemma>be</lemma>
            <CharacterOffsetBegin>1945</CharacterOffsetBegin>
            <CharacterOffsetEnd>1947</CharacterOffsetEnd>
            <POS>VBZ</POS>
            <NER>O</NER>
            <Speaker>PER0</Speaker>
          </token>
          <token id="28">
            <word>.</word>
            <lemma>.</lemma>
            <CharacterOffsetBegin>1947</CharacterOffsetBegin>
            <CharacterOffsetEnd>1948</CharacterOffsetEnd>
            <POS>.</POS>
            <NER>O</NER>
            <Speaker>PER0</Speaker>
          </token>
        </tokens>
        <parse>(ROOT (S (SBARQ (WHADVP (WRB How)) (SQ (VBP do) (NP (PRP you)) (VP (VB accept) (NP (NN ownership)) (PP (IN for) (NP (PRP$ your) (NNS decisions))) (, ,) (ADVP (RB well))))) (NP (PRP I)) (VP (VBP think) (SBAR (S (NP (NP (CD one)) (PP (IN of) (NP (NP (DT the) (JJ key) (NNS aspects)) (PP (TO to) (NP (NN accountability)))))) (VP (VBZ is) (SBAR (WHADVP (WRB how) (ADJP (JJ ethical))) (S (NP (NP (PRP$ your) (NN decision)) (VP (VBG making) (NP (NN process)))) (VP (VBZ is)))))))) (. .))) </parse>
        <dependencies type="basic-dependencies">
          <dep type="root">
            <governor idx="0">ROOT</governor>
            <dependent idx="12">think</dependent>
          </dep>
          <dep type="advmod">
            <governor idx="4">accept</governor>
            <dependent idx="1">How</dependent>
          </dep>
          <dep type="aux">
            <governor idx="4">accept</governor>
            <dependent idx="2">do</dependent>
          </dep>
          <dep type="nsubj">
            <governor idx="4">accept</governor>
            <dependent idx="3">you</dependent>
          </dep>
          <dep type="dep">
            <governor idx="12">think</governor>
            <dependent idx="4">accept</dependent>
          </dep>
          <dep type="dobj">
            <governor idx="4">accept</governor>
            <dependent idx="5">ownership</dependent>
          </dep>
          <dep type="case">
            <governor idx="8">decisions</governor>
            <dependent idx="6">for</dependent>
          </dep>
          <dep type="nmod:poss">
            <governor idx="8">decisions</governor>
            <dependent idx="7">your</dependent>
          </dep>
          <dep type="nmod">
            <governor idx="4">accept</governor>
            <dependent idx="8">decisions</dependent>
          </dep>
          <dep type="punct">
            <governor idx="4">accept</governor>
            <dependent idx="9">,</dependent>
          </dep>
          <dep type="advmod">
            <governor idx="4">accept</governor>
            <dependent idx="10">well</dependent>
          </dep>
          <dep type="nsubj">
            <governor idx="12">think</governor>
            <dependent idx="11">I</dependent>
          </dep>
          <dep type="nsubj">
            <governor idx="20">is</governor>
            <dependent idx="13">one</dependent>
          </dep>
          <dep type="case">
            <governor idx="17">aspects</governor>
            <dependent idx="14">of</dependent>
          </dep>
          <dep type="det">
            <governor idx="17">aspects</governor>
            <dependent idx="15">the</dependent>
          </dep>
          <dep type="amod">
            <governor idx="17">aspects</governor>
            <dependent idx="16">key</dependent>
          </dep>
          <dep type="nmod">
            <governor idx="13">one</governor>
            <dependent idx="17">aspects</dependent>
          </dep>
          <dep type="case">
            <governor idx="19">accountability</governor>
            <dependent idx="18">to</dependent>
          </dep>
          <dep type="nmod">
            <governor idx="17">aspects</governor>
            <dependent idx="19">accountability</dependent>
          </dep>
          <dep type="ccomp">
            <governor idx="12">think</governor>
            <dependent idx="20">is</dependent>
          </dep>
          <dep type="advmod">
            <governor idx="27">is</governor>
            <dependent idx="21">how</dependent>
          </dep>
          <dep type="dep">
            <governor idx="21">how</governor>
            <dependent idx="22">ethical</dependent>
          </dep>
          <dep type="nmod:poss">
            <governor idx="24">decision</governor>
            <dependent idx="23">your</dependent>
          </dep>
          <dep type="nsubj">
            <governor idx="27">is</governor>
            <dependent idx="24">decision</dependent>
          </dep>
          <dep type="acl">
            <governor idx="24">decision</governor>
            <dependent idx="25">making</dependent>
          </dep>
          <dep type="dobj">
            <governor idx="25">making</governor>
            <dependent idx="26">process</dependent>
          </dep>
          <dep type="ccomp">
            <governor idx="20">is</governor>
            <dependent idx="27">is</dependent>
          </dep>
          <dep type="punct">
            <governor idx="12">think</governor>
            <dependent idx="28">.</dependent>
          </dep>
        </dependencies>
        <dependencies type="collapsed-dependencies">
          <dep type="root">
            <governor idx="0">ROOT</governor>
            <dependent idx="12">think</dependent>
          </dep>
          <dep type="advmod">
            <governor idx="4">accept</governor>
            <dependent idx="1">How</dependent>
          </dep>
          <dep type="aux">
            <governor idx="4">accept</governor>
            <dependent idx="2">do</dependent>
          </dep>
          <dep type="nsubj">
            <governor idx="4">accept</governor>
            <dependent idx="3">you</dependent>
          </dep>
          <dep type="dep">
            <governor idx="12">think</governor>
            <dependent idx="4">accept</dependent>
          </dep>
          <dep type="dobj">
            <governor idx="4">accept</governor>
            <dependent idx="5">ownership</dependent>
          </dep>
          <dep type="case">
            <governor idx="8">decisions</governor>
            <dependent idx="6">for</dependent>
          </dep>
          <dep type="nmod:poss">
            <governor idx="8">decisions</governor>
            <dependent idx="7">your</dependent>
          </dep>
          <dep type="nmod:for">
            <governor idx="4">accept</governor>
            <dependent idx="8">decisions</dependent>
          </dep>
          <dep type="punct">
            <governor idx="4">accept</governor>
            <dependent idx="9">,</dependent>
          </dep>
          <dep type="advmod">
            <governor idx="4">accept</governor>
            <dependent idx="10">well</dependent>
          </dep>
          <dep type="nsubj">
            <governor idx="12">think</governor>
            <dependent idx="11">I</dependent>
          </dep>
          <dep type="nsubj">
            <governor idx="20">is</governor>
            <dependent idx="13">one</dependent>
          </dep>
          <dep type="case">
            <governor idx="17">aspects</governor>
            <dependent idx="14">of</dependent>
          </dep>
          <dep type="det">
            <governor idx="17">aspects</governor>
            <dependent idx="15">the</dependent>
          </dep>
          <dep type="amod">
            <governor idx="17">aspects</governor>
            <dependent idx="16">key</dependent>
          </dep>
          <dep type="nmod:of">
            <governor idx="13">one</governor>
            <dependent idx="17">aspects</dependent>
          </dep>
          <dep type="case">
            <governor idx="19">accountability</governor>
            <dependent idx="18">to</dependent>
          </dep>
          <dep type="nmod:to">
            <governor idx="17">aspects</governor>
            <dependent idx="19">accountability</dependent>
          </dep>
          <dep type="ccomp">
            <governor idx="12">think</governor>
            <dependent idx="20">is</dependent>
          </dep>
          <dep type="advmod">
            <governor idx="27">is</governor>
            <dependent idx="21">how</dependent>
          </dep>
          <dep type="dep">
            <governor idx="21">how</governor>
            <dependent idx="22">ethical</dependent>
          </dep>
          <dep type="nmod:poss">
            <governor idx="24">decision</governor>
            <dependent idx="23">your</dependent>
          </dep>
          <dep type="nsubj">
            <governor idx="27">is</governor>
            <dependent idx="24">decision</dependent>
          </dep>
          <dep type="acl">
            <governor idx="24">decision</governor>
            <dependent idx="25">making</dependent>
          </dep>
          <dep type="dobj">
            <governor idx="25">making</governor>
            <dependent idx="26">process</dependent>
          </dep>
          <dep type="ccomp">
            <governor idx="20">is</governor>
            <dependent idx="27">is</dependent>
          </dep>
          <dep type="punct">
            <governor idx="12">think</governor>
            <dependent idx="28">.</dependent>
          </dep>
        </dependencies>
        <dependencies type="collapsed-ccprocessed-dependencies">
          <dep type="root">
            <governor idx="0">ROOT</governor>
            <dependent idx="12">think</dependent>
          </dep>
          <dep type="advmod">
            <governor idx="4">accept</governor>
            <dependent idx="1">How</dependent>
          </dep>
          <dep type="aux">
            <governor idx="4">accept</governor>
            <dependent idx="2">do</dependent>
          </dep>
          <dep type="nsubj">
            <governor idx="4">accept</governor>
            <dependent idx="3">you</dependent>
          </dep>
          <dep type="dep">
            <governor idx="12">think</governor>
            <dependent idx="4">accept</dependent>
          </dep>
          <dep type="dobj">
            <governor idx="4">accept</governor>
            <dependent idx="5">ownership</dependent>
          </dep>
          <dep type="case">
            <governor idx="8">decisions</governor>
            <dependent idx="6">for</dependent>
          </dep>
          <dep type="nmod:poss">
            <governor idx="8">decisions</governor>
            <dependent idx="7">your</dependent>
          </dep>
          <dep type="nmod:for">
            <governor idx="4">accept</governor>
            <dependent idx="8">decisions</dependent>
          </dep>
          <dep type="punct">
            <governor idx="4">accept</governor>
            <dependent idx="9">,</dependent>
          </dep>
          <dep type="advmod">
            <governor idx="4">accept</governor>
            <dependent idx="10">well</dependent>
          </dep>
          <dep type="nsubj">
            <governor idx="12">think</governor>
            <dependent idx="11">I</dependent>
          </dep>
          <dep type="nsubj">
            <governor idx="20">is</governor>
            <dependent idx="13">one</dependent>
          </dep>
          <dep type="case">
            <governor idx="17">aspects</governor>
            <dependent idx="14">of</dependent>
          </dep>
          <dep type="det">
            <governor idx="17">aspects</governor>
            <dependent idx="15">the</dependent>
          </dep>
          <dep type="amod">
            <governor idx="17">aspects</governor>
            <dependent idx="16">key</dependent>
          </dep>
          <dep type="nmod:of">
            <governor idx="13">one</governor>
            <dependent idx="17">aspects</dependent>
          </dep>
          <dep type="case">
            <governor idx="19">accountability</governor>
            <dependent idx="18">to</dependent>
          </dep>
          <dep type="nmod:to">
            <governor idx="17">aspects</governor>
            <dependent idx="19">accountability</dependent>
          </dep>
          <dep type="ccomp">
            <governor idx="12">think</governor>
            <dependent idx="20">is</dependent>
          </dep>
          <dep type="advmod">
            <governor idx="27">is</governor>
            <dependent idx="21">how</dependent>
          </dep>
          <dep type="dep">
            <governor idx="21">how</governor>
            <dependent idx="22">ethical</dependent>
          </dep>
          <dep type="nmod:poss">
            <governor idx="24">decision</governor>
            <dependent idx="23">your</dependent>
          </dep>
          <dep type="nsubj">
            <governor idx="27">is</governor>
            <dependent idx="24">decision</dependent>
          </dep>
          <dep type="acl">
            <governor idx="24">decision</governor>
            <dependent idx="25">making</dependent>
          </dep>
          <dep type="dobj">
            <governor idx="25">making</governor>
            <dependent idx="26">process</dependent>
          </dep>
          <dep type="ccomp">
            <governor idx="20">is</governor>
            <dependent idx="27">is</dependent>
          </dep>
          <dep type="punct">
            <governor idx="12">think</governor>
            <dependent idx="28">.</dependent>
          </dep>
        </dependencies>
      </sentence>
      <sentence id="20">
        <tokens>
          <token id="1">
            <word>Ethics</word>
            <lemma>ethic</lemma>
            <CharacterOffsetBegin>1950</CharacterOffsetBegin>
            <CharacterOffsetEnd>1956</CharacterOffsetEnd>
            <POS>NNS</POS>
            <NER>O</NER>
            <Speaker>PER0</Speaker>
          </token>
          <token id="2">
            <word>has</word>
            <lemma>have</lemma>
            <CharacterOffsetBegin>1957</CharacterOffsetBegin>
            <CharacterOffsetEnd>1960</CharacterOffsetEnd>
            <POS>VBZ</POS>
            <NER>O</NER>
            <Speaker>PER0</Speaker>
          </token>
          <token id="3">
            <word>a</word>
            <lemma>a</lemma>
            <CharacterOffsetBegin>1961</CharacterOffsetBegin>
            <CharacterOffsetEnd>1962</CharacterOffsetEnd>
            <POS>DT</POS>
            <NER>O</NER>
            <Speaker>PER0</Speaker>
          </token>
          <token id="4">
            <word>broad</word>
            <lemma>broad</lemma>
            <CharacterOffsetBegin>1963</CharacterOffsetBegin>
            <CharacterOffsetEnd>1968</CharacterOffsetEnd>
            <POS>JJ</POS>
            <NER>O</NER>
            <Speaker>PER0</Speaker>
          </token>
          <token id="5">
            <word>definition</word>
            <lemma>definition</lemma>
            <CharacterOffsetBegin>1969</CharacterOffsetBegin>
            <CharacterOffsetEnd>1979</CharacterOffsetEnd>
            <POS>NN</POS>
            <NER>O</NER>
            <Speaker>PER0</Speaker>
          </token>
          <token id="6">
            <word>and</word>
            <lemma>and</lemma>
            <CharacterOffsetBegin>1980</CharacterOffsetBegin>
            <CharacterOffsetEnd>1983</CharacterOffsetEnd>
            <POS>CC</POS>
            <NER>O</NER>
            <Speaker>PER0</Speaker>
          </token>
          <token id="7">
            <word>it</word>
            <lemma>it</lemma>
            <CharacterOffsetBegin>1984</CharacterOffsetBegin>
            <CharacterOffsetEnd>1986</CharacterOffsetEnd>
            <POS>PRP</POS>
            <NER>O</NER>
            <Speaker>PER0</Speaker>
          </token>
          <token id="8">
            <word>means</word>
            <lemma>mean</lemma>
            <CharacterOffsetBegin>1987</CharacterOffsetBegin>
            <CharacterOffsetEnd>1992</CharacterOffsetEnd>
            <POS>VBZ</POS>
            <NER>O</NER>
            <Speaker>PER0</Speaker>
          </token>
          <token id="9">
            <word>different</word>
            <lemma>different</lemma>
            <CharacterOffsetBegin>1993</CharacterOffsetBegin>
            <CharacterOffsetEnd>2002</CharacterOffsetEnd>
            <POS>JJ</POS>
            <NER>O</NER>
            <Speaker>PER0</Speaker>
          </token>
          <token id="10">
            <word>things</word>
            <lemma>thing</lemma>
            <CharacterOffsetBegin>2003</CharacterOffsetBegin>
            <CharacterOffsetEnd>2009</CharacterOffsetEnd>
            <POS>NNS</POS>
            <NER>O</NER>
            <Speaker>PER0</Speaker>
          </token>
          <token id="11">
            <word>to</word>
            <lemma>to</lemma>
            <CharacterOffsetBegin>2010</CharacterOffsetBegin>
            <CharacterOffsetEnd>2012</CharacterOffsetEnd>
            <POS>TO</POS>
            <NER>O</NER>
            <Speaker>PER0</Speaker>
          </token>
          <token id="12">
            <word>different</word>
            <lemma>different</lemma>
            <CharacterOffsetBegin>2013</CharacterOffsetBegin>
            <CharacterOffsetEnd>2022</CharacterOffsetEnd>
            <POS>JJ</POS>
            <NER>O</NER>
            <Speaker>PER0</Speaker>
          </token>
          <token id="13">
            <word>people</word>
            <lemma>people</lemma>
            <CharacterOffsetBegin>2023</CharacterOffsetBegin>
            <CharacterOffsetEnd>2029</CharacterOffsetEnd>
            <POS>NNS</POS>
            <NER>O</NER>
            <Speaker>PER0</Speaker>
          </token>
          <token id="14">
            <word>.</word>
            <lemma>.</lemma>
            <CharacterOffsetBegin>2029</CharacterOffsetBegin>
            <CharacterOffsetEnd>2030</CharacterOffsetEnd>
            <POS>.</POS>
            <NER>O</NER>
            <Speaker>PER0</Speaker>
          </token>
        </tokens>
        <parse>(ROOT (S (S (NP (NNS Ethics)) (VP (VBZ has) (NP (DT a) (JJ broad) (NN definition)))) (CC and) (S (NP (PRP it)) (VP (VBZ means) (NP (JJ different) (NNS things)) (PP (TO to) (NP (JJ different) (NNS people))))) (. .))) </parse>
        <dependencies type="basic-dependencies">
          <dep type="root">
            <governor idx="0">ROOT</governor>
            <dependent idx="2">has</dependent>
          </dep>
          <dep type="nsubj">
            <governor idx="2">has</governor>
            <dependent idx="1">Ethics</dependent>
          </dep>
          <dep type="det">
            <governor idx="5">definition</governor>
            <dependent idx="3">a</dependent>
          </dep>
          <dep type="amod">
            <governor idx="5">definition</governor>
            <dependent idx="4">broad</dependent>
          </dep>
          <dep type="dobj">
            <governor idx="2">has</governor>
            <dependent idx="5">definition</dependent>
          </dep>
          <dep type="cc">
            <governor idx="2">has</governor>
            <dependent idx="6">and</dependent>
          </dep>
          <dep type="nsubj">
            <governor idx="8">means</governor>
            <dependent idx="7">it</dependent>
          </dep>
          <dep type="conj">
            <governor idx="2">has</governor>
            <dependent idx="8">means</dependent>
          </dep>
          <dep type="amod">
            <governor idx="10">things</governor>
            <dependent idx="9">different</dependent>
          </dep>
          <dep type="dobj">
            <governor idx="8">means</governor>
            <dependent idx="10">things</dependent>
          </dep>
          <dep type="case">
            <governor idx="13">people</governor>
            <dependent idx="11">to</dependent>
          </dep>
          <dep type="amod">
            <governor idx="13">people</governor>
            <dependent idx="12">different</dependent>
          </dep>
          <dep type="nmod">
            <governor idx="8">means</governor>
            <dependent idx="13">people</dependent>
          </dep>
          <dep type="punct">
            <governor idx="2">has</governor>
            <dependent idx="14">.</dependent>
          </dep>
        </dependencies>
        <dependencies type="collapsed-dependencies">
          <dep type="root">
            <governor idx="0">ROOT</governor>
            <dependent idx="2">has</dependent>
          </dep>
          <dep type="nsubj">
            <governor idx="2">has</governor>
            <dependent idx="1">Ethics</dependent>
          </dep>
          <dep type="det">
            <governor idx="5">definition</governor>
            <dependent idx="3">a</dependent>
          </dep>
          <dep type="amod">
            <governor idx="5">definition</governor>
            <dependent idx="4">broad</dependent>
          </dep>
          <dep type="dobj">
            <governor idx="2">has</governor>
            <dependent idx="5">definition</dependent>
          </dep>
          <dep type="cc">
            <governor idx="2">has</governor>
            <dependent idx="6">and</dependent>
          </dep>
          <dep type="nsubj">
            <governor idx="8">means</governor>
            <dependent idx="7">it</dependent>
          </dep>
          <dep type="conj:and">
            <governor idx="2">has</governor>
            <dependent idx="8">means</dependent>
          </dep>
          <dep type="amod">
            <governor idx="10">things</governor>
            <dependent idx="9">different</dependent>
          </dep>
          <dep type="dobj">
            <governor idx="8">means</governor>
            <dependent idx="10">things</dependent>
          </dep>
          <dep type="case">
            <governor idx="13">people</governor>
            <dependent idx="11">to</dependent>
          </dep>
          <dep type="amod">
            <governor idx="13">people</governor>
            <dependent idx="12">different</dependent>
          </dep>
          <dep type="nmod:to">
            <governor idx="8">means</governor>
            <dependent idx="13">people</dependent>
          </dep>
          <dep type="punct">
            <governor idx="2">has</governor>
            <dependent idx="14">.</dependent>
          </dep>
        </dependencies>
        <dependencies type="collapsed-ccprocessed-dependencies">
          <dep type="root">
            <governor idx="0">ROOT</governor>
            <dependent idx="2">has</dependent>
          </dep>
          <dep type="nsubj">
            <governor idx="2">has</governor>
            <dependent idx="1">Ethics</dependent>
          </dep>
          <dep type="det">
            <governor idx="5">definition</governor>
            <dependent idx="3">a</dependent>
          </dep>
          <dep type="amod">
            <governor idx="5">definition</governor>
            <dependent idx="4">broad</dependent>
          </dep>
          <dep type="dobj">
            <governor idx="2">has</governor>
            <dependent idx="5">definition</dependent>
          </dep>
          <dep type="cc">
            <governor idx="2">has</governor>
            <dependent idx="6">and</dependent>
          </dep>
          <dep type="nsubj">
            <governor idx="8">means</governor>
            <dependent idx="7">it</dependent>
          </dep>
          <dep type="conj:and">
            <governor idx="2">has</governor>
            <dependent idx="8">means</dependent>
          </dep>
          <dep type="amod">
            <governor idx="10">things</governor>
            <dependent idx="9">different</dependent>
          </dep>
          <dep type="dobj">
            <governor idx="8">means</governor>
            <dependent idx="10">things</dependent>
          </dep>
          <dep type="case">
            <governor idx="13">people</governor>
            <dependent idx="11">to</dependent>
          </dep>
          <dep type="amod">
            <governor idx="13">people</governor>
            <dependent idx="12">different</dependent>
          </dep>
          <dep type="nmod:to">
            <governor idx="8">means</governor>
            <dependent idx="13">people</dependent>
          </dep>
          <dep type="punct">
            <governor idx="2">has</governor>
            <dependent idx="14">.</dependent>
          </dep>
        </dependencies>
      </sentence>
      <sentence id="21">
        <tokens>
          <token id="1">
            <word>Natalia</word>
            <lemma>Natalia</lemma>
            <CharacterOffsetBegin>2031</CharacterOffsetBegin>
            <CharacterOffsetEnd>2038</CharacterOffsetEnd>
            <POS>NNP</POS>
            <NER>PERSON</NER>
            <Speaker>PER0</Speaker>
          </token>
          <token id="2">
            <word>touched</word>
            <lemma>touch</lemma>
            <CharacterOffsetBegin>2039</CharacterOffsetBegin>
            <CharacterOffsetEnd>2046</CharacterOffsetEnd>
            <POS>VBD</POS>
            <NER>O</NER>
            <Speaker>PER0</Speaker>
          </token>
          <token id="3">
            <word>on</word>
            <lemma>on</lemma>
            <CharacterOffsetBegin>2047</CharacterOffsetBegin>
            <CharacterOffsetEnd>2049</CharacterOffsetEnd>
            <POS>IN</POS>
            <NER>O</NER>
            <Speaker>PER0</Speaker>
          </token>
          <token id="4">
            <word>a</word>
            <lemma>a</lemma>
            <CharacterOffsetBegin>2050</CharacterOffsetBegin>
            <CharacterOffsetEnd>2051</CharacterOffsetEnd>
            <POS>DT</POS>
            <NER>O</NER>
            <Speaker>PER0</Speaker>
          </token>
          <token id="5">
            <word>point</word>
            <lemma>point</lemma>
            <CharacterOffsetBegin>2052</CharacterOffsetBegin>
            <CharacterOffsetEnd>2057</CharacterOffsetEnd>
            <POS>NN</POS>
            <NER>O</NER>
            <Speaker>PER0</Speaker>
          </token>
          <token id="6">
            <word>during</word>
            <lemma>during</lemma>
            <CharacterOffsetBegin>2058</CharacterOffsetBegin>
            <CharacterOffsetEnd>2064</CharacterOffsetEnd>
            <POS>IN</POS>
            <NER>O</NER>
            <Speaker>PER0</Speaker>
          </token>
          <token id="7">
            <word>the</word>
            <lemma>the</lemma>
            <CharacterOffsetBegin>2065</CharacterOffsetBegin>
            <CharacterOffsetEnd>2068</CharacterOffsetEnd>
            <POS>DT</POS>
            <NER>O</NER>
            <Speaker>PER0</Speaker>
          </token>
          <token id="8">
            <word>first</word>
            <lemma>first</lemma>
            <CharacterOffsetBegin>2069</CharacterOffsetBegin>
            <CharacterOffsetEnd>2074</CharacterOffsetEnd>
            <POS>JJ</POS>
            <NER>ORDINAL</NER>
            <NormalizedNER>1.0</NormalizedNER>
            <Speaker>PER0</Speaker>
          </token>
          <token id="9">
            <word>lecture</word>
            <lemma>lecture</lemma>
            <CharacterOffsetBegin>2075</CharacterOffsetBegin>
            <CharacterOffsetEnd>2082</CharacterOffsetEnd>
            <POS>NN</POS>
            <NER>O</NER>
            <Speaker>PER0</Speaker>
          </token>
          <token id="10">
            <word>,</word>
            <lemma>,</lemma>
            <CharacterOffsetBegin>2082</CharacterOffsetBegin>
            <CharacterOffsetEnd>2083</CharacterOffsetEnd>
            <POS>,</POS>
            <NER>O</NER>
            <Speaker>PER0</Speaker>
          </token>
          <token id="11">
            <word>that</word>
            <lemma>that</lemma>
            <CharacterOffsetBegin>2084</CharacterOffsetBegin>
            <CharacterOffsetEnd>2088</CharacterOffsetEnd>
            <POS>WDT</POS>
            <NER>O</NER>
            <Speaker>PER0</Speaker>
          </token>
          <token id="12">
            <word>reputable</word>
            <lemma>reputable</lemma>
            <CharacterOffsetBegin>2089</CharacterOffsetBegin>
            <CharacterOffsetEnd>2098</CharacterOffsetEnd>
            <POS>JJ</POS>
            <NER>O</NER>
            <Speaker>PER0</Speaker>
          </token>
          <token id="13">
            <word>corporations</word>
            <lemma>corporation</lemma>
            <CharacterOffsetBegin>2099</CharacterOffsetBegin>
            <CharacterOffsetEnd>2111</CharacterOffsetEnd>
            <POS>NNS</POS>
            <NER>O</NER>
            <Speaker>PER0</Speaker>
          </token>
          <token id="14">
            <word>have</word>
            <lemma>have</lemma>
            <CharacterOffsetBegin>2112</CharacterOffsetBegin>
            <CharacterOffsetEnd>2116</CharacterOffsetEnd>
            <POS>VBP</POS>
            <NER>O</NER>
            <Speaker>PER0</Speaker>
          </token>
          <token id="15">
            <word>made</word>
            <lemma>make</lemma>
            <CharacterOffsetBegin>2117</CharacterOffsetBegin>
            <CharacterOffsetEnd>2121</CharacterOffsetEnd>
            <POS>VBN</POS>
            <NER>O</NER>
            <Speaker>PER0</Speaker>
          </token>
          <token id="16">
            <word>decisions</word>
            <lemma>decision</lemma>
            <CharacterOffsetBegin>2122</CharacterOffsetBegin>
            <CharacterOffsetEnd>2131</CharacterOffsetEnd>
            <POS>NNS</POS>
            <NER>O</NER>
            <Speaker>PER0</Speaker>
          </token>
          <token id="17">
            <word>based</word>
            <lemma>base</lemma>
            <CharacterOffsetBegin>2132</CharacterOffsetBegin>
            <CharacterOffsetEnd>2137</CharacterOffsetEnd>
            <POS>VBN</POS>
            <NER>O</NER>
            <Speaker>PER0</Speaker>
          </token>
          <token id="18">
            <word>on</word>
            <lemma>on</lemma>
            <CharacterOffsetBegin>2138</CharacterOffsetBegin>
            <CharacterOffsetEnd>2140</CharacterOffsetEnd>
            <POS>IN</POS>
            <NER>O</NER>
            <Speaker>PER0</Speaker>
          </token>
          <token id="19">
            <word>whether</word>
            <lemma>whether</lemma>
            <CharacterOffsetBegin>2141</CharacterOffsetBegin>
            <CharacterOffsetEnd>2148</CharacterOffsetEnd>
            <POS>IN</POS>
            <NER>O</NER>
            <Speaker>PER0</Speaker>
          </token>
          <token id="20">
            <word>it</word>
            <lemma>it</lemma>
            <CharacterOffsetBegin>2149</CharacterOffsetBegin>
            <CharacterOffsetEnd>2151</CharacterOffsetEnd>
            <POS>PRP</POS>
            <NER>O</NER>
            <Speaker>PER0</Speaker>
          </token>
          <token id="21">
            <word>'s</word>
            <lemma>be</lemma>
            <CharacterOffsetBegin>2151</CharacterOffsetBegin>
            <CharacterOffsetEnd>2153</CharacterOffsetEnd>
            <POS>VBZ</POS>
            <NER>O</NER>
            <Speaker>PER0</Speaker>
          </token>
          <token id="22">
            <word>legal</word>
            <lemma>legal</lemma>
            <CharacterOffsetBegin>2154</CharacterOffsetBegin>
            <CharacterOffsetEnd>2159</CharacterOffsetEnd>
            <POS>JJ</POS>
            <NER>O</NER>
            <Speaker>PER0</Speaker>
          </token>
          <token id="23">
            <word>not</word>
            <lemma>not</lemma>
            <CharacterOffsetBegin>2160</CharacterOffsetBegin>
            <CharacterOffsetEnd>2163</CharacterOffsetEnd>
            <POS>RB</POS>
            <NER>O</NER>
            <Speaker>PER0</Speaker>
          </token>
          <token id="24">
            <word>whether</word>
            <lemma>whether</lemma>
            <CharacterOffsetBegin>2164</CharacterOffsetBegin>
            <CharacterOffsetEnd>2171</CharacterOffsetEnd>
            <POS>IN</POS>
            <NER>O</NER>
            <Speaker>PER0</Speaker>
          </token>
          <token id="25">
            <word>it</word>
            <lemma>it</lemma>
            <CharacterOffsetBegin>2172</CharacterOffsetBegin>
            <CharacterOffsetEnd>2174</CharacterOffsetEnd>
            <POS>PRP</POS>
            <NER>O</NER>
            <Speaker>PER0</Speaker>
          </token>
          <token id="26">
            <word>is</word>
            <lemma>be</lemma>
            <CharacterOffsetBegin>2175</CharacterOffsetBegin>
            <CharacterOffsetEnd>2177</CharacterOffsetEnd>
            <POS>VBZ</POS>
            <NER>O</NER>
            <Speaker>PER0</Speaker>
          </token>
          <token id="27">
            <word>ethical</word>
            <lemma>ethical</lemma>
            <CharacterOffsetBegin>2178</CharacterOffsetBegin>
            <CharacterOffsetEnd>2185</CharacterOffsetEnd>
            <POS>JJ</POS>
            <NER>O</NER>
            <Speaker>PER0</Speaker>
          </token>
          <token id="28">
            <word>.</word>
            <lemma>.</lemma>
            <CharacterOffsetBegin>2185</CharacterOffsetBegin>
            <CharacterOffsetEnd>2186</CharacterOffsetEnd>
            <POS>.</POS>
            <NER>O</NER>
            <Speaker>PER0</Speaker>
          </token>
        </tokens>
        <parse>(ROOT (S (NP (NNP Natalia)) (VP (VBD touched) (PP (IN on) (NP (DT a) (NN point))) (PP (IN during) (NP (NP (DT the) (JJ first) (NN lecture)) (, ,) (SBAR (WHNP (WDT that)) (S (NP (JJ reputable) (NNS corporations)) (VP (VBP have) (VP (VBN made) (NP (NNS decisions)) (PP (VBN based) (PP (IN on) (SBAR (IN whether) (S (NP (PRP it)) (VP (VBZ 's) (ADJP (JJ legal)) (SBAR (RB not) (IN whether) (S (NP (PRP it)) (VP (VBZ is) (ADJP (JJ ethical))))))))))))))))) (. .))) </parse>
        <dependencies type="basic-dependencies">
          <dep type="root">
            <governor idx="0">ROOT</governor>
            <dependent idx="2">touched</dependent>
          </dep>
          <dep type="nsubj">
            <governor idx="2">touched</governor>
            <dependent idx="1">Natalia</dependent>
          </dep>
          <dep type="case">
            <governor idx="5">point</governor>
            <dependent idx="3">on</dependent>
          </dep>
          <dep type="det">
            <governor idx="5">point</governor>
            <dependent idx="4">a</dependent>
          </dep>
          <dep type="nmod">
            <governor idx="2">touched</governor>
            <dependent idx="5">point</dependent>
          </dep>
          <dep type="case">
            <governor idx="9">lecture</governor>
            <dependent idx="6">during</dependent>
          </dep>
          <dep type="det">
            <governor idx="9">lecture</governor>
            <dependent idx="7">the</dependent>
          </dep>
          <dep type="amod">
            <governor idx="9">lecture</governor>
            <dependent idx="8">first</dependent>
          </dep>
          <dep type="nmod">
            <governor idx="2">touched</governor>
            <dependent idx="9">lecture</dependent>
          </dep>
          <dep type="punct">
            <governor idx="9">lecture</governor>
            <dependent idx="10">,</dependent>
          </dep>
          <dep type="dobj">
            <governor idx="15">made</governor>
            <dependent idx="11">that</dependent>
          </dep>
          <dep type="amod">
            <governor idx="13">corporations</governor>
            <dependent idx="12">reputable</dependent>
          </dep>
          <dep type="nsubj">
            <governor idx="15">made</governor>
            <dependent idx="13">corporations</dependent>
          </dep>
          <dep type="aux">
            <governor idx="15">made</governor>
            <dependent idx="14">have</dependent>
          </dep>
          <dep type="acl:relcl">
            <governor idx="9">lecture</governor>
            <dependent idx="15">made</dependent>
          </dep>
          <dep type="dobj">
            <governor idx="15">made</governor>
            <dependent idx="16">decisions</dependent>
          </dep>
          <dep type="case">
            <governor idx="22">legal</governor>
            <dependent idx="17">based</dependent>
          </dep>
          <dep type="mark">
            <governor idx="22">legal</governor>
            <dependent idx="18">on</dependent>
          </dep>
          <dep type="mark">
            <governor idx="22">legal</governor>
            <dependent idx="19">whether</dependent>
          </dep>
          <dep type="nsubj">
            <governor idx="22">legal</governor>
            <dependent idx="20">it</dependent>
          </dep>
          <dep type="cop">
            <governor idx="22">legal</governor>
            <dependent idx="21">'s</dependent>
          </dep>
          <dep type="advcl">
            <governor idx="15">made</governor>
            <dependent idx="22">legal</dependent>
          </dep>
          <dep type="dep">
            <governor idx="27">ethical</governor>
            <dependent idx="23">not</dependent>
          </dep>
          <dep type="mark">
            <governor idx="27">ethical</governor>
            <dependent idx="24">whether</dependent>
          </dep>
          <dep type="nsubj">
            <governor idx="27">ethical</governor>
            <dependent idx="25">it</dependent>
          </dep>
          <dep type="cop">
            <governor idx="27">ethical</governor>
            <dependent idx="26">is</dependent>
          </dep>
          <dep type="dep">
            <governor idx="22">legal</governor>
            <dependent idx="27">ethical</dependent>
          </dep>
          <dep type="punct">
            <governor idx="2">touched</governor>
            <dependent idx="28">.</dependent>
          </dep>
        </dependencies>
        <dependencies type="collapsed-dependencies">
          <dep type="root">
            <governor idx="0">ROOT</governor>
            <dependent idx="2">touched</dependent>
          </dep>
          <dep type="nsubj">
            <governor idx="2">touched</governor>
            <dependent idx="1">Natalia</dependent>
          </dep>
          <dep type="case">
            <governor idx="5">point</governor>
            <dependent idx="3">on</dependent>
          </dep>
          <dep type="det">
            <governor idx="5">point</governor>
            <dependent idx="4">a</dependent>
          </dep>
          <dep type="nmod:on">
            <governor idx="2">touched</governor>
            <dependent idx="5">point</dependent>
          </dep>
          <dep type="case">
            <governor idx="9">lecture</governor>
            <dependent idx="6">during</dependent>
          </dep>
          <dep type="det">
            <governor idx="9">lecture</governor>
            <dependent idx="7">the</dependent>
          </dep>
          <dep type="amod">
            <governor idx="9">lecture</governor>
            <dependent idx="8">first</dependent>
          </dep>
          <dep type="nmod:during">
            <governor idx="2">touched</governor>
            <dependent idx="9">lecture</dependent>
          </dep>
          <dep type="punct">
            <governor idx="9">lecture</governor>
            <dependent idx="10">,</dependent>
          </dep>
          <dep type="dobj">
            <governor idx="15">made</governor>
            <dependent idx="11">that</dependent>
          </dep>
          <dep type="amod">
            <governor idx="13">corporations</governor>
            <dependent idx="12">reputable</dependent>
          </dep>
          <dep type="nsubj">
            <governor idx="15">made</governor>
            <dependent idx="13">corporations</dependent>
          </dep>
          <dep type="aux">
            <governor idx="15">made</governor>
            <dependent idx="14">have</dependent>
          </dep>
          <dep type="acl:relcl">
            <governor idx="9">lecture</governor>
            <dependent idx="15">made</dependent>
          </dep>
          <dep type="dobj">
            <governor idx="15">made</governor>
            <dependent idx="16">decisions</dependent>
          </dep>
          <dep type="case">
            <governor idx="22">legal</governor>
            <dependent idx="17">based</dependent>
          </dep>
          <dep type="mark">
            <governor idx="22">legal</governor>
            <dependent idx="18">on</dependent>
          </dep>
          <dep type="mark">
            <governor idx="22">legal</governor>
            <dependent idx="19">whether</dependent>
          </dep>
          <dep type="nsubj">
            <governor idx="22">legal</governor>
            <dependent idx="20">it</dependent>
          </dep>
          <dep type="cop">
            <governor idx="22">legal</governor>
            <dependent idx="21">'s</dependent>
          </dep>
          <dep type="advcl:based">
            <governor idx="15">made</governor>
            <dependent idx="22">legal</dependent>
          </dep>
          <dep type="dep">
            <governor idx="27">ethical</governor>
            <dependent idx="23">not</dependent>
          </dep>
          <dep type="mark">
            <governor idx="27">ethical</governor>
            <dependent idx="24">whether</dependent>
          </dep>
          <dep type="nsubj">
            <governor idx="27">ethical</governor>
            <dependent idx="25">it</dependent>
          </dep>
          <dep type="cop">
            <governor idx="27">ethical</governor>
            <dependent idx="26">is</dependent>
          </dep>
          <dep type="dep">
            <governor idx="22">legal</governor>
            <dependent idx="27">ethical</dependent>
          </dep>
          <dep type="punct">
            <governor idx="2">touched</governor>
            <dependent idx="28">.</dependent>
          </dep>
        </dependencies>
        <dependencies type="collapsed-ccprocessed-dependencies">
          <dep type="root">
            <governor idx="0">ROOT</governor>
            <dependent idx="2">touched</dependent>
          </dep>
          <dep type="nsubj">
            <governor idx="2">touched</governor>
            <dependent idx="1">Natalia</dependent>
          </dep>
          <dep type="case">
            <governor idx="5">point</governor>
            <dependent idx="3">on</dependent>
          </dep>
          <dep type="det">
            <governor idx="5">point</governor>
            <dependent idx="4">a</dependent>
          </dep>
          <dep type="nmod:on">
            <governor idx="2">touched</governor>
            <dependent idx="5">point</dependent>
          </dep>
          <dep type="case">
            <governor idx="9">lecture</governor>
            <dependent idx="6">during</dependent>
          </dep>
          <dep type="det">
            <governor idx="9">lecture</governor>
            <dependent idx="7">the</dependent>
          </dep>
          <dep type="amod">
            <governor idx="9">lecture</governor>
            <dependent idx="8">first</dependent>
          </dep>
          <dep type="nmod:during">
            <governor idx="2">touched</governor>
            <dependent idx="9">lecture</dependent>
          </dep>
          <dep type="punct">
            <governor idx="9">lecture</governor>
            <dependent idx="10">,</dependent>
          </dep>
          <dep type="dobj">
            <governor idx="15">made</governor>
            <dependent idx="11">that</dependent>
          </dep>
          <dep type="amod">
            <governor idx="13">corporations</governor>
            <dependent idx="12">reputable</dependent>
          </dep>
          <dep type="nsubj">
            <governor idx="15">made</governor>
            <dependent idx="13">corporations</dependent>
          </dep>
          <dep type="aux">
            <governor idx="15">made</governor>
            <dependent idx="14">have</dependent>
          </dep>
          <dep type="acl:relcl">
            <governor idx="9">lecture</governor>
            <dependent idx="15">made</dependent>
          </dep>
          <dep type="dobj">
            <governor idx="15">made</governor>
            <dependent idx="16">decisions</dependent>
          </dep>
          <dep type="case">
            <governor idx="22">legal</governor>
            <dependent idx="17">based</dependent>
          </dep>
          <dep type="mark">
            <governor idx="22">legal</governor>
            <dependent idx="18">on</dependent>
          </dep>
          <dep type="mark">
            <governor idx="22">legal</governor>
            <dependent idx="19">whether</dependent>
          </dep>
          <dep type="nsubj">
            <governor idx="22">legal</governor>
            <dependent idx="20">it</dependent>
          </dep>
          <dep type="cop">
            <governor idx="22">legal</governor>
            <dependent idx="21">'s</dependent>
          </dep>
          <dep type="advcl:based">
            <governor idx="15">made</governor>
            <dependent idx="22">legal</dependent>
          </dep>
          <dep type="dep">
            <governor idx="27">ethical</governor>
            <dependent idx="23">not</dependent>
          </dep>
          <dep type="mark">
            <governor idx="27">ethical</governor>
            <dependent idx="24">whether</dependent>
          </dep>
          <dep type="nsubj">
            <governor idx="27">ethical</governor>
            <dependent idx="25">it</dependent>
          </dep>
          <dep type="cop">
            <governor idx="27">ethical</governor>
            <dependent idx="26">is</dependent>
          </dep>
          <dep type="dep">
            <governor idx="22">legal</governor>
            <dependent idx="27">ethical</dependent>
          </dep>
          <dep type="punct">
            <governor idx="2">touched</governor>
            <dependent idx="28">.</dependent>
          </dep>
        </dependencies>
      </sentence>
      <sentence id="22">
        <tokens>
          <token id="1">
            <word>Some</word>
            <lemma>some</lemma>
            <CharacterOffsetBegin>2187</CharacterOffsetBegin>
            <CharacterOffsetEnd>2191</CharacterOffsetEnd>
            <POS>DT</POS>
            <NER>O</NER>
            <Speaker>PER0</Speaker>
          </token>
          <token id="2">
            <word>examples</word>
            <lemma>example</lemma>
            <CharacterOffsetBegin>2192</CharacterOffsetBegin>
            <CharacterOffsetEnd>2200</CharacterOffsetEnd>
            <POS>NNS</POS>
            <NER>O</NER>
            <Speaker>PER0</Speaker>
          </token>
          <token id="3">
            <word>of</word>
            <lemma>of</lemma>
            <CharacterOffsetBegin>2201</CharacterOffsetBegin>
            <CharacterOffsetEnd>2203</CharacterOffsetEnd>
            <POS>IN</POS>
            <NER>O</NER>
            <Speaker>PER0</Speaker>
          </token>
          <token id="4">
            <word>organisations</word>
            <lemma>organisation</lemma>
            <CharacterOffsetBegin>2204</CharacterOffsetBegin>
            <CharacterOffsetEnd>2217</CharacterOffsetEnd>
            <POS>NNS</POS>
            <NER>O</NER>
            <Speaker>PER0</Speaker>
          </token>
          <token id="5">
            <word>that</word>
            <lemma>that</lemma>
            <CharacterOffsetBegin>2218</CharacterOffsetBegin>
            <CharacterOffsetEnd>2222</CharacterOffsetEnd>
            <POS>WDT</POS>
            <NER>O</NER>
            <Speaker>PER0</Speaker>
          </token>
          <token id="6">
            <word>do</word>
            <lemma>do</lemma>
            <CharacterOffsetBegin>2223</CharacterOffsetBegin>
            <CharacterOffsetEnd>2225</CharacterOffsetEnd>
            <POS>VBP</POS>
            <NER>O</NER>
            <Speaker>PER0</Speaker>
          </token>
          <token id="7">
            <word>things</word>
            <lemma>thing</lemma>
            <CharacterOffsetBegin>2226</CharacterOffsetBegin>
            <CharacterOffsetEnd>2232</CharacterOffsetEnd>
            <POS>NNS</POS>
            <NER>O</NER>
            <Speaker>PER0</Speaker>
          </token>
          <token id="8">
            <word>`</word>
            <lemma>`</lemma>
            <CharacterOffsetBegin>2233</CharacterOffsetBegin>
            <CharacterOffsetEnd>2234</CharacterOffsetEnd>
            <POS>``</POS>
            <NER>O</NER>
            <Speaker>PER0</Speaker>
          </token>
          <token id="9">
            <word>lawfully</word>
            <lemma>lawfully</lemma>
            <CharacterOffsetBegin>2234</CharacterOffsetBegin>
            <CharacterOffsetEnd>2242</CharacterOffsetEnd>
            <POS>RB</POS>
            <NER>O</NER>
            <Speaker>PER0</Speaker>
          </token>
          <token id="10">
            <word>'</word>
            <lemma>'</lemma>
            <CharacterOffsetBegin>2242</CharacterOffsetBegin>
            <CharacterOffsetEnd>2243</CharacterOffsetEnd>
            <POS>''</POS>
            <NER>O</NER>
            <Speaker>PER0</Speaker>
          </token>
          <token id="11">
            <word>but</word>
            <lemma>but</lemma>
            <CharacterOffsetBegin>2244</CharacterOffsetBegin>
            <CharacterOffsetEnd>2247</CharacterOffsetEnd>
            <POS>CC</POS>
            <NER>O</NER>
            <Speaker>PER0</Speaker>
          </token>
          <token id="12">
            <word>not</word>
            <lemma>not</lemma>
            <CharacterOffsetBegin>2248</CharacterOffsetBegin>
            <CharacterOffsetEnd>2251</CharacterOffsetEnd>
            <POS>RB</POS>
            <NER>O</NER>
            <Speaker>PER0</Speaker>
          </token>
          <token id="13">
            <word>so</word>
            <lemma>so</lemma>
            <CharacterOffsetBegin>2252</CharacterOffsetBegin>
            <CharacterOffsetEnd>2254</CharacterOffsetEnd>
            <POS>RB</POS>
            <NER>O</NER>
            <Speaker>PER0</Speaker>
          </token>
          <token id="14">
            <word>ethically</word>
            <lemma>ethically</lemma>
            <CharacterOffsetBegin>2255</CharacterOffsetBegin>
            <CharacterOffsetEnd>2264</CharacterOffsetEnd>
            <POS>RB</POS>
            <NER>O</NER>
            <Speaker>PER0</Speaker>
          </token>
          <token id="15">
            <word>are</word>
            <lemma>be</lemma>
            <CharacterOffsetBegin>2265</CharacterOffsetBegin>
            <CharacterOffsetEnd>2268</CharacterOffsetEnd>
            <POS>VBP</POS>
            <NER>O</NER>
            <Speaker>PER0</Speaker>
          </token>
          <token id="16">
            <word>James</word>
            <lemma>James</lemma>
            <CharacterOffsetBegin>2269</CharacterOffsetBegin>
            <CharacterOffsetEnd>2274</CharacterOffsetEnd>
            <POS>NNP</POS>
            <NER>PERSON</NER>
            <Speaker>PER0</Speaker>
          </token>
          <token id="17">
            <word>Hardie</word>
            <lemma>Hardie</lemma>
            <CharacterOffsetBegin>2275</CharacterOffsetBegin>
            <CharacterOffsetEnd>2281</CharacterOffsetEnd>
            <POS>NNP</POS>
            <NER>PERSON</NER>
            <Speaker>PER0</Speaker>
          </token>
          <token id="18">
            <word>with</word>
            <lemma>with</lemma>
            <CharacterOffsetBegin>2282</CharacterOffsetBegin>
            <CharacterOffsetEnd>2286</CharacterOffsetEnd>
            <POS>IN</POS>
            <NER>O</NER>
            <Speaker>PER0</Speaker>
          </token>
          <token id="19">
            <word>Meredith</word>
            <lemma>Meredith</lemma>
            <CharacterOffsetBegin>2287</CharacterOffsetBegin>
            <CharacterOffsetEnd>2295</CharacterOffsetEnd>
            <POS>NNP</POS>
            <NER>PERSON</NER>
            <Speaker>PER0</Speaker>
          </token>
          <token id="20">
            <word>Hellicar</word>
            <lemma>Hellicar</lemma>
            <CharacterOffsetBegin>2296</CharacterOffsetBegin>
            <CharacterOffsetEnd>2304</CharacterOffsetEnd>
            <POS>NNP</POS>
            <NER>PERSON</NER>
            <Speaker>PER0</Speaker>
          </token>
          <token id="21">
            <word>Chair</word>
            <lemma>Chair</lemma>
            <CharacterOffsetBegin>2305</CharacterOffsetBegin>
            <CharacterOffsetEnd>2310</CharacterOffsetEnd>
            <POS>NNP</POS>
            <NER>PERSON</NER>
            <Speaker>PER0</Speaker>
          </token>
          <token id="22">
            <word>of</word>
            <lemma>of</lemma>
            <CharacterOffsetBegin>2311</CharacterOffsetBegin>
            <CharacterOffsetEnd>2313</CharacterOffsetEnd>
            <POS>IN</POS>
            <NER>O</NER>
            <Speaker>PER0</Speaker>
          </token>
          <token id="23">
            <word>James</word>
            <lemma>James</lemma>
            <CharacterOffsetBegin>2314</CharacterOffsetBegin>
            <CharacterOffsetEnd>2319</CharacterOffsetEnd>
            <POS>NNP</POS>
            <NER>PERSON</NER>
            <Speaker>PER0</Speaker>
          </token>
          <token id="24">
            <word>Hardie</word>
            <lemma>Hardie</lemma>
            <CharacterOffsetBegin>2320</CharacterOffsetBegin>
            <CharacterOffsetEnd>2326</CharacterOffsetEnd>
            <POS>NNP</POS>
            <NER>PERSON</NER>
            <Speaker>PER0</Speaker>
          </token>
          <token id="25">
            <word>``</word>
            <lemma>``</lemma>
            <CharacterOffsetBegin>2327</CharacterOffsetBegin>
            <CharacterOffsetEnd>2328</CharacterOffsetEnd>
            <POS>``</POS>
            <NER>O</NER>
          </token>
          <token id="26">
            <word>we</word>
            <lemma>we</lemma>
            <CharacterOffsetBegin>2328</CharacterOffsetBegin>
            <CharacterOffsetEnd>2330</CharacterOffsetEnd>
            <POS>PRP</POS>
            <NER>O</NER>
            <Speaker>PER2</Speaker>
          </token>
          <token id="27">
            <word>'ve</word>
            <lemma>have</lemma>
            <CharacterOffsetBegin>2330</CharacterOffsetBegin>
            <CharacterOffsetEnd>2333</CharacterOffsetEnd>
            <POS>VBP</POS>
            <NER>O</NER>
            <Speaker>PER2</Speaker>
          </token>
          <token id="28">
            <word>done</word>
            <lemma>do</lemma>
            <CharacterOffsetBegin>2334</CharacterOffsetBegin>
            <CharacterOffsetEnd>2338</CharacterOffsetEnd>
            <POS>VBN</POS>
            <NER>O</NER>
            <Speaker>PER2</Speaker>
          </token>
          <token id="29">
            <word>nothing</word>
            <lemma>nothing</lemma>
            <CharacterOffsetBegin>2339</CharacterOffsetBegin>
            <CharacterOffsetEnd>2346</CharacterOffsetEnd>
            <POS>NN</POS>
            <NER>O</NER>
            <Speaker>PER2</Speaker>
          </token>
          <token id="30">
            <word>illegal</word>
            <lemma>illegal</lemma>
            <CharacterOffsetBegin>2347</CharacterOffsetBegin>
            <CharacterOffsetEnd>2354</CharacterOffsetEnd>
            <POS>JJ</POS>
            <NER>O</NER>
            <Speaker>PER2</Speaker>
          </token>
          <token id="31">
            <word>''</word>
            <lemma>''</lemma>
            <CharacterOffsetBegin>2354</CharacterOffsetBegin>
            <CharacterOffsetEnd>2355</CharacterOffsetEnd>
            <POS>''</POS>
            <NER>O</NER>
            <Speaker>PER0</Speaker>
          </token>
          <token id="32">
            <word>or</word>
            <lemma>or</lemma>
            <CharacterOffsetBegin>2356</CharacterOffsetBegin>
            <CharacterOffsetEnd>2358</CharacterOffsetEnd>
            <POS>CC</POS>
            <NER>O</NER>
            <Speaker>PER0</Speaker>
          </token>
          <token id="33">
            <word>Tony</word>
            <lemma>Tony</lemma>
            <CharacterOffsetBegin>2359</CharacterOffsetBegin>
            <CharacterOffsetEnd>2363</CharacterOffsetEnd>
            <POS>NNP</POS>
            <NER>O</NER>
            <Speaker>PER0</Speaker>
          </token>
          <token id="34">
            <word>Heyward</word>
            <lemma>Heyward</lemma>
            <CharacterOffsetBegin>2364</CharacterOffsetBegin>
            <CharacterOffsetEnd>2371</CharacterOffsetEnd>
            <POS>NNP</POS>
            <NER>O</NER>
            <Speaker>PER0</Speaker>
          </token>
          <token id="35">
            <word>CEO</word>
            <lemma>CEO</lemma>
            <CharacterOffsetBegin>2372</CharacterOffsetBegin>
            <CharacterOffsetEnd>2375</CharacterOffsetEnd>
            <POS>NNP</POS>
            <NER>O</NER>
            <Speaker>PER0</Speaker>
          </token>
          <token id="36">
            <word>of</word>
            <lemma>of</lemma>
            <CharacterOffsetBegin>2376</CharacterOffsetBegin>
            <CharacterOffsetEnd>2378</CharacterOffsetEnd>
            <POS>IN</POS>
            <NER>O</NER>
            <Speaker>PER0</Speaker>
          </token>
          <token id="37">
            <word>BP</word>
            <lemma>BP</lemma>
            <CharacterOffsetBegin>2379</CharacterOffsetBegin>
            <CharacterOffsetEnd>2381</CharacterOffsetEnd>
            <POS>NNP</POS>
            <NER>O</NER>
            <Speaker>PER0</Speaker>
          </token>
          <token id="38">
            <word>oil</word>
            <lemma>oil</lemma>
            <CharacterOffsetBegin>2382</CharacterOffsetBegin>
            <CharacterOffsetEnd>2385</CharacterOffsetEnd>
            <POS>NN</POS>
            <NER>O</NER>
            <Speaker>PER0</Speaker>
          </token>
          <token id="39">
            <word>spill</word>
            <lemma>spill</lemma>
            <CharacterOffsetBegin>2386</CharacterOffsetBegin>
            <CharacterOffsetEnd>2391</CharacterOffsetEnd>
            <POS>NN</POS>
            <NER>O</NER>
            <Speaker>PER0</Speaker>
          </token>
          <token id="40">
            <word>impact</word>
            <lemma>impact</lemma>
            <CharacterOffsetBegin>2392</CharacterOffsetBegin>
            <CharacterOffsetEnd>2398</CharacterOffsetEnd>
            <POS>NN</POS>
            <NER>O</NER>
            <Speaker>PER0</Speaker>
          </token>
          <token id="41">
            <word>stating</word>
            <lemma>state</lemma>
            <CharacterOffsetBegin>2399</CharacterOffsetBegin>
            <CharacterOffsetEnd>2406</CharacterOffsetEnd>
            <POS>VBG</POS>
            <NER>O</NER>
            <Speaker>PER0</Speaker>
          </token>
          <token id="42">
            <word>``</word>
            <lemma>``</lemma>
            <CharacterOffsetBegin>2407</CharacterOffsetBegin>
            <CharacterOffsetEnd>2408</CharacterOffsetEnd>
            <POS>``</POS>
            <NER>O</NER>
          </token>
          <token id="43">
            <word>Who</word>
            <lemma>who</lemma>
            <CharacterOffsetBegin>2408</CharacterOffsetBegin>
            <CharacterOffsetEnd>2411</CharacterOffsetEnd>
            <POS>WP</POS>
            <NER>O</NER>
            <Speaker>PER3</Speaker>
          </token>
          <token id="44">
            <word>cares</word>
            <lemma>care</lemma>
            <CharacterOffsetBegin>2412</CharacterOffsetBegin>
            <CharacterOffsetEnd>2417</CharacterOffsetEnd>
            <POS>VBZ</POS>
            <NER>O</NER>
            <Speaker>PER3</Speaker>
          </token>
          <token id="45">
            <word>?</word>
            <lemma>?</lemma>
            <CharacterOffsetBegin>2417</CharacterOffsetBegin>
            <CharacterOffsetEnd>2418</CharacterOffsetEnd>
            <POS>.</POS>
            <NER>O</NER>
            <Speaker>PER3</Speaker>
          </token>
        </tokens>
        <parse>(ROOT (S (NP (NP (DT Some) (NNS examples)) (PP (IN of) (NP (NP (NNS organisations)) (SBAR (WHNP (WDT that)) (S (VP (VP (VBP do) (S (NP (NNS things)) (`` `) (ADJP (RB lawfully)) ('' '))) (CC but) (VP (RB not) (ADJP (RB so) (RB ethically))))))))) (VP (VBP are) (NP (NP (NNP James) (NNP Hardie)) (PP (IN with) (NP (NP (NP (NNP Meredith) (NNP Hellicar) (NNP Chair)) (PP (IN of) (NP (NP (NNP James) (NNP Hardie)) (`` ``) (S (NP (PRP we)) (VP (VBP 've) (VP (VBN done) (S (ADJP (NN nothing) (JJ illegal)))))) ('' '')))) (CC or) (NP (NP (NNP Tony) (NNP Heyward) (NNP CEO)) (PP (IN of) (NP (NP (NNP BP) (NN oil) (NN spill) (NN impact)) (VP (VBG stating) (`` ``) (SBAR (WHNP (WP Who)) (S (VP (VBZ cares)))))))))))) (. ?))) </parse>
        <dependencies type="basic-dependencies">
          <dep type="root">
            <governor idx="0">ROOT</governor>
            <dependent idx="17">Hardie</dependent>
          </dep>
          <dep type="det">
            <governor idx="2">examples</governor>
            <dependent idx="1">Some</dependent>
          </dep>
          <dep type="nsubj">
            <governor idx="17">Hardie</governor>
            <dependent idx="2">examples</dependent>
          </dep>
          <dep type="case">
            <governor idx="4">organisations</governor>
            <dependent idx="3">of</dependent>
          </dep>
          <dep type="nmod">
            <governor idx="2">examples</governor>
            <dependent idx="4">organisations</dependent>
          </dep>
          <dep type="nsubj">
            <governor idx="6">do</governor>
            <dependent idx="5">that</dependent>
          </dep>
          <dep type="acl:relcl">
            <governor idx="4">organisations</governor>
            <dependent idx="6">do</dependent>
          </dep>
          <dep type="dep">
            <governor idx="9">lawfully</governor>
            <dependent idx="7">things</dependent>
          </dep>
          <dep type="punct">
            <governor idx="9">lawfully</governor>
            <dependent idx="8">`</dependent>
          </dep>
          <dep type="xcomp">
            <governor idx="6">do</governor>
            <dependent idx="9">lawfully</dependent>
          </dep>
          <dep type="punct">
            <governor idx="9">lawfully</governor>
            <dependent idx="10">'</dependent>
          </dep>
          <dep type="cc">
            <governor idx="6">do</governor>
            <dependent idx="11">but</dependent>
          </dep>
          <dep type="neg">
            <governor idx="14">ethically</governor>
            <dependent idx="12">not</dependent>
          </dep>
          <dep type="advmod">
            <governor idx="14">ethically</governor>
            <dependent idx="13">so</dependent>
          </dep>
          <dep type="conj">
            <governor idx="6">do</governor>
            <dependent idx="14">ethically</dependent>
          </dep>
          <dep type="cop">
            <governor idx="17">Hardie</governor>
            <dependent idx="15">are</dependent>
          </dep>
          <dep type="compound">
            <governor idx="17">Hardie</governor>
            <dependent idx="16">James</dependent>
          </dep>
          <dep type="case">
            <governor idx="21">Chair</governor>
            <dependent idx="18">with</dependent>
          </dep>
          <dep type="compound">
            <governor idx="21">Chair</governor>
            <dependent idx="19">Meredith</dependent>
          </dep>
          <dep type="compound">
            <governor idx="21">Chair</governor>
            <dependent idx="20">Hellicar</dependent>
          </dep>
          <dep type="nmod">
            <governor idx="17">Hardie</governor>
            <dependent idx="21">Chair</dependent>
          </dep>
          <dep type="case">
            <governor idx="24">Hardie</governor>
            <dependent idx="22">of</dependent>
          </dep>
          <dep type="compound">
            <governor idx="24">Hardie</governor>
            <dependent idx="23">James</dependent>
          </dep>
          <dep type="nmod">
            <governor idx="21">Chair</governor>
            <dependent idx="24">Hardie</dependent>
          </dep>
          <dep type="punct">
            <governor idx="24">Hardie</governor>
            <dependent idx="25">``</dependent>
          </dep>
          <dep type="nsubj">
            <governor idx="28">done</governor>
            <dependent idx="26">we</dependent>
          </dep>
          <dep type="aux">
            <governor idx="28">done</governor>
            <dependent idx="27">'ve</dependent>
          </dep>
          <dep type="dep">
            <governor idx="24">Hardie</governor>
            <dependent idx="28">done</dependent>
          </dep>
          <dep type="nmod:npmod">
            <governor idx="30">illegal</governor>
            <dependent idx="29">nothing</dependent>
          </dep>
          <dep type="xcomp">
            <governor idx="28">done</governor>
            <dependent idx="30">illegal</dependent>
          </dep>
          <dep type="punct">
            <governor idx="24">Hardie</governor>
            <dependent idx="31">''</dependent>
          </dep>
          <dep type="cc">
            <governor idx="21">Chair</governor>
            <dependent idx="32">or</dependent>
          </dep>
          <dep type="compound">
            <governor idx="35">CEO</governor>
            <dependent idx="33">Tony</dependent>
          </dep>
          <dep type="compound">
            <governor idx="35">CEO</governor>
            <dependent idx="34">Heyward</dependent>
          </dep>
          <dep type="conj">
            <governor idx="21">Chair</governor>
            <dependent idx="35">CEO</dependent>
          </dep>
          <dep type="case">
            <governor idx="40">impact</governor>
            <dependent idx="36">of</dependent>
          </dep>
          <dep type="compound">
            <governor idx="40">impact</governor>
            <dependent idx="37">BP</dependent>
          </dep>
          <dep type="compound">
            <governor idx="40">impact</governor>
            <dependent idx="38">oil</dependent>
          </dep>
          <dep type="compound">
            <governor idx="40">impact</governor>
            <dependent idx="39">spill</dependent>
          </dep>
          <dep type="nmod">
            <governor idx="35">CEO</governor>
            <dependent idx="40">impact</dependent>
          </dep>
          <dep type="acl">
            <governor idx="40">impact</governor>
            <dependent idx="41">stating</dependent>
          </dep>
          <dep type="punct">
            <governor idx="41">stating</governor>
            <dependent idx="42">``</dependent>
          </dep>
          <dep type="nsubj">
            <governor idx="44">cares</governor>
            <dependent idx="43">Who</dependent>
          </dep>
          <dep type="ccomp">
            <governor idx="41">stating</governor>
            <dependent idx="44">cares</dependent>
          </dep>
          <dep type="punct">
            <governor idx="17">Hardie</governor>
            <dependent idx="45">?</dependent>
          </dep>
        </dependencies>
        <dependencies type="collapsed-dependencies">
          <dep type="root">
            <governor idx="0">ROOT</governor>
            <dependent idx="17">Hardie</dependent>
          </dep>
          <dep type="det">
            <governor idx="2">examples</governor>
            <dependent idx="1">Some</dependent>
          </dep>
          <dep type="nsubj">
            <governor idx="17">Hardie</governor>
            <dependent idx="2">examples</dependent>
          </dep>
          <dep type="case">
            <governor idx="4">organisations</governor>
            <dependent idx="3">of</dependent>
          </dep>
          <dep type="nmod:of">
            <governor idx="2">examples</governor>
            <dependent idx="4">organisations</dependent>
          </dep>
          <dep type="nsubj">
            <governor idx="6">do</governor>
            <dependent idx="5">that</dependent>
          </dep>
          <dep type="acl:relcl">
            <governor idx="4">organisations</governor>
            <dependent idx="6">do</dependent>
          </dep>
          <dep type="dep">
            <governor idx="9">lawfully</governor>
            <dependent idx="7">things</dependent>
          </dep>
          <dep type="punct">
            <governor idx="9">lawfully</governor>
            <dependent idx="8">`</dependent>
          </dep>
          <dep type="xcomp">
            <governor idx="6">do</governor>
            <dependent idx="9">lawfully</dependent>
          </dep>
          <dep type="punct">
            <governor idx="9">lawfully</governor>
            <dependent idx="10">'</dependent>
          </dep>
          <dep type="cc">
            <governor idx="6">do</governor>
            <dependent idx="11">but</dependent>
          </dep>
          <dep type="neg">
            <governor idx="14">ethically</governor>
            <dependent idx="12">not</dependent>
          </dep>
          <dep type="advmod">
            <governor idx="14">ethically</governor>
            <dependent idx="13">so</dependent>
          </dep>
          <dep type="conj:but">
            <governor idx="6">do</governor>
            <dependent idx="14">ethically</dependent>
          </dep>
          <dep type="cop">
            <governor idx="17">Hardie</governor>
            <dependent idx="15">are</dependent>
          </dep>
          <dep type="compound">
            <governor idx="17">Hardie</governor>
            <dependent idx="16">James</dependent>
          </dep>
          <dep type="case">
            <governor idx="21">Chair</governor>
            <dependent idx="18">with</dependent>
          </dep>
          <dep type="compound">
            <governor idx="21">Chair</governor>
            <dependent idx="19">Meredith</dependent>
          </dep>
          <dep type="compound">
            <governor idx="21">Chair</governor>
            <dependent idx="20">Hellicar</dependent>
          </dep>
          <dep type="nmod:with">
            <governor idx="17">Hardie</governor>
            <dependent idx="21">Chair</dependent>
          </dep>
          <dep type="case">
            <governor idx="24">Hardie</governor>
            <dependent idx="22">of</dependent>
          </dep>
          <dep type="compound">
            <governor idx="24">Hardie</governor>
            <dependent idx="23">James</dependent>
          </dep>
          <dep type="nmod:of">
            <governor idx="21">Chair</governor>
            <dependent idx="24">Hardie</dependent>
          </dep>
          <dep type="punct">
            <governor idx="24">Hardie</governor>
            <dependent idx="25">``</dependent>
          </dep>
          <dep type="nsubj">
            <governor idx="28">done</governor>
            <dependent idx="26">we</dependent>
          </dep>
          <dep type="aux">
            <governor idx="28">done</governor>
            <dependent idx="27">'ve</dependent>
          </dep>
          <dep type="dep">
            <governor idx="24">Hardie</governor>
            <dependent idx="28">done</dependent>
          </dep>
          <dep type="nmod:npmod">
            <governor idx="30">illegal</governor>
            <dependent idx="29">nothing</dependent>
          </dep>
          <dep type="xcomp">
            <governor idx="28">done</governor>
            <dependent idx="30">illegal</dependent>
          </dep>
          <dep type="punct">
            <governor idx="24">Hardie</governor>
            <dependent idx="31">''</dependent>
          </dep>
          <dep type="cc">
            <governor idx="21">Chair</governor>
            <dependent idx="32">or</dependent>
          </dep>
          <dep type="compound">
            <governor idx="35">CEO</governor>
            <dependent idx="33">Tony</dependent>
          </dep>
          <dep type="compound">
            <governor idx="35">CEO</governor>
            <dependent idx="34">Heyward</dependent>
          </dep>
          <dep type="conj:or">
            <governor idx="21">Chair</governor>
            <dependent idx="35">CEO</dependent>
          </dep>
          <dep type="case">
            <governor idx="40">impact</governor>
            <dependent idx="36">of</dependent>
          </dep>
          <dep type="compound">
            <governor idx="40">impact</governor>
            <dependent idx="37">BP</dependent>
          </dep>
          <dep type="compound">
            <governor idx="40">impact</governor>
            <dependent idx="38">oil</dependent>
          </dep>
          <dep type="compound">
            <governor idx="40">impact</governor>
            <dependent idx="39">spill</dependent>
          </dep>
          <dep type="nmod:of">
            <governor idx="35">CEO</governor>
            <dependent idx="40">impact</dependent>
          </dep>
          <dep type="acl">
            <governor idx="40">impact</governor>
            <dependent idx="41">stating</dependent>
          </dep>
          <dep type="punct">
            <governor idx="41">stating</governor>
            <dependent idx="42">``</dependent>
          </dep>
          <dep type="nsubj">
            <governor idx="44">cares</governor>
            <dependent idx="43">Who</dependent>
          </dep>
          <dep type="ccomp">
            <governor idx="41">stating</governor>
            <dependent idx="44">cares</dependent>
          </dep>
          <dep type="punct">
            <governor idx="17">Hardie</governor>
            <dependent idx="45">?</dependent>
          </dep>
        </dependencies>
        <dependencies type="collapsed-ccprocessed-dependencies">
          <dep type="root">
            <governor idx="0">ROOT</governor>
            <dependent idx="17">Hardie</dependent>
          </dep>
          <dep type="det">
            <governor idx="2">examples</governor>
            <dependent idx="1">Some</dependent>
          </dep>
          <dep type="nsubj">
            <governor idx="17">Hardie</governor>
            <dependent idx="2">examples</dependent>
          </dep>
          <dep type="case">
            <governor idx="4">organisations</governor>
            <dependent idx="3">of</dependent>
          </dep>
          <dep type="nmod:of">
            <governor idx="2">examples</governor>
            <dependent idx="4">organisations</dependent>
          </dep>
          <dep type="nsubj">
            <governor idx="6">do</governor>
            <dependent idx="5">that</dependent>
          </dep>
          <dep type="acl:relcl">
            <governor idx="4">organisations</governor>
            <dependent idx="6">do</dependent>
          </dep>
          <dep type="dep">
            <governor idx="9">lawfully</governor>
            <dependent idx="7">things</dependent>
          </dep>
          <dep type="punct">
            <governor idx="9">lawfully</governor>
            <dependent idx="8">`</dependent>
          </dep>
          <dep type="xcomp">
            <governor idx="6">do</governor>
            <dependent idx="9">lawfully</dependent>
          </dep>
          <dep type="punct">
            <governor idx="9">lawfully</governor>
            <dependent idx="10">'</dependent>
          </dep>
          <dep type="cc">
            <governor idx="6">do</governor>
            <dependent idx="11">but</dependent>
          </dep>
          <dep type="neg">
            <governor idx="14">ethically</governor>
            <dependent idx="12">not</dependent>
          </dep>
          <dep type="advmod">
            <governor idx="14">ethically</governor>
            <dependent idx="13">so</dependent>
          </dep>
          <dep type="acl:relcl" extra="true">
            <governor idx="4">organisations</governor>
            <dependent idx="14">ethically</dependent>
          </dep>
          <dep type="conj:but">
            <governor idx="6">do</governor>
            <dependent idx="14">ethically</dependent>
          </dep>
          <dep type="cop">
            <governor idx="17">Hardie</governor>
            <dependent idx="15">are</dependent>
          </dep>
          <dep type="compound">
            <governor idx="17">Hardie</governor>
            <dependent idx="16">James</dependent>
          </dep>
          <dep type="case">
            <governor idx="21">Chair</governor>
            <dependent idx="18">with</dependent>
          </dep>
          <dep type="compound">
            <governor idx="21">Chair</governor>
            <dependent idx="19">Meredith</dependent>
          </dep>
          <dep type="compound">
            <governor idx="21">Chair</governor>
            <dependent idx="20">Hellicar</dependent>
          </dep>
          <dep type="nmod:with">
            <governor idx="17">Hardie</governor>
            <dependent idx="21">Chair</dependent>
          </dep>
          <dep type="case">
            <governor idx="24">Hardie</governor>
            <dependent idx="22">of</dependent>
          </dep>
          <dep type="compound">
            <governor idx="24">Hardie</governor>
            <dependent idx="23">James</dependent>
          </dep>
          <dep type="nmod:of">
            <governor idx="21">Chair</governor>
            <dependent idx="24">Hardie</dependent>
          </dep>
          <dep type="punct">
            <governor idx="24">Hardie</governor>
            <dependent idx="25">``</dependent>
          </dep>
          <dep type="nsubj">
            <governor idx="28">done</governor>
            <dependent idx="26">we</dependent>
          </dep>
          <dep type="aux">
            <governor idx="28">done</governor>
            <dependent idx="27">'ve</dependent>
          </dep>
          <dep type="dep">
            <governor idx="24">Hardie</governor>
            <dependent idx="28">done</dependent>
          </dep>
          <dep type="nmod:npmod">
            <governor idx="30">illegal</governor>
            <dependent idx="29">nothing</dependent>
          </dep>
          <dep type="xcomp">
            <governor idx="28">done</governor>
            <dependent idx="30">illegal</dependent>
          </dep>
          <dep type="punct">
            <governor idx="24">Hardie</governor>
            <dependent idx="31">''</dependent>
          </dep>
          <dep type="cc">
            <governor idx="21">Chair</governor>
            <dependent idx="32">or</dependent>
          </dep>
          <dep type="compound">
            <governor idx="35">CEO</governor>
            <dependent idx="33">Tony</dependent>
          </dep>
          <dep type="compound">
            <governor idx="35">CEO</governor>
            <dependent idx="34">Heyward</dependent>
          </dep>
          <dep type="nmod:with" extra="true">
            <governor idx="17">Hardie</governor>
            <dependent idx="35">CEO</dependent>
          </dep>
          <dep type="conj:or">
            <governor idx="21">Chair</governor>
            <dependent idx="35">CEO</dependent>
          </dep>
          <dep type="case">
            <governor idx="40">impact</governor>
            <dependent idx="36">of</dependent>
          </dep>
          <dep type="compound">
            <governor idx="40">impact</governor>
            <dependent idx="37">BP</dependent>
          </dep>
          <dep type="compound">
            <governor idx="40">impact</governor>
            <dependent idx="38">oil</dependent>
          </dep>
          <dep type="compound">
            <governor idx="40">impact</governor>
            <dependent idx="39">spill</dependent>
          </dep>
          <dep type="nmod:of">
            <governor idx="35">CEO</governor>
            <dependent idx="40">impact</dependent>
          </dep>
          <dep type="acl">
            <governor idx="40">impact</governor>
            <dependent idx="41">stating</dependent>
          </dep>
          <dep type="punct">
            <governor idx="41">stating</governor>
            <dependent idx="42">``</dependent>
          </dep>
          <dep type="nsubj">
            <governor idx="44">cares</governor>
            <dependent idx="43">Who</dependent>
          </dep>
          <dep type="ccomp">
            <governor idx="41">stating</governor>
            <dependent idx="44">cares</dependent>
          </dep>
          <dep type="punct">
            <governor idx="17">Hardie</governor>
            <dependent idx="45">?</dependent>
          </dep>
        </dependencies>
      </sentence>
      <sentence id="23">
        <tokens>
          <token id="1">
            <word>Job</word>
            <lemma>Job</lemma>
            <CharacterOffsetBegin>2419</CharacterOffsetBegin>
            <CharacterOffsetEnd>2422</CharacterOffsetEnd>
            <POS>NNP</POS>
            <NER>O</NER>
            <Speaker>PER3</Speaker>
          </token>
          <token id="2">
            <word>'s</word>
            <lemma>'s</lemma>
            <CharacterOffsetBegin>2422</CharacterOffsetBegin>
            <CharacterOffsetEnd>2424</CharacterOffsetEnd>
            <POS>POS</POS>
            <NER>O</NER>
            <Speaker>PER3</Speaker>
          </token>
          <token id="3">
            <word>done</word>
            <lemma>do</lemma>
            <CharacterOffsetBegin>2425</CharacterOffsetBegin>
            <CharacterOffsetEnd>2429</CharacterOffsetEnd>
            <POS>VBN</POS>
            <NER>O</NER>
            <Speaker>PER3</Speaker>
          </token>
          <token id="4">
            <word>''</word>
            <lemma>''</lemma>
            <CharacterOffsetBegin>2429</CharacterOffsetBegin>
            <CharacterOffsetEnd>2430</CharacterOffsetEnd>
            <POS>''</POS>
            <NER>O</NER>
            <Speaker>PER0</Speaker>
          </token>
          <token id="5">
            <word>.</word>
            <lemma>.</lemma>
            <CharacterOffsetBegin>2430</CharacterOffsetBegin>
            <CharacterOffsetEnd>2431</CharacterOffsetEnd>
            <POS>.</POS>
            <NER>O</NER>
            <Speaker>PER0</Speaker>
          </token>
        </tokens>
        <parse>(ROOT (S (NP (NNP Job) (POS 's)) (VP (VBN done) ('' '')) (. .))) </parse>
        <dependencies type="basic-dependencies">
          <dep type="root">
            <governor idx="0">ROOT</governor>
            <dependent idx="3">done</dependent>
          </dep>
          <dep type="nsubj">
            <governor idx="3">done</governor>
            <dependent idx="1">Job</dependent>
          </dep>
          <dep type="case">
            <governor idx="1">Job</governor>
            <dependent idx="2">'s</dependent>
          </dep>
          <dep type="punct">
            <governor idx="3">done</governor>
            <dependent idx="4">''</dependent>
          </dep>
          <dep type="punct">
            <governor idx="3">done</governor>
            <dependent idx="5">.</dependent>
          </dep>
        </dependencies>
        <dependencies type="collapsed-dependencies">
          <dep type="root">
            <governor idx="0">ROOT</governor>
            <dependent idx="3">done</dependent>
          </dep>
          <dep type="nsubj">
            <governor idx="3">done</governor>
            <dependent idx="1">Job</dependent>
          </dep>
          <dep type="case">
            <governor idx="1">Job</governor>
            <dependent idx="2">'s</dependent>
          </dep>
          <dep type="punct">
            <governor idx="3">done</governor>
            <dependent idx="4">''</dependent>
          </dep>
          <dep type="punct">
            <governor idx="3">done</governor>
            <dependent idx="5">.</dependent>
          </dep>
        </dependencies>
        <dependencies type="collapsed-ccprocessed-dependencies">
          <dep type="root">
            <governor idx="0">ROOT</governor>
            <dependent idx="3">done</dependent>
          </dep>
          <dep type="nsubj">
            <governor idx="3">done</governor>
            <dependent idx="1">Job</dependent>
          </dep>
          <dep type="case">
            <governor idx="1">Job</governor>
            <dependent idx="2">'s</dependent>
          </dep>
          <dep type="punct">
            <governor idx="3">done</governor>
            <dependent idx="4">''</dependent>
          </dep>
          <dep type="punct">
            <governor idx="3">done</governor>
            <dependent idx="5">.</dependent>
          </dep>
        </dependencies>
      </sentence>
      <sentence id="24">
        <tokens>
          <token id="1">
            <word>This</word>
            <lemma>this</lemma>
            <CharacterOffsetBegin>2432</CharacterOffsetBegin>
            <CharacterOffsetEnd>2436</CharacterOffsetEnd>
            <POS>DT</POS>
            <NER>O</NER>
            <Speaker>PER0</Speaker>
          </token>
          <token id="2">
            <word>made</word>
            <lemma>make</lemma>
            <CharacterOffsetBegin>2437</CharacterOffsetBegin>
            <CharacterOffsetEnd>2441</CharacterOffsetEnd>
            <POS>VBD</POS>
            <NER>O</NER>
            <Speaker>PER0</Speaker>
          </token>
          <token id="3">
            <word>me</word>
            <lemma>I</lemma>
            <CharacterOffsetBegin>2442</CharacterOffsetBegin>
            <CharacterOffsetEnd>2444</CharacterOffsetEnd>
            <POS>PRP</POS>
            <NER>O</NER>
            <Speaker>PER0</Speaker>
          </token>
          <token id="4">
            <word>really</word>
            <lemma>really</lemma>
            <CharacterOffsetBegin>2445</CharacterOffsetBegin>
            <CharacterOffsetEnd>2451</CharacterOffsetEnd>
            <POS>RB</POS>
            <NER>O</NER>
            <Speaker>PER0</Speaker>
          </token>
          <token id="5">
            <word>wonder</word>
            <lemma>wonder</lemma>
            <CharacterOffsetBegin>2452</CharacterOffsetBegin>
            <CharacterOffsetEnd>2458</CharacterOffsetEnd>
            <POS>VBP</POS>
            <NER>O</NER>
            <Speaker>PER0</Speaker>
          </token>
          <token id="6">
            <word>why</word>
            <lemma>why</lemma>
            <CharacterOffsetBegin>2459</CharacterOffsetBegin>
            <CharacterOffsetEnd>2462</CharacterOffsetEnd>
            <POS>WRB</POS>
            <NER>O</NER>
            <Speaker>PER0</Speaker>
          </token>
          <token id="7">
            <word>is</word>
            <lemma>be</lemma>
            <CharacterOffsetBegin>2463</CharacterOffsetBegin>
            <CharacterOffsetEnd>2465</CharacterOffsetEnd>
            <POS>VBZ</POS>
            <NER>O</NER>
            <Speaker>PER0</Speaker>
          </token>
          <token id="8">
            <word>it</word>
            <lemma>it</lemma>
            <CharacterOffsetBegin>2466</CharacterOffsetBegin>
            <CharacterOffsetEnd>2468</CharacterOffsetEnd>
            <POS>PRP</POS>
            <NER>O</NER>
            <Speaker>PER0</Speaker>
          </token>
          <token id="9">
            <word>acceptable</word>
            <lemma>acceptable</lemma>
            <CharacterOffsetBegin>2469</CharacterOffsetBegin>
            <CharacterOffsetEnd>2479</CharacterOffsetEnd>
            <POS>JJ</POS>
            <NER>O</NER>
            <Speaker>PER0</Speaker>
          </token>
          <token id="10">
            <word>to</word>
            <lemma>to</lemma>
            <CharacterOffsetBegin>2480</CharacterOffsetBegin>
            <CharacterOffsetEnd>2482</CharacterOffsetEnd>
            <POS>TO</POS>
            <NER>O</NER>
            <Speaker>PER0</Speaker>
          </token>
          <token id="11">
            <word>act</word>
            <lemma>act</lemma>
            <CharacterOffsetBegin>2483</CharacterOffsetBegin>
            <CharacterOffsetEnd>2486</CharacterOffsetEnd>
            <POS>VB</POS>
            <NER>O</NER>
            <Speaker>PER0</Speaker>
          </token>
          <token id="12">
            <word>unethically</word>
            <lemma>unethically</lemma>
            <CharacterOffsetBegin>2487</CharacterOffsetBegin>
            <CharacterOffsetEnd>2498</CharacterOffsetEnd>
            <POS>RB</POS>
            <NER>O</NER>
            <Speaker>PER0</Speaker>
          </token>
          <token id="13">
            <word>?</word>
            <lemma>?</lemma>
            <CharacterOffsetBegin>2498</CharacterOffsetBegin>
            <CharacterOffsetEnd>2499</CharacterOffsetEnd>
            <POS>.</POS>
            <NER>O</NER>
            <Speaker>PER0</Speaker>
          </token>
        </tokens>
        <parse>(ROOT (S (NP (DT This)) (VP (VBD made) (SBAR (S (NP (PRP me)) (ADVP (RB really)) (VP (VBP wonder) (SBAR (SBARQ (WHADVP (WRB why)) (SQ (VBZ is) (NP (PRP it)) (ADJP (JJ acceptable) (S (VP (TO to) (VP (VB act) (ADVP (RB unethically))))))) (. ?))))))))) </parse>
        <dependencies type="basic-dependencies">
          <dep type="root">
            <governor idx="0">ROOT</governor>
            <dependent idx="2">made</dependent>
          </dep>
          <dep type="nsubj">
            <governor idx="2">made</governor>
            <dependent idx="1">This</dependent>
          </dep>
          <dep type="nsubj">
            <governor idx="5">wonder</governor>
            <dependent idx="3">me</dependent>
          </dep>
          <dep type="advmod">
            <governor idx="5">wonder</governor>
            <dependent idx="4">really</dependent>
          </dep>
          <dep type="ccomp">
            <governor idx="2">made</governor>
            <dependent idx="5">wonder</dependent>
          </dep>
          <dep type="advmod">
            <governor idx="9">acceptable</governor>
            <dependent idx="6">why</dependent>
          </dep>
          <dep type="cop">
            <governor idx="9">acceptable</governor>
            <dependent idx="7">is</dependent>
          </dep>
          <dep type="nsubj">
            <governor idx="9">acceptable</governor>
            <dependent idx="8">it</dependent>
          </dep>
          <dep type="dep">
            <governor idx="5">wonder</governor>
            <dependent idx="9">acceptable</dependent>
          </dep>
          <dep type="mark">
            <governor idx="11">act</governor>
            <dependent idx="10">to</dependent>
          </dep>
          <dep type="xcomp">
            <governor idx="9">acceptable</governor>
            <dependent idx="11">act</dependent>
          </dep>
          <dep type="advmod">
            <governor idx="11">act</governor>
            <dependent idx="12">unethically</dependent>
          </dep>
          <dep type="punct">
            <governor idx="9">acceptable</governor>
            <dependent idx="13">?</dependent>
          </dep>
        </dependencies>
        <dependencies type="collapsed-dependencies">
          <dep type="root">
            <governor idx="0">ROOT</governor>
            <dependent idx="2">made</dependent>
          </dep>
          <dep type="nsubj">
            <governor idx="2">made</governor>
            <dependent idx="1">This</dependent>
          </dep>
          <dep type="nsubj">
            <governor idx="5">wonder</governor>
            <dependent idx="3">me</dependent>
          </dep>
          <dep type="advmod">
            <governor idx="5">wonder</governor>
            <dependent idx="4">really</dependent>
          </dep>
          <dep type="ccomp">
            <governor idx="2">made</governor>
            <dependent idx="5">wonder</dependent>
          </dep>
          <dep type="advmod">
            <governor idx="9">acceptable</governor>
            <dependent idx="6">why</dependent>
          </dep>
          <dep type="cop">
            <governor idx="9">acceptable</governor>
            <dependent idx="7">is</dependent>
          </dep>
          <dep type="nsubj">
            <governor idx="9">acceptable</governor>
            <dependent idx="8">it</dependent>
          </dep>
          <dep type="dep">
            <governor idx="5">wonder</governor>
            <dependent idx="9">acceptable</dependent>
          </dep>
          <dep type="mark">
            <governor idx="11">act</governor>
            <dependent idx="10">to</dependent>
          </dep>
          <dep type="xcomp">
            <governor idx="9">acceptable</governor>
            <dependent idx="11">act</dependent>
          </dep>
          <dep type="advmod">
            <governor idx="11">act</governor>
            <dependent idx="12">unethically</dependent>
          </dep>
          <dep type="punct">
            <governor idx="9">acceptable</governor>
            <dependent idx="13">?</dependent>
          </dep>
        </dependencies>
        <dependencies type="collapsed-ccprocessed-dependencies">
          <dep type="root">
            <governor idx="0">ROOT</governor>
            <dependent idx="2">made</dependent>
          </dep>
          <dep type="nsubj">
            <governor idx="2">made</governor>
            <dependent idx="1">This</dependent>
          </dep>
          <dep type="nsubj">
            <governor idx="5">wonder</governor>
            <dependent idx="3">me</dependent>
          </dep>
          <dep type="advmod">
            <governor idx="5">wonder</governor>
            <dependent idx="4">really</dependent>
          </dep>
          <dep type="ccomp">
            <governor idx="2">made</governor>
            <dependent idx="5">wonder</dependent>
          </dep>
          <dep type="advmod">
            <governor idx="9">acceptable</governor>
            <dependent idx="6">why</dependent>
          </dep>
          <dep type="cop">
            <governor idx="9">acceptable</governor>
            <dependent idx="7">is</dependent>
          </dep>
          <dep type="nsubj">
            <governor idx="9">acceptable</governor>
            <dependent idx="8">it</dependent>
          </dep>
          <dep type="dep">
            <governor idx="5">wonder</governor>
            <dependent idx="9">acceptable</dependent>
          </dep>
          <dep type="mark">
            <governor idx="11">act</governor>
            <dependent idx="10">to</dependent>
          </dep>
          <dep type="xcomp">
            <governor idx="9">acceptable</governor>
            <dependent idx="11">act</dependent>
          </dep>
          <dep type="advmod">
            <governor idx="11">act</governor>
            <dependent idx="12">unethically</dependent>
          </dep>
          <dep type="punct">
            <governor idx="9">acceptable</governor>
            <dependent idx="13">?</dependent>
          </dep>
        </dependencies>
      </sentence>
      <sentence id="25">
        <tokens>
          <token id="1">
            <word>Why</word>
            <lemma>why</lemma>
            <CharacterOffsetBegin>2500</CharacterOffsetBegin>
            <CharacterOffsetEnd>2503</CharacterOffsetEnd>
            <POS>WRB</POS>
            <NER>O</NER>
            <Speaker>PER0</Speaker>
          </token>
          <token id="2">
            <word>have</word>
            <lemma>have</lemma>
            <CharacterOffsetBegin>2504</CharacterOffsetBegin>
            <CharacterOffsetEnd>2508</CharacterOffsetEnd>
            <POS>VBP</POS>
            <NER>O</NER>
            <Speaker>PER0</Speaker>
          </token>
          <token id="3">
            <word>Corporations</word>
            <lemma>corporation</lemma>
            <CharacterOffsetBegin>2509</CharacterOffsetBegin>
            <CharacterOffsetEnd>2521</CharacterOffsetEnd>
            <POS>NNS</POS>
            <NER>O</NER>
            <Speaker>PER0</Speaker>
          </token>
          <token id="4">
            <word>and</word>
            <lemma>and</lemma>
            <CharacterOffsetBegin>2522</CharacterOffsetBegin>
            <CharacterOffsetEnd>2525</CharacterOffsetEnd>
            <POS>CC</POS>
            <NER>O</NER>
            <Speaker>PER0</Speaker>
          </token>
          <token id="5">
            <word>their</word>
            <lemma>they</lemma>
            <CharacterOffsetBegin>2526</CharacterOffsetBegin>
            <CharacterOffsetEnd>2531</CharacterOffsetEnd>
            <POS>PRP$</POS>
            <NER>O</NER>
            <Speaker>PER0</Speaker>
          </token>
          <token id="6">
            <word>leaders</word>
            <lemma>leader</lemma>
            <CharacterOffsetBegin>2532</CharacterOffsetBegin>
            <CharacterOffsetEnd>2539</CharacterOffsetEnd>
            <POS>NNS</POS>
            <NER>O</NER>
            <Speaker>PER0</Speaker>
          </token>
          <token id="7">
            <word>not</word>
            <lemma>not</lemma>
            <CharacterOffsetBegin>2540</CharacterOffsetBegin>
            <CharacterOffsetEnd>2543</CharacterOffsetEnd>
            <POS>RB</POS>
            <NER>O</NER>
            <Speaker>PER0</Speaker>
          </token>
          <token id="8">
            <word>been</word>
            <lemma>be</lemma>
            <CharacterOffsetBegin>2544</CharacterOffsetBegin>
            <CharacterOffsetEnd>2548</CharacterOffsetEnd>
            <POS>VBN</POS>
            <NER>O</NER>
            <Speaker>PER0</Speaker>
          </token>
          <token id="9">
            <word>held</word>
            <lemma>hold</lemma>
            <CharacterOffsetBegin>2549</CharacterOffsetBegin>
            <CharacterOffsetEnd>2553</CharacterOffsetEnd>
            <POS>VBN</POS>
            <NER>O</NER>
            <Speaker>PER0</Speaker>
          </token>
          <token id="10">
            <word>accountable</word>
            <lemma>accountable</lemma>
            <CharacterOffsetBegin>2554</CharacterOffsetBegin>
            <CharacterOffsetEnd>2565</CharacterOffsetEnd>
            <POS>JJ</POS>
            <NER>O</NER>
            <Speaker>PER0</Speaker>
          </token>
          <token id="11">
            <word>for</word>
            <lemma>for</lemma>
            <CharacterOffsetBegin>2566</CharacterOffsetBegin>
            <CharacterOffsetEnd>2569</CharacterOffsetEnd>
            <POS>IN</POS>
            <NER>O</NER>
            <Speaker>PER0</Speaker>
          </token>
          <token id="12">
            <word>making</word>
            <lemma>make</lemma>
            <CharacterOffsetBegin>2570</CharacterOffsetBegin>
            <CharacterOffsetEnd>2576</CharacterOffsetEnd>
            <POS>VBG</POS>
            <NER>O</NER>
            <Speaker>PER0</Speaker>
          </token>
          <token id="13">
            <word>decisions</word>
            <lemma>decision</lemma>
            <CharacterOffsetBegin>2577</CharacterOffsetBegin>
            <CharacterOffsetEnd>2586</CharacterOffsetEnd>
            <POS>NNS</POS>
            <NER>O</NER>
            <Speaker>PER0</Speaker>
          </token>
          <token id="14">
            <word>in</word>
            <lemma>in</lemma>
            <CharacterOffsetBegin>2587</CharacterOffsetBegin>
            <CharacterOffsetEnd>2589</CharacterOffsetEnd>
            <POS>IN</POS>
            <NER>O</NER>
            <Speaker>PER0</Speaker>
          </token>
          <token id="15">
            <word>an</word>
            <lemma>a</lemma>
            <CharacterOffsetBegin>2590</CharacterOffsetBegin>
            <CharacterOffsetEnd>2592</CharacterOffsetEnd>
            <POS>DT</POS>
            <NER>O</NER>
            <Speaker>PER0</Speaker>
          </token>
          <token id="16">
            <word>unethical</word>
            <lemma>unethical</lemma>
            <CharacterOffsetBegin>2593</CharacterOffsetBegin>
            <CharacterOffsetEnd>2602</CharacterOffsetEnd>
            <POS>JJ</POS>
            <NER>O</NER>
            <Speaker>PER0</Speaker>
          </token>
          <token id="17">
            <word>manner</word>
            <lemma>manner</lemma>
            <CharacterOffsetBegin>2603</CharacterOffsetBegin>
            <CharacterOffsetEnd>2609</CharacterOffsetEnd>
            <POS>NN</POS>
            <NER>O</NER>
            <Speaker>PER0</Speaker>
          </token>
          <token id="18">
            <word>?</word>
            <lemma>?</lemma>
            <CharacterOffsetBegin>2609</CharacterOffsetBegin>
            <CharacterOffsetEnd>2610</CharacterOffsetEnd>
            <POS>.</POS>
            <NER>O</NER>
            <Speaker>PER0</Speaker>
          </token>
        </tokens>
        <parse>(ROOT (SBARQ (WHADVP (WRB Why)) (SQ (VBP have) (NP (NP (NNS Corporations)) (CC and) (NP (PRP$ their) (NNS leaders))) (RB not) (VP (VBN been) (VP (VBN held) (ADJP (JJ accountable) (PP (IN for) (S (VP (VBG making) (NP (NNS decisions)) (PP (IN in) (NP (DT an) (JJ unethical) (NN manner)))))))))) (. ?))) </parse>
        <dependencies type="basic-dependencies">
          <dep type="root">
            <governor idx="0">ROOT</governor>
            <dependent idx="9">held</dependent>
          </dep>
          <dep type="advmod">
            <governor idx="9">held</governor>
            <dependent idx="1">Why</dependent>
          </dep>
          <dep type="aux">
            <governor idx="9">held</governor>
            <dependent idx="2">have</dependent>
          </dep>
          <dep type="nsubjpass">
            <governor idx="9">held</governor>
            <dependent idx="3">Corporations</dependent>
          </dep>
          <dep type="cc">
            <governor idx="3">Corporations</governor>
            <dependent idx="4">and</dependent>
          </dep>
          <dep type="nmod:poss">
            <governor idx="6">leaders</governor>
            <dependent idx="5">their</dependent>
          </dep>
          <dep type="conj">
            <governor idx="3">Corporations</governor>
            <dependent idx="6">leaders</dependent>
          </dep>
          <dep type="neg">
            <governor idx="9">held</governor>
            <dependent idx="7">not</dependent>
          </dep>
          <dep type="auxpass">
            <governor idx="9">held</governor>
            <dependent idx="8">been</dependent>
          </dep>
          <dep type="xcomp">
            <governor idx="9">held</governor>
            <dependent idx="10">accountable</dependent>
          </dep>
          <dep type="mark">
            <governor idx="12">making</governor>
            <dependent idx="11">for</dependent>
          </dep>
          <dep type="advcl">
            <governor idx="10">accountable</governor>
            <dependent idx="12">making</dependent>
          </dep>
          <dep type="dobj">
            <governor idx="12">making</governor>
            <dependent idx="13">decisions</dependent>
          </dep>
          <dep type="case">
            <governor idx="17">manner</governor>
            <dependent idx="14">in</dependent>
          </dep>
          <dep type="det">
            <governor idx="17">manner</governor>
            <dependent idx="15">an</dependent>
          </dep>
          <dep type="amod">
            <governor idx="17">manner</governor>
            <dependent idx="16">unethical</dependent>
          </dep>
          <dep type="nmod">
            <governor idx="12">making</governor>
            <dependent idx="17">manner</dependent>
          </dep>
          <dep type="punct">
            <governor idx="9">held</governor>
            <dependent idx="18">?</dependent>
          </dep>
        </dependencies>
        <dependencies type="collapsed-dependencies">
          <dep type="root">
            <governor idx="0">ROOT</governor>
            <dependent idx="9">held</dependent>
          </dep>
          <dep type="advmod">
            <governor idx="9">held</governor>
            <dependent idx="1">Why</dependent>
          </dep>
          <dep type="aux">
            <governor idx="9">held</governor>
            <dependent idx="2">have</dependent>
          </dep>
          <dep type="nsubjpass">
            <governor idx="9">held</governor>
            <dependent idx="3">Corporations</dependent>
          </dep>
          <dep type="cc">
            <governor idx="3">Corporations</governor>
            <dependent idx="4">and</dependent>
          </dep>
          <dep type="nmod:poss">
            <governor idx="6">leaders</governor>
            <dependent idx="5">their</dependent>
          </dep>
          <dep type="conj:and">
            <governor idx="3">Corporations</governor>
            <dependent idx="6">leaders</dependent>
          </dep>
          <dep type="neg">
            <governor idx="9">held</governor>
            <dependent idx="7">not</dependent>
          </dep>
          <dep type="auxpass">
            <governor idx="9">held</governor>
            <dependent idx="8">been</dependent>
          </dep>
          <dep type="xcomp">
            <governor idx="9">held</governor>
            <dependent idx="10">accountable</dependent>
          </dep>
          <dep type="mark">
            <governor idx="12">making</governor>
            <dependent idx="11">for</dependent>
          </dep>
          <dep type="advcl">
            <governor idx="10">accountable</governor>
            <dependent idx="12">making</dependent>
          </dep>
          <dep type="dobj">
            <governor idx="12">making</governor>
            <dependent idx="13">decisions</dependent>
          </dep>
          <dep type="case">
            <governor idx="17">manner</governor>
            <dependent idx="14">in</dependent>
          </dep>
          <dep type="det">
            <governor idx="17">manner</governor>
            <dependent idx="15">an</dependent>
          </dep>
          <dep type="amod">
            <governor idx="17">manner</governor>
            <dependent idx="16">unethical</dependent>
          </dep>
          <dep type="nmod:in">
            <governor idx="12">making</governor>
            <dependent idx="17">manner</dependent>
          </dep>
          <dep type="punct">
            <governor idx="9">held</governor>
            <dependent idx="18">?</dependent>
          </dep>
        </dependencies>
        <dependencies type="collapsed-ccprocessed-dependencies">
          <dep type="root">
            <governor idx="0">ROOT</governor>
            <dependent idx="9">held</dependent>
          </dep>
          <dep type="advmod">
            <governor idx="9">held</governor>
            <dependent idx="1">Why</dependent>
          </dep>
          <dep type="aux">
            <governor idx="9">held</governor>
            <dependent idx="2">have</dependent>
          </dep>
          <dep type="nsubjpass">
            <governor idx="9">held</governor>
            <dependent idx="3">Corporations</dependent>
          </dep>
          <dep type="cc">
            <governor idx="3">Corporations</governor>
            <dependent idx="4">and</dependent>
          </dep>
          <dep type="nmod:poss">
            <governor idx="6">leaders</governor>
            <dependent idx="5">their</dependent>
          </dep>
          <dep type="conj:and">
            <governor idx="3">Corporations</governor>
            <dependent idx="6">leaders</dependent>
          </dep>
          <dep type="nsubjpass" extra="true">
            <governor idx="9">held</governor>
            <dependent idx="6">leaders</dependent>
          </dep>
          <dep type="neg">
            <governor idx="9">held</governor>
            <dependent idx="7">not</dependent>
          </dep>
          <dep type="auxpass">
            <governor idx="9">held</governor>
            <dependent idx="8">been</dependent>
          </dep>
          <dep type="xcomp">
            <governor idx="9">held</governor>
            <dependent idx="10">accountable</dependent>
          </dep>
          <dep type="mark">
            <governor idx="12">making</governor>
            <dependent idx="11">for</dependent>
          </dep>
          <dep type="advcl">
            <governor idx="10">accountable</governor>
            <dependent idx="12">making</dependent>
          </dep>
          <dep type="dobj">
            <governor idx="12">making</governor>
            <dependent idx="13">decisions</dependent>
          </dep>
          <dep type="case">
            <governor idx="17">manner</governor>
            <dependent idx="14">in</dependent>
          </dep>
          <dep type="det">
            <governor idx="17">manner</governor>
            <dependent idx="15">an</dependent>
          </dep>
          <dep type="amod">
            <governor idx="17">manner</governor>
            <dependent idx="16">unethical</dependent>
          </dep>
          <dep type="nmod:in">
            <governor idx="12">making</governor>
            <dependent idx="17">manner</dependent>
          </dep>
          <dep type="punct">
            <governor idx="9">held</governor>
            <dependent idx="18">?</dependent>
          </dep>
        </dependencies>
      </sentence>
      <sentence id="26">
        <tokens>
          <token id="1">
            <word>What</word>
            <lemma>what</lemma>
            <CharacterOffsetBegin>2611</CharacterOffsetBegin>
            <CharacterOffsetEnd>2615</CharacterOffsetEnd>
            <POS>WP</POS>
            <NER>O</NER>
            <Speaker>PER0</Speaker>
          </token>
          <token id="2">
            <word>is</word>
            <lemma>be</lemma>
            <CharacterOffsetBegin>2616</CharacterOffsetBegin>
            <CharacterOffsetEnd>2618</CharacterOffsetEnd>
            <POS>VBZ</POS>
            <NER>O</NER>
            <Speaker>PER0</Speaker>
          </token>
          <token id="3">
            <word>influencing</word>
            <lemma>influence</lemma>
            <CharacterOffsetBegin>2619</CharacterOffsetBegin>
            <CharacterOffsetEnd>2630</CharacterOffsetEnd>
            <POS>VBG</POS>
            <NER>O</NER>
            <Speaker>PER0</Speaker>
          </token>
          <token id="4">
            <word>them</word>
            <lemma>they</lemma>
            <CharacterOffsetBegin>2631</CharacterOffsetBegin>
            <CharacterOffsetEnd>2635</CharacterOffsetEnd>
            <POS>PRP</POS>
            <NER>O</NER>
            <Speaker>PER0</Speaker>
          </token>
          <token id="5">
            <word>to</word>
            <lemma>to</lemma>
            <CharacterOffsetBegin>2636</CharacterOffsetBegin>
            <CharacterOffsetEnd>2638</CharacterOffsetEnd>
            <POS>TO</POS>
            <NER>O</NER>
            <Speaker>PER0</Speaker>
          </token>
          <token id="6">
            <word>make</word>
            <lemma>make</lemma>
            <CharacterOffsetBegin>2639</CharacterOffsetBegin>
            <CharacterOffsetEnd>2643</CharacterOffsetEnd>
            <POS>VB</POS>
            <NER>O</NER>
            <Speaker>PER0</Speaker>
          </token>
          <token id="7">
            <word>these</word>
            <lemma>these</lemma>
            <CharacterOffsetBegin>2644</CharacterOffsetBegin>
            <CharacterOffsetEnd>2649</CharacterOffsetEnd>
            <POS>DT</POS>
            <NER>O</NER>
            <Speaker>PER0</Speaker>
          </token>
          <token id="8">
            <word>decisions</word>
            <lemma>decision</lemma>
            <CharacterOffsetBegin>2650</CharacterOffsetBegin>
            <CharacterOffsetEnd>2659</CharacterOffsetEnd>
            <POS>NNS</POS>
            <NER>O</NER>
            <Speaker>PER0</Speaker>
          </token>
          <token id="9">
            <word>?</word>
            <lemma>?</lemma>
            <CharacterOffsetBegin>2659</CharacterOffsetBegin>
            <CharacterOffsetEnd>2660</CharacterOffsetEnd>
            <POS>.</POS>
            <NER>O</NER>
            <Speaker>PER0</Speaker>
          </token>
        </tokens>
        <parse>(ROOT (SBARQ (WHNP (WP What)) (SQ (VP (VBZ is) (VP (VBG influencing) (S (NP (PRP them)) (VP (TO to) (VP (VB make) (NP (DT these) (NNS decisions)))))))) (. ?))) </parse>
        <dependencies type="basic-dependencies">
          <dep type="root">
            <governor idx="0">ROOT</governor>
            <dependent idx="3">influencing</dependent>
          </dep>
          <dep type="nsubj">
            <governor idx="3">influencing</governor>
            <dependent idx="1">What</dependent>
          </dep>
          <dep type="aux">
            <governor idx="3">influencing</governor>
            <dependent idx="2">is</dependent>
          </dep>
          <dep type="dobj">
            <governor idx="3">influencing</governor>
            <dependent idx="4">them</dependent>
          </dep>
          <dep type="mark">
            <governor idx="6">make</governor>
            <dependent idx="5">to</dependent>
          </dep>
          <dep type="xcomp">
            <governor idx="3">influencing</governor>
            <dependent idx="6">make</dependent>
          </dep>
          <dep type="det">
            <governor idx="8">decisions</governor>
            <dependent idx="7">these</dependent>
          </dep>
          <dep type="dobj">
            <governor idx="6">make</governor>
            <dependent idx="8">decisions</dependent>
          </dep>
          <dep type="punct">
            <governor idx="3">influencing</governor>
            <dependent idx="9">?</dependent>
          </dep>
        </dependencies>
        <dependencies type="collapsed-dependencies">
          <dep type="root">
            <governor idx="0">ROOT</governor>
            <dependent idx="3">influencing</dependent>
          </dep>
          <dep type="nsubj">
            <governor idx="3">influencing</governor>
            <dependent idx="1">What</dependent>
          </dep>
          <dep type="aux">
            <governor idx="3">influencing</governor>
            <dependent idx="2">is</dependent>
          </dep>
          <dep type="dobj">
            <governor idx="3">influencing</governor>
            <dependent idx="4">them</dependent>
          </dep>
          <dep type="mark">
            <governor idx="6">make</governor>
            <dependent idx="5">to</dependent>
          </dep>
          <dep type="xcomp">
            <governor idx="3">influencing</governor>
            <dependent idx="6">make</dependent>
          </dep>
          <dep type="det">
            <governor idx="8">decisions</governor>
            <dependent idx="7">these</dependent>
          </dep>
          <dep type="dobj">
            <governor idx="6">make</governor>
            <dependent idx="8">decisions</dependent>
          </dep>
          <dep type="punct">
            <governor idx="3">influencing</governor>
            <dependent idx="9">?</dependent>
          </dep>
        </dependencies>
        <dependencies type="collapsed-ccprocessed-dependencies">
          <dep type="root">
            <governor idx="0">ROOT</governor>
            <dependent idx="3">influencing</dependent>
          </dep>
          <dep type="nsubj">
            <governor idx="3">influencing</governor>
            <dependent idx="1">What</dependent>
          </dep>
          <dep type="aux">
            <governor idx="3">influencing</governor>
            <dependent idx="2">is</dependent>
          </dep>
          <dep type="dobj">
            <governor idx="3">influencing</governor>
            <dependent idx="4">them</dependent>
          </dep>
          <dep type="mark">
            <governor idx="6">make</governor>
            <dependent idx="5">to</dependent>
          </dep>
          <dep type="xcomp">
            <governor idx="3">influencing</governor>
            <dependent idx="6">make</dependent>
          </dep>
          <dep type="det">
            <governor idx="8">decisions</governor>
            <dependent idx="7">these</dependent>
          </dep>
          <dep type="dobj">
            <governor idx="6">make</governor>
            <dependent idx="8">decisions</dependent>
          </dep>
          <dep type="punct">
            <governor idx="3">influencing</governor>
            <dependent idx="9">?</dependent>
          </dep>
        </dependencies>
      </sentence>
      <sentence id="27">
        <tokens>
          <token id="1">
            <word>Globally</word>
            <lemma>globally</lemma>
            <CharacterOffsetBegin>2661</CharacterOffsetBegin>
            <CharacterOffsetEnd>2669</CharacterOffsetEnd>
            <POS>RB</POS>
            <NER>O</NER>
            <Speaker>PER0</Speaker>
          </token>
          <token id="2">
            <word>how</word>
            <lemma>how</lemma>
            <CharacterOffsetBegin>2670</CharacterOffsetBegin>
            <CharacterOffsetEnd>2673</CharacterOffsetEnd>
            <POS>WRB</POS>
            <NER>O</NER>
            <Speaker>PER0</Speaker>
          </token>
          <token id="3">
            <word>will</word>
            <lemma>will</lemma>
            <CharacterOffsetBegin>2674</CharacterOffsetBegin>
            <CharacterOffsetEnd>2678</CharacterOffsetEnd>
            <POS>MD</POS>
            <NER>O</NER>
            <Speaker>PER0</Speaker>
          </token>
          <token id="4">
            <word>we</word>
            <lemma>we</lemma>
            <CharacterOffsetBegin>2679</CharacterOffsetBegin>
            <CharacterOffsetEnd>2681</CharacterOffsetEnd>
            <POS>PRP</POS>
            <NER>O</NER>
            <Speaker>PER0</Speaker>
          </token>
          <token id="5">
            <word>overcome</word>
            <lemma>overcome</lemma>
            <CharacterOffsetBegin>2682</CharacterOffsetBegin>
            <CharacterOffsetEnd>2690</CharacterOffsetEnd>
            <POS>VB</POS>
            <NER>O</NER>
            <Speaker>PER0</Speaker>
          </token>
          <token id="6">
            <word>years</word>
            <lemma>year</lemma>
            <CharacterOffsetBegin>2691</CharacterOffsetBegin>
            <CharacterOffsetEnd>2696</CharacterOffsetEnd>
            <POS>NNS</POS>
            <NER>DURATION</NER>
            <NormalizedNER>PXY</NormalizedNER>
            <Speaker>PER0</Speaker>
            <Timex tid="t3" type="DURATION">PXY</Timex>
          </token>
          <token id="7">
            <word>of</word>
            <lemma>of</lemma>
            <CharacterOffsetBegin>2697</CharacterOffsetBegin>
            <CharacterOffsetEnd>2699</CharacterOffsetEnd>
            <POS>IN</POS>
            <NER>O</NER>
            <Speaker>PER0</Speaker>
          </token>
          <token id="8">
            <word>conditioning</word>
            <lemma>conditioning</lemma>
            <CharacterOffsetBegin>2700</CharacterOffsetBegin>
            <CharacterOffsetEnd>2712</CharacterOffsetEnd>
            <POS>NN</POS>
            <NER>O</NER>
            <Speaker>PER0</Speaker>
          </token>
          <token id="9">
            <word>and</word>
            <lemma>and</lemma>
            <CharacterOffsetBegin>2713</CharacterOffsetBegin>
            <CharacterOffsetEnd>2716</CharacterOffsetEnd>
            <POS>CC</POS>
            <NER>O</NER>
            <Speaker>PER0</Speaker>
          </token>
          <token id="10">
            <word>acceptance</word>
            <lemma>acceptance</lemma>
            <CharacterOffsetBegin>2717</CharacterOffsetBegin>
            <CharacterOffsetEnd>2727</CharacterOffsetEnd>
            <POS>NN</POS>
            <NER>O</NER>
            <Speaker>PER0</Speaker>
          </token>
          <token id="11">
            <word>of</word>
            <lemma>of</lemma>
            <CharacterOffsetBegin>2728</CharacterOffsetBegin>
            <CharacterOffsetEnd>2730</CharacterOffsetEnd>
            <POS>IN</POS>
            <NER>O</NER>
            <Speaker>PER0</Speaker>
          </token>
          <token id="12">
            <word>such</word>
            <lemma>such</lemma>
            <CharacterOffsetBegin>2731</CharacterOffsetBegin>
            <CharacterOffsetEnd>2735</CharacterOffsetEnd>
            <POS>JJ</POS>
            <NER>O</NER>
            <Speaker>PER0</Speaker>
          </token>
          <token id="13">
            <word>bad</word>
            <lemma>bad</lemma>
            <CharacterOffsetBegin>2736</CharacterOffsetBegin>
            <CharacterOffsetEnd>2739</CharacterOffsetEnd>
            <POS>JJ</POS>
            <NER>O</NER>
            <Speaker>PER0</Speaker>
          </token>
          <token id="14">
            <word>behaviour</word>
            <lemma>behaviour</lemma>
            <CharacterOffsetBegin>2740</CharacterOffsetBegin>
            <CharacterOffsetEnd>2749</CharacterOffsetEnd>
            <POS>NN</POS>
            <NER>O</NER>
            <Speaker>PER0</Speaker>
          </token>
          <token id="15">
            <word>?</word>
            <lemma>?</lemma>
            <CharacterOffsetBegin>2749</CharacterOffsetBegin>
            <CharacterOffsetEnd>2750</CharacterOffsetEnd>
            <POS>.</POS>
            <NER>O</NER>
            <Speaker>PER0</Speaker>
          </token>
        </tokens>
        <parse>(ROOT (SBARQ (WHADVP (ADVP (RB Globally)) (WRB how)) (SQ (MD will) (NP (PRP we)) (VP (VB overcome) (NP (NP (NNS years)) (PP (IN of) (NP (NN conditioning) (CC and) (NN acceptance))) (PP (IN of) (NP (JJ such) (JJ bad) (NN behaviour)))))) (. ?))) </parse>
        <dependencies type="basic-dependencies">
          <dep type="root">
            <governor idx="0">ROOT</governor>
            <dependent idx="5">overcome</dependent>
          </dep>
          <dep type="advmod">
            <governor idx="2">how</governor>
            <dependent idx="1">Globally</dependent>
          </dep>
          <dep type="advmod">
            <governor idx="5">overcome</governor>
            <dependent idx="2">how</dependent>
          </dep>
          <dep type="aux">
            <governor idx="5">overcome</governor>
            <dependent idx="3">will</dependent>
          </dep>
          <dep type="nsubj">
            <governor idx="5">overcome</governor>
            <dependent idx="4">we</dependent>
          </dep>
          <dep type="dobj">
            <governor idx="5">overcome</governor>
            <dependent idx="6">years</dependent>
          </dep>
          <dep type="case">
            <governor idx="8">conditioning</governor>
            <dependent idx="7">of</dependent>
          </dep>
          <dep type="nmod">
            <governor idx="6">years</governor>
            <dependent idx="8">conditioning</dependent>
          </dep>
          <dep type="cc">
            <governor idx="8">conditioning</governor>
            <dependent idx="9">and</dependent>
          </dep>
          <dep type="conj">
            <governor idx="8">conditioning</governor>
            <dependent idx="10">acceptance</dependent>
          </dep>
          <dep type="case">
            <governor idx="14">behaviour</governor>
            <dependent idx="11">of</dependent>
          </dep>
          <dep type="amod">
            <governor idx="14">behaviour</governor>
            <dependent idx="12">such</dependent>
          </dep>
          <dep type="amod">
            <governor idx="14">behaviour</governor>
            <dependent idx="13">bad</dependent>
          </dep>
          <dep type="nmod">
            <governor idx="6">years</governor>
            <dependent idx="14">behaviour</dependent>
          </dep>
          <dep type="punct">
            <governor idx="5">overcome</governor>
            <dependent idx="15">?</dependent>
          </dep>
        </dependencies>
        <dependencies type="collapsed-dependencies">
          <dep type="root">
            <governor idx="0">ROOT</governor>
            <dependent idx="5">overcome</dependent>
          </dep>
          <dep type="advmod">
            <governor idx="2">how</governor>
            <dependent idx="1">Globally</dependent>
          </dep>
          <dep type="advmod">
            <governor idx="5">overcome</governor>
            <dependent idx="2">how</dependent>
          </dep>
          <dep type="aux">
            <governor idx="5">overcome</governor>
            <dependent idx="3">will</dependent>
          </dep>
          <dep type="nsubj">
            <governor idx="5">overcome</governor>
            <dependent idx="4">we</dependent>
          </dep>
          <dep type="dobj">
            <governor idx="5">overcome</governor>
            <dependent idx="6">years</dependent>
          </dep>
          <dep type="case">
            <governor idx="8">conditioning</governor>
            <dependent idx="7">of</dependent>
          </dep>
          <dep type="nmod:of">
            <governor idx="6">years</governor>
            <dependent idx="8">conditioning</dependent>
          </dep>
          <dep type="cc">
            <governor idx="8">conditioning</governor>
            <dependent idx="9">and</dependent>
          </dep>
          <dep type="conj:and">
            <governor idx="8">conditioning</governor>
            <dependent idx="10">acceptance</dependent>
          </dep>
          <dep type="case">
            <governor idx="14">behaviour</governor>
            <dependent idx="11">of</dependent>
          </dep>
          <dep type="amod">
            <governor idx="14">behaviour</governor>
            <dependent idx="12">such</dependent>
          </dep>
          <dep type="amod">
            <governor idx="14">behaviour</governor>
            <dependent idx="13">bad</dependent>
          </dep>
          <dep type="nmod:of">
            <governor idx="6">years</governor>
            <dependent idx="14">behaviour</dependent>
          </dep>
          <dep type="punct">
            <governor idx="5">overcome</governor>
            <dependent idx="15">?</dependent>
          </dep>
        </dependencies>
        <dependencies type="collapsed-ccprocessed-dependencies">
          <dep type="root">
            <governor idx="0">ROOT</governor>
            <dependent idx="5">overcome</dependent>
          </dep>
          <dep type="advmod">
            <governor idx="2">how</governor>
            <dependent idx="1">Globally</dependent>
          </dep>
          <dep type="advmod">
            <governor idx="5">overcome</governor>
            <dependent idx="2">how</dependent>
          </dep>
          <dep type="aux">
            <governor idx="5">overcome</governor>
            <dependent idx="3">will</dependent>
          </dep>
          <dep type="nsubj">
            <governor idx="5">overcome</governor>
            <dependent idx="4">we</dependent>
          </dep>
          <dep type="dobj">
            <governor idx="5">overcome</governor>
            <dependent idx="6">years</dependent>
          </dep>
          <dep type="case">
            <governor idx="8">conditioning</governor>
            <dependent idx="7">of</dependent>
          </dep>
          <dep type="nmod:of">
            <governor idx="6">years</governor>
            <dependent idx="8">conditioning</dependent>
          </dep>
          <dep type="cc">
            <governor idx="8">conditioning</governor>
            <dependent idx="9">and</dependent>
          </dep>
          <dep type="nmod:of" extra="true">
            <governor idx="6">years</governor>
            <dependent idx="10">acceptance</dependent>
          </dep>
          <dep type="conj:and">
            <governor idx="8">conditioning</governor>
            <dependent idx="10">acceptance</dependent>
          </dep>
          <dep type="case">
            <governor idx="14">behaviour</governor>
            <dependent idx="11">of</dependent>
          </dep>
          <dep type="amod">
            <governor idx="14">behaviour</governor>
            <dependent idx="12">such</dependent>
          </dep>
          <dep type="amod">
            <governor idx="14">behaviour</governor>
            <dependent idx="13">bad</dependent>
          </dep>
          <dep type="nmod:of">
            <governor idx="6">years</governor>
            <dependent idx="14">behaviour</dependent>
          </dep>
          <dep type="punct">
            <governor idx="5">overcome</governor>
            <dependent idx="15">?</dependent>
          </dep>
        </dependencies>
      </sentence>
      <sentence id="28">
        <tokens>
          <token id="1">
            <word>When</word>
            <lemma>when</lemma>
            <CharacterOffsetBegin>2751</CharacterOffsetBegin>
            <CharacterOffsetEnd>2755</CharacterOffsetEnd>
            <POS>WRB</POS>
            <NER>O</NER>
            <Speaker>PER0</Speaker>
          </token>
          <token id="2">
            <word>will</word>
            <lemma>will</lemma>
            <CharacterOffsetBegin>2756</CharacterOffsetBegin>
            <CharacterOffsetEnd>2760</CharacterOffsetEnd>
            <POS>MD</POS>
            <NER>O</NER>
            <Speaker>PER0</Speaker>
          </token>
          <token id="3">
            <word>enough</word>
            <lemma>enough</lemma>
            <CharacterOffsetBegin>2761</CharacterOffsetBegin>
            <CharacterOffsetEnd>2767</CharacterOffsetEnd>
            <POS>RB</POS>
            <NER>O</NER>
            <Speaker>PER0</Speaker>
          </token>
          <token id="4">
            <word>be</word>
            <lemma>be</lemma>
            <CharacterOffsetBegin>2768</CharacterOffsetBegin>
            <CharacterOffsetEnd>2770</CharacterOffsetEnd>
            <POS>VB</POS>
            <NER>O</NER>
            <Speaker>PER0</Speaker>
          </token>
          <token id="5">
            <word>enough</word>
            <lemma>enough</lemma>
            <CharacterOffsetBegin>2771</CharacterOffsetBegin>
            <CharacterOffsetEnd>2777</CharacterOffsetEnd>
            <POS>RB</POS>
            <NER>O</NER>
            <Speaker>PER0</Speaker>
          </token>
          <token id="6">
            <word>?</word>
            <lemma>?</lemma>
            <CharacterOffsetBegin>2777</CharacterOffsetBegin>
            <CharacterOffsetEnd>2778</CharacterOffsetEnd>
            <POS>.</POS>
            <NER>O</NER>
            <Speaker>PER0</Speaker>
          </token>
        </tokens>
        <parse>(ROOT (SBARQ (WHADVP (WRB When)) (SQ (MD will) (NP (RB enough)) (VP (VB be) (ADJP (RB enough)))) (. ?))) </parse>
        <dependencies type="basic-dependencies">
          <dep type="root">
            <governor idx="0">ROOT</governor>
            <dependent idx="5">enough</dependent>
          </dep>
          <dep type="advmod">
            <governor idx="5">enough</governor>
            <dependent idx="1">When</dependent>
          </dep>
          <dep type="aux">
            <governor idx="5">enough</governor>
            <dependent idx="2">will</dependent>
          </dep>
          <dep type="nsubj">
            <governor idx="5">enough</governor>
            <dependent idx="3">enough</dependent>
          </dep>
          <dep type="cop">
            <governor idx="5">enough</governor>
            <dependent idx="4">be</dependent>
          </dep>
          <dep type="punct">
            <governor idx="5">enough</governor>
            <dependent idx="6">?</dependent>
          </dep>
        </dependencies>
        <dependencies type="collapsed-dependencies">
          <dep type="root">
            <governor idx="0">ROOT</governor>
            <dependent idx="5">enough</dependent>
          </dep>
          <dep type="advmod">
            <governor idx="5">enough</governor>
            <dependent idx="1">When</dependent>
          </dep>
          <dep type="aux">
            <governor idx="5">enough</governor>
            <dependent idx="2">will</dependent>
          </dep>
          <dep type="nsubj">
            <governor idx="5">enough</governor>
            <dependent idx="3">enough</dependent>
          </dep>
          <dep type="cop">
            <governor idx="5">enough</governor>
            <dependent idx="4">be</dependent>
          </dep>
          <dep type="punct">
            <governor idx="5">enough</governor>
            <dependent idx="6">?</dependent>
          </dep>
        </dependencies>
        <dependencies type="collapsed-ccprocessed-dependencies">
          <dep type="root">
            <governor idx="0">ROOT</governor>
            <dependent idx="5">enough</dependent>
          </dep>
          <dep type="advmod">
            <governor idx="5">enough</governor>
            <dependent idx="1">When</dependent>
          </dep>
          <dep type="aux">
            <governor idx="5">enough</governor>
            <dependent idx="2">will</dependent>
          </dep>
          <dep type="nsubj">
            <governor idx="5">enough</governor>
            <dependent idx="3">enough</dependent>
          </dep>
          <dep type="cop">
            <governor idx="5">enough</governor>
            <dependent idx="4">be</dependent>
          </dep>
          <dep type="punct">
            <governor idx="5">enough</governor>
            <dependent idx="6">?</dependent>
          </dep>
        </dependencies>
      </sentence>
      <sentence id="29">
        <tokens>
          <token id="1">
            <word>During</word>
            <lemma>during</lemma>
            <CharacterOffsetBegin>2779</CharacterOffsetBegin>
            <CharacterOffsetEnd>2785</CharacterOffsetEnd>
            <POS>IN</POS>
            <NER>O</NER>
            <Speaker>PER0</Speaker>
          </token>
          <token id="2">
            <word>the</word>
            <lemma>the</lemma>
            <CharacterOffsetBegin>2786</CharacterOffsetBegin>
            <CharacterOffsetEnd>2789</CharacterOffsetEnd>
            <POS>DT</POS>
            <NER>O</NER>
            <Speaker>PER0</Speaker>
          </token>
          <token id="3">
            <word>first</word>
            <lemma>first</lemma>
            <CharacterOffsetBegin>2790</CharacterOffsetBegin>
            <CharacterOffsetEnd>2795</CharacterOffsetEnd>
            <POS>JJ</POS>
            <NER>ORDINAL</NER>
            <NormalizedNER>1.0</NormalizedNER>
            <Speaker>PER0</Speaker>
          </token>
          <token id="4">
            <word>tutorial</word>
            <lemma>tutorial</lemma>
            <CharacterOffsetBegin>2796</CharacterOffsetBegin>
            <CharacterOffsetEnd>2804</CharacterOffsetEnd>
            <POS>NN</POS>
            <NER>O</NER>
            <Speaker>PER0</Speaker>
          </token>
          <token id="5">
            <word>we</word>
            <lemma>we</lemma>
            <CharacterOffsetBegin>2805</CharacterOffsetBegin>
            <CharacterOffsetEnd>2807</CharacterOffsetEnd>
            <POS>PRP</POS>
            <NER>O</NER>
            <Speaker>PER0</Speaker>
          </token>
          <token id="6">
            <word>unpacked</word>
            <lemma>unpack</lemma>
            <CharacterOffsetBegin>2808</CharacterOffsetBegin>
            <CharacterOffsetEnd>2816</CharacterOffsetEnd>
            <POS>VBD</POS>
            <NER>O</NER>
            <Speaker>PER0</Speaker>
          </token>
          <token id="7">
            <word>Murdoch</word>
            <lemma>Murdoch</lemma>
            <CharacterOffsetBegin>2817</CharacterOffsetBegin>
            <CharacterOffsetEnd>2824</CharacterOffsetEnd>
            <POS>NNP</POS>
            <NER>PERSON</NER>
            <Speaker>PER0</Speaker>
          </token>
          <token id="8">
            <word>'s</word>
            <lemma>'s</lemma>
            <CharacterOffsetBegin>2824</CharacterOffsetBegin>
            <CharacterOffsetEnd>2826</CharacterOffsetEnd>
            <POS>POS</POS>
            <NER>O</NER>
            <Speaker>PER0</Speaker>
          </token>
          <token id="9">
            <word>scandal</word>
            <lemma>scandal</lemma>
            <CharacterOffsetBegin>2827</CharacterOffsetBegin>
            <CharacterOffsetEnd>2834</CharacterOffsetEnd>
            <POS>NN</POS>
            <NER>O</NER>
            <Speaker>PER0</Speaker>
          </token>
          <token id="10">
            <word>-</word>
            <lemma>-</lemma>
            <CharacterOffsetBegin>2835</CharacterOffsetBegin>
            <CharacterOffsetEnd>2836</CharacterOffsetEnd>
            <POS>:</POS>
            <NER>O</NER>
            <Speaker>PER0</Speaker>
          </token>
          <token id="11">
            <word>Ethical</word>
            <lemma>ethical</lemma>
            <CharacterOffsetBegin>2837</CharacterOffsetBegin>
            <CharacterOffsetEnd>2844</CharacterOffsetEnd>
            <POS>JJ</POS>
            <NER>O</NER>
            <Speaker>PER0</Speaker>
          </token>
          <token id="12">
            <word>breaches</word>
            <lemma>breach</lemma>
            <CharacterOffsetBegin>2845</CharacterOffsetBegin>
            <CharacterOffsetEnd>2853</CharacterOffsetEnd>
            <POS>NNS</POS>
            <NER>O</NER>
            <Speaker>PER0</Speaker>
          </token>
          <token id="13">
            <word>at</word>
            <lemma>at</lemma>
            <CharacterOffsetBegin>2854</CharacterOffsetBegin>
            <CharacterOffsetEnd>2856</CharacterOffsetEnd>
            <POS>IN</POS>
            <NER>O</NER>
            <Speaker>PER0</Speaker>
          </token>
          <token id="14">
            <word>News</word>
            <lemma>News</lemma>
            <CharacterOffsetBegin>2857</CharacterOffsetBegin>
            <CharacterOffsetEnd>2861</CharacterOffsetEnd>
            <POS>NNP</POS>
            <NER>O</NER>
            <Speaker>PER0</Speaker>
          </token>
          <token id="15">
            <word>of</word>
            <lemma>of</lemma>
            <CharacterOffsetBegin>2862</CharacterOffsetBegin>
            <CharacterOffsetEnd>2864</CharacterOffsetEnd>
            <POS>IN</POS>
            <NER>O</NER>
            <Speaker>PER0</Speaker>
          </token>
          <token id="16">
            <word>the</word>
            <lemma>the</lemma>
            <CharacterOffsetBegin>2865</CharacterOffsetBegin>
            <CharacterOffsetEnd>2868</CharacterOffsetEnd>
            <POS>DT</POS>
            <NER>O</NER>
            <Speaker>PER0</Speaker>
          </token>
          <token id="17">
            <word>World</word>
            <lemma>World</lemma>
            <CharacterOffsetBegin>2869</CharacterOffsetBegin>
            <CharacterOffsetEnd>2874</CharacterOffsetEnd>
            <POS>NNP</POS>
            <NER>ORGANIZATION</NER>
            <Speaker>PER0</Speaker>
          </token>
          <token id="18">
            <word>.</word>
            <lemma>.</lemma>
            <CharacterOffsetBegin>2874</CharacterOffsetBegin>
            <CharacterOffsetEnd>2875</CharacterOffsetEnd>
            <POS>.</POS>
            <NER>O</NER>
            <Speaker>PER0</Speaker>
          </token>
        </tokens>
        <parse>(ROOT (S (PP (IN During) (NP (DT the) (JJ first) (NN tutorial))) (NP (PRP we)) (VP (VBD unpacked) (NP (NP (NP (NNP Murdoch) (POS 's)) (NN scandal)) (: -) (NP (JJ Ethical) (NNS breaches))) (PP (IN at) (NP (NP (NNP News)) (PP (IN of) (NP (DT the) (NNP World)))))) (. .))) </parse>
        <dependencies type="basic-dependencies">
          <dep type="root">
            <governor idx="0">ROOT</governor>
            <dependent idx="6">unpacked</dependent>
          </dep>
          <dep type="case">
            <governor idx="4">tutorial</governor>
            <dependent idx="1">During</dependent>
          </dep>
          <dep type="det">
            <governor idx="4">tutorial</governor>
            <dependent idx="2">the</dependent>
          </dep>
          <dep type="amod">
            <governor idx="4">tutorial</governor>
            <dependent idx="3">first</dependent>
          </dep>
          <dep type="nmod">
            <governor idx="6">unpacked</governor>
            <dependent idx="4">tutorial</dependent>
          </dep>
          <dep type="nsubj">
            <governor idx="6">unpacked</governor>
            <dependent idx="5">we</dependent>
          </dep>
          <dep type="nmod:poss">
            <governor idx="9">scandal</governor>
            <dependent idx="7">Murdoch</dependent>
          </dep>
          <dep type="case">
            <governor idx="7">Murdoch</governor>
            <dependent idx="8">'s</dependent>
          </dep>
          <dep type="dobj">
            <governor idx="6">unpacked</governor>
            <dependent idx="9">scandal</dependent>
          </dep>
          <dep type="punct">
            <governor idx="9">scandal</governor>
            <dependent idx="10">-</dependent>
          </dep>
          <dep type="amod">
            <governor idx="12">breaches</governor>
            <dependent idx="11">Ethical</dependent>
          </dep>
          <dep type="dep">
            <governor idx="9">scandal</governor>
            <dependent idx="12">breaches</dependent>
          </dep>
          <dep type="case">
            <governor idx="14">News</governor>
            <dependent idx="13">at</dependent>
          </dep>
          <dep type="nmod">
            <governor idx="6">unpacked</governor>
            <dependent idx="14">News</dependent>
          </dep>
          <dep type="case">
            <governor idx="17">World</governor>
            <dependent idx="15">of</dependent>
          </dep>
          <dep type="det">
            <governor idx="17">World</governor>
            <dependent idx="16">the</dependent>
          </dep>
          <dep type="nmod">
            <governor idx="14">News</governor>
            <dependent idx="17">World</dependent>
          </dep>
          <dep type="punct">
            <governor idx="6">unpacked</governor>
            <dependent idx="18">.</dependent>
          </dep>
        </dependencies>
        <dependencies type="collapsed-dependencies">
          <dep type="root">
            <governor idx="0">ROOT</governor>
            <dependent idx="6">unpacked</dependent>
          </dep>
          <dep type="case">
            <governor idx="4">tutorial</governor>
            <dependent idx="1">During</dependent>
          </dep>
          <dep type="det">
            <governor idx="4">tutorial</governor>
            <dependent idx="2">the</dependent>
          </dep>
          <dep type="amod">
            <governor idx="4">tutorial</governor>
            <dependent idx="3">first</dependent>
          </dep>
          <dep type="nmod:during">
            <governor idx="6">unpacked</governor>
            <dependent idx="4">tutorial</dependent>
          </dep>
          <dep type="nsubj">
            <governor idx="6">unpacked</governor>
            <dependent idx="5">we</dependent>
          </dep>
          <dep type="nmod:poss">
            <governor idx="9">scandal</governor>
            <dependent idx="7">Murdoch</dependent>
          </dep>
          <dep type="case">
            <governor idx="7">Murdoch</governor>
            <dependent idx="8">'s</dependent>
          </dep>
          <dep type="dobj">
            <governor idx="6">unpacked</governor>
            <dependent idx="9">scandal</dependent>
          </dep>
          <dep type="punct">
            <governor idx="9">scandal</governor>
            <dependent idx="10">-</dependent>
          </dep>
          <dep type="amod">
            <governor idx="12">breaches</governor>
            <dependent idx="11">Ethical</dependent>
          </dep>
          <dep type="dep">
            <governor idx="9">scandal</governor>
            <dependent idx="12">breaches</dependent>
          </dep>
          <dep type="case">
            <governor idx="14">News</governor>
            <dependent idx="13">at</dependent>
          </dep>
          <dep type="nmod:at">
            <governor idx="6">unpacked</governor>
            <dependent idx="14">News</dependent>
          </dep>
          <dep type="case">
            <governor idx="17">World</governor>
            <dependent idx="15">of</dependent>
          </dep>
          <dep type="det">
            <governor idx="17">World</governor>
            <dependent idx="16">the</dependent>
          </dep>
          <dep type="nmod:of">
            <governor idx="14">News</governor>
            <dependent idx="17">World</dependent>
          </dep>
          <dep type="punct">
            <governor idx="6">unpacked</governor>
            <dependent idx="18">.</dependent>
          </dep>
        </dependencies>
        <dependencies type="collapsed-ccprocessed-dependencies">
          <dep type="root">
            <governor idx="0">ROOT</governor>
            <dependent idx="6">unpacked</dependent>
          </dep>
          <dep type="case">
            <governor idx="4">tutorial</governor>
            <dependent idx="1">During</dependent>
          </dep>
          <dep type="det">
            <governor idx="4">tutorial</governor>
            <dependent idx="2">the</dependent>
          </dep>
          <dep type="amod">
            <governor idx="4">tutorial</governor>
            <dependent idx="3">first</dependent>
          </dep>
          <dep type="nmod:during">
            <governor idx="6">unpacked</governor>
            <dependent idx="4">tutorial</dependent>
          </dep>
          <dep type="nsubj">
            <governor idx="6">unpacked</governor>
            <dependent idx="5">we</dependent>
          </dep>
          <dep type="nmod:poss">
            <governor idx="9">scandal</governor>
            <dependent idx="7">Murdoch</dependent>
          </dep>
          <dep type="case">
            <governor idx="7">Murdoch</governor>
            <dependent idx="8">'s</dependent>
          </dep>
          <dep type="dobj">
            <governor idx="6">unpacked</governor>
            <dependent idx="9">scandal</dependent>
          </dep>
          <dep type="punct">
            <governor idx="9">scandal</governor>
            <dependent idx="10">-</dependent>
          </dep>
          <dep type="amod">
            <governor idx="12">breaches</governor>
            <dependent idx="11">Ethical</dependent>
          </dep>
          <dep type="dep">
            <governor idx="9">scandal</governor>
            <dependent idx="12">breaches</dependent>
          </dep>
          <dep type="case">
            <governor idx="14">News</governor>
            <dependent idx="13">at</dependent>
          </dep>
          <dep type="nmod:at">
            <governor idx="6">unpacked</governor>
            <dependent idx="14">News</dependent>
          </dep>
          <dep type="case">
            <governor idx="17">World</governor>
            <dependent idx="15">of</dependent>
          </dep>
          <dep type="det">
            <governor idx="17">World</governor>
            <dependent idx="16">the</dependent>
          </dep>
          <dep type="nmod:of">
            <governor idx="14">News</governor>
            <dependent idx="17">World</dependent>
          </dep>
          <dep type="punct">
            <governor idx="6">unpacked</governor>
            <dependent idx="18">.</dependent>
          </dep>
        </dependencies>
      </sentence>
      <sentence id="30">
        <tokens>
          <token id="1">
            <word>The</word>
            <lemma>the</lemma>
            <CharacterOffsetBegin>2877</CharacterOffsetBegin>
            <CharacterOffsetEnd>2880</CharacterOffsetEnd>
            <POS>DT</POS>
            <NER>O</NER>
            <Speaker>PER0</Speaker>
          </token>
          <token id="2">
            <word>article</word>
            <lemma>article</lemma>
            <CharacterOffsetBegin>2881</CharacterOffsetBegin>
            <CharacterOffsetEnd>2888</CharacterOffsetEnd>
            <POS>NN</POS>
            <NER>O</NER>
            <Speaker>PER0</Speaker>
          </token>
          <token id="3">
            <word>highlighted</word>
            <lemma>highlight</lemma>
            <CharacterOffsetBegin>2889</CharacterOffsetBegin>
            <CharacterOffsetEnd>2900</CharacterOffsetEnd>
            <POS>VBD</POS>
            <NER>O</NER>
            <Speaker>PER0</Speaker>
          </token>
          <token id="4">
            <word>the</word>
            <lemma>the</lemma>
            <CharacterOffsetBegin>2901</CharacterOffsetBegin>
            <CharacterOffsetEnd>2904</CharacterOffsetEnd>
            <POS>DT</POS>
            <NER>O</NER>
            <Speaker>PER0</Speaker>
          </token>
          <token id="5">
            <word>leadership</word>
            <lemma>leadership</lemma>
            <CharacterOffsetBegin>2905</CharacterOffsetBegin>
            <CharacterOffsetEnd>2915</CharacterOffsetEnd>
            <POS>NN</POS>
            <NER>O</NER>
            <Speaker>PER0</Speaker>
          </token>
          <token id="6">
            <word>decisions</word>
            <lemma>decision</lemma>
            <CharacterOffsetBegin>2916</CharacterOffsetBegin>
            <CharacterOffsetEnd>2925</CharacterOffsetEnd>
            <POS>NNS</POS>
            <NER>O</NER>
            <Speaker>PER0</Speaker>
          </token>
          <token id="7">
            <word>made</word>
            <lemma>make</lemma>
            <CharacterOffsetBegin>2926</CharacterOffsetBegin>
            <CharacterOffsetEnd>2930</CharacterOffsetEnd>
            <POS>VBN</POS>
            <NER>O</NER>
            <Speaker>PER0</Speaker>
          </token>
          <token id="8">
            <word>and</word>
            <lemma>and</lemma>
            <CharacterOffsetBegin>2931</CharacterOffsetBegin>
            <CharacterOffsetEnd>2934</CharacterOffsetEnd>
            <POS>CC</POS>
            <NER>O</NER>
            <Speaker>PER0</Speaker>
          </token>
          <token id="9">
            <word>the</word>
            <lemma>the</lemma>
            <CharacterOffsetBegin>2935</CharacterOffsetBegin>
            <CharacterOffsetEnd>2938</CharacterOffsetEnd>
            <POS>DT</POS>
            <NER>O</NER>
            <Speaker>PER0</Speaker>
          </token>
          <token id="10">
            <word>behaviour</word>
            <lemma>behaviour</lemma>
            <CharacterOffsetBegin>2939</CharacterOffsetBegin>
            <CharacterOffsetEnd>2948</CharacterOffsetEnd>
            <POS>NN</POS>
            <NER>O</NER>
            <Speaker>PER0</Speaker>
          </token>
          <token id="11">
            <word>that</word>
            <lemma>that</lemma>
            <CharacterOffsetBegin>2949</CharacterOffsetBegin>
            <CharacterOffsetEnd>2953</CharacterOffsetEnd>
            <POS>WDT</POS>
            <NER>O</NER>
            <Speaker>PER0</Speaker>
          </token>
          <token id="12">
            <word>was</word>
            <lemma>be</lemma>
            <CharacterOffsetBegin>2954</CharacterOffsetBegin>
            <CharacterOffsetEnd>2957</CharacterOffsetEnd>
            <POS>VBD</POS>
            <NER>O</NER>
            <Speaker>PER0</Speaker>
          </token>
          <token id="13">
            <word>condoned</word>
            <lemma>condone</lemma>
            <CharacterOffsetBegin>2958</CharacterOffsetBegin>
            <CharacterOffsetEnd>2966</CharacterOffsetEnd>
            <POS>VBN</POS>
            <NER>O</NER>
            <Speaker>PER0</Speaker>
          </token>
          <token id="14">
            <word>which</word>
            <lemma>which</lemma>
            <CharacterOffsetBegin>2967</CharacterOffsetBegin>
            <CharacterOffsetEnd>2972</CharacterOffsetEnd>
            <POS>WDT</POS>
            <NER>O</NER>
            <Speaker>PER0</Speaker>
          </token>
          <token id="15">
            <word>led</word>
            <lemma>lead</lemma>
            <CharacterOffsetBegin>2973</CharacterOffsetBegin>
            <CharacterOffsetEnd>2976</CharacterOffsetEnd>
            <POS>VBD</POS>
            <NER>O</NER>
            <Speaker>PER0</Speaker>
          </token>
          <token id="16">
            <word>to</word>
            <lemma>to</lemma>
            <CharacterOffsetBegin>2977</CharacterOffsetBegin>
            <CharacterOffsetEnd>2979</CharacterOffsetEnd>
            <POS>TO</POS>
            <NER>O</NER>
            <Speaker>PER0</Speaker>
          </token>
          <token id="17">
            <word>the</word>
            <lemma>the</lemma>
            <CharacterOffsetBegin>2980</CharacterOffsetBegin>
            <CharacterOffsetEnd>2983</CharacterOffsetEnd>
            <POS>DT</POS>
            <NER>O</NER>
            <Speaker>PER0</Speaker>
          </token>
          <token id="18">
            <word>demise</word>
            <lemma>demise</lemma>
            <CharacterOffsetBegin>2984</CharacterOffsetBegin>
            <CharacterOffsetEnd>2990</CharacterOffsetEnd>
            <POS>NN</POS>
            <NER>O</NER>
            <Speaker>PER0</Speaker>
          </token>
          <token id="19">
            <word>of</word>
            <lemma>of</lemma>
            <CharacterOffsetBegin>2991</CharacterOffsetBegin>
            <CharacterOffsetEnd>2993</CharacterOffsetEnd>
            <POS>IN</POS>
            <NER>O</NER>
            <Speaker>PER0</Speaker>
          </token>
          <token id="20">
            <word>News</word>
            <lemma>news</lemma>
            <CharacterOffsetBegin>2994</CharacterOffsetBegin>
            <CharacterOffsetEnd>2998</CharacterOffsetEnd>
            <POS>NN</POS>
            <NER>O</NER>
            <Speaker>PER0</Speaker>
          </token>
          <token id="21">
            <word>of</word>
            <lemma>of</lemma>
            <CharacterOffsetBegin>2999</CharacterOffsetBegin>
            <CharacterOffsetEnd>3001</CharacterOffsetEnd>
            <POS>IN</POS>
            <NER>O</NER>
            <Speaker>PER0</Speaker>
          </token>
          <token id="22">
            <word>the</word>
            <lemma>the</lemma>
            <CharacterOffsetBegin>3002</CharacterOffsetBegin>
            <CharacterOffsetEnd>3005</CharacterOffsetEnd>
            <POS>DT</POS>
            <NER>O</NER>
            <Speaker>PER0</Speaker>
          </token>
          <token id="23">
            <word>World</word>
            <lemma>World</lemma>
            <CharacterOffsetBegin>3006</CharacterOffsetBegin>
            <CharacterOffsetEnd>3011</CharacterOffsetEnd>
            <POS>NNP</POS>
            <NER>ORGANIZATION</NER>
            <Speaker>PER0</Speaker>
          </token>
          <token id="24">
            <word>.</word>
            <lemma>.</lemma>
            <CharacterOffsetBegin>3011</CharacterOffsetBegin>
            <CharacterOffsetEnd>3012</CharacterOffsetEnd>
            <POS>.</POS>
            <NER>O</NER>
            <Speaker>PER0</Speaker>
          </token>
        </tokens>
        <parse>(ROOT (S (NP (DT The) (NN article)) (VP (VBD highlighted) (NP (NP (NP (DT the) (NN leadership) (NNS decisions)) (VP (VBN made))) (CC and) (NP (NP (DT the) (NN behaviour)) (SBAR (WHNP (WDT that)) (S (VP (VBD was) (VP (VBN condoned) (SBAR (WHNP (WDT which)) (S (VP (VBD led) (PP (TO to) (NP (NP (DT the) (NN demise)) (PP (IN of) (NP (NP (NN News)) (PP (IN of) (NP (DT the) (NNP World))))))))))))))))) (. .))) </parse>
        <dependencies type="basic-dependencies">
          <dep type="root">
            <governor idx="0">ROOT</governor>
            <dependent idx="3">highlighted</dependent>
          </dep>
          <dep type="det">
            <governor idx="2">article</governor>
            <dependent idx="1">The</dependent>
          </dep>
          <dep type="nsubj">
            <governor idx="3">highlighted</governor>
            <dependent idx="2">article</dependent>
          </dep>
          <dep type="det">
            <governor idx="6">decisions</governor>
            <dependent idx="4">the</dependent>
          </dep>
          <dep type="compound">
            <governor idx="6">decisions</governor>
            <dependent idx="5">leadership</dependent>
          </dep>
          <dep type="dobj">
            <governor idx="3">highlighted</governor>
            <dependent idx="6">decisions</dependent>
          </dep>
          <dep type="acl">
            <governor idx="6">decisions</governor>
            <dependent idx="7">made</dependent>
          </dep>
          <dep type="cc">
            <governor idx="6">decisions</governor>
            <dependent idx="8">and</dependent>
          </dep>
          <dep type="det">
            <governor idx="10">behaviour</governor>
            <dependent idx="9">the</dependent>
          </dep>
          <dep type="conj">
            <governor idx="6">decisions</governor>
            <dependent idx="10">behaviour</dependent>
          </dep>
          <dep type="nsubjpass">
            <governor idx="13">condoned</governor>
            <dependent idx="11">that</dependent>
          </dep>
          <dep type="auxpass">
            <governor idx="13">condoned</governor>
            <dependent idx="12">was</dependent>
          </dep>
          <dep type="acl:relcl">
            <governor idx="10">behaviour</governor>
            <dependent idx="13">condoned</dependent>
          </dep>
          <dep type="nsubj">
            <governor idx="15">led</governor>
            <dependent idx="14">which</dependent>
          </dep>
          <dep type="ccomp">
            <governor idx="13">condoned</governor>
            <dependent idx="15">led</dependent>
          </dep>
          <dep type="case">
            <governor idx="18">demise</governor>
            <dependent idx="16">to</dependent>
          </dep>
          <dep type="det">
            <governor idx="18">demise</governor>
            <dependent idx="17">the</dependent>
          </dep>
          <dep type="nmod">
            <governor idx="15">led</governor>
            <dependent idx="18">demise</dependent>
          </dep>
          <dep type="case">
            <governor idx="20">News</governor>
            <dependent idx="19">of</dependent>
          </dep>
          <dep type="nmod">
            <governor idx="18">demise</governor>
            <dependent idx="20">News</dependent>
          </dep>
          <dep type="case">
            <governor idx="23">World</governor>
            <dependent idx="21">of</dependent>
          </dep>
          <dep type="det">
            <governor idx="23">World</governor>
            <dependent idx="22">the</dependent>
          </dep>
          <dep type="nmod">
            <governor idx="20">News</governor>
            <dependent idx="23">World</dependent>
          </dep>
          <dep type="punct">
            <governor idx="3">highlighted</governor>
            <dependent idx="24">.</dependent>
          </dep>
        </dependencies>
        <dependencies type="collapsed-dependencies">
          <dep type="root">
            <governor idx="0">ROOT</governor>
            <dependent idx="3">highlighted</dependent>
          </dep>
          <dep type="det">
            <governor idx="2">article</governor>
            <dependent idx="1">The</dependent>
          </dep>
          <dep type="nsubj">
            <governor idx="3">highlighted</governor>
            <dependent idx="2">article</dependent>
          </dep>
          <dep type="det">
            <governor idx="6">decisions</governor>
            <dependent idx="4">the</dependent>
          </dep>
          <dep type="compound">
            <governor idx="6">decisions</governor>
            <dependent idx="5">leadership</dependent>
          </dep>
          <dep type="dobj">
            <governor idx="3">highlighted</governor>
            <dependent idx="6">decisions</dependent>
          </dep>
          <dep type="acl">
            <governor idx="6">decisions</governor>
            <dependent idx="7">made</dependent>
          </dep>
          <dep type="cc">
            <governor idx="6">decisions</governor>
            <dependent idx="8">and</dependent>
          </dep>
          <dep type="det">
            <governor idx="10">behaviour</governor>
            <dependent idx="9">the</dependent>
          </dep>
          <dep type="conj:and">
            <governor idx="6">decisions</governor>
            <dependent idx="10">behaviour</dependent>
          </dep>
          <dep type="nsubjpass">
            <governor idx="13">condoned</governor>
            <dependent idx="11">that</dependent>
          </dep>
          <dep type="auxpass">
            <governor idx="13">condoned</governor>
            <dependent idx="12">was</dependent>
          </dep>
          <dep type="acl:relcl">
            <governor idx="10">behaviour</governor>
            <dependent idx="13">condoned</dependent>
          </dep>
          <dep type="nsubj">
            <governor idx="15">led</governor>
            <dependent idx="14">which</dependent>
          </dep>
          <dep type="ccomp">
            <governor idx="13">condoned</governor>
            <dependent idx="15">led</dependent>
          </dep>
          <dep type="case">
            <governor idx="18">demise</governor>
            <dependent idx="16">to</dependent>
          </dep>
          <dep type="det">
            <governor idx="18">demise</governor>
            <dependent idx="17">the</dependent>
          </dep>
          <dep type="nmod:to">
            <governor idx="15">led</governor>
            <dependent idx="18">demise</dependent>
          </dep>
          <dep type="case">
            <governor idx="20">News</governor>
            <dependent idx="19">of</dependent>
          </dep>
          <dep type="nmod:of">
            <governor idx="18">demise</governor>
            <dependent idx="20">News</dependent>
          </dep>
          <dep type="case">
            <governor idx="23">World</governor>
            <dependent idx="21">of</dependent>
          </dep>
          <dep type="det">
            <governor idx="23">World</governor>
            <dependent idx="22">the</dependent>
          </dep>
          <dep type="nmod:of">
            <governor idx="20">News</governor>
            <dependent idx="23">World</dependent>
          </dep>
          <dep type="punct">
            <governor idx="3">highlighted</governor>
            <dependent idx="24">.</dependent>
          </dep>
        </dependencies>
        <dependencies type="collapsed-ccprocessed-dependencies">
          <dep type="root">
            <governor idx="0">ROOT</governor>
            <dependent idx="3">highlighted</dependent>
          </dep>
          <dep type="det">
            <governor idx="2">article</governor>
            <dependent idx="1">The</dependent>
          </dep>
          <dep type="nsubj">
            <governor idx="3">highlighted</governor>
            <dependent idx="2">article</dependent>
          </dep>
          <dep type="det">
            <governor idx="6">decisions</governor>
            <dependent idx="4">the</dependent>
          </dep>
          <dep type="compound">
            <governor idx="6">decisions</governor>
            <dependent idx="5">leadership</dependent>
          </dep>
          <dep type="dobj">
            <governor idx="3">highlighted</governor>
            <dependent idx="6">decisions</dependent>
          </dep>
          <dep type="acl">
            <governor idx="6">decisions</governor>
            <dependent idx="7">made</dependent>
          </dep>
          <dep type="cc">
            <governor idx="6">decisions</governor>
            <dependent idx="8">and</dependent>
          </dep>
          <dep type="det">
            <governor idx="10">behaviour</governor>
            <dependent idx="9">the</dependent>
          </dep>
          <dep type="dobj" extra="true">
            <governor idx="3">highlighted</governor>
            <dependent idx="10">behaviour</dependent>
          </dep>
          <dep type="conj:and">
            <governor idx="6">decisions</governor>
            <dependent idx="10">behaviour</dependent>
          </dep>
          <dep type="nsubjpass">
            <governor idx="13">condoned</governor>
            <dependent idx="11">that</dependent>
          </dep>
          <dep type="auxpass">
            <governor idx="13">condoned</governor>
            <dependent idx="12">was</dependent>
          </dep>
          <dep type="acl:relcl">
            <governor idx="10">behaviour</governor>
            <dependent idx="13">condoned</dependent>
          </dep>
          <dep type="nsubj">
            <governor idx="15">led</governor>
            <dependent idx="14">which</dependent>
          </dep>
          <dep type="ccomp">
            <governor idx="13">condoned</governor>
            <dependent idx="15">led</dependent>
          </dep>
          <dep type="case">
            <governor idx="18">demise</governor>
            <dependent idx="16">to</dependent>
          </dep>
          <dep type="det">
            <governor idx="18">demise</governor>
            <dependent idx="17">the</dependent>
          </dep>
          <dep type="nmod:to">
            <governor idx="15">led</governor>
            <dependent idx="18">demise</dependent>
          </dep>
          <dep type="case">
            <governor idx="20">News</governor>
            <dependent idx="19">of</dependent>
          </dep>
          <dep type="nmod:of">
            <governor idx="18">demise</governor>
            <dependent idx="20">News</dependent>
          </dep>
          <dep type="case">
            <governor idx="23">World</governor>
            <dependent idx="21">of</dependent>
          </dep>
          <dep type="det">
            <governor idx="23">World</governor>
            <dependent idx="22">the</dependent>
          </dep>
          <dep type="nmod:of">
            <governor idx="20">News</governor>
            <dependent idx="23">World</dependent>
          </dep>
          <dep type="punct">
            <governor idx="3">highlighted</governor>
            <dependent idx="24">.</dependent>
          </dep>
        </dependencies>
      </sentence>
      <sentence id="31">
        <tokens>
          <token id="1">
            <word>In</word>
            <lemma>in</lemma>
            <CharacterOffsetBegin>3013</CharacterOffsetBegin>
            <CharacterOffsetEnd>3015</CharacterOffsetEnd>
            <POS>IN</POS>
            <NER>O</NER>
            <Speaker>PER0</Speaker>
          </token>
          <token id="2">
            <word>my</word>
            <lemma>my</lemma>
            <CharacterOffsetBegin>3016</CharacterOffsetBegin>
            <CharacterOffsetEnd>3018</CharacterOffsetEnd>
            <POS>PRP$</POS>
            <NER>O</NER>
            <Speaker>PER0</Speaker>
          </token>
          <token id="3">
            <word>humble</word>
            <lemma>humble</lemma>
            <CharacterOffsetBegin>3019</CharacterOffsetBegin>
            <CharacterOffsetEnd>3025</CharacterOffsetEnd>
            <POS>JJ</POS>
            <NER>O</NER>
            <Speaker>PER0</Speaker>
          </token>
          <token id="4">
            <word>opinion</word>
            <lemma>opinion</lemma>
            <CharacterOffsetBegin>3026</CharacterOffsetBegin>
            <CharacterOffsetEnd>3033</CharacterOffsetEnd>
            <POS>NN</POS>
            <NER>O</NER>
            <Speaker>PER0</Speaker>
          </token>
          <token id="5">
            <word>I</word>
            <lemma>I</lemma>
            <CharacterOffsetBegin>3034</CharacterOffsetBegin>
            <CharacterOffsetEnd>3035</CharacterOffsetEnd>
            <POS>PRP</POS>
            <NER>O</NER>
            <Speaker>PER0</Speaker>
          </token>
          <token id="6">
            <word>believe</word>
            <lemma>believe</lemma>
            <CharacterOffsetBegin>3036</CharacterOffsetBegin>
            <CharacterOffsetEnd>3043</CharacterOffsetEnd>
            <POS>VBP</POS>
            <NER>O</NER>
            <Speaker>PER0</Speaker>
          </token>
          <token id="7">
            <word>Rupert</word>
            <lemma>Rupert</lemma>
            <CharacterOffsetBegin>3044</CharacterOffsetBegin>
            <CharacterOffsetEnd>3050</CharacterOffsetEnd>
            <POS>NNP</POS>
            <NER>PERSON</NER>
            <Speaker>PER0</Speaker>
          </token>
          <token id="8">
            <word>Murdoch</word>
            <lemma>Murdoch</lemma>
            <CharacterOffsetBegin>3051</CharacterOffsetBegin>
            <CharacterOffsetEnd>3058</CharacterOffsetEnd>
            <POS>NNP</POS>
            <NER>PERSON</NER>
            <Speaker>PER0</Speaker>
          </token>
          <token id="9">
            <word>'s</word>
            <lemma>'s</lemma>
            <CharacterOffsetBegin>3058</CharacterOffsetBegin>
            <CharacterOffsetEnd>3060</CharacterOffsetEnd>
            <POS>POS</POS>
            <NER>O</NER>
            <Speaker>PER0</Speaker>
          </token>
          <token id="10">
            <word>ethos</word>
            <lemma>ethos</lemma>
            <CharacterOffsetBegin>3061</CharacterOffsetBegin>
            <CharacterOffsetEnd>3066</CharacterOffsetEnd>
            <POS>NN</POS>
            <NER>O</NER>
            <Speaker>PER0</Speaker>
          </token>
          <token id="11">
            <word>of</word>
            <lemma>of</lemma>
            <CharacterOffsetBegin>3067</CharacterOffsetBegin>
            <CharacterOffsetEnd>3069</CharacterOffsetEnd>
            <POS>IN</POS>
            <NER>O</NER>
            <Speaker>PER0</Speaker>
          </token>
          <token id="12">
            <word>a</word>
            <lemma>a</lemma>
            <CharacterOffsetBegin>3070</CharacterOffsetBegin>
            <CharacterOffsetEnd>3071</CharacterOffsetEnd>
            <POS>DT</POS>
            <NER>O</NER>
            <Speaker>PER0</Speaker>
          </token>
          <token id="13">
            <word>``</word>
            <lemma>``</lemma>
            <CharacterOffsetBegin>3072</CharacterOffsetBegin>
            <CharacterOffsetEnd>3073</CharacterOffsetEnd>
            <POS>``</POS>
            <NER>O</NER>
          </token>
          <token id="14">
            <word>do-whatever-it-takes-to-win-attitude</word>
            <lemma>do-whatever-it-takes-to-win-attitude</lemma>
            <CharacterOffsetBegin>3073</CharacterOffsetBegin>
            <CharacterOffsetEnd>3109</CharacterOffsetEnd>
            <POS>NN</POS>
            <NER>O</NER>
            <Speaker>PER4</Speaker>
          </token>
          <token id="15">
            <word>''</word>
            <lemma>''</lemma>
            <CharacterOffsetBegin>3109</CharacterOffsetBegin>
            <CharacterOffsetEnd>3110</CharacterOffsetEnd>
            <POS>''</POS>
            <NER>O</NER>
            <Speaker>PER0</Speaker>
          </token>
          <token id="16">
            <word>led</word>
            <lemma>lead</lemma>
            <CharacterOffsetBegin>3111</CharacterOffsetBegin>
            <CharacterOffsetEnd>3114</CharacterOffsetEnd>
            <POS>VBD</POS>
            <NER>O</NER>
            <Speaker>PER0</Speaker>
          </token>
          <token id="17">
            <word>to</word>
            <lemma>to</lemma>
            <CharacterOffsetBegin>3115</CharacterOffsetBegin>
            <CharacterOffsetEnd>3117</CharacterOffsetEnd>
            <POS>TO</POS>
            <NER>O</NER>
            <Speaker>PER0</Speaker>
          </token>
          <token id="18">
            <word>such</word>
            <lemma>such</lemma>
            <CharacterOffsetBegin>3118</CharacterOffsetBegin>
            <CharacterOffsetEnd>3122</CharacterOffsetEnd>
            <POS>JJ</POS>
            <NER>O</NER>
            <Speaker>PER0</Speaker>
          </token>
          <token id="19">
            <word>poor</word>
            <lemma>poor</lemma>
            <CharacterOffsetBegin>3123</CharacterOffsetBegin>
            <CharacterOffsetEnd>3127</CharacterOffsetEnd>
            <POS>JJ</POS>
            <NER>O</NER>
            <Speaker>PER0</Speaker>
          </token>
          <token id="20">
            <word>and</word>
            <lemma>and</lemma>
            <CharacterOffsetBegin>3128</CharacterOffsetBegin>
            <CharacterOffsetEnd>3131</CharacterOffsetEnd>
            <POS>CC</POS>
            <NER>O</NER>
            <Speaker>PER0</Speaker>
          </token>
          <token id="21">
            <word>disappointing</word>
            <lemma>disappointing</lemma>
            <CharacterOffsetBegin>3132</CharacterOffsetBegin>
            <CharacterOffsetEnd>3145</CharacterOffsetEnd>
            <POS>JJ</POS>
            <NER>O</NER>
            <Speaker>PER0</Speaker>
          </token>
          <token id="22">
            <word>behaviour</word>
            <lemma>behaviour</lemma>
            <CharacterOffsetBegin>3146</CharacterOffsetBegin>
            <CharacterOffsetEnd>3155</CharacterOffsetEnd>
            <POS>NN</POS>
            <NER>O</NER>
            <Speaker>PER0</Speaker>
          </token>
          <token id="23">
            <word>of</word>
            <lemma>of</lemma>
            <CharacterOffsetBegin>3156</CharacterOffsetBegin>
            <CharacterOffsetEnd>3158</CharacterOffsetEnd>
            <POS>IN</POS>
            <NER>O</NER>
            <Speaker>PER0</Speaker>
          </token>
          <token id="24">
            <word>employees</word>
            <lemma>employee</lemma>
            <CharacterOffsetBegin>3159</CharacterOffsetBegin>
            <CharacterOffsetEnd>3168</CharacterOffsetEnd>
            <POS>NNS</POS>
            <NER>O</NER>
            <Speaker>PER0</Speaker>
          </token>
          <token id="25">
            <word>.</word>
            <lemma>.</lemma>
            <CharacterOffsetBegin>3168</CharacterOffsetBegin>
            <CharacterOffsetEnd>3169</CharacterOffsetEnd>
            <POS>.</POS>
            <NER>O</NER>
            <Speaker>PER0</Speaker>
          </token>
        </tokens>
        <parse>(ROOT (S (PP (IN In) (NP (PRP$ my) (JJ humble) (NN opinion))) (NP (PRP I)) (VP (VBP believe) (SBAR (S (NP (NP (NP (NNP Rupert) (NNP Murdoch) (POS 's)) (NN ethos)) (PP (IN of) (NP (DT a) (`` ``) (NN do-whatever-it-takes-to-win-attitude) ('' '')))) (VP (VBD led) (PP (TO to) (NP (NP (JJ such) (ADJP (JJ poor) (CC and) (JJ disappointing)) (NN behaviour)) (PP (IN of) (NP (NNS employees))))))))) (. .))) </parse>
        <dependencies type="basic-dependencies">
          <dep type="root">
            <governor idx="0">ROOT</governor>
            <dependent idx="6">believe</dependent>
          </dep>
          <dep type="case">
            <governor idx="4">opinion</governor>
            <dependent idx="1">In</dependent>
          </dep>
          <dep type="nmod:poss">
            <governor idx="4">opinion</governor>
            <dependent idx="2">my</dependent>
          </dep>
          <dep type="amod">
            <governor idx="4">opinion</governor>
            <dependent idx="3">humble</dependent>
          </dep>
          <dep type="nmod">
            <governor idx="6">believe</governor>
            <dependent idx="4">opinion</dependent>
          </dep>
          <dep type="nsubj">
            <governor idx="6">believe</governor>
            <dependent idx="5">I</dependent>
          </dep>
          <dep type="compound">
            <governor idx="8">Murdoch</governor>
            <dependent idx="7">Rupert</dependent>
          </dep>
          <dep type="nmod:poss">
            <governor idx="10">ethos</governor>
            <dependent idx="8">Murdoch</dependent>
          </dep>
          <dep type="case">
            <governor idx="8">Murdoch</governor>
            <dependent idx="9">'s</dependent>
          </dep>
          <dep type="nsubj">
            <governor idx="16">led</governor>
            <dependent idx="10">ethos</dependent>
          </dep>
          <dep type="case">
            <governor idx="14">do-whatever-it-takes-to-win-attitude</governor>
            <dependent idx="11">of</dependent>
          </dep>
          <dep type="det">
            <governor idx="14">do-whatever-it-takes-to-win-attitude</governor>
            <dependent idx="12">a</dependent>
          </dep>
          <dep type="punct">
            <governor idx="14">do-whatever-it-takes-to-win-attitude</governor>
            <dependent idx="13">``</dependent>
          </dep>
          <dep type="nmod">
            <governor idx="10">ethos</governor>
            <dependent idx="14">do-whatever-it-takes-to-win-attitude</dependent>
          </dep>
          <dep type="punct">
            <governor idx="14">do-whatever-it-takes-to-win-attitude</governor>
            <dependent idx="15">''</dependent>
          </dep>
          <dep type="ccomp">
            <governor idx="6">believe</governor>
            <dependent idx="16">led</dependent>
          </dep>
          <dep type="case">
            <governor idx="22">behaviour</governor>
            <dependent idx="17">to</dependent>
          </dep>
          <dep type="amod">
            <governor idx="22">behaviour</governor>
            <dependent idx="18">such</dependent>
          </dep>
          <dep type="amod">
            <governor idx="22">behaviour</governor>
            <dependent idx="19">poor</dependent>
          </dep>
          <dep type="cc">
            <governor idx="19">poor</governor>
            <dependent idx="20">and</dependent>
          </dep>
          <dep type="conj">
            <governor idx="19">poor</governor>
            <dependent idx="21">disappointing</dependent>
          </dep>
          <dep type="nmod">
            <governor idx="16">led</governor>
            <dependent idx="22">behaviour</dependent>
          </dep>
          <dep type="case">
            <governor idx="24">employees</governor>
            <dependent idx="23">of</dependent>
          </dep>
          <dep type="nmod">
            <governor idx="22">behaviour</governor>
            <dependent idx="24">employees</dependent>
          </dep>
          <dep type="punct">
            <governor idx="6">believe</governor>
            <dependent idx="25">.</dependent>
          </dep>
        </dependencies>
        <dependencies type="collapsed-dependencies">
          <dep type="root">
            <governor idx="0">ROOT</governor>
            <dependent idx="6">believe</dependent>
          </dep>
          <dep type="case">
            <governor idx="4">opinion</governor>
            <dependent idx="1">In</dependent>
          </dep>
          <dep type="nmod:poss">
            <governor idx="4">opinion</governor>
            <dependent idx="2">my</dependent>
          </dep>
          <dep type="amod">
            <governor idx="4">opinion</governor>
            <dependent idx="3">humble</dependent>
          </dep>
          <dep type="nmod:in">
            <governor idx="6">believe</governor>
            <dependent idx="4">opinion</dependent>
          </dep>
          <dep type="nsubj">
            <governor idx="6">believe</governor>
            <dependent idx="5">I</dependent>
          </dep>
          <dep type="compound">
            <governor idx="8">Murdoch</governor>
            <dependent idx="7">Rupert</dependent>
          </dep>
          <dep type="nmod:poss">
            <governor idx="10">ethos</governor>
            <dependent idx="8">Murdoch</dependent>
          </dep>
          <dep type="case">
            <governor idx="8">Murdoch</governor>
            <dependent idx="9">'s</dependent>
          </dep>
          <dep type="nsubj">
            <governor idx="16">led</governor>
            <dependent idx="10">ethos</dependent>
          </dep>
          <dep type="case">
            <governor idx="14">do-whatever-it-takes-to-win-attitude</governor>
            <dependent idx="11">of</dependent>
          </dep>
          <dep type="det">
            <governor idx="14">do-whatever-it-takes-to-win-attitude</governor>
            <dependent idx="12">a</dependent>
          </dep>
          <dep type="punct">
            <governor idx="14">do-whatever-it-takes-to-win-attitude</governor>
            <dependent idx="13">``</dependent>
          </dep>
          <dep type="nmod:of">
            <governor idx="10">ethos</governor>
            <dependent idx="14">do-whatever-it-takes-to-win-attitude</dependent>
          </dep>
          <dep type="punct">
            <governor idx="14">do-whatever-it-takes-to-win-attitude</governor>
            <dependent idx="15">''</dependent>
          </dep>
          <dep type="ccomp">
            <governor idx="6">believe</governor>
            <dependent idx="16">led</dependent>
          </dep>
          <dep type="case">
            <governor idx="22">behaviour</governor>
            <dependent idx="17">to</dependent>
          </dep>
          <dep type="amod">
            <governor idx="22">behaviour</governor>
            <dependent idx="18">such</dependent>
          </dep>
          <dep type="amod">
            <governor idx="22">behaviour</governor>
            <dependent idx="19">poor</dependent>
          </dep>
          <dep type="cc">
            <governor idx="19">poor</governor>
            <dependent idx="20">and</dependent>
          </dep>
          <dep type="conj:and">
            <governor idx="19">poor</governor>
            <dependent idx="21">disappointing</dependent>
          </dep>
          <dep type="nmod:to">
            <governor idx="16">led</governor>
            <dependent idx="22">behaviour</dependent>
          </dep>
          <dep type="case">
            <governor idx="24">employees</governor>
            <dependent idx="23">of</dependent>
          </dep>
          <dep type="nmod:of">
            <governor idx="22">behaviour</governor>
            <dependent idx="24">employees</dependent>
          </dep>
          <dep type="punct">
            <governor idx="6">believe</governor>
            <dependent idx="25">.</dependent>
          </dep>
        </dependencies>
        <dependencies type="collapsed-ccprocessed-dependencies">
          <dep type="root">
            <governor idx="0">ROOT</governor>
            <dependent idx="6">believe</dependent>
          </dep>
          <dep type="case">
            <governor idx="4">opinion</governor>
            <dependent idx="1">In</dependent>
          </dep>
          <dep type="nmod:poss">
            <governor idx="4">opinion</governor>
            <dependent idx="2">my</dependent>
          </dep>
          <dep type="amod">
            <governor idx="4">opinion</governor>
            <dependent idx="3">humble</dependent>
          </dep>
          <dep type="nmod:in">
            <governor idx="6">believe</governor>
            <dependent idx="4">opinion</dependent>
          </dep>
          <dep type="nsubj">
            <governor idx="6">believe</governor>
            <dependent idx="5">I</dependent>
          </dep>
          <dep type="compound">
            <governor idx="8">Murdoch</governor>
            <dependent idx="7">Rupert</dependent>
          </dep>
          <dep type="nmod:poss">
            <governor idx="10">ethos</governor>
            <dependent idx="8">Murdoch</dependent>
          </dep>
          <dep type="case">
            <governor idx="8">Murdoch</governor>
            <dependent idx="9">'s</dependent>
          </dep>
          <dep type="nsubj">
            <governor idx="16">led</governor>
            <dependent idx="10">ethos</dependent>
          </dep>
          <dep type="case">
            <governor idx="14">do-whatever-it-takes-to-win-attitude</governor>
            <dependent idx="11">of</dependent>
          </dep>
          <dep type="det">
            <governor idx="14">do-whatever-it-takes-to-win-attitude</governor>
            <dependent idx="12">a</dependent>
          </dep>
          <dep type="punct">
            <governor idx="14">do-whatever-it-takes-to-win-attitude</governor>
            <dependent idx="13">``</dependent>
          </dep>
          <dep type="nmod:of">
            <governor idx="10">ethos</governor>
            <dependent idx="14">do-whatever-it-takes-to-win-attitude</dependent>
          </dep>
          <dep type="punct">
            <governor idx="14">do-whatever-it-takes-to-win-attitude</governor>
            <dependent idx="15">''</dependent>
          </dep>
          <dep type="ccomp">
            <governor idx="6">believe</governor>
            <dependent idx="16">led</dependent>
          </dep>
          <dep type="case">
            <governor idx="22">behaviour</governor>
            <dependent idx="17">to</dependent>
          </dep>
          <dep type="amod">
            <governor idx="22">behaviour</governor>
            <dependent idx="18">such</dependent>
          </dep>
          <dep type="amod">
            <governor idx="22">behaviour</governor>
            <dependent idx="19">poor</dependent>
          </dep>
          <dep type="cc">
            <governor idx="19">poor</governor>
            <dependent idx="20">and</dependent>
          </dep>
          <dep type="conj:and">
            <governor idx="19">poor</governor>
            <dependent idx="21">disappointing</dependent>
          </dep>
          <dep type="amod" extra="true">
            <governor idx="22">behaviour</governor>
            <dependent idx="21">disappointing</dependent>
          </dep>
          <dep type="nmod:to">
            <governor idx="16">led</governor>
            <dependent idx="22">behaviour</dependent>
          </dep>
          <dep type="case">
            <governor idx="24">employees</governor>
            <dependent idx="23">of</dependent>
          </dep>
          <dep type="nmod:of">
            <governor idx="22">behaviour</governor>
            <dependent idx="24">employees</dependent>
          </dep>
          <dep type="punct">
            <governor idx="6">believe</governor>
            <dependent idx="25">.</dependent>
          </dep>
        </dependencies>
      </sentence>
      <sentence id="32">
        <tokens>
          <token id="1">
            <word>Many</word>
            <lemma>many</lemma>
            <CharacterOffsetBegin>3170</CharacterOffsetBegin>
            <CharacterOffsetEnd>3174</CharacterOffsetEnd>
            <POS>JJ</POS>
            <NER>O</NER>
            <Speaker>PER0</Speaker>
          </token>
          <token id="2">
            <word>management</word>
            <lemma>management</lemma>
            <CharacterOffsetBegin>3175</CharacterOffsetBegin>
            <CharacterOffsetEnd>3185</CharacterOffsetEnd>
            <POS>NN</POS>
            <NER>O</NER>
            <Speaker>PER0</Speaker>
          </token>
          <token id="3">
            <word>practices</word>
            <lemma>practice</lemma>
            <CharacterOffsetBegin>3186</CharacterOffsetBegin>
            <CharacterOffsetEnd>3195</CharacterOffsetEnd>
            <POS>NNS</POS>
            <NER>O</NER>
            <Speaker>PER0</Speaker>
          </token>
          <token id="4">
            <word>talk</word>
            <lemma>talk</lemma>
            <CharacterOffsetBegin>3196</CharacterOffsetBegin>
            <CharacterOffsetEnd>3200</CharacterOffsetEnd>
            <POS>VBP</POS>
            <NER>O</NER>
            <Speaker>PER0</Speaker>
          </token>
          <token id="5">
            <word>about</word>
            <lemma>about</lemma>
            <CharacterOffsetBegin>3201</CharacterOffsetBegin>
            <CharacterOffsetEnd>3206</CharacterOffsetEnd>
            <POS>IN</POS>
            <NER>O</NER>
            <Speaker>PER0</Speaker>
          </token>
          <token id="6">
            <word>leaders</word>
            <lemma>leader</lemma>
            <CharacterOffsetBegin>3207</CharacterOffsetBegin>
            <CharacterOffsetEnd>3214</CharacterOffsetEnd>
            <POS>NNS</POS>
            <NER>O</NER>
            <Speaker>PER0</Speaker>
          </token>
          <token id="7">
            <word>setting</word>
            <lemma>set</lemma>
            <CharacterOffsetBegin>3215</CharacterOffsetBegin>
            <CharacterOffsetEnd>3222</CharacterOffsetEnd>
            <POS>VBG</POS>
            <NER>O</NER>
            <Speaker>PER0</Speaker>
          </token>
          <token id="8">
            <word>the</word>
            <lemma>the</lemma>
            <CharacterOffsetBegin>3223</CharacterOffsetBegin>
            <CharacterOffsetEnd>3226</CharacterOffsetEnd>
            <POS>DT</POS>
            <NER>O</NER>
            <Speaker>PER0</Speaker>
          </token>
          <token id="9">
            <word>tone</word>
            <lemma>tone</lemma>
            <CharacterOffsetBegin>3227</CharacterOffsetBegin>
            <CharacterOffsetEnd>3231</CharacterOffsetEnd>
            <POS>NN</POS>
            <NER>O</NER>
            <Speaker>PER0</Speaker>
          </token>
          <token id="10">
            <word>of</word>
            <lemma>of</lemma>
            <CharacterOffsetBegin>3232</CharacterOffsetBegin>
            <CharacterOffsetEnd>3234</CharacterOffsetEnd>
            <POS>IN</POS>
            <NER>O</NER>
            <Speaker>PER0</Speaker>
          </token>
          <token id="11">
            <word>the</word>
            <lemma>the</lemma>
            <CharacterOffsetBegin>3235</CharacterOffsetBegin>
            <CharacterOffsetEnd>3238</CharacterOffsetEnd>
            <POS>DT</POS>
            <NER>O</NER>
            <Speaker>PER0</Speaker>
          </token>
          <token id="12">
            <word>corporation</word>
            <lemma>corporation</lemma>
            <CharacterOffsetBegin>3239</CharacterOffsetBegin>
            <CharacterOffsetEnd>3250</CharacterOffsetEnd>
            <POS>NN</POS>
            <NER>O</NER>
            <Speaker>PER0</Speaker>
          </token>
          <token id="13">
            <word>and</word>
            <lemma>and</lemma>
            <CharacterOffsetBegin>3251</CharacterOffsetBegin>
            <CharacterOffsetEnd>3254</CharacterOffsetEnd>
            <POS>CC</POS>
            <NER>O</NER>
            <Speaker>PER0</Speaker>
          </token>
          <token id="14">
            <word>to</word>
            <lemma>to</lemma>
            <CharacterOffsetBegin>3255</CharacterOffsetBegin>
            <CharacterOffsetEnd>3257</CharacterOffsetEnd>
            <POS>TO</POS>
            <NER>O</NER>
            <Speaker>PER0</Speaker>
          </token>
          <token id="15">
            <word>`</word>
            <lemma>`</lemma>
            <CharacterOffsetBegin>3258</CharacterOffsetBegin>
            <CharacterOffsetEnd>3259</CharacterOffsetEnd>
            <POS>``</POS>
            <NER>O</NER>
            <Speaker>PER0</Speaker>
          </token>
          <token id="16">
            <word>walk</word>
            <lemma>walk</lemma>
            <CharacterOffsetBegin>3259</CharacterOffsetBegin>
            <CharacterOffsetEnd>3263</CharacterOffsetEnd>
            <POS>VB</POS>
            <NER>O</NER>
            <Speaker>PER0</Speaker>
          </token>
          <token id="17">
            <word>the</word>
            <lemma>the</lemma>
            <CharacterOffsetBegin>3264</CharacterOffsetBegin>
            <CharacterOffsetEnd>3267</CharacterOffsetEnd>
            <POS>DT</POS>
            <NER>O</NER>
            <Speaker>PER0</Speaker>
          </token>
          <token id="18">
            <word>talk</word>
            <lemma>talk</lemma>
            <CharacterOffsetBegin>3268</CharacterOffsetBegin>
            <CharacterOffsetEnd>3272</CharacterOffsetEnd>
            <POS>NN</POS>
            <NER>O</NER>
            <Speaker>PER0</Speaker>
          </token>
          <token id="19">
            <word>'</word>
            <lemma>'</lemma>
            <CharacterOffsetBegin>3272</CharacterOffsetBegin>
            <CharacterOffsetEnd>3273</CharacterOffsetEnd>
            <POS>''</POS>
            <NER>O</NER>
            <Speaker>PER0</Speaker>
          </token>
          <token id="20">
            <word>.</word>
            <lemma>.</lemma>
            <CharacterOffsetBegin>3273</CharacterOffsetBegin>
            <CharacterOffsetEnd>3274</CharacterOffsetEnd>
            <POS>.</POS>
            <NER>O</NER>
            <Speaker>PER0</Speaker>
          </token>
        </tokens>
        <parse>(ROOT (S (NP (JJ Many) (NN management) (NNS practices)) (VP (VBP talk) (PP (IN about) (NP (NP (NNS leaders)) (VP (VBG setting) (NP (NP (DT the) (NN tone)) (PP (IN of) (NP (NP (DT the) (NN corporation)) (CC and) (S (VP (TO to) (VP (`` `) (VB walk) (NP (DT the) (NN talk)) ('' '))))))))))) (. .))) </parse>
        <dependencies type="basic-dependencies">
          <dep type="root">
            <governor idx="0">ROOT</governor>
            <dependent idx="4">talk</dependent>
          </dep>
          <dep type="amod">
            <governor idx="3">practices</governor>
            <dependent idx="1">Many</dependent>
          </dep>
          <dep type="compound">
            <governor idx="3">practices</governor>
            <dependent idx="2">management</dependent>
          </dep>
          <dep type="nsubj">
            <governor idx="4">talk</governor>
            <dependent idx="3">practices</dependent>
          </dep>
          <dep type="case">
            <governor idx="6">leaders</governor>
            <dependent idx="5">about</dependent>
          </dep>
          <dep type="nmod">
            <governor idx="4">talk</governor>
            <dependent idx="6">leaders</dependent>
          </dep>
          <dep type="acl">
            <governor idx="6">leaders</governor>
            <dependent idx="7">setting</dependent>
          </dep>
          <dep type="det">
            <governor idx="9">tone</governor>
            <dependent idx="8">the</dependent>
          </dep>
          <dep type="dobj">
            <governor idx="7">setting</governor>
            <dependent idx="9">tone</dependent>
          </dep>
          <dep type="case">
            <governor idx="12">corporation</governor>
            <dependent idx="10">of</dependent>
          </dep>
          <dep type="det">
            <governor idx="12">corporation</governor>
            <dependent idx="11">the</dependent>
          </dep>
          <dep type="nmod">
            <governor idx="9">tone</governor>
            <dependent idx="12">corporation</dependent>
          </dep>
          <dep type="cc">
            <governor idx="12">corporation</governor>
            <dependent idx="13">and</dependent>
          </dep>
          <dep type="mark">
            <governor idx="16">walk</governor>
            <dependent idx="14">to</dependent>
          </dep>
          <dep type="punct">
            <governor idx="16">walk</governor>
            <dependent idx="15">`</dependent>
          </dep>
          <dep type="acl">
            <governor idx="12">corporation</governor>
            <dependent idx="16">walk</dependent>
          </dep>
          <dep type="det">
            <governor idx="18">talk</governor>
            <dependent idx="17">the</dependent>
          </dep>
          <dep type="dobj">
            <governor idx="16">walk</governor>
            <dependent idx="18">talk</dependent>
          </dep>
          <dep type="punct">
            <governor idx="16">walk</governor>
            <dependent idx="19">'</dependent>
          </dep>
          <dep type="punct">
            <governor idx="4">talk</governor>
            <dependent idx="20">.</dependent>
          </dep>
        </dependencies>
        <dependencies type="collapsed-dependencies">
          <dep type="root">
            <governor idx="0">ROOT</governor>
            <dependent idx="4">talk</dependent>
          </dep>
          <dep type="amod">
            <governor idx="3">practices</governor>
            <dependent idx="1">Many</dependent>
          </dep>
          <dep type="compound">
            <governor idx="3">practices</governor>
            <dependent idx="2">management</dependent>
          </dep>
          <dep type="nsubj">
            <governor idx="4">talk</governor>
            <dependent idx="3">practices</dependent>
          </dep>
          <dep type="case">
            <governor idx="6">leaders</governor>
            <dependent idx="5">about</dependent>
          </dep>
          <dep type="nmod:about">
            <governor idx="4">talk</governor>
            <dependent idx="6">leaders</dependent>
          </dep>
          <dep type="acl">
            <governor idx="6">leaders</governor>
            <dependent idx="7">setting</dependent>
          </dep>
          <dep type="det">
            <governor idx="9">tone</governor>
            <dependent idx="8">the</dependent>
          </dep>
          <dep type="dobj">
            <governor idx="7">setting</governor>
            <dependent idx="9">tone</dependent>
          </dep>
          <dep type="case">
            <governor idx="12">corporation</governor>
            <dependent idx="10">of</dependent>
          </dep>
          <dep type="det">
            <governor idx="12">corporation</governor>
            <dependent idx="11">the</dependent>
          </dep>
          <dep type="nmod:of">
            <governor idx="9">tone</governor>
            <dependent idx="12">corporation</dependent>
          </dep>
          <dep type="cc">
            <governor idx="12">corporation</governor>
            <dependent idx="13">and</dependent>
          </dep>
          <dep type="mark">
            <governor idx="16">walk</governor>
            <dependent idx="14">to</dependent>
          </dep>
          <dep type="punct">
            <governor idx="16">walk</governor>
            <dependent idx="15">`</dependent>
          </dep>
          <dep type="acl">
            <governor idx="12">corporation</governor>
            <dependent idx="16">walk</dependent>
          </dep>
          <dep type="det">
            <governor idx="18">talk</governor>
            <dependent idx="17">the</dependent>
          </dep>
          <dep type="dobj">
            <governor idx="16">walk</governor>
            <dependent idx="18">talk</dependent>
          </dep>
          <dep type="punct">
            <governor idx="16">walk</governor>
            <dependent idx="19">'</dependent>
          </dep>
          <dep type="punct">
            <governor idx="4">talk</governor>
            <dependent idx="20">.</dependent>
          </dep>
        </dependencies>
        <dependencies type="collapsed-ccprocessed-dependencies">
          <dep type="root">
            <governor idx="0">ROOT</governor>
            <dependent idx="4">talk</dependent>
          </dep>
          <dep type="amod">
            <governor idx="3">practices</governor>
            <dependent idx="1">Many</dependent>
          </dep>
          <dep type="compound">
            <governor idx="3">practices</governor>
            <dependent idx="2">management</dependent>
          </dep>
          <dep type="nsubj">
            <governor idx="4">talk</governor>
            <dependent idx="3">practices</dependent>
          </dep>
          <dep type="case">
            <governor idx="6">leaders</governor>
            <dependent idx="5">about</dependent>
          </dep>
          <dep type="nmod:about">
            <governor idx="4">talk</governor>
            <dependent idx="6">leaders</dependent>
          </dep>
          <dep type="acl">
            <governor idx="6">leaders</governor>
            <dependent idx="7">setting</dependent>
          </dep>
          <dep type="det">
            <governor idx="9">tone</governor>
            <dependent idx="8">the</dependent>
          </dep>
          <dep type="dobj">
            <governor idx="7">setting</governor>
            <dependent idx="9">tone</dependent>
          </dep>
          <dep type="case">
            <governor idx="12">corporation</governor>
            <dependent idx="10">of</dependent>
          </dep>
          <dep type="det">
            <governor idx="12">corporation</governor>
            <dependent idx="11">the</dependent>
          </dep>
          <dep type="nmod:of">
            <governor idx="9">tone</governor>
            <dependent idx="12">corporation</dependent>
          </dep>
          <dep type="cc">
            <governor idx="12">corporation</governor>
            <dependent idx="13">and</dependent>
          </dep>
          <dep type="mark">
            <governor idx="16">walk</governor>
            <dependent idx="14">to</dependent>
          </dep>
          <dep type="punct">
            <governor idx="16">walk</governor>
            <dependent idx="15">`</dependent>
          </dep>
          <dep type="acl">
            <governor idx="12">corporation</governor>
            <dependent idx="16">walk</dependent>
          </dep>
          <dep type="det">
            <governor idx="18">talk</governor>
            <dependent idx="17">the</dependent>
          </dep>
          <dep type="dobj">
            <governor idx="16">walk</governor>
            <dependent idx="18">talk</dependent>
          </dep>
          <dep type="punct">
            <governor idx="16">walk</governor>
            <dependent idx="19">'</dependent>
          </dep>
          <dep type="punct">
            <governor idx="4">talk</governor>
            <dependent idx="20">.</dependent>
          </dep>
        </dependencies>
      </sentence>
      <sentence id="33">
        <tokens>
          <token id="1">
            <word>I</word>
            <lemma>I</lemma>
            <CharacterOffsetBegin>3275</CharacterOffsetBegin>
            <CharacterOffsetEnd>3276</CharacterOffsetEnd>
            <POS>PRP</POS>
            <NER>O</NER>
            <Speaker>PER0</Speaker>
          </token>
          <token id="2">
            <word>believe</word>
            <lemma>believe</lemma>
            <CharacterOffsetBegin>3277</CharacterOffsetBegin>
            <CharacterOffsetEnd>3284</CharacterOffsetEnd>
            <POS>VBP</POS>
            <NER>O</NER>
            <Speaker>PER0</Speaker>
          </token>
          <token id="3">
            <word>he</word>
            <lemma>he</lemma>
            <CharacterOffsetBegin>3285</CharacterOffsetBegin>
            <CharacterOffsetEnd>3287</CharacterOffsetEnd>
            <POS>PRP</POS>
            <NER>O</NER>
            <Speaker>PER0</Speaker>
          </token>
          <token id="4">
            <word>did</word>
            <lemma>do</lemma>
            <CharacterOffsetBegin>3288</CharacterOffsetBegin>
            <CharacterOffsetEnd>3291</CharacterOffsetEnd>
            <POS>VBD</POS>
            <NER>O</NER>
            <Speaker>PER0</Speaker>
          </token>
          <token id="5">
            <word>set</word>
            <lemma>set</lemma>
            <CharacterOffsetBegin>3292</CharacterOffsetBegin>
            <CharacterOffsetEnd>3295</CharacterOffsetEnd>
            <POS>VB</POS>
            <NER>O</NER>
            <Speaker>PER0</Speaker>
          </token>
          <token id="6">
            <word>the</word>
            <lemma>the</lemma>
            <CharacterOffsetBegin>3296</CharacterOffsetBegin>
            <CharacterOffsetEnd>3299</CharacterOffsetEnd>
            <POS>DT</POS>
            <NER>O</NER>
            <Speaker>PER0</Speaker>
          </token>
          <token id="7">
            <word>environment</word>
            <lemma>environment</lemma>
            <CharacterOffsetBegin>3300</CharacterOffsetBegin>
            <CharacterOffsetEnd>3311</CharacterOffsetEnd>
            <POS>NN</POS>
            <NER>O</NER>
            <Speaker>PER0</Speaker>
          </token>
          <token id="8">
            <word>for</word>
            <lemma>for</lemma>
            <CharacterOffsetBegin>3312</CharacterOffsetBegin>
            <CharacterOffsetEnd>3315</CharacterOffsetEnd>
            <POS>IN</POS>
            <NER>O</NER>
            <Speaker>PER0</Speaker>
          </token>
          <token id="9">
            <word>such</word>
            <lemma>such</lemma>
            <CharacterOffsetBegin>3316</CharacterOffsetBegin>
            <CharacterOffsetEnd>3320</CharacterOffsetEnd>
            <POS>JJ</POS>
            <NER>O</NER>
            <Speaker>PER0</Speaker>
          </token>
          <token id="10">
            <word>behaviours</word>
            <lemma>behaviour</lemma>
            <CharacterOffsetBegin>3321</CharacterOffsetBegin>
            <CharacterOffsetEnd>3331</CharacterOffsetEnd>
            <POS>NNS</POS>
            <NER>O</NER>
            <Speaker>PER0</Speaker>
          </token>
          <token id="11">
            <word>.</word>
            <lemma>.</lemma>
            <CharacterOffsetBegin>3331</CharacterOffsetBegin>
            <CharacterOffsetEnd>3332</CharacterOffsetEnd>
            <POS>.</POS>
            <NER>O</NER>
            <Speaker>PER0</Speaker>
          </token>
        </tokens>
        <parse>(ROOT (S (NP (PRP I)) (VP (VBP believe) (SBAR (S (NP (PRP he)) (VP (VBD did) (VP (VB set) (NP (NP (DT the) (NN environment)) (PP (IN for) (NP (JJ such) (NNS behaviours))))))))) (. .))) </parse>
        <dependencies type="basic-dependencies">
          <dep type="root">
            <governor idx="0">ROOT</governor>
            <dependent idx="2">believe</dependent>
          </dep>
          <dep type="nsubj">
            <governor idx="2">believe</governor>
            <dependent idx="1">I</dependent>
          </dep>
          <dep type="nsubj">
            <governor idx="5">set</governor>
            <dependent idx="3">he</dependent>
          </dep>
          <dep type="aux">
            <governor idx="5">set</governor>
            <dependent idx="4">did</dependent>
          </dep>
          <dep type="ccomp">
            <governor idx="2">believe</governor>
            <dependent idx="5">set</dependent>
          </dep>
          <dep type="det">
            <governor idx="7">environment</governor>
            <dependent idx="6">the</dependent>
          </dep>
          <dep type="dobj">
            <governor idx="5">set</governor>
            <dependent idx="7">environment</dependent>
          </dep>
          <dep type="case">
            <governor idx="10">behaviours</governor>
            <dependent idx="8">for</dependent>
          </dep>
          <dep type="amod">
            <governor idx="10">behaviours</governor>
            <dependent idx="9">such</dependent>
          </dep>
          <dep type="nmod">
            <governor idx="7">environment</governor>
            <dependent idx="10">behaviours</dependent>
          </dep>
          <dep type="punct">
            <governor idx="2">believe</governor>
            <dependent idx="11">.</dependent>
          </dep>
        </dependencies>
        <dependencies type="collapsed-dependencies">
          <dep type="root">
            <governor idx="0">ROOT</governor>
            <dependent idx="2">believe</dependent>
          </dep>
          <dep type="nsubj">
            <governor idx="2">believe</governor>
            <dependent idx="1">I</dependent>
          </dep>
          <dep type="nsubj">
            <governor idx="5">set</governor>
            <dependent idx="3">he</dependent>
          </dep>
          <dep type="aux">
            <governor idx="5">set</governor>
            <dependent idx="4">did</dependent>
          </dep>
          <dep type="ccomp">
            <governor idx="2">believe</governor>
            <dependent idx="5">set</dependent>
          </dep>
          <dep type="det">
            <governor idx="7">environment</governor>
            <dependent idx="6">the</dependent>
          </dep>
          <dep type="dobj">
            <governor idx="5">set</governor>
            <dependent idx="7">environment</dependent>
          </dep>
          <dep type="case">
            <governor idx="10">behaviours</governor>
            <dependent idx="8">for</dependent>
          </dep>
          <dep type="amod">
            <governor idx="10">behaviours</governor>
            <dependent idx="9">such</dependent>
          </dep>
          <dep type="nmod:for">
            <governor idx="7">environment</governor>
            <dependent idx="10">behaviours</dependent>
          </dep>
          <dep type="punct">
            <governor idx="2">believe</governor>
            <dependent idx="11">.</dependent>
          </dep>
        </dependencies>
        <dependencies type="collapsed-ccprocessed-dependencies">
          <dep type="root">
            <governor idx="0">ROOT</governor>
            <dependent idx="2">believe</dependent>
          </dep>
          <dep type="nsubj">
            <governor idx="2">believe</governor>
            <dependent idx="1">I</dependent>
          </dep>
          <dep type="nsubj">
            <governor idx="5">set</governor>
            <dependent idx="3">he</dependent>
          </dep>
          <dep type="aux">
            <governor idx="5">set</governor>
            <dependent idx="4">did</dependent>
          </dep>
          <dep type="ccomp">
            <governor idx="2">believe</governor>
            <dependent idx="5">set</dependent>
          </dep>
          <dep type="det">
            <governor idx="7">environment</governor>
            <dependent idx="6">the</dependent>
          </dep>
          <dep type="dobj">
            <governor idx="5">set</governor>
            <dependent idx="7">environment</dependent>
          </dep>
          <dep type="case">
            <governor idx="10">behaviours</governor>
            <dependent idx="8">for</dependent>
          </dep>
          <dep type="amod">
            <governor idx="10">behaviours</governor>
            <dependent idx="9">such</dependent>
          </dep>
          <dep type="nmod:for">
            <governor idx="7">environment</governor>
            <dependent idx="10">behaviours</dependent>
          </dep>
          <dep type="punct">
            <governor idx="2">believe</governor>
            <dependent idx="11">.</dependent>
          </dep>
        </dependencies>
      </sentence>
      <sentence id="34">
        <tokens>
          <token id="1">
            <word>It</word>
            <lemma>it</lemma>
            <CharacterOffsetBegin>3333</CharacterOffsetBegin>
            <CharacterOffsetEnd>3335</CharacterOffsetEnd>
            <POS>PRP</POS>
            <NER>O</NER>
            <Speaker>PER0</Speaker>
          </token>
          <token id="2">
            <word>made</word>
            <lemma>make</lemma>
            <CharacterOffsetBegin>3336</CharacterOffsetBegin>
            <CharacterOffsetEnd>3340</CharacterOffsetEnd>
            <POS>VBD</POS>
            <NER>O</NER>
            <Speaker>PER0</Speaker>
          </token>
          <token id="3">
            <word>me</word>
            <lemma>I</lemma>
            <CharacterOffsetBegin>3341</CharacterOffsetBegin>
            <CharacterOffsetEnd>3343</CharacterOffsetEnd>
            <POS>PRP</POS>
            <NER>O</NER>
            <Speaker>PER0</Speaker>
          </token>
          <token id="4">
            <word>wonder</word>
            <lemma>wonder</lemma>
            <CharacterOffsetBegin>3344</CharacterOffsetBegin>
            <CharacterOffsetEnd>3350</CharacterOffsetEnd>
            <POS>VB</POS>
            <NER>O</NER>
            <Speaker>PER0</Speaker>
          </token>
          <token id="5">
            <word>if</word>
            <lemma>if</lemma>
            <CharacterOffsetBegin>3351</CharacterOffsetBegin>
            <CharacterOffsetEnd>3353</CharacterOffsetEnd>
            <POS>IN</POS>
            <NER>O</NER>
            <Speaker>PER0</Speaker>
          </token>
          <token id="6">
            <word>those</word>
            <lemma>those</lemma>
            <CharacterOffsetBegin>3354</CharacterOffsetBegin>
            <CharacterOffsetEnd>3359</CharacterOffsetEnd>
            <POS>DT</POS>
            <NER>O</NER>
            <Speaker>PER0</Speaker>
          </token>
          <token id="7">
            <word>employees</word>
            <lemma>employee</lemma>
            <CharacterOffsetBegin>3360</CharacterOffsetBegin>
            <CharacterOffsetEnd>3369</CharacterOffsetEnd>
            <POS>NNS</POS>
            <NER>O</NER>
            <Speaker>PER0</Speaker>
          </token>
          <token id="8">
            <word>who</word>
            <lemma>who</lemma>
            <CharacterOffsetBegin>3370</CharacterOffsetBegin>
            <CharacterOffsetEnd>3373</CharacterOffsetEnd>
            <POS>WP</POS>
            <NER>O</NER>
            <Speaker>PER0</Speaker>
          </token>
          <token id="9">
            <word>obtained</word>
            <lemma>obtain</lemma>
            <CharacterOffsetBegin>3374</CharacterOffsetBegin>
            <CharacterOffsetEnd>3382</CharacterOffsetEnd>
            <POS>VBD</POS>
            <NER>O</NER>
            <Speaker>PER0</Speaker>
          </token>
          <token id="10">
            <word>information</word>
            <lemma>information</lemma>
            <CharacterOffsetBegin>3383</CharacterOffsetBegin>
            <CharacterOffsetEnd>3394</CharacterOffsetEnd>
            <POS>NN</POS>
            <NER>O</NER>
            <Speaker>PER0</Speaker>
          </token>
          <token id="11">
            <word>through</word>
            <lemma>through</lemma>
            <CharacterOffsetBegin>3395</CharacterOffsetBegin>
            <CharacterOffsetEnd>3402</CharacterOffsetEnd>
            <POS>IN</POS>
            <NER>O</NER>
            <Speaker>PER0</Speaker>
          </token>
          <token id="12">
            <word>questionable</word>
            <lemma>questionable</lemma>
            <CharacterOffsetBegin>3403</CharacterOffsetBegin>
            <CharacterOffsetEnd>3415</CharacterOffsetEnd>
            <POS>JJ</POS>
            <NER>O</NER>
            <Speaker>PER0</Speaker>
          </token>
          <token id="13">
            <word>practices</word>
            <lemma>practice</lemma>
            <CharacterOffsetBegin>3416</CharacterOffsetBegin>
            <CharacterOffsetEnd>3425</CharacterOffsetEnd>
            <POS>NNS</POS>
            <NER>O</NER>
            <Speaker>PER0</Speaker>
          </token>
          <token id="14">
            <word>were</word>
            <lemma>be</lemma>
            <CharacterOffsetBegin>3426</CharacterOffsetBegin>
            <CharacterOffsetEnd>3430</CharacterOffsetEnd>
            <POS>VBD</POS>
            <NER>O</NER>
            <Speaker>PER0</Speaker>
          </token>
          <token id="15">
            <word>monetarily</word>
            <lemma>monetarily</lemma>
            <CharacterOffsetBegin>3431</CharacterOffsetBegin>
            <CharacterOffsetEnd>3441</CharacterOffsetEnd>
            <POS>RB</POS>
            <NER>O</NER>
            <Speaker>PER0</Speaker>
          </token>
          <token id="16">
            <word>rewarded</word>
            <lemma>reward</lemma>
            <CharacterOffsetBegin>3442</CharacterOffsetBegin>
            <CharacterOffsetEnd>3450</CharacterOffsetEnd>
            <POS>VBN</POS>
            <NER>O</NER>
            <Speaker>PER0</Speaker>
          </token>
          <token id="17">
            <word>?</word>
            <lemma>?</lemma>
            <CharacterOffsetBegin>3450</CharacterOffsetBegin>
            <CharacterOffsetEnd>3451</CharacterOffsetEnd>
            <POS>.</POS>
            <NER>O</NER>
            <Speaker>PER0</Speaker>
          </token>
        </tokens>
        <parse>(ROOT (S (NP (PRP It)) (VP (VBD made) (S (NP (PRP me)) (VP (VB wonder) (SBAR (IN if) (S (NP (NP (DT those) (NNS employees)) (SBAR (WHNP (WP who)) (S (VP (VBD obtained) (NP (NN information)) (PP (IN through) (NP (JJ questionable) (NNS practices))))))) (VP (VBD were) (VP (ADVP (RB monetarily)) (VBN rewarded)))))))) (. ?))) </parse>
        <dependencies type="basic-dependencies">
          <dep type="root">
            <governor idx="0">ROOT</governor>
            <dependent idx="2">made</dependent>
          </dep>
          <dep type="nsubj">
            <governor idx="2">made</governor>
            <dependent idx="1">It</dependent>
          </dep>
          <dep type="nsubj">
            <governor idx="4">wonder</governor>
            <dependent idx="3">me</dependent>
          </dep>
          <dep type="ccomp">
            <governor idx="2">made</governor>
            <dependent idx="4">wonder</dependent>
          </dep>
          <dep type="mark">
            <governor idx="16">rewarded</governor>
            <dependent idx="5">if</dependent>
          </dep>
          <dep type="det">
            <governor idx="7">employees</governor>
            <dependent idx="6">those</dependent>
          </dep>
          <dep type="nsubjpass">
            <governor idx="16">rewarded</governor>
            <dependent idx="7">employees</dependent>
          </dep>
          <dep type="nsubj">
            <governor idx="9">obtained</governor>
            <dependent idx="8">who</dependent>
          </dep>
          <dep type="acl:relcl">
            <governor idx="7">employees</governor>
            <dependent idx="9">obtained</dependent>
          </dep>
          <dep type="dobj">
            <governor idx="9">obtained</governor>
            <dependent idx="10">information</dependent>
          </dep>
          <dep type="case">
            <governor idx="13">practices</governor>
            <dependent idx="11">through</dependent>
          </dep>
          <dep type="amod">
            <governor idx="13">practices</governor>
            <dependent idx="12">questionable</dependent>
          </dep>
          <dep type="nmod">
            <governor idx="9">obtained</governor>
            <dependent idx="13">practices</dependent>
          </dep>
          <dep type="auxpass">
            <governor idx="16">rewarded</governor>
            <dependent idx="14">were</dependent>
          </dep>
          <dep type="advmod">
            <governor idx="16">rewarded</governor>
            <dependent idx="15">monetarily</dependent>
          </dep>
          <dep type="advcl">
            <governor idx="4">wonder</governor>
            <dependent idx="16">rewarded</dependent>
          </dep>
          <dep type="punct">
            <governor idx="2">made</governor>
            <dependent idx="17">?</dependent>
          </dep>
        </dependencies>
        <dependencies type="collapsed-dependencies">
          <dep type="root">
            <governor idx="0">ROOT</governor>
            <dependent idx="2">made</dependent>
          </dep>
          <dep type="nsubj">
            <governor idx="2">made</governor>
            <dependent idx="1">It</dependent>
          </dep>
          <dep type="nsubj">
            <governor idx="4">wonder</governor>
            <dependent idx="3">me</dependent>
          </dep>
          <dep type="ccomp">
            <governor idx="2">made</governor>
            <dependent idx="4">wonder</dependent>
          </dep>
          <dep type="mark">
            <governor idx="16">rewarded</governor>
            <dependent idx="5">if</dependent>
          </dep>
          <dep type="det">
            <governor idx="7">employees</governor>
            <dependent idx="6">those</dependent>
          </dep>
          <dep type="nsubjpass">
            <governor idx="16">rewarded</governor>
            <dependent idx="7">employees</dependent>
          </dep>
          <dep type="nsubj">
            <governor idx="9">obtained</governor>
            <dependent idx="8">who</dependent>
          </dep>
          <dep type="acl:relcl">
            <governor idx="7">employees</governor>
            <dependent idx="9">obtained</dependent>
          </dep>
          <dep type="dobj">
            <governor idx="9">obtained</governor>
            <dependent idx="10">information</dependent>
          </dep>
          <dep type="case">
            <governor idx="13">practices</governor>
            <dependent idx="11">through</dependent>
          </dep>
          <dep type="amod">
            <governor idx="13">practices</governor>
            <dependent idx="12">questionable</dependent>
          </dep>
          <dep type="nmod:through">
            <governor idx="9">obtained</governor>
            <dependent idx="13">practices</dependent>
          </dep>
          <dep type="auxpass">
            <governor idx="16">rewarded</governor>
            <dependent idx="14">were</dependent>
          </dep>
          <dep type="advmod">
            <governor idx="16">rewarded</governor>
            <dependent idx="15">monetarily</dependent>
          </dep>
          <dep type="advcl">
            <governor idx="4">wonder</governor>
            <dependent idx="16">rewarded</dependent>
          </dep>
          <dep type="punct">
            <governor idx="2">made</governor>
            <dependent idx="17">?</dependent>
          </dep>
        </dependencies>
        <dependencies type="collapsed-ccprocessed-dependencies">
          <dep type="root">
            <governor idx="0">ROOT</governor>
            <dependent idx="2">made</dependent>
          </dep>
          <dep type="nsubj">
            <governor idx="2">made</governor>
            <dependent idx="1">It</dependent>
          </dep>
          <dep type="nsubj">
            <governor idx="4">wonder</governor>
            <dependent idx="3">me</dependent>
          </dep>
          <dep type="ccomp">
            <governor idx="2">made</governor>
            <dependent idx="4">wonder</dependent>
          </dep>
          <dep type="mark">
            <governor idx="16">rewarded</governor>
            <dependent idx="5">if</dependent>
          </dep>
          <dep type="det">
            <governor idx="7">employees</governor>
            <dependent idx="6">those</dependent>
          </dep>
          <dep type="nsubjpass">
            <governor idx="16">rewarded</governor>
            <dependent idx="7">employees</dependent>
          </dep>
          <dep type="nsubj">
            <governor idx="9">obtained</governor>
            <dependent idx="8">who</dependent>
          </dep>
          <dep type="acl:relcl">
            <governor idx="7">employees</governor>
            <dependent idx="9">obtained</dependent>
          </dep>
          <dep type="dobj">
            <governor idx="9">obtained</governor>
            <dependent idx="10">information</dependent>
          </dep>
          <dep type="case">
            <governor idx="13">practices</governor>
            <dependent idx="11">through</dependent>
          </dep>
          <dep type="amod">
            <governor idx="13">practices</governor>
            <dependent idx="12">questionable</dependent>
          </dep>
          <dep type="nmod:through">
            <governor idx="9">obtained</governor>
            <dependent idx="13">practices</dependent>
          </dep>
          <dep type="auxpass">
            <governor idx="16">rewarded</governor>
            <dependent idx="14">were</dependent>
          </dep>
          <dep type="advmod">
            <governor idx="16">rewarded</governor>
            <dependent idx="15">monetarily</dependent>
          </dep>
          <dep type="advcl">
            <governor idx="4">wonder</governor>
            <dependent idx="16">rewarded</dependent>
          </dep>
          <dep type="punct">
            <governor idx="2">made</governor>
            <dependent idx="17">?</dependent>
          </dep>
        </dependencies>
      </sentence>
      <sentence id="35">
        <tokens>
          <token id="1">
            <word>Did</word>
            <lemma>do</lemma>
            <CharacterOffsetBegin>3452</CharacterOffsetBegin>
            <CharacterOffsetEnd>3455</CharacterOffsetEnd>
            <POS>VBD</POS>
            <NER>O</NER>
            <Speaker>PER0</Speaker>
          </token>
          <token id="2">
            <word>the</word>
            <lemma>the</lemma>
            <CharacterOffsetBegin>3456</CharacterOffsetBegin>
            <CharacterOffsetEnd>3459</CharacterOffsetEnd>
            <POS>DT</POS>
            <NER>O</NER>
            <Speaker>PER0</Speaker>
          </token>
          <token id="3">
            <word>organisational</word>
            <lemma>organisational</lemma>
            <CharacterOffsetBegin>3460</CharacterOffsetBegin>
            <CharacterOffsetEnd>3474</CharacterOffsetEnd>
            <POS>JJ</POS>
            <NER>O</NER>
            <Speaker>PER0</Speaker>
          </token>
          <token id="4">
            <word>system</word>
            <lemma>system</lemma>
            <CharacterOffsetBegin>3475</CharacterOffsetBegin>
            <CharacterOffsetEnd>3481</CharacterOffsetEnd>
            <POS>NN</POS>
            <NER>O</NER>
            <Speaker>PER0</Speaker>
          </token>
          <token id="5">
            <word>tacitly</word>
            <lemma>tacitly</lemma>
            <CharacterOffsetBegin>3482</CharacterOffsetBegin>
            <CharacterOffsetEnd>3489</CharacterOffsetEnd>
            <POS>RB</POS>
            <NER>O</NER>
            <Speaker>PER0</Speaker>
          </token>
          <token id="6">
            <word>condition</word>
            <lemma>condition</lemma>
            <CharacterOffsetBegin>3490</CharacterOffsetBegin>
            <CharacterOffsetEnd>3499</CharacterOffsetEnd>
            <POS>NN</POS>
            <NER>O</NER>
            <Speaker>PER0</Speaker>
          </token>
          <token id="7">
            <word>these</word>
            <lemma>these</lemma>
            <CharacterOffsetBegin>3500</CharacterOffsetBegin>
            <CharacterOffsetEnd>3505</CharacterOffsetEnd>
            <POS>DT</POS>
            <NER>O</NER>
            <Speaker>PER0</Speaker>
          </token>
          <token id="8">
            <word>unethical</word>
            <lemma>unethical</lemma>
            <CharacterOffsetBegin>3506</CharacterOffsetBegin>
            <CharacterOffsetEnd>3515</CharacterOffsetEnd>
            <POS>JJ</POS>
            <NER>O</NER>
            <Speaker>PER0</Speaker>
          </token>
          <token id="9">
            <word>behaviours</word>
            <lemma>behaviour</lemma>
            <CharacterOffsetBegin>3516</CharacterOffsetBegin>
            <CharacterOffsetEnd>3526</CharacterOffsetEnd>
            <POS>NNS</POS>
            <NER>O</NER>
            <Speaker>PER0</Speaker>
          </token>
          <token id="10">
            <word>?</word>
            <lemma>?</lemma>
            <CharacterOffsetBegin>3526</CharacterOffsetBegin>
            <CharacterOffsetEnd>3527</CharacterOffsetEnd>
            <POS>.</POS>
            <NER>O</NER>
            <Speaker>PER0</Speaker>
          </token>
        </tokens>
        <parse>(ROOT (S (VP (VBD Did) (NP (NP (DT the) (JJ organisational) (NN system)) (ADVP (RB tacitly))) (NP-TMP (NP (NN condition)) (NP (DT these) (JJ unethical) (NNS behaviours)))) (. ?))) </parse>
        <dependencies type="basic-dependencies">
          <dep type="root">
            <governor idx="0">ROOT</governor>
            <dependent idx="1">Did</dependent>
          </dep>
          <dep type="det">
            <governor idx="4">system</governor>
            <dependent idx="2">the</dependent>
          </dep>
          <dep type="amod">
            <governor idx="4">system</governor>
            <dependent idx="3">organisational</dependent>
          </dep>
          <dep type="dobj">
            <governor idx="1">Did</governor>
            <dependent idx="4">system</dependent>
          </dep>
          <dep type="advmod">
            <governor idx="4">system</governor>
            <dependent idx="5">tacitly</dependent>
          </dep>
          <dep type="nmod:tmod">
            <governor idx="1">Did</governor>
            <dependent idx="6">condition</dependent>
          </dep>
          <dep type="det">
            <governor idx="9">behaviours</governor>
            <dependent idx="7">these</dependent>
          </dep>
          <dep type="amod">
            <governor idx="9">behaviours</governor>
            <dependent idx="8">unethical</dependent>
          </dep>
          <dep type="dep">
            <governor idx="6">condition</governor>
            <dependent idx="9">behaviours</dependent>
          </dep>
          <dep type="punct">
            <governor idx="1">Did</governor>
            <dependent idx="10">?</dependent>
          </dep>
        </dependencies>
        <dependencies type="collapsed-dependencies">
          <dep type="root">
            <governor idx="0">ROOT</governor>
            <dependent idx="1">Did</dependent>
          </dep>
          <dep type="det">
            <governor idx="4">system</governor>
            <dependent idx="2">the</dependent>
          </dep>
          <dep type="amod">
            <governor idx="4">system</governor>
            <dependent idx="3">organisational</dependent>
          </dep>
          <dep type="dobj">
            <governor idx="1">Did</governor>
            <dependent idx="4">system</dependent>
          </dep>
          <dep type="advmod">
            <governor idx="4">system</governor>
            <dependent idx="5">tacitly</dependent>
          </dep>
          <dep type="nmod:tmod">
            <governor idx="1">Did</governor>
            <dependent idx="6">condition</dependent>
          </dep>
          <dep type="det">
            <governor idx="9">behaviours</governor>
            <dependent idx="7">these</dependent>
          </dep>
          <dep type="amod">
            <governor idx="9">behaviours</governor>
            <dependent idx="8">unethical</dependent>
          </dep>
          <dep type="dep">
            <governor idx="6">condition</governor>
            <dependent idx="9">behaviours</dependent>
          </dep>
          <dep type="punct">
            <governor idx="1">Did</governor>
            <dependent idx="10">?</dependent>
          </dep>
        </dependencies>
        <dependencies type="collapsed-ccprocessed-dependencies">
          <dep type="root">
            <governor idx="0">ROOT</governor>
            <dependent idx="1">Did</dependent>
          </dep>
          <dep type="det">
            <governor idx="4">system</governor>
            <dependent idx="2">the</dependent>
          </dep>
          <dep type="amod">
            <governor idx="4">system</governor>
            <dependent idx="3">organisational</dependent>
          </dep>
          <dep type="dobj">
            <governor idx="1">Did</governor>
            <dependent idx="4">system</dependent>
          </dep>
          <dep type="advmod">
            <governor idx="4">system</governor>
            <dependent idx="5">tacitly</dependent>
          </dep>
          <dep type="nmod:tmod">
            <governor idx="1">Did</governor>
            <dependent idx="6">condition</dependent>
          </dep>
          <dep type="det">
            <governor idx="9">behaviours</governor>
            <dependent idx="7">these</dependent>
          </dep>
          <dep type="amod">
            <governor idx="9">behaviours</governor>
            <dependent idx="8">unethical</dependent>
          </dep>
          <dep type="dep">
            <governor idx="6">condition</governor>
            <dependent idx="9">behaviours</dependent>
          </dep>
          <dep type="punct">
            <governor idx="1">Did</governor>
            <dependent idx="10">?</dependent>
          </dep>
        </dependencies>
      </sentence>
      <sentence id="36">
        <tokens>
          <token id="1">
            <word>Now</word>
            <lemma>now</lemma>
            <CharacterOffsetBegin>3528</CharacterOffsetBegin>
            <CharacterOffsetEnd>3531</CharacterOffsetEnd>
            <POS>RB</POS>
            <NER>DATE</NER>
            <NormalizedNER>PRESENT_REF</NormalizedNER>
            <Speaker>PER0</Speaker>
            <Timex tid="t4" type="DATE">PRESENT_REF</Timex>
          </token>
          <token id="2">
            <word>Murdoch</word>
            <lemma>Murdoch</lemma>
            <CharacterOffsetBegin>3532</CharacterOffsetBegin>
            <CharacterOffsetEnd>3539</CharacterOffsetEnd>
            <POS>NNP</POS>
            <NER>PERSON</NER>
            <Speaker>PER0</Speaker>
          </token>
          <token id="3">
            <word>has</word>
            <lemma>have</lemma>
            <CharacterOffsetBegin>3540</CharacterOffsetBegin>
            <CharacterOffsetEnd>3543</CharacterOffsetEnd>
            <POS>VBZ</POS>
            <NER>O</NER>
            <Speaker>PER0</Speaker>
          </token>
          <token id="4">
            <word>changed</word>
            <lemma>change</lemma>
            <CharacterOffsetBegin>3544</CharacterOffsetBegin>
            <CharacterOffsetEnd>3551</CharacterOffsetEnd>
            <POS>VBN</POS>
            <NER>O</NER>
            <Speaker>PER0</Speaker>
          </token>
          <token id="5">
            <word>his</word>
            <lemma>he</lemma>
            <CharacterOffsetBegin>3552</CharacterOffsetBegin>
            <CharacterOffsetEnd>3555</CharacterOffsetEnd>
            <POS>PRP$</POS>
            <NER>O</NER>
            <Speaker>PER0</Speaker>
          </token>
          <token id="6">
            <word>ethos</word>
            <lemma>ethos</lemma>
            <CharacterOffsetBegin>3556</CharacterOffsetBegin>
            <CharacterOffsetEnd>3561</CharacterOffsetEnd>
            <POS>NN</POS>
            <NER>O</NER>
            <Speaker>PER0</Speaker>
          </token>
          <token id="7">
            <word>to</word>
            <lemma>to</lemma>
            <CharacterOffsetBegin>3562</CharacterOffsetBegin>
            <CharacterOffsetEnd>3564</CharacterOffsetEnd>
            <POS>TO</POS>
            <NER>O</NER>
            <Speaker>PER0</Speaker>
          </token>
          <token id="8">
            <word>ethically</word>
            <lemma>ethically</lemma>
            <CharacterOffsetBegin>3565</CharacterOffsetBegin>
            <CharacterOffsetEnd>3574</CharacterOffsetEnd>
            <POS>RB</POS>
            <NER>O</NER>
            <Speaker>PER0</Speaker>
          </token>
          <token id="9">
            <word>``</word>
            <lemma>``</lemma>
            <CharacterOffsetBegin>3575</CharacterOffsetBegin>
            <CharacterOffsetEnd>3576</CharacterOffsetEnd>
            <POS>``</POS>
            <NER>O</NER>
          </token>
          <token id="10">
            <word>do-whatever-it-takes-to-win-attitude</word>
            <lemma>do-whatever-it-takes-to-win-attitude</lemma>
            <CharacterOffsetBegin>3576</CharacterOffsetBegin>
            <CharacterOffsetEnd>3612</CharacterOffsetEnd>
            <POS>NN</POS>
            <NER>O</NER>
            <Speaker>PER5</Speaker>
          </token>
          <token id="11">
            <word>''</word>
            <lemma>''</lemma>
            <CharacterOffsetBegin>3612</CharacterOffsetBegin>
            <CharacterOffsetEnd>3613</CharacterOffsetEnd>
            <POS>''</POS>
            <NER>O</NER>
            <Speaker>PER0</Speaker>
          </token>
          <token id="12">
            <word>by</word>
            <lemma>by</lemma>
            <CharacterOffsetBegin>3614</CharacterOffsetBegin>
            <CharacterOffsetEnd>3616</CharacterOffsetEnd>
            <POS>IN</POS>
            <NER>O</NER>
            <Speaker>PER0</Speaker>
          </token>
          <token id="13">
            <word>implementing</word>
            <lemma>implement</lemma>
            <CharacterOffsetBegin>3617</CharacterOffsetBegin>
            <CharacterOffsetEnd>3629</CharacterOffsetEnd>
            <POS>VBG</POS>
            <NER>O</NER>
            <Speaker>PER0</Speaker>
          </token>
          <token id="14">
            <word>a</word>
            <lemma>a</lemma>
            <CharacterOffsetBegin>3630</CharacterOffsetBegin>
            <CharacterOffsetEnd>3631</CharacterOffsetEnd>
            <POS>DT</POS>
            <NER>O</NER>
            <Speaker>PER0</Speaker>
          </token>
          <token id="15">
            <word>Code</word>
            <lemma>Code</lemma>
            <CharacterOffsetBegin>3632</CharacterOffsetBegin>
            <CharacterOffsetEnd>3636</CharacterOffsetEnd>
            <POS>NNP</POS>
            <NER>O</NER>
            <Speaker>PER0</Speaker>
          </token>
          <token id="16">
            <word>of</word>
            <lemma>of</lemma>
            <CharacterOffsetBegin>3637</CharacterOffsetBegin>
            <CharacterOffsetEnd>3639</CharacterOffsetEnd>
            <POS>IN</POS>
            <NER>O</NER>
            <Speaker>PER0</Speaker>
          </token>
          <token id="17">
            <word>Ethics</word>
            <lemma>Ethics</lemma>
            <CharacterOffsetBegin>3640</CharacterOffsetBegin>
            <CharacterOffsetEnd>3646</CharacterOffsetEnd>
            <POS>NNPS</POS>
            <NER>O</NER>
            <Speaker>PER0</Speaker>
          </token>
          <token id="18">
            <word>.</word>
            <lemma>.</lemma>
            <CharacterOffsetBegin>3646</CharacterOffsetBegin>
            <CharacterOffsetEnd>3647</CharacterOffsetEnd>
            <POS>.</POS>
            <NER>O</NER>
            <Speaker>PER0</Speaker>
          </token>
        </tokens>
        <parse>(ROOT (S (ADVP (RB Now)) (NP (NNP Murdoch)) (VP (VBZ has) (VP (VBN changed) (NP (PRP$ his) (NN ethos)) (PP (TO to) (ADVP (RB ethically))) (S (NP (NP (`` ``) (NN do-whatever-it-takes-to-win-attitude) ('' '')) (PP (IN by) (S (VP (VBG implementing) (NP (NP (DT a) (NNP Code)) (PP (IN of) (NP (NNPS Ethics))))))))))) (. .))) </parse>
        <dependencies type="basic-dependencies">
          <dep type="root">
            <governor idx="0">ROOT</governor>
            <dependent idx="4">changed</dependent>
          </dep>
          <dep type="advmod">
            <governor idx="4">changed</governor>
            <dependent idx="1">Now</dependent>
          </dep>
          <dep type="nsubj">
            <governor idx="4">changed</governor>
            <dependent idx="2">Murdoch</dependent>
          </dep>
          <dep type="aux">
            <governor idx="4">changed</governor>
            <dependent idx="3">has</dependent>
          </dep>
          <dep type="nmod:poss">
            <governor idx="6">ethos</governor>
            <dependent idx="5">his</dependent>
          </dep>
          <dep type="dobj">
            <governor idx="4">changed</governor>
            <dependent idx="6">ethos</dependent>
          </dep>
          <dep type="case">
            <governor idx="8">ethically</governor>
            <dependent idx="7">to</dependent>
          </dep>
          <dep type="advcl">
            <governor idx="4">changed</governor>
            <dependent idx="8">ethically</dependent>
          </dep>
          <dep type="punct">
            <governor idx="10">do-whatever-it-takes-to-win-attitude</governor>
            <dependent idx="9">``</dependent>
          </dep>
          <dep type="xcomp">
            <governor idx="4">changed</governor>
            <dependent idx="10">do-whatever-it-takes-to-win-attitude</dependent>
          </dep>
          <dep type="punct">
            <governor idx="10">do-whatever-it-takes-to-win-attitude</governor>
            <dependent idx="11">''</dependent>
          </dep>
          <dep type="mark">
            <governor idx="13">implementing</governor>
            <dependent idx="12">by</dependent>
          </dep>
          <dep type="acl">
            <governor idx="10">do-whatever-it-takes-to-win-attitude</governor>
            <dependent idx="13">implementing</dependent>
          </dep>
          <dep type="det">
            <governor idx="15">Code</governor>
            <dependent idx="14">a</dependent>
          </dep>
          <dep type="dobj">
            <governor idx="13">implementing</governor>
            <dependent idx="15">Code</dependent>
          </dep>
          <dep type="case">
            <governor idx="17">Ethics</governor>
            <dependent idx="16">of</dependent>
          </dep>
          <dep type="nmod">
            <governor idx="15">Code</governor>
            <dependent idx="17">Ethics</dependent>
          </dep>
          <dep type="punct">
            <governor idx="4">changed</governor>
            <dependent idx="18">.</dependent>
          </dep>
        </dependencies>
        <dependencies type="collapsed-dependencies">
          <dep type="root">
            <governor idx="0">ROOT</governor>
            <dependent idx="4">changed</dependent>
          </dep>
          <dep type="advmod">
            <governor idx="4">changed</governor>
            <dependent idx="1">Now</dependent>
          </dep>
          <dep type="nsubj">
            <governor idx="4">changed</governor>
            <dependent idx="2">Murdoch</dependent>
          </dep>
          <dep type="aux">
            <governor idx="4">changed</governor>
            <dependent idx="3">has</dependent>
          </dep>
          <dep type="nmod:poss">
            <governor idx="6">ethos</governor>
            <dependent idx="5">his</dependent>
          </dep>
          <dep type="dobj">
            <governor idx="4">changed</governor>
            <dependent idx="6">ethos</dependent>
          </dep>
          <dep type="case">
            <governor idx="8">ethically</governor>
            <dependent idx="7">to</dependent>
          </dep>
          <dep type="advcl:to">
            <governor idx="4">changed</governor>
            <dependent idx="8">ethically</dependent>
          </dep>
          <dep type="punct">
            <governor idx="10">do-whatever-it-takes-to-win-attitude</governor>
            <dependent idx="9">``</dependent>
          </dep>
          <dep type="xcomp">
            <governor idx="4">changed</governor>
            <dependent idx="10">do-whatever-it-takes-to-win-attitude</dependent>
          </dep>
          <dep type="punct">
            <governor idx="10">do-whatever-it-takes-to-win-attitude</governor>
            <dependent idx="11">''</dependent>
          </dep>
          <dep type="mark">
            <governor idx="13">implementing</governor>
            <dependent idx="12">by</dependent>
          </dep>
          <dep type="acl">
            <governor idx="10">do-whatever-it-takes-to-win-attitude</governor>
            <dependent idx="13">implementing</dependent>
          </dep>
          <dep type="det">
            <governor idx="15">Code</governor>
            <dependent idx="14">a</dependent>
          </dep>
          <dep type="dobj">
            <governor idx="13">implementing</governor>
            <dependent idx="15">Code</dependent>
          </dep>
          <dep type="case">
            <governor idx="17">Ethics</governor>
            <dependent idx="16">of</dependent>
          </dep>
          <dep type="nmod:of">
            <governor idx="15">Code</governor>
            <dependent idx="17">Ethics</dependent>
          </dep>
          <dep type="punct">
            <governor idx="4">changed</governor>
            <dependent idx="18">.</dependent>
          </dep>
        </dependencies>
        <dependencies type="collapsed-ccprocessed-dependencies">
          <dep type="root">
            <governor idx="0">ROOT</governor>
            <dependent idx="4">changed</dependent>
          </dep>
          <dep type="advmod">
            <governor idx="4">changed</governor>
            <dependent idx="1">Now</dependent>
          </dep>
          <dep type="nsubj">
            <governor idx="4">changed</governor>
            <dependent idx="2">Murdoch</dependent>
          </dep>
          <dep type="aux">
            <governor idx="4">changed</governor>
            <dependent idx="3">has</dependent>
          </dep>
          <dep type="nmod:poss">
            <governor idx="6">ethos</governor>
            <dependent idx="5">his</dependent>
          </dep>
          <dep type="dobj">
            <governor idx="4">changed</governor>
            <dependent idx="6">ethos</dependent>
          </dep>
          <dep type="case">
            <governor idx="8">ethically</governor>
            <dependent idx="7">to</dependent>
          </dep>
          <dep type="advcl:to">
            <governor idx="4">changed</governor>
            <dependent idx="8">ethically</dependent>
          </dep>
          <dep type="punct">
            <governor idx="10">do-whatever-it-takes-to-win-attitude</governor>
            <dependent idx="9">``</dependent>
          </dep>
          <dep type="xcomp">
            <governor idx="4">changed</governor>
            <dependent idx="10">do-whatever-it-takes-to-win-attitude</dependent>
          </dep>
          <dep type="punct">
            <governor idx="10">do-whatever-it-takes-to-win-attitude</governor>
            <dependent idx="11">''</dependent>
          </dep>
          <dep type="mark">
            <governor idx="13">implementing</governor>
            <dependent idx="12">by</dependent>
          </dep>
          <dep type="acl">
            <governor idx="10">do-whatever-it-takes-to-win-attitude</governor>
            <dependent idx="13">implementing</dependent>
          </dep>
          <dep type="det">
            <governor idx="15">Code</governor>
            <dependent idx="14">a</dependent>
          </dep>
          <dep type="dobj">
            <governor idx="13">implementing</governor>
            <dependent idx="15">Code</dependent>
          </dep>
          <dep type="case">
            <governor idx="17">Ethics</governor>
            <dependent idx="16">of</dependent>
          </dep>
          <dep type="nmod:of">
            <governor idx="15">Code</governor>
            <dependent idx="17">Ethics</dependent>
          </dep>
          <dep type="punct">
            <governor idx="4">changed</governor>
            <dependent idx="18">.</dependent>
          </dep>
        </dependencies>
      </sentence>
      <sentence id="37">
        <tokens>
          <token id="1">
            <word>It</word>
            <lemma>it</lemma>
            <CharacterOffsetBegin>3648</CharacterOffsetBegin>
            <CharacterOffsetEnd>3650</CharacterOffsetEnd>
            <POS>PRP</POS>
            <NER>O</NER>
            <Speaker>PER0</Speaker>
          </token>
          <token id="2">
            <word>made</word>
            <lemma>make</lemma>
            <CharacterOffsetBegin>3651</CharacterOffsetBegin>
            <CharacterOffsetEnd>3655</CharacterOffsetEnd>
            <POS>VBD</POS>
            <NER>O</NER>
            <Speaker>PER0</Speaker>
          </token>
          <token id="3">
            <word>me</word>
            <lemma>I</lemma>
            <CharacterOffsetBegin>3656</CharacterOffsetBegin>
            <CharacterOffsetEnd>3658</CharacterOffsetEnd>
            <POS>PRP</POS>
            <NER>O</NER>
            <Speaker>PER0</Speaker>
          </token>
          <token id="4">
            <word>wonder</word>
            <lemma>wonder</lemma>
            <CharacterOffsetBegin>3659</CharacterOffsetBegin>
            <CharacterOffsetEnd>3665</CharacterOffsetEnd>
            <POS>VB</POS>
            <NER>O</NER>
            <Speaker>PER0</Speaker>
          </token>
          <token id="5">
            <word>does</word>
            <lemma>do</lemma>
            <CharacterOffsetBegin>3666</CharacterOffsetBegin>
            <CharacterOffsetEnd>3670</CharacterOffsetEnd>
            <POS>VBZ</POS>
            <NER>O</NER>
            <Speaker>PER0</Speaker>
          </token>
          <token id="6">
            <word>Murdoch</word>
            <lemma>Murdoch</lemma>
            <CharacterOffsetBegin>3671</CharacterOffsetBegin>
            <CharacterOffsetEnd>3678</CharacterOffsetEnd>
            <POS>NNP</POS>
            <NER>PERSON</NER>
            <Speaker>PER0</Speaker>
          </token>
          <token id="7">
            <word>now</word>
            <lemma>now</lemma>
            <CharacterOffsetBegin>3679</CharacterOffsetBegin>
            <CharacterOffsetEnd>3682</CharacterOffsetEnd>
            <POS>RB</POS>
            <NER>DATE</NER>
            <NormalizedNER>PRESENT_REF</NormalizedNER>
            <Speaker>PER0</Speaker>
            <Timex tid="t5" type="DATE">PRESENT_REF</Timex>
          </token>
          <token id="8">
            <word>`</word>
            <lemma>`</lemma>
            <CharacterOffsetBegin>3683</CharacterOffsetBegin>
            <CharacterOffsetEnd>3684</CharacterOffsetEnd>
            <POS>``</POS>
            <NER>O</NER>
            <Speaker>PER0</Speaker>
          </token>
          <token id="9">
            <word>walk</word>
            <lemma>walk</lemma>
            <CharacterOffsetBegin>3684</CharacterOffsetBegin>
            <CharacterOffsetEnd>3688</CharacterOffsetEnd>
            <POS>VB</POS>
            <NER>O</NER>
            <Speaker>PER0</Speaker>
          </token>
          <token id="10">
            <word>the</word>
            <lemma>the</lemma>
            <CharacterOffsetBegin>3689</CharacterOffsetBegin>
            <CharacterOffsetEnd>3692</CharacterOffsetEnd>
            <POS>DT</POS>
            <NER>O</NER>
            <Speaker>PER0</Speaker>
          </token>
          <token id="11">
            <word>Code</word>
            <lemma>Code</lemma>
            <CharacterOffsetBegin>3693</CharacterOffsetBegin>
            <CharacterOffsetEnd>3697</CharacterOffsetEnd>
            <POS>NNP</POS>
            <NER>MISC</NER>
            <Speaker>PER0</Speaker>
          </token>
          <token id="12">
            <word>of</word>
            <lemma>of</lemma>
            <CharacterOffsetBegin>3698</CharacterOffsetBegin>
            <CharacterOffsetEnd>3700</CharacterOffsetEnd>
            <POS>IN</POS>
            <NER>MISC</NER>
            <Speaker>PER0</Speaker>
          </token>
          <token id="13">
            <word>Ethics</word>
            <lemma>Ethics</lemma>
            <CharacterOffsetBegin>3701</CharacterOffsetBegin>
            <CharacterOffsetEnd>3707</CharacterOffsetEnd>
            <POS>NNPS</POS>
            <NER>MISC</NER>
            <Speaker>PER0</Speaker>
          </token>
          <token id="14">
            <word>talk</word>
            <lemma>talk</lemma>
            <CharacterOffsetBegin>3708</CharacterOffsetBegin>
            <CharacterOffsetEnd>3712</CharacterOffsetEnd>
            <POS>VBP</POS>
            <NER>O</NER>
            <Speaker>PER0</Speaker>
          </token>
          <token id="15">
            <word>'</word>
            <lemma>'</lemma>
            <CharacterOffsetBegin>3712</CharacterOffsetBegin>
            <CharacterOffsetEnd>3713</CharacterOffsetEnd>
            <POS>''</POS>
            <NER>O</NER>
            <Speaker>PER0</Speaker>
          </token>
          <token id="16">
            <word>or</word>
            <lemma>or</lemma>
            <CharacterOffsetBegin>3714</CharacterOffsetBegin>
            <CharacterOffsetEnd>3716</CharacterOffsetEnd>
            <POS>CC</POS>
            <NER>O</NER>
            <Speaker>PER0</Speaker>
          </token>
          <token id="17">
            <word>is</word>
            <lemma>be</lemma>
            <CharacterOffsetBegin>3717</CharacterOffsetBegin>
            <CharacterOffsetEnd>3719</CharacterOffsetEnd>
            <POS>VBZ</POS>
            <NER>O</NER>
            <Speaker>PER0</Speaker>
          </token>
          <token id="18">
            <word>this</word>
            <lemma>this</lemma>
            <CharacterOffsetBegin>3720</CharacterOffsetBegin>
            <CharacterOffsetEnd>3724</CharacterOffsetEnd>
            <POS>DT</POS>
            <NER>O</NER>
            <Speaker>PER0</Speaker>
          </token>
          <token id="19">
            <word>considered</word>
            <lemma>consider</lemma>
            <CharacterOffsetBegin>3725</CharacterOffsetBegin>
            <CharacterOffsetEnd>3735</CharacterOffsetEnd>
            <POS>VBN</POS>
            <NER>O</NER>
            <Speaker>PER0</Speaker>
          </token>
          <token id="20">
            <word>lip</word>
            <lemma>lip</lemma>
            <CharacterOffsetBegin>3736</CharacterOffsetBegin>
            <CharacterOffsetEnd>3739</CharacterOffsetEnd>
            <POS>NN</POS>
            <NER>O</NER>
            <Speaker>PER0</Speaker>
          </token>
          <token id="21">
            <word>service</word>
            <lemma>service</lemma>
            <CharacterOffsetBegin>3740</CharacterOffsetBegin>
            <CharacterOffsetEnd>3747</CharacterOffsetEnd>
            <POS>NN</POS>
            <NER>O</NER>
            <Speaker>PER0</Speaker>
          </token>
          <token id="22">
            <word>to</word>
            <lemma>to</lemma>
            <CharacterOffsetBegin>3748</CharacterOffsetBegin>
            <CharacterOffsetEnd>3750</CharacterOffsetEnd>
            <POS>TO</POS>
            <NER>O</NER>
            <Speaker>PER0</Speaker>
          </token>
          <token id="23">
            <word>keep</word>
            <lemma>keep</lemma>
            <CharacterOffsetBegin>3751</CharacterOffsetBegin>
            <CharacterOffsetEnd>3755</CharacterOffsetEnd>
            <POS>VB</POS>
            <NER>O</NER>
            <Speaker>PER0</Speaker>
          </token>
          <token id="24">
            <word>the</word>
            <lemma>the</lemma>
            <CharacterOffsetBegin>3756</CharacterOffsetBegin>
            <CharacterOffsetEnd>3759</CharacterOffsetEnd>
            <POS>DT</POS>
            <NER>O</NER>
            <Speaker>PER0</Speaker>
          </token>
          <token id="25">
            <word>public</word>
            <lemma>public</lemma>
            <CharacterOffsetBegin>3760</CharacterOffsetBegin>
            <CharacterOffsetEnd>3766</CharacterOffsetEnd>
            <POS>JJ</POS>
            <NER>O</NER>
            <Speaker>PER0</Speaker>
          </token>
          <token id="26">
            <word>satisfied</word>
            <lemma>satisfied</lemma>
            <CharacterOffsetBegin>3767</CharacterOffsetBegin>
            <CharacterOffsetEnd>3776</CharacterOffsetEnd>
            <POS>JJ</POS>
            <NER>O</NER>
            <Speaker>PER0</Speaker>
          </token>
          <token id="27">
            <word>?</word>
            <lemma>?</lemma>
            <CharacterOffsetBegin>3776</CharacterOffsetBegin>
            <CharacterOffsetEnd>3777</CharacterOffsetEnd>
            <POS>.</POS>
            <NER>O</NER>
            <Speaker>PER0</Speaker>
          </token>
        </tokens>
        <parse>(ROOT (S (NP (PRP It)) (VP (VP (VBD made) (S (NP (PRP me)) (VP (VB wonder) (SBAR (S (VP (VBZ does) (SBAR (S (NP (NNP Murdoch)) (ADVP (RB now)) (VP (`` `) (VB walk) (S (NP (NP (DT the) (NNP Code)) (PP (IN of) (NP (NNPS Ethics)))) (VP (VBP talk)))))))))))) ('' ') (CC or) (VP (VBZ is) (NP (NP (DT this)) (VP (VBN considered) (NP (NN lip) (NN service)) (S (VP (TO to) (VP (VB keep) (S (NP (DT the) (JJ public)) (ADJP (JJ satisfied)))))))))) (. ?))) </parse>
        <dependencies type="basic-dependencies">
          <dep type="root">
            <governor idx="0">ROOT</governor>
            <dependent idx="2">made</dependent>
          </dep>
          <dep type="nsubj">
            <governor idx="2">made</governor>
            <dependent idx="1">It</dependent>
          </dep>
          <dep type="nsubj">
            <governor idx="4">wonder</governor>
            <dependent idx="3">me</dependent>
          </dep>
          <dep type="ccomp">
            <governor idx="2">made</governor>
            <dependent idx="4">wonder</dependent>
          </dep>
          <dep type="ccomp">
            <governor idx="4">wonder</governor>
            <dependent idx="5">does</dependent>
          </dep>
          <dep type="nsubj">
            <governor idx="9">walk</governor>
            <dependent idx="6">Murdoch</dependent>
          </dep>
          <dep type="advmod">
            <governor idx="9">walk</governor>
            <dependent idx="7">now</dependent>
          </dep>
          <dep type="punct">
            <governor idx="9">walk</governor>
            <dependent idx="8">`</dependent>
          </dep>
          <dep type="ccomp">
            <governor idx="5">does</governor>
            <dependent idx="9">walk</dependent>
          </dep>
          <dep type="det">
            <governor idx="11">Code</governor>
            <dependent idx="10">the</dependent>
          </dep>
          <dep type="nsubj">
            <governor idx="14">talk</governor>
            <dependent idx="11">Code</dependent>
          </dep>
          <dep type="case">
            <governor idx="13">Ethics</governor>
            <dependent idx="12">of</dependent>
          </dep>
          <dep type="nmod">
            <governor idx="11">Code</governor>
            <dependent idx="13">Ethics</dependent>
          </dep>
          <dep type="ccomp">
            <governor idx="9">walk</governor>
            <dependent idx="14">talk</dependent>
          </dep>
          <dep type="punct">
            <governor idx="2">made</governor>
            <dependent idx="15">'</dependent>
          </dep>
          <dep type="cc">
            <governor idx="2">made</governor>
            <dependent idx="16">or</dependent>
          </dep>
          <dep type="cop">
            <governor idx="18">this</governor>
            <dependent idx="17">is</dependent>
          </dep>
          <dep type="conj">
            <governor idx="2">made</governor>
            <dependent idx="18">this</dependent>
          </dep>
          <dep type="acl">
            <governor idx="18">this</governor>
            <dependent idx="19">considered</dependent>
          </dep>
          <dep type="compound">
            <governor idx="21">service</governor>
            <dependent idx="20">lip</dependent>
          </dep>
          <dep type="dobj">
            <governor idx="19">considered</governor>
            <dependent idx="21">service</dependent>
          </dep>
          <dep type="mark">
            <governor idx="23">keep</governor>
            <dependent idx="22">to</dependent>
          </dep>
          <dep type="advcl">
            <governor idx="19">considered</governor>
            <dependent idx="23">keep</dependent>
          </dep>
          <dep type="det">
            <governor idx="25">public</governor>
            <dependent idx="24">the</dependent>
          </dep>
          <dep type="nsubj">
            <governor idx="26">satisfied</governor>
            <dependent idx="25">public</dependent>
          </dep>
          <dep type="xcomp">
            <governor idx="23">keep</governor>
            <dependent idx="26">satisfied</dependent>
          </dep>
          <dep type="punct">
            <governor idx="2">made</governor>
            <dependent idx="27">?</dependent>
          </dep>
        </dependencies>
        <dependencies type="collapsed-dependencies">
          <dep type="root">
            <governor idx="0">ROOT</governor>
            <dependent idx="2">made</dependent>
          </dep>
          <dep type="nsubj">
            <governor idx="2">made</governor>
            <dependent idx="1">It</dependent>
          </dep>
          <dep type="nsubj">
            <governor idx="4">wonder</governor>
            <dependent idx="3">me</dependent>
          </dep>
          <dep type="ccomp">
            <governor idx="2">made</governor>
            <dependent idx="4">wonder</dependent>
          </dep>
          <dep type="ccomp">
            <governor idx="4">wonder</governor>
            <dependent idx="5">does</dependent>
          </dep>
          <dep type="nsubj">
            <governor idx="9">walk</governor>
            <dependent idx="6">Murdoch</dependent>
          </dep>
          <dep type="advmod">
            <governor idx="9">walk</governor>
            <dependent idx="7">now</dependent>
          </dep>
          <dep type="punct">
            <governor idx="9">walk</governor>
            <dependent idx="8">`</dependent>
          </dep>
          <dep type="ccomp">
            <governor idx="5">does</governor>
            <dependent idx="9">walk</dependent>
          </dep>
          <dep type="det">
            <governor idx="11">Code</governor>
            <dependent idx="10">the</dependent>
          </dep>
          <dep type="nsubj">
            <governor idx="14">talk</governor>
            <dependent idx="11">Code</dependent>
          </dep>
          <dep type="case">
            <governor idx="13">Ethics</governor>
            <dependent idx="12">of</dependent>
          </dep>
          <dep type="nmod:of">
            <governor idx="11">Code</governor>
            <dependent idx="13">Ethics</dependent>
          </dep>
          <dep type="ccomp">
            <governor idx="9">walk</governor>
            <dependent idx="14">talk</dependent>
          </dep>
          <dep type="punct">
            <governor idx="2">made</governor>
            <dependent idx="15">'</dependent>
          </dep>
          <dep type="cc">
            <governor idx="2">made</governor>
            <dependent idx="16">or</dependent>
          </dep>
          <dep type="cop">
            <governor idx="18">this</governor>
            <dependent idx="17">is</dependent>
          </dep>
          <dep type="conj:or">
            <governor idx="2">made</governor>
            <dependent idx="18">this</dependent>
          </dep>
          <dep type="acl">
            <governor idx="18">this</governor>
            <dependent idx="19">considered</dependent>
          </dep>
          <dep type="compound">
            <governor idx="21">service</governor>
            <dependent idx="20">lip</dependent>
          </dep>
          <dep type="dobj">
            <governor idx="19">considered</governor>
            <dependent idx="21">service</dependent>
          </dep>
          <dep type="mark">
            <governor idx="23">keep</governor>
            <dependent idx="22">to</dependent>
          </dep>
          <dep type="advcl">
            <governor idx="19">considered</governor>
            <dependent idx="23">keep</dependent>
          </dep>
          <dep type="det">
            <governor idx="25">public</governor>
            <dependent idx="24">the</dependent>
          </dep>
          <dep type="nsubj">
            <governor idx="26">satisfied</governor>
            <dependent idx="25">public</dependent>
          </dep>
          <dep type="xcomp">
            <governor idx="23">keep</governor>
            <dependent idx="26">satisfied</dependent>
          </dep>
          <dep type="punct">
            <governor idx="2">made</governor>
            <dependent idx="27">?</dependent>
          </dep>
        </dependencies>
        <dependencies type="collapsed-ccprocessed-dependencies">
          <dep type="root">
            <governor idx="0">ROOT</governor>
            <dependent idx="2">made</dependent>
          </dep>
          <dep type="nsubj">
            <governor idx="2">made</governor>
            <dependent idx="1">It</dependent>
          </dep>
          <dep type="nsubj">
            <governor idx="4">wonder</governor>
            <dependent idx="3">me</dependent>
          </dep>
          <dep type="ccomp">
            <governor idx="2">made</governor>
            <dependent idx="4">wonder</dependent>
          </dep>
          <dep type="ccomp">
            <governor idx="4">wonder</governor>
            <dependent idx="5">does</dependent>
          </dep>
          <dep type="nsubj">
            <governor idx="9">walk</governor>
            <dependent idx="6">Murdoch</dependent>
          </dep>
          <dep type="advmod">
            <governor idx="9">walk</governor>
            <dependent idx="7">now</dependent>
          </dep>
          <dep type="punct">
            <governor idx="9">walk</governor>
            <dependent idx="8">`</dependent>
          </dep>
          <dep type="ccomp">
            <governor idx="5">does</governor>
            <dependent idx="9">walk</dependent>
          </dep>
          <dep type="det">
            <governor idx="11">Code</governor>
            <dependent idx="10">the</dependent>
          </dep>
          <dep type="nsubj">
            <governor idx="14">talk</governor>
            <dependent idx="11">Code</dependent>
          </dep>
          <dep type="case">
            <governor idx="13">Ethics</governor>
            <dependent idx="12">of</dependent>
          </dep>
          <dep type="nmod:of">
            <governor idx="11">Code</governor>
            <dependent idx="13">Ethics</dependent>
          </dep>
          <dep type="ccomp">
            <governor idx="9">walk</governor>
            <dependent idx="14">talk</dependent>
          </dep>
          <dep type="punct">
            <governor idx="2">made</governor>
            <dependent idx="15">'</dependent>
          </dep>
          <dep type="cc">
            <governor idx="2">made</governor>
            <dependent idx="16">or</dependent>
          </dep>
          <dep type="cop">
            <governor idx="18">this</governor>
            <dependent idx="17">is</dependent>
          </dep>
          <dep type="conj:or">
            <governor idx="2">made</governor>
            <dependent idx="18">this</dependent>
          </dep>
          <dep type="acl">
            <governor idx="18">this</governor>
            <dependent idx="19">considered</dependent>
          </dep>
          <dep type="compound">
            <governor idx="21">service</governor>
            <dependent idx="20">lip</dependent>
          </dep>
          <dep type="dobj">
            <governor idx="19">considered</governor>
            <dependent idx="21">service</dependent>
          </dep>
          <dep type="mark">
            <governor idx="23">keep</governor>
            <dependent idx="22">to</dependent>
          </dep>
          <dep type="advcl">
            <governor idx="19">considered</governor>
            <dependent idx="23">keep</dependent>
          </dep>
          <dep type="det">
            <governor idx="25">public</governor>
            <dependent idx="24">the</dependent>
          </dep>
          <dep type="nsubj">
            <governor idx="26">satisfied</governor>
            <dependent idx="25">public</dependent>
          </dep>
          <dep type="xcomp">
            <governor idx="23">keep</governor>
            <dependent idx="26">satisfied</dependent>
          </dep>
          <dep type="punct">
            <governor idx="2">made</governor>
            <dependent idx="27">?</dependent>
          </dep>
        </dependencies>
      </sentence>
      <sentence id="38">
        <tokens>
          <token id="1">
            <word>During</word>
            <lemma>during</lemma>
            <CharacterOffsetBegin>3778</CharacterOffsetBegin>
            <CharacterOffsetEnd>3784</CharacterOffsetEnd>
            <POS>IN</POS>
            <NER>O</NER>
            <Speaker>PER0</Speaker>
          </token>
          <token id="2">
            <word>the</word>
            <lemma>the</lemma>
            <CharacterOffsetBegin>3785</CharacterOffsetBegin>
            <CharacterOffsetEnd>3788</CharacterOffsetEnd>
            <POS>DT</POS>
            <NER>O</NER>
            <Speaker>PER0</Speaker>
          </token>
          <token id="3">
            <word>lecture</word>
            <lemma>lecture</lemma>
            <CharacterOffsetBegin>3789</CharacterOffsetBegin>
            <CharacterOffsetEnd>3796</CharacterOffsetEnd>
            <POS>NN</POS>
            <NER>O</NER>
            <Speaker>PER0</Speaker>
          </token>
          <token id="4">
            <word>another</word>
            <lemma>another</lemma>
            <CharacterOffsetBegin>3797</CharacterOffsetBegin>
            <CharacterOffsetEnd>3804</CharacterOffsetEnd>
            <POS>DT</POS>
            <NER>O</NER>
            <Speaker>PER0</Speaker>
          </token>
          <token id="5">
            <word>question</word>
            <lemma>question</lemma>
            <CharacterOffsetBegin>3805</CharacterOffsetBegin>
            <CharacterOffsetEnd>3813</CharacterOffsetEnd>
            <POS>NN</POS>
            <NER>O</NER>
            <Speaker>PER0</Speaker>
          </token>
          <token id="6">
            <word>was</word>
            <lemma>be</lemma>
            <CharacterOffsetBegin>3814</CharacterOffsetBegin>
            <CharacterOffsetEnd>3817</CharacterOffsetEnd>
            <POS>VBD</POS>
            <NER>O</NER>
            <Speaker>PER0</Speaker>
          </token>
          <token id="7">
            <word>asked</word>
            <lemma>ask</lemma>
            <CharacterOffsetBegin>3818</CharacterOffsetBegin>
            <CharacterOffsetEnd>3823</CharacterOffsetEnd>
            <POS>VBN</POS>
            <NER>O</NER>
            <Speaker>PER0</Speaker>
          </token>
          <token id="8">
            <word>of</word>
            <lemma>of</lemma>
            <CharacterOffsetBegin>3824</CharacterOffsetBegin>
            <CharacterOffsetEnd>3826</CharacterOffsetEnd>
            <POS>IN</POS>
            <NER>O</NER>
            <Speaker>PER0</Speaker>
          </token>
          <token id="9">
            <word>us</word>
            <lemma>we</lemma>
            <CharacterOffsetBegin>3827</CharacterOffsetBegin>
            <CharacterOffsetEnd>3829</CharacterOffsetEnd>
            <POS>PRP</POS>
            <NER>O</NER>
            <Speaker>PER0</Speaker>
          </token>
          <token id="10">
            <word>`</word>
            <lemma>`</lemma>
            <CharacterOffsetBegin>3830</CharacterOffsetBegin>
            <CharacterOffsetEnd>3831</CharacterOffsetEnd>
            <POS>``</POS>
            <NER>O</NER>
            <Speaker>PER0</Speaker>
          </token>
          <token id="11">
            <word>Is</word>
            <lemma>be</lemma>
            <CharacterOffsetBegin>3831</CharacterOffsetBegin>
            <CharacterOffsetEnd>3833</CharacterOffsetEnd>
            <POS>VBZ</POS>
            <NER>O</NER>
            <Speaker>PER0</Speaker>
          </token>
          <token id="12">
            <word>Adolf</word>
            <lemma>Adolf</lemma>
            <CharacterOffsetBegin>3834</CharacterOffsetBegin>
            <CharacterOffsetEnd>3839</CharacterOffsetEnd>
            <POS>NNP</POS>
            <NER>PERSON</NER>
            <Speaker>PER0</Speaker>
          </token>
          <token id="13">
            <word>Hitler</word>
            <lemma>Hitler</lemma>
            <CharacterOffsetBegin>3840</CharacterOffsetBegin>
            <CharacterOffsetEnd>3846</CharacterOffsetEnd>
            <POS>NNP</POS>
            <NER>PERSON</NER>
            <Speaker>PER0</Speaker>
          </token>
          <token id="14">
            <word>an</word>
            <lemma>a</lemma>
            <CharacterOffsetBegin>3847</CharacterOffsetBegin>
            <CharacterOffsetEnd>3849</CharacterOffsetEnd>
            <POS>DT</POS>
            <NER>O</NER>
            <Speaker>PER0</Speaker>
          </token>
          <token id="15">
            <word>example</word>
            <lemma>example</lemma>
            <CharacterOffsetBegin>3850</CharacterOffsetBegin>
            <CharacterOffsetEnd>3857</CharacterOffsetEnd>
            <POS>NN</POS>
            <NER>O</NER>
            <Speaker>PER0</Speaker>
          </token>
          <token id="16">
            <word>of</word>
            <lemma>of</lemma>
            <CharacterOffsetBegin>3858</CharacterOffsetBegin>
            <CharacterOffsetEnd>3860</CharacterOffsetEnd>
            <POS>IN</POS>
            <NER>O</NER>
            <Speaker>PER0</Speaker>
          </token>
          <token id="17">
            <word>a</word>
            <lemma>a</lemma>
            <CharacterOffsetBegin>3861</CharacterOffsetBegin>
            <CharacterOffsetEnd>3862</CharacterOffsetEnd>
            <POS>DT</POS>
            <NER>O</NER>
            <Speaker>PER0</Speaker>
          </token>
          <token id="18">
            <word>good/effective</word>
            <lemma>good/effective</lemma>
            <CharacterOffsetBegin>3863</CharacterOffsetBegin>
            <CharacterOffsetEnd>3877</CharacterOffsetEnd>
            <POS>JJ</POS>
            <NER>O</NER>
            <Speaker>PER0</Speaker>
          </token>
          <token id="19">
            <word>leader</word>
            <lemma>leader</lemma>
            <CharacterOffsetBegin>3878</CharacterOffsetBegin>
            <CharacterOffsetEnd>3884</CharacterOffsetEnd>
            <POS>NN</POS>
            <NER>O</NER>
            <Speaker>PER0</Speaker>
          </token>
          <token id="20">
            <word>'</word>
            <lemma>'</lemma>
            <CharacterOffsetBegin>3884</CharacterOffsetBegin>
            <CharacterOffsetEnd>3885</CharacterOffsetEnd>
            <POS>''</POS>
            <NER>O</NER>
            <Speaker>PER0</Speaker>
          </token>
          <token id="21">
            <word>?</word>
            <lemma>?</lemma>
            <CharacterOffsetBegin>3885</CharacterOffsetBegin>
            <CharacterOffsetEnd>3886</CharacterOffsetEnd>
            <POS>.</POS>
            <NER>O</NER>
            <Speaker>PER0</Speaker>
          </token>
        </tokens>
        <parse>(ROOT (S (PP (IN During) (NP (DT the) (NN lecture))) (NP (DT another) (NN question)) (VP (VBD was) (VP (VBN asked) (SBAR (IN of) (S (NP (PRP us)) (`` `) (VP (VBZ Is) (NP (NP (NNP Adolf) (NNP Hitler)) (NP (NP (DT an) (NN example)) (PP (IN of) (NP (DT a) (JJ good/effective) (NN leader)))))) ('' '))))) (. ?))) </parse>
        <dependencies type="basic-dependencies">
          <dep type="root">
            <governor idx="0">ROOT</governor>
            <dependent idx="7">asked</dependent>
          </dep>
          <dep type="case">
            <governor idx="3">lecture</governor>
            <dependent idx="1">During</dependent>
          </dep>
          <dep type="det">
            <governor idx="3">lecture</governor>
            <dependent idx="2">the</dependent>
          </dep>
          <dep type="nmod">
            <governor idx="7">asked</governor>
            <dependent idx="3">lecture</dependent>
          </dep>
          <dep type="det">
            <governor idx="5">question</governor>
            <dependent idx="4">another</dependent>
          </dep>
          <dep type="nsubjpass">
            <governor idx="7">asked</governor>
            <dependent idx="5">question</dependent>
          </dep>
          <dep type="auxpass">
            <governor idx="7">asked</governor>
            <dependent idx="6">was</dependent>
          </dep>
          <dep type="mark">
            <governor idx="13">Hitler</governor>
            <dependent idx="8">of</dependent>
          </dep>
          <dep type="nsubj">
            <governor idx="13">Hitler</governor>
            <dependent idx="9">us</dependent>
          </dep>
          <dep type="punct">
            <governor idx="13">Hitler</governor>
            <dependent idx="10">`</dependent>
          </dep>
          <dep type="cop">
            <governor idx="13">Hitler</governor>
            <dependent idx="11">Is</dependent>
          </dep>
          <dep type="compound">
            <governor idx="13">Hitler</governor>
            <dependent idx="12">Adolf</dependent>
          </dep>
          <dep type="advcl">
            <governor idx="7">asked</governor>
            <dependent idx="13">Hitler</dependent>
          </dep>
          <dep type="det">
            <governor idx="15">example</governor>
            <dependent idx="14">an</dependent>
          </dep>
          <dep type="dep">
            <governor idx="13">Hitler</governor>
            <dependent idx="15">example</dependent>
          </dep>
          <dep type="case">
            <governor idx="19">leader</governor>
            <dependent idx="16">of</dependent>
          </dep>
          <dep type="det">
            <governor idx="19">leader</governor>
            <dependent idx="17">a</dependent>
          </dep>
          <dep type="amod">
            <governor idx="19">leader</governor>
            <dependent idx="18">good/effective</dependent>
          </dep>
          <dep type="nmod">
            <governor idx="15">example</governor>
            <dependent idx="19">leader</dependent>
          </dep>
          <dep type="punct">
            <governor idx="13">Hitler</governor>
            <dependent idx="20">'</dependent>
          </dep>
          <dep type="punct">
            <governor idx="7">asked</governor>
            <dependent idx="21">?</dependent>
          </dep>
        </dependencies>
        <dependencies type="collapsed-dependencies">
          <dep type="root">
            <governor idx="0">ROOT</governor>
            <dependent idx="7">asked</dependent>
          </dep>
          <dep type="case">
            <governor idx="3">lecture</governor>
            <dependent idx="1">During</dependent>
          </dep>
          <dep type="det">
            <governor idx="3">lecture</governor>
            <dependent idx="2">the</dependent>
          </dep>
          <dep type="nmod:during">
            <governor idx="7">asked</governor>
            <dependent idx="3">lecture</dependent>
          </dep>
          <dep type="det">
            <governor idx="5">question</governor>
            <dependent idx="4">another</dependent>
          </dep>
          <dep type="nsubjpass">
            <governor idx="7">asked</governor>
            <dependent idx="5">question</dependent>
          </dep>
          <dep type="auxpass">
            <governor idx="7">asked</governor>
            <dependent idx="6">was</dependent>
          </dep>
          <dep type="mark">
            <governor idx="13">Hitler</governor>
            <dependent idx="8">of</dependent>
          </dep>
          <dep type="nsubj">
            <governor idx="13">Hitler</governor>
            <dependent idx="9">us</dependent>
          </dep>
          <dep type="punct">
            <governor idx="13">Hitler</governor>
            <dependent idx="10">`</dependent>
          </dep>
          <dep type="cop">
            <governor idx="13">Hitler</governor>
            <dependent idx="11">Is</dependent>
          </dep>
          <dep type="compound">
            <governor idx="13">Hitler</governor>
            <dependent idx="12">Adolf</dependent>
          </dep>
          <dep type="advcl">
            <governor idx="7">asked</governor>
            <dependent idx="13">Hitler</dependent>
          </dep>
          <dep type="det">
            <governor idx="15">example</governor>
            <dependent idx="14">an</dependent>
          </dep>
          <dep type="dep">
            <governor idx="13">Hitler</governor>
            <dependent idx="15">example</dependent>
          </dep>
          <dep type="case">
            <governor idx="19">leader</governor>
            <dependent idx="16">of</dependent>
          </dep>
          <dep type="det">
            <governor idx="19">leader</governor>
            <dependent idx="17">a</dependent>
          </dep>
          <dep type="amod">
            <governor idx="19">leader</governor>
            <dependent idx="18">good/effective</dependent>
          </dep>
          <dep type="nmod:of">
            <governor idx="15">example</governor>
            <dependent idx="19">leader</dependent>
          </dep>
          <dep type="punct">
            <governor idx="13">Hitler</governor>
            <dependent idx="20">'</dependent>
          </dep>
          <dep type="punct">
            <governor idx="7">asked</governor>
            <dependent idx="21">?</dependent>
          </dep>
        </dependencies>
        <dependencies type="collapsed-ccprocessed-dependencies">
          <dep type="root">
            <governor idx="0">ROOT</governor>
            <dependent idx="7">asked</dependent>
          </dep>
          <dep type="case">
            <governor idx="3">lecture</governor>
            <dependent idx="1">During</dependent>
          </dep>
          <dep type="det">
            <governor idx="3">lecture</governor>
            <dependent idx="2">the</dependent>
          </dep>
          <dep type="nmod:during">
            <governor idx="7">asked</governor>
            <dependent idx="3">lecture</dependent>
          </dep>
          <dep type="det">
            <governor idx="5">question</governor>
            <dependent idx="4">another</dependent>
          </dep>
          <dep type="nsubjpass">
            <governor idx="7">asked</governor>
            <dependent idx="5">question</dependent>
          </dep>
          <dep type="auxpass">
            <governor idx="7">asked</governor>
            <dependent idx="6">was</dependent>
          </dep>
          <dep type="mark">
            <governor idx="13">Hitler</governor>
            <dependent idx="8">of</dependent>
          </dep>
          <dep type="nsubj">
            <governor idx="13">Hitler</governor>
            <dependent idx="9">us</dependent>
          </dep>
          <dep type="punct">
            <governor idx="13">Hitler</governor>
            <dependent idx="10">`</dependent>
          </dep>
          <dep type="cop">
            <governor idx="13">Hitler</governor>
            <dependent idx="11">Is</dependent>
          </dep>
          <dep type="compound">
            <governor idx="13">Hitler</governor>
            <dependent idx="12">Adolf</dependent>
          </dep>
          <dep type="advcl">
            <governor idx="7">asked</governor>
            <dependent idx="13">Hitler</dependent>
          </dep>
          <dep type="det">
            <governor idx="15">example</governor>
            <dependent idx="14">an</dependent>
          </dep>
          <dep type="dep">
            <governor idx="13">Hitler</governor>
            <dependent idx="15">example</dependent>
          </dep>
          <dep type="case">
            <governor idx="19">leader</governor>
            <dependent idx="16">of</dependent>
          </dep>
          <dep type="det">
            <governor idx="19">leader</governor>
            <dependent idx="17">a</dependent>
          </dep>
          <dep type="amod">
            <governor idx="19">leader</governor>
            <dependent idx="18">good/effective</dependent>
          </dep>
          <dep type="nmod:of">
            <governor idx="15">example</governor>
            <dependent idx="19">leader</dependent>
          </dep>
          <dep type="punct">
            <governor idx="13">Hitler</governor>
            <dependent idx="20">'</dependent>
          </dep>
          <dep type="punct">
            <governor idx="7">asked</governor>
            <dependent idx="21">?</dependent>
          </dep>
        </dependencies>
      </sentence>
      <sentence id="39">
        <tokens>
          <token id="1">
            <word>There</word>
            <lemma>there</lemma>
            <CharacterOffsetBegin>3887</CharacterOffsetBegin>
            <CharacterOffsetEnd>3892</CharacterOffsetEnd>
            <POS>EX</POS>
            <NER>O</NER>
            <Speaker>PER0</Speaker>
          </token>
          <token id="2">
            <word>was</word>
            <lemma>be</lemma>
            <CharacterOffsetBegin>3893</CharacterOffsetBegin>
            <CharacterOffsetEnd>3896</CharacterOffsetEnd>
            <POS>VBD</POS>
            <NER>O</NER>
            <Speaker>PER0</Speaker>
          </token>
          <token id="3">
            <word>some</word>
            <lemma>some</lemma>
            <CharacterOffsetBegin>3897</CharacterOffsetBegin>
            <CharacterOffsetEnd>3901</CharacterOffsetEnd>
            <POS>DT</POS>
            <NER>O</NER>
            <Speaker>PER0</Speaker>
          </token>
          <token id="4">
            <word>debate</word>
            <lemma>debate</lemma>
            <CharacterOffsetBegin>3902</CharacterOffsetBegin>
            <CharacterOffsetEnd>3908</CharacterOffsetEnd>
            <POS>NN</POS>
            <NER>O</NER>
            <Speaker>PER0</Speaker>
          </token>
          <token id="5">
            <word>about</word>
            <lemma>about</lemma>
            <CharacterOffsetBegin>3909</CharacterOffsetBegin>
            <CharacterOffsetEnd>3914</CharacterOffsetEnd>
            <POS>IN</POS>
            <NER>O</NER>
            <Speaker>PER0</Speaker>
          </token>
          <token id="6">
            <word>this</word>
            <lemma>this</lemma>
            <CharacterOffsetBegin>3915</CharacterOffsetBegin>
            <CharacterOffsetEnd>3919</CharacterOffsetEnd>
            <POS>DT</POS>
            <NER>O</NER>
            <Speaker>PER0</Speaker>
          </token>
          <token id="7">
            <word>,</word>
            <lemma>,</lemma>
            <CharacterOffsetBegin>3919</CharacterOffsetBegin>
            <CharacterOffsetEnd>3920</CharacterOffsetEnd>
            <POS>,</POS>
            <NER>O</NER>
            <Speaker>PER0</Speaker>
          </token>
          <token id="8">
            <word>some</word>
            <lemma>some</lemma>
            <CharacterOffsetBegin>3921</CharacterOffsetBegin>
            <CharacterOffsetEnd>3925</CharacterOffsetEnd>
            <POS>DT</POS>
            <NER>O</NER>
            <Speaker>PER0</Speaker>
          </token>
          <token id="9">
            <word>felt</word>
            <lemma>feel</lemma>
            <CharacterOffsetBegin>3926</CharacterOffsetBegin>
            <CharacterOffsetEnd>3930</CharacterOffsetEnd>
            <POS>VBD</POS>
            <NER>O</NER>
            <Speaker>PER0</Speaker>
          </token>
          <token id="10">
            <word>he</word>
            <lemma>he</lemma>
            <CharacterOffsetBegin>3931</CharacterOffsetBegin>
            <CharacterOffsetEnd>3933</CharacterOffsetEnd>
            <POS>PRP</POS>
            <NER>O</NER>
            <Speaker>PER0</Speaker>
          </token>
          <token id="11">
            <word>was</word>
            <lemma>be</lemma>
            <CharacterOffsetBegin>3934</CharacterOffsetBegin>
            <CharacterOffsetEnd>3937</CharacterOffsetEnd>
            <POS>VBD</POS>
            <NER>O</NER>
            <Speaker>PER0</Speaker>
          </token>
          <token id="12">
            <word>and</word>
            <lemma>and</lemma>
            <CharacterOffsetBegin>3938</CharacterOffsetBegin>
            <CharacterOffsetEnd>3941</CharacterOffsetEnd>
            <POS>CC</POS>
            <NER>O</NER>
            <Speaker>PER0</Speaker>
          </token>
          <token id="13">
            <word>some</word>
            <lemma>some</lemma>
            <CharacterOffsetBegin>3942</CharacterOffsetBegin>
            <CharacterOffsetEnd>3946</CharacterOffsetEnd>
            <POS>DT</POS>
            <NER>O</NER>
            <Speaker>PER0</Speaker>
          </token>
          <token id="14">
            <word>felt</word>
            <lemma>feel</lemma>
            <CharacterOffsetBegin>3947</CharacterOffsetBegin>
            <CharacterOffsetEnd>3951</CharacterOffsetEnd>
            <POS>VBD</POS>
            <NER>O</NER>
            <Speaker>PER0</Speaker>
          </token>
          <token id="15">
            <word>he</word>
            <lemma>he</lemma>
            <CharacterOffsetBegin>3952</CharacterOffsetBegin>
            <CharacterOffsetEnd>3954</CharacterOffsetEnd>
            <POS>PRP</POS>
            <NER>O</NER>
            <Speaker>PER0</Speaker>
          </token>
          <token id="16">
            <word>was</word>
            <lemma>be</lemma>
            <CharacterOffsetBegin>3955</CharacterOffsetBegin>
            <CharacterOffsetEnd>3958</CharacterOffsetEnd>
            <POS>VBD</POS>
            <NER>O</NER>
            <Speaker>PER0</Speaker>
          </token>
          <token id="17">
            <word>n't</word>
            <lemma>not</lemma>
            <CharacterOffsetBegin>3958</CharacterOffsetBegin>
            <CharacterOffsetEnd>3961</CharacterOffsetEnd>
            <POS>RB</POS>
            <NER>O</NER>
            <Speaker>PER0</Speaker>
          </token>
          <token id="18">
            <word>.</word>
            <lemma>.</lemma>
            <CharacterOffsetBegin>3961</CharacterOffsetBegin>
            <CharacterOffsetEnd>3962</CharacterOffsetEnd>
            <POS>.</POS>
            <NER>O</NER>
            <Speaker>PER0</Speaker>
          </token>
        </tokens>
        <parse>(ROOT (S (S (NP (EX There)) (VP (VBD was) (NP (NP (DT some) (NN debate)) (PP (IN about) (NP (DT this)))))) (, ,) (S (NP (DT some)) (VP (VBD felt) (SBAR (S (NP (PRP he)) (VP (VBD was)))))) (CC and) (S (NP (DT some)) (VP (VBD felt) (SBAR (S (NP (PRP he)) (VP (VBD was) (RB n't)))))) (. .))) </parse>
        <dependencies type="basic-dependencies">
          <dep type="root">
            <governor idx="0">ROOT</governor>
            <dependent idx="2">was</dependent>
          </dep>
          <dep type="expl">
            <governor idx="2">was</governor>
            <dependent idx="1">There</dependent>
          </dep>
          <dep type="det">
            <governor idx="4">debate</governor>
            <dependent idx="3">some</dependent>
          </dep>
          <dep type="nsubj">
            <governor idx="2">was</governor>
            <dependent idx="4">debate</dependent>
          </dep>
          <dep type="case">
            <governor idx="6">this</governor>
            <dependent idx="5">about</dependent>
          </dep>
          <dep type="nmod">
            <governor idx="4">debate</governor>
            <dependent idx="6">this</dependent>
          </dep>
          <dep type="punct">
            <governor idx="2">was</governor>
            <dependent idx="7">,</dependent>
          </dep>
          <dep type="nsubj">
            <governor idx="9">felt</governor>
            <dependent idx="8">some</dependent>
          </dep>
          <dep type="conj">
            <governor idx="2">was</governor>
            <dependent idx="9">felt</dependent>
          </dep>
          <dep type="nsubj">
            <governor idx="11">was</governor>
            <dependent idx="10">he</dependent>
          </dep>
          <dep type="ccomp">
            <governor idx="9">felt</governor>
            <dependent idx="11">was</dependent>
          </dep>
          <dep type="cc">
            <governor idx="2">was</governor>
            <dependent idx="12">and</dependent>
          </dep>
          <dep type="nsubj">
            <governor idx="14">felt</governor>
            <dependent idx="13">some</dependent>
          </dep>
          <dep type="conj">
            <governor idx="2">was</governor>
            <dependent idx="14">felt</dependent>
          </dep>
          <dep type="nsubj">
            <governor idx="16">was</governor>
            <dependent idx="15">he</dependent>
          </dep>
          <dep type="ccomp">
            <governor idx="14">felt</governor>
            <dependent idx="16">was</dependent>
          </dep>
          <dep type="neg">
            <governor idx="16">was</governor>
            <dependent idx="17">n't</dependent>
          </dep>
          <dep type="punct">
            <governor idx="2">was</governor>
            <dependent idx="18">.</dependent>
          </dep>
        </dependencies>
        <dependencies type="collapsed-dependencies">
          <dep type="root">
            <governor idx="0">ROOT</governor>
            <dependent idx="2">was</dependent>
          </dep>
          <dep type="expl">
            <governor idx="2">was</governor>
            <dependent idx="1">There</dependent>
          </dep>
          <dep type="det">
            <governor idx="4">debate</governor>
            <dependent idx="3">some</dependent>
          </dep>
          <dep type="nsubj">
            <governor idx="2">was</governor>
            <dependent idx="4">debate</dependent>
          </dep>
          <dep type="case">
            <governor idx="6">this</governor>
            <dependent idx="5">about</dependent>
          </dep>
          <dep type="nmod:about">
            <governor idx="4">debate</governor>
            <dependent idx="6">this</dependent>
          </dep>
          <dep type="punct">
            <governor idx="2">was</governor>
            <dependent idx="7">,</dependent>
          </dep>
          <dep type="nsubj">
            <governor idx="9">felt</governor>
            <dependent idx="8">some</dependent>
          </dep>
          <dep type="conj:and">
            <governor idx="2">was</governor>
            <dependent idx="9">felt</dependent>
          </dep>
          <dep type="nsubj">
            <governor idx="11">was</governor>
            <dependent idx="10">he</dependent>
          </dep>
          <dep type="ccomp">
            <governor idx="9">felt</governor>
            <dependent idx="11">was</dependent>
          </dep>
          <dep type="cc">
            <governor idx="2">was</governor>
            <dependent idx="12">and</dependent>
          </dep>
          <dep type="nsubj">
            <governor idx="14">felt</governor>
            <dependent idx="13">some</dependent>
          </dep>
          <dep type="conj:and">
            <governor idx="2">was</governor>
            <dependent idx="14">felt</dependent>
          </dep>
          <dep type="nsubj">
            <governor idx="16">was</governor>
            <dependent idx="15">he</dependent>
          </dep>
          <dep type="ccomp">
            <governor idx="14">felt</governor>
            <dependent idx="16">was</dependent>
          </dep>
          <dep type="neg">
            <governor idx="16">was</governor>
            <dependent idx="17">n't</dependent>
          </dep>
          <dep type="punct">
            <governor idx="2">was</governor>
            <dependent idx="18">.</dependent>
          </dep>
        </dependencies>
        <dependencies type="collapsed-ccprocessed-dependencies">
          <dep type="root">
            <governor idx="0">ROOT</governor>
            <dependent idx="2">was</dependent>
          </dep>
          <dep type="expl">
            <governor idx="2">was</governor>
            <dependent idx="1">There</dependent>
          </dep>
          <dep type="det">
            <governor idx="4">debate</governor>
            <dependent idx="3">some</dependent>
          </dep>
          <dep type="nsubj">
            <governor idx="2">was</governor>
            <dependent idx="4">debate</dependent>
          </dep>
          <dep type="case">
            <governor idx="6">this</governor>
            <dependent idx="5">about</dependent>
          </dep>
          <dep type="nmod:about">
            <governor idx="4">debate</governor>
            <dependent idx="6">this</dependent>
          </dep>
          <dep type="punct">
            <governor idx="2">was</governor>
            <dependent idx="7">,</dependent>
          </dep>
          <dep type="nsubj">
            <governor idx="9">felt</governor>
            <dependent idx="8">some</dependent>
          </dep>
          <dep type="conj:and">
            <governor idx="2">was</governor>
            <dependent idx="9">felt</dependent>
          </dep>
          <dep type="nsubj">
            <governor idx="11">was</governor>
            <dependent idx="10">he</dependent>
          </dep>
          <dep type="ccomp">
            <governor idx="9">felt</governor>
            <dependent idx="11">was</dependent>
          </dep>
          <dep type="cc">
            <governor idx="2">was</governor>
            <dependent idx="12">and</dependent>
          </dep>
          <dep type="nsubj">
            <governor idx="14">felt</governor>
            <dependent idx="13">some</dependent>
          </dep>
          <dep type="conj:and">
            <governor idx="2">was</governor>
            <dependent idx="14">felt</dependent>
          </dep>
          <dep type="nsubj">
            <governor idx="16">was</governor>
            <dependent idx="15">he</dependent>
          </dep>
          <dep type="ccomp">
            <governor idx="14">felt</governor>
            <dependent idx="16">was</dependent>
          </dep>
          <dep type="neg">
            <governor idx="16">was</governor>
            <dependent idx="17">n't</dependent>
          </dep>
          <dep type="punct">
            <governor idx="2">was</governor>
            <dependent idx="18">.</dependent>
          </dep>
        </dependencies>
      </sentence>
      <sentence id="40">
        <tokens>
          <token id="1">
            <word>I</word>
            <lemma>I</lemma>
            <CharacterOffsetBegin>3963</CharacterOffsetBegin>
            <CharacterOffsetEnd>3964</CharacterOffsetEnd>
            <POS>PRP</POS>
            <NER>O</NER>
            <Speaker>PER0</Speaker>
          </token>
          <token id="2">
            <word>felt</word>
            <lemma>feel</lemma>
            <CharacterOffsetBegin>3965</CharacterOffsetBegin>
            <CharacterOffsetEnd>3969</CharacterOffsetEnd>
            <POS>VBD</POS>
            <NER>O</NER>
            <Speaker>PER0</Speaker>
          </token>
          <token id="3">
            <word>this</word>
            <lemma>this</lemma>
            <CharacterOffsetBegin>3970</CharacterOffsetBegin>
            <CharacterOffsetEnd>3974</CharacterOffsetEnd>
            <POS>DT</POS>
            <NER>O</NER>
            <Speaker>PER0</Speaker>
          </token>
          <token id="4">
            <word>was</word>
            <lemma>be</lemma>
            <CharacterOffsetBegin>3975</CharacterOffsetBegin>
            <CharacterOffsetEnd>3978</CharacterOffsetEnd>
            <POS>VBD</POS>
            <NER>O</NER>
            <Speaker>PER0</Speaker>
          </token>
          <token id="5">
            <word>a</word>
            <lemma>a</lemma>
            <CharacterOffsetBegin>3979</CharacterOffsetBegin>
            <CharacterOffsetEnd>3980</CharacterOffsetEnd>
            <POS>DT</POS>
            <NER>O</NER>
            <Speaker>PER0</Speaker>
          </token>
          <token id="6">
            <word>really</word>
            <lemma>really</lemma>
            <CharacterOffsetBegin>3981</CharacterOffsetBegin>
            <CharacterOffsetEnd>3987</CharacterOffsetEnd>
            <POS>RB</POS>
            <NER>O</NER>
            <Speaker>PER0</Speaker>
          </token>
          <token id="7">
            <word>good</word>
            <lemma>good</lemma>
            <CharacterOffsetBegin>3988</CharacterOffsetBegin>
            <CharacterOffsetEnd>3992</CharacterOffsetEnd>
            <POS>JJ</POS>
            <NER>O</NER>
            <Speaker>PER0</Speaker>
          </token>
          <token id="8">
            <word>example</word>
            <lemma>example</lemma>
            <CharacterOffsetBegin>3993</CharacterOffsetBegin>
            <CharacterOffsetEnd>4000</CharacterOffsetEnd>
            <POS>NN</POS>
            <NER>O</NER>
            <Speaker>PER0</Speaker>
          </token>
          <token id="9">
            <word>to</word>
            <lemma>to</lemma>
            <CharacterOffsetBegin>4001</CharacterOffsetBegin>
            <CharacterOffsetEnd>4003</CharacterOffsetEnd>
            <POS>TO</POS>
            <NER>O</NER>
            <Speaker>PER0</Speaker>
          </token>
          <token id="10">
            <word>help</word>
            <lemma>help</lemma>
            <CharacterOffsetBegin>4004</CharacterOffsetBegin>
            <CharacterOffsetEnd>4008</CharacterOffsetEnd>
            <POS>VB</POS>
            <NER>O</NER>
            <Speaker>PER0</Speaker>
          </token>
          <token id="11">
            <word>me</word>
            <lemma>I</lemma>
            <CharacterOffsetBegin>4009</CharacterOffsetBegin>
            <CharacterOffsetEnd>4011</CharacterOffsetEnd>
            <POS>PRP</POS>
            <NER>O</NER>
            <Speaker>PER0</Speaker>
          </token>
          <token id="12">
            <word>understand</word>
            <lemma>understand</lemma>
            <CharacterOffsetBegin>4012</CharacterOffsetBegin>
            <CharacterOffsetEnd>4022</CharacterOffsetEnd>
            <POS>VB</POS>
            <NER>O</NER>
            <Speaker>PER0</Speaker>
          </token>
          <token id="13">
            <word>what</word>
            <lemma>what</lemma>
            <CharacterOffsetBegin>4023</CharacterOffsetBegin>
            <CharacterOffsetEnd>4027</CharacterOffsetEnd>
            <POS>WP</POS>
            <NER>O</NER>
            <Speaker>PER0</Speaker>
          </token>
          <token id="14">
            <word>a</word>
            <lemma>a</lemma>
            <CharacterOffsetBegin>4028</CharacterOffsetBegin>
            <CharacterOffsetEnd>4029</CharacterOffsetEnd>
            <POS>DT</POS>
            <NER>O</NER>
            <Speaker>PER0</Speaker>
          </token>
          <token id="15">
            <word>good/effective</word>
            <lemma>good/effective</lemma>
            <CharacterOffsetBegin>4030</CharacterOffsetBegin>
            <CharacterOffsetEnd>4044</CharacterOffsetEnd>
            <POS>JJ</POS>
            <NER>O</NER>
            <Speaker>PER0</Speaker>
          </token>
          <token id="16">
            <word>leader</word>
            <lemma>leader</lemma>
            <CharacterOffsetBegin>4045</CharacterOffsetBegin>
            <CharacterOffsetEnd>4051</CharacterOffsetEnd>
            <POS>NN</POS>
            <NER>O</NER>
            <Speaker>PER0</Speaker>
          </token>
          <token id="17">
            <word>is</word>
            <lemma>be</lemma>
            <CharacterOffsetBegin>4052</CharacterOffsetBegin>
            <CharacterOffsetEnd>4054</CharacterOffsetEnd>
            <POS>VBZ</POS>
            <NER>O</NER>
            <Speaker>PER0</Speaker>
          </token>
          <token id="18">
            <word>.</word>
            <lemma>.</lemma>
            <CharacterOffsetBegin>4054</CharacterOffsetBegin>
            <CharacterOffsetEnd>4055</CharacterOffsetEnd>
            <POS>.</POS>
            <NER>O</NER>
            <Speaker>PER0</Speaker>
          </token>
        </tokens>
        <parse>(ROOT (S (NP (PRP I)) (VP (VBD felt) (SBAR (S (NP (DT this)) (VP (VBD was) (NP (DT a) (ADJP (RB really) (JJ good)) (NN example) (S (VP (TO to) (VP (VB help) (S (NP (PRP me)) (VP (VB understand) (SBAR (WHNP (WP what)) (S (NP (DT a) (JJ good/effective) (NN leader)) (VP (VBZ is)))))))))))))) (. .))) </parse>
        <dependencies type="basic-dependencies">
          <dep type="root">
            <governor idx="0">ROOT</governor>
            <dependent idx="2">felt</dependent>
          </dep>
          <dep type="nsubj">
            <governor idx="2">felt</governor>
            <dependent idx="1">I</dependent>
          </dep>
          <dep type="nsubj">
            <governor idx="8">example</governor>
            <dependent idx="3">this</dependent>
          </dep>
          <dep type="cop">
            <governor idx="8">example</governor>
            <dependent idx="4">was</dependent>
          </dep>
          <dep type="det">
            <governor idx="8">example</governor>
            <dependent idx="5">a</dependent>
          </dep>
          <dep type="advmod">
            <governor idx="7">good</governor>
            <dependent idx="6">really</dependent>
          </dep>
          <dep type="amod">
            <governor idx="8">example</governor>
            <dependent idx="7">good</dependent>
          </dep>
          <dep type="ccomp">
            <governor idx="2">felt</governor>
            <dependent idx="8">example</dependent>
          </dep>
          <dep type="mark">
            <governor idx="10">help</governor>
            <dependent idx="9">to</dependent>
          </dep>
          <dep type="acl">
            <governor idx="8">example</governor>
            <dependent idx="10">help</dependent>
          </dep>
          <dep type="nsubj">
            <governor idx="12">understand</governor>
            <dependent idx="11">me</dependent>
          </dep>
          <dep type="ccomp">
            <governor idx="10">help</governor>
            <dependent idx="12">understand</dependent>
          </dep>
          <dep type="dobj">
            <governor idx="17">is</governor>
            <dependent idx="13">what</dependent>
          </dep>
          <dep type="det">
            <governor idx="16">leader</governor>
            <dependent idx="14">a</dependent>
          </dep>
          <dep type="amod">
            <governor idx="16">leader</governor>
            <dependent idx="15">good/effective</dependent>
          </dep>
          <dep type="nsubj">
            <governor idx="17">is</governor>
            <dependent idx="16">leader</dependent>
          </dep>
          <dep type="ccomp">
            <governor idx="12">understand</governor>
            <dependent idx="17">is</dependent>
          </dep>
          <dep type="punct">
            <governor idx="2">felt</governor>
            <dependent idx="18">.</dependent>
          </dep>
        </dependencies>
        <dependencies type="collapsed-dependencies">
          <dep type="root">
            <governor idx="0">ROOT</governor>
            <dependent idx="2">felt</dependent>
          </dep>
          <dep type="nsubj">
            <governor idx="2">felt</governor>
            <dependent idx="1">I</dependent>
          </dep>
          <dep type="nsubj">
            <governor idx="8">example</governor>
            <dependent idx="3">this</dependent>
          </dep>
          <dep type="cop">
            <governor idx="8">example</governor>
            <dependent idx="4">was</dependent>
          </dep>
          <dep type="det">
            <governor idx="8">example</governor>
            <dependent idx="5">a</dependent>
          </dep>
          <dep type="advmod">
            <governor idx="7">good</governor>
            <dependent idx="6">really</dependent>
          </dep>
          <dep type="amod">
            <governor idx="8">example</governor>
            <dependent idx="7">good</dependent>
          </dep>
          <dep type="ccomp">
            <governor idx="2">felt</governor>
            <dependent idx="8">example</dependent>
          </dep>
          <dep type="mark">
            <governor idx="10">help</governor>
            <dependent idx="9">to</dependent>
          </dep>
          <dep type="acl">
            <governor idx="8">example</governor>
            <dependent idx="10">help</dependent>
          </dep>
          <dep type="nsubj">
            <governor idx="12">understand</governor>
            <dependent idx="11">me</dependent>
          </dep>
          <dep type="ccomp">
            <governor idx="10">help</governor>
            <dependent idx="12">understand</dependent>
          </dep>
          <dep type="dobj">
            <governor idx="17">is</governor>
            <dependent idx="13">what</dependent>
          </dep>
          <dep type="det">
            <governor idx="16">leader</governor>
            <dependent idx="14">a</dependent>
          </dep>
          <dep type="amod">
            <governor idx="16">leader</governor>
            <dependent idx="15">good/effective</dependent>
          </dep>
          <dep type="nsubj">
            <governor idx="17">is</governor>
            <dependent idx="16">leader</dependent>
          </dep>
          <dep type="ccomp">
            <governor idx="12">understand</governor>
            <dependent idx="17">is</dependent>
          </dep>
          <dep type="punct">
            <governor idx="2">felt</governor>
            <dependent idx="18">.</dependent>
          </dep>
        </dependencies>
        <dependencies type="collapsed-ccprocessed-dependencies">
          <dep type="root">
            <governor idx="0">ROOT</governor>
            <dependent idx="2">felt</dependent>
          </dep>
          <dep type="nsubj">
            <governor idx="2">felt</governor>
            <dependent idx="1">I</dependent>
          </dep>
          <dep type="nsubj">
            <governor idx="8">example</governor>
            <dependent idx="3">this</dependent>
          </dep>
          <dep type="cop">
            <governor idx="8">example</governor>
            <dependent idx="4">was</dependent>
          </dep>
          <dep type="det">
            <governor idx="8">example</governor>
            <dependent idx="5">a</dependent>
          </dep>
          <dep type="advmod">
            <governor idx="7">good</governor>
            <dependent idx="6">really</dependent>
          </dep>
          <dep type="amod">
            <governor idx="8">example</governor>
            <dependent idx="7">good</dependent>
          </dep>
          <dep type="ccomp">
            <governor idx="2">felt</governor>
            <dependent idx="8">example</dependent>
          </dep>
          <dep type="mark">
            <governor idx="10">help</governor>
            <dependent idx="9">to</dependent>
          </dep>
          <dep type="acl">
            <governor idx="8">example</governor>
            <dependent idx="10">help</dependent>
          </dep>
          <dep type="nsubj">
            <governor idx="12">understand</governor>
            <dependent idx="11">me</dependent>
          </dep>
          <dep type="ccomp">
            <governor idx="10">help</governor>
            <dependent idx="12">understand</dependent>
          </dep>
          <dep type="dobj">
            <governor idx="17">is</governor>
            <dependent idx="13">what</dependent>
          </dep>
          <dep type="det">
            <governor idx="16">leader</governor>
            <dependent idx="14">a</dependent>
          </dep>
          <dep type="amod">
            <governor idx="16">leader</governor>
            <dependent idx="15">good/effective</dependent>
          </dep>
          <dep type="nsubj">
            <governor idx="17">is</governor>
            <dependent idx="16">leader</dependent>
          </dep>
          <dep type="ccomp">
            <governor idx="12">understand</governor>
            <dependent idx="17">is</dependent>
          </dep>
          <dep type="punct">
            <governor idx="2">felt</governor>
            <dependent idx="18">.</dependent>
          </dep>
        </dependencies>
      </sentence>
      <sentence id="41">
        <tokens>
          <token id="1">
            <word>Yes</word>
            <lemma>yes</lemma>
            <CharacterOffsetBegin>4056</CharacterOffsetBegin>
            <CharacterOffsetEnd>4059</CharacterOffsetEnd>
            <POS>UH</POS>
            <NER>O</NER>
            <Speaker>PER0</Speaker>
          </token>
          <token id="2">
            <word>Adolf</word>
            <lemma>Adolf</lemma>
            <CharacterOffsetBegin>4060</CharacterOffsetBegin>
            <CharacterOffsetEnd>4065</CharacterOffsetEnd>
            <POS>NNP</POS>
            <NER>PERSON</NER>
            <Speaker>PER0</Speaker>
          </token>
          <token id="3">
            <word>Hitler</word>
            <lemma>Hitler</lemma>
            <CharacterOffsetBegin>4066</CharacterOffsetBegin>
            <CharacterOffsetEnd>4072</CharacterOffsetEnd>
            <POS>NNP</POS>
            <NER>PERSON</NER>
            <Speaker>PER0</Speaker>
          </token>
          <token id="4">
            <word>achieved</word>
            <lemma>achieve</lemma>
            <CharacterOffsetBegin>4073</CharacterOffsetBegin>
            <CharacterOffsetEnd>4081</CharacterOffsetEnd>
            <POS>VBD</POS>
            <NER>O</NER>
            <Speaker>PER0</Speaker>
          </token>
          <token id="5">
            <word>what</word>
            <lemma>what</lemma>
            <CharacterOffsetBegin>4082</CharacterOffsetBegin>
            <CharacterOffsetEnd>4086</CharacterOffsetEnd>
            <POS>WP</POS>
            <NER>O</NER>
            <Speaker>PER0</Speaker>
          </token>
          <token id="6">
            <word>he</word>
            <lemma>he</lemma>
            <CharacterOffsetBegin>4087</CharacterOffsetBegin>
            <CharacterOffsetEnd>4089</CharacterOffsetEnd>
            <POS>PRP</POS>
            <NER>O</NER>
            <Speaker>PER0</Speaker>
          </token>
          <token id="7">
            <word>set</word>
            <lemma>set</lemma>
            <CharacterOffsetBegin>4090</CharacterOffsetBegin>
            <CharacterOffsetEnd>4093</CharacterOffsetEnd>
            <POS>VBD</POS>
            <NER>O</NER>
            <Speaker>PER0</Speaker>
          </token>
          <token id="8">
            <word>out</word>
            <lemma>out</lemma>
            <CharacterOffsetBegin>4094</CharacterOffsetBegin>
            <CharacterOffsetEnd>4097</CharacterOffsetEnd>
            <POS>RP</POS>
            <NER>O</NER>
            <Speaker>PER0</Speaker>
          </token>
          <token id="9">
            <word>to</word>
            <lemma>to</lemma>
            <CharacterOffsetBegin>4098</CharacterOffsetBegin>
            <CharacterOffsetEnd>4100</CharacterOffsetEnd>
            <POS>TO</POS>
            <NER>O</NER>
            <Speaker>PER0</Speaker>
          </token>
          <token id="10">
            <word>do</word>
            <lemma>do</lemma>
            <CharacterOffsetBegin>4101</CharacterOffsetBegin>
            <CharacterOffsetEnd>4103</CharacterOffsetEnd>
            <POS>VB</POS>
            <NER>O</NER>
            <Speaker>PER0</Speaker>
          </token>
          <token id="11">
            <word>,</word>
            <lemma>,</lemma>
            <CharacterOffsetBegin>4103</CharacterOffsetBegin>
            <CharacterOffsetEnd>4104</CharacterOffsetEnd>
            <POS>,</POS>
            <NER>O</NER>
            <Speaker>PER0</Speaker>
          </token>
          <token id="12">
            <word>but</word>
            <lemma>but</lemma>
            <CharacterOffsetBegin>4105</CharacterOffsetBegin>
            <CharacterOffsetEnd>4108</CharacterOffsetEnd>
            <POS>CC</POS>
            <NER>O</NER>
            <Speaker>PER0</Speaker>
          </token>
          <token id="13">
            <word>at</word>
            <lemma>at</lemma>
            <CharacterOffsetBegin>4109</CharacterOffsetBegin>
            <CharacterOffsetEnd>4111</CharacterOffsetEnd>
            <POS>IN</POS>
            <NER>O</NER>
            <Speaker>PER0</Speaker>
          </token>
          <token id="14">
            <word>what</word>
            <lemma>what</lemma>
            <CharacterOffsetBegin>4112</CharacterOffsetBegin>
            <CharacterOffsetEnd>4116</CharacterOffsetEnd>
            <POS>WP</POS>
            <NER>O</NER>
            <Speaker>PER0</Speaker>
          </token>
          <token id="15">
            <word>cost</word>
            <lemma>cost</lemma>
            <CharacterOffsetBegin>4117</CharacterOffsetBegin>
            <CharacterOffsetEnd>4121</CharacterOffsetEnd>
            <POS>NN</POS>
            <NER>O</NER>
            <Speaker>PER0</Speaker>
          </token>
          <token id="16">
            <word>.</word>
            <lemma>.</lemma>
            <CharacterOffsetBegin>4121</CharacterOffsetBegin>
            <CharacterOffsetEnd>4122</CharacterOffsetEnd>
            <POS>.</POS>
            <NER>O</NER>
            <Speaker>PER0</Speaker>
          </token>
        </tokens>
        <parse>(ROOT (S (S (INTJ (UH Yes)) (NP (NNP Adolf) (NNP Hitler)) (VP (VBD achieved) (SBAR (WHNP (WP what)) (S (NP (PRP he)) (VP (VBD set) (PRT (RP out)) (S (VP (TO to) (VP (VB do))))))))) (, ,) (CC but) (FRAG (X (IN at) (NP (WP what))) (NP (NN cost))) (. .))) </parse>
        <dependencies type="basic-dependencies">
          <dep type="root">
            <governor idx="0">ROOT</governor>
            <dependent idx="4">achieved</dependent>
          </dep>
          <dep type="discourse">
            <governor idx="4">achieved</governor>
            <dependent idx="1">Yes</dependent>
          </dep>
          <dep type="compound">
            <governor idx="3">Hitler</governor>
            <dependent idx="2">Adolf</dependent>
          </dep>
          <dep type="nsubj">
            <governor idx="4">achieved</governor>
            <dependent idx="3">Hitler</dependent>
          </dep>
          <dep type="dobj">
            <governor idx="7">set</governor>
            <dependent idx="5">what</dependent>
          </dep>
          <dep type="nsubj">
            <governor idx="7">set</governor>
            <dependent idx="6">he</dependent>
          </dep>
          <dep type="ccomp">
            <governor idx="4">achieved</governor>
            <dependent idx="7">set</dependent>
          </dep>
          <dep type="compound:prt">
            <governor idx="7">set</governor>
            <dependent idx="8">out</dependent>
          </dep>
          <dep type="mark">
            <governor idx="10">do</governor>
            <dependent idx="9">to</dependent>
          </dep>
          <dep type="xcomp">
            <governor idx="7">set</governor>
            <dependent idx="10">do</dependent>
          </dep>
          <dep type="punct">
            <governor idx="4">achieved</governor>
            <dependent idx="11">,</dependent>
          </dep>
          <dep type="cc">
            <governor idx="4">achieved</governor>
            <dependent idx="12">but</dependent>
          </dep>
          <dep type="dep">
            <governor idx="14">what</governor>
            <dependent idx="13">at</dependent>
          </dep>
          <dep type="dep">
            <governor idx="15">cost</governor>
            <dependent idx="14">what</dependent>
          </dep>
          <dep type="conj">
            <governor idx="4">achieved</governor>
            <dependent idx="15">cost</dependent>
          </dep>
          <dep type="punct">
            <governor idx="4">achieved</governor>
            <dependent idx="16">.</dependent>
          </dep>
        </dependencies>
        <dependencies type="collapsed-dependencies">
          <dep type="root">
            <governor idx="0">ROOT</governor>
            <dependent idx="4">achieved</dependent>
          </dep>
          <dep type="discourse">
            <governor idx="4">achieved</governor>
            <dependent idx="1">Yes</dependent>
          </dep>
          <dep type="compound">
            <governor idx="3">Hitler</governor>
            <dependent idx="2">Adolf</dependent>
          </dep>
          <dep type="nsubj">
            <governor idx="4">achieved</governor>
            <dependent idx="3">Hitler</dependent>
          </dep>
          <dep type="dobj">
            <governor idx="7">set</governor>
            <dependent idx="5">what</dependent>
          </dep>
          <dep type="nsubj">
            <governor idx="7">set</governor>
            <dependent idx="6">he</dependent>
          </dep>
          <dep type="ccomp">
            <governor idx="4">achieved</governor>
            <dependent idx="7">set</dependent>
          </dep>
          <dep type="compound:prt">
            <governor idx="7">set</governor>
            <dependent idx="8">out</dependent>
          </dep>
          <dep type="mark">
            <governor idx="10">do</governor>
            <dependent idx="9">to</dependent>
          </dep>
          <dep type="xcomp">
            <governor idx="7">set</governor>
            <dependent idx="10">do</dependent>
          </dep>
          <dep type="punct">
            <governor idx="4">achieved</governor>
            <dependent idx="11">,</dependent>
          </dep>
          <dep type="cc">
            <governor idx="4">achieved</governor>
            <dependent idx="12">but</dependent>
          </dep>
          <dep type="dep">
            <governor idx="14">what</governor>
            <dependent idx="13">at</dependent>
          </dep>
          <dep type="dep">
            <governor idx="15">cost</governor>
            <dependent idx="14">what</dependent>
          </dep>
          <dep type="conj:but">
            <governor idx="4">achieved</governor>
            <dependent idx="15">cost</dependent>
          </dep>
          <dep type="punct">
            <governor idx="4">achieved</governor>
            <dependent idx="16">.</dependent>
          </dep>
        </dependencies>
        <dependencies type="collapsed-ccprocessed-dependencies">
          <dep type="root">
            <governor idx="0">ROOT</governor>
            <dependent idx="4">achieved</dependent>
          </dep>
          <dep type="discourse">
            <governor idx="4">achieved</governor>
            <dependent idx="1">Yes</dependent>
          </dep>
          <dep type="compound">
            <governor idx="3">Hitler</governor>
            <dependent idx="2">Adolf</dependent>
          </dep>
          <dep type="nsubj">
            <governor idx="4">achieved</governor>
            <dependent idx="3">Hitler</dependent>
          </dep>
          <dep type="dobj">
            <governor idx="7">set</governor>
            <dependent idx="5">what</dependent>
          </dep>
          <dep type="nsubj">
            <governor idx="7">set</governor>
            <dependent idx="6">he</dependent>
          </dep>
          <dep type="ccomp">
            <governor idx="4">achieved</governor>
            <dependent idx="7">set</dependent>
          </dep>
          <dep type="compound:prt">
            <governor idx="7">set</governor>
            <dependent idx="8">out</dependent>
          </dep>
          <dep type="mark">
            <governor idx="10">do</governor>
            <dependent idx="9">to</dependent>
          </dep>
          <dep type="xcomp">
            <governor idx="7">set</governor>
            <dependent idx="10">do</dependent>
          </dep>
          <dep type="punct">
            <governor idx="4">achieved</governor>
            <dependent idx="11">,</dependent>
          </dep>
          <dep type="cc">
            <governor idx="4">achieved</governor>
            <dependent idx="12">but</dependent>
          </dep>
          <dep type="dep">
            <governor idx="14">what</governor>
            <dependent idx="13">at</dependent>
          </dep>
          <dep type="dep">
            <governor idx="15">cost</governor>
            <dependent idx="14">what</dependent>
          </dep>
          <dep type="conj:but">
            <governor idx="4">achieved</governor>
            <dependent idx="15">cost</dependent>
          </dep>
          <dep type="punct">
            <governor idx="4">achieved</governor>
            <dependent idx="16">.</dependent>
          </dep>
        </dependencies>
      </sentence>
      <sentence id="42">
        <tokens>
          <token id="1">
            <word>I</word>
            <lemma>I</lemma>
            <CharacterOffsetBegin>4123</CharacterOffsetBegin>
            <CharacterOffsetEnd>4124</CharacterOffsetEnd>
            <POS>PRP</POS>
            <NER>O</NER>
            <Speaker>PER0</Speaker>
          </token>
          <token id="2">
            <word>applied</word>
            <lemma>apply</lemma>
            <CharacterOffsetBegin>4125</CharacterOffsetBegin>
            <CharacterOffsetEnd>4132</CharacterOffsetEnd>
            <POS>VBD</POS>
            <NER>O</NER>
            <Speaker>PER0</Speaker>
          </token>
          <token id="3">
            <word>this</word>
            <lemma>this</lemma>
            <CharacterOffsetBegin>4133</CharacterOffsetBegin>
            <CharacterOffsetEnd>4137</CharacterOffsetEnd>
            <POS>DT</POS>
            <NER>O</NER>
            <Speaker>PER0</Speaker>
          </token>
          <token id="4">
            <word>to</word>
            <lemma>to</lemma>
            <CharacterOffsetBegin>4138</CharacterOffsetBegin>
            <CharacterOffsetEnd>4140</CharacterOffsetEnd>
            <POS>TO</POS>
            <NER>O</NER>
            <Speaker>PER0</Speaker>
          </token>
          <token id="5">
            <word>an</word>
            <lemma>a</lemma>
            <CharacterOffsetBegin>4141</CharacterOffsetBegin>
            <CharacterOffsetEnd>4143</CharacterOffsetEnd>
            <POS>DT</POS>
            <NER>O</NER>
            <Speaker>PER0</Speaker>
          </token>
          <token id="6">
            <word>example</word>
            <lemma>example</lemma>
            <CharacterOffsetBegin>4144</CharacterOffsetBegin>
            <CharacterOffsetEnd>4151</CharacterOffsetEnd>
            <POS>NN</POS>
            <NER>O</NER>
            <Speaker>PER0</Speaker>
          </token>
          <token id="7">
            <word>at</word>
            <lemma>at</lemma>
            <CharacterOffsetBegin>4152</CharacterOffsetBegin>
            <CharacterOffsetEnd>4154</CharacterOffsetEnd>
            <POS>IN</POS>
            <NER>O</NER>
            <Speaker>PER0</Speaker>
          </token>
          <token id="8">
            <word>work</word>
            <lemma>work</lemma>
            <CharacterOffsetBegin>4155</CharacterOffsetBegin>
            <CharacterOffsetEnd>4159</CharacterOffsetEnd>
            <POS>NN</POS>
            <NER>O</NER>
            <Speaker>PER0</Speaker>
          </token>
          <token id="9">
            <word>.</word>
            <lemma>.</lemma>
            <CharacterOffsetBegin>4159</CharacterOffsetBegin>
            <CharacterOffsetEnd>4160</CharacterOffsetEnd>
            <POS>.</POS>
            <NER>O</NER>
            <Speaker>PER0</Speaker>
          </token>
        </tokens>
        <parse>(ROOT (S (NP (PRP I)) (VP (VBD applied) (NP (DT this)) (PP (TO to) (NP (DT an) (NN example))) (PP (IN at) (NP (NN work)))) (. .))) </parse>
        <dependencies type="basic-dependencies">
          <dep type="root">
            <governor idx="0">ROOT</governor>
            <dependent idx="2">applied</dependent>
          </dep>
          <dep type="nsubj">
            <governor idx="2">applied</governor>
            <dependent idx="1">I</dependent>
          </dep>
          <dep type="dobj">
            <governor idx="2">applied</governor>
            <dependent idx="3">this</dependent>
          </dep>
          <dep type="case">
            <governor idx="6">example</governor>
            <dependent idx="4">to</dependent>
          </dep>
          <dep type="det">
            <governor idx="6">example</governor>
            <dependent idx="5">an</dependent>
          </dep>
          <dep type="nmod">
            <governor idx="2">applied</governor>
            <dependent idx="6">example</dependent>
          </dep>
          <dep type="case">
            <governor idx="8">work</governor>
            <dependent idx="7">at</dependent>
          </dep>
          <dep type="nmod">
            <governor idx="2">applied</governor>
            <dependent idx="8">work</dependent>
          </dep>
          <dep type="punct">
            <governor idx="2">applied</governor>
            <dependent idx="9">.</dependent>
          </dep>
        </dependencies>
        <dependencies type="collapsed-dependencies">
          <dep type="root">
            <governor idx="0">ROOT</governor>
            <dependent idx="2">applied</dependent>
          </dep>
          <dep type="nsubj">
            <governor idx="2">applied</governor>
            <dependent idx="1">I</dependent>
          </dep>
          <dep type="dobj">
            <governor idx="2">applied</governor>
            <dependent idx="3">this</dependent>
          </dep>
          <dep type="case">
            <governor idx="6">example</governor>
            <dependent idx="4">to</dependent>
          </dep>
          <dep type="det">
            <governor idx="6">example</governor>
            <dependent idx="5">an</dependent>
          </dep>
          <dep type="nmod:to">
            <governor idx="2">applied</governor>
            <dependent idx="6">example</dependent>
          </dep>
          <dep type="case">
            <governor idx="8">work</governor>
            <dependent idx="7">at</dependent>
          </dep>
          <dep type="nmod:at">
            <governor idx="2">applied</governor>
            <dependent idx="8">work</dependent>
          </dep>
          <dep type="punct">
            <governor idx="2">applied</governor>
            <dependent idx="9">.</dependent>
          </dep>
        </dependencies>
        <dependencies type="collapsed-ccprocessed-dependencies">
          <dep type="root">
            <governor idx="0">ROOT</governor>
            <dependent idx="2">applied</dependent>
          </dep>
          <dep type="nsubj">
            <governor idx="2">applied</governor>
            <dependent idx="1">I</dependent>
          </dep>
          <dep type="dobj">
            <governor idx="2">applied</governor>
            <dependent idx="3">this</dependent>
          </dep>
          <dep type="case">
            <governor idx="6">example</governor>
            <dependent idx="4">to</dependent>
          </dep>
          <dep type="det">
            <governor idx="6">example</governor>
            <dependent idx="5">an</dependent>
          </dep>
          <dep type="nmod:to">
            <governor idx="2">applied</governor>
            <dependent idx="6">example</dependent>
          </dep>
          <dep type="case">
            <governor idx="8">work</governor>
            <dependent idx="7">at</dependent>
          </dep>
          <dep type="nmod:at">
            <governor idx="2">applied</governor>
            <dependent idx="8">work</dependent>
          </dep>
          <dep type="punct">
            <governor idx="2">applied</governor>
            <dependent idx="9">.</dependent>
          </dep>
        </dependencies>
      </sentence>
      <sentence id="43">
        <tokens>
          <token id="1">
            <word>I</word>
            <lemma>I</lemma>
            <CharacterOffsetBegin>4161</CharacterOffsetBegin>
            <CharacterOffsetEnd>4162</CharacterOffsetEnd>
            <POS>PRP</POS>
            <NER>O</NER>
            <Speaker>PER0</Speaker>
          </token>
          <token id="2">
            <word>am</word>
            <lemma>be</lemma>
            <CharacterOffsetBegin>4163</CharacterOffsetBegin>
            <CharacterOffsetEnd>4165</CharacterOffsetEnd>
            <POS>VBP</POS>
            <NER>O</NER>
            <Speaker>PER0</Speaker>
          </token>
          <token id="3">
            <word>a</word>
            <lemma>a</lemma>
            <CharacterOffsetBegin>4166</CharacterOffsetBegin>
            <CharacterOffsetEnd>4167</CharacterOffsetEnd>
            <POS>DT</POS>
            <NER>DURATION</NER>
            <NormalizedNER>PT1H</NormalizedNER>
            <Speaker>PER0</Speaker>
            <Timex tid="t6" type="DURATION">PT1H</Timex>
          </token>
          <token id="4">
            <word>HR</word>
            <lemma>HR</lemma>
            <CharacterOffsetBegin>4168</CharacterOffsetBegin>
            <CharacterOffsetEnd>4170</CharacterOffsetEnd>
            <POS>NNP</POS>
            <NER>DURATION</NER>
            <NormalizedNER>PT1H</NormalizedNER>
            <Speaker>PER0</Speaker>
            <Timex tid="t6" type="DURATION">PT1H</Timex>
          </token>
          <token id="5">
            <word>Business</word>
            <lemma>Business</lemma>
            <CharacterOffsetBegin>4171</CharacterOffsetBegin>
            <CharacterOffsetEnd>4179</CharacterOffsetEnd>
            <POS>NNP</POS>
            <NER>MISC</NER>
            <Speaker>PER0</Speaker>
          </token>
          <token id="6">
            <word>Partner</word>
            <lemma>Partner</lemma>
            <CharacterOffsetBegin>4180</CharacterOffsetBegin>
            <CharacterOffsetEnd>4187</CharacterOffsetEnd>
            <POS>NNP</POS>
            <NER>MISC</NER>
            <Speaker>PER0</Speaker>
          </token>
          <token id="7">
            <word>and</word>
            <lemma>and</lemma>
            <CharacterOffsetBegin>4188</CharacterOffsetBegin>
            <CharacterOffsetEnd>4191</CharacterOffsetEnd>
            <POS>CC</POS>
            <NER>O</NER>
            <Speaker>PER0</Speaker>
          </token>
          <token id="8">
            <word>support</word>
            <lemma>support</lemma>
            <CharacterOffsetBegin>4192</CharacterOffsetBegin>
            <CharacterOffsetEnd>4199</CharacterOffsetEnd>
            <POS>NN</POS>
            <NER>O</NER>
            <Speaker>PER0</Speaker>
          </token>
          <token id="9">
            <word>clients</word>
            <lemma>client</lemma>
            <CharacterOffsetBegin>4200</CharacterOffsetBegin>
            <CharacterOffsetEnd>4207</CharacterOffsetEnd>
            <POS>NNS</POS>
            <NER>O</NER>
            <Speaker>PER0</Speaker>
          </token>
          <token id="10">
            <word>.</word>
            <lemma>.</lemma>
            <CharacterOffsetBegin>4207</CharacterOffsetBegin>
            <CharacterOffsetEnd>4208</CharacterOffsetEnd>
            <POS>.</POS>
            <NER>O</NER>
            <Speaker>PER0</Speaker>
          </token>
        </tokens>
        <parse>(ROOT (S (NP (PRP I)) (VP (VBP am) (NP (NP (DT a) (NNP HR) (NNP Business) (NNP Partner)) (CC and) (NP (NN support) (NNS clients)))) (. .))) </parse>
        <dependencies type="basic-dependencies">
          <dep type="root">
            <governor idx="0">ROOT</governor>
            <dependent idx="6">Partner</dependent>
          </dep>
          <dep type="nsubj">
            <governor idx="6">Partner</governor>
            <dependent idx="1">I</dependent>
          </dep>
          <dep type="cop">
            <governor idx="6">Partner</governor>
            <dependent idx="2">am</dependent>
          </dep>
          <dep type="det">
            <governor idx="6">Partner</governor>
            <dependent idx="3">a</dependent>
          </dep>
          <dep type="compound">
            <governor idx="6">Partner</governor>
            <dependent idx="4">HR</dependent>
          </dep>
          <dep type="compound">
            <governor idx="6">Partner</governor>
            <dependent idx="5">Business</dependent>
          </dep>
          <dep type="cc">
            <governor idx="6">Partner</governor>
            <dependent idx="7">and</dependent>
          </dep>
          <dep type="compound">
            <governor idx="9">clients</governor>
            <dependent idx="8">support</dependent>
          </dep>
          <dep type="conj">
            <governor idx="6">Partner</governor>
            <dependent idx="9">clients</dependent>
          </dep>
          <dep type="punct">
            <governor idx="6">Partner</governor>
            <dependent idx="10">.</dependent>
          </dep>
        </dependencies>
        <dependencies type="collapsed-dependencies">
          <dep type="root">
            <governor idx="0">ROOT</governor>
            <dependent idx="6">Partner</dependent>
          </dep>
          <dep type="nsubj">
            <governor idx="6">Partner</governor>
            <dependent idx="1">I</dependent>
          </dep>
          <dep type="cop">
            <governor idx="6">Partner</governor>
            <dependent idx="2">am</dependent>
          </dep>
          <dep type="det">
            <governor idx="6">Partner</governor>
            <dependent idx="3">a</dependent>
          </dep>
          <dep type="compound">
            <governor idx="6">Partner</governor>
            <dependent idx="4">HR</dependent>
          </dep>
          <dep type="compound">
            <governor idx="6">Partner</governor>
            <dependent idx="5">Business</dependent>
          </dep>
          <dep type="cc">
            <governor idx="6">Partner</governor>
            <dependent idx="7">and</dependent>
          </dep>
          <dep type="compound">
            <governor idx="9">clients</governor>
            <dependent idx="8">support</dependent>
          </dep>
          <dep type="conj:and">
            <governor idx="6">Partner</governor>
            <dependent idx="9">clients</dependent>
          </dep>
          <dep type="punct">
            <governor idx="6">Partner</governor>
            <dependent idx="10">.</dependent>
          </dep>
        </dependencies>
        <dependencies type="collapsed-ccprocessed-dependencies">
          <dep type="root">
            <governor idx="0">ROOT</governor>
            <dependent idx="6">Partner</dependent>
          </dep>
          <dep type="nsubj">
            <governor idx="6">Partner</governor>
            <dependent idx="1">I</dependent>
          </dep>
          <dep type="cop">
            <governor idx="6">Partner</governor>
            <dependent idx="2">am</dependent>
          </dep>
          <dep type="det">
            <governor idx="6">Partner</governor>
            <dependent idx="3">a</dependent>
          </dep>
          <dep type="compound">
            <governor idx="6">Partner</governor>
            <dependent idx="4">HR</dependent>
          </dep>
          <dep type="compound">
            <governor idx="6">Partner</governor>
            <dependent idx="5">Business</dependent>
          </dep>
          <dep type="cc">
            <governor idx="6">Partner</governor>
            <dependent idx="7">and</dependent>
          </dep>
          <dep type="compound">
            <governor idx="9">clients</governor>
            <dependent idx="8">support</dependent>
          </dep>
          <dep type="conj:and">
            <governor idx="6">Partner</governor>
            <dependent idx="9">clients</dependent>
          </dep>
          <dep type="punct">
            <governor idx="6">Partner</governor>
            <dependent idx="10">.</dependent>
          </dep>
        </dependencies>
      </sentence>
      <sentence id="44">
        <tokens>
          <token id="1">
            <word>This</word>
            <lemma>this</lemma>
            <CharacterOffsetBegin>4209</CharacterOffsetBegin>
            <CharacterOffsetEnd>4213</CharacterOffsetEnd>
            <POS>DT</POS>
            <NER>O</NER>
            <Speaker>PER0</Speaker>
          </token>
          <token id="2">
            <word>generally</word>
            <lemma>generally</lemma>
            <CharacterOffsetBegin>4214</CharacterOffsetBegin>
            <CharacterOffsetEnd>4223</CharacterOffsetEnd>
            <POS>RB</POS>
            <NER>O</NER>
            <Speaker>PER0</Speaker>
          </token>
          <token id="3">
            <word>means</word>
            <lemma>mean</lemma>
            <CharacterOffsetBegin>4224</CharacterOffsetBegin>
            <CharacterOffsetEnd>4229</CharacterOffsetEnd>
            <POS>VBZ</POS>
            <NER>O</NER>
            <Speaker>PER0</Speaker>
          </token>
          <token id="4">
            <word>partnering</word>
            <lemma>partner</lemma>
            <CharacterOffsetBegin>4230</CharacterOffsetBegin>
            <CharacterOffsetEnd>4240</CharacterOffsetEnd>
            <POS>VBG</POS>
            <NER>O</NER>
            <Speaker>PER0</Speaker>
          </token>
          <token id="5">
            <word>with</word>
            <lemma>with</lemma>
            <CharacterOffsetBegin>4241</CharacterOffsetBegin>
            <CharacterOffsetEnd>4245</CharacterOffsetEnd>
            <POS>IN</POS>
            <NER>O</NER>
            <Speaker>PER0</Speaker>
          </token>
          <token id="6">
            <word>leaders</word>
            <lemma>leader</lemma>
            <CharacterOffsetBegin>4246</CharacterOffsetBegin>
            <CharacterOffsetEnd>4253</CharacterOffsetEnd>
            <POS>NNS</POS>
            <NER>O</NER>
            <Speaker>PER0</Speaker>
          </token>
          <token id="7">
            <word>to</word>
            <lemma>to</lemma>
            <CharacterOffsetBegin>4254</CharacterOffsetBegin>
            <CharacterOffsetEnd>4256</CharacterOffsetEnd>
            <POS>TO</POS>
            <NER>O</NER>
            <Speaker>PER0</Speaker>
          </token>
          <token id="8">
            <word>achieve</word>
            <lemma>achieve</lemma>
            <CharacterOffsetBegin>4257</CharacterOffsetBegin>
            <CharacterOffsetEnd>4264</CharacterOffsetEnd>
            <POS>VB</POS>
            <NER>O</NER>
            <Speaker>PER0</Speaker>
          </token>
          <token id="9">
            <word>business</word>
            <lemma>business</lemma>
            <CharacterOffsetBegin>4265</CharacterOffsetBegin>
            <CharacterOffsetEnd>4273</CharacterOffsetEnd>
            <POS>NN</POS>
            <NER>O</NER>
            <Speaker>PER0</Speaker>
          </token>
          <token id="10">
            <word>outcomes</word>
            <lemma>outcome</lemma>
            <CharacterOffsetBegin>4274</CharacterOffsetBegin>
            <CharacterOffsetEnd>4282</CharacterOffsetEnd>
            <POS>NNS</POS>
            <NER>O</NER>
            <Speaker>PER0</Speaker>
          </token>
          <token id="11">
            <word>through</word>
            <lemma>through</lemma>
            <CharacterOffsetBegin>4283</CharacterOffsetBegin>
            <CharacterOffsetEnd>4290</CharacterOffsetEnd>
            <POS>IN</POS>
            <NER>O</NER>
            <Speaker>PER0</Speaker>
          </token>
          <token id="12">
            <word>employees</word>
            <lemma>employee</lemma>
            <CharacterOffsetBegin>4291</CharacterOffsetBegin>
            <CharacterOffsetEnd>4300</CharacterOffsetEnd>
            <POS>NNS</POS>
            <NER>O</NER>
            <Speaker>PER0</Speaker>
          </token>
          <token id="13">
            <word>.</word>
            <lemma>.</lemma>
            <CharacterOffsetBegin>4300</CharacterOffsetBegin>
            <CharacterOffsetEnd>4301</CharacterOffsetEnd>
            <POS>.</POS>
            <NER>O</NER>
            <Speaker>PER0</Speaker>
          </token>
        </tokens>
        <parse>(ROOT (S (NP (DT This)) (ADVP (RB generally)) (VP (VBZ means) (S (VP (VBG partnering) (PP (IN with) (NP (NNS leaders))) (S (VP (TO to) (VP (VB achieve) (NP (NN business) (NNS outcomes)) (PP (IN through) (NP (NNS employees))))))))) (. .))) </parse>
        <dependencies type="basic-dependencies">
          <dep type="root">
            <governor idx="0">ROOT</governor>
            <dependent idx="3">means</dependent>
          </dep>
          <dep type="nsubj">
            <governor idx="3">means</governor>
            <dependent idx="1">This</dependent>
          </dep>
          <dep type="advmod">
            <governor idx="3">means</governor>
            <dependent idx="2">generally</dependent>
          </dep>
          <dep type="xcomp">
            <governor idx="3">means</governor>
            <dependent idx="4">partnering</dependent>
          </dep>
          <dep type="case">
            <governor idx="6">leaders</governor>
            <dependent idx="5">with</dependent>
          </dep>
          <dep type="nmod">
            <governor idx="4">partnering</governor>
            <dependent idx="6">leaders</dependent>
          </dep>
          <dep type="mark">
            <governor idx="8">achieve</governor>
            <dependent idx="7">to</dependent>
          </dep>
          <dep type="xcomp">
            <governor idx="4">partnering</governor>
            <dependent idx="8">achieve</dependent>
          </dep>
          <dep type="compound">
            <governor idx="10">outcomes</governor>
            <dependent idx="9">business</dependent>
          </dep>
          <dep type="dobj">
            <governor idx="8">achieve</governor>
            <dependent idx="10">outcomes</dependent>
          </dep>
          <dep type="case">
            <governor idx="12">employees</governor>
            <dependent idx="11">through</dependent>
          </dep>
          <dep type="nmod">
            <governor idx="8">achieve</governor>
            <dependent idx="12">employees</dependent>
          </dep>
          <dep type="punct">
            <governor idx="3">means</governor>
            <dependent idx="13">.</dependent>
          </dep>
        </dependencies>
        <dependencies type="collapsed-dependencies">
          <dep type="root">
            <governor idx="0">ROOT</governor>
            <dependent idx="3">means</dependent>
          </dep>
          <dep type="nsubj">
            <governor idx="3">means</governor>
            <dependent idx="1">This</dependent>
          </dep>
          <dep type="advmod">
            <governor idx="3">means</governor>
            <dependent idx="2">generally</dependent>
          </dep>
          <dep type="xcomp">
            <governor idx="3">means</governor>
            <dependent idx="4">partnering</dependent>
          </dep>
          <dep type="case">
            <governor idx="6">leaders</governor>
            <dependent idx="5">with</dependent>
          </dep>
          <dep type="nmod:with">
            <governor idx="4">partnering</governor>
            <dependent idx="6">leaders</dependent>
          </dep>
          <dep type="mark">
            <governor idx="8">achieve</governor>
            <dependent idx="7">to</dependent>
          </dep>
          <dep type="xcomp">
            <governor idx="4">partnering</governor>
            <dependent idx="8">achieve</dependent>
          </dep>
          <dep type="compound">
            <governor idx="10">outcomes</governor>
            <dependent idx="9">business</dependent>
          </dep>
          <dep type="dobj">
            <governor idx="8">achieve</governor>
            <dependent idx="10">outcomes</dependent>
          </dep>
          <dep type="case">
            <governor idx="12">employees</governor>
            <dependent idx="11">through</dependent>
          </dep>
          <dep type="nmod:through">
            <governor idx="8">achieve</governor>
            <dependent idx="12">employees</dependent>
          </dep>
          <dep type="punct">
            <governor idx="3">means</governor>
            <dependent idx="13">.</dependent>
          </dep>
        </dependencies>
        <dependencies type="collapsed-ccprocessed-dependencies">
          <dep type="root">
            <governor idx="0">ROOT</governor>
            <dependent idx="3">means</dependent>
          </dep>
          <dep type="nsubj">
            <governor idx="3">means</governor>
            <dependent idx="1">This</dependent>
          </dep>
          <dep type="advmod">
            <governor idx="3">means</governor>
            <dependent idx="2">generally</dependent>
          </dep>
          <dep type="xcomp">
            <governor idx="3">means</governor>
            <dependent idx="4">partnering</dependent>
          </dep>
          <dep type="case">
            <governor idx="6">leaders</governor>
            <dependent idx="5">with</dependent>
          </dep>
          <dep type="nmod:with">
            <governor idx="4">partnering</governor>
            <dependent idx="6">leaders</dependent>
          </dep>
          <dep type="mark">
            <governor idx="8">achieve</governor>
            <dependent idx="7">to</dependent>
          </dep>
          <dep type="xcomp">
            <governor idx="4">partnering</governor>
            <dependent idx="8">achieve</dependent>
          </dep>
          <dep type="compound">
            <governor idx="10">outcomes</governor>
            <dependent idx="9">business</dependent>
          </dep>
          <dep type="dobj">
            <governor idx="8">achieve</governor>
            <dependent idx="10">outcomes</dependent>
          </dep>
          <dep type="case">
            <governor idx="12">employees</governor>
            <dependent idx="11">through</dependent>
          </dep>
          <dep type="nmod:through">
            <governor idx="8">achieve</governor>
            <dependent idx="12">employees</dependent>
          </dep>
          <dep type="punct">
            <governor idx="3">means</governor>
            <dependent idx="13">.</dependent>
          </dep>
        </dependencies>
      </sentence>
      <sentence id="45">
        <tokens>
          <token id="1">
            <word>I</word>
            <lemma>I</lemma>
            <CharacterOffsetBegin>4302</CharacterOffsetBegin>
            <CharacterOffsetEnd>4303</CharacterOffsetEnd>
            <POS>PRP</POS>
            <NER>O</NER>
            <Speaker>PER0</Speaker>
          </token>
          <token id="2">
            <word>have</word>
            <lemma>have</lemma>
            <CharacterOffsetBegin>4304</CharacterOffsetBegin>
            <CharacterOffsetEnd>4308</CharacterOffsetEnd>
            <POS>VBP</POS>
            <NER>O</NER>
            <Speaker>PER0</Speaker>
          </token>
          <token id="3">
            <word>a</word>
            <lemma>a</lemma>
            <CharacterOffsetBegin>4309</CharacterOffsetBegin>
            <CharacterOffsetEnd>4310</CharacterOffsetEnd>
            <POS>DT</POS>
            <NER>O</NER>
            <Speaker>PER0</Speaker>
          </token>
          <token id="4">
            <word>leader</word>
            <lemma>leader</lemma>
            <CharacterOffsetBegin>4311</CharacterOffsetBegin>
            <CharacterOffsetEnd>4317</CharacterOffsetEnd>
            <POS>NN</POS>
            <NER>O</NER>
            <Speaker>PER0</Speaker>
          </token>
          <token id="5">
            <word>let</word>
            <lemma>let</lemma>
            <CharacterOffsetBegin>4318</CharacterOffsetBegin>
            <CharacterOffsetEnd>4321</CharacterOffsetEnd>
            <POS>VB</POS>
            <NER>O</NER>
            <Speaker>PER0</Speaker>
          </token>
          <token id="6">
            <word>'s</word>
            <lemma>'s</lemma>
            <CharacterOffsetBegin>4321</CharacterOffsetBegin>
            <CharacterOffsetEnd>4323</CharacterOffsetEnd>
            <POS>POS</POS>
            <NER>O</NER>
            <Speaker>PER0</Speaker>
          </token>
          <token id="7">
            <word>call</word>
            <lemma>call</lemma>
            <CharacterOffsetBegin>4324</CharacterOffsetBegin>
            <CharacterOffsetEnd>4328</CharacterOffsetEnd>
            <POS>VB</POS>
            <NER>O</NER>
            <Speaker>PER0</Speaker>
          </token>
          <token id="8">
            <word>him</word>
            <lemma>he</lemma>
            <CharacterOffsetBegin>4329</CharacterOffsetBegin>
            <CharacterOffsetEnd>4332</CharacterOffsetEnd>
            <POS>PRP</POS>
            <NER>O</NER>
            <Speaker>PER0</Speaker>
          </token>
          <token id="9">
            <word>Joe</word>
            <lemma>Joe</lemma>
            <CharacterOffsetBegin>4333</CharacterOffsetBegin>
            <CharacterOffsetEnd>4336</CharacterOffsetEnd>
            <POS>NNP</POS>
            <NER>PERSON</NER>
            <Speaker>PER0</Speaker>
          </token>
          <token id="10">
            <word>Bloggs</word>
            <lemma>Bloggs</lemma>
            <CharacterOffsetBegin>4337</CharacterOffsetBegin>
            <CharacterOffsetEnd>4343</CharacterOffsetEnd>
            <POS>NNP</POS>
            <NER>PERSON</NER>
            <Speaker>PER0</Speaker>
          </token>
          <token id="11">
            <word>who</word>
            <lemma>who</lemma>
            <CharacterOffsetBegin>4344</CharacterOffsetBegin>
            <CharacterOffsetEnd>4347</CharacterOffsetEnd>
            <POS>WP</POS>
            <NER>O</NER>
            <Speaker>PER0</Speaker>
          </token>
          <token id="12">
            <word>is</word>
            <lemma>be</lemma>
            <CharacterOffsetBegin>4348</CharacterOffsetBegin>
            <CharacterOffsetEnd>4350</CharacterOffsetEnd>
            <POS>VBZ</POS>
            <NER>O</NER>
            <Speaker>PER0</Speaker>
          </token>
          <token id="13">
            <word>new</word>
            <lemma>new</lemma>
            <CharacterOffsetBegin>4351</CharacterOffsetBegin>
            <CharacterOffsetEnd>4354</CharacterOffsetEnd>
            <POS>JJ</POS>
            <NER>O</NER>
            <Speaker>PER0</Speaker>
          </token>
          <token id="14">
            <word>to</word>
            <lemma>to</lemma>
            <CharacterOffsetBegin>4355</CharacterOffsetBegin>
            <CharacterOffsetEnd>4357</CharacterOffsetEnd>
            <POS>TO</POS>
            <NER>O</NER>
            <Speaker>PER0</Speaker>
          </token>
          <token id="15">
            <word>the</word>
            <lemma>the</lemma>
            <CharacterOffsetBegin>4358</CharacterOffsetBegin>
            <CharacterOffsetEnd>4361</CharacterOffsetEnd>
            <POS>DT</POS>
            <NER>O</NER>
            <Speaker>PER0</Speaker>
          </token>
          <token id="16">
            <word>business</word>
            <lemma>business</lemma>
            <CharacterOffsetBegin>4362</CharacterOffsetBegin>
            <CharacterOffsetEnd>4370</CharacterOffsetEnd>
            <POS>NN</POS>
            <NER>O</NER>
            <Speaker>PER0</Speaker>
          </token>
          <token id="17">
            <word>.</word>
            <lemma>.</lemma>
            <CharacterOffsetBegin>4370</CharacterOffsetBegin>
            <CharacterOffsetEnd>4371</CharacterOffsetEnd>
            <POS>.</POS>
            <NER>O</NER>
            <Speaker>PER0</Speaker>
          </token>
        </tokens>
        <parse>(ROOT (S (NP (PRP I)) (VP (VBP have) (S (NP (DT a) (NN leader)) (VP (VB let) (S (NP (POS 's)) (VP (VB call) (S (NP (PRP him)) (NP (NP (NNP Joe) (NNP Bloggs)) (SBAR (WHNP (WP who)) (S (VP (VBZ is) (ADJP (JJ new) (PP (TO to) (NP (DT the) (NN business)))))))))))))) (. .))) </parse>
        <dependencies type="basic-dependencies">
          <dep type="root">
            <governor idx="0">ROOT</governor>
            <dependent idx="2">have</dependent>
          </dep>
          <dep type="nsubj">
            <governor idx="2">have</governor>
            <dependent idx="1">I</dependent>
          </dep>
          <dep type="det">
            <governor idx="4">leader</governor>
            <dependent idx="3">a</dependent>
          </dep>
          <dep type="nsubj">
            <governor idx="5">let</governor>
            <dependent idx="4">leader</dependent>
          </dep>
          <dep type="ccomp">
            <governor idx="2">have</governor>
            <dependent idx="5">let</dependent>
          </dep>
          <dep type="nsubj">
            <governor idx="7">call</governor>
            <dependent idx="6">'s</dependent>
          </dep>
          <dep type="ccomp">
            <governor idx="5">let</governor>
            <dependent idx="7">call</dependent>
          </dep>
          <dep type="nsubj">
            <governor idx="10">Bloggs</governor>
            <dependent idx="8">him</dependent>
          </dep>
          <dep type="compound">
            <governor idx="10">Bloggs</governor>
            <dependent idx="9">Joe</dependent>
          </dep>
          <dep type="xcomp">
            <governor idx="7">call</governor>
            <dependent idx="10">Bloggs</dependent>
          </dep>
          <dep type="nsubj">
            <governor idx="13">new</governor>
            <dependent idx="11">who</dependent>
          </dep>
          <dep type="cop">
            <governor idx="13">new</governor>
            <dependent idx="12">is</dependent>
          </dep>
          <dep type="acl:relcl">
            <governor idx="10">Bloggs</governor>
            <dependent idx="13">new</dependent>
          </dep>
          <dep type="case">
            <governor idx="16">business</governor>
            <dependent idx="14">to</dependent>
          </dep>
          <dep type="det">
            <governor idx="16">business</governor>
            <dependent idx="15">the</dependent>
          </dep>
          <dep type="nmod">
            <governor idx="13">new</governor>
            <dependent idx="16">business</dependent>
          </dep>
          <dep type="punct">
            <governor idx="2">have</governor>
            <dependent idx="17">.</dependent>
          </dep>
        </dependencies>
        <dependencies type="collapsed-dependencies">
          <dep type="root">
            <governor idx="0">ROOT</governor>
            <dependent idx="2">have</dependent>
          </dep>
          <dep type="nsubj">
            <governor idx="2">have</governor>
            <dependent idx="1">I</dependent>
          </dep>
          <dep type="det">
            <governor idx="4">leader</governor>
            <dependent idx="3">a</dependent>
          </dep>
          <dep type="nsubj">
            <governor idx="5">let</governor>
            <dependent idx="4">leader</dependent>
          </dep>
          <dep type="ccomp">
            <governor idx="2">have</governor>
            <dependent idx="5">let</dependent>
          </dep>
          <dep type="nsubj">
            <governor idx="7">call</governor>
            <dependent idx="6">'s</dependent>
          </dep>
          <dep type="ccomp">
            <governor idx="5">let</governor>
            <dependent idx="7">call</dependent>
          </dep>
          <dep type="nsubj">
            <governor idx="10">Bloggs</governor>
            <dependent idx="8">him</dependent>
          </dep>
          <dep type="compound">
            <governor idx="10">Bloggs</governor>
            <dependent idx="9">Joe</dependent>
          </dep>
          <dep type="xcomp">
            <governor idx="7">call</governor>
            <dependent idx="10">Bloggs</dependent>
          </dep>
          <dep type="nsubj">
            <governor idx="13">new</governor>
            <dependent idx="11">who</dependent>
          </dep>
          <dep type="cop">
            <governor idx="13">new</governor>
            <dependent idx="12">is</dependent>
          </dep>
          <dep type="acl:relcl">
            <governor idx="10">Bloggs</governor>
            <dependent idx="13">new</dependent>
          </dep>
          <dep type="case">
            <governor idx="16">business</governor>
            <dependent idx="14">to</dependent>
          </dep>
          <dep type="det">
            <governor idx="16">business</governor>
            <dependent idx="15">the</dependent>
          </dep>
          <dep type="nmod:to">
            <governor idx="13">new</governor>
            <dependent idx="16">business</dependent>
          </dep>
          <dep type="punct">
            <governor idx="2">have</governor>
            <dependent idx="17">.</dependent>
          </dep>
        </dependencies>
        <dependencies type="collapsed-ccprocessed-dependencies">
          <dep type="root">
            <governor idx="0">ROOT</governor>
            <dependent idx="2">have</dependent>
          </dep>
          <dep type="nsubj">
            <governor idx="2">have</governor>
            <dependent idx="1">I</dependent>
          </dep>
          <dep type="det">
            <governor idx="4">leader</governor>
            <dependent idx="3">a</dependent>
          </dep>
          <dep type="nsubj">
            <governor idx="5">let</governor>
            <dependent idx="4">leader</dependent>
          </dep>
          <dep type="ccomp">
            <governor idx="2">have</governor>
            <dependent idx="5">let</dependent>
          </dep>
          <dep type="nsubj">
            <governor idx="7">call</governor>
            <dependent idx="6">'s</dependent>
          </dep>
          <dep type="ccomp">
            <governor idx="5">let</governor>
            <dependent idx="7">call</dependent>
          </dep>
          <dep type="nsubj">
            <governor idx="10">Bloggs</governor>
            <dependent idx="8">him</dependent>
          </dep>
          <dep type="compound">
            <governor idx="10">Bloggs</governor>
            <dependent idx="9">Joe</dependent>
          </dep>
          <dep type="xcomp">
            <governor idx="7">call</governor>
            <dependent idx="10">Bloggs</dependent>
          </dep>
          <dep type="nsubj">
            <governor idx="13">new</governor>
            <dependent idx="11">who</dependent>
          </dep>
          <dep type="cop">
            <governor idx="13">new</governor>
            <dependent idx="12">is</dependent>
          </dep>
          <dep type="acl:relcl">
            <governor idx="10">Bloggs</governor>
            <dependent idx="13">new</dependent>
          </dep>
          <dep type="case">
            <governor idx="16">business</governor>
            <dependent idx="14">to</dependent>
          </dep>
          <dep type="det">
            <governor idx="16">business</governor>
            <dependent idx="15">the</dependent>
          </dep>
          <dep type="nmod:to">
            <governor idx="13">new</governor>
            <dependent idx="16">business</dependent>
          </dep>
          <dep type="punct">
            <governor idx="2">have</governor>
            <dependent idx="17">.</dependent>
          </dep>
        </dependencies>
      </sentence>
      <sentence id="46">
        <tokens>
          <token id="1">
            <word>He</word>
            <lemma>he</lemma>
            <CharacterOffsetBegin>4372</CharacterOffsetBegin>
            <CharacterOffsetEnd>4374</CharacterOffsetEnd>
            <POS>PRP</POS>
            <NER>O</NER>
            <Speaker>PER0</Speaker>
          </token>
          <token id="2">
            <word>is</word>
            <lemma>be</lemma>
            <CharacterOffsetBegin>4375</CharacterOffsetBegin>
            <CharacterOffsetEnd>4377</CharacterOffsetEnd>
            <POS>VBZ</POS>
            <NER>O</NER>
            <Speaker>PER0</Speaker>
          </token>
          <token id="3">
            <word>still</word>
            <lemma>still</lemma>
            <CharacterOffsetBegin>4378</CharacterOffsetBegin>
            <CharacterOffsetEnd>4383</CharacterOffsetEnd>
            <POS>RB</POS>
            <NER>O</NER>
            <Speaker>PER0</Speaker>
          </token>
          <token id="4">
            <word>in</word>
            <lemma>in</lemma>
            <CharacterOffsetBegin>4384</CharacterOffsetBegin>
            <CharacterOffsetEnd>4386</CharacterOffsetEnd>
            <POS>IN</POS>
            <NER>O</NER>
            <Speaker>PER0</Speaker>
          </token>
          <token id="5">
            <word>the</word>
            <lemma>the</lemma>
            <CharacterOffsetBegin>4387</CharacterOffsetBegin>
            <CharacterOffsetEnd>4390</CharacterOffsetEnd>
            <POS>DT</POS>
            <NER>O</NER>
            <Speaker>PER0</Speaker>
          </token>
          <token id="6">
            <word>midst</word>
            <lemma>midst</lemma>
            <CharacterOffsetBegin>4391</CharacterOffsetBegin>
            <CharacterOffsetEnd>4396</CharacterOffsetEnd>
            <POS>NN</POS>
            <NER>O</NER>
            <Speaker>PER0</Speaker>
          </token>
          <token id="7">
            <word>of</word>
            <lemma>of</lemma>
            <CharacterOffsetBegin>4397</CharacterOffsetBegin>
            <CharacterOffsetEnd>4399</CharacterOffsetEnd>
            <POS>IN</POS>
            <NER>O</NER>
            <Speaker>PER0</Speaker>
          </token>
          <token id="8">
            <word>setting</word>
            <lemma>set</lemma>
            <CharacterOffsetBegin>4400</CharacterOffsetBegin>
            <CharacterOffsetEnd>4407</CharacterOffsetEnd>
            <POS>VBG</POS>
            <NER>O</NER>
            <Speaker>PER0</Speaker>
          </token>
          <token id="9">
            <word>up</word>
            <lemma>up</lemma>
            <CharacterOffsetBegin>4408</CharacterOffsetBegin>
            <CharacterOffsetEnd>4410</CharacterOffsetEnd>
            <POS>RP</POS>
            <NER>O</NER>
            <Speaker>PER0</Speaker>
          </token>
          <token id="10">
            <word>his</word>
            <lemma>he</lemma>
            <CharacterOffsetBegin>4411</CharacterOffsetBegin>
            <CharacterOffsetEnd>4414</CharacterOffsetEnd>
            <POS>PRP$</POS>
            <NER>O</NER>
            <Speaker>PER0</Speaker>
          </token>
          <token id="11">
            <word>corporate</word>
            <lemma>corporate</lemma>
            <CharacterOffsetBegin>4415</CharacterOffsetBegin>
            <CharacterOffsetEnd>4424</CharacterOffsetEnd>
            <POS>JJ</POS>
            <NER>O</NER>
            <Speaker>PER0</Speaker>
          </token>
          <token id="12">
            <word>structure</word>
            <lemma>structure</lemma>
            <CharacterOffsetBegin>4425</CharacterOffsetBegin>
            <CharacterOffsetEnd>4434</CharacterOffsetEnd>
            <POS>NN</POS>
            <NER>O</NER>
            <Speaker>PER0</Speaker>
          </token>
          <token id="13">
            <word>.</word>
            <lemma>.</lemma>
            <CharacterOffsetBegin>4434</CharacterOffsetBegin>
            <CharacterOffsetEnd>4435</CharacterOffsetEnd>
            <POS>.</POS>
            <NER>O</NER>
            <Speaker>PER0</Speaker>
          </token>
        </tokens>
        <parse>(ROOT (S (NP (PRP He)) (VP (VBZ is) (ADVP (RB still)) (PP (IN in) (NP (NP (DT the) (NN midst)) (PP (IN of) (S (VP (VBG setting) (PRT (RP up)) (NP (PRP$ his) (JJ corporate) (NN structure)))))))) (. .))) </parse>
        <dependencies type="basic-dependencies">
          <dep type="root">
            <governor idx="0">ROOT</governor>
            <dependent idx="6">midst</dependent>
          </dep>
          <dep type="nsubj">
            <governor idx="6">midst</governor>
            <dependent idx="1">He</dependent>
          </dep>
          <dep type="cop">
            <governor idx="6">midst</governor>
            <dependent idx="2">is</dependent>
          </dep>
          <dep type="advmod">
            <governor idx="6">midst</governor>
            <dependent idx="3">still</dependent>
          </dep>
          <dep type="case">
            <governor idx="6">midst</governor>
            <dependent idx="4">in</dependent>
          </dep>
          <dep type="det">
            <governor idx="6">midst</governor>
            <dependent idx="5">the</dependent>
          </dep>
          <dep type="mark">
            <governor idx="8">setting</governor>
            <dependent idx="7">of</dependent>
          </dep>
          <dep type="acl">
            <governor idx="6">midst</governor>
            <dependent idx="8">setting</dependent>
          </dep>
          <dep type="compound:prt">
            <governor idx="8">setting</governor>
            <dependent idx="9">up</dependent>
          </dep>
          <dep type="nmod:poss">
            <governor idx="12">structure</governor>
            <dependent idx="10">his</dependent>
          </dep>
          <dep type="amod">
            <governor idx="12">structure</governor>
            <dependent idx="11">corporate</dependent>
          </dep>
          <dep type="dobj">
            <governor idx="8">setting</governor>
            <dependent idx="12">structure</dependent>
          </dep>
          <dep type="punct">
            <governor idx="6">midst</governor>
            <dependent idx="13">.</dependent>
          </dep>
        </dependencies>
        <dependencies type="collapsed-dependencies">
          <dep type="root">
            <governor idx="0">ROOT</governor>
            <dependent idx="6">midst</dependent>
          </dep>
          <dep type="nsubj">
            <governor idx="6">midst</governor>
            <dependent idx="1">He</dependent>
          </dep>
          <dep type="cop">
            <governor idx="6">midst</governor>
            <dependent idx="2">is</dependent>
          </dep>
          <dep type="advmod">
            <governor idx="6">midst</governor>
            <dependent idx="3">still</dependent>
          </dep>
          <dep type="case">
            <governor idx="6">midst</governor>
            <dependent idx="4">in</dependent>
          </dep>
          <dep type="det">
            <governor idx="6">midst</governor>
            <dependent idx="5">the</dependent>
          </dep>
          <dep type="mark">
            <governor idx="8">setting</governor>
            <dependent idx="7">of</dependent>
          </dep>
          <dep type="acl">
            <governor idx="6">midst</governor>
            <dependent idx="8">setting</dependent>
          </dep>
          <dep type="compound:prt">
            <governor idx="8">setting</governor>
            <dependent idx="9">up</dependent>
          </dep>
          <dep type="nmod:poss">
            <governor idx="12">structure</governor>
            <dependent idx="10">his</dependent>
          </dep>
          <dep type="amod">
            <governor idx="12">structure</governor>
            <dependent idx="11">corporate</dependent>
          </dep>
          <dep type="dobj">
            <governor idx="8">setting</governor>
            <dependent idx="12">structure</dependent>
          </dep>
          <dep type="punct">
            <governor idx="6">midst</governor>
            <dependent idx="13">.</dependent>
          </dep>
        </dependencies>
        <dependencies type="collapsed-ccprocessed-dependencies">
          <dep type="root">
            <governor idx="0">ROOT</governor>
            <dependent idx="6">midst</dependent>
          </dep>
          <dep type="nsubj">
            <governor idx="6">midst</governor>
            <dependent idx="1">He</dependent>
          </dep>
          <dep type="cop">
            <governor idx="6">midst</governor>
            <dependent idx="2">is</dependent>
          </dep>
          <dep type="advmod">
            <governor idx="6">midst</governor>
            <dependent idx="3">still</dependent>
          </dep>
          <dep type="case">
            <governor idx="6">midst</governor>
            <dependent idx="4">in</dependent>
          </dep>
          <dep type="det">
            <governor idx="6">midst</governor>
            <dependent idx="5">the</dependent>
          </dep>
          <dep type="mark">
            <governor idx="8">setting</governor>
            <dependent idx="7">of</dependent>
          </dep>
          <dep type="acl">
            <governor idx="6">midst</governor>
            <dependent idx="8">setting</dependent>
          </dep>
          <dep type="compound:prt">
            <governor idx="8">setting</governor>
            <dependent idx="9">up</dependent>
          </dep>
          <dep type="nmod:poss">
            <governor idx="12">structure</governor>
            <dependent idx="10">his</dependent>
          </dep>
          <dep type="amod">
            <governor idx="12">structure</governor>
            <dependent idx="11">corporate</dependent>
          </dep>
          <dep type="dobj">
            <governor idx="8">setting</governor>
            <dependent idx="12">structure</dependent>
          </dep>
          <dep type="punct">
            <governor idx="6">midst</governor>
            <dependent idx="13">.</dependent>
          </dep>
        </dependencies>
      </sentence>
      <sentence id="47">
        <tokens>
          <token id="1">
            <word>He</word>
            <lemma>he</lemma>
            <CharacterOffsetBegin>4436</CharacterOffsetBegin>
            <CharacterOffsetEnd>4438</CharacterOffsetEnd>
            <POS>PRP</POS>
            <NER>O</NER>
            <Speaker>PER0</Speaker>
          </token>
          <token id="2">
            <word>'s</word>
            <lemma>be</lemma>
            <CharacterOffsetBegin>4438</CharacterOffsetBegin>
            <CharacterOffsetEnd>4440</CharacterOffsetEnd>
            <POS>VBZ</POS>
            <NER>O</NER>
            <Speaker>PER0</Speaker>
          </token>
          <token id="3">
            <word>in</word>
            <lemma>in</lemma>
            <CharacterOffsetBegin>4441</CharacterOffsetBegin>
            <CharacterOffsetEnd>4443</CharacterOffsetEnd>
            <POS>IN</POS>
            <NER>O</NER>
            <Speaker>PER0</Speaker>
          </token>
          <token id="4">
            <word>here</word>
            <lemma>here</lemma>
            <CharacterOffsetBegin>4444</CharacterOffsetBegin>
            <CharacterOffsetEnd>4448</CharacterOffsetEnd>
            <POS>RB</POS>
            <NER>O</NER>
            <Speaker>PER0</Speaker>
          </token>
          <token id="5">
            <word>to</word>
            <lemma>to</lemma>
            <CharacterOffsetBegin>4449</CharacterOffsetBegin>
            <CharacterOffsetEnd>4451</CharacterOffsetEnd>
            <POS>TO</POS>
            <NER>O</NER>
            <Speaker>PER0</Speaker>
          </token>
          <token id="6">
            <word>do</word>
            <lemma>do</lemma>
            <CharacterOffsetBegin>4452</CharacterOffsetBegin>
            <CharacterOffsetEnd>4454</CharacterOffsetEnd>
            <POS>VB</POS>
            <NER>O</NER>
            <Speaker>PER0</Speaker>
          </token>
          <token id="7">
            <word>a</word>
            <lemma>a</lemma>
            <CharacterOffsetBegin>4455</CharacterOffsetBegin>
            <CharacterOffsetEnd>4456</CharacterOffsetEnd>
            <POS>DT</POS>
            <NER>O</NER>
            <Speaker>PER0</Speaker>
          </token>
          <token id="8">
            <word>job</word>
            <lemma>job</lemma>
            <CharacterOffsetBegin>4457</CharacterOffsetBegin>
            <CharacterOffsetEnd>4460</CharacterOffsetEnd>
            <POS>NN</POS>
            <NER>O</NER>
            <Speaker>PER0</Speaker>
          </token>
          <token id="9">
            <word>and</word>
            <lemma>and</lemma>
            <CharacterOffsetBegin>4461</CharacterOffsetBegin>
            <CharacterOffsetEnd>4464</CharacterOffsetEnd>
            <POS>CC</POS>
            <NER>O</NER>
            <Speaker>PER0</Speaker>
          </token>
          <token id="10">
            <word>the</word>
            <lemma>the</lemma>
            <CharacterOffsetBegin>4465</CharacterOffsetBegin>
            <CharacterOffsetEnd>4468</CharacterOffsetEnd>
            <POS>DT</POS>
            <NER>O</NER>
            <Speaker>PER0</Speaker>
          </token>
          <token id="11">
            <word>Regional</word>
            <lemma>Regional</lemma>
            <CharacterOffsetBegin>4469</CharacterOffsetBegin>
            <CharacterOffsetEnd>4477</CharacterOffsetEnd>
            <POS>NNP</POS>
            <NER>O</NER>
            <Speaker>PER0</Speaker>
          </token>
          <token id="12">
            <word>Managing</word>
            <lemma>manage</lemma>
            <CharacterOffsetBegin>4478</CharacterOffsetBegin>
            <CharacterOffsetEnd>4486</CharacterOffsetEnd>
            <POS>VBG</POS>
            <NER>O</NER>
            <Speaker>PER0</Speaker>
          </token>
          <token id="13">
            <word>Director</word>
            <lemma>Director</lemma>
            <CharacterOffsetBegin>4487</CharacterOffsetBegin>
            <CharacterOffsetEnd>4495</CharacterOffsetEnd>
            <POS>NNP</POS>
            <NER>O</NER>
            <Speaker>PER0</Speaker>
          </token>
          <token id="14">
            <word>appointed</word>
            <lemma>appoint</lemma>
            <CharacterOffsetBegin>4496</CharacterOffsetBegin>
            <CharacterOffsetEnd>4505</CharacterOffsetEnd>
            <POS>VBD</POS>
            <NER>O</NER>
            <Speaker>PER0</Speaker>
          </token>
          <token id="15">
            <word>him</word>
            <lemma>he</lemma>
            <CharacterOffsetBegin>4506</CharacterOffsetBegin>
            <CharacterOffsetEnd>4509</CharacterOffsetEnd>
            <POS>PRP</POS>
            <NER>O</NER>
            <Speaker>PER0</Speaker>
          </token>
          <token id="16">
            <word>to</word>
            <lemma>to</lemma>
            <CharacterOffsetBegin>4510</CharacterOffsetBegin>
            <CharacterOffsetEnd>4512</CharacterOffsetEnd>
            <POS>TO</POS>
            <NER>O</NER>
            <Speaker>PER0</Speaker>
          </token>
          <token id="17">
            <word>do</word>
            <lemma>do</lemma>
            <CharacterOffsetBegin>4513</CharacterOffsetBegin>
            <CharacterOffsetEnd>4515</CharacterOffsetEnd>
            <POS>VB</POS>
            <NER>O</NER>
            <Speaker>PER0</Speaker>
          </token>
          <token id="18">
            <word>this</word>
            <lemma>this</lemma>
            <CharacterOffsetBegin>4516</CharacterOffsetBegin>
            <CharacterOffsetEnd>4520</CharacterOffsetEnd>
            <POS>DT</POS>
            <NER>O</NER>
            <Speaker>PER0</Speaker>
          </token>
          <token id="19">
            <word>job</word>
            <lemma>job</lemma>
            <CharacterOffsetBegin>4521</CharacterOffsetBegin>
            <CharacterOffsetEnd>4524</CharacterOffsetEnd>
            <POS>NN</POS>
            <NER>O</NER>
            <Speaker>PER0</Speaker>
          </token>
          <token id="20">
            <word>.</word>
            <lemma>.</lemma>
            <CharacterOffsetBegin>4524</CharacterOffsetBegin>
            <CharacterOffsetEnd>4525</CharacterOffsetEnd>
            <POS>.</POS>
            <NER>O</NER>
            <Speaker>PER0</Speaker>
          </token>
        </tokens>
        <parse>(ROOT (S (NP (PRP He)) (VP (VBZ 's) (PP (IN in) (NP (RB here))) (S (VP (TO to) (VP (VB do) (S (NP (NP (DT a) (NN job)) (CC and) (NP (DT the) (NNP Regional))) (VP (VBG Managing) (SBAR (S (NP (NNP Director)) (VP (VBD appointed) (S (NP (PRP him)) (VP (TO to) (VP (VB do) (NP (DT this) (NN job)))))))))))))) (. .))) </parse>
        <dependencies type="basic-dependencies">
          <dep type="root">
            <governor idx="0">ROOT</governor>
            <dependent idx="4">here</dependent>
          </dep>
          <dep type="nsubj">
            <governor idx="4">here</governor>
            <dependent idx="1">He</dependent>
          </dep>
          <dep type="cop">
            <governor idx="4">here</governor>
            <dependent idx="2">'s</dependent>
          </dep>
          <dep type="case">
            <governor idx="4">here</governor>
            <dependent idx="3">in</dependent>
          </dep>
          <dep type="mark">
            <governor idx="6">do</governor>
            <dependent idx="5">to</dependent>
          </dep>
          <dep type="xcomp">
            <governor idx="4">here</governor>
            <dependent idx="6">do</dependent>
          </dep>
          <dep type="det">
            <governor idx="8">job</governor>
            <dependent idx="7">a</dependent>
          </dep>
          <dep type="nsubj">
            <governor idx="12">Managing</governor>
            <dependent idx="8">job</dependent>
          </dep>
          <dep type="cc">
            <governor idx="8">job</governor>
            <dependent idx="9">and</dependent>
          </dep>
          <dep type="det">
            <governor idx="11">Regional</governor>
            <dependent idx="10">the</dependent>
          </dep>
          <dep type="conj">
            <governor idx="8">job</governor>
            <dependent idx="11">Regional</dependent>
          </dep>
          <dep type="dep">
            <governor idx="6">do</governor>
            <dependent idx="12">Managing</dependent>
          </dep>
          <dep type="nsubj">
            <governor idx="14">appointed</governor>
            <dependent idx="13">Director</dependent>
          </dep>
          <dep type="ccomp">
            <governor idx="12">Managing</governor>
            <dependent idx="14">appointed</dependent>
          </dep>
          <dep type="dobj">
            <governor idx="14">appointed</governor>
            <dependent idx="15">him</dependent>
          </dep>
          <dep type="mark">
            <governor idx="17">do</governor>
            <dependent idx="16">to</dependent>
          </dep>
          <dep type="xcomp">
            <governor idx="14">appointed</governor>
            <dependent idx="17">do</dependent>
          </dep>
          <dep type="det">
            <governor idx="19">job</governor>
            <dependent idx="18">this</dependent>
          </dep>
          <dep type="dobj">
            <governor idx="17">do</governor>
            <dependent idx="19">job</dependent>
          </dep>
          <dep type="punct">
            <governor idx="4">here</governor>
            <dependent idx="20">.</dependent>
          </dep>
        </dependencies>
        <dependencies type="collapsed-dependencies">
          <dep type="root">
            <governor idx="0">ROOT</governor>
            <dependent idx="4">here</dependent>
          </dep>
          <dep type="nsubj">
            <governor idx="4">here</governor>
            <dependent idx="1">He</dependent>
          </dep>
          <dep type="cop">
            <governor idx="4">here</governor>
            <dependent idx="2">'s</dependent>
          </dep>
          <dep type="case">
            <governor idx="4">here</governor>
            <dependent idx="3">in</dependent>
          </dep>
          <dep type="mark">
            <governor idx="6">do</governor>
            <dependent idx="5">to</dependent>
          </dep>
          <dep type="xcomp">
            <governor idx="4">here</governor>
            <dependent idx="6">do</dependent>
          </dep>
          <dep type="det">
            <governor idx="8">job</governor>
            <dependent idx="7">a</dependent>
          </dep>
          <dep type="nsubj">
            <governor idx="12">Managing</governor>
            <dependent idx="8">job</dependent>
          </dep>
          <dep type="cc">
            <governor idx="8">job</governor>
            <dependent idx="9">and</dependent>
          </dep>
          <dep type="det">
            <governor idx="11">Regional</governor>
            <dependent idx="10">the</dependent>
          </dep>
          <dep type="conj:and">
            <governor idx="8">job</governor>
            <dependent idx="11">Regional</dependent>
          </dep>
          <dep type="dep">
            <governor idx="6">do</governor>
            <dependent idx="12">Managing</dependent>
          </dep>
          <dep type="nsubj">
            <governor idx="14">appointed</governor>
            <dependent idx="13">Director</dependent>
          </dep>
          <dep type="ccomp">
            <governor idx="12">Managing</governor>
            <dependent idx="14">appointed</dependent>
          </dep>
          <dep type="dobj">
            <governor idx="14">appointed</governor>
            <dependent idx="15">him</dependent>
          </dep>
          <dep type="mark">
            <governor idx="17">do</governor>
            <dependent idx="16">to</dependent>
          </dep>
          <dep type="xcomp">
            <governor idx="14">appointed</governor>
            <dependent idx="17">do</dependent>
          </dep>
          <dep type="det">
            <governor idx="19">job</governor>
            <dependent idx="18">this</dependent>
          </dep>
          <dep type="dobj">
            <governor idx="17">do</governor>
            <dependent idx="19">job</dependent>
          </dep>
          <dep type="punct">
            <governor idx="4">here</governor>
            <dependent idx="20">.</dependent>
          </dep>
        </dependencies>
        <dependencies type="collapsed-ccprocessed-dependencies">
          <dep type="root">
            <governor idx="0">ROOT</governor>
            <dependent idx="4">here</dependent>
          </dep>
          <dep type="nsubj">
            <governor idx="4">here</governor>
            <dependent idx="1">He</dependent>
          </dep>
          <dep type="cop">
            <governor idx="4">here</governor>
            <dependent idx="2">'s</dependent>
          </dep>
          <dep type="case">
            <governor idx="4">here</governor>
            <dependent idx="3">in</dependent>
          </dep>
          <dep type="mark">
            <governor idx="6">do</governor>
            <dependent idx="5">to</dependent>
          </dep>
          <dep type="xcomp">
            <governor idx="4">here</governor>
            <dependent idx="6">do</dependent>
          </dep>
          <dep type="det">
            <governor idx="8">job</governor>
            <dependent idx="7">a</dependent>
          </dep>
          <dep type="nsubj">
            <governor idx="12">Managing</governor>
            <dependent idx="8">job</dependent>
          </dep>
          <dep type="cc">
            <governor idx="8">job</governor>
            <dependent idx="9">and</dependent>
          </dep>
          <dep type="det">
            <governor idx="11">Regional</governor>
            <dependent idx="10">the</dependent>
          </dep>
          <dep type="conj:and">
            <governor idx="8">job</governor>
            <dependent idx="11">Regional</dependent>
          </dep>
          <dep type="nsubj" extra="true">
            <governor idx="12">Managing</governor>
            <dependent idx="11">Regional</dependent>
          </dep>
          <dep type="dep">
            <governor idx="6">do</governor>
            <dependent idx="12">Managing</dependent>
          </dep>
          <dep type="nsubj">
            <governor idx="14">appointed</governor>
            <dependent idx="13">Director</dependent>
          </dep>
          <dep type="ccomp">
            <governor idx="12">Managing</governor>
            <dependent idx="14">appointed</dependent>
          </dep>
          <dep type="dobj">
            <governor idx="14">appointed</governor>
            <dependent idx="15">him</dependent>
          </dep>
          <dep type="mark">
            <governor idx="17">do</governor>
            <dependent idx="16">to</dependent>
          </dep>
          <dep type="xcomp">
            <governor idx="14">appointed</governor>
            <dependent idx="17">do</dependent>
          </dep>
          <dep type="det">
            <governor idx="19">job</governor>
            <dependent idx="18">this</dependent>
          </dep>
          <dep type="dobj">
            <governor idx="17">do</governor>
            <dependent idx="19">job</dependent>
          </dep>
          <dep type="punct">
            <governor idx="4">here</governor>
            <dependent idx="20">.</dependent>
          </dep>
        </dependencies>
      </sentence>
      <sentence id="48">
        <tokens>
          <token id="1">
            <word>However</word>
            <lemma>however</lemma>
            <CharacterOffsetBegin>4526</CharacterOffsetBegin>
            <CharacterOffsetEnd>4533</CharacterOffsetEnd>
            <POS>RB</POS>
            <NER>O</NER>
            <Speaker>PER0</Speaker>
          </token>
          <token id="2">
            <word>I</word>
            <lemma>I</lemma>
            <CharacterOffsetBegin>4534</CharacterOffsetBegin>
            <CharacterOffsetEnd>4535</CharacterOffsetEnd>
            <POS>PRP</POS>
            <NER>O</NER>
            <Speaker>PER0</Speaker>
          </token>
          <token id="3">
            <word>have</word>
            <lemma>have</lemma>
            <CharacterOffsetBegin>4536</CharacterOffsetBegin>
            <CharacterOffsetEnd>4540</CharacterOffsetEnd>
            <POS>VBP</POS>
            <NER>O</NER>
            <Speaker>PER0</Speaker>
          </token>
          <token id="4">
            <word>learnt</word>
            <lemma>learn</lemma>
            <CharacterOffsetBegin>4541</CharacterOffsetBegin>
            <CharacterOffsetEnd>4547</CharacterOffsetEnd>
            <POS>VBN</POS>
            <NER>O</NER>
            <Speaker>PER0</Speaker>
          </token>
          <token id="5">
            <word>that</word>
            <lemma>that</lemma>
            <CharacterOffsetBegin>4548</CharacterOffsetBegin>
            <CharacterOffsetEnd>4552</CharacterOffsetEnd>
            <POS>IN</POS>
            <NER>O</NER>
            <Speaker>PER0</Speaker>
          </token>
          <token id="6">
            <word>he</word>
            <lemma>he</lemma>
            <CharacterOffsetBegin>4553</CharacterOffsetBegin>
            <CharacterOffsetEnd>4555</CharacterOffsetEnd>
            <POS>PRP</POS>
            <NER>O</NER>
            <Speaker>PER0</Speaker>
          </token>
          <token id="7">
            <word>may</word>
            <lemma>may</lemma>
            <CharacterOffsetBegin>4556</CharacterOffsetBegin>
            <CharacterOffsetEnd>4559</CharacterOffsetEnd>
            <POS>MD</POS>
            <NER>O</NER>
            <Speaker>PER0</Speaker>
          </token>
          <token id="8">
            <word>be</word>
            <lemma>be</lemma>
            <CharacterOffsetBegin>4560</CharacterOffsetBegin>
            <CharacterOffsetEnd>4562</CharacterOffsetEnd>
            <POS>VB</POS>
            <NER>O</NER>
            <Speaker>PER0</Speaker>
          </token>
          <token id="9">
            <word>excelling</word>
            <lemma>excel</lemma>
            <CharacterOffsetBegin>4563</CharacterOffsetBegin>
            <CharacterOffsetEnd>4572</CharacterOffsetEnd>
            <POS>VBG</POS>
            <NER>O</NER>
            <Speaker>PER0</Speaker>
          </token>
          <token id="10">
            <word>his</word>
            <lemma>he</lemma>
            <CharacterOffsetBegin>4573</CharacterOffsetBegin>
            <CharacterOffsetEnd>4576</CharacterOffsetEnd>
            <POS>PRP$</POS>
            <NER>O</NER>
            <Speaker>PER0</Speaker>
          </token>
          <token id="11">
            <word>Key</word>
            <lemma>Key</lemma>
            <CharacterOffsetBegin>4577</CharacterOffsetBegin>
            <CharacterOffsetEnd>4580</CharacterOffsetEnd>
            <POS>NNP</POS>
            <NER>O</NER>
            <Speaker>PER0</Speaker>
          </token>
          <token id="12">
            <word>Performance</word>
            <lemma>Performance</lemma>
            <CharacterOffsetBegin>4581</CharacterOffsetBegin>
            <CharacterOffsetEnd>4592</CharacterOffsetEnd>
            <POS>NNP</POS>
            <NER>O</NER>
            <Speaker>PER0</Speaker>
          </token>
          <token id="13">
            <word>Indicators</word>
            <lemma>Indicators</lemma>
            <CharacterOffsetBegin>4593</CharacterOffsetBegin>
            <CharacterOffsetEnd>4603</CharacterOffsetEnd>
            <POS>NNPS</POS>
            <NER>O</NER>
            <Speaker>PER0</Speaker>
          </token>
          <token id="14">
            <word>by</word>
            <lemma>by</lemma>
            <CharacterOffsetBegin>4604</CharacterOffsetBegin>
            <CharacterOffsetEnd>4606</CharacterOffsetEnd>
            <POS>IN</POS>
            <NER>O</NER>
            <Speaker>PER0</Speaker>
          </token>
          <token id="15">
            <word>winning</word>
            <lemma>win</lemma>
            <CharacterOffsetBegin>4607</CharacterOffsetBegin>
            <CharacterOffsetEnd>4614</CharacterOffsetEnd>
            <POS>VBG</POS>
            <NER>O</NER>
            <Speaker>PER0</Speaker>
          </token>
          <token id="16">
            <word>sales</word>
            <lemma>sale</lemma>
            <CharacterOffsetBegin>4615</CharacterOffsetBegin>
            <CharacterOffsetEnd>4620</CharacterOffsetEnd>
            <POS>NNS</POS>
            <NER>O</NER>
            <Speaker>PER0</Speaker>
          </token>
          <token id="17">
            <word>but</word>
            <lemma>but</lemma>
            <CharacterOffsetBegin>4621</CharacterOffsetBegin>
            <CharacterOffsetEnd>4624</CharacterOffsetEnd>
            <POS>CC</POS>
            <NER>O</NER>
            <Speaker>PER0</Speaker>
          </token>
          <token id="18">
            <word>he</word>
            <lemma>he</lemma>
            <CharacterOffsetBegin>4625</CharacterOffsetBegin>
            <CharacterOffsetEnd>4627</CharacterOffsetEnd>
            <POS>PRP</POS>
            <NER>O</NER>
            <Speaker>PER0</Speaker>
          </token>
          <token id="19">
            <word>is</word>
            <lemma>be</lemma>
            <CharacterOffsetBegin>4628</CharacterOffsetBegin>
            <CharacterOffsetEnd>4630</CharacterOffsetEnd>
            <POS>VBZ</POS>
            <NER>O</NER>
            <Speaker>PER0</Speaker>
          </token>
          <token id="20">
            <word>damaging</word>
            <lemma>damage</lemma>
            <CharacterOffsetBegin>4631</CharacterOffsetBegin>
            <CharacterOffsetEnd>4639</CharacterOffsetEnd>
            <POS>VBG</POS>
            <NER>O</NER>
            <Speaker>PER0</Speaker>
          </token>
          <token id="21">
            <word>the</word>
            <lemma>the</lemma>
            <CharacterOffsetBegin>4640</CharacterOffsetBegin>
            <CharacterOffsetEnd>4643</CharacterOffsetEnd>
            <POS>DT</POS>
            <NER>O</NER>
            <Speaker>PER0</Speaker>
          </token>
          <token id="22">
            <word>corporate</word>
            <lemma>corporate</lemma>
            <CharacterOffsetBegin>4644</CharacterOffsetBegin>
            <CharacterOffsetEnd>4653</CharacterOffsetEnd>
            <POS>JJ</POS>
            <NER>O</NER>
            <Speaker>PER0</Speaker>
          </token>
          <token id="23">
            <word>culture</word>
            <lemma>culture</lemma>
            <CharacterOffsetBegin>4654</CharacterOffsetBegin>
            <CharacterOffsetEnd>4661</CharacterOffsetEnd>
            <POS>NN</POS>
            <NER>O</NER>
            <Speaker>PER0</Speaker>
          </token>
          <token id="24">
            <word>through</word>
            <lemma>through</lemma>
            <CharacterOffsetBegin>4662</CharacterOffsetBegin>
            <CharacterOffsetEnd>4669</CharacterOffsetEnd>
            <POS>IN</POS>
            <NER>O</NER>
            <Speaker>PER0</Speaker>
          </token>
          <token id="25">
            <word>his</word>
            <lemma>he</lemma>
            <CharacterOffsetBegin>4670</CharacterOffsetBegin>
            <CharacterOffsetEnd>4673</CharacterOffsetEnd>
            <POS>PRP$</POS>
            <NER>O</NER>
            <Speaker>PER0</Speaker>
          </token>
          <token id="26">
            <word>aggressive</word>
            <lemma>aggressive</lemma>
            <CharacterOffsetBegin>4674</CharacterOffsetBegin>
            <CharacterOffsetEnd>4684</CharacterOffsetEnd>
            <POS>JJ</POS>
            <NER>O</NER>
            <Speaker>PER0</Speaker>
          </token>
          <token id="27">
            <word>,</word>
            <lemma>,</lemma>
            <CharacterOffsetBegin>4684</CharacterOffsetBegin>
            <CharacterOffsetEnd>4685</CharacterOffsetEnd>
            <POS>,</POS>
            <NER>O</NER>
            <Speaker>PER0</Speaker>
          </token>
          <token id="28">
            <word>insensitive</word>
            <lemma>insensitive</lemma>
            <CharacterOffsetBegin>4686</CharacterOffsetBegin>
            <CharacterOffsetEnd>4697</CharacterOffsetEnd>
            <POS>JJ</POS>
            <NER>O</NER>
            <Speaker>PER0</Speaker>
          </token>
          <token id="29">
            <word>,</word>
            <lemma>,</lemma>
            <CharacterOffsetBegin>4697</CharacterOffsetBegin>
            <CharacterOffsetEnd>4698</CharacterOffsetEnd>
            <POS>,</POS>
            <NER>O</NER>
            <Speaker>PER0</Speaker>
          </token>
          <token id="30">
            <word>calculated</word>
            <lemma>calculated</lemma>
            <CharacterOffsetBegin>4699</CharacterOffsetBegin>
            <CharacterOffsetEnd>4709</CharacterOffsetEnd>
            <POS>JJ</POS>
            <NER>O</NER>
            <Speaker>PER0</Speaker>
          </token>
          <token id="31">
            <word>and</word>
            <lemma>and</lemma>
            <CharacterOffsetBegin>4710</CharacterOffsetBegin>
            <CharacterOffsetEnd>4713</CharacterOffsetEnd>
            <POS>CC</POS>
            <NER>O</NER>
            <Speaker>PER0</Speaker>
          </token>
          <token id="32">
            <word>borderline</word>
            <lemma>borderline</lemma>
            <CharacterOffsetBegin>4714</CharacterOffsetBegin>
            <CharacterOffsetEnd>4724</CharacterOffsetEnd>
            <POS>JJ</POS>
            <NER>O</NER>
            <Speaker>PER0</Speaker>
          </token>
          <token id="33">
            <word>bullying</word>
            <lemma>bullying</lemma>
            <CharacterOffsetBegin>4725</CharacterOffsetBegin>
            <CharacterOffsetEnd>4733</CharacterOffsetEnd>
            <POS>NN</POS>
            <NER>O</NER>
            <Speaker>PER0</Speaker>
          </token>
          <token id="34">
            <word>and</word>
            <lemma>and</lemma>
            <CharacterOffsetBegin>4734</CharacterOffsetBegin>
            <CharacterOffsetEnd>4737</CharacterOffsetEnd>
            <POS>CC</POS>
            <NER>O</NER>
            <Speaker>PER0</Speaker>
          </token>
          <token id="35">
            <word>discriminating</word>
            <lemma>discriminate</lemma>
            <CharacterOffsetBegin>4738</CharacterOffsetBegin>
            <CharacterOffsetEnd>4752</CharacterOffsetEnd>
            <POS>VBG</POS>
            <NER>O</NER>
            <Speaker>PER0</Speaker>
          </token>
          <token id="36">
            <word>behaviours</word>
            <lemma>behaviour</lemma>
            <CharacterOffsetBegin>4753</CharacterOffsetBegin>
            <CharacterOffsetEnd>4763</CharacterOffsetEnd>
            <POS>NNS</POS>
            <NER>O</NER>
            <Speaker>PER0</Speaker>
          </token>
          <token id="37">
            <word>which</word>
            <lemma>which</lemma>
            <CharacterOffsetBegin>4764</CharacterOffsetBegin>
            <CharacterOffsetEnd>4769</CharacterOffsetEnd>
            <POS>WDT</POS>
            <NER>O</NER>
            <Speaker>PER0</Speaker>
          </token>
          <token id="38">
            <word>are</word>
            <lemma>be</lemma>
            <CharacterOffsetBegin>4770</CharacterOffsetBegin>
            <CharacterOffsetEnd>4773</CharacterOffsetEnd>
            <POS>VBP</POS>
            <NER>O</NER>
            <Speaker>PER0</Speaker>
          </token>
          <token id="39">
            <word>impacting</word>
            <lemma>impact</lemma>
            <CharacterOffsetBegin>4774</CharacterOffsetBegin>
            <CharacterOffsetEnd>4783</CharacterOffsetEnd>
            <POS>VBG</POS>
            <NER>O</NER>
            <Speaker>PER0</Speaker>
          </token>
          <token id="40">
            <word>employee</word>
            <lemma>employee</lemma>
            <CharacterOffsetBegin>4784</CharacterOffsetBegin>
            <CharacterOffsetEnd>4792</CharacterOffsetEnd>
            <POS>NN</POS>
            <NER>O</NER>
            <Speaker>PER0</Speaker>
          </token>
          <token id="41">
            <word>morale</word>
            <lemma>morale</lemma>
            <CharacterOffsetBegin>4793</CharacterOffsetBegin>
            <CharacterOffsetEnd>4799</CharacterOffsetEnd>
            <POS>NN</POS>
            <NER>O</NER>
            <Speaker>PER0</Speaker>
          </token>
          <token id="42">
            <word>.</word>
            <lemma>.</lemma>
            <CharacterOffsetBegin>4799</CharacterOffsetBegin>
            <CharacterOffsetEnd>4800</CharacterOffsetEnd>
            <POS>.</POS>
            <NER>O</NER>
            <Speaker>PER0</Speaker>
          </token>
        </tokens>
        <parse>(ROOT (S (S (ADVP (RB However)) (NP (PRP I)) (VP (VBP have) (VP (VBN learnt) (SBAR (IN that) (S (NP (PRP he)) (VP (MD may) (VP (VB be) (VP (VBG excelling) (NP (NP (PRP$ his) (NNP Key) (NNP Performance) (NNPS Indicators)) (PP (IN by) (NP (VBG winning) (NNS sales)))))))))))) (CC but) (S (NP (PRP he)) (VP (VBZ is) (VP (VP (VBG damaging) (NP (DT the) (JJ corporate) (NN culture)) (PP (IN through) (NP (PRP$ his) (ADJP (JJ aggressive) (, ,) (JJ insensitive) (, ,) (JJ calculated) (CC and) (JJ borderline)) (NN bullying)))) (CC and) (VP (VBG discriminating) (NP (NP (NNS behaviours)) (SBAR (WHNP (WDT which)) (S (VP (VBP are) (VP (VBG impacting) (NP (NN employee) (NN morale))))))))))) (. .))) </parse>
        <dependencies type="basic-dependencies">
          <dep type="root">
            <governor idx="0">ROOT</governor>
            <dependent idx="4">learnt</dependent>
          </dep>
          <dep type="advmod">
            <governor idx="4">learnt</governor>
            <dependent idx="1">However</dependent>
          </dep>
          <dep type="nsubj">
            <governor idx="4">learnt</governor>
            <dependent idx="2">I</dependent>
          </dep>
          <dep type="aux">
            <governor idx="4">learnt</governor>
            <dependent idx="3">have</dependent>
          </dep>
          <dep type="mark">
            <governor idx="9">excelling</governor>
            <dependent idx="5">that</dependent>
          </dep>
          <dep type="nsubj">
            <governor idx="9">excelling</governor>
            <dependent idx="6">he</dependent>
          </dep>
          <dep type="aux">
            <governor idx="9">excelling</governor>
            <dependent idx="7">may</dependent>
          </dep>
          <dep type="aux">
            <governor idx="9">excelling</governor>
            <dependent idx="8">be</dependent>
          </dep>
          <dep type="ccomp">
            <governor idx="4">learnt</governor>
            <dependent idx="9">excelling</dependent>
          </dep>
          <dep type="nmod:poss">
            <governor idx="13">Indicators</governor>
            <dependent idx="10">his</dependent>
          </dep>
          <dep type="compound">
            <governor idx="13">Indicators</governor>
            <dependent idx="11">Key</dependent>
          </dep>
          <dep type="compound">
            <governor idx="13">Indicators</governor>
            <dependent idx="12">Performance</dependent>
          </dep>
          <dep type="dobj">
            <governor idx="9">excelling</governor>
            <dependent idx="13">Indicators</dependent>
          </dep>
          <dep type="case">
            <governor idx="16">sales</governor>
            <dependent idx="14">by</dependent>
          </dep>
          <dep type="amod">
            <governor idx="16">sales</governor>
            <dependent idx="15">winning</dependent>
          </dep>
          <dep type="nmod">
            <governor idx="13">Indicators</governor>
            <dependent idx="16">sales</dependent>
          </dep>
          <dep type="cc">
            <governor idx="4">learnt</governor>
            <dependent idx="17">but</dependent>
          </dep>
          <dep type="nsubj">
            <governor idx="20">damaging</governor>
            <dependent idx="18">he</dependent>
          </dep>
          <dep type="aux">
            <governor idx="20">damaging</governor>
            <dependent idx="19">is</dependent>
          </dep>
          <dep type="conj">
            <governor idx="4">learnt</governor>
            <dependent idx="20">damaging</dependent>
          </dep>
          <dep type="det">
            <governor idx="23">culture</governor>
            <dependent idx="21">the</dependent>
          </dep>
          <dep type="amod">
            <governor idx="23">culture</governor>
            <dependent idx="22">corporate</dependent>
          </dep>
          <dep type="dobj">
            <governor idx="20">damaging</governor>
            <dependent idx="23">culture</dependent>
          </dep>
          <dep type="case">
            <governor idx="33">bullying</governor>
            <dependent idx="24">through</dependent>
          </dep>
          <dep type="nmod:poss">
            <governor idx="33">bullying</governor>
            <dependent idx="25">his</dependent>
          </dep>
          <dep type="amod">
            <governor idx="33">bullying</governor>
            <dependent idx="26">aggressive</dependent>
          </dep>
          <dep type="punct">
            <governor idx="26">aggressive</governor>
            <dependent idx="27">,</dependent>
          </dep>
          <dep type="conj">
            <governor idx="26">aggressive</governor>
            <dependent idx="28">insensitive</dependent>
          </dep>
          <dep type="punct">
            <governor idx="26">aggressive</governor>
            <dependent idx="29">,</dependent>
          </dep>
          <dep type="conj">
            <governor idx="26">aggressive</governor>
            <dependent idx="30">calculated</dependent>
          </dep>
          <dep type="cc">
            <governor idx="26">aggressive</governor>
            <dependent idx="31">and</dependent>
          </dep>
          <dep type="conj">
            <governor idx="26">aggressive</governor>
            <dependent idx="32">borderline</dependent>
          </dep>
          <dep type="nmod">
            <governor idx="20">damaging</governor>
            <dependent idx="33">bullying</dependent>
          </dep>
          <dep type="cc">
            <governor idx="20">damaging</governor>
            <dependent idx="34">and</dependent>
          </dep>
          <dep type="conj">
            <governor idx="20">damaging</governor>
            <dependent idx="35">discriminating</dependent>
          </dep>
          <dep type="dobj">
            <governor idx="35">discriminating</governor>
            <dependent idx="36">behaviours</dependent>
          </dep>
          <dep type="nsubj">
            <governor idx="39">impacting</governor>
            <dependent idx="37">which</dependent>
          </dep>
          <dep type="aux">
            <governor idx="39">impacting</governor>
            <dependent idx="38">are</dependent>
          </dep>
          <dep type="acl:relcl">
            <governor idx="36">behaviours</governor>
            <dependent idx="39">impacting</dependent>
          </dep>
          <dep type="compound">
            <governor idx="41">morale</governor>
            <dependent idx="40">employee</dependent>
          </dep>
          <dep type="dobj">
            <governor idx="39">impacting</governor>
            <dependent idx="41">morale</dependent>
          </dep>
          <dep type="punct">
            <governor idx="4">learnt</governor>
            <dependent idx="42">.</dependent>
          </dep>
        </dependencies>
        <dependencies type="collapsed-dependencies">
          <dep type="root">
            <governor idx="0">ROOT</governor>
            <dependent idx="4">learnt</dependent>
          </dep>
          <dep type="advmod">
            <governor idx="4">learnt</governor>
            <dependent idx="1">However</dependent>
          </dep>
          <dep type="nsubj">
            <governor idx="4">learnt</governor>
            <dependent idx="2">I</dependent>
          </dep>
          <dep type="aux">
            <governor idx="4">learnt</governor>
            <dependent idx="3">have</dependent>
          </dep>
          <dep type="mark">
            <governor idx="9">excelling</governor>
            <dependent idx="5">that</dependent>
          </dep>
          <dep type="nsubj">
            <governor idx="9">excelling</governor>
            <dependent idx="6">he</dependent>
          </dep>
          <dep type="aux">
            <governor idx="9">excelling</governor>
            <dependent idx="7">may</dependent>
          </dep>
          <dep type="aux">
            <governor idx="9">excelling</governor>
            <dependent idx="8">be</dependent>
          </dep>
          <dep type="ccomp">
            <governor idx="4">learnt</governor>
            <dependent idx="9">excelling</dependent>
          </dep>
          <dep type="nmod:poss">
            <governor idx="13">Indicators</governor>
            <dependent idx="10">his</dependent>
          </dep>
          <dep type="compound">
            <governor idx="13">Indicators</governor>
            <dependent idx="11">Key</dependent>
          </dep>
          <dep type="compound">
            <governor idx="13">Indicators</governor>
            <dependent idx="12">Performance</dependent>
          </dep>
          <dep type="dobj">
            <governor idx="9">excelling</governor>
            <dependent idx="13">Indicators</dependent>
          </dep>
          <dep type="case">
            <governor idx="16">sales</governor>
            <dependent idx="14">by</dependent>
          </dep>
          <dep type="amod">
            <governor idx="16">sales</governor>
            <dependent idx="15">winning</dependent>
          </dep>
          <dep type="nmod:by">
            <governor idx="13">Indicators</governor>
            <dependent idx="16">sales</dependent>
          </dep>
          <dep type="cc">
            <governor idx="4">learnt</governor>
            <dependent idx="17">but</dependent>
          </dep>
          <dep type="nsubj">
            <governor idx="20">damaging</governor>
            <dependent idx="18">he</dependent>
          </dep>
          <dep type="aux">
            <governor idx="20">damaging</governor>
            <dependent idx="19">is</dependent>
          </dep>
          <dep type="conj:but">
            <governor idx="4">learnt</governor>
            <dependent idx="20">damaging</dependent>
          </dep>
          <dep type="det">
            <governor idx="23">culture</governor>
            <dependent idx="21">the</dependent>
          </dep>
          <dep type="amod">
            <governor idx="23">culture</governor>
            <dependent idx="22">corporate</dependent>
          </dep>
          <dep type="dobj">
            <governor idx="20">damaging</governor>
            <dependent idx="23">culture</dependent>
          </dep>
          <dep type="case">
            <governor idx="33">bullying</governor>
            <dependent idx="24">through</dependent>
          </dep>
          <dep type="nmod:poss">
            <governor idx="33">bullying</governor>
            <dependent idx="25">his</dependent>
          </dep>
          <dep type="amod">
            <governor idx="33">bullying</governor>
            <dependent idx="26">aggressive</dependent>
          </dep>
          <dep type="punct">
            <governor idx="26">aggressive</governor>
            <dependent idx="27">,</dependent>
          </dep>
          <dep type="conj:and">
            <governor idx="26">aggressive</governor>
            <dependent idx="28">insensitive</dependent>
          </dep>
          <dep type="punct">
            <governor idx="26">aggressive</governor>
            <dependent idx="29">,</dependent>
          </dep>
          <dep type="conj:and">
            <governor idx="26">aggressive</governor>
            <dependent idx="30">calculated</dependent>
          </dep>
          <dep type="cc">
            <governor idx="26">aggressive</governor>
            <dependent idx="31">and</dependent>
          </dep>
          <dep type="conj:and">
            <governor idx="26">aggressive</governor>
            <dependent idx="32">borderline</dependent>
          </dep>
          <dep type="nmod:through">
            <governor idx="20">damaging</governor>
            <dependent idx="33">bullying</dependent>
          </dep>
          <dep type="cc">
            <governor idx="20">damaging</governor>
            <dependent idx="34">and</dependent>
          </dep>
          <dep type="conj:and">
            <governor idx="20">damaging</governor>
            <dependent idx="35">discriminating</dependent>
          </dep>
          <dep type="dobj">
            <governor idx="35">discriminating</governor>
            <dependent idx="36">behaviours</dependent>
          </dep>
          <dep type="nsubj">
            <governor idx="39">impacting</governor>
            <dependent idx="37">which</dependent>
          </dep>
          <dep type="aux">
            <governor idx="39">impacting</governor>
            <dependent idx="38">are</dependent>
          </dep>
          <dep type="acl:relcl">
            <governor idx="36">behaviours</governor>
            <dependent idx="39">impacting</dependent>
          </dep>
          <dep type="compound">
            <governor idx="41">morale</governor>
            <dependent idx="40">employee</dependent>
          </dep>
          <dep type="dobj">
            <governor idx="39">impacting</governor>
            <dependent idx="41">morale</dependent>
          </dep>
          <dep type="punct">
            <governor idx="4">learnt</governor>
            <dependent idx="42">.</dependent>
          </dep>
        </dependencies>
        <dependencies type="collapsed-ccprocessed-dependencies">
          <dep type="root">
            <governor idx="0">ROOT</governor>
            <dependent idx="4">learnt</dependent>
          </dep>
          <dep type="advmod">
            <governor idx="4">learnt</governor>
            <dependent idx="1">However</dependent>
          </dep>
          <dep type="nsubj">
            <governor idx="4">learnt</governor>
            <dependent idx="2">I</dependent>
          </dep>
          <dep type="aux">
            <governor idx="4">learnt</governor>
            <dependent idx="3">have</dependent>
          </dep>
          <dep type="mark">
            <governor idx="9">excelling</governor>
            <dependent idx="5">that</dependent>
          </dep>
          <dep type="nsubj">
            <governor idx="9">excelling</governor>
            <dependent idx="6">he</dependent>
          </dep>
          <dep type="aux">
            <governor idx="9">excelling</governor>
            <dependent idx="7">may</dependent>
          </dep>
          <dep type="aux">
            <governor idx="9">excelling</governor>
            <dependent idx="8">be</dependent>
          </dep>
          <dep type="ccomp">
            <governor idx="4">learnt</governor>
            <dependent idx="9">excelling</dependent>
          </dep>
          <dep type="nmod:poss">
            <governor idx="13">Indicators</governor>
            <dependent idx="10">his</dependent>
          </dep>
          <dep type="compound">
            <governor idx="13">Indicators</governor>
            <dependent idx="11">Key</dependent>
          </dep>
          <dep type="compound">
            <governor idx="13">Indicators</governor>
            <dependent idx="12">Performance</dependent>
          </dep>
          <dep type="dobj">
            <governor idx="9">excelling</governor>
            <dependent idx="13">Indicators</dependent>
          </dep>
          <dep type="case">
            <governor idx="16">sales</governor>
            <dependent idx="14">by</dependent>
          </dep>
          <dep type="amod">
            <governor idx="16">sales</governor>
            <dependent idx="15">winning</dependent>
          </dep>
          <dep type="nmod:by">
            <governor idx="13">Indicators</governor>
            <dependent idx="16">sales</dependent>
          </dep>
          <dep type="cc">
            <governor idx="4">learnt</governor>
            <dependent idx="17">but</dependent>
          </dep>
          <dep type="nsubj">
            <governor idx="20">damaging</governor>
            <dependent idx="18">he</dependent>
          </dep>
          <dep type="nsubj" extra="true">
            <governor idx="35">discriminating</governor>
            <dependent idx="18">he</dependent>
          </dep>
          <dep type="aux">
            <governor idx="20">damaging</governor>
            <dependent idx="19">is</dependent>
          </dep>
          <dep type="conj:but">
            <governor idx="4">learnt</governor>
            <dependent idx="20">damaging</dependent>
          </dep>
          <dep type="det">
            <governor idx="23">culture</governor>
            <dependent idx="21">the</dependent>
          </dep>
          <dep type="amod">
            <governor idx="23">culture</governor>
            <dependent idx="22">corporate</dependent>
          </dep>
          <dep type="dobj">
            <governor idx="20">damaging</governor>
            <dependent idx="23">culture</dependent>
          </dep>
          <dep type="case">
            <governor idx="33">bullying</governor>
            <dependent idx="24">through</dependent>
          </dep>
          <dep type="nmod:poss">
            <governor idx="33">bullying</governor>
            <dependent idx="25">his</dependent>
          </dep>
          <dep type="amod">
            <governor idx="33">bullying</governor>
            <dependent idx="26">aggressive</dependent>
          </dep>
          <dep type="punct">
            <governor idx="26">aggressive</governor>
            <dependent idx="27">,</dependent>
          </dep>
          <dep type="conj:and">
            <governor idx="26">aggressive</governor>
            <dependent idx="28">insensitive</dependent>
          </dep>
          <dep type="amod" extra="true">
            <governor idx="33">bullying</governor>
            <dependent idx="28">insensitive</dependent>
          </dep>
          <dep type="punct">
            <governor idx="26">aggressive</governor>
            <dependent idx="29">,</dependent>
          </dep>
          <dep type="conj:and">
            <governor idx="26">aggressive</governor>
            <dependent idx="30">calculated</dependent>
          </dep>
          <dep type="amod" extra="true">
            <governor idx="33">bullying</governor>
            <dependent idx="30">calculated</dependent>
          </dep>
          <dep type="cc">
            <governor idx="26">aggressive</governor>
            <dependent idx="31">and</dependent>
          </dep>
          <dep type="conj:and">
            <governor idx="26">aggressive</governor>
            <dependent idx="32">borderline</dependent>
          </dep>
          <dep type="amod" extra="true">
            <governor idx="33">bullying</governor>
            <dependent idx="32">borderline</dependent>
          </dep>
          <dep type="nmod:through">
            <governor idx="20">damaging</governor>
            <dependent idx="33">bullying</dependent>
          </dep>
          <dep type="cc">
            <governor idx="20">damaging</governor>
            <dependent idx="34">and</dependent>
          </dep>
          <dep type="conj:but" extra="true">
            <governor idx="4">learnt</governor>
            <dependent idx="35">discriminating</dependent>
          </dep>
          <dep type="conj:and">
            <governor idx="20">damaging</governor>
            <dependent idx="35">discriminating</dependent>
          </dep>
          <dep type="dobj">
            <governor idx="35">discriminating</governor>
            <dependent idx="36">behaviours</dependent>
          </dep>
          <dep type="nsubj">
            <governor idx="39">impacting</governor>
            <dependent idx="37">which</dependent>
          </dep>
          <dep type="aux">
            <governor idx="39">impacting</governor>
            <dependent idx="38">are</dependent>
          </dep>
          <dep type="acl:relcl">
            <governor idx="36">behaviours</governor>
            <dependent idx="39">impacting</dependent>
          </dep>
          <dep type="compound">
            <governor idx="41">morale</governor>
            <dependent idx="40">employee</dependent>
          </dep>
          <dep type="dobj">
            <governor idx="39">impacting</governor>
            <dependent idx="41">morale</dependent>
          </dep>
          <dep type="punct">
            <governor idx="4">learnt</governor>
            <dependent idx="42">.</dependent>
          </dep>
        </dependencies>
      </sentence>
      <sentence id="49">
        <tokens>
          <token id="1">
            <word>I</word>
            <lemma>I</lemma>
            <CharacterOffsetBegin>4801</CharacterOffsetBegin>
            <CharacterOffsetEnd>4802</CharacterOffsetEnd>
            <POS>PRP</POS>
            <NER>O</NER>
            <Speaker>PER0</Speaker>
          </token>
          <token id="2">
            <word>'m</word>
            <lemma>be</lemma>
            <CharacterOffsetBegin>4802</CharacterOffsetBegin>
            <CharacterOffsetEnd>4804</CharacterOffsetEnd>
            <POS>VBP</POS>
            <NER>O</NER>
            <Speaker>PER0</Speaker>
          </token>
          <token id="3">
            <word>not</word>
            <lemma>not</lemma>
            <CharacterOffsetBegin>4805</CharacterOffsetBegin>
            <CharacterOffsetEnd>4808</CharacterOffsetEnd>
            <POS>RB</POS>
            <NER>O</NER>
            <Speaker>PER0</Speaker>
          </token>
          <token id="4">
            <word>saying</word>
            <lemma>say</lemma>
            <CharacterOffsetBegin>4809</CharacterOffsetBegin>
            <CharacterOffsetEnd>4815</CharacterOffsetEnd>
            <POS>VBG</POS>
            <NER>O</NER>
            <Speaker>PER0</Speaker>
          </token>
          <token id="5">
            <word>he</word>
            <lemma>he</lemma>
            <CharacterOffsetBegin>4816</CharacterOffsetBegin>
            <CharacterOffsetEnd>4818</CharacterOffsetEnd>
            <POS>PRP</POS>
            <NER>O</NER>
            <Speaker>PER0</Speaker>
          </token>
          <token id="6">
            <word>is</word>
            <lemma>be</lemma>
            <CharacterOffsetBegin>4819</CharacterOffsetBegin>
            <CharacterOffsetEnd>4821</CharacterOffsetEnd>
            <POS>VBZ</POS>
            <NER>O</NER>
            <Speaker>PER0</Speaker>
          </token>
          <token id="7">
            <word>like</word>
            <lemma>like</lemma>
            <CharacterOffsetBegin>4822</CharacterOffsetBegin>
            <CharacterOffsetEnd>4826</CharacterOffsetEnd>
            <POS>IN</POS>
            <NER>O</NER>
            <Speaker>PER0</Speaker>
          </token>
          <token id="8">
            <word>Adolf</word>
            <lemma>Adolf</lemma>
            <CharacterOffsetBegin>4827</CharacterOffsetBegin>
            <CharacterOffsetEnd>4832</CharacterOffsetEnd>
            <POS>NNP</POS>
            <NER>PERSON</NER>
            <Speaker>PER0</Speaker>
          </token>
          <token id="9">
            <word>Hitler</word>
            <lemma>Hitler</lemma>
            <CharacterOffsetBegin>4833</CharacterOffsetBegin>
            <CharacterOffsetEnd>4839</CharacterOffsetEnd>
            <POS>NNP</POS>
            <NER>PERSON</NER>
            <Speaker>PER0</Speaker>
          </token>
          <token id="10">
            <word>,</word>
            <lemma>,</lemma>
            <CharacterOffsetBegin>4839</CharacterOffsetBegin>
            <CharacterOffsetEnd>4840</CharacterOffsetEnd>
            <POS>,</POS>
            <NER>O</NER>
            <Speaker>PER0</Speaker>
          </token>
          <token id="11">
            <word>what</word>
            <lemma>what</lemma>
            <CharacterOffsetBegin>4841</CharacterOffsetBegin>
            <CharacterOffsetEnd>4845</CharacterOffsetEnd>
            <POS>WP</POS>
            <NER>O</NER>
            <Speaker>PER0</Speaker>
          </token>
          <token id="12">
            <word>I</word>
            <lemma>I</lemma>
            <CharacterOffsetBegin>4846</CharacterOffsetBegin>
            <CharacterOffsetEnd>4847</CharacterOffsetEnd>
            <POS>PRP</POS>
            <NER>O</NER>
            <Speaker>PER0</Speaker>
          </token>
          <token id="13">
            <word>am</word>
            <lemma>be</lemma>
            <CharacterOffsetBegin>4848</CharacterOffsetBegin>
            <CharacterOffsetEnd>4850</CharacterOffsetEnd>
            <POS>VBP</POS>
            <NER>O</NER>
            <Speaker>PER0</Speaker>
          </token>
          <token id="14">
            <word>saying</word>
            <lemma>say</lemma>
            <CharacterOffsetBegin>4851</CharacterOffsetBegin>
            <CharacterOffsetEnd>4857</CharacterOffsetEnd>
            <POS>VBG</POS>
            <NER>O</NER>
            <Speaker>PER0</Speaker>
          </token>
          <token id="15">
            <word>is</word>
            <lemma>be</lemma>
            <CharacterOffsetBegin>4858</CharacterOffsetBegin>
            <CharacterOffsetEnd>4860</CharacterOffsetEnd>
            <POS>VBZ</POS>
            <NER>O</NER>
            <Speaker>PER0</Speaker>
          </token>
          <token id="16">
            <word>that</word>
            <lemma>that</lemma>
            <CharacterOffsetBegin>4861</CharacterOffsetBegin>
            <CharacterOffsetEnd>4865</CharacterOffsetEnd>
            <POS>IN</POS>
            <NER>O</NER>
            <Speaker>PER0</Speaker>
          </token>
          <token id="17">
            <word>it</word>
            <lemma>it</lemma>
            <CharacterOffsetBegin>4866</CharacterOffsetBegin>
            <CharacterOffsetEnd>4868</CharacterOffsetEnd>
            <POS>PRP</POS>
            <NER>O</NER>
            <Speaker>PER0</Speaker>
          </token>
          <token id="18">
            <word>brought</word>
            <lemma>bring</lemma>
            <CharacterOffsetBegin>4869</CharacterOffsetBegin>
            <CharacterOffsetEnd>4876</CharacterOffsetEnd>
            <POS>VBD</POS>
            <NER>O</NER>
            <Speaker>PER0</Speaker>
          </token>
          <token id="19">
            <word>me</word>
            <lemma>I</lemma>
            <CharacterOffsetBegin>4877</CharacterOffsetBegin>
            <CharacterOffsetEnd>4879</CharacterOffsetEnd>
            <POS>PRP</POS>
            <NER>O</NER>
            <Speaker>PER0</Speaker>
          </token>
          <token id="20">
            <word>another</word>
            <lemma>another</lemma>
            <CharacterOffsetBegin>4880</CharacterOffsetBegin>
            <CharacterOffsetEnd>4887</CharacterOffsetEnd>
            <POS>DT</POS>
            <NER>O</NER>
            <Speaker>PER0</Speaker>
          </token>
          <token id="21">
            <word>level</word>
            <lemma>level</lemma>
            <CharacterOffsetBegin>4888</CharacterOffsetBegin>
            <CharacterOffsetEnd>4893</CharacterOffsetEnd>
            <POS>NN</POS>
            <NER>O</NER>
            <Speaker>PER0</Speaker>
          </token>
          <token id="22">
            <word>of</word>
            <lemma>of</lemma>
            <CharacterOffsetBegin>4894</CharacterOffsetBegin>
            <CharacterOffsetEnd>4896</CharacterOffsetEnd>
            <POS>IN</POS>
            <NER>O</NER>
            <Speaker>PER0</Speaker>
          </token>
          <token id="23">
            <word>awareness</word>
            <lemma>awareness</lemma>
            <CharacterOffsetBegin>4897</CharacterOffsetBegin>
            <CharacterOffsetEnd>4906</CharacterOffsetEnd>
            <POS>NN</POS>
            <NER>O</NER>
            <Speaker>PER0</Speaker>
          </token>
          <token id="24">
            <word>,</word>
            <lemma>,</lemma>
            <CharacterOffsetBegin>4906</CharacterOffsetBegin>
            <CharacterOffsetEnd>4907</CharacterOffsetEnd>
            <POS>,</POS>
            <NER>O</NER>
            <Speaker>PER0</Speaker>
          </token>
          <token id="25">
            <word>he</word>
            <lemma>he</lemma>
            <CharacterOffsetBegin>4908</CharacterOffsetBegin>
            <CharacterOffsetEnd>4910</CharacterOffsetEnd>
            <POS>PRP</POS>
            <NER>O</NER>
            <Speaker>PER0</Speaker>
          </token>
          <token id="26">
            <word>was</word>
            <lemma>be</lemma>
            <CharacterOffsetBegin>4911</CharacterOffsetBegin>
            <CharacterOffsetEnd>4914</CharacterOffsetEnd>
            <POS>VBD</POS>
            <NER>O</NER>
            <Speaker>PER0</Speaker>
          </token>
          <token id="27">
            <word>overachieving</word>
            <lemma>overachieve</lemma>
            <CharacterOffsetBegin>4915</CharacterOffsetBegin>
            <CharacterOffsetEnd>4928</CharacterOffsetEnd>
            <POS>VBG</POS>
            <NER>O</NER>
            <Speaker>PER0</Speaker>
          </token>
          <token id="28">
            <word>his</word>
            <lemma>he</lemma>
            <CharacterOffsetBegin>4929</CharacterOffsetBegin>
            <CharacterOffsetEnd>4932</CharacterOffsetEnd>
            <POS>PRP$</POS>
            <NER>O</NER>
            <Speaker>PER0</Speaker>
          </token>
          <token id="29">
            <word>sales</word>
            <lemma>sale</lemma>
            <CharacterOffsetBegin>4933</CharacterOffsetBegin>
            <CharacterOffsetEnd>4938</CharacterOffsetEnd>
            <POS>NNS</POS>
            <NER>O</NER>
            <Speaker>PER0</Speaker>
          </token>
          <token id="30">
            <word>targets</word>
            <lemma>target</lemma>
            <CharacterOffsetBegin>4939</CharacterOffsetBegin>
            <CharacterOffsetEnd>4946</CharacterOffsetEnd>
            <POS>NNS</POS>
            <NER>O</NER>
            <Speaker>PER0</Speaker>
          </token>
          <token id="31">
            <word>but</word>
            <lemma>but</lemma>
            <CharacterOffsetBegin>4947</CharacterOffsetBegin>
            <CharacterOffsetEnd>4950</CharacterOffsetEnd>
            <POS>CC</POS>
            <NER>O</NER>
            <Speaker>PER0</Speaker>
          </token>
          <token id="32">
            <word>he</word>
            <lemma>he</lemma>
            <CharacterOffsetBegin>4951</CharacterOffsetBegin>
            <CharacterOffsetEnd>4953</CharacterOffsetEnd>
            <POS>PRP</POS>
            <NER>O</NER>
            <Speaker>PER0</Speaker>
          </token>
          <token id="33">
            <word>was</word>
            <lemma>be</lemma>
            <CharacterOffsetBegin>4954</CharacterOffsetBegin>
            <CharacterOffsetEnd>4957</CharacterOffsetEnd>
            <POS>VBD</POS>
            <NER>O</NER>
            <Speaker>PER0</Speaker>
          </token>
          <token id="34">
            <word>demonstrating</word>
            <lemma>demonstrate</lemma>
            <CharacterOffsetBegin>4958</CharacterOffsetBegin>
            <CharacterOffsetEnd>4971</CharacterOffsetEnd>
            <POS>VBG</POS>
            <NER>O</NER>
            <Speaker>PER0</Speaker>
          </token>
          <token id="35">
            <word>questionable</word>
            <lemma>questionable</lemma>
            <CharacterOffsetBegin>4972</CharacterOffsetBegin>
            <CharacterOffsetEnd>4984</CharacterOffsetEnd>
            <POS>JJ</POS>
            <NER>O</NER>
            <Speaker>PER0</Speaker>
          </token>
          <token id="36">
            <word>behaviour</word>
            <lemma>behaviour</lemma>
            <CharacterOffsetBegin>4985</CharacterOffsetBegin>
            <CharacterOffsetEnd>4994</CharacterOffsetEnd>
            <POS>NN</POS>
            <NER>O</NER>
            <Speaker>PER0</Speaker>
          </token>
          <token id="37">
            <word>.</word>
            <lemma>.</lemma>
            <CharacterOffsetBegin>4994</CharacterOffsetBegin>
            <CharacterOffsetEnd>4995</CharacterOffsetEnd>
            <POS>.</POS>
            <NER>O</NER>
            <Speaker>PER0</Speaker>
          </token>
        </tokens>
        <parse>(ROOT (S (NP (PRP I)) (VP (VBP 'm) (RB not) (VP (VBG saying) (S (S (NP (PRP he)) (VP (VBZ is) (SBAR (IN like) (S (NP (NP (NNP Adolf) (NNP Hitler)) (, ,) (SBAR (WHNP (WP what)) (S (NP (PRP I)) (VP (VBP am) (VP (VBG saying)))))) (VP (VBZ is) (SBAR (IN that) (S (NP (PRP it)) (VP (VBD brought) (NP (PRP me)) (NP (NP (DT another) (NN level)) (PP (IN of) (NP (NN awareness)))))))))))) (, ,) (S (NP (PRP he)) (VP (VBD was) (VP (VBG overachieving) (NP (PRP$ his) (NNS sales) (NNS targets))))) (CC but) (S (NP (PRP he)) (VP (VBD was) (VP (VBG demonstrating) (NP (JJ questionable) (NN behaviour)))))))) (. .))) </parse>
        <dependencies type="basic-dependencies">
          <dep type="root">
            <governor idx="0">ROOT</governor>
            <dependent idx="4">saying</dependent>
          </dep>
          <dep type="nsubj">
            <governor idx="4">saying</governor>
            <dependent idx="1">I</dependent>
          </dep>
          <dep type="aux">
            <governor idx="4">saying</governor>
            <dependent idx="2">'m</dependent>
          </dep>
          <dep type="neg">
            <governor idx="4">saying</governor>
            <dependent idx="3">not</dependent>
          </dep>
          <dep type="nsubj">
            <governor idx="6">is</governor>
            <dependent idx="5">he</dependent>
          </dep>
          <dep type="xcomp">
            <governor idx="4">saying</governor>
            <dependent idx="6">is</dependent>
          </dep>
          <dep type="mark">
            <governor idx="15">is</governor>
            <dependent idx="7">like</dependent>
          </dep>
          <dep type="compound">
            <governor idx="9">Hitler</governor>
            <dependent idx="8">Adolf</dependent>
          </dep>
          <dep type="nsubj">
            <governor idx="15">is</governor>
            <dependent idx="9">Hitler</dependent>
          </dep>
          <dep type="punct">
            <governor idx="9">Hitler</governor>
            <dependent idx="10">,</dependent>
          </dep>
          <dep type="dobj">
            <governor idx="14">saying</governor>
            <dependent idx="11">what</dependent>
          </dep>
          <dep type="nsubj">
            <governor idx="14">saying</governor>
            <dependent idx="12">I</dependent>
          </dep>
          <dep type="aux">
            <governor idx="14">saying</governor>
            <dependent idx="13">am</dependent>
          </dep>
          <dep type="acl:relcl">
            <governor idx="9">Hitler</governor>
            <dependent idx="14">saying</dependent>
          </dep>
          <dep type="advcl">
            <governor idx="6">is</governor>
            <dependent idx="15">is</dependent>
          </dep>
          <dep type="mark">
            <governor idx="18">brought</governor>
            <dependent idx="16">that</dependent>
          </dep>
          <dep type="nsubj">
            <governor idx="18">brought</governor>
            <dependent idx="17">it</dependent>
          </dep>
          <dep type="ccomp">
            <governor idx="15">is</governor>
            <dependent idx="18">brought</dependent>
          </dep>
          <dep type="iobj">
            <governor idx="18">brought</governor>
            <dependent idx="19">me</dependent>
          </dep>
          <dep type="det">
            <governor idx="21">level</governor>
            <dependent idx="20">another</dependent>
          </dep>
          <dep type="dobj">
            <governor idx="18">brought</governor>
            <dependent idx="21">level</dependent>
          </dep>
          <dep type="case">
            <governor idx="23">awareness</governor>
            <dependent idx="22">of</dependent>
          </dep>
          <dep type="nmod">
            <governor idx="21">level</governor>
            <dependent idx="23">awareness</dependent>
          </dep>
          <dep type="punct">
            <governor idx="6">is</governor>
            <dependent idx="24">,</dependent>
          </dep>
          <dep type="nsubj">
            <governor idx="27">overachieving</governor>
            <dependent idx="25">he</dependent>
          </dep>
          <dep type="aux">
            <governor idx="27">overachieving</governor>
            <dependent idx="26">was</dependent>
          </dep>
          <dep type="conj">
            <governor idx="6">is</governor>
            <dependent idx="27">overachieving</dependent>
          </dep>
          <dep type="nmod:poss">
            <governor idx="30">targets</governor>
            <dependent idx="28">his</dependent>
          </dep>
          <dep type="compound">
            <governor idx="30">targets</governor>
            <dependent idx="29">sales</dependent>
          </dep>
          <dep type="dobj">
            <governor idx="27">overachieving</governor>
            <dependent idx="30">targets</dependent>
          </dep>
          <dep type="cc">
            <governor idx="6">is</governor>
            <dependent idx="31">but</dependent>
          </dep>
          <dep type="nsubj">
            <governor idx="34">demonstrating</governor>
            <dependent idx="32">he</dependent>
          </dep>
          <dep type="aux">
            <governor idx="34">demonstrating</governor>
            <dependent idx="33">was</dependent>
          </dep>
          <dep type="conj">
            <governor idx="6">is</governor>
            <dependent idx="34">demonstrating</dependent>
          </dep>
          <dep type="amod">
            <governor idx="36">behaviour</governor>
            <dependent idx="35">questionable</dependent>
          </dep>
          <dep type="dobj">
            <governor idx="34">demonstrating</governor>
            <dependent idx="36">behaviour</dependent>
          </dep>
          <dep type="punct">
            <governor idx="4">saying</governor>
            <dependent idx="37">.</dependent>
          </dep>
        </dependencies>
        <dependencies type="collapsed-dependencies">
          <dep type="root">
            <governor idx="0">ROOT</governor>
            <dependent idx="4">saying</dependent>
          </dep>
          <dep type="nsubj">
            <governor idx="4">saying</governor>
            <dependent idx="1">I</dependent>
          </dep>
          <dep type="aux">
            <governor idx="4">saying</governor>
            <dependent idx="2">'m</dependent>
          </dep>
          <dep type="neg">
            <governor idx="4">saying</governor>
            <dependent idx="3">not</dependent>
          </dep>
          <dep type="nsubj">
            <governor idx="6">is</governor>
            <dependent idx="5">he</dependent>
          </dep>
          <dep type="xcomp">
            <governor idx="4">saying</governor>
            <dependent idx="6">is</dependent>
          </dep>
          <dep type="mark">
            <governor idx="15">is</governor>
            <dependent idx="7">like</dependent>
          </dep>
          <dep type="compound">
            <governor idx="9">Hitler</governor>
            <dependent idx="8">Adolf</dependent>
          </dep>
          <dep type="nsubj">
            <governor idx="15">is</governor>
            <dependent idx="9">Hitler</dependent>
          </dep>
          <dep type="punct">
            <governor idx="9">Hitler</governor>
            <dependent idx="10">,</dependent>
          </dep>
          <dep type="dobj">
            <governor idx="14">saying</governor>
            <dependent idx="11">what</dependent>
          </dep>
          <dep type="nsubj">
            <governor idx="14">saying</governor>
            <dependent idx="12">I</dependent>
          </dep>
          <dep type="aux">
            <governor idx="14">saying</governor>
            <dependent idx="13">am</dependent>
          </dep>
          <dep type="acl:relcl">
            <governor idx="9">Hitler</governor>
            <dependent idx="14">saying</dependent>
          </dep>
          <dep type="advcl">
            <governor idx="6">is</governor>
            <dependent idx="15">is</dependent>
          </dep>
          <dep type="mark">
            <governor idx="18">brought</governor>
            <dependent idx="16">that</dependent>
          </dep>
          <dep type="nsubj">
            <governor idx="18">brought</governor>
            <dependent idx="17">it</dependent>
          </dep>
          <dep type="ccomp">
            <governor idx="15">is</governor>
            <dependent idx="18">brought</dependent>
          </dep>
          <dep type="iobj">
            <governor idx="18">brought</governor>
            <dependent idx="19">me</dependent>
          </dep>
          <dep type="det">
            <governor idx="21">level</governor>
            <dependent idx="20">another</dependent>
          </dep>
          <dep type="dobj">
            <governor idx="18">brought</governor>
            <dependent idx="21">level</dependent>
          </dep>
          <dep type="case">
            <governor idx="23">awareness</governor>
            <dependent idx="22">of</dependent>
          </dep>
          <dep type="nmod:of">
            <governor idx="21">level</governor>
            <dependent idx="23">awareness</dependent>
          </dep>
          <dep type="punct">
            <governor idx="6">is</governor>
            <dependent idx="24">,</dependent>
          </dep>
          <dep type="nsubj">
            <governor idx="27">overachieving</governor>
            <dependent idx="25">he</dependent>
          </dep>
          <dep type="aux">
            <governor idx="27">overachieving</governor>
            <dependent idx="26">was</dependent>
          </dep>
          <dep type="conj:but">
            <governor idx="6">is</governor>
            <dependent idx="27">overachieving</dependent>
          </dep>
          <dep type="nmod:poss">
            <governor idx="30">targets</governor>
            <dependent idx="28">his</dependent>
          </dep>
          <dep type="compound">
            <governor idx="30">targets</governor>
            <dependent idx="29">sales</dependent>
          </dep>
          <dep type="dobj">
            <governor idx="27">overachieving</governor>
            <dependent idx="30">targets</dependent>
          </dep>
          <dep type="cc">
            <governor idx="6">is</governor>
            <dependent idx="31">but</dependent>
          </dep>
          <dep type="nsubj">
            <governor idx="34">demonstrating</governor>
            <dependent idx="32">he</dependent>
          </dep>
          <dep type="aux">
            <governor idx="34">demonstrating</governor>
            <dependent idx="33">was</dependent>
          </dep>
          <dep type="conj:but">
            <governor idx="6">is</governor>
            <dependent idx="34">demonstrating</dependent>
          </dep>
          <dep type="amod">
            <governor idx="36">behaviour</governor>
            <dependent idx="35">questionable</dependent>
          </dep>
          <dep type="dobj">
            <governor idx="34">demonstrating</governor>
            <dependent idx="36">behaviour</dependent>
          </dep>
          <dep type="punct">
            <governor idx="4">saying</governor>
            <dependent idx="37">.</dependent>
          </dep>
        </dependencies>
        <dependencies type="collapsed-ccprocessed-dependencies">
          <dep type="root">
            <governor idx="0">ROOT</governor>
            <dependent idx="4">saying</dependent>
          </dep>
          <dep type="nsubj">
            <governor idx="4">saying</governor>
            <dependent idx="1">I</dependent>
          </dep>
          <dep type="aux">
            <governor idx="4">saying</governor>
            <dependent idx="2">'m</dependent>
          </dep>
          <dep type="neg">
            <governor idx="4">saying</governor>
            <dependent idx="3">not</dependent>
          </dep>
          <dep type="nsubj">
            <governor idx="6">is</governor>
            <dependent idx="5">he</dependent>
          </dep>
          <dep type="xcomp">
            <governor idx="4">saying</governor>
            <dependent idx="6">is</dependent>
          </dep>
          <dep type="mark">
            <governor idx="15">is</governor>
            <dependent idx="7">like</dependent>
          </dep>
          <dep type="compound">
            <governor idx="9">Hitler</governor>
            <dependent idx="8">Adolf</dependent>
          </dep>
          <dep type="nsubj">
            <governor idx="15">is</governor>
            <dependent idx="9">Hitler</dependent>
          </dep>
          <dep type="punct">
            <governor idx="9">Hitler</governor>
            <dependent idx="10">,</dependent>
          </dep>
          <dep type="dobj">
            <governor idx="14">saying</governor>
            <dependent idx="11">what</dependent>
          </dep>
          <dep type="nsubj">
            <governor idx="14">saying</governor>
            <dependent idx="12">I</dependent>
          </dep>
          <dep type="aux">
            <governor idx="14">saying</governor>
            <dependent idx="13">am</dependent>
          </dep>
          <dep type="acl:relcl">
            <governor idx="9">Hitler</governor>
            <dependent idx="14">saying</dependent>
          </dep>
          <dep type="advcl">
            <governor idx="6">is</governor>
            <dependent idx="15">is</dependent>
          </dep>
          <dep type="mark">
            <governor idx="18">brought</governor>
            <dependent idx="16">that</dependent>
          </dep>
          <dep type="nsubj">
            <governor idx="18">brought</governor>
            <dependent idx="17">it</dependent>
          </dep>
          <dep type="ccomp">
            <governor idx="15">is</governor>
            <dependent idx="18">brought</dependent>
          </dep>
          <dep type="iobj">
            <governor idx="18">brought</governor>
            <dependent idx="19">me</dependent>
          </dep>
          <dep type="det">
            <governor idx="21">level</governor>
            <dependent idx="20">another</dependent>
          </dep>
          <dep type="dobj">
            <governor idx="18">brought</governor>
            <dependent idx="21">level</dependent>
          </dep>
          <dep type="case">
            <governor idx="23">awareness</governor>
            <dependent idx="22">of</dependent>
          </dep>
          <dep type="nmod:of">
            <governor idx="21">level</governor>
            <dependent idx="23">awareness</dependent>
          </dep>
          <dep type="punct">
            <governor idx="6">is</governor>
            <dependent idx="24">,</dependent>
          </dep>
          <dep type="nsubj">
            <governor idx="27">overachieving</governor>
            <dependent idx="25">he</dependent>
          </dep>
          <dep type="aux">
            <governor idx="27">overachieving</governor>
            <dependent idx="26">was</dependent>
          </dep>
          <dep type="xcomp" extra="true">
            <governor idx="4">saying</governor>
            <dependent idx="27">overachieving</dependent>
          </dep>
          <dep type="conj:but">
            <governor idx="6">is</governor>
            <dependent idx="27">overachieving</dependent>
          </dep>
          <dep type="nmod:poss">
            <governor idx="30">targets</governor>
            <dependent idx="28">his</dependent>
          </dep>
          <dep type="compound">
            <governor idx="30">targets</governor>
            <dependent idx="29">sales</dependent>
          </dep>
          <dep type="dobj">
            <governor idx="27">overachieving</governor>
            <dependent idx="30">targets</dependent>
          </dep>
          <dep type="cc">
            <governor idx="6">is</governor>
            <dependent idx="31">but</dependent>
          </dep>
          <dep type="nsubj">
            <governor idx="34">demonstrating</governor>
            <dependent idx="32">he</dependent>
          </dep>
          <dep type="aux">
            <governor idx="34">demonstrating</governor>
            <dependent idx="33">was</dependent>
          </dep>
          <dep type="xcomp" extra="true">
            <governor idx="4">saying</governor>
            <dependent idx="34">demonstrating</dependent>
          </dep>
          <dep type="conj:but">
            <governor idx="6">is</governor>
            <dependent idx="34">demonstrating</dependent>
          </dep>
          <dep type="amod">
            <governor idx="36">behaviour</governor>
            <dependent idx="35">questionable</dependent>
          </dep>
          <dep type="dobj">
            <governor idx="34">demonstrating</governor>
            <dependent idx="36">behaviour</dependent>
          </dep>
          <dep type="punct">
            <governor idx="4">saying</governor>
            <dependent idx="37">.</dependent>
          </dep>
        </dependencies>
      </sentence>
      <sentence id="50">
        <tokens>
          <token id="1">
            <word>Does</word>
            <lemma>do</lemma>
            <CharacterOffsetBegin>4996</CharacterOffsetBegin>
            <CharacterOffsetEnd>5000</CharacterOffsetEnd>
            <POS>VBZ</POS>
            <NER>O</NER>
            <Speaker>PER0</Speaker>
          </token>
          <token id="2">
            <word>this</word>
            <lemma>this</lemma>
            <CharacterOffsetBegin>5001</CharacterOffsetBegin>
            <CharacterOffsetEnd>5005</CharacterOffsetEnd>
            <POS>DT</POS>
            <NER>O</NER>
            <Speaker>PER0</Speaker>
          </token>
          <token id="3">
            <word>make</word>
            <lemma>make</lemma>
            <CharacterOffsetBegin>5006</CharacterOffsetBegin>
            <CharacterOffsetEnd>5010</CharacterOffsetEnd>
            <POS>VB</POS>
            <NER>O</NER>
            <Speaker>PER0</Speaker>
          </token>
          <token id="4">
            <word>him</word>
            <lemma>he</lemma>
            <CharacterOffsetBegin>5011</CharacterOffsetBegin>
            <CharacterOffsetEnd>5014</CharacterOffsetEnd>
            <POS>PRP</POS>
            <NER>O</NER>
            <Speaker>PER0</Speaker>
          </token>
          <token id="5">
            <word>an</word>
            <lemma>a</lemma>
            <CharacterOffsetBegin>5015</CharacterOffsetBegin>
            <CharacterOffsetEnd>5017</CharacterOffsetEnd>
            <POS>DT</POS>
            <NER>O</NER>
            <Speaker>PER0</Speaker>
          </token>
          <token id="6">
            <word>effective</word>
            <lemma>effective</lemma>
            <CharacterOffsetBegin>5018</CharacterOffsetBegin>
            <CharacterOffsetEnd>5027</CharacterOffsetEnd>
            <POS>JJ</POS>
            <NER>O</NER>
            <Speaker>PER0</Speaker>
          </token>
          <token id="7">
            <word>good</word>
            <lemma>good</lemma>
            <CharacterOffsetBegin>5028</CharacterOffsetBegin>
            <CharacterOffsetEnd>5032</CharacterOffsetEnd>
            <POS>JJ</POS>
            <NER>O</NER>
            <Speaker>PER0</Speaker>
          </token>
          <token id="8">
            <word>leader</word>
            <lemma>leader</lemma>
            <CharacterOffsetBegin>5033</CharacterOffsetBegin>
            <CharacterOffsetEnd>5039</CharacterOffsetEnd>
            <POS>NN</POS>
            <NER>O</NER>
            <Speaker>PER0</Speaker>
          </token>
          <token id="9">
            <word>?</word>
            <lemma>?</lemma>
            <CharacterOffsetBegin>5039</CharacterOffsetBegin>
            <CharacterOffsetEnd>5040</CharacterOffsetEnd>
            <POS>.</POS>
            <NER>O</NER>
            <Speaker>PER0</Speaker>
          </token>
        </tokens>
        <parse>(ROOT (SQ (VBZ Does) (NP (DT this)) (VP (VB make) (S (NP (PRP him)) (NP (DT an) (ADJP (JJ effective) (JJ good)) (NN leader)))) (. ?))) </parse>
        <dependencies type="basic-dependencies">
          <dep type="root">
            <governor idx="0">ROOT</governor>
            <dependent idx="3">make</dependent>
          </dep>
          <dep type="aux">
            <governor idx="3">make</governor>
            <dependent idx="1">Does</dependent>
          </dep>
          <dep type="nsubj">
            <governor idx="3">make</governor>
            <dependent idx="2">this</dependent>
          </dep>
          <dep type="nsubj">
            <governor idx="8">leader</governor>
            <dependent idx="4">him</dependent>
          </dep>
          <dep type="det">
            <governor idx="8">leader</governor>
            <dependent idx="5">an</dependent>
          </dep>
          <dep type="amod">
            <governor idx="7">good</governor>
            <dependent idx="6">effective</dependent>
          </dep>
          <dep type="amod">
            <governor idx="8">leader</governor>
            <dependent idx="7">good</dependent>
          </dep>
          <dep type="xcomp">
            <governor idx="3">make</governor>
            <dependent idx="8">leader</dependent>
          </dep>
          <dep type="punct">
            <governor idx="3">make</governor>
            <dependent idx="9">?</dependent>
          </dep>
        </dependencies>
        <dependencies type="collapsed-dependencies">
          <dep type="root">
            <governor idx="0">ROOT</governor>
            <dependent idx="3">make</dependent>
          </dep>
          <dep type="aux">
            <governor idx="3">make</governor>
            <dependent idx="1">Does</dependent>
          </dep>
          <dep type="nsubj">
            <governor idx="3">make</governor>
            <dependent idx="2">this</dependent>
          </dep>
          <dep type="nsubj">
            <governor idx="8">leader</governor>
            <dependent idx="4">him</dependent>
          </dep>
          <dep type="det">
            <governor idx="8">leader</governor>
            <dependent idx="5">an</dependent>
          </dep>
          <dep type="amod">
            <governor idx="7">good</governor>
            <dependent idx="6">effective</dependent>
          </dep>
          <dep type="amod">
            <governor idx="8">leader</governor>
            <dependent idx="7">good</dependent>
          </dep>
          <dep type="xcomp">
            <governor idx="3">make</governor>
            <dependent idx="8">leader</dependent>
          </dep>
          <dep type="punct">
            <governor idx="3">make</governor>
            <dependent idx="9">?</dependent>
          </dep>
        </dependencies>
        <dependencies type="collapsed-ccprocessed-dependencies">
          <dep type="root">
            <governor idx="0">ROOT</governor>
            <dependent idx="3">make</dependent>
          </dep>
          <dep type="aux">
            <governor idx="3">make</governor>
            <dependent idx="1">Does</dependent>
          </dep>
          <dep type="nsubj">
            <governor idx="3">make</governor>
            <dependent idx="2">this</dependent>
          </dep>
          <dep type="nsubj">
            <governor idx="8">leader</governor>
            <dependent idx="4">him</dependent>
          </dep>
          <dep type="det">
            <governor idx="8">leader</governor>
            <dependent idx="5">an</dependent>
          </dep>
          <dep type="amod">
            <governor idx="7">good</governor>
            <dependent idx="6">effective</dependent>
          </dep>
          <dep type="amod">
            <governor idx="8">leader</governor>
            <dependent idx="7">good</dependent>
          </dep>
          <dep type="xcomp">
            <governor idx="3">make</governor>
            <dependent idx="8">leader</dependent>
          </dep>
          <dep type="punct">
            <governor idx="3">make</governor>
            <dependent idx="9">?</dependent>
          </dep>
        </dependencies>
      </sentence>
      <sentence id="51">
        <tokens>
          <token id="1">
            <word>In</word>
            <lemma>in</lemma>
            <CharacterOffsetBegin>5041</CharacterOffsetBegin>
            <CharacterOffsetEnd>5043</CharacterOffsetEnd>
            <POS>IN</POS>
            <NER>O</NER>
            <Speaker>PER0</Speaker>
          </token>
          <token id="2">
            <word>my</word>
            <lemma>my</lemma>
            <CharacterOffsetBegin>5044</CharacterOffsetBegin>
            <CharacterOffsetEnd>5046</CharacterOffsetEnd>
            <POS>PRP$</POS>
            <NER>O</NER>
            <Speaker>PER0</Speaker>
          </token>
          <token id="3">
            <word>opinion</word>
            <lemma>opinion</lemma>
            <CharacterOffsetBegin>5047</CharacterOffsetBegin>
            <CharacterOffsetEnd>5054</CharacterOffsetEnd>
            <POS>NN</POS>
            <NER>O</NER>
            <Speaker>PER0</Speaker>
          </token>
          <token id="4">
            <word>the</word>
            <lemma>the</lemma>
            <CharacterOffsetBegin>5055</CharacterOffsetBegin>
            <CharacterOffsetEnd>5058</CharacterOffsetEnd>
            <POS>DT</POS>
            <NER>O</NER>
            <Speaker>PER0</Speaker>
          </token>
          <token id="5">
            <word>answer</word>
            <lemma>answer</lemma>
            <CharacterOffsetBegin>5059</CharacterOffsetBegin>
            <CharacterOffsetEnd>5065</CharacterOffsetEnd>
            <POS>NN</POS>
            <NER>O</NER>
            <Speaker>PER0</Speaker>
          </token>
          <token id="6">
            <word>was</word>
            <lemma>be</lemma>
            <CharacterOffsetBegin>5066</CharacterOffsetBegin>
            <CharacterOffsetEnd>5069</CharacterOffsetEnd>
            <POS>VBD</POS>
            <NER>O</NER>
            <Speaker>PER0</Speaker>
          </token>
          <token id="7">
            <word>no</word>
            <lemma>no</lemma>
            <CharacterOffsetBegin>5070</CharacterOffsetBegin>
            <CharacterOffsetEnd>5072</CharacterOffsetEnd>
            <POS>DT</POS>
            <NER>O</NER>
            <Speaker>PER0</Speaker>
          </token>
          <token id="8">
            <word>.</word>
            <lemma>.</lemma>
            <CharacterOffsetBegin>5072</CharacterOffsetBegin>
            <CharacterOffsetEnd>5073</CharacterOffsetEnd>
            <POS>.</POS>
            <NER>O</NER>
            <Speaker>PER0</Speaker>
          </token>
        </tokens>
        <parse>(ROOT (S (PP (IN In) (NP (PRP$ my) (NN opinion))) (NP (DT the) (NN answer)) (VP (VBD was) (NP (DT no))) (. .))) </parse>
        <dependencies type="basic-dependencies">
          <dep type="root">
            <governor idx="0">ROOT</governor>
            <dependent idx="7">no</dependent>
          </dep>
          <dep type="case">
            <governor idx="3">opinion</governor>
            <dependent idx="1">In</dependent>
          </dep>
          <dep type="nmod:poss">
            <governor idx="3">opinion</governor>
            <dependent idx="2">my</dependent>
          </dep>
          <dep type="nmod">
            <governor idx="7">no</governor>
            <dependent idx="3">opinion</dependent>
          </dep>
          <dep type="det">
            <governor idx="5">answer</governor>
            <dependent idx="4">the</dependent>
          </dep>
          <dep type="nsubj">
            <governor idx="7">no</governor>
            <dependent idx="5">answer</dependent>
          </dep>
          <dep type="cop">
            <governor idx="7">no</governor>
            <dependent idx="6">was</dependent>
          </dep>
          <dep type="punct">
            <governor idx="7">no</governor>
            <dependent idx="8">.</dependent>
          </dep>
        </dependencies>
        <dependencies type="collapsed-dependencies">
          <dep type="root">
            <governor idx="0">ROOT</governor>
            <dependent idx="7">no</dependent>
          </dep>
          <dep type="case">
            <governor idx="3">opinion</governor>
            <dependent idx="1">In</dependent>
          </dep>
          <dep type="nmod:poss">
            <governor idx="3">opinion</governor>
            <dependent idx="2">my</dependent>
          </dep>
          <dep type="nmod:in">
            <governor idx="7">no</governor>
            <dependent idx="3">opinion</dependent>
          </dep>
          <dep type="det">
            <governor idx="5">answer</governor>
            <dependent idx="4">the</dependent>
          </dep>
          <dep type="nsubj">
            <governor idx="7">no</governor>
            <dependent idx="5">answer</dependent>
          </dep>
          <dep type="cop">
            <governor idx="7">no</governor>
            <dependent idx="6">was</dependent>
          </dep>
          <dep type="punct">
            <governor idx="7">no</governor>
            <dependent idx="8">.</dependent>
          </dep>
        </dependencies>
        <dependencies type="collapsed-ccprocessed-dependencies">
          <dep type="root">
            <governor idx="0">ROOT</governor>
            <dependent idx="7">no</dependent>
          </dep>
          <dep type="case">
            <governor idx="3">opinion</governor>
            <dependent idx="1">In</dependent>
          </dep>
          <dep type="nmod:poss">
            <governor idx="3">opinion</governor>
            <dependent idx="2">my</dependent>
          </dep>
          <dep type="nmod:in">
            <governor idx="7">no</governor>
            <dependent idx="3">opinion</dependent>
          </dep>
          <dep type="det">
            <governor idx="5">answer</governor>
            <dependent idx="4">the</dependent>
          </dep>
          <dep type="nsubj">
            <governor idx="7">no</governor>
            <dependent idx="5">answer</dependent>
          </dep>
          <dep type="cop">
            <governor idx="7">no</governor>
            <dependent idx="6">was</dependent>
          </dep>
          <dep type="punct">
            <governor idx="7">no</governor>
            <dependent idx="8">.</dependent>
          </dep>
        </dependencies>
      </sentence>
      <sentence id="52">
        <tokens>
          <token id="1">
            <word>I</word>
            <lemma>I</lemma>
            <CharacterOffsetBegin>5074</CharacterOffsetBegin>
            <CharacterOffsetEnd>5075</CharacterOffsetEnd>
            <POS>PRP</POS>
            <NER>O</NER>
            <Speaker>PER0</Speaker>
          </token>
          <token id="2">
            <word>continued</word>
            <lemma>continue</lemma>
            <CharacterOffsetBegin>5076</CharacterOffsetBegin>
            <CharacterOffsetEnd>5085</CharacterOffsetEnd>
            <POS>VBD</POS>
            <NER>O</NER>
            <Speaker>PER0</Speaker>
          </token>
          <token id="3">
            <word>to</word>
            <lemma>to</lemma>
            <CharacterOffsetBegin>5086</CharacterOffsetBegin>
            <CharacterOffsetEnd>5088</CharacterOffsetEnd>
            <POS>TO</POS>
            <NER>O</NER>
            <Speaker>PER0</Speaker>
          </token>
          <token id="4">
            <word>contemplate</word>
            <lemma>contemplate</lemma>
            <CharacterOffsetBegin>5089</CharacterOffsetBegin>
            <CharacterOffsetEnd>5100</CharacterOffsetEnd>
            <POS>VB</POS>
            <NER>O</NER>
            <Speaker>PER0</Speaker>
          </token>
          <token id="5">
            <word>how</word>
            <lemma>how</lemma>
            <CharacterOffsetBegin>5101</CharacterOffsetBegin>
            <CharacterOffsetEnd>5104</CharacterOffsetEnd>
            <POS>WRB</POS>
            <NER>O</NER>
            <Speaker>PER0</Speaker>
          </token>
          <token id="6">
            <word>I</word>
            <lemma>I</lemma>
            <CharacterOffsetBegin>5105</CharacterOffsetBegin>
            <CharacterOffsetEnd>5106</CharacterOffsetEnd>
            <POS>PRP</POS>
            <NER>O</NER>
            <Speaker>PER0</Speaker>
          </token>
          <token id="7">
            <word>was</word>
            <lemma>be</lemma>
            <CharacterOffsetBegin>5107</CharacterOffsetBegin>
            <CharacterOffsetEnd>5110</CharacterOffsetEnd>
            <POS>VBD</POS>
            <NER>O</NER>
            <Speaker>PER0</Speaker>
          </token>
          <token id="8">
            <word>going</word>
            <lemma>go</lemma>
            <CharacterOffsetBegin>5111</CharacterOffsetBegin>
            <CharacterOffsetEnd>5116</CharacterOffsetEnd>
            <POS>VBG</POS>
            <NER>O</NER>
            <Speaker>PER0</Speaker>
          </token>
          <token id="9">
            <word>to</word>
            <lemma>to</lemma>
            <CharacterOffsetBegin>5117</CharacterOffsetBegin>
            <CharacterOffsetEnd>5119</CharacterOffsetEnd>
            <POS>TO</POS>
            <NER>O</NER>
            <Speaker>PER0</Speaker>
          </token>
          <token id="10">
            <word>tactfully</word>
            <lemma>tactfully</lemma>
            <CharacterOffsetBegin>5120</CharacterOffsetBegin>
            <CharacterOffsetEnd>5129</CharacterOffsetEnd>
            <POS>RB</POS>
            <NER>O</NER>
            <Speaker>PER0</Speaker>
          </token>
          <token id="11">
            <word>address</word>
            <lemma>address</lemma>
            <CharacterOffsetBegin>5130</CharacterOffsetBegin>
            <CharacterOffsetEnd>5137</CharacterOffsetEnd>
            <POS>VB</POS>
            <NER>O</NER>
            <Speaker>PER0</Speaker>
          </token>
          <token id="12">
            <word>this</word>
            <lemma>this</lemma>
            <CharacterOffsetBegin>5138</CharacterOffsetBegin>
            <CharacterOffsetEnd>5142</CharacterOffsetEnd>
            <POS>DT</POS>
            <NER>O</NER>
            <Speaker>PER0</Speaker>
          </token>
          <token id="13">
            <word>questionable</word>
            <lemma>questionable</lemma>
            <CharacterOffsetBegin>5143</CharacterOffsetBegin>
            <CharacterOffsetEnd>5155</CharacterOffsetEnd>
            <POS>JJ</POS>
            <NER>O</NER>
            <Speaker>PER0</Speaker>
          </token>
          <token id="14">
            <word>behaviour</word>
            <lemma>behaviour</lemma>
            <CharacterOffsetBegin>5156</CharacterOffsetBegin>
            <CharacterOffsetEnd>5165</CharacterOffsetEnd>
            <POS>NN</POS>
            <NER>O</NER>
            <Speaker>PER0</Speaker>
          </token>
          <token id="15">
            <word>.</word>
            <lemma>.</lemma>
            <CharacterOffsetBegin>5165</CharacterOffsetBegin>
            <CharacterOffsetEnd>5166</CharacterOffsetEnd>
            <POS>.</POS>
            <NER>O</NER>
            <Speaker>PER0</Speaker>
          </token>
        </tokens>
        <parse>(ROOT (S (NP (PRP I)) (VP (VBD continued) (S (VP (TO to) (VP (VB contemplate) (SBAR (WHADVP (WRB how)) (S (NP (PRP I)) (VP (VBD was) (VP (VBG going) (S (VP (TO to) (VP (ADVP (RB tactfully)) (VB address) (NP (DT this) (JJ questionable) (NN behaviour))))))))))))) (. .))) </parse>
        <dependencies type="basic-dependencies">
          <dep type="root">
            <governor idx="0">ROOT</governor>
            <dependent idx="2">continued</dependent>
          </dep>
          <dep type="nsubj">
            <governor idx="2">continued</governor>
            <dependent idx="1">I</dependent>
          </dep>
          <dep type="mark">
            <governor idx="4">contemplate</governor>
            <dependent idx="3">to</dependent>
          </dep>
          <dep type="xcomp">
            <governor idx="2">continued</governor>
            <dependent idx="4">contemplate</dependent>
          </dep>
          <dep type="advmod">
            <governor idx="8">going</governor>
            <dependent idx="5">how</dependent>
          </dep>
          <dep type="nsubj">
            <governor idx="8">going</governor>
            <dependent idx="6">I</dependent>
          </dep>
          <dep type="aux">
            <governor idx="8">going</governor>
            <dependent idx="7">was</dependent>
          </dep>
          <dep type="ccomp">
            <governor idx="4">contemplate</governor>
            <dependent idx="8">going</dependent>
          </dep>
          <dep type="mark">
            <governor idx="11">address</governor>
            <dependent idx="9">to</dependent>
          </dep>
          <dep type="advmod">
            <governor idx="11">address</governor>
            <dependent idx="10">tactfully</dependent>
          </dep>
          <dep type="xcomp">
            <governor idx="8">going</governor>
            <dependent idx="11">address</dependent>
          </dep>
          <dep type="det">
            <governor idx="14">behaviour</governor>
            <dependent idx="12">this</dependent>
          </dep>
          <dep type="amod">
            <governor idx="14">behaviour</governor>
            <dependent idx="13">questionable</dependent>
          </dep>
          <dep type="dobj">
            <governor idx="11">address</governor>
            <dependent idx="14">behaviour</dependent>
          </dep>
          <dep type="punct">
            <governor idx="2">continued</governor>
            <dependent idx="15">.</dependent>
          </dep>
        </dependencies>
        <dependencies type="collapsed-dependencies">
          <dep type="root">
            <governor idx="0">ROOT</governor>
            <dependent idx="2">continued</dependent>
          </dep>
          <dep type="nsubj">
            <governor idx="2">continued</governor>
            <dependent idx="1">I</dependent>
          </dep>
          <dep type="mark">
            <governor idx="4">contemplate</governor>
            <dependent idx="3">to</dependent>
          </dep>
          <dep type="xcomp">
            <governor idx="2">continued</governor>
            <dependent idx="4">contemplate</dependent>
          </dep>
          <dep type="advmod">
            <governor idx="8">going</governor>
            <dependent idx="5">how</dependent>
          </dep>
          <dep type="nsubj">
            <governor idx="8">going</governor>
            <dependent idx="6">I</dependent>
          </dep>
          <dep type="aux">
            <governor idx="8">going</governor>
            <dependent idx="7">was</dependent>
          </dep>
          <dep type="ccomp">
            <governor idx="4">contemplate</governor>
            <dependent idx="8">going</dependent>
          </dep>
          <dep type="mark">
            <governor idx="11">address</governor>
            <dependent idx="9">to</dependent>
          </dep>
          <dep type="advmod">
            <governor idx="11">address</governor>
            <dependent idx="10">tactfully</dependent>
          </dep>
          <dep type="xcomp">
            <governor idx="8">going</governor>
            <dependent idx="11">address</dependent>
          </dep>
          <dep type="det">
            <governor idx="14">behaviour</governor>
            <dependent idx="12">this</dependent>
          </dep>
          <dep type="amod">
            <governor idx="14">behaviour</governor>
            <dependent idx="13">questionable</dependent>
          </dep>
          <dep type="dobj">
            <governor idx="11">address</governor>
            <dependent idx="14">behaviour</dependent>
          </dep>
          <dep type="punct">
            <governor idx="2">continued</governor>
            <dependent idx="15">.</dependent>
          </dep>
        </dependencies>
        <dependencies type="collapsed-ccprocessed-dependencies">
          <dep type="root">
            <governor idx="0">ROOT</governor>
            <dependent idx="2">continued</dependent>
          </dep>
          <dep type="nsubj">
            <governor idx="2">continued</governor>
            <dependent idx="1">I</dependent>
          </dep>
          <dep type="mark">
            <governor idx="4">contemplate</governor>
            <dependent idx="3">to</dependent>
          </dep>
          <dep type="xcomp">
            <governor idx="2">continued</governor>
            <dependent idx="4">contemplate</dependent>
          </dep>
          <dep type="advmod">
            <governor idx="8">going</governor>
            <dependent idx="5">how</dependent>
          </dep>
          <dep type="nsubj">
            <governor idx="8">going</governor>
            <dependent idx="6">I</dependent>
          </dep>
          <dep type="aux">
            <governor idx="8">going</governor>
            <dependent idx="7">was</dependent>
          </dep>
          <dep type="ccomp">
            <governor idx="4">contemplate</governor>
            <dependent idx="8">going</dependent>
          </dep>
          <dep type="mark">
            <governor idx="11">address</governor>
            <dependent idx="9">to</dependent>
          </dep>
          <dep type="advmod">
            <governor idx="11">address</governor>
            <dependent idx="10">tactfully</dependent>
          </dep>
          <dep type="xcomp">
            <governor idx="8">going</governor>
            <dependent idx="11">address</dependent>
          </dep>
          <dep type="det">
            <governor idx="14">behaviour</governor>
            <dependent idx="12">this</dependent>
          </dep>
          <dep type="amod">
            <governor idx="14">behaviour</governor>
            <dependent idx="13">questionable</dependent>
          </dep>
          <dep type="dobj">
            <governor idx="11">address</governor>
            <dependent idx="14">behaviour</dependent>
          </dep>
          <dep type="punct">
            <governor idx="2">continued</governor>
            <dependent idx="15">.</dependent>
          </dep>
        </dependencies>
      </sentence>
      <sentence id="53">
        <tokens>
          <token id="1">
            <word>So</word>
            <lemma>so</lemma>
            <CharacterOffsetBegin>5168</CharacterOffsetBegin>
            <CharacterOffsetEnd>5170</CharacterOffsetEnd>
            <POS>RB</POS>
            <NER>O</NER>
            <Speaker>PER0</Speaker>
          </token>
          <token id="2">
            <word>what</word>
            <lemma>what</lemma>
            <CharacterOffsetBegin>5171</CharacterOffsetBegin>
            <CharacterOffsetEnd>5175</CharacterOffsetEnd>
            <POS>WP</POS>
            <NER>O</NER>
            <Speaker>PER0</Speaker>
          </token>
          <token id="3">
            <word>is</word>
            <lemma>be</lemma>
            <CharacterOffsetBegin>5176</CharacterOffsetBegin>
            <CharacterOffsetEnd>5178</CharacterOffsetEnd>
            <POS>VBZ</POS>
            <NER>O</NER>
            <Speaker>PER0</Speaker>
          </token>
          <token id="4">
            <word>driving</word>
            <lemma>drive</lemma>
            <CharacterOffsetBegin>5179</CharacterOffsetBegin>
            <CharacterOffsetEnd>5186</CharacterOffsetEnd>
            <POS>VBG</POS>
            <NER>O</NER>
            <Speaker>PER0</Speaker>
          </token>
          <token id="5">
            <word>leaders</word>
            <lemma>leader</lemma>
            <CharacterOffsetBegin>5187</CharacterOffsetBegin>
            <CharacterOffsetEnd>5194</CharacterOffsetEnd>
            <POS>NNS</POS>
            <NER>O</NER>
            <Speaker>PER0</Speaker>
          </token>
          <token id="6">
            <word>to</word>
            <lemma>to</lemma>
            <CharacterOffsetBegin>5195</CharacterOffsetBegin>
            <CharacterOffsetEnd>5197</CharacterOffsetEnd>
            <POS>TO</POS>
            <NER>O</NER>
            <Speaker>PER0</Speaker>
          </token>
          <token id="7">
            <word>act</word>
            <lemma>act</lemma>
            <CharacterOffsetBegin>5198</CharacterOffsetBegin>
            <CharacterOffsetEnd>5201</CharacterOffsetEnd>
            <POS>VB</POS>
            <NER>O</NER>
            <Speaker>PER0</Speaker>
          </token>
          <token id="8">
            <word>this</word>
            <lemma>this</lemma>
            <CharacterOffsetBegin>5202</CharacterOffsetBegin>
            <CharacterOffsetEnd>5206</CharacterOffsetEnd>
            <POS>DT</POS>
            <NER>O</NER>
            <Speaker>PER0</Speaker>
          </token>
          <token id="9">
            <word>way</word>
            <lemma>way</lemma>
            <CharacterOffsetBegin>5207</CharacterOffsetBegin>
            <CharacterOffsetEnd>5210</CharacterOffsetEnd>
            <POS>NN</POS>
            <NER>O</NER>
            <Speaker>PER0</Speaker>
          </token>
          <token id="10">
            <word>and</word>
            <lemma>and</lemma>
            <CharacterOffsetBegin>5211</CharacterOffsetBegin>
            <CharacterOffsetEnd>5214</CharacterOffsetEnd>
            <POS>CC</POS>
            <NER>O</NER>
            <Speaker>PER0</Speaker>
          </token>
          <token id="11">
            <word>make</word>
            <lemma>make</lemma>
            <CharacterOffsetBegin>5215</CharacterOffsetBegin>
            <CharacterOffsetEnd>5219</CharacterOffsetEnd>
            <POS>VB</POS>
            <NER>O</NER>
            <Speaker>PER0</Speaker>
          </token>
          <token id="12">
            <word>these</word>
            <lemma>these</lemma>
            <CharacterOffsetBegin>5220</CharacterOffsetBegin>
            <CharacterOffsetEnd>5225</CharacterOffsetEnd>
            <POS>DT</POS>
            <NER>O</NER>
            <Speaker>PER0</Speaker>
          </token>
          <token id="13">
            <word>types</word>
            <lemma>type</lemma>
            <CharacterOffsetBegin>5226</CharacterOffsetBegin>
            <CharacterOffsetEnd>5231</CharacterOffsetEnd>
            <POS>NNS</POS>
            <NER>O</NER>
            <Speaker>PER0</Speaker>
          </token>
          <token id="14">
            <word>of</word>
            <lemma>of</lemma>
            <CharacterOffsetBegin>5232</CharacterOffsetBegin>
            <CharacterOffsetEnd>5234</CharacterOffsetEnd>
            <POS>IN</POS>
            <NER>O</NER>
            <Speaker>PER0</Speaker>
          </token>
          <token id="15">
            <word>questionable</word>
            <lemma>questionable</lemma>
            <CharacterOffsetBegin>5235</CharacterOffsetBegin>
            <CharacterOffsetEnd>5247</CharacterOffsetEnd>
            <POS>JJ</POS>
            <NER>O</NER>
            <Speaker>PER0</Speaker>
          </token>
          <token id="16">
            <word>decisions</word>
            <lemma>decision</lemma>
            <CharacterOffsetBegin>5248</CharacterOffsetBegin>
            <CharacterOffsetEnd>5257</CharacterOffsetEnd>
            <POS>NNS</POS>
            <NER>O</NER>
            <Speaker>PER0</Speaker>
          </token>
          <token id="17">
            <word>?</word>
            <lemma>?</lemma>
            <CharacterOffsetBegin>5257</CharacterOffsetBegin>
            <CharacterOffsetEnd>5258</CharacterOffsetEnd>
            <POS>.</POS>
            <NER>O</NER>
            <Speaker>PER0</Speaker>
          </token>
        </tokens>
        <parse>(ROOT (SBARQ (RB So) (WHNP (WP what)) (SQ (VP (VBZ is) (VP (VBG driving) (NP (NNS leaders)) (S (VP (TO to) (VP (VP (VB act) (NP (DT this) (NN way))) (CC and) (VP (VB make) (NP (NP (DT these) (NNS types)) (PP (IN of) (NP (JJ questionable) (NNS decisions))))))))))) (. ?))) </parse>
        <dependencies type="basic-dependencies">
          <dep type="root">
            <governor idx="0">ROOT</governor>
            <dependent idx="4">driving</dependent>
          </dep>
          <dep type="advmod">
            <governor idx="4">driving</governor>
            <dependent idx="1">So</dependent>
          </dep>
          <dep type="nsubj">
            <governor idx="4">driving</governor>
            <dependent idx="2">what</dependent>
          </dep>
          <dep type="aux">
            <governor idx="4">driving</governor>
            <dependent idx="3">is</dependent>
          </dep>
          <dep type="dobj">
            <governor idx="4">driving</governor>
            <dependent idx="5">leaders</dependent>
          </dep>
          <dep type="mark">
            <governor idx="7">act</governor>
            <dependent idx="6">to</dependent>
          </dep>
          <dep type="advcl">
            <governor idx="4">driving</governor>
            <dependent idx="7">act</dependent>
          </dep>
          <dep type="det">
            <governor idx="9">way</governor>
            <dependent idx="8">this</dependent>
          </dep>
          <dep type="dobj">
            <governor idx="7">act</governor>
            <dependent idx="9">way</dependent>
          </dep>
          <dep type="cc">
            <governor idx="7">act</governor>
            <dependent idx="10">and</dependent>
          </dep>
          <dep type="conj">
            <governor idx="7">act</governor>
            <dependent idx="11">make</dependent>
          </dep>
          <dep type="det">
            <governor idx="13">types</governor>
            <dependent idx="12">these</dependent>
          </dep>
          <dep type="dobj">
            <governor idx="11">make</governor>
            <dependent idx="13">types</dependent>
          </dep>
          <dep type="case">
            <governor idx="16">decisions</governor>
            <dependent idx="14">of</dependent>
          </dep>
          <dep type="amod">
            <governor idx="16">decisions</governor>
            <dependent idx="15">questionable</dependent>
          </dep>
          <dep type="nmod">
            <governor idx="13">types</governor>
            <dependent idx="16">decisions</dependent>
          </dep>
          <dep type="punct">
            <governor idx="4">driving</governor>
            <dependent idx="17">?</dependent>
          </dep>
        </dependencies>
        <dependencies type="collapsed-dependencies">
          <dep type="root">
            <governor idx="0">ROOT</governor>
            <dependent idx="4">driving</dependent>
          </dep>
          <dep type="advmod">
            <governor idx="4">driving</governor>
            <dependent idx="1">So</dependent>
          </dep>
          <dep type="nsubj">
            <governor idx="4">driving</governor>
            <dependent idx="2">what</dependent>
          </dep>
          <dep type="aux">
            <governor idx="4">driving</governor>
            <dependent idx="3">is</dependent>
          </dep>
          <dep type="dobj">
            <governor idx="4">driving</governor>
            <dependent idx="5">leaders</dependent>
          </dep>
          <dep type="mark">
            <governor idx="7">act</governor>
            <dependent idx="6">to</dependent>
          </dep>
          <dep type="advcl">
            <governor idx="4">driving</governor>
            <dependent idx="7">act</dependent>
          </dep>
          <dep type="det">
            <governor idx="9">way</governor>
            <dependent idx="8">this</dependent>
          </dep>
          <dep type="dobj">
            <governor idx="7">act</governor>
            <dependent idx="9">way</dependent>
          </dep>
          <dep type="cc">
            <governor idx="7">act</governor>
            <dependent idx="10">and</dependent>
          </dep>
          <dep type="conj:and">
            <governor idx="7">act</governor>
            <dependent idx="11">make</dependent>
          </dep>
          <dep type="det">
            <governor idx="13">types</governor>
            <dependent idx="12">these</dependent>
          </dep>
          <dep type="dobj">
            <governor idx="11">make</governor>
            <dependent idx="13">types</dependent>
          </dep>
          <dep type="case">
            <governor idx="16">decisions</governor>
            <dependent idx="14">of</dependent>
          </dep>
          <dep type="amod">
            <governor idx="16">decisions</governor>
            <dependent idx="15">questionable</dependent>
          </dep>
          <dep type="nmod:of">
            <governor idx="13">types</governor>
            <dependent idx="16">decisions</dependent>
          </dep>
          <dep type="punct">
            <governor idx="4">driving</governor>
            <dependent idx="17">?</dependent>
          </dep>
        </dependencies>
        <dependencies type="collapsed-ccprocessed-dependencies">
          <dep type="root">
            <governor idx="0">ROOT</governor>
            <dependent idx="4">driving</dependent>
          </dep>
          <dep type="advmod">
            <governor idx="4">driving</governor>
            <dependent idx="1">So</dependent>
          </dep>
          <dep type="nsubj">
            <governor idx="4">driving</governor>
            <dependent idx="2">what</dependent>
          </dep>
          <dep type="aux">
            <governor idx="4">driving</governor>
            <dependent idx="3">is</dependent>
          </dep>
          <dep type="dobj">
            <governor idx="4">driving</governor>
            <dependent idx="5">leaders</dependent>
          </dep>
          <dep type="mark">
            <governor idx="7">act</governor>
            <dependent idx="6">to</dependent>
          </dep>
          <dep type="advcl">
            <governor idx="4">driving</governor>
            <dependent idx="7">act</dependent>
          </dep>
          <dep type="det">
            <governor idx="9">way</governor>
            <dependent idx="8">this</dependent>
          </dep>
          <dep type="dobj">
            <governor idx="7">act</governor>
            <dependent idx="9">way</dependent>
          </dep>
          <dep type="cc">
            <governor idx="7">act</governor>
            <dependent idx="10">and</dependent>
          </dep>
          <dep type="advcl" extra="true">
            <governor idx="4">driving</governor>
            <dependent idx="11">make</dependent>
          </dep>
          <dep type="conj:and">
            <governor idx="7">act</governor>
            <dependent idx="11">make</dependent>
          </dep>
          <dep type="det">
            <governor idx="13">types</governor>
            <dependent idx="12">these</dependent>
          </dep>
          <dep type="dobj">
            <governor idx="11">make</governor>
            <dependent idx="13">types</dependent>
          </dep>
          <dep type="case">
            <governor idx="16">decisions</governor>
            <dependent idx="14">of</dependent>
          </dep>
          <dep type="amod">
            <governor idx="16">decisions</governor>
            <dependent idx="15">questionable</dependent>
          </dep>
          <dep type="nmod:of">
            <governor idx="13">types</governor>
            <dependent idx="16">decisions</dependent>
          </dep>
          <dep type="punct">
            <governor idx="4">driving</governor>
            <dependent idx="17">?</dependent>
          </dep>
        </dependencies>
      </sentence>
      <sentence id="54">
        <tokens>
          <token id="1">
            <word>My</word>
            <lemma>my</lemma>
            <CharacterOffsetBegin>5259</CharacterOffsetBegin>
            <CharacterOffsetEnd>5261</CharacterOffsetEnd>
            <POS>PRP$</POS>
            <NER>O</NER>
            <Speaker>PER0</Speaker>
          </token>
          <token id="2">
            <word>main</word>
            <lemma>main</lemma>
            <CharacterOffsetBegin>5262</CharacterOffsetBegin>
            <CharacterOffsetEnd>5266</CharacterOffsetEnd>
            <POS>JJ</POS>
            <NER>O</NER>
            <Speaker>PER0</Speaker>
          </token>
          <token id="3">
            <word>assumption</word>
            <lemma>assumption</lemma>
            <CharacterOffsetBegin>5267</CharacterOffsetBegin>
            <CharacterOffsetEnd>5277</CharacterOffsetEnd>
            <POS>NN</POS>
            <NER>O</NER>
            <Speaker>PER0</Speaker>
          </token>
          <token id="4">
            <word>at</word>
            <lemma>at</lemma>
            <CharacterOffsetBegin>5278</CharacterOffsetBegin>
            <CharacterOffsetEnd>5280</CharacterOffsetEnd>
            <POS>IN</POS>
            <NER>O</NER>
            <Speaker>PER0</Speaker>
          </token>
          <token id="5">
            <word>this</word>
            <lemma>this</lemma>
            <CharacterOffsetBegin>5281</CharacterOffsetBegin>
            <CharacterOffsetEnd>5285</CharacterOffsetEnd>
            <POS>DT</POS>
            <NER>O</NER>
            <Speaker>PER0</Speaker>
          </token>
          <token id="6">
            <word>point</word>
            <lemma>point</lemma>
            <CharacterOffsetBegin>5286</CharacterOffsetBegin>
            <CharacterOffsetEnd>5291</CharacterOffsetEnd>
            <POS>NN</POS>
            <NER>O</NER>
            <Speaker>PER0</Speaker>
          </token>
          <token id="7">
            <word>was</word>
            <lemma>be</lemma>
            <CharacterOffsetBegin>5292</CharacterOffsetBegin>
            <CharacterOffsetEnd>5295</CharacterOffsetEnd>
            <POS>VBD</POS>
            <NER>O</NER>
            <Speaker>PER0</Speaker>
          </token>
          <token id="8">
            <word>based</word>
            <lemma>base</lemma>
            <CharacterOffsetBegin>5296</CharacterOffsetBegin>
            <CharacterOffsetEnd>5301</CharacterOffsetEnd>
            <POS>VBN</POS>
            <NER>O</NER>
            <Speaker>PER0</Speaker>
          </token>
          <token id="9">
            <word>on</word>
            <lemma>on</lemma>
            <CharacterOffsetBegin>5302</CharacterOffsetBegin>
            <CharacterOffsetEnd>5304</CharacterOffsetEnd>
            <POS>IN</POS>
            <NER>O</NER>
            <Speaker>PER0</Speaker>
          </token>
          <token id="10">
            <word>corporate</word>
            <lemma>corporate</lemma>
            <CharacterOffsetBegin>5305</CharacterOffsetBegin>
            <CharacterOffsetEnd>5314</CharacterOffsetEnd>
            <POS>JJ</POS>
            <NER>O</NER>
            <Speaker>PER0</Speaker>
          </token>
          <token id="11">
            <word>structure</word>
            <lemma>structure</lemma>
            <CharacterOffsetBegin>5315</CharacterOffsetBegin>
            <CharacterOffsetEnd>5324</CharacterOffsetEnd>
            <POS>NN</POS>
            <NER>O</NER>
            <Speaker>PER0</Speaker>
          </token>
          <token id="12">
            <word>,</word>
            <lemma>,</lemma>
            <CharacterOffsetBegin>5324</CharacterOffsetBegin>
            <CharacterOffsetEnd>5325</CharacterOffsetEnd>
            <POS>,</POS>
            <NER>O</NER>
            <Speaker>PER0</Speaker>
          </token>
          <token id="13">
            <word>power</word>
            <lemma>power</lemma>
            <CharacterOffsetBegin>5326</CharacterOffsetBegin>
            <CharacterOffsetEnd>5331</CharacterOffsetEnd>
            <POS>NN</POS>
            <NER>O</NER>
            <Speaker>PER0</Speaker>
          </token>
          <token id="14">
            <word>and</word>
            <lemma>and</lemma>
            <CharacterOffsetBegin>5332</CharacterOffsetBegin>
            <CharacterOffsetEnd>5335</CharacterOffsetEnd>
            <POS>CC</POS>
            <NER>O</NER>
            <Speaker>PER0</Speaker>
          </token>
          <token id="15">
            <word>politics</word>
            <lemma>politics</lemma>
            <CharacterOffsetBegin>5336</CharacterOffsetBegin>
            <CharacterOffsetEnd>5344</CharacterOffsetEnd>
            <POS>NNS</POS>
            <NER>O</NER>
            <Speaker>PER0</Speaker>
          </token>
          <token id="16">
            <word>and</word>
            <lemma>and</lemma>
            <CharacterOffsetBegin>5345</CharacterOffsetBegin>
            <CharacterOffsetEnd>5348</CharacterOffsetEnd>
            <POS>CC</POS>
            <NER>O</NER>
            <Speaker>PER0</Speaker>
          </token>
          <token id="17">
            <word>lack</word>
            <lemma>lack</lemma>
            <CharacterOffsetBegin>5349</CharacterOffsetBegin>
            <CharacterOffsetEnd>5353</CharacterOffsetEnd>
            <POS>NN</POS>
            <NER>O</NER>
            <Speaker>PER0</Speaker>
          </token>
          <token id="18">
            <word>of</word>
            <lemma>of</lemma>
            <CharacterOffsetBegin>5354</CharacterOffsetBegin>
            <CharacterOffsetEnd>5356</CharacterOffsetEnd>
            <POS>IN</POS>
            <NER>O</NER>
            <Speaker>PER0</Speaker>
          </token>
          <token id="19">
            <word>severe</word>
            <lemma>severe</lemma>
            <CharacterOffsetBegin>5357</CharacterOffsetBegin>
            <CharacterOffsetEnd>5363</CharacterOffsetEnd>
            <POS>JJ</POS>
            <NER>O</NER>
            <Speaker>PER0</Speaker>
          </token>
          <token id="20">
            <word>consequences</word>
            <lemma>consequence</lemma>
            <CharacterOffsetBegin>5364</CharacterOffsetBegin>
            <CharacterOffsetEnd>5376</CharacterOffsetEnd>
            <POS>NNS</POS>
            <NER>O</NER>
            <Speaker>PER0</Speaker>
          </token>
          <token id="21">
            <word>when</word>
            <lemma>when</lemma>
            <CharacterOffsetBegin>5377</CharacterOffsetBegin>
            <CharacterOffsetEnd>5381</CharacterOffsetEnd>
            <POS>WRB</POS>
            <NER>O</NER>
            <Speaker>PER0</Speaker>
          </token>
          <token id="22">
            <word>unethical</word>
            <lemma>unethical</lemma>
            <CharacterOffsetBegin>5382</CharacterOffsetBegin>
            <CharacterOffsetEnd>5391</CharacterOffsetEnd>
            <POS>JJ</POS>
            <NER>O</NER>
            <Speaker>PER0</Speaker>
          </token>
          <token id="23">
            <word>behaviour</word>
            <lemma>behaviour</lemma>
            <CharacterOffsetBegin>5392</CharacterOffsetBegin>
            <CharacterOffsetEnd>5401</CharacterOffsetEnd>
            <POS>NN</POS>
            <NER>O</NER>
            <Speaker>PER0</Speaker>
          </token>
          <token id="24">
            <word>is</word>
            <lemma>be</lemma>
            <CharacterOffsetBegin>5402</CharacterOffsetBegin>
            <CharacterOffsetEnd>5404</CharacterOffsetEnd>
            <POS>VBZ</POS>
            <NER>O</NER>
            <Speaker>PER0</Speaker>
          </token>
          <token id="25">
            <word>demonstrated</word>
            <lemma>demonstrate</lemma>
            <CharacterOffsetBegin>5405</CharacterOffsetBegin>
            <CharacterOffsetEnd>5417</CharacterOffsetEnd>
            <POS>VBN</POS>
            <NER>O</NER>
            <Speaker>PER0</Speaker>
          </token>
          <token id="26">
            <word>.</word>
            <lemma>.</lemma>
            <CharacterOffsetBegin>5417</CharacterOffsetBegin>
            <CharacterOffsetEnd>5418</CharacterOffsetEnd>
            <POS>.</POS>
            <NER>O</NER>
            <Speaker>PER0</Speaker>
          </token>
        </tokens>
        <parse>(ROOT (S (NP (NP (PRP$ My) (JJ main) (NN assumption)) (PP (IN at) (NP (DT this) (NN point)))) (VP (VBD was) (VP (VBN based) (PP (IN on) (NP (NP (NP (JJ corporate) (NN structure)) (, ,) (NP (NN power)) (CC and) (NP (NNS politics))) (CC and) (NP (NP (NN lack)) (PP (IN of) (NP (JJ severe) (NNS consequences)))))) (SBAR (WHADVP (WRB when)) (S (NP (JJ unethical) (NN behaviour)) (VP (VBZ is) (VP (VBN demonstrated))))))) (. .))) </parse>
        <dependencies type="basic-dependencies">
          <dep type="root">
            <governor idx="0">ROOT</governor>
            <dependent idx="8">based</dependent>
          </dep>
          <dep type="nmod:poss">
            <governor idx="3">assumption</governor>
            <dependent idx="1">My</dependent>
          </dep>
          <dep type="amod">
            <governor idx="3">assumption</governor>
            <dependent idx="2">main</dependent>
          </dep>
          <dep type="nsubjpass">
            <governor idx="8">based</governor>
            <dependent idx="3">assumption</dependent>
          </dep>
          <dep type="case">
            <governor idx="6">point</governor>
            <dependent idx="4">at</dependent>
          </dep>
          <dep type="det">
            <governor idx="6">point</governor>
            <dependent idx="5">this</dependent>
          </dep>
          <dep type="nmod">
            <governor idx="3">assumption</governor>
            <dependent idx="6">point</dependent>
          </dep>
          <dep type="auxpass">
            <governor idx="8">based</governor>
            <dependent idx="7">was</dependent>
          </dep>
          <dep type="case">
            <governor idx="11">structure</governor>
            <dependent idx="9">on</dependent>
          </dep>
          <dep type="amod">
            <governor idx="11">structure</governor>
            <dependent idx="10">corporate</dependent>
          </dep>
          <dep type="nmod">
            <governor idx="8">based</governor>
            <dependent idx="11">structure</dependent>
          </dep>
          <dep type="punct">
            <governor idx="11">structure</governor>
            <dependent idx="12">,</dependent>
          </dep>
          <dep type="conj">
            <governor idx="11">structure</governor>
            <dependent idx="13">power</dependent>
          </dep>
          <dep type="cc">
            <governor idx="11">structure</governor>
            <dependent idx="14">and</dependent>
          </dep>
          <dep type="conj">
            <governor idx="11">structure</governor>
            <dependent idx="15">politics</dependent>
          </dep>
          <dep type="cc">
            <governor idx="11">structure</governor>
            <dependent idx="16">and</dependent>
          </dep>
          <dep type="conj">
            <governor idx="11">structure</governor>
            <dependent idx="17">lack</dependent>
          </dep>
          <dep type="case">
            <governor idx="20">consequences</governor>
            <dependent idx="18">of</dependent>
          </dep>
          <dep type="amod">
            <governor idx="20">consequences</governor>
            <dependent idx="19">severe</dependent>
          </dep>
          <dep type="nmod">
            <governor idx="17">lack</governor>
            <dependent idx="20">consequences</dependent>
          </dep>
          <dep type="advmod">
            <governor idx="25">demonstrated</governor>
            <dependent idx="21">when</dependent>
          </dep>
          <dep type="amod">
            <governor idx="23">behaviour</governor>
            <dependent idx="22">unethical</dependent>
          </dep>
          <dep type="nsubjpass">
            <governor idx="25">demonstrated</governor>
            <dependent idx="23">behaviour</dependent>
          </dep>
          <dep type="auxpass">
            <governor idx="25">demonstrated</governor>
            <dependent idx="24">is</dependent>
          </dep>
          <dep type="advcl">
            <governor idx="8">based</governor>
            <dependent idx="25">demonstrated</dependent>
          </dep>
          <dep type="punct">
            <governor idx="8">based</governor>
            <dependent idx="26">.</dependent>
          </dep>
        </dependencies>
        <dependencies type="collapsed-dependencies">
          <dep type="root">
            <governor idx="0">ROOT</governor>
            <dependent idx="8">based</dependent>
          </dep>
          <dep type="nmod:poss">
            <governor idx="3">assumption</governor>
            <dependent idx="1">My</dependent>
          </dep>
          <dep type="amod">
            <governor idx="3">assumption</governor>
            <dependent idx="2">main</dependent>
          </dep>
          <dep type="nsubjpass">
            <governor idx="8">based</governor>
            <dependent idx="3">assumption</dependent>
          </dep>
          <dep type="case">
            <governor idx="6">point</governor>
            <dependent idx="4">at</dependent>
          </dep>
          <dep type="det">
            <governor idx="6">point</governor>
            <dependent idx="5">this</dependent>
          </dep>
          <dep type="nmod:at">
            <governor idx="3">assumption</governor>
            <dependent idx="6">point</dependent>
          </dep>
          <dep type="auxpass">
            <governor idx="8">based</governor>
            <dependent idx="7">was</dependent>
          </dep>
          <dep type="case">
            <governor idx="11">structure</governor>
            <dependent idx="9">on</dependent>
          </dep>
          <dep type="amod">
            <governor idx="11">structure</governor>
            <dependent idx="10">corporate</dependent>
          </dep>
          <dep type="nmod:on">
            <governor idx="8">based</governor>
            <dependent idx="11">structure</dependent>
          </dep>
          <dep type="punct">
            <governor idx="11">structure</governor>
            <dependent idx="12">,</dependent>
          </dep>
          <dep type="conj:and">
            <governor idx="11">structure</governor>
            <dependent idx="13">power</dependent>
          </dep>
          <dep type="cc">
            <governor idx="11">structure</governor>
            <dependent idx="14">and</dependent>
          </dep>
          <dep type="conj:and">
            <governor idx="11">structure</governor>
            <dependent idx="15">politics</dependent>
          </dep>
          <dep type="cc">
            <governor idx="11">structure</governor>
            <dependent idx="16">and</dependent>
          </dep>
          <dep type="conj:and">
            <governor idx="11">structure</governor>
            <dependent idx="17">lack</dependent>
          </dep>
          <dep type="case">
            <governor idx="20">consequences</governor>
            <dependent idx="18">of</dependent>
          </dep>
          <dep type="amod">
            <governor idx="20">consequences</governor>
            <dependent idx="19">severe</dependent>
          </dep>
          <dep type="nmod:of">
            <governor idx="17">lack</governor>
            <dependent idx="20">consequences</dependent>
          </dep>
          <dep type="advmod">
            <governor idx="25">demonstrated</governor>
            <dependent idx="21">when</dependent>
          </dep>
          <dep type="amod">
            <governor idx="23">behaviour</governor>
            <dependent idx="22">unethical</dependent>
          </dep>
          <dep type="nsubjpass">
            <governor idx="25">demonstrated</governor>
            <dependent idx="23">behaviour</dependent>
          </dep>
          <dep type="auxpass">
            <governor idx="25">demonstrated</governor>
            <dependent idx="24">is</dependent>
          </dep>
          <dep type="advcl">
            <governor idx="8">based</governor>
            <dependent idx="25">demonstrated</dependent>
          </dep>
          <dep type="punct">
            <governor idx="8">based</governor>
            <dependent idx="26">.</dependent>
          </dep>
        </dependencies>
        <dependencies type="collapsed-ccprocessed-dependencies">
          <dep type="root">
            <governor idx="0">ROOT</governor>
            <dependent idx="8">based</dependent>
          </dep>
          <dep type="nmod:poss">
            <governor idx="3">assumption</governor>
            <dependent idx="1">My</dependent>
          </dep>
          <dep type="amod">
            <governor idx="3">assumption</governor>
            <dependent idx="2">main</dependent>
          </dep>
          <dep type="nsubjpass">
            <governor idx="8">based</governor>
            <dependent idx="3">assumption</dependent>
          </dep>
          <dep type="case">
            <governor idx="6">point</governor>
            <dependent idx="4">at</dependent>
          </dep>
          <dep type="det">
            <governor idx="6">point</governor>
            <dependent idx="5">this</dependent>
          </dep>
          <dep type="nmod:at">
            <governor idx="3">assumption</governor>
            <dependent idx="6">point</dependent>
          </dep>
          <dep type="auxpass">
            <governor idx="8">based</governor>
            <dependent idx="7">was</dependent>
          </dep>
          <dep type="case">
            <governor idx="11">structure</governor>
            <dependent idx="9">on</dependent>
          </dep>
          <dep type="amod">
            <governor idx="11">structure</governor>
            <dependent idx="10">corporate</dependent>
          </dep>
          <dep type="nmod:on">
            <governor idx="8">based</governor>
            <dependent idx="11">structure</dependent>
          </dep>
          <dep type="punct">
            <governor idx="11">structure</governor>
            <dependent idx="12">,</dependent>
          </dep>
          <dep type="nmod:on" extra="true">
            <governor idx="8">based</governor>
            <dependent idx="13">power</dependent>
          </dep>
          <dep type="conj:and">
            <governor idx="11">structure</governor>
            <dependent idx="13">power</dependent>
          </dep>
          <dep type="cc">
            <governor idx="11">structure</governor>
            <dependent idx="14">and</dependent>
          </dep>
          <dep type="nmod:on" extra="true">
            <governor idx="8">based</governor>
            <dependent idx="15">politics</dependent>
          </dep>
          <dep type="conj:and">
            <governor idx="11">structure</governor>
            <dependent idx="15">politics</dependent>
          </dep>
          <dep type="cc">
            <governor idx="11">structure</governor>
            <dependent idx="16">and</dependent>
          </dep>
          <dep type="nmod:on" extra="true">
            <governor idx="8">based</governor>
            <dependent idx="17">lack</dependent>
          </dep>
          <dep type="conj:and">
            <governor idx="11">structure</governor>
            <dependent idx="17">lack</dependent>
          </dep>
          <dep type="case">
            <governor idx="20">consequences</governor>
            <dependent idx="18">of</dependent>
          </dep>
          <dep type="amod">
            <governor idx="20">consequences</governor>
            <dependent idx="19">severe</dependent>
          </dep>
          <dep type="nmod:of">
            <governor idx="17">lack</governor>
            <dependent idx="20">consequences</dependent>
          </dep>
          <dep type="advmod">
            <governor idx="25">demonstrated</governor>
            <dependent idx="21">when</dependent>
          </dep>
          <dep type="amod">
            <governor idx="23">behaviour</governor>
            <dependent idx="22">unethical</dependent>
          </dep>
          <dep type="nsubjpass">
            <governor idx="25">demonstrated</governor>
            <dependent idx="23">behaviour</dependent>
          </dep>
          <dep type="auxpass">
            <governor idx="25">demonstrated</governor>
            <dependent idx="24">is</dependent>
          </dep>
          <dep type="advcl">
            <governor idx="8">based</governor>
            <dependent idx="25">demonstrated</dependent>
          </dep>
          <dep type="punct">
            <governor idx="8">based</governor>
            <dependent idx="26">.</dependent>
          </dep>
        </dependencies>
      </sentence>
      <sentence id="55">
        <tokens>
          <token id="1">
            <word>I</word>
            <lemma>I</lemma>
            <CharacterOffsetBegin>5419</CharacterOffsetBegin>
            <CharacterOffsetEnd>5420</CharacterOffsetEnd>
            <POS>PRP</POS>
            <NER>O</NER>
            <Speaker>PER0</Speaker>
          </token>
          <token id="2">
            <word>felt</word>
            <lemma>feel</lemma>
            <CharacterOffsetBegin>5421</CharacterOffsetBegin>
            <CharacterOffsetEnd>5425</CharacterOffsetEnd>
            <POS>VBD</POS>
            <NER>O</NER>
            <Speaker>PER0</Speaker>
          </token>
          <token id="3">
            <word>it</word>
            <lemma>it</lemma>
            <CharacterOffsetBegin>5426</CharacterOffsetBegin>
            <CharacterOffsetEnd>5428</CharacterOffsetEnd>
            <POS>PRP</POS>
            <NER>O</NER>
            <Speaker>PER0</Speaker>
          </token>
          <token id="4">
            <word>was</word>
            <lemma>be</lemma>
            <CharacterOffsetBegin>5429</CharacterOffsetBegin>
            <CharacterOffsetEnd>5432</CharacterOffsetEnd>
            <POS>VBD</POS>
            <NER>O</NER>
            <Speaker>PER0</Speaker>
          </token>
          <token id="5">
            <word>crucial</word>
            <lemma>crucial</lemma>
            <CharacterOffsetBegin>5433</CharacterOffsetBegin>
            <CharacterOffsetEnd>5440</CharacterOffsetEnd>
            <POS>JJ</POS>
            <NER>O</NER>
            <Speaker>PER0</Speaker>
          </token>
          <token id="6">
            <word>for</word>
            <lemma>for</lemma>
            <CharacterOffsetBegin>5441</CharacterOffsetBegin>
            <CharacterOffsetEnd>5444</CharacterOffsetEnd>
            <POS>IN</POS>
            <NER>O</NER>
            <Speaker>PER0</Speaker>
          </token>
          <token id="7">
            <word>me</word>
            <lemma>I</lemma>
            <CharacterOffsetBegin>5445</CharacterOffsetBegin>
            <CharacterOffsetEnd>5447</CharacterOffsetEnd>
            <POS>PRP</POS>
            <NER>O</NER>
            <Speaker>PER0</Speaker>
          </token>
          <token id="8">
            <word>to</word>
            <lemma>to</lemma>
            <CharacterOffsetBegin>5448</CharacterOffsetBegin>
            <CharacterOffsetEnd>5450</CharacterOffsetEnd>
            <POS>TO</POS>
            <NER>O</NER>
            <Speaker>PER0</Speaker>
          </token>
          <token id="9">
            <word>understand</word>
            <lemma>understand</lemma>
            <CharacterOffsetBegin>5451</CharacterOffsetBegin>
            <CharacterOffsetEnd>5461</CharacterOffsetEnd>
            <POS>VB</POS>
            <NER>O</NER>
            <Speaker>PER0</Speaker>
          </token>
          <token id="10">
            <word>this</word>
            <lemma>this</lemma>
            <CharacterOffsetBegin>5462</CharacterOffsetBegin>
            <CharacterOffsetEnd>5466</CharacterOffsetEnd>
            <POS>DT</POS>
            <NER>O</NER>
            <Speaker>PER0</Speaker>
          </token>
          <token id="11">
            <word>so</word>
            <lemma>so</lemma>
            <CharacterOffsetBegin>5467</CharacterOffsetBegin>
            <CharacterOffsetEnd>5469</CharacterOffsetEnd>
            <POS>RB</POS>
            <NER>O</NER>
            <Speaker>PER0</Speaker>
          </token>
          <token id="12">
            <word>that</word>
            <lemma>that</lemma>
            <CharacterOffsetBegin>5470</CharacterOffsetBegin>
            <CharacterOffsetEnd>5474</CharacterOffsetEnd>
            <POS>IN</POS>
            <NER>O</NER>
            <Speaker>PER0</Speaker>
          </token>
          <token id="13">
            <word>I</word>
            <lemma>I</lemma>
            <CharacterOffsetBegin>5475</CharacterOffsetBegin>
            <CharacterOffsetEnd>5476</CharacterOffsetEnd>
            <POS>PRP</POS>
            <NER>O</NER>
            <Speaker>PER0</Speaker>
          </token>
          <token id="14">
            <word>can</word>
            <lemma>can</lemma>
            <CharacterOffsetBegin>5477</CharacterOffsetBegin>
            <CharacterOffsetEnd>5480</CharacterOffsetEnd>
            <POS>MD</POS>
            <NER>O</NER>
            <Speaker>PER0</Speaker>
          </token>
          <token id="15">
            <word>better</word>
            <lemma>better</lemma>
            <CharacterOffsetBegin>5481</CharacterOffsetBegin>
            <CharacterOffsetEnd>5487</CharacterOffsetEnd>
            <POS>RBR</POS>
            <NER>O</NER>
            <Speaker>PER0</Speaker>
          </token>
          <token id="16">
            <word>understand</word>
            <lemma>understand</lemma>
            <CharacterOffsetBegin>5488</CharacterOffsetBegin>
            <CharacterOffsetEnd>5498</CharacterOffsetEnd>
            <POS>VB</POS>
            <NER>O</NER>
            <Speaker>PER0</Speaker>
          </token>
          <token id="17">
            <word>and</word>
            <lemma>and</lemma>
            <CharacterOffsetBegin>5499</CharacterOffsetBegin>
            <CharacterOffsetEnd>5502</CharacterOffsetEnd>
            <POS>CC</POS>
            <NER>O</NER>
            <Speaker>PER0</Speaker>
          </token>
          <token id="18">
            <word>be</word>
            <lemma>be</lemma>
            <CharacterOffsetBegin>5503</CharacterOffsetBegin>
            <CharacterOffsetEnd>5505</CharacterOffsetEnd>
            <POS>VB</POS>
            <NER>O</NER>
            <Speaker>PER0</Speaker>
          </token>
          <token id="19">
            <word>aware</word>
            <lemma>aware</lemma>
            <CharacterOffsetBegin>5506</CharacterOffsetBegin>
            <CharacterOffsetEnd>5511</CharacterOffsetEnd>
            <POS>JJ</POS>
            <NER>O</NER>
            <Speaker>PER0</Speaker>
          </token>
          <token id="20">
            <word>when</word>
            <lemma>when</lemma>
            <CharacterOffsetBegin>5512</CharacterOffsetBegin>
            <CharacterOffsetEnd>5516</CharacterOffsetEnd>
            <POS>WRB</POS>
            <NER>O</NER>
            <Speaker>PER0</Speaker>
          </token>
          <token id="21">
            <word>I</word>
            <lemma>I</lemma>
            <CharacterOffsetBegin>5517</CharacterOffsetBegin>
            <CharacterOffsetEnd>5518</CharacterOffsetEnd>
            <POS>PRP</POS>
            <NER>O</NER>
            <Speaker>PER0</Speaker>
          </token>
          <token id="22">
            <word>am</word>
            <lemma>be</lemma>
            <CharacterOffsetBegin>5519</CharacterOffsetBegin>
            <CharacterOffsetEnd>5521</CharacterOffsetEnd>
            <POS>VBP</POS>
            <NER>O</NER>
            <Speaker>PER0</Speaker>
          </token>
          <token id="23">
            <word>making</word>
            <lemma>make</lemma>
            <CharacterOffsetBegin>5522</CharacterOffsetBegin>
            <CharacterOffsetEnd>5528</CharacterOffsetEnd>
            <POS>VBG</POS>
            <NER>O</NER>
            <Speaker>PER0</Speaker>
          </token>
          <token id="24">
            <word>or</word>
            <lemma>or</lemma>
            <CharacterOffsetBegin>5529</CharacterOffsetBegin>
            <CharacterOffsetEnd>5531</CharacterOffsetEnd>
            <POS>CC</POS>
            <NER>O</NER>
            <Speaker>PER0</Speaker>
          </token>
          <token id="25">
            <word>supporting</word>
            <lemma>support</lemma>
            <CharacterOffsetBegin>5532</CharacterOffsetBegin>
            <CharacterOffsetEnd>5542</CharacterOffsetEnd>
            <POS>VBG</POS>
            <NER>O</NER>
            <Speaker>PER0</Speaker>
          </token>
          <token id="26">
            <word>the</word>
            <lemma>the</lemma>
            <CharacterOffsetBegin>5543</CharacterOffsetBegin>
            <CharacterOffsetEnd>5546</CharacterOffsetEnd>
            <POS>DT</POS>
            <NER>O</NER>
            <Speaker>PER0</Speaker>
          </token>
          <token id="27">
            <word>making</word>
            <lemma>making</lemma>
            <CharacterOffsetBegin>5547</CharacterOffsetBegin>
            <CharacterOffsetEnd>5553</CharacterOffsetEnd>
            <POS>NN</POS>
            <NER>O</NER>
            <Speaker>PER0</Speaker>
          </token>
          <token id="28">
            <word>of</word>
            <lemma>of</lemma>
            <CharacterOffsetBegin>5554</CharacterOffsetBegin>
            <CharacterOffsetEnd>5556</CharacterOffsetEnd>
            <POS>IN</POS>
            <NER>O</NER>
            <Speaker>PER0</Speaker>
          </token>
          <token id="29">
            <word>decisions</word>
            <lemma>decision</lemma>
            <CharacterOffsetBegin>5557</CharacterOffsetBegin>
            <CharacterOffsetEnd>5566</CharacterOffsetEnd>
            <POS>NNS</POS>
            <NER>O</NER>
            <Speaker>PER0</Speaker>
          </token>
          <token id="30">
            <word>that</word>
            <lemma>that</lemma>
            <CharacterOffsetBegin>5567</CharacterOffsetBegin>
            <CharacterOffsetEnd>5571</CharacterOffsetEnd>
            <POS>WDT</POS>
            <NER>O</NER>
            <Speaker>PER0</Speaker>
          </token>
          <token id="31">
            <word>may</word>
            <lemma>may</lemma>
            <CharacterOffsetBegin>5572</CharacterOffsetBegin>
            <CharacterOffsetEnd>5575</CharacterOffsetEnd>
            <POS>MD</POS>
            <NER>O</NER>
            <Speaker>PER0</Speaker>
          </token>
          <token id="32">
            <word>potentially</word>
            <lemma>potentially</lemma>
            <CharacterOffsetBegin>5576</CharacterOffsetBegin>
            <CharacterOffsetEnd>5587</CharacterOffsetEnd>
            <POS>RB</POS>
            <NER>O</NER>
            <Speaker>PER0</Speaker>
          </token>
          <token id="33">
            <word>be</word>
            <lemma>be</lemma>
            <CharacterOffsetBegin>5588</CharacterOffsetBegin>
            <CharacterOffsetEnd>5590</CharacterOffsetEnd>
            <POS>VB</POS>
            <NER>O</NER>
            <Speaker>PER0</Speaker>
          </token>
          <token id="34">
            <word>deemed</word>
            <lemma>deem</lemma>
            <CharacterOffsetBegin>5591</CharacterOffsetBegin>
            <CharacterOffsetEnd>5597</CharacterOffsetEnd>
            <POS>VBN</POS>
            <NER>O</NER>
            <Speaker>PER0</Speaker>
          </token>
          <token id="35">
            <word>unethical</word>
            <lemma>unethical</lemma>
            <CharacterOffsetBegin>5598</CharacterOffsetBegin>
            <CharacterOffsetEnd>5607</CharacterOffsetEnd>
            <POS>JJ</POS>
            <NER>O</NER>
            <Speaker>PER0</Speaker>
          </token>
          <token id="36">
            <word>.</word>
            <lemma>.</lemma>
            <CharacterOffsetBegin>5607</CharacterOffsetBegin>
            <CharacterOffsetEnd>5608</CharacterOffsetEnd>
            <POS>.</POS>
            <NER>O</NER>
            <Speaker>PER0</Speaker>
          </token>
        </tokens>
        <parse>(ROOT (S (NP (PRP I)) (VP (VBD felt) (SBAR (S (NP (PRP it)) (VP (VBD was) (ADJP (JJ crucial)) (PP (IN for) (NP (PRP me))) (S (VP (TO to) (VP (VB understand) (NP (DT this))))) (SBAR (RB so) (IN that) (S (NP (PRP I)) (VP (MD can) (ADVP (RBR better)) (VP (VP (VB understand)) (CC and) (VP (VB be) (ADJP (JJ aware)) (SBAR (WHADVP (WRB when)) (S (NP (PRP I)) (VP (VBP am) (VP (VBG making) (CC or) (VBG supporting) (NP (NP (DT the) (NN making)) (PP (IN of) (NP (NNS decisions))) (SBAR (WHNP (WDT that)) (S (VP (MD may) (ADVP (RB potentially)) (VP (VB be) (VP (VBN deemed) (S (ADJP (JJ unethical)))))))))))))))))))))) (. .))) </parse>
        <dependencies type="basic-dependencies">
          <dep type="root">
            <governor idx="0">ROOT</governor>
            <dependent idx="2">felt</dependent>
          </dep>
          <dep type="nsubj">
            <governor idx="2">felt</governor>
            <dependent idx="1">I</dependent>
          </dep>
          <dep type="nsubj">
            <governor idx="5">crucial</governor>
            <dependent idx="3">it</dependent>
          </dep>
          <dep type="cop">
            <governor idx="5">crucial</governor>
            <dependent idx="4">was</dependent>
          </dep>
          <dep type="ccomp">
            <governor idx="2">felt</governor>
            <dependent idx="5">crucial</dependent>
          </dep>
          <dep type="case">
            <governor idx="7">me</governor>
            <dependent idx="6">for</dependent>
          </dep>
          <dep type="nmod">
            <governor idx="5">crucial</governor>
            <dependent idx="7">me</dependent>
          </dep>
          <dep type="mark">
            <governor idx="9">understand</governor>
            <dependent idx="8">to</dependent>
          </dep>
          <dep type="xcomp">
            <governor idx="5">crucial</governor>
            <dependent idx="9">understand</dependent>
          </dep>
          <dep type="dobj">
            <governor idx="9">understand</governor>
            <dependent idx="10">this</dependent>
          </dep>
          <dep type="mark">
            <governor idx="16">understand</governor>
            <dependent idx="11">so</dependent>
          </dep>
          <dep type="mwe">
            <governor idx="11">so</governor>
            <dependent idx="12">that</dependent>
          </dep>
          <dep type="nsubj">
            <governor idx="16">understand</governor>
            <dependent idx="13">I</dependent>
          </dep>
          <dep type="aux">
            <governor idx="16">understand</governor>
            <dependent idx="14">can</dependent>
          </dep>
          <dep type="advmod">
            <governor idx="16">understand</governor>
            <dependent idx="15">better</dependent>
          </dep>
          <dep type="advcl">
            <governor idx="5">crucial</governor>
            <dependent idx="16">understand</dependent>
          </dep>
          <dep type="cc">
            <governor idx="16">understand</governor>
            <dependent idx="17">and</dependent>
          </dep>
          <dep type="cop">
            <governor idx="19">aware</governor>
            <dependent idx="18">be</dependent>
          </dep>
          <dep type="conj">
            <governor idx="16">understand</governor>
            <dependent idx="19">aware</dependent>
          </dep>
          <dep type="advmod">
            <governor idx="23">making</governor>
            <dependent idx="20">when</dependent>
          </dep>
          <dep type="nsubj">
            <governor idx="23">making</governor>
            <dependent idx="21">I</dependent>
          </dep>
          <dep type="aux">
            <governor idx="23">making</governor>
            <dependent idx="22">am</dependent>
          </dep>
          <dep type="advcl">
            <governor idx="19">aware</governor>
            <dependent idx="23">making</dependent>
          </dep>
          <dep type="cc">
            <governor idx="23">making</governor>
            <dependent idx="24">or</dependent>
          </dep>
          <dep type="conj">
            <governor idx="23">making</governor>
            <dependent idx="25">supporting</dependent>
          </dep>
          <dep type="det">
            <governor idx="27">making</governor>
            <dependent idx="26">the</dependent>
          </dep>
          <dep type="dobj">
            <governor idx="23">making</governor>
            <dependent idx="27">making</dependent>
          </dep>
          <dep type="case">
            <governor idx="29">decisions</governor>
            <dependent idx="28">of</dependent>
          </dep>
          <dep type="nmod">
            <governor idx="27">making</governor>
            <dependent idx="29">decisions</dependent>
          </dep>
          <dep type="nsubjpass">
            <governor idx="34">deemed</governor>
            <dependent idx="30">that</dependent>
          </dep>
          <dep type="aux">
            <governor idx="34">deemed</governor>
            <dependent idx="31">may</dependent>
          </dep>
          <dep type="advmod">
            <governor idx="34">deemed</governor>
            <dependent idx="32">potentially</dependent>
          </dep>
          <dep type="auxpass">
            <governor idx="34">deemed</governor>
            <dependent idx="33">be</dependent>
          </dep>
          <dep type="acl:relcl">
            <governor idx="27">making</governor>
            <dependent idx="34">deemed</dependent>
          </dep>
          <dep type="xcomp">
            <governor idx="34">deemed</governor>
            <dependent idx="35">unethical</dependent>
          </dep>
          <dep type="punct">
            <governor idx="2">felt</governor>
            <dependent idx="36">.</dependent>
          </dep>
        </dependencies>
        <dependencies type="collapsed-dependencies">
          <dep type="root">
            <governor idx="0">ROOT</governor>
            <dependent idx="2">felt</dependent>
          </dep>
          <dep type="nsubj">
            <governor idx="2">felt</governor>
            <dependent idx="1">I</dependent>
          </dep>
          <dep type="nsubj">
            <governor idx="5">crucial</governor>
            <dependent idx="3">it</dependent>
          </dep>
          <dep type="cop">
            <governor idx="5">crucial</governor>
            <dependent idx="4">was</dependent>
          </dep>
          <dep type="ccomp">
            <governor idx="2">felt</governor>
            <dependent idx="5">crucial</dependent>
          </dep>
          <dep type="case">
            <governor idx="7">me</governor>
            <dependent idx="6">for</dependent>
          </dep>
          <dep type="nmod:for">
            <governor idx="5">crucial</governor>
            <dependent idx="7">me</dependent>
          </dep>
          <dep type="mark">
            <governor idx="9">understand</governor>
            <dependent idx="8">to</dependent>
          </dep>
          <dep type="xcomp">
            <governor idx="5">crucial</governor>
            <dependent idx="9">understand</dependent>
          </dep>
          <dep type="dobj">
            <governor idx="9">understand</governor>
            <dependent idx="10">this</dependent>
          </dep>
          <dep type="mark">
            <governor idx="16">understand</governor>
            <dependent idx="11">so</dependent>
          </dep>
          <dep type="mwe">
            <governor idx="11">so</governor>
            <dependent idx="12">that</dependent>
          </dep>
          <dep type="nsubj">
            <governor idx="16">understand</governor>
            <dependent idx="13">I</dependent>
          </dep>
          <dep type="aux">
            <governor idx="16">understand</governor>
            <dependent idx="14">can</dependent>
          </dep>
          <dep type="advmod">
            <governor idx="16">understand</governor>
            <dependent idx="15">better</dependent>
          </dep>
          <dep type="advcl">
            <governor idx="5">crucial</governor>
            <dependent idx="16">understand</dependent>
          </dep>
          <dep type="cc">
            <governor idx="16">understand</governor>
            <dependent idx="17">and</dependent>
          </dep>
          <dep type="cop">
            <governor idx="19">aware</governor>
            <dependent idx="18">be</dependent>
          </dep>
          <dep type="conj:and">
            <governor idx="16">understand</governor>
            <dependent idx="19">aware</dependent>
          </dep>
          <dep type="advmod">
            <governor idx="23">making</governor>
            <dependent idx="20">when</dependent>
          </dep>
          <dep type="nsubj">
            <governor idx="23">making</governor>
            <dependent idx="21">I</dependent>
          </dep>
          <dep type="aux">
            <governor idx="23">making</governor>
            <dependent idx="22">am</dependent>
          </dep>
          <dep type="advcl">
            <governor idx="19">aware</governor>
            <dependent idx="23">making</dependent>
          </dep>
          <dep type="cc">
            <governor idx="23">making</governor>
            <dependent idx="24">or</dependent>
          </dep>
          <dep type="conj:or">
            <governor idx="23">making</governor>
            <dependent idx="25">supporting</dependent>
          </dep>
          <dep type="det">
            <governor idx="27">making</governor>
            <dependent idx="26">the</dependent>
          </dep>
          <dep type="dobj">
            <governor idx="23">making</governor>
            <dependent idx="27">making</dependent>
          </dep>
          <dep type="case">
            <governor idx="29">decisions</governor>
            <dependent idx="28">of</dependent>
          </dep>
          <dep type="nmod:of">
            <governor idx="27">making</governor>
            <dependent idx="29">decisions</dependent>
          </dep>
          <dep type="nsubjpass">
            <governor idx="34">deemed</governor>
            <dependent idx="30">that</dependent>
          </dep>
          <dep type="aux">
            <governor idx="34">deemed</governor>
            <dependent idx="31">may</dependent>
          </dep>
          <dep type="advmod">
            <governor idx="34">deemed</governor>
            <dependent idx="32">potentially</dependent>
          </dep>
          <dep type="auxpass">
            <governor idx="34">deemed</governor>
            <dependent idx="33">be</dependent>
          </dep>
          <dep type="acl:relcl">
            <governor idx="27">making</governor>
            <dependent idx="34">deemed</dependent>
          </dep>
          <dep type="xcomp">
            <governor idx="34">deemed</governor>
            <dependent idx="35">unethical</dependent>
          </dep>
          <dep type="punct">
            <governor idx="2">felt</governor>
            <dependent idx="36">.</dependent>
          </dep>
        </dependencies>
        <dependencies type="collapsed-ccprocessed-dependencies">
          <dep type="root">
            <governor idx="0">ROOT</governor>
            <dependent idx="2">felt</dependent>
          </dep>
          <dep type="nsubj">
            <governor idx="2">felt</governor>
            <dependent idx="1">I</dependent>
          </dep>
          <dep type="nsubj">
            <governor idx="5">crucial</governor>
            <dependent idx="3">it</dependent>
          </dep>
          <dep type="cop">
            <governor idx="5">crucial</governor>
            <dependent idx="4">was</dependent>
          </dep>
          <dep type="ccomp">
            <governor idx="2">felt</governor>
            <dependent idx="5">crucial</dependent>
          </dep>
          <dep type="case">
            <governor idx="7">me</governor>
            <dependent idx="6">for</dependent>
          </dep>
          <dep type="nmod:for">
            <governor idx="5">crucial</governor>
            <dependent idx="7">me</dependent>
          </dep>
          <dep type="mark">
            <governor idx="9">understand</governor>
            <dependent idx="8">to</dependent>
          </dep>
          <dep type="xcomp">
            <governor idx="5">crucial</governor>
            <dependent idx="9">understand</dependent>
          </dep>
          <dep type="dobj">
            <governor idx="9">understand</governor>
            <dependent idx="10">this</dependent>
          </dep>
          <dep type="mark">
            <governor idx="16">understand</governor>
            <dependent idx="11">so</dependent>
          </dep>
          <dep type="mwe">
            <governor idx="11">so</governor>
            <dependent idx="12">that</dependent>
          </dep>
          <dep type="nsubj">
            <governor idx="16">understand</governor>
            <dependent idx="13">I</dependent>
          </dep>
          <dep type="nsubj" extra="true">
            <governor idx="19">aware</governor>
            <dependent idx="13">I</dependent>
          </dep>
          <dep type="aux">
            <governor idx="16">understand</governor>
            <dependent idx="14">can</dependent>
          </dep>
          <dep type="advmod">
            <governor idx="16">understand</governor>
            <dependent idx="15">better</dependent>
          </dep>
          <dep type="advcl">
            <governor idx="5">crucial</governor>
            <dependent idx="16">understand</dependent>
          </dep>
          <dep type="cc">
            <governor idx="16">understand</governor>
            <dependent idx="17">and</dependent>
          </dep>
          <dep type="cop">
            <governor idx="19">aware</governor>
            <dependent idx="18">be</dependent>
          </dep>
          <dep type="advcl" extra="true">
            <governor idx="5">crucial</governor>
            <dependent idx="19">aware</dependent>
          </dep>
          <dep type="conj:and">
            <governor idx="16">understand</governor>
            <dependent idx="19">aware</dependent>
          </dep>
          <dep type="advmod">
            <governor idx="23">making</governor>
            <dependent idx="20">when</dependent>
          </dep>
          <dep type="nsubj">
            <governor idx="23">making</governor>
            <dependent idx="21">I</dependent>
          </dep>
          <dep type="nsubj" extra="true">
            <governor idx="25">supporting</governor>
            <dependent idx="21">I</dependent>
          </dep>
          <dep type="aux">
            <governor idx="23">making</governor>
            <dependent idx="22">am</dependent>
          </dep>
          <dep type="advcl">
            <governor idx="19">aware</governor>
            <dependent idx="23">making</dependent>
          </dep>
          <dep type="cc">
            <governor idx="23">making</governor>
            <dependent idx="24">or</dependent>
          </dep>
          <dep type="advcl" extra="true">
            <governor idx="19">aware</governor>
            <dependent idx="25">supporting</dependent>
          </dep>
          <dep type="conj:or">
            <governor idx="23">making</governor>
            <dependent idx="25">supporting</dependent>
          </dep>
          <dep type="det">
            <governor idx="27">making</governor>
            <dependent idx="26">the</dependent>
          </dep>
          <dep type="dobj">
            <governor idx="23">making</governor>
            <dependent idx="27">making</dependent>
          </dep>
          <dep type="case">
            <governor idx="29">decisions</governor>
            <dependent idx="28">of</dependent>
          </dep>
          <dep type="nmod:of">
            <governor idx="27">making</governor>
            <dependent idx="29">decisions</dependent>
          </dep>
          <dep type="nsubjpass">
            <governor idx="34">deemed</governor>
            <dependent idx="30">that</dependent>
          </dep>
          <dep type="aux">
            <governor idx="34">deemed</governor>
            <dependent idx="31">may</dependent>
          </dep>
          <dep type="advmod">
            <governor idx="34">deemed</governor>
            <dependent idx="32">potentially</dependent>
          </dep>
          <dep type="auxpass">
            <governor idx="34">deemed</governor>
            <dependent idx="33">be</dependent>
          </dep>
          <dep type="acl:relcl">
            <governor idx="27">making</governor>
            <dependent idx="34">deemed</dependent>
          </dep>
          <dep type="xcomp">
            <governor idx="34">deemed</governor>
            <dependent idx="35">unethical</dependent>
          </dep>
          <dep type="punct">
            <governor idx="2">felt</governor>
            <dependent idx="36">.</dependent>
          </dep>
        </dependencies>
      </sentence>
      <sentence id="56">
        <tokens>
          <token id="1">
            <word>``</word>
            <lemma>``</lemma>
            <CharacterOffsetBegin>5609</CharacterOffsetBegin>
            <CharacterOffsetEnd>5610</CharacterOffsetEnd>
            <POS>``</POS>
            <NER>O</NER>
          </token>
          <token id="2">
            <word>The</word>
            <lemma>the</lemma>
            <CharacterOffsetBegin>5610</CharacterOffsetBegin>
            <CharacterOffsetEnd>5613</CharacterOffsetEnd>
            <POS>DT</POS>
            <NER>O</NER>
            <Speaker>295</Speaker>
          </token>
          <token id="3">
            <word>world</word>
            <lemma>world</lemma>
            <CharacterOffsetBegin>5614</CharacterOffsetBegin>
            <CharacterOffsetEnd>5619</CharacterOffsetEnd>
            <POS>NN</POS>
            <NER>O</NER>
            <Speaker>295</Speaker>
          </token>
          <token id="4">
            <word>will</word>
            <lemma>will</lemma>
            <CharacterOffsetBegin>5620</CharacterOffsetBegin>
            <CharacterOffsetEnd>5624</CharacterOffsetEnd>
            <POS>MD</POS>
            <NER>O</NER>
            <Speaker>295</Speaker>
          </token>
          <token id="5">
            <word>not</word>
            <lemma>not</lemma>
            <CharacterOffsetBegin>5625</CharacterOffsetBegin>
            <CharacterOffsetEnd>5628</CharacterOffsetEnd>
            <POS>RB</POS>
            <NER>O</NER>
            <Speaker>295</Speaker>
          </token>
          <token id="6">
            <word>be</word>
            <lemma>be</lemma>
            <CharacterOffsetBegin>5629</CharacterOffsetBegin>
            <CharacterOffsetEnd>5631</CharacterOffsetEnd>
            <POS>VB</POS>
            <NER>O</NER>
            <Speaker>295</Speaker>
          </token>
          <token id="7">
            <word>destroyed</word>
            <lemma>destroy</lemma>
            <CharacterOffsetBegin>5632</CharacterOffsetBegin>
            <CharacterOffsetEnd>5641</CharacterOffsetEnd>
            <POS>VBN</POS>
            <NER>O</NER>
            <Speaker>295</Speaker>
          </token>
          <token id="8">
            <word>by</word>
            <lemma>by</lemma>
            <CharacterOffsetBegin>5642</CharacterOffsetBegin>
            <CharacterOffsetEnd>5644</CharacterOffsetEnd>
            <POS>IN</POS>
            <NER>O</NER>
            <Speaker>295</Speaker>
          </token>
          <token id="9">
            <word>those</word>
            <lemma>those</lemma>
            <CharacterOffsetBegin>5645</CharacterOffsetBegin>
            <CharacterOffsetEnd>5650</CharacterOffsetEnd>
            <POS>DT</POS>
            <NER>O</NER>
            <Speaker>295</Speaker>
          </token>
          <token id="10">
            <word>who</word>
            <lemma>who</lemma>
            <CharacterOffsetBegin>5651</CharacterOffsetBegin>
            <CharacterOffsetEnd>5654</CharacterOffsetEnd>
            <POS>WP</POS>
            <NER>O</NER>
            <Speaker>295</Speaker>
          </token>
          <token id="11">
            <word>do</word>
            <lemma>do</lemma>
            <CharacterOffsetBegin>5655</CharacterOffsetBegin>
            <CharacterOffsetEnd>5657</CharacterOffsetEnd>
            <POS>VBP</POS>
            <NER>O</NER>
            <Speaker>295</Speaker>
          </token>
          <token id="12">
            <word>evil</word>
            <lemma>evil</lemma>
            <CharacterOffsetBegin>5658</CharacterOffsetBegin>
            <CharacterOffsetEnd>5662</CharacterOffsetEnd>
            <POS>JJ</POS>
            <NER>O</NER>
            <Speaker>295</Speaker>
          </token>
          <token id="13">
            <word>,</word>
            <lemma>,</lemma>
            <CharacterOffsetBegin>5662</CharacterOffsetBegin>
            <CharacterOffsetEnd>5663</CharacterOffsetEnd>
            <POS>,</POS>
            <NER>O</NER>
            <Speaker>295</Speaker>
          </token>
          <token id="14">
            <word>but</word>
            <lemma>but</lemma>
            <CharacterOffsetBegin>5664</CharacterOffsetBegin>
            <CharacterOffsetEnd>5667</CharacterOffsetEnd>
            <POS>CC</POS>
            <NER>O</NER>
            <Speaker>295</Speaker>
          </token>
          <token id="15">
            <word>by</word>
            <lemma>by</lemma>
            <CharacterOffsetBegin>5668</CharacterOffsetBegin>
            <CharacterOffsetEnd>5670</CharacterOffsetEnd>
            <POS>IN</POS>
            <NER>O</NER>
            <Speaker>295</Speaker>
          </token>
          <token id="16">
            <word>those</word>
            <lemma>those</lemma>
            <CharacterOffsetBegin>5671</CharacterOffsetBegin>
            <CharacterOffsetEnd>5676</CharacterOffsetEnd>
            <POS>DT</POS>
            <NER>O</NER>
            <Speaker>295</Speaker>
          </token>
          <token id="17">
            <word>who</word>
            <lemma>who</lemma>
            <CharacterOffsetBegin>5677</CharacterOffsetBegin>
            <CharacterOffsetEnd>5680</CharacterOffsetEnd>
            <POS>WP</POS>
            <NER>O</NER>
            <Speaker>295</Speaker>
          </token>
          <token id="18">
            <word>watch</word>
            <lemma>watch</lemma>
            <CharacterOffsetBegin>5681</CharacterOffsetBegin>
            <CharacterOffsetEnd>5686</CharacterOffsetEnd>
            <POS>VBP</POS>
            <NER>O</NER>
            <Speaker>295</Speaker>
          </token>
          <token id="19">
            <word>them</word>
            <lemma>they</lemma>
            <CharacterOffsetBegin>5687</CharacterOffsetBegin>
            <CharacterOffsetEnd>5691</CharacterOffsetEnd>
            <POS>PRP</POS>
            <NER>O</NER>
            <Speaker>295</Speaker>
          </token>
          <token id="20">
            <word>without</word>
            <lemma>without</lemma>
            <CharacterOffsetBegin>5692</CharacterOffsetBegin>
            <CharacterOffsetEnd>5699</CharacterOffsetEnd>
            <POS>IN</POS>
            <NER>O</NER>
            <Speaker>295</Speaker>
          </token>
          <token id="21">
            <word>doing</word>
            <lemma>do</lemma>
            <CharacterOffsetBegin>5700</CharacterOffsetBegin>
            <CharacterOffsetEnd>5705</CharacterOffsetEnd>
            <POS>VBG</POS>
            <NER>O</NER>
            <Speaker>295</Speaker>
          </token>
          <token id="22">
            <word>anything</word>
            <lemma>anything</lemma>
            <CharacterOffsetBegin>5706</CharacterOffsetBegin>
            <CharacterOffsetEnd>5714</CharacterOffsetEnd>
            <POS>NN</POS>
            <NER>O</NER>
            <Speaker>295</Speaker>
          </token>
          <token id="23">
            <word>''</word>
            <lemma>''</lemma>
            <CharacterOffsetBegin>5714</CharacterOffsetBegin>
            <CharacterOffsetEnd>5715</CharacterOffsetEnd>
            <POS>''</POS>
            <NER>O</NER>
            <Speaker>PER0</Speaker>
          </token>
          <token id="24">
            <word>Albert</word>
            <lemma>Albert</lemma>
            <CharacterOffsetBegin>5716</CharacterOffsetBegin>
            <CharacterOffsetEnd>5722</CharacterOffsetEnd>
            <POS>NNP</POS>
            <NER>PERSON</NER>
            <Speaker>PER0</Speaker>
          </token>
          <token id="25">
            <word>Einstein</word>
            <lemma>Einstein</lemma>
            <CharacterOffsetBegin>5723</CharacterOffsetBegin>
            <CharacterOffsetEnd>5731</CharacterOffsetEnd>
            <POS>NNP</POS>
            <NER>PERSON</NER>
            <Speaker>PER0</Speaker>
          </token>
          <token id="26">
            <word>.</word>
            <lemma>.</lemma>
            <CharacterOffsetBegin>5731</CharacterOffsetBegin>
            <CharacterOffsetEnd>5732</CharacterOffsetEnd>
            <POS>.</POS>
            <NER>O</NER>
            <Speaker>PER0</Speaker>
          </token>
        </tokens>
        <parse>(ROOT (S (`` ``) (NP (DT The) (NN world)) (VP (MD will) (RB not) (VP (VB be) (VP (VBN destroyed) (PP (IN by) (NP (NP (DT those)) (SBAR (WHNP (WP who)) (S (VP (VBP do) (UCP (ADJP (JJ evil)) (, ,) (CC but) (PP (IN by) (NP (NP (DT those)) (SBAR (WHNP (WP who)) (S (VP (VBP watch) (NP (PRP them)) (PP (IN without) (S (VP (VBG doing) (NP (NN anything) ('' ''))) (NP (NNP Albert) (NNP Einstein)))))))))))))))))) (. .))) </parse>
        <dependencies type="basic-dependencies">
          <dep type="root">
            <governor idx="0">ROOT</governor>
            <dependent idx="7">destroyed</dependent>
          </dep>
          <dep type="punct">
            <governor idx="7">destroyed</governor>
            <dependent idx="1">``</dependent>
          </dep>
          <dep type="det">
            <governor idx="3">world</governor>
            <dependent idx="2">The</dependent>
          </dep>
          <dep type="nsubjpass">
            <governor idx="7">destroyed</governor>
            <dependent idx="3">world</dependent>
          </dep>
          <dep type="aux">
            <governor idx="7">destroyed</governor>
            <dependent idx="4">will</dependent>
          </dep>
          <dep type="neg">
            <governor idx="7">destroyed</governor>
            <dependent idx="5">not</dependent>
          </dep>
          <dep type="auxpass">
            <governor idx="7">destroyed</governor>
            <dependent idx="6">be</dependent>
          </dep>
          <dep type="case">
            <governor idx="9">those</governor>
            <dependent idx="8">by</dependent>
          </dep>
          <dep type="nmod">
            <governor idx="7">destroyed</governor>
            <dependent idx="9">those</dependent>
          </dep>
          <dep type="nsubj">
            <governor idx="11">do</governor>
            <dependent idx="10">who</dependent>
          </dep>
          <dep type="acl:relcl">
            <governor idx="9">those</governor>
            <dependent idx="11">do</dependent>
          </dep>
          <dep type="xcomp">
            <governor idx="11">do</governor>
            <dependent idx="12">evil</dependent>
          </dep>
          <dep type="punct">
            <governor idx="12">evil</governor>
            <dependent idx="13">,</dependent>
          </dep>
          <dep type="cc">
            <governor idx="12">evil</governor>
            <dependent idx="14">but</dependent>
          </dep>
          <dep type="case">
            <governor idx="16">those</governor>
            <dependent idx="15">by</dependent>
          </dep>
          <dep type="conj">
            <governor idx="12">evil</governor>
            <dependent idx="16">those</dependent>
          </dep>
          <dep type="nsubj">
            <governor idx="18">watch</governor>
            <dependent idx="17">who</dependent>
          </dep>
          <dep type="acl:relcl">
            <governor idx="16">those</governor>
            <dependent idx="18">watch</dependent>
          </dep>
          <dep type="dobj">
            <governor idx="18">watch</governor>
            <dependent idx="19">them</dependent>
          </dep>
          <dep type="mark">
            <governor idx="21">doing</governor>
            <dependent idx="20">without</dependent>
          </dep>
          <dep type="advcl">
            <governor idx="18">watch</governor>
            <dependent idx="21">doing</dependent>
          </dep>
          <dep type="dobj">
            <governor idx="21">doing</governor>
            <dependent idx="22">anything</dependent>
          </dep>
          <dep type="punct">
            <governor idx="22">anything</governor>
            <dependent idx="23">''</dependent>
          </dep>
          <dep type="compound">
            <governor idx="25">Einstein</governor>
            <dependent idx="24">Albert</dependent>
          </dep>
          <dep type="dep">
            <governor idx="21">doing</governor>
            <dependent idx="25">Einstein</dependent>
          </dep>
          <dep type="punct">
            <governor idx="7">destroyed</governor>
            <dependent idx="26">.</dependent>
          </dep>
        </dependencies>
        <dependencies type="collapsed-dependencies">
          <dep type="root">
            <governor idx="0">ROOT</governor>
            <dependent idx="7">destroyed</dependent>
          </dep>
          <dep type="punct">
            <governor idx="7">destroyed</governor>
            <dependent idx="1">``</dependent>
          </dep>
          <dep type="det">
            <governor idx="3">world</governor>
            <dependent idx="2">The</dependent>
          </dep>
          <dep type="nsubjpass">
            <governor idx="7">destroyed</governor>
            <dependent idx="3">world</dependent>
          </dep>
          <dep type="aux">
            <governor idx="7">destroyed</governor>
            <dependent idx="4">will</dependent>
          </dep>
          <dep type="neg">
            <governor idx="7">destroyed</governor>
            <dependent idx="5">not</dependent>
          </dep>
          <dep type="auxpass">
            <governor idx="7">destroyed</governor>
            <dependent idx="6">be</dependent>
          </dep>
          <dep type="case">
            <governor idx="9">those</governor>
            <dependent idx="8">by</dependent>
          </dep>
          <dep type="nmod:agent">
            <governor idx="7">destroyed</governor>
            <dependent idx="9">those</dependent>
          </dep>
          <dep type="nsubj">
            <governor idx="11">do</governor>
            <dependent idx="10">who</dependent>
          </dep>
          <dep type="acl:relcl">
            <governor idx="9">those</governor>
            <dependent idx="11">do</dependent>
          </dep>
          <dep type="xcomp">
            <governor idx="11">do</governor>
            <dependent idx="12">evil</dependent>
          </dep>
          <dep type="punct">
            <governor idx="12">evil</governor>
            <dependent idx="13">,</dependent>
          </dep>
          <dep type="cc">
            <governor idx="12">evil</governor>
            <dependent idx="14">but</dependent>
          </dep>
          <dep type="case">
            <governor idx="16">those</governor>
            <dependent idx="15">by</dependent>
          </dep>
          <dep type="conj:but">
            <governor idx="12">evil</governor>
            <dependent idx="16">those</dependent>
          </dep>
          <dep type="nsubj">
            <governor idx="18">watch</governor>
            <dependent idx="17">who</dependent>
          </dep>
          <dep type="acl:relcl">
            <governor idx="16">those</governor>
            <dependent idx="18">watch</dependent>
          </dep>
          <dep type="dobj">
            <governor idx="18">watch</governor>
            <dependent idx="19">them</dependent>
          </dep>
          <dep type="mark">
            <governor idx="21">doing</governor>
            <dependent idx="20">without</dependent>
          </dep>
          <dep type="advcl">
            <governor idx="18">watch</governor>
            <dependent idx="21">doing</dependent>
          </dep>
          <dep type="dobj">
            <governor idx="21">doing</governor>
            <dependent idx="22">anything</dependent>
          </dep>
          <dep type="punct">
            <governor idx="22">anything</governor>
            <dependent idx="23">''</dependent>
          </dep>
          <dep type="compound">
            <governor idx="25">Einstein</governor>
            <dependent idx="24">Albert</dependent>
          </dep>
          <dep type="dep">
            <governor idx="21">doing</governor>
            <dependent idx="25">Einstein</dependent>
          </dep>
          <dep type="punct">
            <governor idx="7">destroyed</governor>
            <dependent idx="26">.</dependent>
          </dep>
        </dependencies>
        <dependencies type="collapsed-ccprocessed-dependencies">
          <dep type="root">
            <governor idx="0">ROOT</governor>
            <dependent idx="7">destroyed</dependent>
          </dep>
          <dep type="punct">
            <governor idx="7">destroyed</governor>
            <dependent idx="1">``</dependent>
          </dep>
          <dep type="det">
            <governor idx="3">world</governor>
            <dependent idx="2">The</dependent>
          </dep>
          <dep type="nsubjpass">
            <governor idx="7">destroyed</governor>
            <dependent idx="3">world</dependent>
          </dep>
          <dep type="aux">
            <governor idx="7">destroyed</governor>
            <dependent idx="4">will</dependent>
          </dep>
          <dep type="neg">
            <governor idx="7">destroyed</governor>
            <dependent idx="5">not</dependent>
          </dep>
          <dep type="auxpass">
            <governor idx="7">destroyed</governor>
            <dependent idx="6">be</dependent>
          </dep>
          <dep type="case">
            <governor idx="9">those</governor>
            <dependent idx="8">by</dependent>
          </dep>
          <dep type="nmod:agent">
            <governor idx="7">destroyed</governor>
            <dependent idx="9">those</dependent>
          </dep>
          <dep type="nsubj">
            <governor idx="11">do</governor>
            <dependent idx="10">who</dependent>
          </dep>
          <dep type="acl:relcl">
            <governor idx="9">those</governor>
            <dependent idx="11">do</dependent>
          </dep>
          <dep type="xcomp">
            <governor idx="11">do</governor>
            <dependent idx="12">evil</dependent>
          </dep>
          <dep type="punct">
            <governor idx="12">evil</governor>
            <dependent idx="13">,</dependent>
          </dep>
          <dep type="cc">
            <governor idx="12">evil</governor>
            <dependent idx="14">but</dependent>
          </dep>
          <dep type="case">
            <governor idx="16">those</governor>
            <dependent idx="15">by</dependent>
          </dep>
          <dep type="xcomp" extra="true">
            <governor idx="11">do</governor>
            <dependent idx="16">those</dependent>
          </dep>
          <dep type="conj:but">
            <governor idx="12">evil</governor>
            <dependent idx="16">those</dependent>
          </dep>
          <dep type="nsubj">
            <governor idx="18">watch</governor>
            <dependent idx="17">who</dependent>
          </dep>
          <dep type="acl:relcl">
            <governor idx="16">those</governor>
            <dependent idx="18">watch</dependent>
          </dep>
          <dep type="dobj">
            <governor idx="18">watch</governor>
            <dependent idx="19">them</dependent>
          </dep>
          <dep type="mark">
            <governor idx="21">doing</governor>
            <dependent idx="20">without</dependent>
          </dep>
          <dep type="advcl">
            <governor idx="18">watch</governor>
            <dependent idx="21">doing</dependent>
          </dep>
          <dep type="dobj">
            <governor idx="21">doing</governor>
            <dependent idx="22">anything</dependent>
          </dep>
          <dep type="punct">
            <governor idx="22">anything</governor>
            <dependent idx="23">''</dependent>
          </dep>
          <dep type="compound">
            <governor idx="25">Einstein</governor>
            <dependent idx="24">Albert</dependent>
          </dep>
          <dep type="dep">
            <governor idx="21">doing</governor>
            <dependent idx="25">Einstein</dependent>
          </dep>
          <dep type="punct">
            <governor idx="7">destroyed</governor>
            <dependent idx="26">.</dependent>
          </dep>
        </dependencies>
      </sentence>
      <sentence id="57">
        <tokens>
          <token id="1">
            <word>This</word>
            <lemma>this</lemma>
            <CharacterOffsetBegin>5733</CharacterOffsetBegin>
            <CharacterOffsetEnd>5737</CharacterOffsetEnd>
            <POS>DT</POS>
            <NER>O</NER>
            <Speaker>PER0</Speaker>
          </token>
          <token id="2">
            <word>quote</word>
            <lemma>quote</lemma>
            <CharacterOffsetBegin>5738</CharacterOffsetBegin>
            <CharacterOffsetEnd>5743</CharacterOffsetEnd>
            <POS>NN</POS>
            <NER>O</NER>
            <Speaker>PER0</Speaker>
          </token>
          <token id="3">
            <word>really</word>
            <lemma>really</lemma>
            <CharacterOffsetBegin>5744</CharacterOffsetBegin>
            <CharacterOffsetEnd>5750</CharacterOffsetEnd>
            <POS>RB</POS>
            <NER>O</NER>
            <Speaker>PER0</Speaker>
          </token>
          <token id="4">
            <word>resided</word>
            <lemma>reside</lemma>
            <CharacterOffsetBegin>5751</CharacterOffsetBegin>
            <CharacterOffsetEnd>5758</CharacterOffsetEnd>
            <POS>VBD</POS>
            <NER>O</NER>
            <Speaker>PER0</Speaker>
          </token>
          <token id="5">
            <word>with</word>
            <lemma>with</lemma>
            <CharacterOffsetBegin>5759</CharacterOffsetBegin>
            <CharacterOffsetEnd>5763</CharacterOffsetEnd>
            <POS>IN</POS>
            <NER>O</NER>
            <Speaker>PER0</Speaker>
          </token>
          <token id="6">
            <word>me</word>
            <lemma>I</lemma>
            <CharacterOffsetBegin>5764</CharacterOffsetBegin>
            <CharacterOffsetEnd>5766</CharacterOffsetEnd>
            <POS>PRP</POS>
            <NER>O</NER>
            <Speaker>PER0</Speaker>
          </token>
          <token id="7">
            <word>.</word>
            <lemma>.</lemma>
            <CharacterOffsetBegin>5766</CharacterOffsetBegin>
            <CharacterOffsetEnd>5767</CharacterOffsetEnd>
            <POS>.</POS>
            <NER>O</NER>
            <Speaker>PER0</Speaker>
          </token>
        </tokens>
        <parse>(ROOT (S (NP (DT This) (NN quote)) (ADVP (RB really)) (VP (VBD resided) (PP (IN with) (NP (PRP me)))) (. .))) </parse>
        <dependencies type="basic-dependencies">
          <dep type="root">
            <governor idx="0">ROOT</governor>
            <dependent idx="4">resided</dependent>
          </dep>
          <dep type="det">
            <governor idx="2">quote</governor>
            <dependent idx="1">This</dependent>
          </dep>
          <dep type="nsubj">
            <governor idx="4">resided</governor>
            <dependent idx="2">quote</dependent>
          </dep>
          <dep type="advmod">
            <governor idx="4">resided</governor>
            <dependent idx="3">really</dependent>
          </dep>
          <dep type="case">
            <governor idx="6">me</governor>
            <dependent idx="5">with</dependent>
          </dep>
          <dep type="nmod">
            <governor idx="4">resided</governor>
            <dependent idx="6">me</dependent>
          </dep>
          <dep type="punct">
            <governor idx="4">resided</governor>
            <dependent idx="7">.</dependent>
          </dep>
        </dependencies>
        <dependencies type="collapsed-dependencies">
          <dep type="root">
            <governor idx="0">ROOT</governor>
            <dependent idx="4">resided</dependent>
          </dep>
          <dep type="det">
            <governor idx="2">quote</governor>
            <dependent idx="1">This</dependent>
          </dep>
          <dep type="nsubj">
            <governor idx="4">resided</governor>
            <dependent idx="2">quote</dependent>
          </dep>
          <dep type="advmod">
            <governor idx="4">resided</governor>
            <dependent idx="3">really</dependent>
          </dep>
          <dep type="case">
            <governor idx="6">me</governor>
            <dependent idx="5">with</dependent>
          </dep>
          <dep type="nmod:with">
            <governor idx="4">resided</governor>
            <dependent idx="6">me</dependent>
          </dep>
          <dep type="punct">
            <governor idx="4">resided</governor>
            <dependent idx="7">.</dependent>
          </dep>
        </dependencies>
        <dependencies type="collapsed-ccprocessed-dependencies">
          <dep type="root">
            <governor idx="0">ROOT</governor>
            <dependent idx="4">resided</dependent>
          </dep>
          <dep type="det">
            <governor idx="2">quote</governor>
            <dependent idx="1">This</dependent>
          </dep>
          <dep type="nsubj">
            <governor idx="4">resided</governor>
            <dependent idx="2">quote</dependent>
          </dep>
          <dep type="advmod">
            <governor idx="4">resided</governor>
            <dependent idx="3">really</dependent>
          </dep>
          <dep type="case">
            <governor idx="6">me</governor>
            <dependent idx="5">with</dependent>
          </dep>
          <dep type="nmod:with">
            <governor idx="4">resided</governor>
            <dependent idx="6">me</dependent>
          </dep>
          <dep type="punct">
            <governor idx="4">resided</governor>
            <dependent idx="7">.</dependent>
          </dep>
        </dependencies>
      </sentence>
      <sentence id="58">
        <tokens>
          <token id="1">
            <word>It</word>
            <lemma>it</lemma>
            <CharacterOffsetBegin>5768</CharacterOffsetBegin>
            <CharacterOffsetEnd>5770</CharacterOffsetEnd>
            <POS>PRP</POS>
            <NER>O</NER>
            <Speaker>PER0</Speaker>
          </token>
          <token id="2">
            <word>made</word>
            <lemma>make</lemma>
            <CharacterOffsetBegin>5771</CharacterOffsetBegin>
            <CharacterOffsetEnd>5775</CharacterOffsetEnd>
            <POS>VBD</POS>
            <NER>O</NER>
            <Speaker>PER0</Speaker>
          </token>
          <token id="3">
            <word>me</word>
            <lemma>I</lemma>
            <CharacterOffsetBegin>5776</CharacterOffsetBegin>
            <CharacterOffsetEnd>5778</CharacterOffsetEnd>
            <POS>PRP</POS>
            <NER>O</NER>
            <Speaker>PER0</Speaker>
          </token>
          <token id="4">
            <word>wake</word>
            <lemma>wake</lemma>
            <CharacterOffsetBegin>5779</CharacterOffsetBegin>
            <CharacterOffsetEnd>5783</CharacterOffsetEnd>
            <POS>VB</POS>
            <NER>O</NER>
            <Speaker>PER0</Speaker>
          </token>
          <token id="5">
            <word>up</word>
            <lemma>up</lemma>
            <CharacterOffsetBegin>5784</CharacterOffsetBegin>
            <CharacterOffsetEnd>5786</CharacterOffsetEnd>
            <POS>RP</POS>
            <NER>O</NER>
            <Speaker>PER0</Speaker>
          </token>
          <token id="6">
            <word>to</word>
            <lemma>to</lemma>
            <CharacterOffsetBegin>5787</CharacterOffsetBegin>
            <CharacterOffsetEnd>5789</CharacterOffsetEnd>
            <POS>TO</POS>
            <NER>O</NER>
            <Speaker>PER0</Speaker>
          </token>
          <token id="7">
            <word>myself</word>
            <lemma>myself</lemma>
            <CharacterOffsetBegin>5790</CharacterOffsetBegin>
            <CharacterOffsetEnd>5796</CharacterOffsetEnd>
            <POS>PRP</POS>
            <NER>O</NER>
            <Speaker>PER0</Speaker>
          </token>
          <token id="8">
            <word>again</word>
            <lemma>again</lemma>
            <CharacterOffsetBegin>5797</CharacterOffsetBegin>
            <CharacterOffsetEnd>5802</CharacterOffsetEnd>
            <POS>RB</POS>
            <NER>O</NER>
            <Speaker>PER0</Speaker>
          </token>
          <token id="9">
            <word>.</word>
            <lemma>.</lemma>
            <CharacterOffsetBegin>5802</CharacterOffsetBegin>
            <CharacterOffsetEnd>5803</CharacterOffsetEnd>
            <POS>.</POS>
            <NER>O</NER>
            <Speaker>PER0</Speaker>
          </token>
        </tokens>
        <parse>(ROOT (S (NP (PRP It)) (VP (VBD made) (S (NP (PRP me)) (VP (VB wake) (PRT (RP up)) (PP (TO to) (NP (PRP myself))))) (ADVP (RB again))) (. .))) </parse>
        <dependencies type="basic-dependencies">
          <dep type="root">
            <governor idx="0">ROOT</governor>
            <dependent idx="2">made</dependent>
          </dep>
          <dep type="nsubj">
            <governor idx="2">made</governor>
            <dependent idx="1">It</dependent>
          </dep>
          <dep type="nsubj">
            <governor idx="4">wake</governor>
            <dependent idx="3">me</dependent>
          </dep>
          <dep type="ccomp">
            <governor idx="2">made</governor>
            <dependent idx="4">wake</dependent>
          </dep>
          <dep type="compound:prt">
            <governor idx="4">wake</governor>
            <dependent idx="5">up</dependent>
          </dep>
          <dep type="case">
            <governor idx="7">myself</governor>
            <dependent idx="6">to</dependent>
          </dep>
          <dep type="nmod">
            <governor idx="4">wake</governor>
            <dependent idx="7">myself</dependent>
          </dep>
          <dep type="advmod">
            <governor idx="2">made</governor>
            <dependent idx="8">again</dependent>
          </dep>
          <dep type="punct">
            <governor idx="2">made</governor>
            <dependent idx="9">.</dependent>
          </dep>
        </dependencies>
        <dependencies type="collapsed-dependencies">
          <dep type="root">
            <governor idx="0">ROOT</governor>
            <dependent idx="2">made</dependent>
          </dep>
          <dep type="nsubj">
            <governor idx="2">made</governor>
            <dependent idx="1">It</dependent>
          </dep>
          <dep type="nsubj">
            <governor idx="4">wake</governor>
            <dependent idx="3">me</dependent>
          </dep>
          <dep type="ccomp">
            <governor idx="2">made</governor>
            <dependent idx="4">wake</dependent>
          </dep>
          <dep type="compound:prt">
            <governor idx="4">wake</governor>
            <dependent idx="5">up</dependent>
          </dep>
          <dep type="case">
            <governor idx="7">myself</governor>
            <dependent idx="6">to</dependent>
          </dep>
          <dep type="nmod:to">
            <governor idx="4">wake</governor>
            <dependent idx="7">myself</dependent>
          </dep>
          <dep type="advmod">
            <governor idx="2">made</governor>
            <dependent idx="8">again</dependent>
          </dep>
          <dep type="punct">
            <governor idx="2">made</governor>
            <dependent idx="9">.</dependent>
          </dep>
        </dependencies>
        <dependencies type="collapsed-ccprocessed-dependencies">
          <dep type="root">
            <governor idx="0">ROOT</governor>
            <dependent idx="2">made</dependent>
          </dep>
          <dep type="nsubj">
            <governor idx="2">made</governor>
            <dependent idx="1">It</dependent>
          </dep>
          <dep type="nsubj">
            <governor idx="4">wake</governor>
            <dependent idx="3">me</dependent>
          </dep>
          <dep type="ccomp">
            <governor idx="2">made</governor>
            <dependent idx="4">wake</dependent>
          </dep>
          <dep type="compound:prt">
            <governor idx="4">wake</governor>
            <dependent idx="5">up</dependent>
          </dep>
          <dep type="case">
            <governor idx="7">myself</governor>
            <dependent idx="6">to</dependent>
          </dep>
          <dep type="nmod:to">
            <governor idx="4">wake</governor>
            <dependent idx="7">myself</dependent>
          </dep>
          <dep type="advmod">
            <governor idx="2">made</governor>
            <dependent idx="8">again</dependent>
          </dep>
          <dep type="punct">
            <governor idx="2">made</governor>
            <dependent idx="9">.</dependent>
          </dep>
        </dependencies>
      </sentence>
      <sentence id="59">
        <tokens>
          <token id="1">
            <word>I</word>
            <lemma>I</lemma>
            <CharacterOffsetBegin>5804</CharacterOffsetBegin>
            <CharacterOffsetEnd>5805</CharacterOffsetEnd>
            <POS>PRP</POS>
            <NER>O</NER>
            <Speaker>PER0</Speaker>
          </token>
          <token id="2">
            <word>'ve</word>
            <lemma>have</lemma>
            <CharacterOffsetBegin>5805</CharacterOffsetBegin>
            <CharacterOffsetEnd>5808</CharacterOffsetEnd>
            <POS>VBP</POS>
            <NER>O</NER>
            <Speaker>PER0</Speaker>
          </token>
          <token id="3">
            <word>been</word>
            <lemma>be</lemma>
            <CharacterOffsetBegin>5809</CharacterOffsetBegin>
            <CharacterOffsetEnd>5813</CharacterOffsetEnd>
            <POS>VBN</POS>
            <NER>O</NER>
            <Speaker>PER0</Speaker>
          </token>
          <token id="4">
            <word>working</word>
            <lemma>work</lemma>
            <CharacterOffsetBegin>5814</CharacterOffsetBegin>
            <CharacterOffsetEnd>5821</CharacterOffsetEnd>
            <POS>VBG</POS>
            <NER>O</NER>
            <Speaker>PER0</Speaker>
          </token>
          <token id="5">
            <word>in</word>
            <lemma>in</lemma>
            <CharacterOffsetBegin>5822</CharacterOffsetBegin>
            <CharacterOffsetEnd>5824</CharacterOffsetEnd>
            <POS>IN</POS>
            <NER>O</NER>
            <Speaker>PER0</Speaker>
          </token>
          <token id="6">
            <word>the</word>
            <lemma>the</lemma>
            <CharacterOffsetBegin>5825</CharacterOffsetBegin>
            <CharacterOffsetEnd>5828</CharacterOffsetEnd>
            <POS>DT</POS>
            <NER>O</NER>
            <Speaker>PER0</Speaker>
          </token>
          <token id="7">
            <word>corporate</word>
            <lemma>corporate</lemma>
            <CharacterOffsetBegin>5829</CharacterOffsetBegin>
            <CharacterOffsetEnd>5838</CharacterOffsetEnd>
            <POS>JJ</POS>
            <NER>O</NER>
            <Speaker>PER0</Speaker>
          </token>
          <token id="8">
            <word>environment</word>
            <lemma>environment</lemma>
            <CharacterOffsetBegin>5839</CharacterOffsetBegin>
            <CharacterOffsetEnd>5850</CharacterOffsetEnd>
            <POS>NN</POS>
            <NER>O</NER>
            <Speaker>PER0</Speaker>
          </token>
          <token id="9">
            <word>for</word>
            <lemma>for</lemma>
            <CharacterOffsetBegin>5851</CharacterOffsetBegin>
            <CharacterOffsetEnd>5854</CharacterOffsetEnd>
            <POS>IN</POS>
            <NER>O</NER>
            <Speaker>PER0</Speaker>
          </token>
          <token id="10">
            <word>almost</word>
            <lemma>almost</lemma>
            <CharacterOffsetBegin>5855</CharacterOffsetBegin>
            <CharacterOffsetEnd>5861</CharacterOffsetEnd>
            <POS>RB</POS>
            <NER>O</NER>
            <Speaker>PER0</Speaker>
          </token>
          <token id="11">
            <word>eight</word>
            <lemma>eight</lemma>
            <CharacterOffsetBegin>5862</CharacterOffsetBegin>
            <CharacterOffsetEnd>5867</CharacterOffsetEnd>
            <POS>CD</POS>
            <NER>DURATION</NER>
            <NormalizedNER>P8Y</NormalizedNER>
            <Speaker>PER0</Speaker>
            <Timex tid="t7" type="DURATION">P8Y</Timex>
          </token>
          <token id="12">
            <word>years</word>
            <lemma>year</lemma>
            <CharacterOffsetBegin>5868</CharacterOffsetBegin>
            <CharacterOffsetEnd>5873</CharacterOffsetEnd>
            <POS>NNS</POS>
            <NER>DURATION</NER>
            <NormalizedNER>P8Y</NormalizedNER>
            <Speaker>PER0</Speaker>
            <Timex tid="t7" type="DURATION">P8Y</Timex>
          </token>
          <token id="13">
            <word>now</word>
            <lemma>now</lemma>
            <CharacterOffsetBegin>5874</CharacterOffsetBegin>
            <CharacterOffsetEnd>5877</CharacterOffsetEnd>
            <POS>RB</POS>
            <NER>DATE</NER>
            <NormalizedNER>PRESENT_REF</NormalizedNER>
            <Speaker>PER0</Speaker>
            <Timex tid="t8" type="DATE">PRESENT_REF</Timex>
          </token>
          <token id="14">
            <word>and</word>
            <lemma>and</lemma>
            <CharacterOffsetBegin>5878</CharacterOffsetBegin>
            <CharacterOffsetEnd>5881</CharacterOffsetEnd>
            <POS>CC</POS>
            <NER>O</NER>
            <Speaker>PER0</Speaker>
          </token>
          <token id="15">
            <word>realized</word>
            <lemma>realize</lemma>
            <CharacterOffsetBegin>5882</CharacterOffsetBegin>
            <CharacterOffsetEnd>5890</CharacterOffsetEnd>
            <POS>VBD</POS>
            <NER>O</NER>
            <Speaker>PER0</Speaker>
          </token>
          <token id="16">
            <word>I</word>
            <lemma>I</lemma>
            <CharacterOffsetBegin>5891</CharacterOffsetBegin>
            <CharacterOffsetEnd>5892</CharacterOffsetEnd>
            <POS>PRP</POS>
            <NER>O</NER>
            <Speaker>PER0</Speaker>
          </token>
          <token id="17">
            <word>am</word>
            <lemma>be</lemma>
            <CharacterOffsetBegin>5893</CharacterOffsetBegin>
            <CharacterOffsetEnd>5895</CharacterOffsetEnd>
            <POS>VBP</POS>
            <NER>O</NER>
            <Speaker>PER0</Speaker>
          </token>
          <token id="18">
            <word>a</word>
            <lemma>a</lemma>
            <CharacterOffsetBegin>5896</CharacterOffsetBegin>
            <CharacterOffsetEnd>5897</CharacterOffsetEnd>
            <POS>DT</POS>
            <NER>O</NER>
            <Speaker>PER0</Speaker>
          </token>
          <token id="19">
            <word>product</word>
            <lemma>product</lemma>
            <CharacterOffsetBegin>5898</CharacterOffsetBegin>
            <CharacterOffsetEnd>5905</CharacterOffsetEnd>
            <POS>NN</POS>
            <NER>O</NER>
            <Speaker>PER0</Speaker>
          </token>
          <token id="20">
            <word>of</word>
            <lemma>of</lemma>
            <CharacterOffsetBegin>5906</CharacterOffsetBegin>
            <CharacterOffsetEnd>5908</CharacterOffsetEnd>
            <POS>IN</POS>
            <NER>O</NER>
            <Speaker>PER0</Speaker>
          </token>
          <token id="21">
            <word>being</word>
            <lemma>be</lemma>
            <CharacterOffsetBegin>5909</CharacterOffsetBegin>
            <CharacterOffsetEnd>5914</CharacterOffsetEnd>
            <POS>VBG</POS>
            <NER>O</NER>
            <Speaker>PER0</Speaker>
          </token>
          <token id="22">
            <word>institutionalized</word>
            <lemma>institutionalize</lemma>
            <CharacterOffsetBegin>5915</CharacterOffsetBegin>
            <CharacterOffsetEnd>5932</CharacterOffsetEnd>
            <POS>VBN</POS>
            <NER>O</NER>
            <Speaker>PER0</Speaker>
          </token>
          <token id="23">
            <word>-</word>
            <lemma>-</lemma>
            <CharacterOffsetBegin>5933</CharacterOffsetBegin>
            <CharacterOffsetEnd>5934</CharacterOffsetEnd>
            <POS>:</POS>
            <NER>O</NER>
            <Speaker>PER0</Speaker>
          </token>
          <token id="24">
            <word>somewhat</word>
            <lemma>somewhat</lemma>
            <CharacterOffsetBegin>5935</CharacterOffsetBegin>
            <CharacterOffsetEnd>5943</CharacterOffsetEnd>
            <POS>RB</POS>
            <NER>O</NER>
            <Speaker>PER0</Speaker>
          </token>
          <token id="25">
            <word>numb</word>
            <lemma>numb</lemma>
            <CharacterOffsetBegin>5944</CharacterOffsetBegin>
            <CharacterOffsetEnd>5948</CharacterOffsetEnd>
            <POS>JJ</POS>
            <NER>O</NER>
            <Speaker>PER0</Speaker>
          </token>
          <token id="26">
            <word>.</word>
            <lemma>.</lemma>
            <CharacterOffsetBegin>5948</CharacterOffsetBegin>
            <CharacterOffsetEnd>5949</CharacterOffsetEnd>
            <POS>.</POS>
            <NER>O</NER>
            <Speaker>PER0</Speaker>
          </token>
        </tokens>
        <parse>(ROOT (S (NP (PRP I)) (VP (VP (VBP 've) (VP (VBN been) (VP (VBG working) (PP (IN in) (NP (NP (DT the) (JJ corporate) (NN environment)) (PP (IN for) (NP (RB almost) (CD eight) (NNS years))))) (ADVP (RB now))))) (CC and) (VP (VBD realized) (SBAR (S (NP (PRP I)) (VP (VBP am) (NP (NP (DT a) (NN product)) (PP (IN of) (S (VP (VBG being) (VP (VBN institutionalized) (: -) (PP (RB somewhat) (ADJP (JJ numb))))))))))))) (. .))) </parse>
        <dependencies type="basic-dependencies">
          <dep type="root">
            <governor idx="0">ROOT</governor>
            <dependent idx="4">working</dependent>
          </dep>
          <dep type="nsubj">
            <governor idx="4">working</governor>
            <dependent idx="1">I</dependent>
          </dep>
          <dep type="aux">
            <governor idx="4">working</governor>
            <dependent idx="2">'ve</dependent>
          </dep>
          <dep type="aux">
            <governor idx="4">working</governor>
            <dependent idx="3">been</dependent>
          </dep>
          <dep type="case">
            <governor idx="8">environment</governor>
            <dependent idx="5">in</dependent>
          </dep>
          <dep type="det">
            <governor idx="8">environment</governor>
            <dependent idx="6">the</dependent>
          </dep>
          <dep type="amod">
            <governor idx="8">environment</governor>
            <dependent idx="7">corporate</dependent>
          </dep>
          <dep type="nmod">
            <governor idx="4">working</governor>
            <dependent idx="8">environment</dependent>
          </dep>
          <dep type="case">
            <governor idx="12">years</governor>
            <dependent idx="9">for</dependent>
          </dep>
          <dep type="advmod">
            <governor idx="12">years</governor>
            <dependent idx="10">almost</dependent>
          </dep>
          <dep type="nummod">
            <governor idx="12">years</governor>
            <dependent idx="11">eight</dependent>
          </dep>
          <dep type="nmod">
            <governor idx="8">environment</governor>
            <dependent idx="12">years</dependent>
          </dep>
          <dep type="advmod">
            <governor idx="4">working</governor>
            <dependent idx="13">now</dependent>
          </dep>
          <dep type="cc">
            <governor idx="4">working</governor>
            <dependent idx="14">and</dependent>
          </dep>
          <dep type="conj">
            <governor idx="4">working</governor>
            <dependent idx="15">realized</dependent>
          </dep>
          <dep type="nsubj">
            <governor idx="19">product</governor>
            <dependent idx="16">I</dependent>
          </dep>
          <dep type="cop">
            <governor idx="19">product</governor>
            <dependent idx="17">am</dependent>
          </dep>
          <dep type="det">
            <governor idx="19">product</governor>
            <dependent idx="18">a</dependent>
          </dep>
          <dep type="ccomp">
            <governor idx="15">realized</governor>
            <dependent idx="19">product</dependent>
          </dep>
          <dep type="mark">
            <governor idx="22">institutionalized</governor>
            <dependent idx="20">of</dependent>
          </dep>
          <dep type="auxpass">
            <governor idx="22">institutionalized</governor>
            <dependent idx="21">being</dependent>
          </dep>
          <dep type="acl">
            <governor idx="19">product</governor>
            <dependent idx="22">institutionalized</dependent>
          </dep>
          <dep type="punct">
            <governor idx="22">institutionalized</governor>
            <dependent idx="23">-</dependent>
          </dep>
          <dep type="advmod">
            <governor idx="25">numb</governor>
            <dependent idx="24">somewhat</dependent>
          </dep>
          <dep type="advcl">
            <governor idx="22">institutionalized</governor>
            <dependent idx="25">numb</dependent>
          </dep>
          <dep type="punct">
            <governor idx="4">working</governor>
            <dependent idx="26">.</dependent>
          </dep>
        </dependencies>
        <dependencies type="collapsed-dependencies">
          <dep type="root">
            <governor idx="0">ROOT</governor>
            <dependent idx="4">working</dependent>
          </dep>
          <dep type="nsubj">
            <governor idx="4">working</governor>
            <dependent idx="1">I</dependent>
          </dep>
          <dep type="aux">
            <governor idx="4">working</governor>
            <dependent idx="2">'ve</dependent>
          </dep>
          <dep type="aux">
            <governor idx="4">working</governor>
            <dependent idx="3">been</dependent>
          </dep>
          <dep type="case">
            <governor idx="8">environment</governor>
            <dependent idx="5">in</dependent>
          </dep>
          <dep type="det">
            <governor idx="8">environment</governor>
            <dependent idx="6">the</dependent>
          </dep>
          <dep type="amod">
            <governor idx="8">environment</governor>
            <dependent idx="7">corporate</dependent>
          </dep>
          <dep type="nmod:in">
            <governor idx="4">working</governor>
            <dependent idx="8">environment</dependent>
          </dep>
          <dep type="case">
            <governor idx="12">years</governor>
            <dependent idx="9">for</dependent>
          </dep>
          <dep type="advmod">
            <governor idx="12">years</governor>
            <dependent idx="10">almost</dependent>
          </dep>
          <dep type="nummod">
            <governor idx="12">years</governor>
            <dependent idx="11">eight</dependent>
          </dep>
          <dep type="nmod:for">
            <governor idx="8">environment</governor>
            <dependent idx="12">years</dependent>
          </dep>
          <dep type="advmod">
            <governor idx="4">working</governor>
            <dependent idx="13">now</dependent>
          </dep>
          <dep type="cc">
            <governor idx="4">working</governor>
            <dependent idx="14">and</dependent>
          </dep>
          <dep type="conj:and">
            <governor idx="4">working</governor>
            <dependent idx="15">realized</dependent>
          </dep>
          <dep type="nsubj">
            <governor idx="19">product</governor>
            <dependent idx="16">I</dependent>
          </dep>
          <dep type="cop">
            <governor idx="19">product</governor>
            <dependent idx="17">am</dependent>
          </dep>
          <dep type="det">
            <governor idx="19">product</governor>
            <dependent idx="18">a</dependent>
          </dep>
          <dep type="ccomp">
            <governor idx="15">realized</governor>
            <dependent idx="19">product</dependent>
          </dep>
          <dep type="mark">
            <governor idx="22">institutionalized</governor>
            <dependent idx="20">of</dependent>
          </dep>
          <dep type="auxpass">
            <governor idx="22">institutionalized</governor>
            <dependent idx="21">being</dependent>
          </dep>
          <dep type="acl">
            <governor idx="19">product</governor>
            <dependent idx="22">institutionalized</dependent>
          </dep>
          <dep type="punct">
            <governor idx="22">institutionalized</governor>
            <dependent idx="23">-</dependent>
          </dep>
          <dep type="advmod">
            <governor idx="25">numb</governor>
            <dependent idx="24">somewhat</dependent>
          </dep>
          <dep type="advcl">
            <governor idx="22">institutionalized</governor>
            <dependent idx="25">numb</dependent>
          </dep>
          <dep type="punct">
            <governor idx="4">working</governor>
            <dependent idx="26">.</dependent>
          </dep>
        </dependencies>
        <dependencies type="collapsed-ccprocessed-dependencies">
          <dep type="root">
            <governor idx="0">ROOT</governor>
            <dependent idx="4">working</dependent>
          </dep>
          <dep type="nsubj">
            <governor idx="4">working</governor>
            <dependent idx="1">I</dependent>
          </dep>
          <dep type="nsubj" extra="true">
            <governor idx="15">realized</governor>
            <dependent idx="1">I</dependent>
          </dep>
          <dep type="aux">
            <governor idx="4">working</governor>
            <dependent idx="2">'ve</dependent>
          </dep>
          <dep type="aux">
            <governor idx="4">working</governor>
            <dependent idx="3">been</dependent>
          </dep>
          <dep type="case">
            <governor idx="8">environment</governor>
            <dependent idx="5">in</dependent>
          </dep>
          <dep type="det">
            <governor idx="8">environment</governor>
            <dependent idx="6">the</dependent>
          </dep>
          <dep type="amod">
            <governor idx="8">environment</governor>
            <dependent idx="7">corporate</dependent>
          </dep>
          <dep type="nmod:in">
            <governor idx="4">working</governor>
            <dependent idx="8">environment</dependent>
          </dep>
          <dep type="case">
            <governor idx="12">years</governor>
            <dependent idx="9">for</dependent>
          </dep>
          <dep type="advmod">
            <governor idx="12">years</governor>
            <dependent idx="10">almost</dependent>
          </dep>
          <dep type="nummod">
            <governor idx="12">years</governor>
            <dependent idx="11">eight</dependent>
          </dep>
          <dep type="nmod:for">
            <governor idx="8">environment</governor>
            <dependent idx="12">years</dependent>
          </dep>
          <dep type="advmod">
            <governor idx="4">working</governor>
            <dependent idx="13">now</dependent>
          </dep>
          <dep type="cc">
            <governor idx="4">working</governor>
            <dependent idx="14">and</dependent>
          </dep>
          <dep type="conj:and">
            <governor idx="4">working</governor>
            <dependent idx="15">realized</dependent>
          </dep>
          <dep type="nsubj">
            <governor idx="19">product</governor>
            <dependent idx="16">I</dependent>
          </dep>
          <dep type="cop">
            <governor idx="19">product</governor>
            <dependent idx="17">am</dependent>
          </dep>
          <dep type="det">
            <governor idx="19">product</governor>
            <dependent idx="18">a</dependent>
          </dep>
          <dep type="ccomp">
            <governor idx="15">realized</governor>
            <dependent idx="19">product</dependent>
          </dep>
          <dep type="mark">
            <governor idx="22">institutionalized</governor>
            <dependent idx="20">of</dependent>
          </dep>
          <dep type="auxpass">
            <governor idx="22">institutionalized</governor>
            <dependent idx="21">being</dependent>
          </dep>
          <dep type="acl">
            <governor idx="19">product</governor>
            <dependent idx="22">institutionalized</dependent>
          </dep>
          <dep type="punct">
            <governor idx="22">institutionalized</governor>
            <dependent idx="23">-</dependent>
          </dep>
          <dep type="advmod">
            <governor idx="25">numb</governor>
            <dependent idx="24">somewhat</dependent>
          </dep>
          <dep type="advcl">
            <governor idx="22">institutionalized</governor>
            <dependent idx="25">numb</dependent>
          </dep>
          <dep type="punct">
            <governor idx="4">working</governor>
            <dependent idx="26">.</dependent>
          </dep>
        </dependencies>
      </sentence>
      <sentence id="60">
        <tokens>
          <token id="1">
            <word>I</word>
            <lemma>I</lemma>
            <CharacterOffsetBegin>5950</CharacterOffsetBegin>
            <CharacterOffsetEnd>5951</CharacterOffsetEnd>
            <POS>PRP</POS>
            <NER>O</NER>
            <Speaker>PER0</Speaker>
          </token>
          <token id="2">
            <word>personally</word>
            <lemma>personally</lemma>
            <CharacterOffsetBegin>5952</CharacterOffsetBegin>
            <CharacterOffsetEnd>5962</CharacterOffsetEnd>
            <POS>RB</POS>
            <NER>O</NER>
            <Speaker>PER0</Speaker>
          </token>
          <token id="3">
            <word>felt</word>
            <lemma>feel</lemma>
            <CharacterOffsetBegin>5963</CharacterOffsetBegin>
            <CharacterOffsetEnd>5967</CharacterOffsetEnd>
            <POS>VBD</POS>
            <NER>O</NER>
            <Speaker>PER0</Speaker>
          </token>
          <token id="4">
            <word>that</word>
            <lemma>that</lemma>
            <CharacterOffsetBegin>5968</CharacterOffsetBegin>
            <CharacterOffsetEnd>5972</CharacterOffsetEnd>
            <POS>IN</POS>
            <NER>O</NER>
            <Speaker>PER0</Speaker>
          </token>
          <token id="5">
            <word>if</word>
            <lemma>if</lemma>
            <CharacterOffsetBegin>5973</CharacterOffsetBegin>
            <CharacterOffsetEnd>5975</CharacterOffsetEnd>
            <POS>IN</POS>
            <NER>O</NER>
            <Speaker>PER0</Speaker>
          </token>
          <token id="6">
            <word>I</word>
            <lemma>I</lemma>
            <CharacterOffsetBegin>5976</CharacterOffsetBegin>
            <CharacterOffsetEnd>5977</CharacterOffsetEnd>
            <POS>PRP</POS>
            <NER>O</NER>
            <Speaker>PER0</Speaker>
          </token>
          <token id="7">
            <word>did</word>
            <lemma>do</lemma>
            <CharacterOffsetBegin>5978</CharacterOffsetBegin>
            <CharacterOffsetEnd>5981</CharacterOffsetEnd>
            <POS>VBD</POS>
            <NER>O</NER>
            <Speaker>PER0</Speaker>
          </token>
          <token id="8">
            <word>n't</word>
            <lemma>not</lemma>
            <CharacterOffsetBegin>5981</CharacterOffsetBegin>
            <CharacterOffsetEnd>5984</CharacterOffsetEnd>
            <POS>RB</POS>
            <NER>O</NER>
            <Speaker>PER0</Speaker>
          </token>
          <token id="9">
            <word>participate</word>
            <lemma>participate</lemma>
            <CharacterOffsetBegin>5985</CharacterOffsetBegin>
            <CharacterOffsetEnd>5996</CharacterOffsetEnd>
            <POS>VB</POS>
            <NER>O</NER>
            <Speaker>PER0</Speaker>
          </token>
          <token id="10">
            <word>in</word>
            <lemma>in</lemma>
            <CharacterOffsetBegin>5997</CharacterOffsetBegin>
            <CharacterOffsetEnd>5999</CharacterOffsetEnd>
            <POS>IN</POS>
            <NER>O</NER>
            <Speaker>PER0</Speaker>
          </token>
          <token id="11">
            <word>what</word>
            <lemma>what</lemma>
            <CharacterOffsetBegin>6000</CharacterOffsetBegin>
            <CharacterOffsetEnd>6004</CharacterOffsetEnd>
            <POS>WP</POS>
            <NER>O</NER>
            <Speaker>PER0</Speaker>
          </token>
          <token id="12">
            <word>I</word>
            <lemma>I</lemma>
            <CharacterOffsetBegin>6005</CharacterOffsetBegin>
            <CharacterOffsetEnd>6006</CharacterOffsetEnd>
            <POS>PRP</POS>
            <NER>O</NER>
            <Speaker>PER0</Speaker>
          </token>
          <token id="13">
            <word>would</word>
            <lemma>would</lemma>
            <CharacterOffsetBegin>6007</CharacterOffsetBegin>
            <CharacterOffsetEnd>6012</CharacterOffsetEnd>
            <POS>MD</POS>
            <NER>O</NER>
            <Speaker>PER0</Speaker>
          </token>
          <token id="14">
            <word>consider</word>
            <lemma>consider</lemma>
            <CharacterOffsetBegin>6013</CharacterOffsetBegin>
            <CharacterOffsetEnd>6021</CharacterOffsetEnd>
            <POS>VB</POS>
            <NER>O</NER>
            <Speaker>PER0</Speaker>
          </token>
          <token id="15">
            <word>as</word>
            <lemma>as</lemma>
            <CharacterOffsetBegin>6022</CharacterOffsetBegin>
            <CharacterOffsetEnd>6024</CharacterOffsetEnd>
            <POS>IN</POS>
            <NER>O</NER>
            <Speaker>PER0</Speaker>
          </token>
          <token id="16">
            <word>not</word>
            <lemma>not</lemma>
            <CharacterOffsetBegin>6025</CharacterOffsetBegin>
            <CharacterOffsetEnd>6028</CharacterOffsetEnd>
            <POS>RB</POS>
            <NER>O</NER>
            <Speaker>PER0</Speaker>
          </token>
          <token id="17">
            <word>such</word>
            <lemma>such</lemma>
            <CharacterOffsetBegin>6029</CharacterOffsetBegin>
            <CharacterOffsetEnd>6033</CharacterOffsetEnd>
            <POS>JJ</POS>
            <NER>O</NER>
            <Speaker>PER0</Speaker>
          </token>
          <token id="18">
            <word>ethical</word>
            <lemma>ethical</lemma>
            <CharacterOffsetBegin>6034</CharacterOffsetBegin>
            <CharacterOffsetEnd>6041</CharacterOffsetEnd>
            <POS>JJ</POS>
            <NER>O</NER>
            <Speaker>PER0</Speaker>
          </token>
          <token id="19">
            <word>behavioural</word>
            <lemma>behavioural</lemma>
            <CharacterOffsetBegin>6042</CharacterOffsetBegin>
            <CharacterOffsetEnd>6053</CharacterOffsetEnd>
            <POS>NN</POS>
            <NER>O</NER>
            <Speaker>PER0</Speaker>
          </token>
          <token id="20">
            <word>then</word>
            <lemma>then</lemma>
            <CharacterOffsetBegin>6054</CharacterOffsetBegin>
            <CharacterOffsetEnd>6058</CharacterOffsetEnd>
            <POS>RB</POS>
            <NER>O</NER>
            <Speaker>PER0</Speaker>
          </token>
          <token id="21">
            <word>that</word>
            <lemma>that</lemma>
            <CharacterOffsetBegin>6059</CharacterOffsetBegin>
            <CharacterOffsetEnd>6063</CharacterOffsetEnd>
            <POS>IN</POS>
            <NER>O</NER>
            <Speaker>PER0</Speaker>
          </token>
          <token id="22">
            <word>separated</word>
            <lemma>separated</lemma>
            <CharacterOffsetBegin>6064</CharacterOffsetBegin>
            <CharacterOffsetEnd>6073</CharacterOffsetEnd>
            <POS>JJ</POS>
            <NER>O</NER>
            <Speaker>PER0</Speaker>
          </token>
          <token id="23">
            <word>me</word>
            <lemma>I</lemma>
            <CharacterOffsetBegin>6074</CharacterOffsetBegin>
            <CharacterOffsetEnd>6076</CharacterOffsetEnd>
            <POS>PRP</POS>
            <NER>O</NER>
            <Speaker>PER0</Speaker>
          </token>
          <token id="24">
            <word>from</word>
            <lemma>from</lemma>
            <CharacterOffsetBegin>6077</CharacterOffsetBegin>
            <CharacterOffsetEnd>6081</CharacterOffsetEnd>
            <POS>IN</POS>
            <NER>O</NER>
            <Speaker>PER0</Speaker>
          </token>
          <token id="25">
            <word>being</word>
            <lemma>be</lemma>
            <CharacterOffsetBegin>6082</CharacterOffsetBegin>
            <CharacterOffsetEnd>6087</CharacterOffsetEnd>
            <POS>VBG</POS>
            <NER>O</NER>
            <Speaker>PER0</Speaker>
          </token>
          <token id="26">
            <word>a</word>
            <lemma>a</lemma>
            <CharacterOffsetBegin>6088</CharacterOffsetBegin>
            <CharacterOffsetEnd>6089</CharacterOffsetEnd>
            <POS>DT</POS>
            <NER>O</NER>
            <Speaker>PER0</Speaker>
          </token>
          <token id="27">
            <word>part</word>
            <lemma>part</lemma>
            <CharacterOffsetBegin>6090</CharacterOffsetBegin>
            <CharacterOffsetEnd>6094</CharacterOffsetEnd>
            <POS>NN</POS>
            <NER>O</NER>
            <Speaker>PER0</Speaker>
          </token>
          <token id="28">
            <word>of</word>
            <lemma>of</lemma>
            <CharacterOffsetBegin>6095</CharacterOffsetBegin>
            <CharacterOffsetEnd>6097</CharacterOffsetEnd>
            <POS>IN</POS>
            <NER>O</NER>
            <Speaker>PER0</Speaker>
          </token>
          <token id="29">
            <word>that</word>
            <lemma>that</lemma>
            <CharacterOffsetBegin>6098</CharacterOffsetBegin>
            <CharacterOffsetEnd>6102</CharacterOffsetEnd>
            <POS>DT</POS>
            <NER>O</NER>
            <Speaker>PER0</Speaker>
          </token>
          <token id="30">
            <word>.</word>
            <lemma>.</lemma>
            <CharacterOffsetBegin>6102</CharacterOffsetBegin>
            <CharacterOffsetEnd>6103</CharacterOffsetEnd>
            <POS>.</POS>
            <NER>O</NER>
            <Speaker>PER0</Speaker>
          </token>
        </tokens>
        <parse>(ROOT (S (NP (PRP I)) (ADVP (RB personally)) (VP (VBD felt) (SBAR (IN that) (IN if) (S (NP (PRP I)) (VP (VBD did) (RB n't) (VP (VP (VB participate) (PP (IN in) (SBAR (WHNP (WP what)) (S (NP (PRP I)) (VP (MD would) (VP (VB consider) (PP (IN as) (NP (NP (RB not) (JJ such) (JJ ethical) (NN behavioural)) (ADVP (RB then))))))))) (SBAR (IN that) (FRAG (ADJP (JJ separated))))) (VP (NP (PRP me)) (PP (IN from) (S (VP (VBG being) (NP (NP (DT a) (NN part)) (PP (IN of) (NP (DT that))))))))))))) (. .))) </parse>
        <dependencies type="basic-dependencies">
          <dep type="root">
            <governor idx="0">ROOT</governor>
            <dependent idx="3">felt</dependent>
          </dep>
          <dep type="nsubj">
            <governor idx="3">felt</governor>
            <dependent idx="1">I</dependent>
          </dep>
          <dep type="advmod">
            <governor idx="3">felt</governor>
            <dependent idx="2">personally</dependent>
          </dep>
          <dep type="mark">
            <governor idx="9">participate</governor>
            <dependent idx="4">that</dependent>
          </dep>
          <dep type="mark">
            <governor idx="9">participate</governor>
            <dependent idx="5">if</dependent>
          </dep>
          <dep type="nsubj">
            <governor idx="9">participate</governor>
            <dependent idx="6">I</dependent>
          </dep>
          <dep type="aux">
            <governor idx="9">participate</governor>
            <dependent idx="7">did</dependent>
          </dep>
          <dep type="neg">
            <governor idx="9">participate</governor>
            <dependent idx="8">n't</dependent>
          </dep>
          <dep type="advcl">
            <governor idx="3">felt</governor>
            <dependent idx="9">participate</dependent>
          </dep>
          <dep type="mark">
            <governor idx="14">consider</governor>
            <dependent idx="10">in</dependent>
          </dep>
          <dep type="dobj">
            <governor idx="14">consider</governor>
            <dependent idx="11">what</dependent>
          </dep>
          <dep type="nsubj">
            <governor idx="14">consider</governor>
            <dependent idx="12">I</dependent>
          </dep>
          <dep type="aux">
            <governor idx="14">consider</governor>
            <dependent idx="13">would</dependent>
          </dep>
          <dep type="advcl">
            <governor idx="9">participate</governor>
            <dependent idx="14">consider</dependent>
          </dep>
          <dep type="case">
            <governor idx="19">behavioural</governor>
            <dependent idx="15">as</dependent>
          </dep>
          <dep type="neg">
            <governor idx="19">behavioural</governor>
            <dependent idx="16">not</dependent>
          </dep>
          <dep type="amod">
            <governor idx="19">behavioural</governor>
            <dependent idx="17">such</dependent>
          </dep>
          <dep type="amod">
            <governor idx="19">behavioural</governor>
            <dependent idx="18">ethical</dependent>
          </dep>
          <dep type="nmod">
            <governor idx="14">consider</governor>
            <dependent idx="19">behavioural</dependent>
          </dep>
          <dep type="advmod">
            <governor idx="19">behavioural</governor>
            <dependent idx="20">then</dependent>
          </dep>
          <dep type="mark">
            <governor idx="22">separated</governor>
            <dependent idx="21">that</dependent>
          </dep>
          <dep type="dep">
            <governor idx="9">participate</governor>
            <dependent idx="22">separated</dependent>
          </dep>
          <dep type="dep">
            <governor idx="9">participate</governor>
            <dependent idx="23">me</dependent>
          </dep>
          <dep type="mark">
            <governor idx="27">part</governor>
            <dependent idx="24">from</dependent>
          </dep>
          <dep type="cop">
            <governor idx="27">part</governor>
            <dependent idx="25">being</dependent>
          </dep>
          <dep type="det">
            <governor idx="27">part</governor>
            <dependent idx="26">a</dependent>
          </dep>
          <dep type="advcl">
            <governor idx="23">me</governor>
            <dependent idx="27">part</dependent>
          </dep>
          <dep type="case">
            <governor idx="29">that</governor>
            <dependent idx="28">of</dependent>
          </dep>
          <dep type="nmod">
            <governor idx="27">part</governor>
            <dependent idx="29">that</dependent>
          </dep>
          <dep type="punct">
            <governor idx="3">felt</governor>
            <dependent idx="30">.</dependent>
          </dep>
        </dependencies>
        <dependencies type="collapsed-dependencies">
          <dep type="root">
            <governor idx="0">ROOT</governor>
            <dependent idx="3">felt</dependent>
          </dep>
          <dep type="nsubj">
            <governor idx="3">felt</governor>
            <dependent idx="1">I</dependent>
          </dep>
          <dep type="advmod">
            <governor idx="3">felt</governor>
            <dependent idx="2">personally</dependent>
          </dep>
          <dep type="mark">
            <governor idx="9">participate</governor>
            <dependent idx="4">that</dependent>
          </dep>
          <dep type="mark">
            <governor idx="9">participate</governor>
            <dependent idx="5">if</dependent>
          </dep>
          <dep type="nsubj">
            <governor idx="9">participate</governor>
            <dependent idx="6">I</dependent>
          </dep>
          <dep type="aux">
            <governor idx="9">participate</governor>
            <dependent idx="7">did</dependent>
          </dep>
          <dep type="neg">
            <governor idx="9">participate</governor>
            <dependent idx="8">n't</dependent>
          </dep>
          <dep type="advcl">
            <governor idx="3">felt</governor>
            <dependent idx="9">participate</dependent>
          </dep>
          <dep type="mark">
            <governor idx="14">consider</governor>
            <dependent idx="10">in</dependent>
          </dep>
          <dep type="dobj">
            <governor idx="14">consider</governor>
            <dependent idx="11">what</dependent>
          </dep>
          <dep type="nsubj">
            <governor idx="14">consider</governor>
            <dependent idx="12">I</dependent>
          </dep>
          <dep type="aux">
            <governor idx="14">consider</governor>
            <dependent idx="13">would</dependent>
          </dep>
          <dep type="advcl">
            <governor idx="9">participate</governor>
            <dependent idx="14">consider</dependent>
          </dep>
          <dep type="case">
            <governor idx="19">behavioural</governor>
            <dependent idx="15">as</dependent>
          </dep>
          <dep type="neg">
            <governor idx="19">behavioural</governor>
            <dependent idx="16">not</dependent>
          </dep>
          <dep type="amod">
            <governor idx="19">behavioural</governor>
            <dependent idx="17">such</dependent>
          </dep>
          <dep type="amod">
            <governor idx="19">behavioural</governor>
            <dependent idx="18">ethical</dependent>
          </dep>
          <dep type="nmod:as">
            <governor idx="14">consider</governor>
            <dependent idx="19">behavioural</dependent>
          </dep>
          <dep type="advmod">
            <governor idx="19">behavioural</governor>
            <dependent idx="20">then</dependent>
          </dep>
          <dep type="mark">
            <governor idx="22">separated</governor>
            <dependent idx="21">that</dependent>
          </dep>
          <dep type="dep">
            <governor idx="9">participate</governor>
            <dependent idx="22">separated</dependent>
          </dep>
          <dep type="dep">
            <governor idx="9">participate</governor>
            <dependent idx="23">me</dependent>
          </dep>
          <dep type="mark">
            <governor idx="27">part</governor>
            <dependent idx="24">from</dependent>
          </dep>
          <dep type="cop">
            <governor idx="27">part</governor>
            <dependent idx="25">being</dependent>
          </dep>
          <dep type="det">
            <governor idx="27">part</governor>
            <dependent idx="26">a</dependent>
          </dep>
          <dep type="advcl">
            <governor idx="23">me</governor>
            <dependent idx="27">part</dependent>
          </dep>
          <dep type="case">
            <governor idx="29">that</governor>
            <dependent idx="28">of</dependent>
          </dep>
          <dep type="nmod:of">
            <governor idx="27">part</governor>
            <dependent idx="29">that</dependent>
          </dep>
          <dep type="punct">
            <governor idx="3">felt</governor>
            <dependent idx="30">.</dependent>
          </dep>
        </dependencies>
        <dependencies type="collapsed-ccprocessed-dependencies">
          <dep type="root">
            <governor idx="0">ROOT</governor>
            <dependent idx="3">felt</dependent>
          </dep>
          <dep type="nsubj">
            <governor idx="3">felt</governor>
            <dependent idx="1">I</dependent>
          </dep>
          <dep type="advmod">
            <governor idx="3">felt</governor>
            <dependent idx="2">personally</dependent>
          </dep>
          <dep type="mark">
            <governor idx="9">participate</governor>
            <dependent idx="4">that</dependent>
          </dep>
          <dep type="mark">
            <governor idx="9">participate</governor>
            <dependent idx="5">if</dependent>
          </dep>
          <dep type="nsubj">
            <governor idx="9">participate</governor>
            <dependent idx="6">I</dependent>
          </dep>
          <dep type="aux">
            <governor idx="9">participate</governor>
            <dependent idx="7">did</dependent>
          </dep>
          <dep type="neg">
            <governor idx="9">participate</governor>
            <dependent idx="8">n't</dependent>
          </dep>
          <dep type="advcl">
            <governor idx="3">felt</governor>
            <dependent idx="9">participate</dependent>
          </dep>
          <dep type="mark">
            <governor idx="14">consider</governor>
            <dependent idx="10">in</dependent>
          </dep>
          <dep type="dobj">
            <governor idx="14">consider</governor>
            <dependent idx="11">what</dependent>
          </dep>
          <dep type="nsubj">
            <governor idx="14">consider</governor>
            <dependent idx="12">I</dependent>
          </dep>
          <dep type="aux">
            <governor idx="14">consider</governor>
            <dependent idx="13">would</dependent>
          </dep>
          <dep type="advcl">
            <governor idx="9">participate</governor>
            <dependent idx="14">consider</dependent>
          </dep>
          <dep type="case">
            <governor idx="19">behavioural</governor>
            <dependent idx="15">as</dependent>
          </dep>
          <dep type="neg">
            <governor idx="19">behavioural</governor>
            <dependent idx="16">not</dependent>
          </dep>
          <dep type="amod">
            <governor idx="19">behavioural</governor>
            <dependent idx="17">such</dependent>
          </dep>
          <dep type="amod">
            <governor idx="19">behavioural</governor>
            <dependent idx="18">ethical</dependent>
          </dep>
          <dep type="nmod:as">
            <governor idx="14">consider</governor>
            <dependent idx="19">behavioural</dependent>
          </dep>
          <dep type="advmod">
            <governor idx="19">behavioural</governor>
            <dependent idx="20">then</dependent>
          </dep>
          <dep type="mark">
            <governor idx="22">separated</governor>
            <dependent idx="21">that</dependent>
          </dep>
          <dep type="dep">
            <governor idx="9">participate</governor>
            <dependent idx="22">separated</dependent>
          </dep>
          <dep type="dep">
            <governor idx="9">participate</governor>
            <dependent idx="23">me</dependent>
          </dep>
          <dep type="mark">
            <governor idx="27">part</governor>
            <dependent idx="24">from</dependent>
          </dep>
          <dep type="cop">
            <governor idx="27">part</governor>
            <dependent idx="25">being</dependent>
          </dep>
          <dep type="det">
            <governor idx="27">part</governor>
            <dependent idx="26">a</dependent>
          </dep>
          <dep type="advcl">
            <governor idx="23">me</governor>
            <dependent idx="27">part</dependent>
          </dep>
          <dep type="case">
            <governor idx="29">that</governor>
            <dependent idx="28">of</dependent>
          </dep>
          <dep type="nmod:of">
            <governor idx="27">part</governor>
            <dependent idx="29">that</dependent>
          </dep>
          <dep type="punct">
            <governor idx="3">felt</governor>
            <dependent idx="30">.</dependent>
          </dep>
        </dependencies>
      </sentence>
      <sentence id="61">
        <tokens>
          <token id="1">
            <word>However</word>
            <lemma>however</lemma>
            <CharacterOffsetBegin>6104</CharacterOffsetBegin>
            <CharacterOffsetEnd>6111</CharacterOffsetEnd>
            <POS>RB</POS>
            <NER>O</NER>
            <Speaker>PER0</Speaker>
          </token>
          <token id="2">
            <word>Einstein</word>
            <lemma>Einstein</lemma>
            <CharacterOffsetBegin>6112</CharacterOffsetBegin>
            <CharacterOffsetEnd>6120</CharacterOffsetEnd>
            <POS>NNP</POS>
            <NER>PERSON</NER>
            <Speaker>PER0</Speaker>
          </token>
          <token id="3">
            <word>highlights</word>
            <lemma>highlight</lemma>
            <CharacterOffsetBegin>6121</CharacterOffsetBegin>
            <CharacterOffsetEnd>6131</CharacterOffsetEnd>
            <POS>VBZ</POS>
            <NER>O</NER>
            <Speaker>PER0</Speaker>
          </token>
          <token id="4">
            <word>knowing</word>
            <lemma>know</lemma>
            <CharacterOffsetBegin>6132</CharacterOffsetBegin>
            <CharacterOffsetEnd>6139</CharacterOffsetEnd>
            <POS>VBG</POS>
            <NER>O</NER>
            <Speaker>PER0</Speaker>
          </token>
          <token id="5">
            <word>without</word>
            <lemma>without</lemma>
            <CharacterOffsetBegin>6140</CharacterOffsetBegin>
            <CharacterOffsetEnd>6147</CharacterOffsetEnd>
            <POS>IN</POS>
            <NER>O</NER>
            <Speaker>PER0</Speaker>
          </token>
          <token id="6">
            <word>doing</word>
            <lemma>do</lemma>
            <CharacterOffsetBegin>6148</CharacterOffsetBegin>
            <CharacterOffsetEnd>6153</CharacterOffsetEnd>
            <POS>VBG</POS>
            <NER>O</NER>
            <Speaker>PER0</Speaker>
          </token>
          <token id="7">
            <word>anything</word>
            <lemma>anything</lemma>
            <CharacterOffsetBegin>6154</CharacterOffsetBegin>
            <CharacterOffsetEnd>6162</CharacterOffsetEnd>
            <POS>NN</POS>
            <NER>O</NER>
            <Speaker>PER0</Speaker>
          </token>
          <token id="8">
            <word>is</word>
            <lemma>be</lemma>
            <CharacterOffsetBegin>6163</CharacterOffsetBegin>
            <CharacterOffsetEnd>6165</CharacterOffsetEnd>
            <POS>VBZ</POS>
            <NER>O</NER>
            <Speaker>PER0</Speaker>
          </token>
          <token id="9">
            <word>how</word>
            <lemma>how</lemma>
            <CharacterOffsetBegin>6166</CharacterOffsetBegin>
            <CharacterOffsetEnd>6169</CharacterOffsetEnd>
            <POS>WRB</POS>
            <NER>O</NER>
            <Speaker>PER0</Speaker>
          </token>
          <token id="10">
            <word>the</word>
            <lemma>the</lemma>
            <CharacterOffsetBegin>6170</CharacterOffsetBegin>
            <CharacterOffsetEnd>6173</CharacterOffsetEnd>
            <POS>DT</POS>
            <NER>O</NER>
            <Speaker>PER0</Speaker>
          </token>
          <token id="11">
            <word>world</word>
            <lemma>world</lemma>
            <CharacterOffsetBegin>6174</CharacterOffsetBegin>
            <CharacterOffsetEnd>6179</CharacterOffsetEnd>
            <POS>NN</POS>
            <NER>O</NER>
            <Speaker>PER0</Speaker>
          </token>
          <token id="12">
            <word>will</word>
            <lemma>will</lemma>
            <CharacterOffsetBegin>6180</CharacterOffsetBegin>
            <CharacterOffsetEnd>6184</CharacterOffsetEnd>
            <POS>MD</POS>
            <NER>O</NER>
            <Speaker>PER0</Speaker>
          </token>
          <token id="13">
            <word>be</word>
            <lemma>be</lemma>
            <CharacterOffsetBegin>6185</CharacterOffsetBegin>
            <CharacterOffsetEnd>6187</CharacterOffsetEnd>
            <POS>VB</POS>
            <NER>O</NER>
            <Speaker>PER0</Speaker>
          </token>
          <token id="14">
            <word>destroyed</word>
            <lemma>destroy</lemma>
            <CharacterOffsetBegin>6188</CharacterOffsetBegin>
            <CharacterOffsetEnd>6197</CharacterOffsetEnd>
            <POS>VBN</POS>
            <NER>O</NER>
            <Speaker>PER0</Speaker>
          </token>
          <token id="15">
            <word>.</word>
            <lemma>.</lemma>
            <CharacterOffsetBegin>6197</CharacterOffsetBegin>
            <CharacterOffsetEnd>6198</CharacterOffsetEnd>
            <POS>.</POS>
            <NER>O</NER>
            <Speaker>PER0</Speaker>
          </token>
        </tokens>
        <parse>(ROOT (S (ADVP (RB However)) (NP (NNP Einstein)) (VP (VBZ highlights) (S (VP (VBG knowing) (PP (IN without) (S (VP (VBG doing) (SBAR (S (NP (NN anything)) (VP (VBZ is) (SBAR (WHADVP (WRB how)) (S (NP (DT the) (NN world)) (VP (MD will) (VP (VB be) (VP (VBN destroyed))))))))))))))) (. .))) </parse>
        <dependencies type="basic-dependencies">
          <dep type="root">
            <governor idx="0">ROOT</governor>
            <dependent idx="3">highlights</dependent>
          </dep>
          <dep type="advmod">
            <governor idx="3">highlights</governor>
            <dependent idx="1">However</dependent>
          </dep>
          <dep type="nsubj">
            <governor idx="3">highlights</governor>
            <dependent idx="2">Einstein</dependent>
          </dep>
          <dep type="xcomp">
            <governor idx="3">highlights</governor>
            <dependent idx="4">knowing</dependent>
          </dep>
          <dep type="mark">
            <governor idx="6">doing</governor>
            <dependent idx="5">without</dependent>
          </dep>
          <dep type="advcl">
            <governor idx="4">knowing</governor>
            <dependent idx="6">doing</dependent>
          </dep>
          <dep type="nsubj">
            <governor idx="8">is</governor>
            <dependent idx="7">anything</dependent>
          </dep>
          <dep type="ccomp">
            <governor idx="6">doing</governor>
            <dependent idx="8">is</dependent>
          </dep>
          <dep type="advmod">
            <governor idx="14">destroyed</governor>
            <dependent idx="9">how</dependent>
          </dep>
          <dep type="det">
            <governor idx="11">world</governor>
            <dependent idx="10">the</dependent>
          </dep>
          <dep type="nsubjpass">
            <governor idx="14">destroyed</governor>
            <dependent idx="11">world</dependent>
          </dep>
          <dep type="aux">
            <governor idx="14">destroyed</governor>
            <dependent idx="12">will</dependent>
          </dep>
          <dep type="auxpass">
            <governor idx="14">destroyed</governor>
            <dependent idx="13">be</dependent>
          </dep>
          <dep type="ccomp">
            <governor idx="8">is</governor>
            <dependent idx="14">destroyed</dependent>
          </dep>
          <dep type="punct">
            <governor idx="3">highlights</governor>
            <dependent idx="15">.</dependent>
          </dep>
        </dependencies>
        <dependencies type="collapsed-dependencies">
          <dep type="root">
            <governor idx="0">ROOT</governor>
            <dependent idx="3">highlights</dependent>
          </dep>
          <dep type="advmod">
            <governor idx="3">highlights</governor>
            <dependent idx="1">However</dependent>
          </dep>
          <dep type="nsubj">
            <governor idx="3">highlights</governor>
            <dependent idx="2">Einstein</dependent>
          </dep>
          <dep type="xcomp">
            <governor idx="3">highlights</governor>
            <dependent idx="4">knowing</dependent>
          </dep>
          <dep type="mark">
            <governor idx="6">doing</governor>
            <dependent idx="5">without</dependent>
          </dep>
          <dep type="advcl">
            <governor idx="4">knowing</governor>
            <dependent idx="6">doing</dependent>
          </dep>
          <dep type="nsubj">
            <governor idx="8">is</governor>
            <dependent idx="7">anything</dependent>
          </dep>
          <dep type="ccomp">
            <governor idx="6">doing</governor>
            <dependent idx="8">is</dependent>
          </dep>
          <dep type="advmod">
            <governor idx="14">destroyed</governor>
            <dependent idx="9">how</dependent>
          </dep>
          <dep type="det">
            <governor idx="11">world</governor>
            <dependent idx="10">the</dependent>
          </dep>
          <dep type="nsubjpass">
            <governor idx="14">destroyed</governor>
            <dependent idx="11">world</dependent>
          </dep>
          <dep type="aux">
            <governor idx="14">destroyed</governor>
            <dependent idx="12">will</dependent>
          </dep>
          <dep type="auxpass">
            <governor idx="14">destroyed</governor>
            <dependent idx="13">be</dependent>
          </dep>
          <dep type="ccomp">
            <governor idx="8">is</governor>
            <dependent idx="14">destroyed</dependent>
          </dep>
          <dep type="punct">
            <governor idx="3">highlights</governor>
            <dependent idx="15">.</dependent>
          </dep>
        </dependencies>
        <dependencies type="collapsed-ccprocessed-dependencies">
          <dep type="root">
            <governor idx="0">ROOT</governor>
            <dependent idx="3">highlights</dependent>
          </dep>
          <dep type="advmod">
            <governor idx="3">highlights</governor>
            <dependent idx="1">However</dependent>
          </dep>
          <dep type="nsubj">
            <governor idx="3">highlights</governor>
            <dependent idx="2">Einstein</dependent>
          </dep>
          <dep type="xcomp">
            <governor idx="3">highlights</governor>
            <dependent idx="4">knowing</dependent>
          </dep>
          <dep type="mark">
            <governor idx="6">doing</governor>
            <dependent idx="5">without</dependent>
          </dep>
          <dep type="advcl">
            <governor idx="4">knowing</governor>
            <dependent idx="6">doing</dependent>
          </dep>
          <dep type="nsubj">
            <governor idx="8">is</governor>
            <dependent idx="7">anything</dependent>
          </dep>
          <dep type="ccomp">
            <governor idx="6">doing</governor>
            <dependent idx="8">is</dependent>
          </dep>
          <dep type="advmod">
            <governor idx="14">destroyed</governor>
            <dependent idx="9">how</dependent>
          </dep>
          <dep type="det">
            <governor idx="11">world</governor>
            <dependent idx="10">the</dependent>
          </dep>
          <dep type="nsubjpass">
            <governor idx="14">destroyed</governor>
            <dependent idx="11">world</dependent>
          </dep>
          <dep type="aux">
            <governor idx="14">destroyed</governor>
            <dependent idx="12">will</dependent>
          </dep>
          <dep type="auxpass">
            <governor idx="14">destroyed</governor>
            <dependent idx="13">be</dependent>
          </dep>
          <dep type="ccomp">
            <governor idx="8">is</governor>
            <dependent idx="14">destroyed</dependent>
          </dep>
          <dep type="punct">
            <governor idx="3">highlights</governor>
            <dependent idx="15">.</dependent>
          </dep>
        </dependencies>
      </sentence>
      <sentence id="62">
        <tokens>
          <token id="1">
            <word>I</word>
            <lemma>I</lemma>
            <CharacterOffsetBegin>6199</CharacterOffsetBegin>
            <CharacterOffsetEnd>6200</CharacterOffsetEnd>
            <POS>PRP</POS>
            <NER>O</NER>
            <Speaker>PER0</Speaker>
          </token>
          <token id="2">
            <word>applied</word>
            <lemma>apply</lemma>
            <CharacterOffsetBegin>6201</CharacterOffsetBegin>
            <CharacterOffsetEnd>6208</CharacterOffsetEnd>
            <POS>VBD</POS>
            <NER>O</NER>
            <Speaker>PER0</Speaker>
          </token>
          <token id="3">
            <word>this</word>
            <lemma>this</lemma>
            <CharacterOffsetBegin>6209</CharacterOffsetBegin>
            <CharacterOffsetEnd>6213</CharacterOffsetEnd>
            <POS>DT</POS>
            <NER>O</NER>
            <Speaker>PER0</Speaker>
          </token>
          <token id="4">
            <word>to</word>
            <lemma>to</lemma>
            <CharacterOffsetBegin>6214</CharacterOffsetBegin>
            <CharacterOffsetEnd>6216</CharacterOffsetEnd>
            <POS>TO</POS>
            <NER>O</NER>
            <Speaker>PER0</Speaker>
          </token>
          <token id="5">
            <word>my</word>
            <lemma>my</lemma>
            <CharacterOffsetBegin>6217</CharacterOffsetBegin>
            <CharacterOffsetEnd>6219</CharacterOffsetEnd>
            <POS>PRP$</POS>
            <NER>O</NER>
            <Speaker>PER0</Speaker>
          </token>
          <token id="6">
            <word>current</word>
            <lemma>current</lemma>
            <CharacterOffsetBegin>6220</CharacterOffsetBegin>
            <CharacterOffsetEnd>6227</CharacterOffsetEnd>
            <POS>JJ</POS>
            <NER>DATE</NER>
            <NormalizedNER>PRESENT_REF</NormalizedNER>
            <Speaker>PER0</Speaker>
            <Timex tid="t9" type="DATE">PRESENT_REF</Timex>
          </token>
          <token id="7">
            <word>work</word>
            <lemma>work</lemma>
            <CharacterOffsetBegin>6228</CharacterOffsetBegin>
            <CharacterOffsetEnd>6232</CharacterOffsetEnd>
            <POS>NN</POS>
            <NER>O</NER>
            <Speaker>PER0</Speaker>
          </token>
          <token id="8">
            <word>environment</word>
            <lemma>environment</lemma>
            <CharacterOffsetBegin>6233</CharacterOffsetBegin>
            <CharacterOffsetEnd>6244</CharacterOffsetEnd>
            <POS>NN</POS>
            <NER>O</NER>
            <Speaker>PER0</Speaker>
          </token>
          <token id="9">
            <word>.</word>
            <lemma>.</lemma>
            <CharacterOffsetBegin>6244</CharacterOffsetBegin>
            <CharacterOffsetEnd>6245</CharacterOffsetEnd>
            <POS>.</POS>
            <NER>O</NER>
            <Speaker>PER0</Speaker>
          </token>
        </tokens>
        <parse>(ROOT (S (NP (PRP I)) (VP (VBD applied) (NP (DT this)) (PP (TO to) (NP (PRP$ my) (JJ current) (NN work) (NN environment)))) (. .))) </parse>
        <dependencies type="basic-dependencies">
          <dep type="root">
            <governor idx="0">ROOT</governor>
            <dependent idx="2">applied</dependent>
          </dep>
          <dep type="nsubj">
            <governor idx="2">applied</governor>
            <dependent idx="1">I</dependent>
          </dep>
          <dep type="dobj">
            <governor idx="2">applied</governor>
            <dependent idx="3">this</dependent>
          </dep>
          <dep type="case">
            <governor idx="8">environment</governor>
            <dependent idx="4">to</dependent>
          </dep>
          <dep type="nmod:poss">
            <governor idx="8">environment</governor>
            <dependent idx="5">my</dependent>
          </dep>
          <dep type="amod">
            <governor idx="8">environment</governor>
            <dependent idx="6">current</dependent>
          </dep>
          <dep type="compound">
            <governor idx="8">environment</governor>
            <dependent idx="7">work</dependent>
          </dep>
          <dep type="nmod">
            <governor idx="2">applied</governor>
            <dependent idx="8">environment</dependent>
          </dep>
          <dep type="punct">
            <governor idx="2">applied</governor>
            <dependent idx="9">.</dependent>
          </dep>
        </dependencies>
        <dependencies type="collapsed-dependencies">
          <dep type="root">
            <governor idx="0">ROOT</governor>
            <dependent idx="2">applied</dependent>
          </dep>
          <dep type="nsubj">
            <governor idx="2">applied</governor>
            <dependent idx="1">I</dependent>
          </dep>
          <dep type="dobj">
            <governor idx="2">applied</governor>
            <dependent idx="3">this</dependent>
          </dep>
          <dep type="case">
            <governor idx="8">environment</governor>
            <dependent idx="4">to</dependent>
          </dep>
          <dep type="nmod:poss">
            <governor idx="8">environment</governor>
            <dependent idx="5">my</dependent>
          </dep>
          <dep type="amod">
            <governor idx="8">environment</governor>
            <dependent idx="6">current</dependent>
          </dep>
          <dep type="compound">
            <governor idx="8">environment</governor>
            <dependent idx="7">work</dependent>
          </dep>
          <dep type="nmod:to">
            <governor idx="2">applied</governor>
            <dependent idx="8">environment</dependent>
          </dep>
          <dep type="punct">
            <governor idx="2">applied</governor>
            <dependent idx="9">.</dependent>
          </dep>
        </dependencies>
        <dependencies type="collapsed-ccprocessed-dependencies">
          <dep type="root">
            <governor idx="0">ROOT</governor>
            <dependent idx="2">applied</dependent>
          </dep>
          <dep type="nsubj">
            <governor idx="2">applied</governor>
            <dependent idx="1">I</dependent>
          </dep>
          <dep type="dobj">
            <governor idx="2">applied</governor>
            <dependent idx="3">this</dependent>
          </dep>
          <dep type="case">
            <governor idx="8">environment</governor>
            <dependent idx="4">to</dependent>
          </dep>
          <dep type="nmod:poss">
            <governor idx="8">environment</governor>
            <dependent idx="5">my</dependent>
          </dep>
          <dep type="amod">
            <governor idx="8">environment</governor>
            <dependent idx="6">current</dependent>
          </dep>
          <dep type="compound">
            <governor idx="8">environment</governor>
            <dependent idx="7">work</dependent>
          </dep>
          <dep type="nmod:to">
            <governor idx="2">applied</governor>
            <dependent idx="8">environment</dependent>
          </dep>
          <dep type="punct">
            <governor idx="2">applied</governor>
            <dependent idx="9">.</dependent>
          </dep>
        </dependencies>
      </sentence>
      <sentence id="63">
        <tokens>
          <token id="1">
            <word>I</word>
            <lemma>I</lemma>
            <CharacterOffsetBegin>6246</CharacterOffsetBegin>
            <CharacterOffsetEnd>6247</CharacterOffsetEnd>
            <POS>PRP</POS>
            <NER>O</NER>
            <Speaker>PER0</Speaker>
          </token>
          <token id="2">
            <word>have</word>
            <lemma>have</lemma>
            <CharacterOffsetBegin>6248</CharacterOffsetBegin>
            <CharacterOffsetEnd>6252</CharacterOffsetEnd>
            <POS>VBP</POS>
            <NER>O</NER>
            <Speaker>PER0</Speaker>
          </token>
          <token id="3">
            <word>a</word>
            <lemma>a</lemma>
            <CharacterOffsetBegin>6253</CharacterOffsetBegin>
            <CharacterOffsetEnd>6254</CharacterOffsetEnd>
            <POS>DT</POS>
            <NER>O</NER>
            <Speaker>PER0</Speaker>
          </token>
          <token id="4">
            <word>level</word>
            <lemma>level</lemma>
            <CharacterOffsetBegin>6255</CharacterOffsetBegin>
            <CharacterOffsetEnd>6260</CharacterOffsetEnd>
            <POS>NN</POS>
            <NER>O</NER>
            <Speaker>PER0</Speaker>
          </token>
          <token id="5">
            <word>of</word>
            <lemma>of</lemma>
            <CharacterOffsetBegin>6261</CharacterOffsetBegin>
            <CharacterOffsetEnd>6263</CharacterOffsetEnd>
            <POS>IN</POS>
            <NER>O</NER>
            <Speaker>PER0</Speaker>
          </token>
          <token id="6">
            <word>accountability</word>
            <lemma>accountability</lemma>
            <CharacterOffsetBegin>6264</CharacterOffsetBegin>
            <CharacterOffsetEnd>6278</CharacterOffsetEnd>
            <POS>NN</POS>
            <NER>O</NER>
            <Speaker>PER0</Speaker>
          </token>
          <token id="7">
            <word>to</word>
            <lemma>to</lemma>
            <CharacterOffsetBegin>6279</CharacterOffsetBegin>
            <CharacterOffsetEnd>6281</CharacterOffsetEnd>
            <POS>TO</POS>
            <NER>O</NER>
            <Speaker>PER0</Speaker>
          </token>
          <token id="8">
            <word>ensure</word>
            <lemma>ensure</lemma>
            <CharacterOffsetBegin>6282</CharacterOffsetBegin>
            <CharacterOffsetEnd>6288</CharacterOffsetEnd>
            <POS>VB</POS>
            <NER>O</NER>
            <Speaker>PER0</Speaker>
          </token>
          <token id="9">
            <word>employees</word>
            <lemma>employee</lemma>
            <CharacterOffsetBegin>6289</CharacterOffsetBegin>
            <CharacterOffsetEnd>6298</CharacterOffsetEnd>
            <POS>NNS</POS>
            <NER>O</NER>
            <Speaker>PER0</Speaker>
          </token>
          <token id="10">
            <word>felt</word>
            <lemma>feel</lemma>
            <CharacterOffsetBegin>6299</CharacterOffsetBegin>
            <CharacterOffsetEnd>6303</CharacterOffsetEnd>
            <POS>VBD</POS>
            <NER>O</NER>
            <Speaker>PER0</Speaker>
          </token>
          <token id="11">
            <word>safe</word>
            <lemma>safe</lemma>
            <CharacterOffsetBegin>6304</CharacterOffsetBegin>
            <CharacterOffsetEnd>6308</CharacterOffsetEnd>
            <POS>JJ</POS>
            <NER>O</NER>
            <Speaker>PER0</Speaker>
          </token>
          <token id="12">
            <word>in</word>
            <lemma>in</lemma>
            <CharacterOffsetBegin>6309</CharacterOffsetBegin>
            <CharacterOffsetEnd>6311</CharacterOffsetEnd>
            <POS>IN</POS>
            <NER>O</NER>
            <Speaker>PER0</Speaker>
          </token>
          <token id="13">
            <word>their</word>
            <lemma>they</lemma>
            <CharacterOffsetBegin>6312</CharacterOffsetBegin>
            <CharacterOffsetEnd>6317</CharacterOffsetEnd>
            <POS>PRP$</POS>
            <NER>O</NER>
            <Speaker>PER0</Speaker>
          </token>
          <token id="14">
            <word>working</word>
            <lemma>work</lemma>
            <CharacterOffsetBegin>6318</CharacterOffsetBegin>
            <CharacterOffsetEnd>6325</CharacterOffsetEnd>
            <POS>VBG</POS>
            <NER>O</NER>
            <Speaker>PER0</Speaker>
          </token>
          <token id="15">
            <word>environment</word>
            <lemma>environment</lemma>
            <CharacterOffsetBegin>6326</CharacterOffsetBegin>
            <CharacterOffsetEnd>6337</CharacterOffsetEnd>
            <POS>NN</POS>
            <NER>O</NER>
            <Speaker>PER0</Speaker>
          </token>
          <token id="16">
            <word>,</word>
            <lemma>,</lemma>
            <CharacterOffsetBegin>6337</CharacterOffsetBegin>
            <CharacterOffsetEnd>6338</CharacterOffsetEnd>
            <POS>,</POS>
            <NER>O</NER>
            <Speaker>PER0</Speaker>
          </token>
          <token id="17">
            <word>yes</word>
            <lemma>yes</lemma>
            <CharacterOffsetBegin>6339</CharacterOffsetBegin>
            <CharacterOffsetEnd>6342</CharacterOffsetEnd>
            <POS>UH</POS>
            <NER>O</NER>
            <Speaker>PER0</Speaker>
          </token>
          <token id="18">
            <word>it</word>
            <lemma>it</lemma>
            <CharacterOffsetBegin>6343</CharacterOffsetBegin>
            <CharacterOffsetEnd>6345</CharacterOffsetEnd>
            <POS>PRP</POS>
            <NER>O</NER>
            <Speaker>PER0</Speaker>
          </token>
          <token id="19">
            <word>'s</word>
            <lemma>be</lemma>
            <CharacterOffsetBegin>6345</CharacterOffsetBegin>
            <CharacterOffsetEnd>6347</CharacterOffsetEnd>
            <POS>VBZ</POS>
            <NER>O</NER>
            <Speaker>PER0</Speaker>
          </token>
          <token id="20">
            <word>somewhat</word>
            <lemma>somewhat</lemma>
            <CharacterOffsetBegin>6348</CharacterOffsetBegin>
            <CharacterOffsetEnd>6356</CharacterOffsetEnd>
            <POS>RB</POS>
            <NER>O</NER>
            <Speaker>PER0</Speaker>
          </token>
          <token id="21">
            <word>a</word>
            <lemma>a</lemma>
            <CharacterOffsetBegin>6357</CharacterOffsetBegin>
            <CharacterOffsetEnd>6358</CharacterOffsetEnd>
            <POS>DT</POS>
            <NER>O</NER>
            <Speaker>PER0</Speaker>
          </token>
          <token id="22">
            <word>legislative</word>
            <lemma>legislative</lemma>
            <CharacterOffsetBegin>6359</CharacterOffsetBegin>
            <CharacterOffsetEnd>6370</CharacterOffsetEnd>
            <POS>JJ</POS>
            <NER>O</NER>
            <Speaker>PER0</Speaker>
          </token>
          <token id="23">
            <word>`</word>
            <lemma>`</lemma>
            <CharacterOffsetBegin>6371</CharacterOffsetBegin>
            <CharacterOffsetEnd>6372</CharacterOffsetEnd>
            <POS>``</POS>
            <NER>O</NER>
            <Speaker>PER0</Speaker>
          </token>
          <token id="24">
            <word>duty</word>
            <lemma>duty</lemma>
            <CharacterOffsetBegin>6372</CharacterOffsetBegin>
            <CharacterOffsetEnd>6376</CharacterOffsetEnd>
            <POS>NN</POS>
            <NER>O</NER>
            <Speaker>PER0</Speaker>
          </token>
          <token id="25">
            <word>of</word>
            <lemma>of</lemma>
            <CharacterOffsetBegin>6377</CharacterOffsetBegin>
            <CharacterOffsetEnd>6379</CharacterOffsetEnd>
            <POS>IN</POS>
            <NER>O</NER>
            <Speaker>PER0</Speaker>
          </token>
          <token id="26">
            <word>care</word>
            <lemma>care</lemma>
            <CharacterOffsetBegin>6380</CharacterOffsetBegin>
            <CharacterOffsetEnd>6384</CharacterOffsetEnd>
            <POS>NN</POS>
            <NER>O</NER>
            <Speaker>PER0</Speaker>
          </token>
          <token id="27">
            <word>'</word>
            <lemma>'</lemma>
            <CharacterOffsetBegin>6384</CharacterOffsetBegin>
            <CharacterOffsetEnd>6385</CharacterOffsetEnd>
            <POS>''</POS>
            <NER>O</NER>
            <Speaker>PER0</Speaker>
          </token>
          <token id="28">
            <word>requirement</word>
            <lemma>requirement</lemma>
            <CharacterOffsetBegin>6386</CharacterOffsetBegin>
            <CharacterOffsetEnd>6397</CharacterOffsetEnd>
            <POS>NN</POS>
            <NER>O</NER>
            <Speaker>PER0</Speaker>
          </token>
          <token id="29">
            <word>but</word>
            <lemma>but</lemma>
            <CharacterOffsetBegin>6398</CharacterOffsetBegin>
            <CharacterOffsetEnd>6401</CharacterOffsetEnd>
            <POS>CC</POS>
            <NER>O</NER>
            <Speaker>PER0</Speaker>
          </token>
          <token id="30">
            <word>for</word>
            <lemma>for</lemma>
            <CharacterOffsetBegin>6402</CharacterOffsetBegin>
            <CharacterOffsetEnd>6405</CharacterOffsetEnd>
            <POS>IN</POS>
            <NER>O</NER>
            <Speaker>PER0</Speaker>
          </token>
          <token id="31">
            <word>me</word>
            <lemma>I</lemma>
            <CharacterOffsetBegin>6406</CharacterOffsetBegin>
            <CharacterOffsetEnd>6408</CharacterOffsetEnd>
            <POS>PRP</POS>
            <NER>O</NER>
            <Speaker>PER0</Speaker>
          </token>
          <token id="32">
            <word>it</word>
            <lemma>it</lemma>
            <CharacterOffsetBegin>6409</CharacterOffsetBegin>
            <CharacterOffsetEnd>6411</CharacterOffsetEnd>
            <POS>PRP</POS>
            <NER>O</NER>
            <Speaker>PER0</Speaker>
          </token>
          <token id="33">
            <word>was</word>
            <lemma>be</lemma>
            <CharacterOffsetBegin>6412</CharacterOffsetBegin>
            <CharacterOffsetEnd>6415</CharacterOffsetEnd>
            <POS>VBD</POS>
            <NER>O</NER>
            <Speaker>PER0</Speaker>
          </token>
          <token id="34">
            <word>more</word>
            <lemma>more</lemma>
            <CharacterOffsetBegin>6416</CharacterOffsetBegin>
            <CharacterOffsetEnd>6420</CharacterOffsetEnd>
            <POS>JJR</POS>
            <NER>O</NER>
            <Speaker>PER0</Speaker>
          </token>
          <token id="35">
            <word>than</word>
            <lemma>than</lemma>
            <CharacterOffsetBegin>6421</CharacterOffsetBegin>
            <CharacterOffsetEnd>6425</CharacterOffsetEnd>
            <POS>IN</POS>
            <NER>O</NER>
            <Speaker>PER0</Speaker>
          </token>
          <token id="36">
            <word>that</word>
            <lemma>that</lemma>
            <CharacterOffsetBegin>6426</CharacterOffsetBegin>
            <CharacterOffsetEnd>6430</CharacterOffsetEnd>
            <POS>DT</POS>
            <NER>O</NER>
            <Speaker>PER0</Speaker>
          </token>
          <token id="37">
            <word>.</word>
            <lemma>.</lemma>
            <CharacterOffsetBegin>6430</CharacterOffsetBegin>
            <CharacterOffsetEnd>6431</CharacterOffsetEnd>
            <POS>.</POS>
            <NER>O</NER>
            <Speaker>PER0</Speaker>
          </token>
        </tokens>
        <parse>(ROOT (S (NP (PRP I)) (VP (VBP have) (NP (NP (DT a) (NN level)) (PP (IN of) (NP (NN accountability)))) (S (VP (TO to) (VP (VB ensure) (S (S (NP (NNS employees)) (VP (VBD felt) (ADJP (JJ safe)) (PP (IN in) (NP (PRP$ their) (VBG working) (NN environment))))) (, ,) (S (INTJ (UH yes)) (NP (PRP it)) (VP (VBZ 's) (ADVP (RB somewhat)) (NP (NP (DT a) (JJ legislative) (`` `) (NN duty)) (PP (IN of) (NP (NN care) ('' ') (NN requirement)))))) (CC but) (S (PP (IN for) (NP (PRP me))) (NP (PRP it)) (VP (VBD was) (ADJP (JJR more)) (PP (IN than) (NP (DT that)))))))))) (. .))) </parse>
        <dependencies type="basic-dependencies">
          <dep type="root">
            <governor idx="0">ROOT</governor>
            <dependent idx="2">have</dependent>
          </dep>
          <dep type="nsubj">
            <governor idx="2">have</governor>
            <dependent idx="1">I</dependent>
          </dep>
          <dep type="det">
            <governor idx="4">level</governor>
            <dependent idx="3">a</dependent>
          </dep>
          <dep type="dobj">
            <governor idx="2">have</governor>
            <dependent idx="4">level</dependent>
          </dep>
          <dep type="case">
            <governor idx="6">accountability</governor>
            <dependent idx="5">of</dependent>
          </dep>
          <dep type="nmod">
            <governor idx="4">level</governor>
            <dependent idx="6">accountability</dependent>
          </dep>
          <dep type="mark">
            <governor idx="8">ensure</governor>
            <dependent idx="7">to</dependent>
          </dep>
          <dep type="advcl">
            <governor idx="2">have</governor>
            <dependent idx="8">ensure</dependent>
          </dep>
          <dep type="nsubj">
            <governor idx="10">felt</governor>
            <dependent idx="9">employees</dependent>
          </dep>
          <dep type="xcomp">
            <governor idx="8">ensure</governor>
            <dependent idx="10">felt</dependent>
          </dep>
          <dep type="xcomp">
            <governor idx="10">felt</governor>
            <dependent idx="11">safe</dependent>
          </dep>
          <dep type="case">
            <governor idx="15">environment</governor>
            <dependent idx="12">in</dependent>
          </dep>
          <dep type="nmod:poss">
            <governor idx="15">environment</governor>
            <dependent idx="13">their</dependent>
          </dep>
          <dep type="amod">
            <governor idx="15">environment</governor>
            <dependent idx="14">working</dependent>
          </dep>
          <dep type="nmod">
            <governor idx="10">felt</governor>
            <dependent idx="15">environment</dependent>
          </dep>
          <dep type="punct">
            <governor idx="10">felt</governor>
            <dependent idx="16">,</dependent>
          </dep>
          <dep type="discourse">
            <governor idx="24">duty</governor>
            <dependent idx="17">yes</dependent>
          </dep>
          <dep type="nsubj">
            <governor idx="24">duty</governor>
            <dependent idx="18">it</dependent>
          </dep>
          <dep type="cop">
            <governor idx="24">duty</governor>
            <dependent idx="19">'s</dependent>
          </dep>
          <dep type="advmod">
            <governor idx="24">duty</governor>
            <dependent idx="20">somewhat</dependent>
          </dep>
          <dep type="det">
            <governor idx="24">duty</governor>
            <dependent idx="21">a</dependent>
          </dep>
          <dep type="amod">
            <governor idx="24">duty</governor>
            <dependent idx="22">legislative</dependent>
          </dep>
          <dep type="punct">
            <governor idx="24">duty</governor>
            <dependent idx="23">`</dependent>
          </dep>
          <dep type="conj">
            <governor idx="10">felt</governor>
            <dependent idx="24">duty</dependent>
          </dep>
          <dep type="case">
            <governor idx="28">requirement</governor>
            <dependent idx="25">of</dependent>
          </dep>
          <dep type="compound">
            <governor idx="28">requirement</governor>
            <dependent idx="26">care</dependent>
          </dep>
          <dep type="punct">
            <governor idx="28">requirement</governor>
            <dependent idx="27">'</dependent>
          </dep>
          <dep type="nmod">
            <governor idx="24">duty</governor>
            <dependent idx="28">requirement</dependent>
          </dep>
          <dep type="cc">
            <governor idx="10">felt</governor>
            <dependent idx="29">but</dependent>
          </dep>
          <dep type="case">
            <governor idx="31">me</governor>
            <dependent idx="30">for</dependent>
          </dep>
          <dep type="nmod">
            <governor idx="34">more</governor>
            <dependent idx="31">me</dependent>
          </dep>
          <dep type="nsubj">
            <governor idx="34">more</governor>
            <dependent idx="32">it</dependent>
          </dep>
          <dep type="cop">
            <governor idx="34">more</governor>
            <dependent idx="33">was</dependent>
          </dep>
          <dep type="conj">
            <governor idx="10">felt</governor>
            <dependent idx="34">more</dependent>
          </dep>
          <dep type="case">
            <governor idx="36">that</governor>
            <dependent idx="35">than</dependent>
          </dep>
          <dep type="nmod">
            <governor idx="34">more</governor>
            <dependent idx="36">that</dependent>
          </dep>
          <dep type="punct">
            <governor idx="2">have</governor>
            <dependent idx="37">.</dependent>
          </dep>
        </dependencies>
        <dependencies type="collapsed-dependencies">
          <dep type="root">
            <governor idx="0">ROOT</governor>
            <dependent idx="2">have</dependent>
          </dep>
          <dep type="nsubj">
            <governor idx="2">have</governor>
            <dependent idx="1">I</dependent>
          </dep>
          <dep type="det">
            <governor idx="4">level</governor>
            <dependent idx="3">a</dependent>
          </dep>
          <dep type="dobj">
            <governor idx="2">have</governor>
            <dependent idx="4">level</dependent>
          </dep>
          <dep type="case">
            <governor idx="6">accountability</governor>
            <dependent idx="5">of</dependent>
          </dep>
          <dep type="nmod:of">
            <governor idx="4">level</governor>
            <dependent idx="6">accountability</dependent>
          </dep>
          <dep type="mark">
            <governor idx="8">ensure</governor>
            <dependent idx="7">to</dependent>
          </dep>
          <dep type="advcl">
            <governor idx="2">have</governor>
            <dependent idx="8">ensure</dependent>
          </dep>
          <dep type="nsubj">
            <governor idx="10">felt</governor>
            <dependent idx="9">employees</dependent>
          </dep>
          <dep type="xcomp">
            <governor idx="8">ensure</governor>
            <dependent idx="10">felt</dependent>
          </dep>
          <dep type="xcomp">
            <governor idx="10">felt</governor>
            <dependent idx="11">safe</dependent>
          </dep>
          <dep type="case">
            <governor idx="15">environment</governor>
            <dependent idx="12">in</dependent>
          </dep>
          <dep type="nmod:poss">
            <governor idx="15">environment</governor>
            <dependent idx="13">their</dependent>
          </dep>
          <dep type="amod">
            <governor idx="15">environment</governor>
            <dependent idx="14">working</dependent>
          </dep>
          <dep type="nmod:in">
            <governor idx="10">felt</governor>
            <dependent idx="15">environment</dependent>
          </dep>
          <dep type="punct">
            <governor idx="10">felt</governor>
            <dependent idx="16">,</dependent>
          </dep>
          <dep type="discourse">
            <governor idx="24">duty</governor>
            <dependent idx="17">yes</dependent>
          </dep>
          <dep type="nsubj">
            <governor idx="24">duty</governor>
            <dependent idx="18">it</dependent>
          </dep>
          <dep type="cop">
            <governor idx="24">duty</governor>
            <dependent idx="19">'s</dependent>
          </dep>
          <dep type="advmod">
            <governor idx="24">duty</governor>
            <dependent idx="20">somewhat</dependent>
          </dep>
          <dep type="det">
            <governor idx="24">duty</governor>
            <dependent idx="21">a</dependent>
          </dep>
          <dep type="amod">
            <governor idx="24">duty</governor>
            <dependent idx="22">legislative</dependent>
          </dep>
          <dep type="punct">
            <governor idx="24">duty</governor>
            <dependent idx="23">`</dependent>
          </dep>
          <dep type="conj:but">
            <governor idx="10">felt</governor>
            <dependent idx="24">duty</dependent>
          </dep>
          <dep type="case">
            <governor idx="28">requirement</governor>
            <dependent idx="25">of</dependent>
          </dep>
          <dep type="compound">
            <governor idx="28">requirement</governor>
            <dependent idx="26">care</dependent>
          </dep>
          <dep type="punct">
            <governor idx="28">requirement</governor>
            <dependent idx="27">'</dependent>
          </dep>
          <dep type="nmod:of">
            <governor idx="24">duty</governor>
            <dependent idx="28">requirement</dependent>
          </dep>
          <dep type="cc">
            <governor idx="10">felt</governor>
            <dependent idx="29">but</dependent>
          </dep>
          <dep type="case">
            <governor idx="31">me</governor>
            <dependent idx="30">for</dependent>
          </dep>
          <dep type="nmod:for">
            <governor idx="34">more</governor>
            <dependent idx="31">me</dependent>
          </dep>
          <dep type="nsubj">
            <governor idx="34">more</governor>
            <dependent idx="32">it</dependent>
          </dep>
          <dep type="cop">
            <governor idx="34">more</governor>
            <dependent idx="33">was</dependent>
          </dep>
          <dep type="conj:but">
            <governor idx="10">felt</governor>
            <dependent idx="34">more</dependent>
          </dep>
          <dep type="case">
            <governor idx="36">that</governor>
            <dependent idx="35">than</dependent>
          </dep>
          <dep type="nmod:than">
            <governor idx="34">more</governor>
            <dependent idx="36">that</dependent>
          </dep>
          <dep type="punct">
            <governor idx="2">have</governor>
            <dependent idx="37">.</dependent>
          </dep>
        </dependencies>
        <dependencies type="collapsed-ccprocessed-dependencies">
          <dep type="root">
            <governor idx="0">ROOT</governor>
            <dependent idx="2">have</dependent>
          </dep>
          <dep type="nsubj">
            <governor idx="2">have</governor>
            <dependent idx="1">I</dependent>
          </dep>
          <dep type="det">
            <governor idx="4">level</governor>
            <dependent idx="3">a</dependent>
          </dep>
          <dep type="dobj">
            <governor idx="2">have</governor>
            <dependent idx="4">level</dependent>
          </dep>
          <dep type="case">
            <governor idx="6">accountability</governor>
            <dependent idx="5">of</dependent>
          </dep>
          <dep type="nmod:of">
            <governor idx="4">level</governor>
            <dependent idx="6">accountability</dependent>
          </dep>
          <dep type="mark">
            <governor idx="8">ensure</governor>
            <dependent idx="7">to</dependent>
          </dep>
          <dep type="advcl">
            <governor idx="2">have</governor>
            <dependent idx="8">ensure</dependent>
          </dep>
          <dep type="nsubj">
            <governor idx="10">felt</governor>
            <dependent idx="9">employees</dependent>
          </dep>
          <dep type="xcomp">
            <governor idx="8">ensure</governor>
            <dependent idx="10">felt</dependent>
          </dep>
          <dep type="xcomp">
            <governor idx="10">felt</governor>
            <dependent idx="11">safe</dependent>
          </dep>
          <dep type="case">
            <governor idx="15">environment</governor>
            <dependent idx="12">in</dependent>
          </dep>
          <dep type="nmod:poss">
            <governor idx="15">environment</governor>
            <dependent idx="13">their</dependent>
          </dep>
          <dep type="amod">
            <governor idx="15">environment</governor>
            <dependent idx="14">working</dependent>
          </dep>
          <dep type="nmod:in">
            <governor idx="10">felt</governor>
            <dependent idx="15">environment</dependent>
          </dep>
          <dep type="punct">
            <governor idx="10">felt</governor>
            <dependent idx="16">,</dependent>
          </dep>
          <dep type="discourse">
            <governor idx="24">duty</governor>
            <dependent idx="17">yes</dependent>
          </dep>
          <dep type="nsubj">
            <governor idx="24">duty</governor>
            <dependent idx="18">it</dependent>
          </dep>
          <dep type="cop">
            <governor idx="24">duty</governor>
            <dependent idx="19">'s</dependent>
          </dep>
          <dep type="advmod">
            <governor idx="24">duty</governor>
            <dependent idx="20">somewhat</dependent>
          </dep>
          <dep type="det">
            <governor idx="24">duty</governor>
            <dependent idx="21">a</dependent>
          </dep>
          <dep type="amod">
            <governor idx="24">duty</governor>
            <dependent idx="22">legislative</dependent>
          </dep>
          <dep type="punct">
            <governor idx="24">duty</governor>
            <dependent idx="23">`</dependent>
          </dep>
          <dep type="xcomp" extra="true">
            <governor idx="8">ensure</governor>
            <dependent idx="24">duty</dependent>
          </dep>
          <dep type="conj:but">
            <governor idx="10">felt</governor>
            <dependent idx="24">duty</dependent>
          </dep>
          <dep type="case">
            <governor idx="28">requirement</governor>
            <dependent idx="25">of</dependent>
          </dep>
          <dep type="compound">
            <governor idx="28">requirement</governor>
            <dependent idx="26">care</dependent>
          </dep>
          <dep type="punct">
            <governor idx="28">requirement</governor>
            <dependent idx="27">'</dependent>
          </dep>
          <dep type="nmod:of">
            <governor idx="24">duty</governor>
            <dependent idx="28">requirement</dependent>
          </dep>
          <dep type="cc">
            <governor idx="10">felt</governor>
            <dependent idx="29">but</dependent>
          </dep>
          <dep type="case">
            <governor idx="31">me</governor>
            <dependent idx="30">for</dependent>
          </dep>
          <dep type="nmod:for">
            <governor idx="34">more</governor>
            <dependent idx="31">me</dependent>
          </dep>
          <dep type="nsubj">
            <governor idx="34">more</governor>
            <dependent idx="32">it</dependent>
          </dep>
          <dep type="cop">
            <governor idx="34">more</governor>
            <dependent idx="33">was</dependent>
          </dep>
          <dep type="xcomp" extra="true">
            <governor idx="8">ensure</governor>
            <dependent idx="34">more</dependent>
          </dep>
          <dep type="conj:but">
            <governor idx="10">felt</governor>
            <dependent idx="34">more</dependent>
          </dep>
          <dep type="case">
            <governor idx="36">that</governor>
            <dependent idx="35">than</dependent>
          </dep>
          <dep type="nmod:than">
            <governor idx="34">more</governor>
            <dependent idx="36">that</dependent>
          </dep>
          <dep type="punct">
            <governor idx="2">have</governor>
            <dependent idx="37">.</dependent>
          </dep>
        </dependencies>
      </sentence>
      <sentence id="64">
        <tokens>
          <token id="1">
            <word>For</word>
            <lemma>for</lemma>
            <CharacterOffsetBegin>6432</CharacterOffsetBegin>
            <CharacterOffsetEnd>6435</CharacterOffsetEnd>
            <POS>IN</POS>
            <NER>O</NER>
            <Speaker>PER0</Speaker>
          </token>
          <token id="2">
            <word>me</word>
            <lemma>I</lemma>
            <CharacterOffsetBegin>6436</CharacterOffsetBegin>
            <CharacterOffsetEnd>6438</CharacterOffsetEnd>
            <POS>PRP</POS>
            <NER>O</NER>
            <Speaker>PER0</Speaker>
          </token>
          <token id="3">
            <word>personally</word>
            <lemma>personally</lemma>
            <CharacterOffsetBegin>6439</CharacterOffsetBegin>
            <CharacterOffsetEnd>6449</CharacterOffsetEnd>
            <POS>RB</POS>
            <NER>O</NER>
            <Speaker>PER0</Speaker>
          </token>
          <token id="4">
            <word>it</word>
            <lemma>it</lemma>
            <CharacterOffsetBegin>6450</CharacterOffsetBegin>
            <CharacterOffsetEnd>6452</CharacterOffsetEnd>
            <POS>PRP</POS>
            <NER>O</NER>
            <Speaker>PER0</Speaker>
          </token>
          <token id="5">
            <word>is</word>
            <lemma>be</lemma>
            <CharacterOffsetBegin>6453</CharacterOffsetBegin>
            <CharacterOffsetEnd>6455</CharacterOffsetEnd>
            <POS>VBZ</POS>
            <NER>O</NER>
            <Speaker>PER0</Speaker>
          </token>
          <token id="6">
            <word>about</word>
            <lemma>about</lemma>
            <CharacterOffsetBegin>6456</CharacterOffsetBegin>
            <CharacterOffsetEnd>6461</CharacterOffsetEnd>
            <POS>IN</POS>
            <NER>O</NER>
            <Speaker>PER0</Speaker>
          </token>
          <token id="7">
            <word>understanding</word>
            <lemma>understand</lemma>
            <CharacterOffsetBegin>6462</CharacterOffsetBegin>
            <CharacterOffsetEnd>6475</CharacterOffsetEnd>
            <POS>VBG</POS>
            <NER>O</NER>
            <Speaker>PER0</Speaker>
          </token>
          <token id="8">
            <word>that</word>
            <lemma>that</lemma>
            <CharacterOffsetBegin>6476</CharacterOffsetBegin>
            <CharacterOffsetEnd>6480</CharacterOffsetEnd>
            <POS>IN</POS>
            <NER>O</NER>
            <Speaker>PER0</Speaker>
          </token>
          <token id="9">
            <word>we</word>
            <lemma>we</lemma>
            <CharacterOffsetBegin>6481</CharacterOffsetBegin>
            <CharacterOffsetEnd>6483</CharacterOffsetEnd>
            <POS>PRP</POS>
            <NER>O</NER>
            <Speaker>PER0</Speaker>
          </token>
          <token id="10">
            <word>live</word>
            <lemma>live</lemma>
            <CharacterOffsetBegin>6484</CharacterOffsetBegin>
            <CharacterOffsetEnd>6488</CharacterOffsetEnd>
            <POS>VBP</POS>
            <NER>O</NER>
            <Speaker>PER0</Speaker>
          </token>
          <token id="11">
            <word>in</word>
            <lemma>in</lemma>
            <CharacterOffsetBegin>6489</CharacterOffsetBegin>
            <CharacterOffsetEnd>6491</CharacterOffsetEnd>
            <POS>IN</POS>
            <NER>O</NER>
            <Speaker>PER0</Speaker>
          </token>
          <token id="12">
            <word>a</word>
            <lemma>a</lemma>
            <CharacterOffsetBegin>6492</CharacterOffsetBegin>
            <CharacterOffsetEnd>6493</CharacterOffsetEnd>
            <POS>DT</POS>
            <NER>O</NER>
            <Speaker>PER0</Speaker>
          </token>
          <token id="13">
            <word>civilized</word>
            <lemma>civilized</lemma>
            <CharacterOffsetBegin>6494</CharacterOffsetBegin>
            <CharacterOffsetEnd>6503</CharacterOffsetEnd>
            <POS>JJ</POS>
            <NER>O</NER>
            <Speaker>PER0</Speaker>
          </token>
          <token id="14">
            <word>society</word>
            <lemma>society</lemma>
            <CharacterOffsetBegin>6504</CharacterOffsetBegin>
            <CharacterOffsetEnd>6511</CharacterOffsetEnd>
            <POS>NN</POS>
            <NER>O</NER>
            <Speaker>PER0</Speaker>
          </token>
          <token id="15">
            <word>were</word>
            <lemma>be</lemma>
            <CharacterOffsetBegin>6512</CharacterOffsetBegin>
            <CharacterOffsetEnd>6516</CharacterOffsetEnd>
            <POS>VBD</POS>
            <NER>O</NER>
            <Speaker>PER0</Speaker>
          </token>
          <token id="16">
            <word>we</word>
            <lemma>we</lemma>
            <CharacterOffsetBegin>6517</CharacterOffsetBegin>
            <CharacterOffsetEnd>6519</CharacterOffsetEnd>
            <POS>PRP</POS>
            <NER>O</NER>
            <Speaker>PER0</Speaker>
          </token>
          <token id="17">
            <word>are</word>
            <lemma>be</lemma>
            <CharacterOffsetBegin>6520</CharacterOffsetBegin>
            <CharacterOffsetEnd>6523</CharacterOffsetEnd>
            <POS>VBP</POS>
            <NER>O</NER>
            <Speaker>PER0</Speaker>
          </token>
          <token id="18">
            <word>to</word>
            <lemma>to</lemma>
            <CharacterOffsetBegin>6524</CharacterOffsetBegin>
            <CharacterOffsetEnd>6526</CharacterOffsetEnd>
            <POS>TO</POS>
            <NER>O</NER>
            <Speaker>PER0</Speaker>
          </token>
          <token id="19">
            <word>treat</word>
            <lemma>treat</lemma>
            <CharacterOffsetBegin>6527</CharacterOffsetBegin>
            <CharacterOffsetEnd>6532</CharacterOffsetEnd>
            <POS>VB</POS>
            <NER>O</NER>
            <Speaker>PER0</Speaker>
          </token>
          <token id="20">
            <word>each</word>
            <lemma>each</lemma>
            <CharacterOffsetBegin>6533</CharacterOffsetBegin>
            <CharacterOffsetEnd>6537</CharacterOffsetEnd>
            <POS>DT</POS>
            <NER>O</NER>
            <Speaker>PER0</Speaker>
          </token>
          <token id="21">
            <word>other</word>
            <lemma>other</lemma>
            <CharacterOffsetBegin>6538</CharacterOffsetBegin>
            <CharacterOffsetEnd>6543</CharacterOffsetEnd>
            <POS>JJ</POS>
            <NER>O</NER>
            <Speaker>PER0</Speaker>
          </token>
          <token id="22">
            <word>with</word>
            <lemma>with</lemma>
            <CharacterOffsetBegin>6544</CharacterOffsetBegin>
            <CharacterOffsetEnd>6548</CharacterOffsetEnd>
            <POS>IN</POS>
            <NER>O</NER>
            <Speaker>PER0</Speaker>
          </token>
          <token id="23">
            <word>respect</word>
            <lemma>respect</lemma>
            <CharacterOffsetBegin>6549</CharacterOffsetBegin>
            <CharacterOffsetEnd>6556</CharacterOffsetEnd>
            <POS>NN</POS>
            <NER>O</NER>
            <Speaker>PER0</Speaker>
          </token>
          <token id="24">
            <word>and</word>
            <lemma>and</lemma>
            <CharacterOffsetBegin>6557</CharacterOffsetBegin>
            <CharacterOffsetEnd>6560</CharacterOffsetEnd>
            <POS>CC</POS>
            <NER>O</NER>
            <Speaker>PER0</Speaker>
          </token>
          <token id="25">
            <word>dignity</word>
            <lemma>dignity</lemma>
            <CharacterOffsetBegin>6561</CharacterOffsetBegin>
            <CharacterOffsetEnd>6568</CharacterOffsetEnd>
            <POS>NN</POS>
            <NER>O</NER>
            <Speaker>PER0</Speaker>
          </token>
          <token id="26">
            <word>not</word>
            <lemma>not</lemma>
            <CharacterOffsetBegin>6569</CharacterOffsetBegin>
            <CharacterOffsetEnd>6572</CharacterOffsetEnd>
            <POS>RB</POS>
            <NER>O</NER>
            <Speaker>PER0</Speaker>
          </token>
          <token id="27">
            <word>because</word>
            <lemma>because</lemma>
            <CharacterOffsetBegin>6573</CharacterOffsetBegin>
            <CharacterOffsetEnd>6580</CharacterOffsetEnd>
            <POS>IN</POS>
            <NER>O</NER>
            <Speaker>PER0</Speaker>
          </token>
          <token id="28">
            <word>it</word>
            <lemma>it</lemma>
            <CharacterOffsetBegin>6581</CharacterOffsetBegin>
            <CharacterOffsetEnd>6583</CharacterOffsetEnd>
            <POS>PRP</POS>
            <NER>O</NER>
            <Speaker>PER0</Speaker>
          </token>
          <token id="29">
            <word>'s</word>
            <lemma>be</lemma>
            <CharacterOffsetBegin>6583</CharacterOffsetBegin>
            <CharacterOffsetEnd>6585</CharacterOffsetEnd>
            <POS>VBZ</POS>
            <NER>O</NER>
            <Speaker>PER0</Speaker>
          </token>
          <token id="30">
            <word>the</word>
            <lemma>the</lemma>
            <CharacterOffsetBegin>6586</CharacterOffsetBegin>
            <CharacterOffsetEnd>6589</CharacterOffsetEnd>
            <POS>DT</POS>
            <NER>O</NER>
            <Speaker>PER0</Speaker>
          </token>
          <token id="31">
            <word>`</word>
            <lemma>`</lemma>
            <CharacterOffsetBegin>6590</CharacterOffsetBegin>
            <CharacterOffsetEnd>6591</CharacterOffsetEnd>
            <POS>``</POS>
            <NER>O</NER>
            <Speaker>PER0</Speaker>
          </token>
          <token id="32">
            <word>nice</word>
            <lemma>nice</lemma>
            <CharacterOffsetBegin>6591</CharacterOffsetBegin>
            <CharacterOffsetEnd>6595</CharacterOffsetEnd>
            <POS>JJ</POS>
            <NER>O</NER>
            <Speaker>PER0</Speaker>
          </token>
          <token id="33">
            <word>'</word>
            <lemma>'</lemma>
            <CharacterOffsetBegin>6595</CharacterOffsetBegin>
            <CharacterOffsetEnd>6596</CharacterOffsetEnd>
            <POS>''</POS>
            <NER>O</NER>
            <Speaker>PER0</Speaker>
          </token>
          <token id="34">
            <word>thing</word>
            <lemma>thing</lemma>
            <CharacterOffsetBegin>6597</CharacterOffsetBegin>
            <CharacterOffsetEnd>6602</CharacterOffsetEnd>
            <POS>NN</POS>
            <NER>O</NER>
            <Speaker>PER0</Speaker>
          </token>
          <token id="35">
            <word>to</word>
            <lemma>to</lemma>
            <CharacterOffsetBegin>6603</CharacterOffsetBegin>
            <CharacterOffsetEnd>6605</CharacterOffsetEnd>
            <POS>TO</POS>
            <NER>O</NER>
            <Speaker>PER0</Speaker>
          </token>
          <token id="36">
            <word>do</word>
            <lemma>do</lemma>
            <CharacterOffsetBegin>6606</CharacterOffsetBegin>
            <CharacterOffsetEnd>6608</CharacterOffsetEnd>
            <POS>VB</POS>
            <NER>O</NER>
            <Speaker>PER0</Speaker>
          </token>
          <token id="37">
            <word>but</word>
            <lemma>but</lemma>
            <CharacterOffsetBegin>6609</CharacterOffsetBegin>
            <CharacterOffsetEnd>6612</CharacterOffsetEnd>
            <POS>CC</POS>
            <NER>O</NER>
            <Speaker>PER0</Speaker>
          </token>
          <token id="38">
            <word>because</word>
            <lemma>because</lemma>
            <CharacterOffsetBegin>6613</CharacterOffsetBegin>
            <CharacterOffsetEnd>6620</CharacterOffsetEnd>
            <POS>IN</POS>
            <NER>O</NER>
            <Speaker>PER0</Speaker>
          </token>
          <token id="39">
            <word>it</word>
            <lemma>it</lemma>
            <CharacterOffsetBegin>6621</CharacterOffsetBegin>
            <CharacterOffsetEnd>6623</CharacterOffsetEnd>
            <POS>PRP</POS>
            <NER>O</NER>
            <Speaker>PER0</Speaker>
          </token>
          <token id="40">
            <word>'s</word>
            <lemma>be</lemma>
            <CharacterOffsetBegin>6623</CharacterOffsetBegin>
            <CharacterOffsetEnd>6625</CharacterOffsetEnd>
            <POS>VBZ</POS>
            <NER>O</NER>
            <Speaker>PER0</Speaker>
          </token>
          <token id="41">
            <word>the</word>
            <lemma>the</lemma>
            <CharacterOffsetBegin>6626</CharacterOffsetBegin>
            <CharacterOffsetEnd>6629</CharacterOffsetEnd>
            <POS>DT</POS>
            <NER>O</NER>
            <Speaker>PER0</Speaker>
          </token>
          <token id="42">
            <word>`</word>
            <lemma>`</lemma>
            <CharacterOffsetBegin>6630</CharacterOffsetBegin>
            <CharacterOffsetEnd>6631</CharacterOffsetEnd>
            <POS>``</POS>
            <NER>O</NER>
            <Speaker>PER0</Speaker>
          </token>
          <token id="43">
            <word>right</word>
            <lemma>right</lemma>
            <CharacterOffsetBegin>6631</CharacterOffsetBegin>
            <CharacterOffsetEnd>6636</CharacterOffsetEnd>
            <POS>JJ</POS>
            <NER>O</NER>
            <Speaker>PER0</Speaker>
          </token>
          <token id="44">
            <word>'</word>
            <lemma>'</lemma>
            <CharacterOffsetBegin>6636</CharacterOffsetBegin>
            <CharacterOffsetEnd>6637</CharacterOffsetEnd>
            <POS>''</POS>
            <NER>O</NER>
            <Speaker>PER0</Speaker>
          </token>
          <token id="45">
            <word>thing</word>
            <lemma>thing</lemma>
            <CharacterOffsetBegin>6638</CharacterOffsetBegin>
            <CharacterOffsetEnd>6643</CharacterOffsetEnd>
            <POS>NN</POS>
            <NER>O</NER>
            <Speaker>PER0</Speaker>
          </token>
          <token id="46">
            <word>to</word>
            <lemma>to</lemma>
            <CharacterOffsetBegin>6644</CharacterOffsetBegin>
            <CharacterOffsetEnd>6646</CharacterOffsetEnd>
            <POS>TO</POS>
            <NER>O</NER>
            <Speaker>PER0</Speaker>
          </token>
          <token id="47">
            <word>do</word>
            <lemma>do</lemma>
            <CharacterOffsetBegin>6647</CharacterOffsetBegin>
            <CharacterOffsetEnd>6649</CharacterOffsetEnd>
            <POS>VB</POS>
            <NER>O</NER>
            <Speaker>PER0</Speaker>
          </token>
          <token id="48">
            <word>.</word>
            <lemma>.</lemma>
            <CharacterOffsetBegin>6649</CharacterOffsetBegin>
            <CharacterOffsetEnd>6650</CharacterOffsetEnd>
            <POS>.</POS>
            <NER>O</NER>
            <Speaker>PER0</Speaker>
          </token>
        </tokens>
        <parse>(ROOT (S (SBAR (IN For) (S (NP (PRP me)) (ADVP (RB personally)) (NP (PRP it)) (VP (VBZ is) (PP (IN about) (S (VP (VBG understanding) (SBAR (IN that) (S (NP (PRP we)) (VP (VBP live) (PP (IN in) (NP (DT a) (JJ civilized) (NN society)))))))))))) (VP (VBD were) (SBAR (SBAR (S (NP (PRP we)) (VP (VBP are) (S (VP (TO to) (VP (VB treat) (NP (DT each) (JJ other)) (PP (IN with) (NP (NN respect) (CC and) (NN dignity))) (SBAR (RB not) (IN because) (S (NP (PRP it)) (VP (VBZ 's) (NP (NP (DT the) (`` `) (JJ nice) ('' ') (NN thing)) (SBAR (S (VP (TO to) (VP (VB do))))))))))))))) (CC but) (SBAR (IN because) (S (NP (PRP it)) (VP (VBZ 's) (NP (NP (DT the) (`` `) (JJ right) ('' ') (NN thing)) (SBAR (S (VP (TO to) (VP (VB do))))))))))) (. .))) </parse>
        <dependencies type="basic-dependencies">
          <dep type="root">
            <governor idx="0">ROOT</governor>
            <dependent idx="15">were</dependent>
          </dep>
          <dep type="mark">
            <governor idx="7">understanding</governor>
            <dependent idx="1">For</dependent>
          </dep>
          <dep type="nsubj">
            <governor idx="7">understanding</governor>
            <dependent idx="2">me</dependent>
          </dep>
          <dep type="advmod">
            <governor idx="7">understanding</governor>
            <dependent idx="3">personally</dependent>
          </dep>
          <dep type="nsubj">
            <governor idx="7">understanding</governor>
            <dependent idx="4">it</dependent>
          </dep>
          <dep type="cop">
            <governor idx="7">understanding</governor>
            <dependent idx="5">is</dependent>
          </dep>
          <dep type="mark">
            <governor idx="7">understanding</governor>
            <dependent idx="6">about</dependent>
          </dep>
          <dep type="csubj">
            <governor idx="15">were</governor>
            <dependent idx="7">understanding</dependent>
          </dep>
          <dep type="mark">
            <governor idx="10">live</governor>
            <dependent idx="8">that</dependent>
          </dep>
          <dep type="nsubj">
            <governor idx="10">live</governor>
            <dependent idx="9">we</dependent>
          </dep>
          <dep type="ccomp">
            <governor idx="7">understanding</governor>
            <dependent idx="10">live</dependent>
          </dep>
          <dep type="case">
            <governor idx="14">society</governor>
            <dependent idx="11">in</dependent>
          </dep>
          <dep type="det">
            <governor idx="14">society</governor>
            <dependent idx="12">a</dependent>
          </dep>
          <dep type="amod">
            <governor idx="14">society</governor>
            <dependent idx="13">civilized</dependent>
          </dep>
          <dep type="nmod">
            <governor idx="10">live</governor>
            <dependent idx="14">society</dependent>
          </dep>
          <dep type="nsubj">
            <governor idx="17">are</governor>
            <dependent idx="16">we</dependent>
          </dep>
          <dep type="advcl">
            <governor idx="15">were</governor>
            <dependent idx="17">are</dependent>
          </dep>
          <dep type="mark">
            <governor idx="19">treat</governor>
            <dependent idx="18">to</dependent>
          </dep>
          <dep type="xcomp">
            <governor idx="17">are</governor>
            <dependent idx="19">treat</dependent>
          </dep>
          <dep type="det">
            <governor idx="21">other</governor>
            <dependent idx="20">each</dependent>
          </dep>
          <dep type="dobj">
            <governor idx="19">treat</governor>
            <dependent idx="21">other</dependent>
          </dep>
          <dep type="case">
            <governor idx="23">respect</governor>
            <dependent idx="22">with</dependent>
          </dep>
          <dep type="nmod">
            <governor idx="19">treat</governor>
            <dependent idx="23">respect</dependent>
          </dep>
          <dep type="cc">
            <governor idx="23">respect</governor>
            <dependent idx="24">and</dependent>
          </dep>
          <dep type="conj">
            <governor idx="23">respect</governor>
            <dependent idx="25">dignity</dependent>
          </dep>
          <dep type="dep">
            <governor idx="34">thing</governor>
            <dependent idx="26">not</dependent>
          </dep>
          <dep type="mark">
            <governor idx="34">thing</governor>
            <dependent idx="27">because</dependent>
          </dep>
          <dep type="nsubj">
            <governor idx="34">thing</governor>
            <dependent idx="28">it</dependent>
          </dep>
          <dep type="cop">
            <governor idx="34">thing</governor>
            <dependent idx="29">'s</dependent>
          </dep>
          <dep type="det">
            <governor idx="34">thing</governor>
            <dependent idx="30">the</dependent>
          </dep>
          <dep type="punct">
            <governor idx="34">thing</governor>
            <dependent idx="31">`</dependent>
          </dep>
          <dep type="amod">
            <governor idx="34">thing</governor>
            <dependent idx="32">nice</dependent>
          </dep>
          <dep type="punct">
            <governor idx="34">thing</governor>
            <dependent idx="33">'</dependent>
          </dep>
          <dep type="advcl">
            <governor idx="19">treat</governor>
            <dependent idx="34">thing</dependent>
          </dep>
          <dep type="mark">
            <governor idx="36">do</governor>
            <dependent idx="35">to</dependent>
          </dep>
          <dep type="acl">
            <governor idx="34">thing</governor>
            <dependent idx="36">do</dependent>
          </dep>
          <dep type="cc">
            <governor idx="17">are</governor>
            <dependent idx="37">but</dependent>
          </dep>
          <dep type="mark">
            <governor idx="45">thing</governor>
            <dependent idx="38">because</dependent>
          </dep>
          <dep type="nsubj">
            <governor idx="45">thing</governor>
            <dependent idx="39">it</dependent>
          </dep>
          <dep type="cop">
            <governor idx="45">thing</governor>
            <dependent idx="40">'s</dependent>
          </dep>
          <dep type="det">
            <governor idx="45">thing</governor>
            <dependent idx="41">the</dependent>
          </dep>
          <dep type="punct">
            <governor idx="45">thing</governor>
            <dependent idx="42">`</dependent>
          </dep>
          <dep type="amod">
            <governor idx="45">thing</governor>
            <dependent idx="43">right</dependent>
          </dep>
          <dep type="punct">
            <governor idx="45">thing</governor>
            <dependent idx="44">'</dependent>
          </dep>
          <dep type="conj">
            <governor idx="17">are</governor>
            <dependent idx="45">thing</dependent>
          </dep>
          <dep type="mark">
            <governor idx="47">do</governor>
            <dependent idx="46">to</dependent>
          </dep>
          <dep type="acl">
            <governor idx="45">thing</governor>
            <dependent idx="47">do</dependent>
          </dep>
          <dep type="punct">
            <governor idx="15">were</governor>
            <dependent idx="48">.</dependent>
          </dep>
        </dependencies>
        <dependencies type="collapsed-dependencies">
          <dep type="root">
            <governor idx="0">ROOT</governor>
            <dependent idx="15">were</dependent>
          </dep>
          <dep type="mark">
            <governor idx="7">understanding</governor>
            <dependent idx="1">For</dependent>
          </dep>
          <dep type="nsubj">
            <governor idx="7">understanding</governor>
            <dependent idx="2">me</dependent>
          </dep>
          <dep type="advmod">
            <governor idx="7">understanding</governor>
            <dependent idx="3">personally</dependent>
          </dep>
          <dep type="nsubj">
            <governor idx="7">understanding</governor>
            <dependent idx="4">it</dependent>
          </dep>
          <dep type="cop">
            <governor idx="7">understanding</governor>
            <dependent idx="5">is</dependent>
          </dep>
          <dep type="mark">
            <governor idx="7">understanding</governor>
            <dependent idx="6">about</dependent>
          </dep>
          <dep type="csubj">
            <governor idx="15">were</governor>
            <dependent idx="7">understanding</dependent>
          </dep>
          <dep type="mark">
            <governor idx="10">live</governor>
            <dependent idx="8">that</dependent>
          </dep>
          <dep type="nsubj">
            <governor idx="10">live</governor>
            <dependent idx="9">we</dependent>
          </dep>
          <dep type="ccomp">
            <governor idx="7">understanding</governor>
            <dependent idx="10">live</dependent>
          </dep>
          <dep type="case">
            <governor idx="14">society</governor>
            <dependent idx="11">in</dependent>
          </dep>
          <dep type="det">
            <governor idx="14">society</governor>
            <dependent idx="12">a</dependent>
          </dep>
          <dep type="amod">
            <governor idx="14">society</governor>
            <dependent idx="13">civilized</dependent>
          </dep>
          <dep type="nmod:in">
            <governor idx="10">live</governor>
            <dependent idx="14">society</dependent>
          </dep>
          <dep type="nsubj">
            <governor idx="17">are</governor>
            <dependent idx="16">we</dependent>
          </dep>
          <dep type="advcl">
            <governor idx="15">were</governor>
            <dependent idx="17">are</dependent>
          </dep>
          <dep type="mark">
            <governor idx="19">treat</governor>
            <dependent idx="18">to</dependent>
          </dep>
          <dep type="xcomp">
            <governor idx="17">are</governor>
            <dependent idx="19">treat</dependent>
          </dep>
          <dep type="det">
            <governor idx="21">other</governor>
            <dependent idx="20">each</dependent>
          </dep>
          <dep type="dobj">
            <governor idx="19">treat</governor>
            <dependent idx="21">other</dependent>
          </dep>
          <dep type="case">
            <governor idx="23">respect</governor>
            <dependent idx="22">with</dependent>
          </dep>
          <dep type="nmod:with">
            <governor idx="19">treat</governor>
            <dependent idx="23">respect</dependent>
          </dep>
          <dep type="cc">
            <governor idx="23">respect</governor>
            <dependent idx="24">and</dependent>
          </dep>
          <dep type="conj:and">
            <governor idx="23">respect</governor>
            <dependent idx="25">dignity</dependent>
          </dep>
          <dep type="dep">
            <governor idx="34">thing</governor>
            <dependent idx="26">not</dependent>
          </dep>
          <dep type="mark">
            <governor idx="34">thing</governor>
            <dependent idx="27">because</dependent>
          </dep>
          <dep type="nsubj">
            <governor idx="34">thing</governor>
            <dependent idx="28">it</dependent>
          </dep>
          <dep type="cop">
            <governor idx="34">thing</governor>
            <dependent idx="29">'s</dependent>
          </dep>
          <dep type="det">
            <governor idx="34">thing</governor>
            <dependent idx="30">the</dependent>
          </dep>
          <dep type="punct">
            <governor idx="34">thing</governor>
            <dependent idx="31">`</dependent>
          </dep>
          <dep type="amod">
            <governor idx="34">thing</governor>
            <dependent idx="32">nice</dependent>
          </dep>
          <dep type="punct">
            <governor idx="34">thing</governor>
            <dependent idx="33">'</dependent>
          </dep>
          <dep type="advcl">
            <governor idx="19">treat</governor>
            <dependent idx="34">thing</dependent>
          </dep>
          <dep type="mark">
            <governor idx="36">do</governor>
            <dependent idx="35">to</dependent>
          </dep>
          <dep type="acl">
            <governor idx="34">thing</governor>
            <dependent idx="36">do</dependent>
          </dep>
          <dep type="cc">
            <governor idx="17">are</governor>
            <dependent idx="37">but</dependent>
          </dep>
          <dep type="mark">
            <governor idx="45">thing</governor>
            <dependent idx="38">because</dependent>
          </dep>
          <dep type="nsubj">
            <governor idx="45">thing</governor>
            <dependent idx="39">it</dependent>
          </dep>
          <dep type="cop">
            <governor idx="45">thing</governor>
            <dependent idx="40">'s</dependent>
          </dep>
          <dep type="det">
            <governor idx="45">thing</governor>
            <dependent idx="41">the</dependent>
          </dep>
          <dep type="punct">
            <governor idx="45">thing</governor>
            <dependent idx="42">`</dependent>
          </dep>
          <dep type="amod">
            <governor idx="45">thing</governor>
            <dependent idx="43">right</dependent>
          </dep>
          <dep type="punct">
            <governor idx="45">thing</governor>
            <dependent idx="44">'</dependent>
          </dep>
          <dep type="conj:but">
            <governor idx="17">are</governor>
            <dependent idx="45">thing</dependent>
          </dep>
          <dep type="mark">
            <governor idx="47">do</governor>
            <dependent idx="46">to</dependent>
          </dep>
          <dep type="acl">
            <governor idx="45">thing</governor>
            <dependent idx="47">do</dependent>
          </dep>
          <dep type="punct">
            <governor idx="15">were</governor>
            <dependent idx="48">.</dependent>
          </dep>
        </dependencies>
        <dependencies type="collapsed-ccprocessed-dependencies">
          <dep type="root">
            <governor idx="0">ROOT</governor>
            <dependent idx="15">were</dependent>
          </dep>
          <dep type="mark">
            <governor idx="7">understanding</governor>
            <dependent idx="1">For</dependent>
          </dep>
          <dep type="nsubj">
            <governor idx="7">understanding</governor>
            <dependent idx="2">me</dependent>
          </dep>
          <dep type="advmod">
            <governor idx="7">understanding</governor>
            <dependent idx="3">personally</dependent>
          </dep>
          <dep type="nsubj">
            <governor idx="7">understanding</governor>
            <dependent idx="4">it</dependent>
          </dep>
          <dep type="cop">
            <governor idx="7">understanding</governor>
            <dependent idx="5">is</dependent>
          </dep>
          <dep type="mark">
            <governor idx="7">understanding</governor>
            <dependent idx="6">about</dependent>
          </dep>
          <dep type="csubj">
            <governor idx="15">were</governor>
            <dependent idx="7">understanding</dependent>
          </dep>
          <dep type="mark">
            <governor idx="10">live</governor>
            <dependent idx="8">that</dependent>
          </dep>
          <dep type="nsubj">
            <governor idx="10">live</governor>
            <dependent idx="9">we</dependent>
          </dep>
          <dep type="ccomp">
            <governor idx="7">understanding</governor>
            <dependent idx="10">live</dependent>
          </dep>
          <dep type="case">
            <governor idx="14">society</governor>
            <dependent idx="11">in</dependent>
          </dep>
          <dep type="det">
            <governor idx="14">society</governor>
            <dependent idx="12">a</dependent>
          </dep>
          <dep type="amod">
            <governor idx="14">society</governor>
            <dependent idx="13">civilized</dependent>
          </dep>
          <dep type="nmod:in">
            <governor idx="10">live</governor>
            <dependent idx="14">society</dependent>
          </dep>
          <dep type="nsubj">
            <governor idx="17">are</governor>
            <dependent idx="16">we</dependent>
          </dep>
          <dep type="advcl">
            <governor idx="15">were</governor>
            <dependent idx="17">are</dependent>
          </dep>
          <dep type="mark">
            <governor idx="19">treat</governor>
            <dependent idx="18">to</dependent>
          </dep>
          <dep type="xcomp">
            <governor idx="17">are</governor>
            <dependent idx="19">treat</dependent>
          </dep>
          <dep type="det">
            <governor idx="21">other</governor>
            <dependent idx="20">each</dependent>
          </dep>
          <dep type="dobj">
            <governor idx="19">treat</governor>
            <dependent idx="21">other</dependent>
          </dep>
          <dep type="case">
            <governor idx="23">respect</governor>
            <dependent idx="22">with</dependent>
          </dep>
          <dep type="nmod:with">
            <governor idx="19">treat</governor>
            <dependent idx="23">respect</dependent>
          </dep>
          <dep type="cc">
            <governor idx="23">respect</governor>
            <dependent idx="24">and</dependent>
          </dep>
          <dep type="nmod:with" extra="true">
            <governor idx="19">treat</governor>
            <dependent idx="25">dignity</dependent>
          </dep>
          <dep type="conj:and">
            <governor idx="23">respect</governor>
            <dependent idx="25">dignity</dependent>
          </dep>
          <dep type="dep">
            <governor idx="34">thing</governor>
            <dependent idx="26">not</dependent>
          </dep>
          <dep type="mark">
            <governor idx="34">thing</governor>
            <dependent idx="27">because</dependent>
          </dep>
          <dep type="nsubj">
            <governor idx="34">thing</governor>
            <dependent idx="28">it</dependent>
          </dep>
          <dep type="cop">
            <governor idx="34">thing</governor>
            <dependent idx="29">'s</dependent>
          </dep>
          <dep type="det">
            <governor idx="34">thing</governor>
            <dependent idx="30">the</dependent>
          </dep>
          <dep type="punct">
            <governor idx="34">thing</governor>
            <dependent idx="31">`</dependent>
          </dep>
          <dep type="amod">
            <governor idx="34">thing</governor>
            <dependent idx="32">nice</dependent>
          </dep>
          <dep type="punct">
            <governor idx="34">thing</governor>
            <dependent idx="33">'</dependent>
          </dep>
          <dep type="advcl">
            <governor idx="19">treat</governor>
            <dependent idx="34">thing</dependent>
          </dep>
          <dep type="mark">
            <governor idx="36">do</governor>
            <dependent idx="35">to</dependent>
          </dep>
          <dep type="acl">
            <governor idx="34">thing</governor>
            <dependent idx="36">do</dependent>
          </dep>
          <dep type="cc">
            <governor idx="17">are</governor>
            <dependent idx="37">but</dependent>
          </dep>
          <dep type="mark">
            <governor idx="45">thing</governor>
            <dependent idx="38">because</dependent>
          </dep>
          <dep type="nsubj">
            <governor idx="45">thing</governor>
            <dependent idx="39">it</dependent>
          </dep>
          <dep type="cop">
            <governor idx="45">thing</governor>
            <dependent idx="40">'s</dependent>
          </dep>
          <dep type="det">
            <governor idx="45">thing</governor>
            <dependent idx="41">the</dependent>
          </dep>
          <dep type="punct">
            <governor idx="45">thing</governor>
            <dependent idx="42">`</dependent>
          </dep>
          <dep type="amod">
            <governor idx="45">thing</governor>
            <dependent idx="43">right</dependent>
          </dep>
          <dep type="punct">
            <governor idx="45">thing</governor>
            <dependent idx="44">'</dependent>
          </dep>
          <dep type="advcl" extra="true">
            <governor idx="15">were</governor>
            <dependent idx="45">thing</dependent>
          </dep>
          <dep type="conj:but">
            <governor idx="17">are</governor>
            <dependent idx="45">thing</dependent>
          </dep>
          <dep type="mark">
            <governor idx="47">do</governor>
            <dependent idx="46">to</dependent>
          </dep>
          <dep type="acl">
            <governor idx="45">thing</governor>
            <dependent idx="47">do</dependent>
          </dep>
          <dep type="punct">
            <governor idx="15">were</governor>
            <dependent idx="48">.</dependent>
          </dep>
        </dependencies>
      </sentence>
      <sentence id="65">
        <tokens>
          <token id="1">
            <word>So</word>
            <lemma>so</lemma>
            <CharacterOffsetBegin>6651</CharacterOffsetBegin>
            <CharacterOffsetEnd>6653</CharacterOffsetEnd>
            <POS>IN</POS>
            <NER>O</NER>
            <Speaker>PER0</Speaker>
          </token>
          <token id="2">
            <word>I</word>
            <lemma>I</lemma>
            <CharacterOffsetBegin>6654</CharacterOffsetBegin>
            <CharacterOffsetEnd>6655</CharacterOffsetEnd>
            <POS>PRP</POS>
            <NER>O</NER>
            <Speaker>PER0</Speaker>
          </token>
          <token id="3">
            <word>made</word>
            <lemma>make</lemma>
            <CharacterOffsetBegin>6656</CharacterOffsetBegin>
            <CharacterOffsetEnd>6660</CharacterOffsetEnd>
            <POS>VBD</POS>
            <NER>O</NER>
            <Speaker>PER0</Speaker>
          </token>
          <token id="4">
            <word>a</word>
            <lemma>a</lemma>
            <CharacterOffsetBegin>6661</CharacterOffsetBegin>
            <CharacterOffsetEnd>6662</CharacterOffsetEnd>
            <POS>DT</POS>
            <NER>O</NER>
            <Speaker>PER0</Speaker>
          </token>
          <token id="5">
            <word>decision</word>
            <lemma>decision</lemma>
            <CharacterOffsetBegin>6663</CharacterOffsetBegin>
            <CharacterOffsetEnd>6671</CharacterOffsetEnd>
            <POS>NN</POS>
            <NER>O</NER>
            <Speaker>PER0</Speaker>
          </token>
          <token id="6">
            <word>to</word>
            <lemma>to</lemma>
            <CharacterOffsetBegin>6672</CharacterOffsetBegin>
            <CharacterOffsetEnd>6674</CharacterOffsetEnd>
            <POS>TO</POS>
            <NER>O</NER>
            <Speaker>PER0</Speaker>
          </token>
          <token id="7">
            <word>act</word>
            <lemma>act</lemma>
            <CharacterOffsetBegin>6675</CharacterOffsetBegin>
            <CharacterOffsetEnd>6678</CharacterOffsetEnd>
            <POS>VB</POS>
            <NER>O</NER>
            <Speaker>PER0</Speaker>
          </token>
          <token id="8">
            <word>ethically</word>
            <lemma>ethically</lemma>
            <CharacterOffsetBegin>6679</CharacterOffsetBegin>
            <CharacterOffsetEnd>6688</CharacterOffsetEnd>
            <POS>RB</POS>
            <NER>O</NER>
            <Speaker>PER0</Speaker>
          </token>
          <token id="9">
            <word>and</word>
            <lemma>and</lemma>
            <CharacterOffsetBegin>6689</CharacterOffsetBegin>
            <CharacterOffsetEnd>6692</CharacterOffsetEnd>
            <POS>CC</POS>
            <NER>O</NER>
            <Speaker>PER0</Speaker>
          </token>
          <token id="10">
            <word>not</word>
            <lemma>not</lemma>
            <CharacterOffsetBegin>6693</CharacterOffsetBegin>
            <CharacterOffsetEnd>6696</CharacterOffsetEnd>
            <POS>RB</POS>
            <NER>O</NER>
            <Speaker>PER0</Speaker>
          </token>
          <token id="11">
            <word>be</word>
            <lemma>be</lemma>
            <CharacterOffsetBegin>6697</CharacterOffsetBegin>
            <CharacterOffsetEnd>6699</CharacterOffsetEnd>
            <POS>VB</POS>
            <NER>O</NER>
            <Speaker>PER0</Speaker>
          </token>
          <token id="12">
            <word>a</word>
            <lemma>a</lemma>
            <CharacterOffsetBegin>6700</CharacterOffsetBegin>
            <CharacterOffsetEnd>6701</CharacterOffsetEnd>
            <POS>DT</POS>
            <NER>O</NER>
            <Speaker>PER0</Speaker>
          </token>
          <token id="13">
            <word>silent</word>
            <lemma>silent</lemma>
            <CharacterOffsetBegin>6702</CharacterOffsetBegin>
            <CharacterOffsetEnd>6708</CharacterOffsetEnd>
            <POS>JJ</POS>
            <NER>O</NER>
            <Speaker>PER0</Speaker>
          </token>
          <token id="14">
            <word>bystander</word>
            <lemma>bystander</lemma>
            <CharacterOffsetBegin>6709</CharacterOffsetBegin>
            <CharacterOffsetEnd>6718</CharacterOffsetEnd>
            <POS>NN</POS>
            <NER>O</NER>
            <Speaker>PER0</Speaker>
          </token>
          <token id="15">
            <word>at</word>
            <lemma>at</lemma>
            <CharacterOffsetBegin>6719</CharacterOffsetBegin>
            <CharacterOffsetEnd>6721</CharacterOffsetEnd>
            <POS>IN</POS>
            <NER>O</NER>
            <Speaker>PER0</Speaker>
          </token>
          <token id="16">
            <word>work</word>
            <lemma>work</lemma>
            <CharacterOffsetBegin>6722</CharacterOffsetBegin>
            <CharacterOffsetEnd>6726</CharacterOffsetEnd>
            <POS>NN</POS>
            <NER>O</NER>
            <Speaker>PER0</Speaker>
          </token>
          <token id="17">
            <word>.</word>
            <lemma>.</lemma>
            <CharacterOffsetBegin>6726</CharacterOffsetBegin>
            <CharacterOffsetEnd>6727</CharacterOffsetEnd>
            <POS>.</POS>
            <NER>O</NER>
            <Speaker>PER0</Speaker>
          </token>
        </tokens>
        <parse>(ROOT (S (IN So) (NP (PRP I)) (VP (VBD made) (NP (DT a) (NN decision) (S (VP (TO to) (VP (VP (VB act) (ADVP (RB ethically))) (CC and) (RB not) (VP (VB be) (NP (NP (DT a) (JJ silent) (NN bystander)) (PP (IN at) (NP (NN work)))))))))) (. .))) </parse>
        <dependencies type="basic-dependencies">
          <dep type="root">
            <governor idx="0">ROOT</governor>
            <dependent idx="3">made</dependent>
          </dep>
          <dep type="dep">
            <governor idx="3">made</governor>
            <dependent idx="1">So</dependent>
          </dep>
          <dep type="nsubj">
            <governor idx="3">made</governor>
            <dependent idx="2">I</dependent>
          </dep>
          <dep type="det">
            <governor idx="5">decision</governor>
            <dependent idx="4">a</dependent>
          </dep>
          <dep type="dobj">
            <governor idx="3">made</governor>
            <dependent idx="5">decision</dependent>
          </dep>
          <dep type="mark">
            <governor idx="7">act</governor>
            <dependent idx="6">to</dependent>
          </dep>
          <dep type="acl">
            <governor idx="5">decision</governor>
            <dependent idx="7">act</dependent>
          </dep>
          <dep type="advmod">
            <governor idx="7">act</governor>
            <dependent idx="8">ethically</dependent>
          </dep>
          <dep type="cc">
            <governor idx="7">act</governor>
            <dependent idx="9">and</dependent>
          </dep>
          <dep type="neg">
            <governor idx="14">bystander</governor>
            <dependent idx="10">not</dependent>
          </dep>
          <dep type="cop">
            <governor idx="14">bystander</governor>
            <dependent idx="11">be</dependent>
          </dep>
          <dep type="det">
            <governor idx="14">bystander</governor>
            <dependent idx="12">a</dependent>
          </dep>
          <dep type="amod">
            <governor idx="14">bystander</governor>
            <dependent idx="13">silent</dependent>
          </dep>
          <dep type="conj">
            <governor idx="7">act</governor>
            <dependent idx="14">bystander</dependent>
          </dep>
          <dep type="case">
            <governor idx="16">work</governor>
            <dependent idx="15">at</dependent>
          </dep>
          <dep type="nmod">
            <governor idx="14">bystander</governor>
            <dependent idx="16">work</dependent>
          </dep>
          <dep type="punct">
            <governor idx="3">made</governor>
            <dependent idx="17">.</dependent>
          </dep>
        </dependencies>
        <dependencies type="collapsed-dependencies">
          <dep type="root">
            <governor idx="0">ROOT</governor>
            <dependent idx="3">made</dependent>
          </dep>
          <dep type="dep">
            <governor idx="3">made</governor>
            <dependent idx="1">So</dependent>
          </dep>
          <dep type="nsubj">
            <governor idx="3">made</governor>
            <dependent idx="2">I</dependent>
          </dep>
          <dep type="det">
            <governor idx="5">decision</governor>
            <dependent idx="4">a</dependent>
          </dep>
          <dep type="dobj">
            <governor idx="3">made</governor>
            <dependent idx="5">decision</dependent>
          </dep>
          <dep type="mark">
            <governor idx="7">act</governor>
            <dependent idx="6">to</dependent>
          </dep>
          <dep type="acl">
            <governor idx="5">decision</governor>
            <dependent idx="7">act</dependent>
          </dep>
          <dep type="advmod">
            <governor idx="7">act</governor>
            <dependent idx="8">ethically</dependent>
          </dep>
          <dep type="cc">
            <governor idx="7">act</governor>
            <dependent idx="9">and</dependent>
          </dep>
          <dep type="neg">
            <governor idx="14">bystander</governor>
            <dependent idx="10">not</dependent>
          </dep>
          <dep type="cop">
            <governor idx="14">bystander</governor>
            <dependent idx="11">be</dependent>
          </dep>
          <dep type="det">
            <governor idx="14">bystander</governor>
            <dependent idx="12">a</dependent>
          </dep>
          <dep type="amod">
            <governor idx="14">bystander</governor>
            <dependent idx="13">silent</dependent>
          </dep>
          <dep type="conj:and">
            <governor idx="7">act</governor>
            <dependent idx="14">bystander</dependent>
          </dep>
          <dep type="case">
            <governor idx="16">work</governor>
            <dependent idx="15">at</dependent>
          </dep>
          <dep type="nmod:at">
            <governor idx="14">bystander</governor>
            <dependent idx="16">work</dependent>
          </dep>
          <dep type="punct">
            <governor idx="3">made</governor>
            <dependent idx="17">.</dependent>
          </dep>
        </dependencies>
        <dependencies type="collapsed-ccprocessed-dependencies">
          <dep type="root">
            <governor idx="0">ROOT</governor>
            <dependent idx="3">made</dependent>
          </dep>
          <dep type="dep">
            <governor idx="3">made</governor>
            <dependent idx="1">So</dependent>
          </dep>
          <dep type="nsubj">
            <governor idx="3">made</governor>
            <dependent idx="2">I</dependent>
          </dep>
          <dep type="det">
            <governor idx="5">decision</governor>
            <dependent idx="4">a</dependent>
          </dep>
          <dep type="dobj">
            <governor idx="3">made</governor>
            <dependent idx="5">decision</dependent>
          </dep>
          <dep type="mark">
            <governor idx="7">act</governor>
            <dependent idx="6">to</dependent>
          </dep>
          <dep type="acl">
            <governor idx="5">decision</governor>
            <dependent idx="7">act</dependent>
          </dep>
          <dep type="advmod">
            <governor idx="7">act</governor>
            <dependent idx="8">ethically</dependent>
          </dep>
          <dep type="cc">
            <governor idx="7">act</governor>
            <dependent idx="9">and</dependent>
          </dep>
          <dep type="neg">
            <governor idx="14">bystander</governor>
            <dependent idx="10">not</dependent>
          </dep>
          <dep type="cop">
            <governor idx="14">bystander</governor>
            <dependent idx="11">be</dependent>
          </dep>
          <dep type="det">
            <governor idx="14">bystander</governor>
            <dependent idx="12">a</dependent>
          </dep>
          <dep type="amod">
            <governor idx="14">bystander</governor>
            <dependent idx="13">silent</dependent>
          </dep>
          <dep type="acl" extra="true">
            <governor idx="5">decision</governor>
            <dependent idx="14">bystander</dependent>
          </dep>
          <dep type="conj:and">
            <governor idx="7">act</governor>
            <dependent idx="14">bystander</dependent>
          </dep>
          <dep type="case">
            <governor idx="16">work</governor>
            <dependent idx="15">at</dependent>
          </dep>
          <dep type="nmod:at">
            <governor idx="14">bystander</governor>
            <dependent idx="16">work</dependent>
          </dep>
          <dep type="punct">
            <governor idx="3">made</governor>
            <dependent idx="17">.</dependent>
          </dep>
        </dependencies>
      </sentence>
      <sentence id="66">
        <tokens>
          <token id="1">
            <word>I</word>
            <lemma>I</lemma>
            <CharacterOffsetBegin>6728</CharacterOffsetBegin>
            <CharacterOffsetEnd>6729</CharacterOffsetEnd>
            <POS>PRP</POS>
            <NER>O</NER>
            <Speaker>PER0</Speaker>
          </token>
          <token id="2">
            <word>took</word>
            <lemma>take</lemma>
            <CharacterOffsetBegin>6730</CharacterOffsetBegin>
            <CharacterOffsetEnd>6734</CharacterOffsetEnd>
            <POS>VBD</POS>
            <NER>O</NER>
            <Speaker>PER0</Speaker>
          </token>
          <token id="3">
            <word>some</word>
            <lemma>some</lemma>
            <CharacterOffsetBegin>6735</CharacterOffsetBegin>
            <CharacterOffsetEnd>6739</CharacterOffsetEnd>
            <POS>DT</POS>
            <NER>O</NER>
            <Speaker>PER0</Speaker>
          </token>
          <token id="4">
            <word>accountability</word>
            <lemma>accountability</lemma>
            <CharacterOffsetBegin>6740</CharacterOffsetBegin>
            <CharacterOffsetEnd>6754</CharacterOffsetEnd>
            <POS>NN</POS>
            <NER>O</NER>
            <Speaker>PER0</Speaker>
          </token>
          <token id="5">
            <word>and</word>
            <lemma>and</lemma>
            <CharacterOffsetBegin>6755</CharacterOffsetBegin>
            <CharacterOffsetEnd>6758</CharacterOffsetEnd>
            <POS>CC</POS>
            <NER>O</NER>
            <Speaker>PER0</Speaker>
          </token>
          <token id="6">
            <word>approached</word>
            <lemma>approach</lemma>
            <CharacterOffsetBegin>6759</CharacterOffsetBegin>
            <CharacterOffsetEnd>6769</CharacterOffsetEnd>
            <POS>VBD</POS>
            <NER>O</NER>
            <Speaker>PER0</Speaker>
          </token>
          <token id="7">
            <word>the</word>
            <lemma>the</lemma>
            <CharacterOffsetBegin>6770</CharacterOffsetBegin>
            <CharacterOffsetEnd>6773</CharacterOffsetEnd>
            <POS>DT</POS>
            <NER>O</NER>
            <Speaker>PER0</Speaker>
          </token>
          <token id="8">
            <word>Regional</word>
            <lemma>Regional</lemma>
            <CharacterOffsetBegin>6774</CharacterOffsetBegin>
            <CharacterOffsetEnd>6782</CharacterOffsetEnd>
            <POS>NNP</POS>
            <NER>O</NER>
            <Speaker>PER0</Speaker>
          </token>
          <token id="9">
            <word>Managing</word>
            <lemma>manage</lemma>
            <CharacterOffsetBegin>6783</CharacterOffsetBegin>
            <CharacterOffsetEnd>6791</CharacterOffsetEnd>
            <POS>VBG</POS>
            <NER>O</NER>
            <Speaker>PER0</Speaker>
          </token>
          <token id="10">
            <word>Director</word>
            <lemma>director</lemma>
            <CharacterOffsetBegin>6792</CharacterOffsetBegin>
            <CharacterOffsetEnd>6800</CharacterOffsetEnd>
            <POS>NN</POS>
            <NER>O</NER>
            <Speaker>PER0</Speaker>
          </token>
          <token id="11">
            <word>.</word>
            <lemma>.</lemma>
            <CharacterOffsetBegin>6800</CharacterOffsetBegin>
            <CharacterOffsetEnd>6801</CharacterOffsetEnd>
            <POS>.</POS>
            <NER>O</NER>
            <Speaker>PER0</Speaker>
          </token>
        </tokens>
        <parse>(ROOT (S (NP (PRP I)) (VP (VP (VBD took) (NP (DT some) (NN accountability))) (CC and) (VP (VBD approached) (NP (DT the) (NNP Regional) (VBG Managing) (NN Director)))) (. .))) </parse>
        <dependencies type="basic-dependencies">
          <dep type="root">
            <governor idx="0">ROOT</governor>
            <dependent idx="2">took</dependent>
          </dep>
          <dep type="nsubj">
            <governor idx="2">took</governor>
            <dependent idx="1">I</dependent>
          </dep>
          <dep type="det">
            <governor idx="4">accountability</governor>
            <dependent idx="3">some</dependent>
          </dep>
          <dep type="dobj">
            <governor idx="2">took</governor>
            <dependent idx="4">accountability</dependent>
          </dep>
          <dep type="cc">
            <governor idx="2">took</governor>
            <dependent idx="5">and</dependent>
          </dep>
          <dep type="conj">
            <governor idx="2">took</governor>
            <dependent idx="6">approached</dependent>
          </dep>
          <dep type="det">
            <governor idx="10">Director</governor>
            <dependent idx="7">the</dependent>
          </dep>
          <dep type="compound">
            <governor idx="10">Director</governor>
            <dependent idx="8">Regional</dependent>
          </dep>
          <dep type="amod">
            <governor idx="10">Director</governor>
            <dependent idx="9">Managing</dependent>
          </dep>
          <dep type="dobj">
            <governor idx="6">approached</governor>
            <dependent idx="10">Director</dependent>
          </dep>
          <dep type="punct">
            <governor idx="2">took</governor>
            <dependent idx="11">.</dependent>
          </dep>
        </dependencies>
        <dependencies type="collapsed-dependencies">
          <dep type="root">
            <governor idx="0">ROOT</governor>
            <dependent idx="2">took</dependent>
          </dep>
          <dep type="nsubj">
            <governor idx="2">took</governor>
            <dependent idx="1">I</dependent>
          </dep>
          <dep type="det">
            <governor idx="4">accountability</governor>
            <dependent idx="3">some</dependent>
          </dep>
          <dep type="dobj">
            <governor idx="2">took</governor>
            <dependent idx="4">accountability</dependent>
          </dep>
          <dep type="cc">
            <governor idx="2">took</governor>
            <dependent idx="5">and</dependent>
          </dep>
          <dep type="conj:and">
            <governor idx="2">took</governor>
            <dependent idx="6">approached</dependent>
          </dep>
          <dep type="det">
            <governor idx="10">Director</governor>
            <dependent idx="7">the</dependent>
          </dep>
          <dep type="compound">
            <governor idx="10">Director</governor>
            <dependent idx="8">Regional</dependent>
          </dep>
          <dep type="amod">
            <governor idx="10">Director</governor>
            <dependent idx="9">Managing</dependent>
          </dep>
          <dep type="dobj">
            <governor idx="6">approached</governor>
            <dependent idx="10">Director</dependent>
          </dep>
          <dep type="punct">
            <governor idx="2">took</governor>
            <dependent idx="11">.</dependent>
          </dep>
        </dependencies>
        <dependencies type="collapsed-ccprocessed-dependencies">
          <dep type="root">
            <governor idx="0">ROOT</governor>
            <dependent idx="2">took</dependent>
          </dep>
          <dep type="nsubj">
            <governor idx="2">took</governor>
            <dependent idx="1">I</dependent>
          </dep>
          <dep type="nsubj" extra="true">
            <governor idx="6">approached</governor>
            <dependent idx="1">I</dependent>
          </dep>
          <dep type="det">
            <governor idx="4">accountability</governor>
            <dependent idx="3">some</dependent>
          </dep>
          <dep type="dobj">
            <governor idx="2">took</governor>
            <dependent idx="4">accountability</dependent>
          </dep>
          <dep type="cc">
            <governor idx="2">took</governor>
            <dependent idx="5">and</dependent>
          </dep>
          <dep type="conj:and">
            <governor idx="2">took</governor>
            <dependent idx="6">approached</dependent>
          </dep>
          <dep type="det">
            <governor idx="10">Director</governor>
            <dependent idx="7">the</dependent>
          </dep>
          <dep type="compound">
            <governor idx="10">Director</governor>
            <dependent idx="8">Regional</dependent>
          </dep>
          <dep type="amod">
            <governor idx="10">Director</governor>
            <dependent idx="9">Managing</dependent>
          </dep>
          <dep type="dobj">
            <governor idx="6">approached</governor>
            <dependent idx="10">Director</dependent>
          </dep>
          <dep type="punct">
            <governor idx="2">took</governor>
            <dependent idx="11">.</dependent>
          </dep>
        </dependencies>
      </sentence>
      <sentence id="67">
        <tokens>
          <token id="1">
            <word>I</word>
            <lemma>I</lemma>
            <CharacterOffsetBegin>6802</CharacterOffsetBegin>
            <CharacterOffsetEnd>6803</CharacterOffsetEnd>
            <POS>PRP</POS>
            <NER>O</NER>
            <Speaker>PER0</Speaker>
          </token>
          <token id="2">
            <word>provided</word>
            <lemma>provide</lemma>
            <CharacterOffsetBegin>6804</CharacterOffsetBegin>
            <CharacterOffsetEnd>6812</CharacterOffsetEnd>
            <POS>VBD</POS>
            <NER>O</NER>
            <Speaker>PER0</Speaker>
          </token>
          <token id="3">
            <word>a</word>
            <lemma>a</lemma>
            <CharacterOffsetBegin>6813</CharacterOffsetBegin>
            <CharacterOffsetEnd>6814</CharacterOffsetEnd>
            <POS>DT</POS>
            <NER>O</NER>
            <Speaker>PER0</Speaker>
          </token>
          <token id="4">
            <word>summary</word>
            <lemma>summary</lemma>
            <CharacterOffsetBegin>6815</CharacterOffsetBegin>
            <CharacterOffsetEnd>6822</CharacterOffsetEnd>
            <POS>NN</POS>
            <NER>O</NER>
            <Speaker>PER0</Speaker>
          </token>
          <token id="5">
            <word>of</word>
            <lemma>of</lemma>
            <CharacterOffsetBegin>6823</CharacterOffsetBegin>
            <CharacterOffsetEnd>6825</CharacterOffsetEnd>
            <POS>IN</POS>
            <NER>O</NER>
            <Speaker>PER0</Speaker>
          </token>
          <token id="6">
            <word>events</word>
            <lemma>event</lemma>
            <CharacterOffsetBegin>6826</CharacterOffsetBegin>
            <CharacterOffsetEnd>6832</CharacterOffsetEnd>
            <POS>NNS</POS>
            <NER>O</NER>
            <Speaker>PER0</Speaker>
          </token>
          <token id="7">
            <word>to</word>
            <lemma>to</lemma>
            <CharacterOffsetBegin>6833</CharacterOffsetBegin>
            <CharacterOffsetEnd>6835</CharacterOffsetEnd>
            <POS>TO</POS>
            <NER>O</NER>
            <Speaker>PER0</Speaker>
          </token>
          <token id="8">
            <word>him</word>
            <lemma>he</lemma>
            <CharacterOffsetBegin>6836</CharacterOffsetBegin>
            <CharacterOffsetEnd>6839</CharacterOffsetEnd>
            <POS>PRP</POS>
            <NER>O</NER>
            <Speaker>PER0</Speaker>
          </token>
          <token id="9">
            <word>which</word>
            <lemma>which</lemma>
            <CharacterOffsetBegin>6840</CharacterOffsetBegin>
            <CharacterOffsetEnd>6845</CharacterOffsetEnd>
            <POS>WDT</POS>
            <NER>O</NER>
            <Speaker>PER0</Speaker>
          </token>
          <token id="10">
            <word>contained</word>
            <lemma>contain</lemma>
            <CharacterOffsetBegin>6846</CharacterOffsetBegin>
            <CharacterOffsetEnd>6855</CharacterOffsetEnd>
            <POS>VBD</POS>
            <NER>O</NER>
            <Speaker>PER0</Speaker>
          </token>
          <token id="11">
            <word>examples</word>
            <lemma>example</lemma>
            <CharacterOffsetBegin>6856</CharacterOffsetBegin>
            <CharacterOffsetEnd>6864</CharacterOffsetEnd>
            <POS>NNS</POS>
            <NER>O</NER>
            <Speaker>PER0</Speaker>
          </token>
          <token id="12">
            <word>of</word>
            <lemma>of</lemma>
            <CharacterOffsetBegin>6865</CharacterOffsetBegin>
            <CharacterOffsetEnd>6867</CharacterOffsetEnd>
            <POS>IN</POS>
            <NER>O</NER>
            <Speaker>PER0</Speaker>
          </token>
          <token id="13">
            <word>when</word>
            <lemma>when</lemma>
            <CharacterOffsetBegin>6868</CharacterOffsetBegin>
            <CharacterOffsetEnd>6872</CharacterOffsetEnd>
            <POS>WRB</POS>
            <NER>O</NER>
            <Speaker>PER0</Speaker>
          </token>
          <token id="14">
            <word>Joe</word>
            <lemma>Joe</lemma>
            <CharacterOffsetBegin>6873</CharacterOffsetBegin>
            <CharacterOffsetEnd>6876</CharacterOffsetEnd>
            <POS>NNP</POS>
            <NER>PERSON</NER>
            <Speaker>PER0</Speaker>
          </token>
          <token id="15">
            <word>Bloggs</word>
            <lemma>Bloggs</lemma>
            <CharacterOffsetBegin>6877</CharacterOffsetBegin>
            <CharacterOffsetEnd>6883</CharacterOffsetEnd>
            <POS>NNP</POS>
            <NER>PERSON</NER>
            <Speaker>PER0</Speaker>
          </token>
          <token id="16">
            <word>was</word>
            <lemma>be</lemma>
            <CharacterOffsetBegin>6884</CharacterOffsetBegin>
            <CharacterOffsetEnd>6887</CharacterOffsetEnd>
            <POS>VBD</POS>
            <NER>O</NER>
            <Speaker>PER0</Speaker>
          </token>
          <token id="17">
            <word>acting</word>
            <lemma>act</lemma>
            <CharacterOffsetBegin>6888</CharacterOffsetBegin>
            <CharacterOffsetEnd>6894</CharacterOffsetEnd>
            <POS>VBG</POS>
            <NER>O</NER>
            <Speaker>PER0</Speaker>
          </token>
          <token id="18">
            <word>in</word>
            <lemma>in</lemma>
            <CharacterOffsetBegin>6895</CharacterOffsetBegin>
            <CharacterOffsetEnd>6897</CharacterOffsetEnd>
            <POS>IN</POS>
            <NER>O</NER>
            <Speaker>PER0</Speaker>
          </token>
          <token id="19">
            <word>an</word>
            <lemma>a</lemma>
            <CharacterOffsetBegin>6898</CharacterOffsetBegin>
            <CharacterOffsetEnd>6900</CharacterOffsetEnd>
            <POS>DT</POS>
            <NER>O</NER>
            <Speaker>PER0</Speaker>
          </token>
          <token id="20">
            <word>untoward</word>
            <lemma>untoward</lemma>
            <CharacterOffsetBegin>6901</CharacterOffsetBegin>
            <CharacterOffsetEnd>6909</CharacterOffsetEnd>
            <POS>JJ</POS>
            <NER>O</NER>
            <Speaker>PER0</Speaker>
          </token>
          <token id="21">
            <word>way</word>
            <lemma>way</lemma>
            <CharacterOffsetBegin>6910</CharacterOffsetBegin>
            <CharacterOffsetEnd>6913</CharacterOffsetEnd>
            <POS>NN</POS>
            <NER>O</NER>
            <Speaker>PER0</Speaker>
          </token>
          <token id="22">
            <word>to</word>
            <lemma>to</lemma>
            <CharacterOffsetBegin>6914</CharacterOffsetBegin>
            <CharacterOffsetEnd>6916</CharacterOffsetEnd>
            <POS>TO</POS>
            <NER>O</NER>
            <Speaker>PER0</Speaker>
          </token>
          <token id="23">
            <word>employees</word>
            <lemma>employee</lemma>
            <CharacterOffsetBegin>6917</CharacterOffsetBegin>
            <CharacterOffsetEnd>6926</CharacterOffsetEnd>
            <POS>NNS</POS>
            <NER>O</NER>
            <Speaker>PER0</Speaker>
          </token>
          <token id="24">
            <word>and</word>
            <lemma>and</lemma>
            <CharacterOffsetBegin>6927</CharacterOffsetBegin>
            <CharacterOffsetEnd>6930</CharacterOffsetEnd>
            <POS>CC</POS>
            <NER>O</NER>
            <Speaker>PER0</Speaker>
          </token>
          <token id="25">
            <word>how</word>
            <lemma>how</lemma>
            <CharacterOffsetBegin>6931</CharacterOffsetBegin>
            <CharacterOffsetEnd>6934</CharacterOffsetEnd>
            <POS>WRB</POS>
            <NER>O</NER>
            <Speaker>PER0</Speaker>
          </token>
          <token id="26">
            <word>it</word>
            <lemma>it</lemma>
            <CharacterOffsetBegin>6935</CharacterOffsetBegin>
            <CharacterOffsetEnd>6937</CharacterOffsetEnd>
            <POS>PRP</POS>
            <NER>O</NER>
            <Speaker>PER0</Speaker>
          </token>
          <token id="27">
            <word>was</word>
            <lemma>be</lemma>
            <CharacterOffsetBegin>6938</CharacterOffsetBegin>
            <CharacterOffsetEnd>6941</CharacterOffsetEnd>
            <POS>VBD</POS>
            <NER>O</NER>
            <Speaker>PER0</Speaker>
          </token>
          <token id="28">
            <word>affecting</word>
            <lemma>affect</lemma>
            <CharacterOffsetBegin>6942</CharacterOffsetBegin>
            <CharacterOffsetEnd>6951</CharacterOffsetEnd>
            <POS>VBG</POS>
            <NER>O</NER>
            <Speaker>PER0</Speaker>
          </token>
          <token id="29">
            <word>employee</word>
            <lemma>employee</lemma>
            <CharacterOffsetBegin>6952</CharacterOffsetBegin>
            <CharacterOffsetEnd>6960</CharacterOffsetEnd>
            <POS>NN</POS>
            <NER>O</NER>
            <Speaker>PER0</Speaker>
          </token>
          <token id="30">
            <word>morale</word>
            <lemma>morale</lemma>
            <CharacterOffsetBegin>6961</CharacterOffsetBegin>
            <CharacterOffsetEnd>6967</CharacterOffsetEnd>
            <POS>NN</POS>
            <NER>O</NER>
            <Speaker>PER0</Speaker>
          </token>
          <token id="31">
            <word>,</word>
            <lemma>,</lemma>
            <CharacterOffsetBegin>6967</CharacterOffsetBegin>
            <CharacterOffsetEnd>6968</CharacterOffsetEnd>
            <POS>,</POS>
            <NER>O</NER>
            <Speaker>PER0</Speaker>
          </token>
          <token id="32">
            <word>team</word>
            <lemma>team</lemma>
            <CharacterOffsetBegin>6969</CharacterOffsetBegin>
            <CharacterOffsetEnd>6973</CharacterOffsetEnd>
            <POS>NN</POS>
            <NER>O</NER>
            <Speaker>PER0</Speaker>
          </token>
          <token id="33">
            <word>work</word>
            <lemma>work</lemma>
            <CharacterOffsetBegin>6974</CharacterOffsetBegin>
            <CharacterOffsetEnd>6978</CharacterOffsetEnd>
            <POS>NN</POS>
            <NER>O</NER>
            <Speaker>PER0</Speaker>
          </token>
          <token id="34">
            <word>and</word>
            <lemma>and</lemma>
            <CharacterOffsetBegin>6979</CharacterOffsetBegin>
            <CharacterOffsetEnd>6982</CharacterOffsetEnd>
            <POS>CC</POS>
            <NER>O</NER>
            <Speaker>PER0</Speaker>
          </token>
          <token id="35">
            <word>as</word>
            <lemma>as</lemma>
            <CharacterOffsetBegin>6983</CharacterOffsetBegin>
            <CharacterOffsetEnd>6985</CharacterOffsetEnd>
            <POS>IN</POS>
            <NER>O</NER>
            <Speaker>PER0</Speaker>
          </token>
          <token id="36">
            <word>a</word>
            <lemma>a</lemma>
            <CharacterOffsetBegin>6986</CharacterOffsetBegin>
            <CharacterOffsetEnd>6987</CharacterOffsetEnd>
            <POS>DT</POS>
            <NER>O</NER>
            <Speaker>PER0</Speaker>
          </token>
          <token id="37">
            <word>result</word>
            <lemma>result</lemma>
            <CharacterOffsetBegin>6988</CharacterOffsetBegin>
            <CharacterOffsetEnd>6994</CharacterOffsetEnd>
            <POS>NN</POS>
            <NER>O</NER>
            <Speaker>PER0</Speaker>
          </token>
          <token id="38">
            <word>hurting</word>
            <lemma>hurt</lemma>
            <CharacterOffsetBegin>6995</CharacterOffsetBegin>
            <CharacterOffsetEnd>7002</CharacterOffsetEnd>
            <POS>VBG</POS>
            <NER>O</NER>
            <Speaker>PER0</Speaker>
          </token>
          <token id="39">
            <word>our</word>
            <lemma>we</lemma>
            <CharacterOffsetBegin>7003</CharacterOffsetBegin>
            <CharacterOffsetEnd>7006</CharacterOffsetEnd>
            <POS>PRP$</POS>
            <NER>O</NER>
            <Speaker>PER0</Speaker>
          </token>
          <token id="40">
            <word>customers</word>
            <lemma>customer</lemma>
            <CharacterOffsetBegin>7007</CharacterOffsetBegin>
            <CharacterOffsetEnd>7016</CharacterOffsetEnd>
            <POS>NNS</POS>
            <NER>O</NER>
            <Speaker>PER0</Speaker>
          </token>
          <token id="41">
            <word>and</word>
            <lemma>and</lemma>
            <CharacterOffsetBegin>7017</CharacterOffsetBegin>
            <CharacterOffsetEnd>7020</CharacterOffsetEnd>
            <POS>CC</POS>
            <NER>O</NER>
            <Speaker>PER0</Speaker>
          </token>
          <token id="42">
            <word>brand</word>
            <lemma>brand</lemma>
            <CharacterOffsetBegin>7021</CharacterOffsetBegin>
            <CharacterOffsetEnd>7026</CharacterOffsetEnd>
            <POS>NN</POS>
            <NER>O</NER>
            <Speaker>PER0</Speaker>
          </token>
          <token id="43">
            <word>.</word>
            <lemma>.</lemma>
            <CharacterOffsetBegin>7026</CharacterOffsetBegin>
            <CharacterOffsetEnd>7027</CharacterOffsetEnd>
            <POS>.</POS>
            <NER>O</NER>
            <Speaker>PER0</Speaker>
          </token>
        </tokens>
        <parse>(ROOT (S (NP (PRP I)) (VP (VBD provided) (NP (NP (DT a) (NN summary)) (PP (IN of) (NP (NNS events)))) (PP (PP (TO to) (NP (NP (PRP him)) (SBAR (WHNP (WDT which)) (S (VP (VBD contained) (NP (NP (NNS examples)) (PP (IN of) (SBAR (SBAR (WHADVP (WRB when)) (S (NP (NNP Joe) (NNP Bloggs)) (VP (VBD was) (VP (VBG acting) (PP (IN in) (NP (DT an) (JJ untoward) (NN way))) (PP (TO to) (NP (NNS employees))))))) (CC and) (SBAR (WHADVP (WRB how)) (S (NP (PRP it)) (VP (VBD was) (VP (VBG affecting) (NP (NP (NN employee) (NN morale)) (, ,) (NP (NN team) (NN work))))))))))))))) (CC and) (PP (IN as) (NP (NP (DT a) (NN result)) (VP (VBG hurting) (NP (PRP$ our) (NNS customers) (CC and) (NN brand))))))) (. .))) </parse>
        <dependencies type="basic-dependencies">
          <dep type="root">
            <governor idx="0">ROOT</governor>
            <dependent idx="2">provided</dependent>
          </dep>
          <dep type="nsubj">
            <governor idx="2">provided</governor>
            <dependent idx="1">I</dependent>
          </dep>
          <dep type="det">
            <governor idx="4">summary</governor>
            <dependent idx="3">a</dependent>
          </dep>
          <dep type="dobj">
            <governor idx="2">provided</governor>
            <dependent idx="4">summary</dependent>
          </dep>
          <dep type="case">
            <governor idx="6">events</governor>
            <dependent idx="5">of</dependent>
          </dep>
          <dep type="nmod">
            <governor idx="4">summary</governor>
            <dependent idx="6">events</dependent>
          </dep>
          <dep type="case">
            <governor idx="8">him</governor>
            <dependent idx="7">to</dependent>
          </dep>
          <dep type="nmod">
            <governor idx="2">provided</governor>
            <dependent idx="8">him</dependent>
          </dep>
          <dep type="nsubj">
            <governor idx="10">contained</governor>
            <dependent idx="9">which</dependent>
          </dep>
          <dep type="acl:relcl">
            <governor idx="8">him</governor>
            <dependent idx="10">contained</dependent>
          </dep>
          <dep type="dobj">
            <governor idx="10">contained</governor>
            <dependent idx="11">examples</dependent>
          </dep>
          <dep type="mark">
            <governor idx="17">acting</governor>
            <dependent idx="12">of</dependent>
          </dep>
          <dep type="advmod">
            <governor idx="17">acting</governor>
            <dependent idx="13">when</dependent>
          </dep>
          <dep type="compound">
            <governor idx="15">Bloggs</governor>
            <dependent idx="14">Joe</dependent>
          </dep>
          <dep type="nsubj">
            <governor idx="17">acting</governor>
            <dependent idx="15">Bloggs</dependent>
          </dep>
          <dep type="aux">
            <governor idx="17">acting</governor>
            <dependent idx="16">was</dependent>
          </dep>
          <dep type="acl">
            <governor idx="11">examples</governor>
            <dependent idx="17">acting</dependent>
          </dep>
          <dep type="case">
            <governor idx="21">way</governor>
            <dependent idx="18">in</dependent>
          </dep>
          <dep type="det">
            <governor idx="21">way</governor>
            <dependent idx="19">an</dependent>
          </dep>
          <dep type="amod">
            <governor idx="21">way</governor>
            <dependent idx="20">untoward</dependent>
          </dep>
          <dep type="nmod">
            <governor idx="17">acting</governor>
            <dependent idx="21">way</dependent>
          </dep>
          <dep type="case">
            <governor idx="23">employees</governor>
            <dependent idx="22">to</dependent>
          </dep>
          <dep type="nmod">
            <governor idx="17">acting</governor>
            <dependent idx="23">employees</dependent>
          </dep>
          <dep type="cc">
            <governor idx="17">acting</governor>
            <dependent idx="24">and</dependent>
          </dep>
          <dep type="advmod">
            <governor idx="28">affecting</governor>
            <dependent idx="25">how</dependent>
          </dep>
          <dep type="nsubj">
            <governor idx="28">affecting</governor>
            <dependent idx="26">it</dependent>
          </dep>
          <dep type="aux">
            <governor idx="28">affecting</governor>
            <dependent idx="27">was</dependent>
          </dep>
          <dep type="conj">
            <governor idx="17">acting</governor>
            <dependent idx="28">affecting</dependent>
          </dep>
          <dep type="compound">
            <governor idx="30">morale</governor>
            <dependent idx="29">employee</dependent>
          </dep>
          <dep type="dobj">
            <governor idx="28">affecting</governor>
            <dependent idx="30">morale</dependent>
          </dep>
          <dep type="punct">
            <governor idx="30">morale</governor>
            <dependent idx="31">,</dependent>
          </dep>
          <dep type="compound">
            <governor idx="33">work</governor>
            <dependent idx="32">team</dependent>
          </dep>
          <dep type="appos">
            <governor idx="30">morale</governor>
            <dependent idx="33">work</dependent>
          </dep>
          <dep type="cc">
            <governor idx="8">him</governor>
            <dependent idx="34">and</dependent>
          </dep>
          <dep type="case">
            <governor idx="37">result</governor>
            <dependent idx="35">as</dependent>
          </dep>
          <dep type="det">
            <governor idx="37">result</governor>
            <dependent idx="36">a</dependent>
          </dep>
          <dep type="conj">
            <governor idx="8">him</governor>
            <dependent idx="37">result</dependent>
          </dep>
          <dep type="acl">
            <governor idx="37">result</governor>
            <dependent idx="38">hurting</dependent>
          </dep>
          <dep type="nmod:poss">
            <governor idx="40">customers</governor>
            <dependent idx="39">our</dependent>
          </dep>
          <dep type="dobj">
            <governor idx="38">hurting</governor>
            <dependent idx="40">customers</dependent>
          </dep>
          <dep type="cc">
            <governor idx="40">customers</governor>
            <dependent idx="41">and</dependent>
          </dep>
          <dep type="conj">
            <governor idx="40">customers</governor>
            <dependent idx="42">brand</dependent>
          </dep>
          <dep type="punct">
            <governor idx="2">provided</governor>
            <dependent idx="43">.</dependent>
          </dep>
        </dependencies>
        <dependencies type="collapsed-dependencies">
          <dep type="root">
            <governor idx="0">ROOT</governor>
            <dependent idx="2">provided</dependent>
          </dep>
          <dep type="nsubj">
            <governor idx="2">provided</governor>
            <dependent idx="1">I</dependent>
          </dep>
          <dep type="conj:and">
            <governor idx="2">provided</governor>
            <dependent idx="2" copy="1">provided</dependent>
          </dep>
          <dep type="det">
            <governor idx="4">summary</governor>
            <dependent idx="3">a</dependent>
          </dep>
          <dep type="dobj">
            <governor idx="2">provided</governor>
            <dependent idx="4">summary</dependent>
          </dep>
          <dep type="case">
            <governor idx="6">events</governor>
            <dependent idx="5">of</dependent>
          </dep>
          <dep type="nmod:of">
            <governor idx="4">summary</governor>
            <dependent idx="6">events</dependent>
          </dep>
          <dep type="case">
            <governor idx="8">him</governor>
            <dependent idx="7">to</dependent>
          </dep>
          <dep type="nmod:to">
            <governor idx="2">provided</governor>
            <dependent idx="8">him</dependent>
          </dep>
          <dep type="nsubj">
            <governor idx="10">contained</governor>
            <dependent idx="9">which</dependent>
          </dep>
          <dep type="acl:relcl">
            <governor idx="8">him</governor>
            <dependent idx="10">contained</dependent>
          </dep>
          <dep type="dobj">
            <governor idx="10">contained</governor>
            <dependent idx="11">examples</dependent>
          </dep>
          <dep type="mark">
            <governor idx="17">acting</governor>
            <dependent idx="12">of</dependent>
          </dep>
          <dep type="advmod">
            <governor idx="17">acting</governor>
            <dependent idx="13">when</dependent>
          </dep>
          <dep type="compound">
            <governor idx="15">Bloggs</governor>
            <dependent idx="14">Joe</dependent>
          </dep>
          <dep type="nsubj">
            <governor idx="17">acting</governor>
            <dependent idx="15">Bloggs</dependent>
          </dep>
          <dep type="aux">
            <governor idx="17">acting</governor>
            <dependent idx="16">was</dependent>
          </dep>
          <dep type="acl">
            <governor idx="11">examples</governor>
            <dependent idx="17">acting</dependent>
          </dep>
          <dep type="case">
            <governor idx="21">way</governor>
            <dependent idx="18">in</dependent>
          </dep>
          <dep type="det">
            <governor idx="21">way</governor>
            <dependent idx="19">an</dependent>
          </dep>
          <dep type="amod">
            <governor idx="21">way</governor>
            <dependent idx="20">untoward</dependent>
          </dep>
          <dep type="nmod:in">
            <governor idx="17">acting</governor>
            <dependent idx="21">way</dependent>
          </dep>
          <dep type="case">
            <governor idx="23">employees</governor>
            <dependent idx="22">to</dependent>
          </dep>
          <dep type="nmod:to">
            <governor idx="17">acting</governor>
            <dependent idx="23">employees</dependent>
          </dep>
          <dep type="cc">
            <governor idx="17">acting</governor>
            <dependent idx="24">and</dependent>
          </dep>
          <dep type="advmod">
            <governor idx="28">affecting</governor>
            <dependent idx="25">how</dependent>
          </dep>
          <dep type="nsubj">
            <governor idx="28">affecting</governor>
            <dependent idx="26">it</dependent>
          </dep>
          <dep type="aux">
            <governor idx="28">affecting</governor>
            <dependent idx="27">was</dependent>
          </dep>
          <dep type="conj:and">
            <governor idx="17">acting</governor>
            <dependent idx="28">affecting</dependent>
          </dep>
          <dep type="compound">
            <governor idx="30">morale</governor>
            <dependent idx="29">employee</dependent>
          </dep>
          <dep type="dobj">
            <governor idx="28">affecting</governor>
            <dependent idx="30">morale</dependent>
          </dep>
          <dep type="punct">
            <governor idx="30">morale</governor>
            <dependent idx="31">,</dependent>
          </dep>
          <dep type="compound">
            <governor idx="33">work</governor>
            <dependent idx="32">team</dependent>
          </dep>
          <dep type="appos">
            <governor idx="30">morale</governor>
            <dependent idx="33">work</dependent>
          </dep>
          <dep type="cc">
            <governor idx="2">provided</governor>
            <dependent idx="34">and</dependent>
          </dep>
          <dep type="case">
            <governor idx="37">result</governor>
            <dependent idx="35">as</dependent>
          </dep>
          <dep type="det">
            <governor idx="37">result</governor>
            <dependent idx="36">a</dependent>
          </dep>
          <dep type="nmod:as">
            <governor idx="2" copy="1">provided</governor>
            <dependent idx="37">result</dependent>
          </dep>
          <dep type="acl">
            <governor idx="37">result</governor>
            <dependent idx="38">hurting</dependent>
          </dep>
          <dep type="nmod:poss">
            <governor idx="40">customers</governor>
            <dependent idx="39">our</dependent>
          </dep>
          <dep type="dobj">
            <governor idx="38">hurting</governor>
            <dependent idx="40">customers</dependent>
          </dep>
          <dep type="cc">
            <governor idx="40">customers</governor>
            <dependent idx="41">and</dependent>
          </dep>
          <dep type="conj:and">
            <governor idx="40">customers</governor>
            <dependent idx="42">brand</dependent>
          </dep>
          <dep type="punct">
            <governor idx="2">provided</governor>
            <dependent idx="43">.</dependent>
          </dep>
        </dependencies>
        <dependencies type="collapsed-ccprocessed-dependencies">
          <dep type="root">
            <governor idx="0">ROOT</governor>
            <dependent idx="2">provided</dependent>
          </dep>
          <dep type="nsubj">
            <governor idx="2">provided</governor>
            <dependent idx="1">I</dependent>
          </dep>
          <dep type="nsubj" extra="true">
            <governor idx="2" copy="1">provided</governor>
            <dependent idx="1">I</dependent>
          </dep>
          <dep type="conj:and">
            <governor idx="2">provided</governor>
            <dependent idx="2" copy="1">provided</dependent>
          </dep>
          <dep type="det">
            <governor idx="4">summary</governor>
            <dependent idx="3">a</dependent>
          </dep>
          <dep type="dobj">
            <governor idx="2">provided</governor>
            <dependent idx="4">summary</dependent>
          </dep>
          <dep type="case">
            <governor idx="6">events</governor>
            <dependent idx="5">of</dependent>
          </dep>
          <dep type="nmod:of">
            <governor idx="4">summary</governor>
            <dependent idx="6">events</dependent>
          </dep>
          <dep type="case">
            <governor idx="8">him</governor>
            <dependent idx="7">to</dependent>
          </dep>
          <dep type="nmod:to">
            <governor idx="2">provided</governor>
            <dependent idx="8">him</dependent>
          </dep>
          <dep type="nsubj">
            <governor idx="10">contained</governor>
            <dependent idx="9">which</dependent>
          </dep>
          <dep type="acl:relcl">
            <governor idx="8">him</governor>
            <dependent idx="10">contained</dependent>
          </dep>
          <dep type="dobj">
            <governor idx="10">contained</governor>
            <dependent idx="11">examples</dependent>
          </dep>
          <dep type="mark">
            <governor idx="17">acting</governor>
            <dependent idx="12">of</dependent>
          </dep>
          <dep type="advmod">
            <governor idx="17">acting</governor>
            <dependent idx="13">when</dependent>
          </dep>
          <dep type="compound">
            <governor idx="15">Bloggs</governor>
            <dependent idx="14">Joe</dependent>
          </dep>
          <dep type="nsubj">
            <governor idx="17">acting</governor>
            <dependent idx="15">Bloggs</dependent>
          </dep>
          <dep type="aux">
            <governor idx="17">acting</governor>
            <dependent idx="16">was</dependent>
          </dep>
          <dep type="acl">
            <governor idx="11">examples</governor>
            <dependent idx="17">acting</dependent>
          </dep>
          <dep type="case">
            <governor idx="21">way</governor>
            <dependent idx="18">in</dependent>
          </dep>
          <dep type="det">
            <governor idx="21">way</governor>
            <dependent idx="19">an</dependent>
          </dep>
          <dep type="amod">
            <governor idx="21">way</governor>
            <dependent idx="20">untoward</dependent>
          </dep>
          <dep type="nmod:in">
            <governor idx="17">acting</governor>
            <dependent idx="21">way</dependent>
          </dep>
          <dep type="case">
            <governor idx="23">employees</governor>
            <dependent idx="22">to</dependent>
          </dep>
          <dep type="nmod:to">
            <governor idx="17">acting</governor>
            <dependent idx="23">employees</dependent>
          </dep>
          <dep type="cc">
            <governor idx="17">acting</governor>
            <dependent idx="24">and</dependent>
          </dep>
          <dep type="advmod">
            <governor idx="28">affecting</governor>
            <dependent idx="25">how</dependent>
          </dep>
          <dep type="nsubj">
            <governor idx="28">affecting</governor>
            <dependent idx="26">it</dependent>
          </dep>
          <dep type="aux">
            <governor idx="28">affecting</governor>
            <dependent idx="27">was</dependent>
          </dep>
          <dep type="acl" extra="true">
            <governor idx="11">examples</governor>
            <dependent idx="28">affecting</dependent>
          </dep>
          <dep type="conj:and">
            <governor idx="17">acting</governor>
            <dependent idx="28">affecting</dependent>
          </dep>
          <dep type="compound">
            <governor idx="30">morale</governor>
            <dependent idx="29">employee</dependent>
          </dep>
          <dep type="dobj">
            <governor idx="28">affecting</governor>
            <dependent idx="30">morale</dependent>
          </dep>
          <dep type="punct">
            <governor idx="30">morale</governor>
            <dependent idx="31">,</dependent>
          </dep>
          <dep type="compound">
            <governor idx="33">work</governor>
            <dependent idx="32">team</dependent>
          </dep>
          <dep type="appos">
            <governor idx="30">morale</governor>
            <dependent idx="33">work</dependent>
          </dep>
          <dep type="cc">
            <governor idx="2">provided</governor>
            <dependent idx="34">and</dependent>
          </dep>
          <dep type="case">
            <governor idx="37">result</governor>
            <dependent idx="35">as</dependent>
          </dep>
          <dep type="det">
            <governor idx="37">result</governor>
            <dependent idx="36">a</dependent>
          </dep>
          <dep type="nmod:as">
            <governor idx="2" copy="1">provided</governor>
            <dependent idx="37">result</dependent>
          </dep>
          <dep type="acl">
            <governor idx="37">result</governor>
            <dependent idx="38">hurting</dependent>
          </dep>
          <dep type="nmod:poss">
            <governor idx="40">customers</governor>
            <dependent idx="39">our</dependent>
          </dep>
          <dep type="dobj">
            <governor idx="38">hurting</governor>
            <dependent idx="40">customers</dependent>
          </dep>
          <dep type="cc">
            <governor idx="40">customers</governor>
            <dependent idx="41">and</dependent>
          </dep>
          <dep type="dobj" extra="true">
            <governor idx="38">hurting</governor>
            <dependent idx="42">brand</dependent>
          </dep>
          <dep type="conj:and">
            <governor idx="40">customers</governor>
            <dependent idx="42">brand</dependent>
          </dep>
          <dep type="punct">
            <governor idx="2">provided</governor>
            <dependent idx="43">.</dependent>
          </dep>
        </dependencies>
      </sentence>
      <sentence id="68">
        <tokens>
          <token id="1">
            <word>The</word>
            <lemma>the</lemma>
            <CharacterOffsetBegin>7028</CharacterOffsetBegin>
            <CharacterOffsetEnd>7031</CharacterOffsetEnd>
            <POS>DT</POS>
            <NER>O</NER>
            <Speaker>PER0</Speaker>
          </token>
          <token id="2">
            <word>Regional</word>
            <lemma>Regional</lemma>
            <CharacterOffsetBegin>7032</CharacterOffsetBegin>
            <CharacterOffsetEnd>7040</CharacterOffsetEnd>
            <POS>NNP</POS>
            <NER>O</NER>
            <Speaker>PER0</Speaker>
          </token>
          <token id="3">
            <word>Managing</word>
            <lemma>manage</lemma>
            <CharacterOffsetBegin>7041</CharacterOffsetBegin>
            <CharacterOffsetEnd>7049</CharacterOffsetEnd>
            <POS>VBG</POS>
            <NER>O</NER>
            <Speaker>PER0</Speaker>
          </token>
          <token id="4">
            <word>Director</word>
            <lemma>Director</lemma>
            <CharacterOffsetBegin>7050</CharacterOffsetBegin>
            <CharacterOffsetEnd>7058</CharacterOffsetEnd>
            <POS>NNP</POS>
            <NER>O</NER>
            <Speaker>PER0</Speaker>
          </token>
          <token id="5">
            <word>facilitated</word>
            <lemma>facilitate</lemma>
            <CharacterOffsetBegin>7059</CharacterOffsetBegin>
            <CharacterOffsetEnd>7070</CharacterOffsetEnd>
            <POS>VBD</POS>
            <NER>O</NER>
            <Speaker>PER0</Speaker>
          </token>
          <token id="6">
            <word>a</word>
            <lemma>a</lemma>
            <CharacterOffsetBegin>7071</CharacterOffsetBegin>
            <CharacterOffsetEnd>7072</CharacterOffsetEnd>
            <POS>DT</POS>
            <NER>O</NER>
            <Speaker>PER0</Speaker>
          </token>
          <token id="7">
            <word>phone</word>
            <lemma>phone</lemma>
            <CharacterOffsetBegin>7073</CharacterOffsetBegin>
            <CharacterOffsetEnd>7078</CharacterOffsetEnd>
            <POS>NN</POS>
            <NER>O</NER>
            <Speaker>PER0</Speaker>
          </token>
          <token id="8">
            <word>call</word>
            <lemma>call</lemma>
            <CharacterOffsetBegin>7079</CharacterOffsetBegin>
            <CharacterOffsetEnd>7083</CharacterOffsetEnd>
            <POS>NN</POS>
            <NER>O</NER>
            <Speaker>PER0</Speaker>
          </token>
          <token id="9">
            <word>immediately</word>
            <lemma>immediately</lemma>
            <CharacterOffsetBegin>7084</CharacterOffsetBegin>
            <CharacterOffsetEnd>7095</CharacterOffsetEnd>
            <POS>RB</POS>
            <NER>O</NER>
            <Speaker>PER0</Speaker>
          </token>
          <token id="10">
            <word>and</word>
            <lemma>and</lemma>
            <CharacterOffsetBegin>7096</CharacterOffsetBegin>
            <CharacterOffsetEnd>7099</CharacterOffsetEnd>
            <POS>CC</POS>
            <NER>O</NER>
            <Speaker>PER0</Speaker>
          </token>
          <token id="11">
            <word>had</word>
            <lemma>have</lemma>
            <CharacterOffsetBegin>7100</CharacterOffsetBegin>
            <CharacterOffsetEnd>7103</CharacterOffsetEnd>
            <POS>VBD</POS>
            <NER>O</NER>
            <Speaker>PER0</Speaker>
          </token>
          <token id="12">
            <word>me</word>
            <lemma>I</lemma>
            <CharacterOffsetBegin>7104</CharacterOffsetBegin>
            <CharacterOffsetEnd>7106</CharacterOffsetEnd>
            <POS>PRP</POS>
            <NER>O</NER>
            <Speaker>PER0</Speaker>
          </token>
          <token id="13">
            <word>participate</word>
            <lemma>participate</lemma>
            <CharacterOffsetBegin>7107</CharacterOffsetBegin>
            <CharacterOffsetEnd>7118</CharacterOffsetEnd>
            <POS>VB</POS>
            <NER>O</NER>
            <Speaker>PER0</Speaker>
          </token>
          <token id="14">
            <word>in</word>
            <lemma>in</lemma>
            <CharacterOffsetBegin>7119</CharacterOffsetBegin>
            <CharacterOffsetEnd>7121</CharacterOffsetEnd>
            <POS>IN</POS>
            <NER>O</NER>
            <Speaker>PER0</Speaker>
          </token>
          <token id="15">
            <word>the</word>
            <lemma>the</lemma>
            <CharacterOffsetBegin>7122</CharacterOffsetBegin>
            <CharacterOffsetEnd>7125</CharacterOffsetEnd>
            <POS>DT</POS>
            <NER>O</NER>
            <Speaker>PER0</Speaker>
          </token>
          <token id="16">
            <word>discussion</word>
            <lemma>discussion</lemma>
            <CharacterOffsetBegin>7126</CharacterOffsetBegin>
            <CharacterOffsetEnd>7136</CharacterOffsetEnd>
            <POS>NN</POS>
            <NER>O</NER>
            <Speaker>PER0</Speaker>
          </token>
          <token id="17">
            <word>whereby</word>
            <lemma>whereby</lemma>
            <CharacterOffsetBegin>7137</CharacterOffsetBegin>
            <CharacterOffsetEnd>7144</CharacterOffsetEnd>
            <POS>WRB</POS>
            <NER>O</NER>
            <Speaker>PER0</Speaker>
          </token>
          <token id="18">
            <word>Joe</word>
            <lemma>Joe</lemma>
            <CharacterOffsetBegin>7145</CharacterOffsetBegin>
            <CharacterOffsetEnd>7148</CharacterOffsetEnd>
            <POS>NNP</POS>
            <NER>PERSON</NER>
            <Speaker>PER0</Speaker>
          </token>
          <token id="19">
            <word>Bloggs</word>
            <lemma>Bloggs</lemma>
            <CharacterOffsetBegin>7149</CharacterOffsetBegin>
            <CharacterOffsetEnd>7155</CharacterOffsetEnd>
            <POS>NNP</POS>
            <NER>PERSON</NER>
            <Speaker>PER0</Speaker>
          </token>
          <token id="20">
            <word>was</word>
            <lemma>be</lemma>
            <CharacterOffsetBegin>7156</CharacterOffsetBegin>
            <CharacterOffsetEnd>7159</CharacterOffsetEnd>
            <POS>VBD</POS>
            <NER>O</NER>
            <Speaker>PER0</Speaker>
          </token>
          <token id="21">
            <word>asked</word>
            <lemma>ask</lemma>
            <CharacterOffsetBegin>7160</CharacterOffsetBegin>
            <CharacterOffsetEnd>7165</CharacterOffsetEnd>
            <POS>VBN</POS>
            <NER>O</NER>
            <Speaker>PER0</Speaker>
          </token>
          <token id="22">
            <word>to</word>
            <lemma>to</lemma>
            <CharacterOffsetBegin>7166</CharacterOffsetBegin>
            <CharacterOffsetEnd>7168</CharacterOffsetEnd>
            <POS>TO</POS>
            <NER>O</NER>
            <Speaker>PER0</Speaker>
          </token>
          <token id="23">
            <word>explain</word>
            <lemma>explain</lemma>
            <CharacterOffsetBegin>7169</CharacterOffsetBegin>
            <CharacterOffsetEnd>7176</CharacterOffsetEnd>
            <POS>VB</POS>
            <NER>O</NER>
            <Speaker>PER0</Speaker>
          </token>
          <token id="24">
            <word>himself</word>
            <lemma>himself</lemma>
            <CharacterOffsetBegin>7177</CharacterOffsetBegin>
            <CharacterOffsetEnd>7184</CharacterOffsetEnd>
            <POS>PRP</POS>
            <NER>O</NER>
            <Speaker>PER0</Speaker>
          </token>
          <token id="25">
            <word>and</word>
            <lemma>and</lemma>
            <CharacterOffsetBegin>7185</CharacterOffsetBegin>
            <CharacterOffsetEnd>7188</CharacterOffsetEnd>
            <POS>CC</POS>
            <NER>O</NER>
            <Speaker>PER0</Speaker>
          </token>
          <token id="26">
            <word>subsequently</word>
            <lemma>subsequently</lemma>
            <CharacterOffsetBegin>7189</CharacterOffsetBegin>
            <CharacterOffsetEnd>7201</CharacterOffsetEnd>
            <POS>RB</POS>
            <NER>O</NER>
            <Speaker>PER0</Speaker>
          </token>
          <token id="27">
            <word>educated</word>
            <lemma>educate</lemma>
            <CharacterOffsetBegin>7202</CharacterOffsetBegin>
            <CharacterOffsetEnd>7210</CharacterOffsetEnd>
            <POS>VBN</POS>
            <NER>O</NER>
            <Speaker>PER0</Speaker>
          </token>
          <token id="28">
            <word>that</word>
            <lemma>that</lemma>
            <CharacterOffsetBegin>7211</CharacterOffsetBegin>
            <CharacterOffsetEnd>7215</CharacterOffsetEnd>
            <POS>IN</POS>
            <NER>O</NER>
            <Speaker>PER0</Speaker>
          </token>
          <token id="29">
            <word>despite</word>
            <lemma>despite</lemma>
            <CharacterOffsetBegin>7216</CharacterOffsetBegin>
            <CharacterOffsetEnd>7223</CharacterOffsetEnd>
            <POS>IN</POS>
            <NER>O</NER>
            <Speaker>PER0</Speaker>
          </token>
          <token id="30">
            <word>Key</word>
            <lemma>key</lemma>
            <CharacterOffsetBegin>7224</CharacterOffsetBegin>
            <CharacterOffsetEnd>7227</CharacterOffsetEnd>
            <POS>NN</POS>
            <NER>O</NER>
            <Speaker>PER0</Speaker>
          </token>
          <token id="31">
            <word>Performance</word>
            <lemma>Performance</lemma>
            <CharacterOffsetBegin>7228</CharacterOffsetBegin>
            <CharacterOffsetEnd>7239</CharacterOffsetEnd>
            <POS>NNP</POS>
            <NER>O</NER>
            <Speaker>PER0</Speaker>
          </token>
          <token id="32">
            <word>Indicator</word>
            <lemma>Indicator</lemma>
            <CharacterOffsetBegin>7240</CharacterOffsetBegin>
            <CharacterOffsetEnd>7249</CharacterOffsetEnd>
            <POS>NNP</POS>
            <NER>O</NER>
            <Speaker>PER0</Speaker>
          </token>
          <token id="33">
            <word>success</word>
            <lemma>success</lemma>
            <CharacterOffsetBegin>7250</CharacterOffsetBegin>
            <CharacterOffsetEnd>7257</CharacterOffsetEnd>
            <POS>NN</POS>
            <NER>O</NER>
            <Speaker>PER0</Speaker>
          </token>
          <token id="34">
            <word>this</word>
            <lemma>this</lemma>
            <CharacterOffsetBegin>7258</CharacterOffsetBegin>
            <CharacterOffsetEnd>7262</CharacterOffsetEnd>
            <POS>DT</POS>
            <NER>O</NER>
            <Speaker>PER0</Speaker>
          </token>
          <token id="35">
            <word>did</word>
            <lemma>do</lemma>
            <CharacterOffsetBegin>7263</CharacterOffsetBegin>
            <CharacterOffsetEnd>7266</CharacterOffsetEnd>
            <POS>VBD</POS>
            <NER>O</NER>
            <Speaker>PER0</Speaker>
          </token>
          <token id="36">
            <word>not</word>
            <lemma>not</lemma>
            <CharacterOffsetBegin>7267</CharacterOffsetBegin>
            <CharacterOffsetEnd>7270</CharacterOffsetEnd>
            <POS>RB</POS>
            <NER>O</NER>
            <Speaker>PER0</Speaker>
          </token>
          <token id="37">
            <word>equal</word>
            <lemma>equal</lemma>
            <CharacterOffsetBegin>7271</CharacterOffsetBegin>
            <CharacterOffsetEnd>7276</CharacterOffsetEnd>
            <POS>JJ</POS>
            <NER>O</NER>
            <Speaker>PER0</Speaker>
          </token>
          <token id="38">
            <word>mistreating</word>
            <lemma>mistreat</lemma>
            <CharacterOffsetBegin>7277</CharacterOffsetBegin>
            <CharacterOffsetEnd>7288</CharacterOffsetEnd>
            <POS>VBG</POS>
            <NER>O</NER>
            <Speaker>PER0</Speaker>
          </token>
          <token id="39">
            <word>employees</word>
            <lemma>employee</lemma>
            <CharacterOffsetBegin>7289</CharacterOffsetBegin>
            <CharacterOffsetEnd>7298</CharacterOffsetEnd>
            <POS>NNS</POS>
            <NER>O</NER>
            <Speaker>PER0</Speaker>
          </token>
          <token id="40">
            <word>.</word>
            <lemma>.</lemma>
            <CharacterOffsetBegin>7298</CharacterOffsetBegin>
            <CharacterOffsetEnd>7299</CharacterOffsetEnd>
            <POS>.</POS>
            <NER>O</NER>
            <Speaker>PER0</Speaker>
          </token>
        </tokens>
        <parse>(ROOT (S (NP (NP (DT The) (NNP Regional)) (VP (VBG Managing) (NP (NNP Director)))) (VP (VP (VBD facilitated) (NP (DT a) (NN phone) (NN call)) (ADVP (RB immediately))) (CC and) (VP (VBD had) (S (NP (PRP me)) (VP (VB participate) (PP (IN in) (NP (DT the) (NN discussion))) (SBAR (WHADVP (WRB whereby)) (S (NP (NNP Joe) (NNP Bloggs)) (VP (VBD was) (VP (VP (VBN asked) (S (VP (TO to) (VP (VB explain) (NP (PRP himself)))))) (CC and) (VP (ADVP (RB subsequently)) (VBN educated) (SBAR (IN that) (S (PP (IN despite) (NP (NP (NN Key) (NNP Performance) (NNP Indicator)) (NP (NN success)))) (NP (DT this)) (VP (VBD did) (RB not) (VP (JJ equal) (S (VP (VBG mistreating) (NP (NNS employees))))))))))))))))) (. .))) </parse>
        <dependencies type="basic-dependencies">
          <dep type="root">
            <governor idx="0">ROOT</governor>
            <dependent idx="5">facilitated</dependent>
          </dep>
          <dep type="det">
            <governor idx="2">Regional</governor>
            <dependent idx="1">The</dependent>
          </dep>
          <dep type="nsubj">
            <governor idx="5">facilitated</governor>
            <dependent idx="2">Regional</dependent>
          </dep>
          <dep type="acl">
            <governor idx="2">Regional</governor>
            <dependent idx="3">Managing</dependent>
          </dep>
          <dep type="dobj">
            <governor idx="3">Managing</governor>
            <dependent idx="4">Director</dependent>
          </dep>
          <dep type="det">
            <governor idx="8">call</governor>
            <dependent idx="6">a</dependent>
          </dep>
          <dep type="compound">
            <governor idx="8">call</governor>
            <dependent idx="7">phone</dependent>
          </dep>
          <dep type="dobj">
            <governor idx="5">facilitated</governor>
            <dependent idx="8">call</dependent>
          </dep>
          <dep type="advmod">
            <governor idx="5">facilitated</governor>
            <dependent idx="9">immediately</dependent>
          </dep>
          <dep type="cc">
            <governor idx="5">facilitated</governor>
            <dependent idx="10">and</dependent>
          </dep>
          <dep type="conj">
            <governor idx="5">facilitated</governor>
            <dependent idx="11">had</dependent>
          </dep>
          <dep type="nsubj">
            <governor idx="13">participate</governor>
            <dependent idx="12">me</dependent>
          </dep>
          <dep type="ccomp">
            <governor idx="11">had</governor>
            <dependent idx="13">participate</dependent>
          </dep>
          <dep type="case">
            <governor idx="16">discussion</governor>
            <dependent idx="14">in</dependent>
          </dep>
          <dep type="det">
            <governor idx="16">discussion</governor>
            <dependent idx="15">the</dependent>
          </dep>
          <dep type="nmod">
            <governor idx="13">participate</governor>
            <dependent idx="16">discussion</dependent>
          </dep>
          <dep type="advmod">
            <governor idx="21">asked</governor>
            <dependent idx="17">whereby</dependent>
          </dep>
          <dep type="compound">
            <governor idx="19">Bloggs</governor>
            <dependent idx="18">Joe</dependent>
          </dep>
          <dep type="nsubjpass">
            <governor idx="21">asked</governor>
            <dependent idx="19">Bloggs</dependent>
          </dep>
          <dep type="auxpass">
            <governor idx="21">asked</governor>
            <dependent idx="20">was</dependent>
          </dep>
          <dep type="advcl">
            <governor idx="13">participate</governor>
            <dependent idx="21">asked</dependent>
          </dep>
          <dep type="mark">
            <governor idx="23">explain</governor>
            <dependent idx="22">to</dependent>
          </dep>
          <dep type="xcomp">
            <governor idx="21">asked</governor>
            <dependent idx="23">explain</dependent>
          </dep>
          <dep type="dobj">
            <governor idx="23">explain</governor>
            <dependent idx="24">himself</dependent>
          </dep>
          <dep type="cc">
            <governor idx="21">asked</governor>
            <dependent idx="25">and</dependent>
          </dep>
          <dep type="advmod">
            <governor idx="27">educated</governor>
            <dependent idx="26">subsequently</dependent>
          </dep>
          <dep type="conj">
            <governor idx="21">asked</governor>
            <dependent idx="27">educated</dependent>
          </dep>
          <dep type="mark">
            <governor idx="37">equal</governor>
            <dependent idx="28">that</dependent>
          </dep>
          <dep type="case">
            <governor idx="32">Indicator</governor>
            <dependent idx="29">despite</dependent>
          </dep>
          <dep type="compound">
            <governor idx="32">Indicator</governor>
            <dependent idx="30">Key</dependent>
          </dep>
          <dep type="compound">
            <governor idx="32">Indicator</governor>
            <dependent idx="31">Performance</dependent>
          </dep>
          <dep type="nmod">
            <governor idx="37">equal</governor>
            <dependent idx="32">Indicator</dependent>
          </dep>
          <dep type="dep">
            <governor idx="32">Indicator</governor>
            <dependent idx="33">success</dependent>
          </dep>
          <dep type="nsubj">
            <governor idx="37">equal</governor>
            <dependent idx="34">this</dependent>
          </dep>
          <dep type="aux">
            <governor idx="37">equal</governor>
            <dependent idx="35">did</dependent>
          </dep>
          <dep type="neg">
            <governor idx="37">equal</governor>
            <dependent idx="36">not</dependent>
          </dep>
          <dep type="ccomp">
            <governor idx="27">educated</governor>
            <dependent idx="37">equal</dependent>
          </dep>
          <dep type="xcomp">
            <governor idx="37">equal</governor>
            <dependent idx="38">mistreating</dependent>
          </dep>
          <dep type="dobj">
            <governor idx="38">mistreating</governor>
            <dependent idx="39">employees</dependent>
          </dep>
          <dep type="punct">
            <governor idx="5">facilitated</governor>
            <dependent idx="40">.</dependent>
          </dep>
        </dependencies>
        <dependencies type="collapsed-dependencies">
          <dep type="root">
            <governor idx="0">ROOT</governor>
            <dependent idx="5">facilitated</dependent>
          </dep>
          <dep type="det">
            <governor idx="2">Regional</governor>
            <dependent idx="1">The</dependent>
          </dep>
          <dep type="nsubj">
            <governor idx="5">facilitated</governor>
            <dependent idx="2">Regional</dependent>
          </dep>
          <dep type="acl">
            <governor idx="2">Regional</governor>
            <dependent idx="3">Managing</dependent>
          </dep>
          <dep type="dobj">
            <governor idx="3">Managing</governor>
            <dependent idx="4">Director</dependent>
          </dep>
          <dep type="det">
            <governor idx="8">call</governor>
            <dependent idx="6">a</dependent>
          </dep>
          <dep type="compound">
            <governor idx="8">call</governor>
            <dependent idx="7">phone</dependent>
          </dep>
          <dep type="dobj">
            <governor idx="5">facilitated</governor>
            <dependent idx="8">call</dependent>
          </dep>
          <dep type="advmod">
            <governor idx="5">facilitated</governor>
            <dependent idx="9">immediately</dependent>
          </dep>
          <dep type="cc">
            <governor idx="5">facilitated</governor>
            <dependent idx="10">and</dependent>
          </dep>
          <dep type="conj:and">
            <governor idx="5">facilitated</governor>
            <dependent idx="11">had</dependent>
          </dep>
          <dep type="nsubj">
            <governor idx="13">participate</governor>
            <dependent idx="12">me</dependent>
          </dep>
          <dep type="ccomp">
            <governor idx="11">had</governor>
            <dependent idx="13">participate</dependent>
          </dep>
          <dep type="case">
            <governor idx="16">discussion</governor>
            <dependent idx="14">in</dependent>
          </dep>
          <dep type="det">
            <governor idx="16">discussion</governor>
            <dependent idx="15">the</dependent>
          </dep>
          <dep type="nmod:in">
            <governor idx="13">participate</governor>
            <dependent idx="16">discussion</dependent>
          </dep>
          <dep type="advmod">
            <governor idx="21">asked</governor>
            <dependent idx="17">whereby</dependent>
          </dep>
          <dep type="compound">
            <governor idx="19">Bloggs</governor>
            <dependent idx="18">Joe</dependent>
          </dep>
          <dep type="nsubjpass">
            <governor idx="21">asked</governor>
            <dependent idx="19">Bloggs</dependent>
          </dep>
          <dep type="auxpass">
            <governor idx="21">asked</governor>
            <dependent idx="20">was</dependent>
          </dep>
          <dep type="advcl">
            <governor idx="13">participate</governor>
            <dependent idx="21">asked</dependent>
          </dep>
          <dep type="mark">
            <governor idx="23">explain</governor>
            <dependent idx="22">to</dependent>
          </dep>
          <dep type="xcomp">
            <governor idx="21">asked</governor>
            <dependent idx="23">explain</dependent>
          </dep>
          <dep type="dobj">
            <governor idx="23">explain</governor>
            <dependent idx="24">himself</dependent>
          </dep>
          <dep type="cc">
            <governor idx="21">asked</governor>
            <dependent idx="25">and</dependent>
          </dep>
          <dep type="advmod">
            <governor idx="27">educated</governor>
            <dependent idx="26">subsequently</dependent>
          </dep>
          <dep type="conj:and">
            <governor idx="21">asked</governor>
            <dependent idx="27">educated</dependent>
          </dep>
          <dep type="mark">
            <governor idx="37">equal</governor>
            <dependent idx="28">that</dependent>
          </dep>
          <dep type="case">
            <governor idx="32">Indicator</governor>
            <dependent idx="29">despite</dependent>
          </dep>
          <dep type="compound">
            <governor idx="32">Indicator</governor>
            <dependent idx="30">Key</dependent>
          </dep>
          <dep type="compound">
            <governor idx="32">Indicator</governor>
            <dependent idx="31">Performance</dependent>
          </dep>
          <dep type="nmod:despite">
            <governor idx="37">equal</governor>
            <dependent idx="32">Indicator</dependent>
          </dep>
          <dep type="dep">
            <governor idx="32">Indicator</governor>
            <dependent idx="33">success</dependent>
          </dep>
          <dep type="nsubj">
            <governor idx="37">equal</governor>
            <dependent idx="34">this</dependent>
          </dep>
          <dep type="aux">
            <governor idx="37">equal</governor>
            <dependent idx="35">did</dependent>
          </dep>
          <dep type="neg">
            <governor idx="37">equal</governor>
            <dependent idx="36">not</dependent>
          </dep>
          <dep type="ccomp">
            <governor idx="27">educated</governor>
            <dependent idx="37">equal</dependent>
          </dep>
          <dep type="xcomp">
            <governor idx="37">equal</governor>
            <dependent idx="38">mistreating</dependent>
          </dep>
          <dep type="dobj">
            <governor idx="38">mistreating</governor>
            <dependent idx="39">employees</dependent>
          </dep>
          <dep type="punct">
            <governor idx="5">facilitated</governor>
            <dependent idx="40">.</dependent>
          </dep>
        </dependencies>
        <dependencies type="collapsed-ccprocessed-dependencies">
          <dep type="root">
            <governor idx="0">ROOT</governor>
            <dependent idx="5">facilitated</dependent>
          </dep>
          <dep type="det">
            <governor idx="2">Regional</governor>
            <dependent idx="1">The</dependent>
          </dep>
          <dep type="nsubj">
            <governor idx="5">facilitated</governor>
            <dependent idx="2">Regional</dependent>
          </dep>
          <dep type="nsubj" extra="true">
            <governor idx="11">had</governor>
            <dependent idx="2">Regional</dependent>
          </dep>
          <dep type="acl">
            <governor idx="2">Regional</governor>
            <dependent idx="3">Managing</dependent>
          </dep>
          <dep type="dobj">
            <governor idx="3">Managing</governor>
            <dependent idx="4">Director</dependent>
          </dep>
          <dep type="det">
            <governor idx="8">call</governor>
            <dependent idx="6">a</dependent>
          </dep>
          <dep type="compound">
            <governor idx="8">call</governor>
            <dependent idx="7">phone</dependent>
          </dep>
          <dep type="dobj">
            <governor idx="5">facilitated</governor>
            <dependent idx="8">call</dependent>
          </dep>
          <dep type="advmod">
            <governor idx="5">facilitated</governor>
            <dependent idx="9">immediately</dependent>
          </dep>
          <dep type="cc">
            <governor idx="5">facilitated</governor>
            <dependent idx="10">and</dependent>
          </dep>
          <dep type="conj:and">
            <governor idx="5">facilitated</governor>
            <dependent idx="11">had</dependent>
          </dep>
          <dep type="nsubj">
            <governor idx="13">participate</governor>
            <dependent idx="12">me</dependent>
          </dep>
          <dep type="ccomp">
            <governor idx="11">had</governor>
            <dependent idx="13">participate</dependent>
          </dep>
          <dep type="case">
            <governor idx="16">discussion</governor>
            <dependent idx="14">in</dependent>
          </dep>
          <dep type="det">
            <governor idx="16">discussion</governor>
            <dependent idx="15">the</dependent>
          </dep>
          <dep type="nmod:in">
            <governor idx="13">participate</governor>
            <dependent idx="16">discussion</dependent>
          </dep>
          <dep type="advmod">
            <governor idx="21">asked</governor>
            <dependent idx="17">whereby</dependent>
          </dep>
          <dep type="compound">
            <governor idx="19">Bloggs</governor>
            <dependent idx="18">Joe</dependent>
          </dep>
          <dep type="nsubjpass">
            <governor idx="21">asked</governor>
            <dependent idx="19">Bloggs</dependent>
          </dep>
          <dep type="nsubjpass" extra="true">
            <governor idx="27">educated</governor>
            <dependent idx="19">Bloggs</dependent>
          </dep>
          <dep type="auxpass">
            <governor idx="21">asked</governor>
            <dependent idx="20">was</dependent>
          </dep>
          <dep type="advcl">
            <governor idx="13">participate</governor>
            <dependent idx="21">asked</dependent>
          </dep>
          <dep type="mark">
            <governor idx="23">explain</governor>
            <dependent idx="22">to</dependent>
          </dep>
          <dep type="xcomp">
            <governor idx="21">asked</governor>
            <dependent idx="23">explain</dependent>
          </dep>
          <dep type="dobj">
            <governor idx="23">explain</governor>
            <dependent idx="24">himself</dependent>
          </dep>
          <dep type="cc">
            <governor idx="21">asked</governor>
            <dependent idx="25">and</dependent>
          </dep>
          <dep type="advmod">
            <governor idx="27">educated</governor>
            <dependent idx="26">subsequently</dependent>
          </dep>
          <dep type="advcl" extra="true">
            <governor idx="13">participate</governor>
            <dependent idx="27">educated</dependent>
          </dep>
          <dep type="conj:and">
            <governor idx="21">asked</governor>
            <dependent idx="27">educated</dependent>
          </dep>
          <dep type="mark">
            <governor idx="37">equal</governor>
            <dependent idx="28">that</dependent>
          </dep>
          <dep type="case">
            <governor idx="32">Indicator</governor>
            <dependent idx="29">despite</dependent>
          </dep>
          <dep type="compound">
            <governor idx="32">Indicator</governor>
            <dependent idx="30">Key</dependent>
          </dep>
          <dep type="compound">
            <governor idx="32">Indicator</governor>
            <dependent idx="31">Performance</dependent>
          </dep>
          <dep type="nmod:despite">
            <governor idx="37">equal</governor>
            <dependent idx="32">Indicator</dependent>
          </dep>
          <dep type="dep">
            <governor idx="32">Indicator</governor>
            <dependent idx="33">success</dependent>
          </dep>
          <dep type="nsubj">
            <governor idx="37">equal</governor>
            <dependent idx="34">this</dependent>
          </dep>
          <dep type="aux">
            <governor idx="37">equal</governor>
            <dependent idx="35">did</dependent>
          </dep>
          <dep type="neg">
            <governor idx="37">equal</governor>
            <dependent idx="36">not</dependent>
          </dep>
          <dep type="ccomp">
            <governor idx="27">educated</governor>
            <dependent idx="37">equal</dependent>
          </dep>
          <dep type="xcomp">
            <governor idx="37">equal</governor>
            <dependent idx="38">mistreating</dependent>
          </dep>
          <dep type="dobj">
            <governor idx="38">mistreating</governor>
            <dependent idx="39">employees</dependent>
          </dep>
          <dep type="punct">
            <governor idx="5">facilitated</governor>
            <dependent idx="40">.</dependent>
          </dep>
        </dependencies>
      </sentence>
      <sentence id="69">
        <tokens>
          <token id="1">
            <word>This</word>
            <lemma>this</lemma>
            <CharacterOffsetBegin>7300</CharacterOffsetBegin>
            <CharacterOffsetEnd>7304</CharacterOffsetEnd>
            <POS>DT</POS>
            <NER>O</NER>
            <Speaker>PER0</Speaker>
          </token>
          <token id="2">
            <word>matter</word>
            <lemma>matter</lemma>
            <CharacterOffsetBegin>7305</CharacterOffsetBegin>
            <CharacterOffsetEnd>7311</CharacterOffsetEnd>
            <POS>NN</POS>
            <NER>O</NER>
            <Speaker>PER0</Speaker>
          </token>
          <token id="3">
            <word>was</word>
            <lemma>be</lemma>
            <CharacterOffsetBegin>7312</CharacterOffsetBegin>
            <CharacterOffsetEnd>7315</CharacterOffsetEnd>
            <POS>VBD</POS>
            <NER>O</NER>
            <Speaker>PER0</Speaker>
          </token>
          <token id="4">
            <word>addressed</word>
            <lemma>address</lemma>
            <CharacterOffsetBegin>7316</CharacterOffsetBegin>
            <CharacterOffsetEnd>7325</CharacterOffsetEnd>
            <POS>VBN</POS>
            <NER>O</NER>
            <Speaker>PER0</Speaker>
          </token>
          <token id="5">
            <word>as</word>
            <lemma>as</lemma>
            <CharacterOffsetBegin>7326</CharacterOffsetBegin>
            <CharacterOffsetEnd>7328</CharacterOffsetEnd>
            <POS>IN</POS>
            <NER>O</NER>
            <Speaker>PER0</Speaker>
          </token>
          <token id="6">
            <word>a</word>
            <lemma>a</lemma>
            <CharacterOffsetBegin>7329</CharacterOffsetBegin>
            <CharacterOffsetEnd>7330</CharacterOffsetEnd>
            <POS>DT</POS>
            <NER>O</NER>
            <Speaker>PER0</Speaker>
          </token>
          <token id="7">
            <word>conversation</word>
            <lemma>conversation</lemma>
            <CharacterOffsetBegin>7331</CharacterOffsetBegin>
            <CharacterOffsetEnd>7343</CharacterOffsetEnd>
            <POS>NN</POS>
            <NER>O</NER>
            <Speaker>PER0</Speaker>
          </token>
          <token id="8">
            <word>because</word>
            <lemma>because</lemma>
            <CharacterOffsetBegin>7344</CharacterOffsetBegin>
            <CharacterOffsetEnd>7351</CharacterOffsetEnd>
            <POS>IN</POS>
            <NER>O</NER>
            <Speaker>PER0</Speaker>
          </token>
          <token id="9">
            <word>the</word>
            <lemma>the</lemma>
            <CharacterOffsetBegin>7352</CharacterOffsetBegin>
            <CharacterOffsetEnd>7355</CharacterOffsetEnd>
            <POS>DT</POS>
            <NER>O</NER>
            <Speaker>PER0</Speaker>
          </token>
          <token id="10">
            <word>sad</word>
            <lemma>sad</lemma>
            <CharacterOffsetBegin>7356</CharacterOffsetBegin>
            <CharacterOffsetEnd>7359</CharacterOffsetEnd>
            <POS>JJ</POS>
            <NER>O</NER>
            <Speaker>PER0</Speaker>
          </token>
          <token id="11">
            <word>fact</word>
            <lemma>fact</lemma>
            <CharacterOffsetBegin>7360</CharacterOffsetBegin>
            <CharacterOffsetEnd>7364</CharacterOffsetEnd>
            <POS>NN</POS>
            <NER>O</NER>
            <Speaker>PER0</Speaker>
          </token>
          <token id="12">
            <word>is</word>
            <lemma>be</lemma>
            <CharacterOffsetBegin>7365</CharacterOffsetBegin>
            <CharacterOffsetEnd>7367</CharacterOffsetEnd>
            <POS>VBZ</POS>
            <NER>O</NER>
            <Speaker>PER0</Speaker>
          </token>
          <token id="13">
            <word>no</word>
            <lemma>no</lemma>
            <CharacterOffsetBegin>7368</CharacterOffsetBegin>
            <CharacterOffsetEnd>7370</CharacterOffsetEnd>
            <POS>DT</POS>
            <NER>O</NER>
            <Speaker>PER0</Speaker>
          </token>
          <token id="14">
            <word>employees</word>
            <lemma>employee</lemma>
            <CharacterOffsetBegin>7371</CharacterOffsetBegin>
            <CharacterOffsetEnd>7380</CharacterOffsetEnd>
            <POS>NNS</POS>
            <NER>O</NER>
            <Speaker>PER0</Speaker>
          </token>
          <token id="15">
            <word>made</word>
            <lemma>make</lemma>
            <CharacterOffsetBegin>7381</CharacterOffsetBegin>
            <CharacterOffsetEnd>7385</CharacterOffsetEnd>
            <POS>VBD</POS>
            <NER>O</NER>
            <Speaker>PER0</Speaker>
          </token>
          <token id="16">
            <word>a</word>
            <lemma>a</lemma>
            <CharacterOffsetBegin>7386</CharacterOffsetBegin>
            <CharacterOffsetEnd>7387</CharacterOffsetEnd>
            <POS>DT</POS>
            <NER>O</NER>
            <Speaker>PER0</Speaker>
          </token>
          <token id="17">
            <word>formal</word>
            <lemma>formal</lemma>
            <CharacterOffsetBegin>7388</CharacterOffsetBegin>
            <CharacterOffsetEnd>7394</CharacterOffsetEnd>
            <POS>JJ</POS>
            <NER>O</NER>
            <Speaker>PER0</Speaker>
          </token>
          <token id="18">
            <word>complaint</word>
            <lemma>complaint</lemma>
            <CharacterOffsetBegin>7395</CharacterOffsetBegin>
            <CharacterOffsetEnd>7404</CharacterOffsetEnd>
            <POS>NN</POS>
            <NER>O</NER>
            <Speaker>PER0</Speaker>
          </token>
          <token id="19">
            <word>about</word>
            <lemma>about</lemma>
            <CharacterOffsetBegin>7405</CharacterOffsetBegin>
            <CharacterOffsetEnd>7410</CharacterOffsetEnd>
            <POS>IN</POS>
            <NER>O</NER>
            <Speaker>PER0</Speaker>
          </token>
          <token id="20">
            <word>Joe</word>
            <lemma>Joe</lemma>
            <CharacterOffsetBegin>7411</CharacterOffsetBegin>
            <CharacterOffsetEnd>7414</CharacterOffsetEnd>
            <POS>NNP</POS>
            <NER>PERSON</NER>
            <Speaker>PER0</Speaker>
          </token>
          <token id="21">
            <word>Bloggs</word>
            <lemma>Bloggs</lemma>
            <CharacterOffsetBegin>7415</CharacterOffsetBegin>
            <CharacterOffsetEnd>7421</CharacterOffsetEnd>
            <POS>NNP</POS>
            <NER>PERSON</NER>
            <Speaker>PER0</Speaker>
          </token>
          <token id="22">
            <word>.</word>
            <lemma>.</lemma>
            <CharacterOffsetBegin>7421</CharacterOffsetBegin>
            <CharacterOffsetEnd>7422</CharacterOffsetEnd>
            <POS>.</POS>
            <NER>O</NER>
            <Speaker>PER0</Speaker>
          </token>
        </tokens>
        <parse>(ROOT (S (NP (DT This) (NN matter)) (VP (VBD was) (VP (VBN addressed) (PP (IN as) (NP (DT a) (NN conversation))) (SBAR (IN because) (S (NP (DT the) (JJ sad) (NN fact)) (VP (VBZ is) (NP (NP (DT no) (NNS employees)) (SBAR (S (VP (VBD made) (NP (DT a) (JJ formal) (NN complaint)) (PP (IN about) (NP (NNP Joe) (NNP Bloggs)))))))))))) (. .))) </parse>
        <dependencies type="basic-dependencies">
          <dep type="root">
            <governor idx="0">ROOT</governor>
            <dependent idx="4">addressed</dependent>
          </dep>
          <dep type="det">
            <governor idx="2">matter</governor>
            <dependent idx="1">This</dependent>
          </dep>
          <dep type="nsubjpass">
            <governor idx="4">addressed</governor>
            <dependent idx="2">matter</dependent>
          </dep>
          <dep type="auxpass">
            <governor idx="4">addressed</governor>
            <dependent idx="3">was</dependent>
          </dep>
          <dep type="case">
            <governor idx="7">conversation</governor>
            <dependent idx="5">as</dependent>
          </dep>
          <dep type="det">
            <governor idx="7">conversation</governor>
            <dependent idx="6">a</dependent>
          </dep>
          <dep type="nmod">
            <governor idx="4">addressed</governor>
            <dependent idx="7">conversation</dependent>
          </dep>
          <dep type="mark">
            <governor idx="14">employees</governor>
            <dependent idx="8">because</dependent>
          </dep>
          <dep type="det">
            <governor idx="11">fact</governor>
            <dependent idx="9">the</dependent>
          </dep>
          <dep type="amod">
            <governor idx="11">fact</governor>
            <dependent idx="10">sad</dependent>
          </dep>
          <dep type="nsubj">
            <governor idx="14">employees</governor>
            <dependent idx="11">fact</dependent>
          </dep>
          <dep type="cop">
            <governor idx="14">employees</governor>
            <dependent idx="12">is</dependent>
          </dep>
          <dep type="neg">
            <governor idx="14">employees</governor>
            <dependent idx="13">no</dependent>
          </dep>
          <dep type="advcl">
            <governor idx="4">addressed</governor>
            <dependent idx="14">employees</dependent>
          </dep>
          <dep type="acl:relcl">
            <governor idx="14">employees</governor>
            <dependent idx="15">made</dependent>
          </dep>
          <dep type="det">
            <governor idx="18">complaint</governor>
            <dependent idx="16">a</dependent>
          </dep>
          <dep type="amod">
            <governor idx="18">complaint</governor>
            <dependent idx="17">formal</dependent>
          </dep>
          <dep type="dobj">
            <governor idx="15">made</governor>
            <dependent idx="18">complaint</dependent>
          </dep>
          <dep type="case">
            <governor idx="21">Bloggs</governor>
            <dependent idx="19">about</dependent>
          </dep>
          <dep type="compound">
            <governor idx="21">Bloggs</governor>
            <dependent idx="20">Joe</dependent>
          </dep>
          <dep type="nmod">
            <governor idx="15">made</governor>
            <dependent idx="21">Bloggs</dependent>
          </dep>
          <dep type="punct">
            <governor idx="4">addressed</governor>
            <dependent idx="22">.</dependent>
          </dep>
        </dependencies>
        <dependencies type="collapsed-dependencies">
          <dep type="root">
            <governor idx="0">ROOT</governor>
            <dependent idx="4">addressed</dependent>
          </dep>
          <dep type="det">
            <governor idx="2">matter</governor>
            <dependent idx="1">This</dependent>
          </dep>
          <dep type="nsubjpass">
            <governor idx="4">addressed</governor>
            <dependent idx="2">matter</dependent>
          </dep>
          <dep type="auxpass">
            <governor idx="4">addressed</governor>
            <dependent idx="3">was</dependent>
          </dep>
          <dep type="case">
            <governor idx="7">conversation</governor>
            <dependent idx="5">as</dependent>
          </dep>
          <dep type="det">
            <governor idx="7">conversation</governor>
            <dependent idx="6">a</dependent>
          </dep>
          <dep type="nmod:as">
            <governor idx="4">addressed</governor>
            <dependent idx="7">conversation</dependent>
          </dep>
          <dep type="mark">
            <governor idx="14">employees</governor>
            <dependent idx="8">because</dependent>
          </dep>
          <dep type="det">
            <governor idx="11">fact</governor>
            <dependent idx="9">the</dependent>
          </dep>
          <dep type="amod">
            <governor idx="11">fact</governor>
            <dependent idx="10">sad</dependent>
          </dep>
          <dep type="nsubj">
            <governor idx="14">employees</governor>
            <dependent idx="11">fact</dependent>
          </dep>
          <dep type="cop">
            <governor idx="14">employees</governor>
            <dependent idx="12">is</dependent>
          </dep>
          <dep type="neg">
            <governor idx="14">employees</governor>
            <dependent idx="13">no</dependent>
          </dep>
          <dep type="advcl">
            <governor idx="4">addressed</governor>
            <dependent idx="14">employees</dependent>
          </dep>
          <dep type="acl:relcl">
            <governor idx="14">employees</governor>
            <dependent idx="15">made</dependent>
          </dep>
          <dep type="det">
            <governor idx="18">complaint</governor>
            <dependent idx="16">a</dependent>
          </dep>
          <dep type="amod">
            <governor idx="18">complaint</governor>
            <dependent idx="17">formal</dependent>
          </dep>
          <dep type="dobj">
            <governor idx="15">made</governor>
            <dependent idx="18">complaint</dependent>
          </dep>
          <dep type="case">
            <governor idx="21">Bloggs</governor>
            <dependent idx="19">about</dependent>
          </dep>
          <dep type="compound">
            <governor idx="21">Bloggs</governor>
            <dependent idx="20">Joe</dependent>
          </dep>
          <dep type="nmod:about">
            <governor idx="15">made</governor>
            <dependent idx="21">Bloggs</dependent>
          </dep>
          <dep type="punct">
            <governor idx="4">addressed</governor>
            <dependent idx="22">.</dependent>
          </dep>
        </dependencies>
        <dependencies type="collapsed-ccprocessed-dependencies">
          <dep type="root">
            <governor idx="0">ROOT</governor>
            <dependent idx="4">addressed</dependent>
          </dep>
          <dep type="det">
            <governor idx="2">matter</governor>
            <dependent idx="1">This</dependent>
          </dep>
          <dep type="nsubjpass">
            <governor idx="4">addressed</governor>
            <dependent idx="2">matter</dependent>
          </dep>
          <dep type="auxpass">
            <governor idx="4">addressed</governor>
            <dependent idx="3">was</dependent>
          </dep>
          <dep type="case">
            <governor idx="7">conversation</governor>
            <dependent idx="5">as</dependent>
          </dep>
          <dep type="det">
            <governor idx="7">conversation</governor>
            <dependent idx="6">a</dependent>
          </dep>
          <dep type="nmod:as">
            <governor idx="4">addressed</governor>
            <dependent idx="7">conversation</dependent>
          </dep>
          <dep type="mark">
            <governor idx="14">employees</governor>
            <dependent idx="8">because</dependent>
          </dep>
          <dep type="det">
            <governor idx="11">fact</governor>
            <dependent idx="9">the</dependent>
          </dep>
          <dep type="amod">
            <governor idx="11">fact</governor>
            <dependent idx="10">sad</dependent>
          </dep>
          <dep type="nsubj">
            <governor idx="14">employees</governor>
            <dependent idx="11">fact</dependent>
          </dep>
          <dep type="cop">
            <governor idx="14">employees</governor>
            <dependent idx="12">is</dependent>
          </dep>
          <dep type="neg">
            <governor idx="14">employees</governor>
            <dependent idx="13">no</dependent>
          </dep>
          <dep type="advcl">
            <governor idx="4">addressed</governor>
            <dependent idx="14">employees</dependent>
          </dep>
          <dep type="acl:relcl">
            <governor idx="14">employees</governor>
            <dependent idx="15">made</dependent>
          </dep>
          <dep type="det">
            <governor idx="18">complaint</governor>
            <dependent idx="16">a</dependent>
          </dep>
          <dep type="amod">
            <governor idx="18">complaint</governor>
            <dependent idx="17">formal</dependent>
          </dep>
          <dep type="dobj">
            <governor idx="15">made</governor>
            <dependent idx="18">complaint</dependent>
          </dep>
          <dep type="case">
            <governor idx="21">Bloggs</governor>
            <dependent idx="19">about</dependent>
          </dep>
          <dep type="compound">
            <governor idx="21">Bloggs</governor>
            <dependent idx="20">Joe</dependent>
          </dep>
          <dep type="nmod:about">
            <governor idx="15">made</governor>
            <dependent idx="21">Bloggs</dependent>
          </dep>
          <dep type="punct">
            <governor idx="4">addressed</governor>
            <dependent idx="22">.</dependent>
          </dep>
        </dependencies>
      </sentence>
      <sentence id="70">
        <tokens>
          <token id="1">
            <word>They</word>
            <lemma>they</lemma>
            <CharacterOffsetBegin>7423</CharacterOffsetBegin>
            <CharacterOffsetEnd>7427</CharacterOffsetEnd>
            <POS>PRP</POS>
            <NER>O</NER>
            <Speaker>PER0</Speaker>
          </token>
          <token id="2">
            <word>stated</word>
            <lemma>state</lemma>
            <CharacterOffsetBegin>7428</CharacterOffsetBegin>
            <CharacterOffsetEnd>7434</CharacterOffsetEnd>
            <POS>VBD</POS>
            <NER>O</NER>
            <Speaker>PER0</Speaker>
          </token>
          <token id="3">
            <word>that</word>
            <lemma>that</lemma>
            <CharacterOffsetBegin>7435</CharacterOffsetBegin>
            <CharacterOffsetEnd>7439</CharacterOffsetEnd>
            <POS>IN</POS>
            <NER>O</NER>
            <Speaker>PER0</Speaker>
          </token>
          <token id="4">
            <word>they</word>
            <lemma>they</lemma>
            <CharacterOffsetBegin>7440</CharacterOffsetBegin>
            <CharacterOffsetEnd>7444</CharacterOffsetEnd>
            <POS>PRP</POS>
            <NER>O</NER>
            <Speaker>PER0</Speaker>
          </token>
          <token id="5">
            <word>feared</word>
            <lemma>fear</lemma>
            <CharacterOffsetBegin>7445</CharacterOffsetBegin>
            <CharacterOffsetEnd>7451</CharacterOffsetEnd>
            <POS>VBD</POS>
            <NER>O</NER>
            <Speaker>PER0</Speaker>
          </token>
          <token id="6">
            <word>losing</word>
            <lemma>lose</lemma>
            <CharacterOffsetBegin>7452</CharacterOffsetBegin>
            <CharacterOffsetEnd>7458</CharacterOffsetEnd>
            <POS>VBG</POS>
            <NER>O</NER>
            <Speaker>PER0</Speaker>
          </token>
          <token id="7">
            <word>their</word>
            <lemma>they</lemma>
            <CharacterOffsetBegin>7459</CharacterOffsetBegin>
            <CharacterOffsetEnd>7464</CharacterOffsetEnd>
            <POS>PRP$</POS>
            <NER>O</NER>
            <Speaker>PER0</Speaker>
          </token>
          <token id="8">
            <word>jobs</word>
            <lemma>job</lemma>
            <CharacterOffsetBegin>7465</CharacterOffsetBegin>
            <CharacterOffsetEnd>7469</CharacterOffsetEnd>
            <POS>NNS</POS>
            <NER>O</NER>
            <Speaker>PER0</Speaker>
          </token>
          <token id="9">
            <word>or</word>
            <lemma>or</lemma>
            <CharacterOffsetBegin>7470</CharacterOffsetBegin>
            <CharacterOffsetEnd>7472</CharacterOffsetEnd>
            <POS>CC</POS>
            <NER>O</NER>
            <Speaker>PER0</Speaker>
          </token>
          <token id="10">
            <word>did</word>
            <lemma>do</lemma>
            <CharacterOffsetBegin>7473</CharacterOffsetBegin>
            <CharacterOffsetEnd>7476</CharacterOffsetEnd>
            <POS>VBD</POS>
            <NER>O</NER>
            <Speaker>PER0</Speaker>
          </token>
          <token id="11">
            <word>n't</word>
            <lemma>not</lemma>
            <CharacterOffsetBegin>7476</CharacterOffsetBegin>
            <CharacterOffsetEnd>7479</CharacterOffsetEnd>
            <POS>RB</POS>
            <NER>O</NER>
            <Speaker>PER0</Speaker>
          </token>
          <token id="12">
            <word>want</word>
            <lemma>want</lemma>
            <CharacterOffsetBegin>7480</CharacterOffsetBegin>
            <CharacterOffsetEnd>7484</CharacterOffsetEnd>
            <POS>VB</POS>
            <NER>O</NER>
            <Speaker>PER0</Speaker>
          </token>
          <token id="13">
            <word>to</word>
            <lemma>to</lemma>
            <CharacterOffsetBegin>7485</CharacterOffsetBegin>
            <CharacterOffsetEnd>7487</CharacterOffsetEnd>
            <POS>TO</POS>
            <NER>O</NER>
            <Speaker>PER0</Speaker>
          </token>
          <token id="14">
            <word>create</word>
            <lemma>create</lemma>
            <CharacterOffsetBegin>7488</CharacterOffsetBegin>
            <CharacterOffsetEnd>7494</CharacterOffsetEnd>
            <POS>VB</POS>
            <NER>O</NER>
            <Speaker>PER0</Speaker>
          </token>
          <token id="15">
            <word>tension</word>
            <lemma>tension</lemma>
            <CharacterOffsetBegin>7495</CharacterOffsetBegin>
            <CharacterOffsetEnd>7502</CharacterOffsetEnd>
            <POS>NN</POS>
            <NER>O</NER>
            <Speaker>PER0</Speaker>
          </token>
          <token id="16">
            <word>in</word>
            <lemma>in</lemma>
            <CharacterOffsetBegin>7503</CharacterOffsetBegin>
            <CharacterOffsetEnd>7505</CharacterOffsetEnd>
            <POS>IN</POS>
            <NER>O</NER>
            <Speaker>PER0</Speaker>
          </token>
          <token id="17">
            <word>the</word>
            <lemma>the</lemma>
            <CharacterOffsetBegin>7506</CharacterOffsetBegin>
            <CharacterOffsetEnd>7509</CharacterOffsetEnd>
            <POS>DT</POS>
            <NER>O</NER>
            <Speaker>PER0</Speaker>
          </token>
          <token id="18">
            <word>workplace</word>
            <lemma>workplace</lemma>
            <CharacterOffsetBegin>7510</CharacterOffsetBegin>
            <CharacterOffsetEnd>7519</CharacterOffsetEnd>
            <POS>NN</POS>
            <NER>O</NER>
            <Speaker>PER0</Speaker>
          </token>
          <token id="19">
            <word>.</word>
            <lemma>.</lemma>
            <CharacterOffsetBegin>7519</CharacterOffsetBegin>
            <CharacterOffsetEnd>7520</CharacterOffsetEnd>
            <POS>.</POS>
            <NER>O</NER>
            <Speaker>PER0</Speaker>
          </token>
        </tokens>
        <parse>(ROOT (S (NP (PRP They)) (VP (VBD stated) (SBAR (IN that) (S (NP (PRP they)) (VP (VP (VBD feared) (S (VP (VBG losing) (NP (PRP$ their) (NNS jobs))))) (CC or) (VP (VBD did) (RB n't) (VP (VB want) (S (VP (TO to) (VP (VB create) (NP (NN tension)) (PP (IN in) (NP (DT the) (NN workplace)))))))))))) (. .))) </parse>
        <dependencies type="basic-dependencies">
          <dep type="root">
            <governor idx="0">ROOT</governor>
            <dependent idx="2">stated</dependent>
          </dep>
          <dep type="nsubj">
            <governor idx="2">stated</governor>
            <dependent idx="1">They</dependent>
          </dep>
          <dep type="mark">
            <governor idx="5">feared</governor>
            <dependent idx="3">that</dependent>
          </dep>
          <dep type="nsubj">
            <governor idx="5">feared</governor>
            <dependent idx="4">they</dependent>
          </dep>
          <dep type="ccomp">
            <governor idx="2">stated</governor>
            <dependent idx="5">feared</dependent>
          </dep>
          <dep type="xcomp">
            <governor idx="5">feared</governor>
            <dependent idx="6">losing</dependent>
          </dep>
          <dep type="nmod:poss">
            <governor idx="8">jobs</governor>
            <dependent idx="7">their</dependent>
          </dep>
          <dep type="dobj">
            <governor idx="6">losing</governor>
            <dependent idx="8">jobs</dependent>
          </dep>
          <dep type="cc">
            <governor idx="5">feared</governor>
            <dependent idx="9">or</dependent>
          </dep>
          <dep type="aux">
            <governor idx="12">want</governor>
            <dependent idx="10">did</dependent>
          </dep>
          <dep type="neg">
            <governor idx="12">want</governor>
            <dependent idx="11">n't</dependent>
          </dep>
          <dep type="conj">
            <governor idx="5">feared</governor>
            <dependent idx="12">want</dependent>
          </dep>
          <dep type="mark">
            <governor idx="14">create</governor>
            <dependent idx="13">to</dependent>
          </dep>
          <dep type="xcomp">
            <governor idx="12">want</governor>
            <dependent idx="14">create</dependent>
          </dep>
          <dep type="dobj">
            <governor idx="14">create</governor>
            <dependent idx="15">tension</dependent>
          </dep>
          <dep type="case">
            <governor idx="18">workplace</governor>
            <dependent idx="16">in</dependent>
          </dep>
          <dep type="det">
            <governor idx="18">workplace</governor>
            <dependent idx="17">the</dependent>
          </dep>
          <dep type="nmod">
            <governor idx="14">create</governor>
            <dependent idx="18">workplace</dependent>
          </dep>
          <dep type="punct">
            <governor idx="2">stated</governor>
            <dependent idx="19">.</dependent>
          </dep>
        </dependencies>
        <dependencies type="collapsed-dependencies">
          <dep type="root">
            <governor idx="0">ROOT</governor>
            <dependent idx="2">stated</dependent>
          </dep>
          <dep type="nsubj">
            <governor idx="2">stated</governor>
            <dependent idx="1">They</dependent>
          </dep>
          <dep type="mark">
            <governor idx="5">feared</governor>
            <dependent idx="3">that</dependent>
          </dep>
          <dep type="nsubj">
            <governor idx="5">feared</governor>
            <dependent idx="4">they</dependent>
          </dep>
          <dep type="ccomp">
            <governor idx="2">stated</governor>
            <dependent idx="5">feared</dependent>
          </dep>
          <dep type="xcomp">
            <governor idx="5">feared</governor>
            <dependent idx="6">losing</dependent>
          </dep>
          <dep type="nmod:poss">
            <governor idx="8">jobs</governor>
            <dependent idx="7">their</dependent>
          </dep>
          <dep type="dobj">
            <governor idx="6">losing</governor>
            <dependent idx="8">jobs</dependent>
          </dep>
          <dep type="cc">
            <governor idx="5">feared</governor>
            <dependent idx="9">or</dependent>
          </dep>
          <dep type="aux">
            <governor idx="12">want</governor>
            <dependent idx="10">did</dependent>
          </dep>
          <dep type="neg">
            <governor idx="12">want</governor>
            <dependent idx="11">n't</dependent>
          </dep>
          <dep type="conj:or">
            <governor idx="5">feared</governor>
            <dependent idx="12">want</dependent>
          </dep>
          <dep type="mark">
            <governor idx="14">create</governor>
            <dependent idx="13">to</dependent>
          </dep>
          <dep type="xcomp">
            <governor idx="12">want</governor>
            <dependent idx="14">create</dependent>
          </dep>
          <dep type="dobj">
            <governor idx="14">create</governor>
            <dependent idx="15">tension</dependent>
          </dep>
          <dep type="case">
            <governor idx="18">workplace</governor>
            <dependent idx="16">in</dependent>
          </dep>
          <dep type="det">
            <governor idx="18">workplace</governor>
            <dependent idx="17">the</dependent>
          </dep>
          <dep type="nmod:in">
            <governor idx="14">create</governor>
            <dependent idx="18">workplace</dependent>
          </dep>
          <dep type="punct">
            <governor idx="2">stated</governor>
            <dependent idx="19">.</dependent>
          </dep>
        </dependencies>
        <dependencies type="collapsed-ccprocessed-dependencies">
          <dep type="root">
            <governor idx="0">ROOT</governor>
            <dependent idx="2">stated</dependent>
          </dep>
          <dep type="nsubj">
            <governor idx="2">stated</governor>
            <dependent idx="1">They</dependent>
          </dep>
          <dep type="mark">
            <governor idx="5">feared</governor>
            <dependent idx="3">that</dependent>
          </dep>
          <dep type="nsubj">
            <governor idx="5">feared</governor>
            <dependent idx="4">they</dependent>
          </dep>
          <dep type="nsubj" extra="true">
            <governor idx="12">want</governor>
            <dependent idx="4">they</dependent>
          </dep>
          <dep type="ccomp">
            <governor idx="2">stated</governor>
            <dependent idx="5">feared</dependent>
          </dep>
          <dep type="xcomp">
            <governor idx="5">feared</governor>
            <dependent idx="6">losing</dependent>
          </dep>
          <dep type="nmod:poss">
            <governor idx="8">jobs</governor>
            <dependent idx="7">their</dependent>
          </dep>
          <dep type="dobj">
            <governor idx="6">losing</governor>
            <dependent idx="8">jobs</dependent>
          </dep>
          <dep type="cc">
            <governor idx="5">feared</governor>
            <dependent idx="9">or</dependent>
          </dep>
          <dep type="aux">
            <governor idx="12">want</governor>
            <dependent idx="10">did</dependent>
          </dep>
          <dep type="neg">
            <governor idx="12">want</governor>
            <dependent idx="11">n't</dependent>
          </dep>
          <dep type="ccomp" extra="true">
            <governor idx="2">stated</governor>
            <dependent idx="12">want</dependent>
          </dep>
          <dep type="conj:or">
            <governor idx="5">feared</governor>
            <dependent idx="12">want</dependent>
          </dep>
          <dep type="mark">
            <governor idx="14">create</governor>
            <dependent idx="13">to</dependent>
          </dep>
          <dep type="xcomp">
            <governor idx="12">want</governor>
            <dependent idx="14">create</dependent>
          </dep>
          <dep type="dobj">
            <governor idx="14">create</governor>
            <dependent idx="15">tension</dependent>
          </dep>
          <dep type="case">
            <governor idx="18">workplace</governor>
            <dependent idx="16">in</dependent>
          </dep>
          <dep type="det">
            <governor idx="18">workplace</governor>
            <dependent idx="17">the</dependent>
          </dep>
          <dep type="nmod:in">
            <governor idx="14">create</governor>
            <dependent idx="18">workplace</dependent>
          </dep>
          <dep type="punct">
            <governor idx="2">stated</governor>
            <dependent idx="19">.</dependent>
          </dep>
        </dependencies>
      </sentence>
      <sentence id="71">
        <tokens>
          <token id="1">
            <word>Previous</word>
            <lemma>previous</lemma>
            <CharacterOffsetBegin>7521</CharacterOffsetBegin>
            <CharacterOffsetEnd>7529</CharacterOffsetEnd>
            <POS>JJ</POS>
            <NER>O</NER>
            <Speaker>PER0</Speaker>
          </token>
          <token id="2">
            <word>to</word>
            <lemma>to</lemma>
            <CharacterOffsetBegin>7530</CharacterOffsetBegin>
            <CharacterOffsetEnd>7532</CharacterOffsetEnd>
            <POS>TO</POS>
            <NER>O</NER>
            <Speaker>PER0</Speaker>
          </token>
          <token id="3">
            <word>this</word>
            <lemma>this</lemma>
            <CharacterOffsetBegin>7533</CharacterOffsetBegin>
            <CharacterOffsetEnd>7537</CharacterOffsetEnd>
            <POS>DT</POS>
            <NER>O</NER>
            <Speaker>PER0</Speaker>
          </token>
          <token id="4">
            <word>example</word>
            <lemma>example</lemma>
            <CharacterOffsetBegin>7538</CharacterOffsetBegin>
            <CharacterOffsetEnd>7545</CharacterOffsetEnd>
            <POS>NN</POS>
            <NER>O</NER>
            <Speaker>PER0</Speaker>
          </token>
          <token id="5">
            <word>,</word>
            <lemma>,</lemma>
            <CharacterOffsetBegin>7545</CharacterOffsetBegin>
            <CharacterOffsetEnd>7546</CharacterOffsetEnd>
            <POS>,</POS>
            <NER>O</NER>
            <Speaker>PER0</Speaker>
          </token>
          <token id="6">
            <word>I</word>
            <lemma>I</lemma>
            <CharacterOffsetBegin>7547</CharacterOffsetBegin>
            <CharacterOffsetEnd>7548</CharacterOffsetEnd>
            <POS>PRP</POS>
            <NER>O</NER>
            <Speaker>PER0</Speaker>
          </token>
          <token id="7">
            <word>had</word>
            <lemma>have</lemma>
            <CharacterOffsetBegin>7549</CharacterOffsetBegin>
            <CharacterOffsetEnd>7552</CharacterOffsetEnd>
            <POS>VBD</POS>
            <NER>O</NER>
            <Speaker>PER0</Speaker>
          </token>
          <token id="8">
            <word>other</word>
            <lemma>other</lemma>
            <CharacterOffsetBegin>7553</CharacterOffsetBegin>
            <CharacterOffsetEnd>7558</CharacterOffsetEnd>
            <POS>JJ</POS>
            <NER>O</NER>
            <Speaker>PER0</Speaker>
          </token>
          <token id="9">
            <word>employees</word>
            <lemma>employee</lemma>
            <CharacterOffsetBegin>7559</CharacterOffsetBegin>
            <CharacterOffsetEnd>7568</CharacterOffsetEnd>
            <POS>NNS</POS>
            <NER>O</NER>
            <Speaker>PER0</Speaker>
          </token>
          <token id="10">
            <word>approach</word>
            <lemma>approach</lemma>
            <CharacterOffsetBegin>7569</CharacterOffsetBegin>
            <CharacterOffsetEnd>7577</CharacterOffsetEnd>
            <POS>VBP</POS>
            <NER>O</NER>
            <Speaker>PER0</Speaker>
          </token>
          <token id="11">
            <word>me</word>
            <lemma>I</lemma>
            <CharacterOffsetBegin>7578</CharacterOffsetBegin>
            <CharacterOffsetEnd>7580</CharacterOffsetEnd>
            <POS>PRP</POS>
            <NER>O</NER>
            <Speaker>PER0</Speaker>
          </token>
          <token id="12">
            <word>about</word>
            <lemma>about</lemma>
            <CharacterOffsetBegin>7581</CharacterOffsetBegin>
            <CharacterOffsetEnd>7586</CharacterOffsetEnd>
            <POS>IN</POS>
            <NER>O</NER>
            <Speaker>PER0</Speaker>
          </token>
          <token id="13">
            <word>other</word>
            <lemma>other</lemma>
            <CharacterOffsetBegin>7587</CharacterOffsetBegin>
            <CharacterOffsetEnd>7592</CharacterOffsetEnd>
            <POS>JJ</POS>
            <NER>O</NER>
            <Speaker>PER0</Speaker>
          </token>
          <token id="14">
            <word>matters</word>
            <lemma>matter</lemma>
            <CharacterOffsetBegin>7593</CharacterOffsetBegin>
            <CharacterOffsetEnd>7600</CharacterOffsetEnd>
            <POS>NNS</POS>
            <NER>O</NER>
            <Speaker>PER0</Speaker>
          </token>
          <token id="15">
            <word>and</word>
            <lemma>and</lemma>
            <CharacterOffsetBegin>7601</CharacterOffsetBegin>
            <CharacterOffsetEnd>7604</CharacterOffsetEnd>
            <POS>CC</POS>
            <NER>O</NER>
            <Speaker>PER0</Speaker>
          </token>
          <token id="16">
            <word>whether</word>
            <lemma>whether</lemma>
            <CharacterOffsetBegin>7605</CharacterOffsetBegin>
            <CharacterOffsetEnd>7612</CharacterOffsetEnd>
            <POS>IN</POS>
            <NER>O</NER>
            <Speaker>PER0</Speaker>
          </token>
          <token id="17">
            <word>they</word>
            <lemma>they</lemma>
            <CharacterOffsetBegin>7613</CharacterOffsetBegin>
            <CharacterOffsetEnd>7617</CharacterOffsetEnd>
            <POS>PRP</POS>
            <NER>O</NER>
            <Speaker>PER0</Speaker>
          </token>
          <token id="18">
            <word>should</word>
            <lemma>should</lemma>
            <CharacterOffsetBegin>7618</CharacterOffsetBegin>
            <CharacterOffsetEnd>7624</CharacterOffsetEnd>
            <POS>MD</POS>
            <NER>O</NER>
            <Speaker>PER0</Speaker>
          </token>
          <token id="19">
            <word>report</word>
            <lemma>report</lemma>
            <CharacterOffsetBegin>7625</CharacterOffsetBegin>
            <CharacterOffsetEnd>7631</CharacterOffsetEnd>
            <POS>VB</POS>
            <NER>O</NER>
            <Speaker>PER0</Speaker>
          </token>
          <token id="20">
            <word>it</word>
            <lemma>it</lemma>
            <CharacterOffsetBegin>7632</CharacterOffsetBegin>
            <CharacterOffsetEnd>7634</CharacterOffsetEnd>
            <POS>PRP</POS>
            <NER>O</NER>
            <Speaker>PER0</Speaker>
          </token>
          <token id="21">
            <word>to</word>
            <lemma>to</lemma>
            <CharacterOffsetBegin>7635</CharacterOffsetBegin>
            <CharacterOffsetEnd>7637</CharacterOffsetEnd>
            <POS>TO</POS>
            <NER>O</NER>
            <Speaker>PER0</Speaker>
          </token>
          <token id="22">
            <word>the</word>
            <lemma>the</lemma>
            <CharacterOffsetBegin>7638</CharacterOffsetBegin>
            <CharacterOffsetEnd>7641</CharacterOffsetEnd>
            <POS>DT</POS>
            <NER>O</NER>
            <Speaker>PER0</Speaker>
          </token>
          <token id="23">
            <word>Ethics</word>
            <lemma>Ethics</lemma>
            <CharacterOffsetBegin>7642</CharacterOffsetBegin>
            <CharacterOffsetEnd>7648</CharacterOffsetEnd>
            <POS>NNPS</POS>
            <NER>MISC</NER>
            <Speaker>PER0</Speaker>
          </token>
          <token id="24">
            <word>department</word>
            <lemma>department</lemma>
            <CharacterOffsetBegin>7649</CharacterOffsetBegin>
            <CharacterOffsetEnd>7659</CharacterOffsetEnd>
            <POS>NN</POS>
            <NER>O</NER>
            <Speaker>PER0</Speaker>
          </token>
          <token id="25">
            <word>.</word>
            <lemma>.</lemma>
            <CharacterOffsetBegin>7659</CharacterOffsetBegin>
            <CharacterOffsetEnd>7660</CharacterOffsetEnd>
            <POS>.</POS>
            <NER>O</NER>
            <Speaker>PER0</Speaker>
          </token>
        </tokens>
        <parse>(ROOT (S (S (ADJP (JJ Previous) (PP (TO to) (NP (DT this) (NN example))))) (, ,) (NP (PRP I)) (VP (VBD had) (NP (JJ other) (NNS employees)) (SBAR (SBAR (S (VP (VBP approach) (NP (PRP me)) (PP (IN about) (NP (JJ other) (NNS matters)))))) (CC and) (SBAR (IN whether) (S (NP (PRP they)) (VP (MD should) (VP (VB report) (NP (PRP it)) (PP (TO to) (NP (DT the) (NNPS Ethics) (NN department))))))))) (. .))) </parse>
        <dependencies type="basic-dependencies">
          <dep type="root">
            <governor idx="0">ROOT</governor>
            <dependent idx="7">had</dependent>
          </dep>
          <dep type="ccomp">
            <governor idx="7">had</governor>
            <dependent idx="1">Previous</dependent>
          </dep>
          <dep type="case">
            <governor idx="4">example</governor>
            <dependent idx="2">to</dependent>
          </dep>
          <dep type="det">
            <governor idx="4">example</governor>
            <dependent idx="3">this</dependent>
          </dep>
          <dep type="nmod">
            <governor idx="1">Previous</governor>
            <dependent idx="4">example</dependent>
          </dep>
          <dep type="punct">
            <governor idx="7">had</governor>
            <dependent idx="5">,</dependent>
          </dep>
          <dep type="nsubj">
            <governor idx="7">had</governor>
            <dependent idx="6">I</dependent>
          </dep>
          <dep type="amod">
            <governor idx="9">employees</governor>
            <dependent idx="8">other</dependent>
          </dep>
          <dep type="dobj">
            <governor idx="7">had</governor>
            <dependent idx="9">employees</dependent>
          </dep>
          <dep type="ccomp">
            <governor idx="7">had</governor>
            <dependent idx="10">approach</dependent>
          </dep>
          <dep type="dobj">
            <governor idx="10">approach</governor>
            <dependent idx="11">me</dependent>
          </dep>
          <dep type="case">
            <governor idx="14">matters</governor>
            <dependent idx="12">about</dependent>
          </dep>
          <dep type="amod">
            <governor idx="14">matters</governor>
            <dependent idx="13">other</dependent>
          </dep>
          <dep type="nmod">
            <governor idx="10">approach</governor>
            <dependent idx="14">matters</dependent>
          </dep>
          <dep type="cc">
            <governor idx="10">approach</governor>
            <dependent idx="15">and</dependent>
          </dep>
          <dep type="mark">
            <governor idx="19">report</governor>
            <dependent idx="16">whether</dependent>
          </dep>
          <dep type="nsubj">
            <governor idx="19">report</governor>
            <dependent idx="17">they</dependent>
          </dep>
          <dep type="aux">
            <governor idx="19">report</governor>
            <dependent idx="18">should</dependent>
          </dep>
          <dep type="conj">
            <governor idx="10">approach</governor>
            <dependent idx="19">report</dependent>
          </dep>
          <dep type="dobj">
            <governor idx="19">report</governor>
            <dependent idx="20">it</dependent>
          </dep>
          <dep type="case">
            <governor idx="24">department</governor>
            <dependent idx="21">to</dependent>
          </dep>
          <dep type="det">
            <governor idx="24">department</governor>
            <dependent idx="22">the</dependent>
          </dep>
          <dep type="compound">
            <governor idx="24">department</governor>
            <dependent idx="23">Ethics</dependent>
          </dep>
          <dep type="nmod">
            <governor idx="19">report</governor>
            <dependent idx="24">department</dependent>
          </dep>
          <dep type="punct">
            <governor idx="7">had</governor>
            <dependent idx="25">.</dependent>
          </dep>
        </dependencies>
        <dependencies type="collapsed-dependencies">
          <dep type="root">
            <governor idx="0">ROOT</governor>
            <dependent idx="7">had</dependent>
          </dep>
          <dep type="ccomp">
            <governor idx="7">had</governor>
            <dependent idx="1">Previous</dependent>
          </dep>
          <dep type="case">
            <governor idx="4">example</governor>
            <dependent idx="2">to</dependent>
          </dep>
          <dep type="det">
            <governor idx="4">example</governor>
            <dependent idx="3">this</dependent>
          </dep>
          <dep type="nmod:to">
            <governor idx="1">Previous</governor>
            <dependent idx="4">example</dependent>
          </dep>
          <dep type="punct">
            <governor idx="7">had</governor>
            <dependent idx="5">,</dependent>
          </dep>
          <dep type="nsubj">
            <governor idx="7">had</governor>
            <dependent idx="6">I</dependent>
          </dep>
          <dep type="amod">
            <governor idx="9">employees</governor>
            <dependent idx="8">other</dependent>
          </dep>
          <dep type="dobj">
            <governor idx="7">had</governor>
            <dependent idx="9">employees</dependent>
          </dep>
          <dep type="ccomp">
            <governor idx="7">had</governor>
            <dependent idx="10">approach</dependent>
          </dep>
          <dep type="dobj">
            <governor idx="10">approach</governor>
            <dependent idx="11">me</dependent>
          </dep>
          <dep type="case">
            <governor idx="14">matters</governor>
            <dependent idx="12">about</dependent>
          </dep>
          <dep type="amod">
            <governor idx="14">matters</governor>
            <dependent idx="13">other</dependent>
          </dep>
          <dep type="nmod:about">
            <governor idx="10">approach</governor>
            <dependent idx="14">matters</dependent>
          </dep>
          <dep type="cc">
            <governor idx="10">approach</governor>
            <dependent idx="15">and</dependent>
          </dep>
          <dep type="mark">
            <governor idx="19">report</governor>
            <dependent idx="16">whether</dependent>
          </dep>
          <dep type="nsubj">
            <governor idx="19">report</governor>
            <dependent idx="17">they</dependent>
          </dep>
          <dep type="aux">
            <governor idx="19">report</governor>
            <dependent idx="18">should</dependent>
          </dep>
          <dep type="conj:and">
            <governor idx="10">approach</governor>
            <dependent idx="19">report</dependent>
          </dep>
          <dep type="dobj">
            <governor idx="19">report</governor>
            <dependent idx="20">it</dependent>
          </dep>
          <dep type="case">
            <governor idx="24">department</governor>
            <dependent idx="21">to</dependent>
          </dep>
          <dep type="det">
            <governor idx="24">department</governor>
            <dependent idx="22">the</dependent>
          </dep>
          <dep type="compound">
            <governor idx="24">department</governor>
            <dependent idx="23">Ethics</dependent>
          </dep>
          <dep type="nmod:to">
            <governor idx="19">report</governor>
            <dependent idx="24">department</dependent>
          </dep>
          <dep type="punct">
            <governor idx="7">had</governor>
            <dependent idx="25">.</dependent>
          </dep>
        </dependencies>
        <dependencies type="collapsed-ccprocessed-dependencies">
          <dep type="root">
            <governor idx="0">ROOT</governor>
            <dependent idx="7">had</dependent>
          </dep>
          <dep type="ccomp">
            <governor idx="7">had</governor>
            <dependent idx="1">Previous</dependent>
          </dep>
          <dep type="case">
            <governor idx="4">example</governor>
            <dependent idx="2">to</dependent>
          </dep>
          <dep type="det">
            <governor idx="4">example</governor>
            <dependent idx="3">this</dependent>
          </dep>
          <dep type="nmod:to">
            <governor idx="1">Previous</governor>
            <dependent idx="4">example</dependent>
          </dep>
          <dep type="punct">
            <governor idx="7">had</governor>
            <dependent idx="5">,</dependent>
          </dep>
          <dep type="nsubj">
            <governor idx="7">had</governor>
            <dependent idx="6">I</dependent>
          </dep>
          <dep type="amod">
            <governor idx="9">employees</governor>
            <dependent idx="8">other</dependent>
          </dep>
          <dep type="dobj">
            <governor idx="7">had</governor>
            <dependent idx="9">employees</dependent>
          </dep>
          <dep type="ccomp">
            <governor idx="7">had</governor>
            <dependent idx="10">approach</dependent>
          </dep>
          <dep type="dobj">
            <governor idx="10">approach</governor>
            <dependent idx="11">me</dependent>
          </dep>
          <dep type="case">
            <governor idx="14">matters</governor>
            <dependent idx="12">about</dependent>
          </dep>
          <dep type="amod">
            <governor idx="14">matters</governor>
            <dependent idx="13">other</dependent>
          </dep>
          <dep type="nmod:about">
            <governor idx="10">approach</governor>
            <dependent idx="14">matters</dependent>
          </dep>
          <dep type="cc">
            <governor idx="10">approach</governor>
            <dependent idx="15">and</dependent>
          </dep>
          <dep type="mark">
            <governor idx="19">report</governor>
            <dependent idx="16">whether</dependent>
          </dep>
          <dep type="nsubj">
            <governor idx="19">report</governor>
            <dependent idx="17">they</dependent>
          </dep>
          <dep type="aux">
            <governor idx="19">report</governor>
            <dependent idx="18">should</dependent>
          </dep>
          <dep type="ccomp" extra="true">
            <governor idx="7">had</governor>
            <dependent idx="19">report</dependent>
          </dep>
          <dep type="conj:and">
            <governor idx="10">approach</governor>
            <dependent idx="19">report</dependent>
          </dep>
          <dep type="dobj">
            <governor idx="19">report</governor>
            <dependent idx="20">it</dependent>
          </dep>
          <dep type="case">
            <governor idx="24">department</governor>
            <dependent idx="21">to</dependent>
          </dep>
          <dep type="det">
            <governor idx="24">department</governor>
            <dependent idx="22">the</dependent>
          </dep>
          <dep type="compound">
            <governor idx="24">department</governor>
            <dependent idx="23">Ethics</dependent>
          </dep>
          <dep type="nmod:to">
            <governor idx="19">report</governor>
            <dependent idx="24">department</dependent>
          </dep>
          <dep type="punct">
            <governor idx="7">had</governor>
            <dependent idx="25">.</dependent>
          </dep>
        </dependencies>
      </sentence>
      <sentence id="72">
        <tokens>
          <token id="1">
            <word>But</word>
            <lemma>but</lemma>
            <CharacterOffsetBegin>7661</CharacterOffsetBegin>
            <CharacterOffsetEnd>7664</CharacterOffsetEnd>
            <POS>CC</POS>
            <NER>O</NER>
            <Speaker>PER0</Speaker>
          </token>
          <token id="2">
            <word>when</word>
            <lemma>when</lemma>
            <CharacterOffsetBegin>7665</CharacterOffsetBegin>
            <CharacterOffsetEnd>7669</CharacterOffsetEnd>
            <POS>WRB</POS>
            <NER>O</NER>
            <Speaker>PER0</Speaker>
          </token>
          <token id="3">
            <word>it</word>
            <lemma>it</lemma>
            <CharacterOffsetBegin>7670</CharacterOffsetBegin>
            <CharacterOffsetEnd>7672</CharacterOffsetEnd>
            <POS>PRP</POS>
            <NER>O</NER>
            <Speaker>PER0</Speaker>
          </token>
          <token id="4">
            <word>came</word>
            <lemma>come</lemma>
            <CharacterOffsetBegin>7673</CharacterOffsetBegin>
            <CharacterOffsetEnd>7677</CharacterOffsetEnd>
            <POS>VBD</POS>
            <NER>O</NER>
            <Speaker>PER0</Speaker>
          </token>
          <token id="5">
            <word>to</word>
            <lemma>to</lemma>
            <CharacterOffsetBegin>7678</CharacterOffsetBegin>
            <CharacterOffsetEnd>7680</CharacterOffsetEnd>
            <POS>TO</POS>
            <NER>O</NER>
            <Speaker>PER0</Speaker>
          </token>
          <token id="6">
            <word>crunch</word>
            <lemma>crunch</lemma>
            <CharacterOffsetBegin>7681</CharacterOffsetBegin>
            <CharacterOffsetEnd>7687</CharacterOffsetEnd>
            <POS>NN</POS>
            <NER>O</NER>
            <Speaker>PER0</Speaker>
          </token>
          <token id="7">
            <word>time</word>
            <lemma>time</lemma>
            <CharacterOffsetBegin>7688</CharacterOffsetBegin>
            <CharacterOffsetEnd>7692</CharacterOffsetEnd>
            <POS>NN</POS>
            <NER>O</NER>
            <Speaker>PER0</Speaker>
          </token>
          <token id="8">
            <word>,</word>
            <lemma>,</lemma>
            <CharacterOffsetBegin>7692</CharacterOffsetBegin>
            <CharacterOffsetEnd>7693</CharacterOffsetEnd>
            <POS>,</POS>
            <NER>O</NER>
            <Speaker>PER0</Speaker>
          </token>
          <token id="9">
            <word>they</word>
            <lemma>they</lemma>
            <CharacterOffsetBegin>7694</CharacterOffsetBegin>
            <CharacterOffsetEnd>7698</CharacterOffsetEnd>
            <POS>PRP</POS>
            <NER>O</NER>
            <Speaker>PER0</Speaker>
          </token>
          <token id="10">
            <word>never</word>
            <lemma>never</lemma>
            <CharacterOffsetBegin>7699</CharacterOffsetBegin>
            <CharacterOffsetEnd>7704</CharacterOffsetEnd>
            <POS>RB</POS>
            <NER>O</NER>
            <Speaker>PER0</Speaker>
          </token>
          <token id="11">
            <word>did</word>
            <lemma>do</lemma>
            <CharacterOffsetBegin>7705</CharacterOffsetBegin>
            <CharacterOffsetEnd>7708</CharacterOffsetEnd>
            <POS>VBD</POS>
            <NER>O</NER>
            <Speaker>PER0</Speaker>
          </token>
          <token id="12">
            <word>.</word>
            <lemma>.</lemma>
            <CharacterOffsetBegin>7708</CharacterOffsetBegin>
            <CharacterOffsetEnd>7709</CharacterOffsetEnd>
            <POS>.</POS>
            <NER>O</NER>
            <Speaker>PER0</Speaker>
          </token>
        </tokens>
        <parse>(ROOT (S (CC But) (SBAR (WHADVP (WRB when)) (S (NP (PRP it)) (VP (VBD came) (PP (TO to) (NP (NN crunch) (NN time)))))) (, ,) (NP (PRP they)) (ADVP (RB never)) (VP (VBD did)) (. .))) </parse>
        <dependencies type="basic-dependencies">
          <dep type="root">
            <governor idx="0">ROOT</governor>
            <dependent idx="11">did</dependent>
          </dep>
          <dep type="cc">
            <governor idx="11">did</governor>
            <dependent idx="1">But</dependent>
          </dep>
          <dep type="advmod">
            <governor idx="4">came</governor>
            <dependent idx="2">when</dependent>
          </dep>
          <dep type="nsubj">
            <governor idx="4">came</governor>
            <dependent idx="3">it</dependent>
          </dep>
          <dep type="advcl">
            <governor idx="11">did</governor>
            <dependent idx="4">came</dependent>
          </dep>
          <dep type="case">
            <governor idx="7">time</governor>
            <dependent idx="5">to</dependent>
          </dep>
          <dep type="compound">
            <governor idx="7">time</governor>
            <dependent idx="6">crunch</dependent>
          </dep>
          <dep type="nmod">
            <governor idx="4">came</governor>
            <dependent idx="7">time</dependent>
          </dep>
          <dep type="punct">
            <governor idx="11">did</governor>
            <dependent idx="8">,</dependent>
          </dep>
          <dep type="nsubj">
            <governor idx="11">did</governor>
            <dependent idx="9">they</dependent>
          </dep>
          <dep type="neg">
            <governor idx="11">did</governor>
            <dependent idx="10">never</dependent>
          </dep>
          <dep type="punct">
            <governor idx="11">did</governor>
            <dependent idx="12">.</dependent>
          </dep>
        </dependencies>
        <dependencies type="collapsed-dependencies">
          <dep type="root">
            <governor idx="0">ROOT</governor>
            <dependent idx="11">did</dependent>
          </dep>
          <dep type="cc">
            <governor idx="11">did</governor>
            <dependent idx="1">But</dependent>
          </dep>
          <dep type="advmod">
            <governor idx="4">came</governor>
            <dependent idx="2">when</dependent>
          </dep>
          <dep type="nsubj">
            <governor idx="4">came</governor>
            <dependent idx="3">it</dependent>
          </dep>
          <dep type="advcl">
            <governor idx="11">did</governor>
            <dependent idx="4">came</dependent>
          </dep>
          <dep type="case">
            <governor idx="7">time</governor>
            <dependent idx="5">to</dependent>
          </dep>
          <dep type="compound">
            <governor idx="7">time</governor>
            <dependent idx="6">crunch</dependent>
          </dep>
          <dep type="nmod:to">
            <governor idx="4">came</governor>
            <dependent idx="7">time</dependent>
          </dep>
          <dep type="punct">
            <governor idx="11">did</governor>
            <dependent idx="8">,</dependent>
          </dep>
          <dep type="nsubj">
            <governor idx="11">did</governor>
            <dependent idx="9">they</dependent>
          </dep>
          <dep type="neg">
            <governor idx="11">did</governor>
            <dependent idx="10">never</dependent>
          </dep>
          <dep type="punct">
            <governor idx="11">did</governor>
            <dependent idx="12">.</dependent>
          </dep>
        </dependencies>
        <dependencies type="collapsed-ccprocessed-dependencies">
          <dep type="root">
            <governor idx="0">ROOT</governor>
            <dependent idx="11">did</dependent>
          </dep>
          <dep type="cc">
            <governor idx="11">did</governor>
            <dependent idx="1">But</dependent>
          </dep>
          <dep type="advmod">
            <governor idx="4">came</governor>
            <dependent idx="2">when</dependent>
          </dep>
          <dep type="nsubj">
            <governor idx="4">came</governor>
            <dependent idx="3">it</dependent>
          </dep>
          <dep type="advcl">
            <governor idx="11">did</governor>
            <dependent idx="4">came</dependent>
          </dep>
          <dep type="case">
            <governor idx="7">time</governor>
            <dependent idx="5">to</dependent>
          </dep>
          <dep type="compound">
            <governor idx="7">time</governor>
            <dependent idx="6">crunch</dependent>
          </dep>
          <dep type="nmod:to">
            <governor idx="4">came</governor>
            <dependent idx="7">time</dependent>
          </dep>
          <dep type="punct">
            <governor idx="11">did</governor>
            <dependent idx="8">,</dependent>
          </dep>
          <dep type="nsubj">
            <governor idx="11">did</governor>
            <dependent idx="9">they</dependent>
          </dep>
          <dep type="neg">
            <governor idx="11">did</governor>
            <dependent idx="10">never</dependent>
          </dep>
          <dep type="punct">
            <governor idx="11">did</governor>
            <dependent idx="12">.</dependent>
          </dep>
        </dependencies>
      </sentence>
      <sentence id="73">
        <tokens>
          <token id="1">
            <word>They</word>
            <lemma>they</lemma>
            <CharacterOffsetBegin>7710</CharacterOffsetBegin>
            <CharacterOffsetEnd>7714</CharacterOffsetEnd>
            <POS>PRP</POS>
            <NER>O</NER>
            <Speaker>PER0</Speaker>
          </token>
          <token id="2">
            <word>were</word>
            <lemma>be</lemma>
            <CharacterOffsetBegin>7715</CharacterOffsetBegin>
            <CharacterOffsetEnd>7719</CharacterOffsetEnd>
            <POS>VBD</POS>
            <NER>O</NER>
            <Speaker>PER0</Speaker>
          </token>
          <token id="3">
            <word>always</word>
            <lemma>always</lemma>
            <CharacterOffsetBegin>7720</CharacterOffsetBegin>
            <CharacterOffsetEnd>7726</CharacterOffsetEnd>
            <POS>RB</POS>
            <NER>O</NER>
            <Speaker>PER0</Speaker>
          </token>
          <token id="4">
            <word>reluctant</word>
            <lemma>reluctant</lemma>
            <CharacterOffsetBegin>7727</CharacterOffsetBegin>
            <CharacterOffsetEnd>7736</CharacterOffsetEnd>
            <POS>JJ</POS>
            <NER>O</NER>
            <Speaker>PER0</Speaker>
          </token>
          <token id="5">
            <word>.</word>
            <lemma>.</lemma>
            <CharacterOffsetBegin>7736</CharacterOffsetBegin>
            <CharacterOffsetEnd>7737</CharacterOffsetEnd>
            <POS>.</POS>
            <NER>O</NER>
            <Speaker>PER0</Speaker>
          </token>
        </tokens>
        <parse>(ROOT (S (NP (PRP They)) (VP (VBD were) (ADVP (RB always)) (ADJP (JJ reluctant))) (. .))) </parse>
        <dependencies type="basic-dependencies">
          <dep type="root">
            <governor idx="0">ROOT</governor>
            <dependent idx="4">reluctant</dependent>
          </dep>
          <dep type="nsubj">
            <governor idx="4">reluctant</governor>
            <dependent idx="1">They</dependent>
          </dep>
          <dep type="cop">
            <governor idx="4">reluctant</governor>
            <dependent idx="2">were</dependent>
          </dep>
          <dep type="advmod">
            <governor idx="4">reluctant</governor>
            <dependent idx="3">always</dependent>
          </dep>
          <dep type="punct">
            <governor idx="4">reluctant</governor>
            <dependent idx="5">.</dependent>
          </dep>
        </dependencies>
        <dependencies type="collapsed-dependencies">
          <dep type="root">
            <governor idx="0">ROOT</governor>
            <dependent idx="4">reluctant</dependent>
          </dep>
          <dep type="nsubj">
            <governor idx="4">reluctant</governor>
            <dependent idx="1">They</dependent>
          </dep>
          <dep type="cop">
            <governor idx="4">reluctant</governor>
            <dependent idx="2">were</dependent>
          </dep>
          <dep type="advmod">
            <governor idx="4">reluctant</governor>
            <dependent idx="3">always</dependent>
          </dep>
          <dep type="punct">
            <governor idx="4">reluctant</governor>
            <dependent idx="5">.</dependent>
          </dep>
        </dependencies>
        <dependencies type="collapsed-ccprocessed-dependencies">
          <dep type="root">
            <governor idx="0">ROOT</governor>
            <dependent idx="4">reluctant</dependent>
          </dep>
          <dep type="nsubj">
            <governor idx="4">reluctant</governor>
            <dependent idx="1">They</dependent>
          </dep>
          <dep type="cop">
            <governor idx="4">reluctant</governor>
            <dependent idx="2">were</dependent>
          </dep>
          <dep type="advmod">
            <governor idx="4">reluctant</governor>
            <dependent idx="3">always</dependent>
          </dep>
          <dep type="punct">
            <governor idx="4">reluctant</governor>
            <dependent idx="5">.</dependent>
          </dep>
        </dependencies>
      </sentence>
      <sentence id="74">
        <tokens>
          <token id="1">
            <word>They</word>
            <lemma>they</lemma>
            <CharacterOffsetBegin>7738</CharacterOffsetBegin>
            <CharacterOffsetEnd>7742</CharacterOffsetEnd>
            <POS>PRP</POS>
            <NER>O</NER>
            <Speaker>PER0</Speaker>
          </token>
          <token id="2">
            <word>were</word>
            <lemma>be</lemma>
            <CharacterOffsetBegin>7743</CharacterOffsetBegin>
            <CharacterOffsetEnd>7747</CharacterOffsetEnd>
            <POS>VBD</POS>
            <NER>O</NER>
            <Speaker>PER0</Speaker>
          </token>
          <token id="3">
            <word>concerned</word>
            <lemma>concern</lemma>
            <CharacterOffsetBegin>7748</CharacterOffsetBegin>
            <CharacterOffsetEnd>7757</CharacterOffsetEnd>
            <POS>VBN</POS>
            <NER>O</NER>
            <Speaker>PER0</Speaker>
          </token>
          <token id="4">
            <word>that</word>
            <lemma>that</lemma>
            <CharacterOffsetBegin>7758</CharacterOffsetBegin>
            <CharacterOffsetEnd>7762</CharacterOffsetEnd>
            <POS>IN</POS>
            <NER>O</NER>
            <Speaker>PER0</Speaker>
          </token>
          <token id="5">
            <word>formally</word>
            <lemma>formally</lemma>
            <CharacterOffsetBegin>7763</CharacterOffsetBegin>
            <CharacterOffsetEnd>7771</CharacterOffsetEnd>
            <POS>RB</POS>
            <NER>O</NER>
            <Speaker>PER0</Speaker>
          </token>
          <token id="6">
            <word>reporting</word>
            <lemma>report</lemma>
            <CharacterOffsetBegin>7772</CharacterOffsetBegin>
            <CharacterOffsetEnd>7781</CharacterOffsetEnd>
            <POS>VBG</POS>
            <NER>O</NER>
            <Speaker>PER0</Speaker>
          </token>
          <token id="7">
            <word>this</word>
            <lemma>this</lemma>
            <CharacterOffsetBegin>7782</CharacterOffsetBegin>
            <CharacterOffsetEnd>7786</CharacterOffsetEnd>
            <POS>DT</POS>
            <NER>O</NER>
            <Speaker>PER0</Speaker>
          </token>
          <token id="8">
            <word>will</word>
            <lemma>will</lemma>
            <CharacterOffsetBegin>7787</CharacterOffsetBegin>
            <CharacterOffsetEnd>7791</CharacterOffsetEnd>
            <POS>MD</POS>
            <NER>O</NER>
            <Speaker>PER0</Speaker>
          </token>
          <token id="9">
            <word>jeopardize</word>
            <lemma>jeopardize</lemma>
            <CharacterOffsetBegin>7792</CharacterOffsetBegin>
            <CharacterOffsetEnd>7802</CharacterOffsetEnd>
            <POS>VB</POS>
            <NER>O</NER>
            <Speaker>PER0</Speaker>
          </token>
          <token id="10">
            <word>their</word>
            <lemma>they</lemma>
            <CharacterOffsetBegin>7803</CharacterOffsetBegin>
            <CharacterOffsetEnd>7808</CharacterOffsetEnd>
            <POS>PRP$</POS>
            <NER>O</NER>
            <Speaker>PER0</Speaker>
          </token>
          <token id="11">
            <word>career</word>
            <lemma>career</lemma>
            <CharacterOffsetBegin>7809</CharacterOffsetBegin>
            <CharacterOffsetEnd>7815</CharacterOffsetEnd>
            <POS>NN</POS>
            <NER>O</NER>
            <Speaker>PER0</Speaker>
          </token>
          <token id="12">
            <word>prospects</word>
            <lemma>prospects</lemma>
            <CharacterOffsetBegin>7816</CharacterOffsetBegin>
            <CharacterOffsetEnd>7825</CharacterOffsetEnd>
            <POS>NNS</POS>
            <NER>O</NER>
            <Speaker>PER0</Speaker>
          </token>
          <token id="13">
            <word>,</word>
            <lemma>,</lemma>
            <CharacterOffsetBegin>7825</CharacterOffsetBegin>
            <CharacterOffsetEnd>7826</CharacterOffsetEnd>
            <POS>,</POS>
            <NER>O</NER>
            <Speaker>PER0</Speaker>
          </token>
          <token id="14">
            <word>salary</word>
            <lemma>salary</lemma>
            <CharacterOffsetBegin>7827</CharacterOffsetBegin>
            <CharacterOffsetEnd>7833</CharacterOffsetEnd>
            <POS>NN</POS>
            <NER>O</NER>
            <Speaker>PER0</Speaker>
          </token>
          <token id="15">
            <word>increase</word>
            <lemma>increase</lemma>
            <CharacterOffsetBegin>7834</CharacterOffsetBegin>
            <CharacterOffsetEnd>7842</CharacterOffsetEnd>
            <POS>NN</POS>
            <NER>O</NER>
            <Speaker>PER0</Speaker>
          </token>
          <token id="16">
            <word>,</word>
            <lemma>,</lemma>
            <CharacterOffsetBegin>7842</CharacterOffsetBegin>
            <CharacterOffsetEnd>7843</CharacterOffsetEnd>
            <POS>,</POS>
            <NER>O</NER>
            <Speaker>PER0</Speaker>
          </token>
          <token id="17">
            <word>bonuses</word>
            <lemma>bonus</lemma>
            <CharacterOffsetBegin>7844</CharacterOffsetBegin>
            <CharacterOffsetEnd>7851</CharacterOffsetEnd>
            <POS>NNS</POS>
            <NER>O</NER>
            <Speaker>PER0</Speaker>
          </token>
          <token id="18">
            <word>etc</word>
            <lemma>etc</lemma>
            <CharacterOffsetBegin>7852</CharacterOffsetBegin>
            <CharacterOffsetEnd>7855</CharacterOffsetEnd>
            <POS>FW</POS>
            <NER>O</NER>
            <Speaker>PER0</Speaker>
          </token>
          <token id="19">
            <word>despite</word>
            <lemma>despite</lemma>
            <CharacterOffsetBegin>7856</CharacterOffsetBegin>
            <CharacterOffsetEnd>7863</CharacterOffsetEnd>
            <POS>IN</POS>
            <NER>O</NER>
            <Speaker>PER0</Speaker>
          </token>
          <token id="20">
            <word>the</word>
            <lemma>the</lemma>
            <CharacterOffsetBegin>7864</CharacterOffsetBegin>
            <CharacterOffsetEnd>7867</CharacterOffsetEnd>
            <POS>DT</POS>
            <NER>O</NER>
            <Speaker>PER0</Speaker>
          </token>
          <token id="21">
            <word>reassurance</word>
            <lemma>reassurance</lemma>
            <CharacterOffsetBegin>7868</CharacterOffsetBegin>
            <CharacterOffsetEnd>7879</CharacterOffsetEnd>
            <POS>NN</POS>
            <NER>O</NER>
            <Speaker>PER0</Speaker>
          </token>
          <token id="22">
            <word>that</word>
            <lemma>that</lemma>
            <CharacterOffsetBegin>7880</CharacterOffsetBegin>
            <CharacterOffsetEnd>7884</CharacterOffsetEnd>
            <POS>IN</POS>
            <NER>O</NER>
            <Speaker>PER0</Speaker>
          </token>
          <token id="23">
            <word>it</word>
            <lemma>it</lemma>
            <CharacterOffsetBegin>7885</CharacterOffsetBegin>
            <CharacterOffsetEnd>7887</CharacterOffsetEnd>
            <POS>PRP</POS>
            <NER>O</NER>
            <Speaker>PER0</Speaker>
          </token>
          <token id="24">
            <word>would</word>
            <lemma>would</lemma>
            <CharacterOffsetBegin>7888</CharacterOffsetBegin>
            <CharacterOffsetEnd>7893</CharacterOffsetEnd>
            <POS>MD</POS>
            <NER>O</NER>
            <Speaker>PER0</Speaker>
          </token>
          <token id="25">
            <word>n't</word>
            <lemma>not</lemma>
            <CharacterOffsetBegin>7893</CharacterOffsetBegin>
            <CharacterOffsetEnd>7896</CharacterOffsetEnd>
            <POS>RB</POS>
            <NER>O</NER>
            <Speaker>PER0</Speaker>
          </token>
          <token id="26">
            <word>.</word>
            <lemma>.</lemma>
            <CharacterOffsetBegin>7896</CharacterOffsetBegin>
            <CharacterOffsetEnd>7897</CharacterOffsetEnd>
            <POS>.</POS>
            <NER>O</NER>
            <Speaker>PER0</Speaker>
          </token>
        </tokens>
        <parse>(ROOT (S (NP (PRP They)) (VP (VBD were) (VP (VBN concerned) (SBAR (IN that) (S (S (VP (ADVP (RB formally)) (VBG reporting) (NP (DT this)))) (VP (MD will) (VP (VB jeopardize) (NP (NP (PRP$ their) (NN career) (NNS prospects)) (, ,) (NP (NN salary) (NN increase)) (, ,) (NP (NNS bonuses) (NX (FW etc)))) (PP (IN despite) (NP (DT the) (NN reassurance))) (SBAR (IN that) (S (NP (PRP it)) (VP (MD would) (RB n't)))))))))) (. .))) </parse>
        <dependencies type="basic-dependencies">
          <dep type="root">
            <governor idx="0">ROOT</governor>
            <dependent idx="3">concerned</dependent>
          </dep>
          <dep type="nsubjpass">
            <governor idx="3">concerned</governor>
            <dependent idx="1">They</dependent>
          </dep>
          <dep type="auxpass">
            <governor idx="3">concerned</governor>
            <dependent idx="2">were</dependent>
          </dep>
          <dep type="mark">
            <governor idx="9">jeopardize</governor>
            <dependent idx="4">that</dependent>
          </dep>
          <dep type="advmod">
            <governor idx="6">reporting</governor>
            <dependent idx="5">formally</dependent>
          </dep>
          <dep type="csubj">
            <governor idx="9">jeopardize</governor>
            <dependent idx="6">reporting</dependent>
          </dep>
          <dep type="dobj">
            <governor idx="6">reporting</governor>
            <dependent idx="7">this</dependent>
          </dep>
          <dep type="aux">
            <governor idx="9">jeopardize</governor>
            <dependent idx="8">will</dependent>
          </dep>
          <dep type="ccomp">
            <governor idx="3">concerned</governor>
            <dependent idx="9">jeopardize</dependent>
          </dep>
          <dep type="nmod:poss">
            <governor idx="12">prospects</governor>
            <dependent idx="10">their</dependent>
          </dep>
          <dep type="compound">
            <governor idx="12">prospects</governor>
            <dependent idx="11">career</dependent>
          </dep>
          <dep type="dobj">
            <governor idx="9">jeopardize</governor>
            <dependent idx="12">prospects</dependent>
          </dep>
          <dep type="punct">
            <governor idx="12">prospects</governor>
            <dependent idx="13">,</dependent>
          </dep>
          <dep type="compound">
            <governor idx="15">increase</governor>
            <dependent idx="14">salary</dependent>
          </dep>
          <dep type="appos">
            <governor idx="12">prospects</governor>
            <dependent idx="15">increase</dependent>
          </dep>
          <dep type="punct">
            <governor idx="12">prospects</governor>
            <dependent idx="16">,</dependent>
          </dep>
          <dep type="dep">
            <governor idx="18">etc</governor>
            <dependent idx="17">bonuses</dependent>
          </dep>
          <dep type="appos">
            <governor idx="12">prospects</governor>
            <dependent idx="18">etc</dependent>
          </dep>
          <dep type="case">
            <governor idx="21">reassurance</governor>
            <dependent idx="19">despite</dependent>
          </dep>
          <dep type="det">
            <governor idx="21">reassurance</governor>
            <dependent idx="20">the</dependent>
          </dep>
          <dep type="nmod">
            <governor idx="9">jeopardize</governor>
            <dependent idx="21">reassurance</dependent>
          </dep>
          <dep type="mark">
            <governor idx="24">would</governor>
            <dependent idx="22">that</dependent>
          </dep>
          <dep type="nsubj">
            <governor idx="24">would</governor>
            <dependent idx="23">it</dependent>
          </dep>
          <dep type="ccomp">
            <governor idx="9">jeopardize</governor>
            <dependent idx="24">would</dependent>
          </dep>
          <dep type="neg">
            <governor idx="24">would</governor>
            <dependent idx="25">n't</dependent>
          </dep>
          <dep type="punct">
            <governor idx="3">concerned</governor>
            <dependent idx="26">.</dependent>
          </dep>
        </dependencies>
        <dependencies type="collapsed-dependencies">
          <dep type="root">
            <governor idx="0">ROOT</governor>
            <dependent idx="3">concerned</dependent>
          </dep>
          <dep type="nsubjpass">
            <governor idx="3">concerned</governor>
            <dependent idx="1">They</dependent>
          </dep>
          <dep type="auxpass">
            <governor idx="3">concerned</governor>
            <dependent idx="2">were</dependent>
          </dep>
          <dep type="mark">
            <governor idx="9">jeopardize</governor>
            <dependent idx="4">that</dependent>
          </dep>
          <dep type="advmod">
            <governor idx="6">reporting</governor>
            <dependent idx="5">formally</dependent>
          </dep>
          <dep type="csubj">
            <governor idx="9">jeopardize</governor>
            <dependent idx="6">reporting</dependent>
          </dep>
          <dep type="dobj">
            <governor idx="6">reporting</governor>
            <dependent idx="7">this</dependent>
          </dep>
          <dep type="aux">
            <governor idx="9">jeopardize</governor>
            <dependent idx="8">will</dependent>
          </dep>
          <dep type="ccomp">
            <governor idx="3">concerned</governor>
            <dependent idx="9">jeopardize</dependent>
          </dep>
          <dep type="nmod:poss">
            <governor idx="12">prospects</governor>
            <dependent idx="10">their</dependent>
          </dep>
          <dep type="compound">
            <governor idx="12">prospects</governor>
            <dependent idx="11">career</dependent>
          </dep>
          <dep type="dobj">
            <governor idx="9">jeopardize</governor>
            <dependent idx="12">prospects</dependent>
          </dep>
          <dep type="punct">
            <governor idx="12">prospects</governor>
            <dependent idx="13">,</dependent>
          </dep>
          <dep type="compound">
            <governor idx="15">increase</governor>
            <dependent idx="14">salary</dependent>
          </dep>
          <dep type="appos">
            <governor idx="12">prospects</governor>
            <dependent idx="15">increase</dependent>
          </dep>
          <dep type="punct">
            <governor idx="12">prospects</governor>
            <dependent idx="16">,</dependent>
          </dep>
          <dep type="dep">
            <governor idx="18">etc</governor>
            <dependent idx="17">bonuses</dependent>
          </dep>
          <dep type="appos">
            <governor idx="12">prospects</governor>
            <dependent idx="18">etc</dependent>
          </dep>
          <dep type="case">
            <governor idx="21">reassurance</governor>
            <dependent idx="19">despite</dependent>
          </dep>
          <dep type="det">
            <governor idx="21">reassurance</governor>
            <dependent idx="20">the</dependent>
          </dep>
          <dep type="nmod:despite">
            <governor idx="9">jeopardize</governor>
            <dependent idx="21">reassurance</dependent>
          </dep>
          <dep type="mark">
            <governor idx="24">would</governor>
            <dependent idx="22">that</dependent>
          </dep>
          <dep type="nsubj">
            <governor idx="24">would</governor>
            <dependent idx="23">it</dependent>
          </dep>
          <dep type="ccomp">
            <governor idx="9">jeopardize</governor>
            <dependent idx="24">would</dependent>
          </dep>
          <dep type="neg">
            <governor idx="24">would</governor>
            <dependent idx="25">n't</dependent>
          </dep>
          <dep type="punct">
            <governor idx="3">concerned</governor>
            <dependent idx="26">.</dependent>
          </dep>
        </dependencies>
        <dependencies type="collapsed-ccprocessed-dependencies">
          <dep type="root">
            <governor idx="0">ROOT</governor>
            <dependent idx="3">concerned</dependent>
          </dep>
          <dep type="nsubjpass">
            <governor idx="3">concerned</governor>
            <dependent idx="1">They</dependent>
          </dep>
          <dep type="auxpass">
            <governor idx="3">concerned</governor>
            <dependent idx="2">were</dependent>
          </dep>
          <dep type="mark">
            <governor idx="9">jeopardize</governor>
            <dependent idx="4">that</dependent>
          </dep>
          <dep type="advmod">
            <governor idx="6">reporting</governor>
            <dependent idx="5">formally</dependent>
          </dep>
          <dep type="csubj">
            <governor idx="9">jeopardize</governor>
            <dependent idx="6">reporting</dependent>
          </dep>
          <dep type="dobj">
            <governor idx="6">reporting</governor>
            <dependent idx="7">this</dependent>
          </dep>
          <dep type="aux">
            <governor idx="9">jeopardize</governor>
            <dependent idx="8">will</dependent>
          </dep>
          <dep type="ccomp">
            <governor idx="3">concerned</governor>
            <dependent idx="9">jeopardize</dependent>
          </dep>
          <dep type="nmod:poss">
            <governor idx="12">prospects</governor>
            <dependent idx="10">their</dependent>
          </dep>
          <dep type="compound">
            <governor idx="12">prospects</governor>
            <dependent idx="11">career</dependent>
          </dep>
          <dep type="dobj">
            <governor idx="9">jeopardize</governor>
            <dependent idx="12">prospects</dependent>
          </dep>
          <dep type="punct">
            <governor idx="12">prospects</governor>
            <dependent idx="13">,</dependent>
          </dep>
          <dep type="compound">
            <governor idx="15">increase</governor>
            <dependent idx="14">salary</dependent>
          </dep>
          <dep type="appos">
            <governor idx="12">prospects</governor>
            <dependent idx="15">increase</dependent>
          </dep>
          <dep type="punct">
            <governor idx="12">prospects</governor>
            <dependent idx="16">,</dependent>
          </dep>
          <dep type="dep">
            <governor idx="18">etc</governor>
            <dependent idx="17">bonuses</dependent>
          </dep>
          <dep type="appos">
            <governor idx="12">prospects</governor>
            <dependent idx="18">etc</dependent>
          </dep>
          <dep type="case">
            <governor idx="21">reassurance</governor>
            <dependent idx="19">despite</dependent>
          </dep>
          <dep type="det">
            <governor idx="21">reassurance</governor>
            <dependent idx="20">the</dependent>
          </dep>
          <dep type="nmod:despite">
            <governor idx="9">jeopardize</governor>
            <dependent idx="21">reassurance</dependent>
          </dep>
          <dep type="mark">
            <governor idx="24">would</governor>
            <dependent idx="22">that</dependent>
          </dep>
          <dep type="nsubj">
            <governor idx="24">would</governor>
            <dependent idx="23">it</dependent>
          </dep>
          <dep type="ccomp">
            <governor idx="9">jeopardize</governor>
            <dependent idx="24">would</dependent>
          </dep>
          <dep type="neg">
            <governor idx="24">would</governor>
            <dependent idx="25">n't</dependent>
          </dep>
          <dep type="punct">
            <governor idx="3">concerned</governor>
            <dependent idx="26">.</dependent>
          </dep>
        </dependencies>
      </sentence>
      <sentence id="75">
        <tokens>
          <token id="1">
            <word>It</word>
            <lemma>it</lemma>
            <CharacterOffsetBegin>7898</CharacterOffsetBegin>
            <CharacterOffsetEnd>7900</CharacterOffsetEnd>
            <POS>PRP</POS>
            <NER>O</NER>
            <Speaker>PER0</Speaker>
          </token>
          <token id="2">
            <word>really</word>
            <lemma>really</lemma>
            <CharacterOffsetBegin>7901</CharacterOffsetBegin>
            <CharacterOffsetEnd>7907</CharacterOffsetEnd>
            <POS>RB</POS>
            <NER>O</NER>
            <Speaker>PER0</Speaker>
          </token>
          <token id="3">
            <word>made</word>
            <lemma>make</lemma>
            <CharacterOffsetBegin>7908</CharacterOffsetBegin>
            <CharacterOffsetEnd>7912</CharacterOffsetEnd>
            <POS>VBD</POS>
            <NER>O</NER>
            <Speaker>PER0</Speaker>
          </token>
          <token id="4">
            <word>me</word>
            <lemma>I</lemma>
            <CharacterOffsetBegin>7913</CharacterOffsetBegin>
            <CharacterOffsetEnd>7915</CharacterOffsetEnd>
            <POS>PRP</POS>
            <NER>O</NER>
            <Speaker>PER0</Speaker>
          </token>
          <token id="5">
            <word>wonder</word>
            <lemma>wonder</lemma>
            <CharacterOffsetBegin>7916</CharacterOffsetBegin>
            <CharacterOffsetEnd>7922</CharacterOffsetEnd>
            <POS>VB</POS>
            <NER>O</NER>
            <Speaker>PER0</Speaker>
          </token>
          <token id="6">
            <word>why</word>
            <lemma>why</lemma>
            <CharacterOffsetBegin>7923</CharacterOffsetBegin>
            <CharacterOffsetEnd>7926</CharacterOffsetEnd>
            <POS>WRB</POS>
            <NER>O</NER>
            <Speaker>PER0</Speaker>
          </token>
          <token id="7">
            <word>is</word>
            <lemma>be</lemma>
            <CharacterOffsetBegin>7927</CharacterOffsetBegin>
            <CharacterOffsetEnd>7929</CharacterOffsetEnd>
            <POS>VBZ</POS>
            <NER>O</NER>
            <Speaker>PER0</Speaker>
          </token>
          <token id="8">
            <word>ok</word>
            <lemma>ok</lemma>
            <CharacterOffsetBegin>7930</CharacterOffsetBegin>
            <CharacterOffsetEnd>7932</CharacterOffsetEnd>
            <POS>NN</POS>
            <NER>O</NER>
            <Speaker>PER0</Speaker>
          </token>
          <token id="9">
            <word>?</word>
            <lemma>?</lemma>
            <CharacterOffsetBegin>7932</CharacterOffsetBegin>
            <CharacterOffsetEnd>7933</CharacterOffsetEnd>
            <POS>.</POS>
            <NER>O</NER>
            <Speaker>PER0</Speaker>
          </token>
        </tokens>
        <parse>(ROOT (S (NP (PRP It)) (ADVP (RB really)) (VP (VBD made) (S (NP (PRP me)) (VP (VB wonder) (SBAR (WHADVP (WRB why)) (S (VP (VBZ is) (NP (NN ok)))))))) (. ?))) </parse>
        <dependencies type="basic-dependencies">
          <dep type="root">
            <governor idx="0">ROOT</governor>
            <dependent idx="3">made</dependent>
          </dep>
          <dep type="nsubj">
            <governor idx="3">made</governor>
            <dependent idx="1">It</dependent>
          </dep>
          <dep type="advmod">
            <governor idx="3">made</governor>
            <dependent idx="2">really</dependent>
          </dep>
          <dep type="nsubj">
            <governor idx="5">wonder</governor>
            <dependent idx="4">me</dependent>
          </dep>
          <dep type="ccomp">
            <governor idx="3">made</governor>
            <dependent idx="5">wonder</dependent>
          </dep>
          <dep type="advmod">
            <governor idx="8">ok</governor>
            <dependent idx="6">why</dependent>
          </dep>
          <dep type="cop">
            <governor idx="8">ok</governor>
            <dependent idx="7">is</dependent>
          </dep>
          <dep type="ccomp">
            <governor idx="5">wonder</governor>
            <dependent idx="8">ok</dependent>
          </dep>
          <dep type="punct">
            <governor idx="3">made</governor>
            <dependent idx="9">?</dependent>
          </dep>
        </dependencies>
        <dependencies type="collapsed-dependencies">
          <dep type="root">
            <governor idx="0">ROOT</governor>
            <dependent idx="3">made</dependent>
          </dep>
          <dep type="nsubj">
            <governor idx="3">made</governor>
            <dependent idx="1">It</dependent>
          </dep>
          <dep type="advmod">
            <governor idx="3">made</governor>
            <dependent idx="2">really</dependent>
          </dep>
          <dep type="nsubj">
            <governor idx="5">wonder</governor>
            <dependent idx="4">me</dependent>
          </dep>
          <dep type="ccomp">
            <governor idx="3">made</governor>
            <dependent idx="5">wonder</dependent>
          </dep>
          <dep type="advmod">
            <governor idx="8">ok</governor>
            <dependent idx="6">why</dependent>
          </dep>
          <dep type="cop">
            <governor idx="8">ok</governor>
            <dependent idx="7">is</dependent>
          </dep>
          <dep type="ccomp">
            <governor idx="5">wonder</governor>
            <dependent idx="8">ok</dependent>
          </dep>
          <dep type="punct">
            <governor idx="3">made</governor>
            <dependent idx="9">?</dependent>
          </dep>
        </dependencies>
        <dependencies type="collapsed-ccprocessed-dependencies">
          <dep type="root">
            <governor idx="0">ROOT</governor>
            <dependent idx="3">made</dependent>
          </dep>
          <dep type="nsubj">
            <governor idx="3">made</governor>
            <dependent idx="1">It</dependent>
          </dep>
          <dep type="advmod">
            <governor idx="3">made</governor>
            <dependent idx="2">really</dependent>
          </dep>
          <dep type="nsubj">
            <governor idx="5">wonder</governor>
            <dependent idx="4">me</dependent>
          </dep>
          <dep type="ccomp">
            <governor idx="3">made</governor>
            <dependent idx="5">wonder</dependent>
          </dep>
          <dep type="advmod">
            <governor idx="8">ok</governor>
            <dependent idx="6">why</dependent>
          </dep>
          <dep type="cop">
            <governor idx="8">ok</governor>
            <dependent idx="7">is</dependent>
          </dep>
          <dep type="ccomp">
            <governor idx="5">wonder</governor>
            <dependent idx="8">ok</dependent>
          </dep>
          <dep type="punct">
            <governor idx="3">made</governor>
            <dependent idx="9">?</dependent>
          </dep>
        </dependencies>
      </sentence>
      <sentence id="76">
        <tokens>
          <token id="1">
            <word>The</word>
            <lemma>the</lemma>
            <CharacterOffsetBegin>7935</CharacterOffsetBegin>
            <CharacterOffsetEnd>7938</CharacterOffsetEnd>
            <POS>DT</POS>
            <NER>O</NER>
            <Speaker>PER0</Speaker>
          </token>
          <token id="2">
            <word>reality</word>
            <lemma>reality</lemma>
            <CharacterOffsetBegin>7939</CharacterOffsetBegin>
            <CharacterOffsetEnd>7946</CharacterOffsetEnd>
            <POS>NN</POS>
            <NER>O</NER>
            <Speaker>PER0</Speaker>
          </token>
          <token id="3">
            <word>is</word>
            <lemma>be</lemma>
            <CharacterOffsetBegin>7947</CharacterOffsetBegin>
            <CharacterOffsetEnd>7949</CharacterOffsetEnd>
            <POS>VBZ</POS>
            <NER>O</NER>
            <Speaker>PER0</Speaker>
          </token>
          <token id="4">
            <word>we</word>
            <lemma>we</lemma>
            <CharacterOffsetBegin>7950</CharacterOffsetBegin>
            <CharacterOffsetEnd>7952</CharacterOffsetEnd>
            <POS>PRP</POS>
            <NER>O</NER>
            <Speaker>PER0</Speaker>
          </token>
          <token id="5">
            <word>have</word>
            <lemma>have</lemma>
            <CharacterOffsetBegin>7953</CharacterOffsetBegin>
            <CharacterOffsetEnd>7957</CharacterOffsetEnd>
            <POS>VBP</POS>
            <NER>O</NER>
            <Speaker>PER0</Speaker>
          </token>
          <token id="6">
            <word>a</word>
            <lemma>a</lemma>
            <CharacterOffsetBegin>7958</CharacterOffsetBegin>
            <CharacterOffsetEnd>7959</CharacterOffsetEnd>
            <POS>DT</POS>
            <NER>O</NER>
            <Speaker>PER0</Speaker>
          </token>
          <token id="7">
            <word>lot</word>
            <lemma>lot</lemma>
            <CharacterOffsetBegin>7960</CharacterOffsetBegin>
            <CharacterOffsetEnd>7963</CharacterOffsetEnd>
            <POS>NN</POS>
            <NER>O</NER>
            <Speaker>PER0</Speaker>
          </token>
          <token id="8">
            <word>more</word>
            <lemma>more</lemma>
            <CharacterOffsetBegin>7964</CharacterOffsetBegin>
            <CharacterOffsetEnd>7968</CharacterOffsetEnd>
            <POS>RBR</POS>
            <NER>O</NER>
            <Speaker>PER0</Speaker>
          </token>
          <token id="9">
            <word>bystanders</word>
            <lemma>bystander</lemma>
            <CharacterOffsetBegin>7969</CharacterOffsetBegin>
            <CharacterOffsetEnd>7979</CharacterOffsetEnd>
            <POS>NNS</POS>
            <NER>O</NER>
            <Speaker>PER0</Speaker>
          </token>
          <token id="10">
            <word>than</word>
            <lemma>than</lemma>
            <CharacterOffsetBegin>7980</CharacterOffsetBegin>
            <CharacterOffsetEnd>7984</CharacterOffsetEnd>
            <POS>IN</POS>
            <NER>O</NER>
            <Speaker>PER0</Speaker>
          </token>
          <token id="11">
            <word>those</word>
            <lemma>those</lemma>
            <CharacterOffsetBegin>7985</CharacterOffsetBegin>
            <CharacterOffsetEnd>7990</CharacterOffsetEnd>
            <POS>DT</POS>
            <NER>O</NER>
            <Speaker>PER0</Speaker>
          </token>
          <token id="12">
            <word>actually</word>
            <lemma>actually</lemma>
            <CharacterOffsetBegin>7991</CharacterOffsetBegin>
            <CharacterOffsetEnd>7999</CharacterOffsetEnd>
            <POS>RB</POS>
            <NER>O</NER>
            <Speaker>PER0</Speaker>
          </token>
          <token id="13">
            <word>doing</word>
            <lemma>do</lemma>
            <CharacterOffsetBegin>8000</CharacterOffsetBegin>
            <CharacterOffsetEnd>8005</CharacterOffsetEnd>
            <POS>VBG</POS>
            <NER>O</NER>
            <Speaker>PER0</Speaker>
          </token>
          <token id="14">
            <word>the</word>
            <lemma>the</lemma>
            <CharacterOffsetBegin>8006</CharacterOffsetBegin>
            <CharacterOffsetEnd>8009</CharacterOffsetEnd>
            <POS>DT</POS>
            <NER>O</NER>
            <Speaker>PER0</Speaker>
          </token>
          <token id="15">
            <word>evil</word>
            <lemma>evil</lemma>
            <CharacterOffsetBegin>8010</CharacterOffsetBegin>
            <CharacterOffsetEnd>8014</CharacterOffsetEnd>
            <POS>NN</POS>
            <NER>O</NER>
            <Speaker>PER0</Speaker>
          </token>
          <token id="16">
            <word>.</word>
            <lemma>.</lemma>
            <CharacterOffsetBegin>8014</CharacterOffsetBegin>
            <CharacterOffsetEnd>8015</CharacterOffsetEnd>
            <POS>.</POS>
            <NER>O</NER>
            <Speaker>PER0</Speaker>
          </token>
        </tokens>
        <parse>(ROOT (S (NP (DT The) (NN reality)) (VP (VBZ is) (SBAR (S (NP (PRP we)) (VP (VBP have) (NP (NP (DT a) (NN lot)) (PP (RBR more) (NP (NNS bystanders)))) (PP (IN than) (S (NP (DT those)) (ADVP (RB actually)) (VP (VBG doing) (NP (DT the) (NN evil))))))))) (. .))) </parse>
        <dependencies type="basic-dependencies">
          <dep type="root">
            <governor idx="0">ROOT</governor>
            <dependent idx="3">is</dependent>
          </dep>
          <dep type="det">
            <governor idx="2">reality</governor>
            <dependent idx="1">The</dependent>
          </dep>
          <dep type="nsubj">
            <governor idx="3">is</governor>
            <dependent idx="2">reality</dependent>
          </dep>
          <dep type="nsubj">
            <governor idx="5">have</governor>
            <dependent idx="4">we</dependent>
          </dep>
          <dep type="ccomp">
            <governor idx="3">is</governor>
            <dependent idx="5">have</dependent>
          </dep>
          <dep type="det">
            <governor idx="7">lot</governor>
            <dependent idx="6">a</dependent>
          </dep>
          <dep type="dobj">
            <governor idx="5">have</governor>
            <dependent idx="7">lot</dependent>
          </dep>
          <dep type="advmod">
            <governor idx="9">bystanders</governor>
            <dependent idx="8">more</dependent>
          </dep>
          <dep type="nmod">
            <governor idx="7">lot</governor>
            <dependent idx="9">bystanders</dependent>
          </dep>
          <dep type="mark">
            <governor idx="13">doing</governor>
            <dependent idx="10">than</dependent>
          </dep>
          <dep type="nsubj">
            <governor idx="13">doing</governor>
            <dependent idx="11">those</dependent>
          </dep>
          <dep type="advmod">
            <governor idx="13">doing</governor>
            <dependent idx="12">actually</dependent>
          </dep>
          <dep type="advcl">
            <governor idx="5">have</governor>
            <dependent idx="13">doing</dependent>
          </dep>
          <dep type="det">
            <governor idx="15">evil</governor>
            <dependent idx="14">the</dependent>
          </dep>
          <dep type="dobj">
            <governor idx="13">doing</governor>
            <dependent idx="15">evil</dependent>
          </dep>
          <dep type="punct">
            <governor idx="3">is</governor>
            <dependent idx="16">.</dependent>
          </dep>
        </dependencies>
        <dependencies type="collapsed-dependencies">
          <dep type="root">
            <governor idx="0">ROOT</governor>
            <dependent idx="3">is</dependent>
          </dep>
          <dep type="det">
            <governor idx="2">reality</governor>
            <dependent idx="1">The</dependent>
          </dep>
          <dep type="nsubj">
            <governor idx="3">is</governor>
            <dependent idx="2">reality</dependent>
          </dep>
          <dep type="nsubj">
            <governor idx="5">have</governor>
            <dependent idx="4">we</dependent>
          </dep>
          <dep type="ccomp">
            <governor idx="3">is</governor>
            <dependent idx="5">have</dependent>
          </dep>
          <dep type="det">
            <governor idx="7">lot</governor>
            <dependent idx="6">a</dependent>
          </dep>
          <dep type="dobj">
            <governor idx="5">have</governor>
            <dependent idx="7">lot</dependent>
          </dep>
          <dep type="advmod">
            <governor idx="9">bystanders</governor>
            <dependent idx="8">more</dependent>
          </dep>
          <dep type="nmod">
            <governor idx="7">lot</governor>
            <dependent idx="9">bystanders</dependent>
          </dep>
          <dep type="mark">
            <governor idx="13">doing</governor>
            <dependent idx="10">than</dependent>
          </dep>
          <dep type="nsubj">
            <governor idx="13">doing</governor>
            <dependent idx="11">those</dependent>
          </dep>
          <dep type="advmod">
            <governor idx="13">doing</governor>
            <dependent idx="12">actually</dependent>
          </dep>
          <dep type="advcl">
            <governor idx="5">have</governor>
            <dependent idx="13">doing</dependent>
          </dep>
          <dep type="det">
            <governor idx="15">evil</governor>
            <dependent idx="14">the</dependent>
          </dep>
          <dep type="dobj">
            <governor idx="13">doing</governor>
            <dependent idx="15">evil</dependent>
          </dep>
          <dep type="punct">
            <governor idx="3">is</governor>
            <dependent idx="16">.</dependent>
          </dep>
        </dependencies>
        <dependencies type="collapsed-ccprocessed-dependencies">
          <dep type="root">
            <governor idx="0">ROOT</governor>
            <dependent idx="3">is</dependent>
          </dep>
          <dep type="det">
            <governor idx="2">reality</governor>
            <dependent idx="1">The</dependent>
          </dep>
          <dep type="nsubj">
            <governor idx="3">is</governor>
            <dependent idx="2">reality</dependent>
          </dep>
          <dep type="nsubj">
            <governor idx="5">have</governor>
            <dependent idx="4">we</dependent>
          </dep>
          <dep type="ccomp">
            <governor idx="3">is</governor>
            <dependent idx="5">have</dependent>
          </dep>
          <dep type="det">
            <governor idx="7">lot</governor>
            <dependent idx="6">a</dependent>
          </dep>
          <dep type="dobj">
            <governor idx="5">have</governor>
            <dependent idx="7">lot</dependent>
          </dep>
          <dep type="advmod">
            <governor idx="9">bystanders</governor>
            <dependent idx="8">more</dependent>
          </dep>
          <dep type="nmod">
            <governor idx="7">lot</governor>
            <dependent idx="9">bystanders</dependent>
          </dep>
          <dep type="mark">
            <governor idx="13">doing</governor>
            <dependent idx="10">than</dependent>
          </dep>
          <dep type="nsubj">
            <governor idx="13">doing</governor>
            <dependent idx="11">those</dependent>
          </dep>
          <dep type="advmod">
            <governor idx="13">doing</governor>
            <dependent idx="12">actually</dependent>
          </dep>
          <dep type="advcl">
            <governor idx="5">have</governor>
            <dependent idx="13">doing</dependent>
          </dep>
          <dep type="det">
            <governor idx="15">evil</governor>
            <dependent idx="14">the</dependent>
          </dep>
          <dep type="dobj">
            <governor idx="13">doing</governor>
            <dependent idx="15">evil</dependent>
          </dep>
          <dep type="punct">
            <governor idx="3">is</governor>
            <dependent idx="16">.</dependent>
          </dep>
        </dependencies>
      </sentence>
      <sentence id="77">
        <tokens>
          <token id="1">
            <word>Mid-subject</word>
            <lemma>mid-subject</lemma>
            <CharacterOffsetBegin>8017</CharacterOffsetBegin>
            <CharacterOffsetEnd>8028</CharacterOffsetEnd>
            <POS>JJ</POS>
            <NER>O</NER>
            <Speaker>PER0</Speaker>
          </token>
          <token id="2">
            <word>reflections</word>
            <lemma>reflection</lemma>
            <CharacterOffsetBegin>8029</CharacterOffsetBegin>
            <CharacterOffsetEnd>8040</CharacterOffsetEnd>
            <POS>NNS</POS>
            <NER>O</NER>
            <Speaker>PER0</Speaker>
          </token>
          <token id="3">
            <word>.</word>
            <lemma>.</lemma>
            <CharacterOffsetBegin>8040</CharacterOffsetBegin>
            <CharacterOffsetEnd>8041</CharacterOffsetEnd>
            <POS>.</POS>
            <NER>O</NER>
            <Speaker>PER0</Speaker>
          </token>
        </tokens>
        <parse>(ROOT (FRAG (NP (JJ Mid-subject) (NNS reflections)) (. .))) </parse>
        <dependencies type="basic-dependencies">
          <dep type="root">
            <governor idx="0">ROOT</governor>
            <dependent idx="2">reflections</dependent>
          </dep>
          <dep type="amod">
            <governor idx="2">reflections</governor>
            <dependent idx="1">Mid-subject</dependent>
          </dep>
          <dep type="punct">
            <governor idx="2">reflections</governor>
            <dependent idx="3">.</dependent>
          </dep>
        </dependencies>
        <dependencies type="collapsed-dependencies">
          <dep type="root">
            <governor idx="0">ROOT</governor>
            <dependent idx="2">reflections</dependent>
          </dep>
          <dep type="amod">
            <governor idx="2">reflections</governor>
            <dependent idx="1">Mid-subject</dependent>
          </dep>
          <dep type="punct">
            <governor idx="2">reflections</governor>
            <dependent idx="3">.</dependent>
          </dep>
        </dependencies>
        <dependencies type="collapsed-ccprocessed-dependencies">
          <dep type="root">
            <governor idx="0">ROOT</governor>
            <dependent idx="2">reflections</dependent>
          </dep>
          <dep type="amod">
            <governor idx="2">reflections</governor>
            <dependent idx="1">Mid-subject</dependent>
          </dep>
          <dep type="punct">
            <governor idx="2">reflections</governor>
            <dependent idx="3">.</dependent>
          </dep>
        </dependencies>
      </sentence>
      <sentence id="78">
        <tokens>
          <token id="1">
            <word>During</word>
            <lemma>during</lemma>
            <CharacterOffsetBegin>8043</CharacterOffsetBegin>
            <CharacterOffsetEnd>8049</CharacterOffsetEnd>
            <POS>IN</POS>
            <NER>O</NER>
            <Speaker>PER0</Speaker>
          </token>
          <token id="2">
            <word>one</word>
            <lemma>one</lemma>
            <CharacterOffsetBegin>8051</CharacterOffsetBegin>
            <CharacterOffsetEnd>8054</CharacterOffsetEnd>
            <POS>CD</POS>
            <NER>NUMBER</NER>
            <NormalizedNER>1.0</NormalizedNER>
            <Speaker>PER0</Speaker>
          </token>
          <token id="3">
            <word>of</word>
            <lemma>of</lemma>
            <CharacterOffsetBegin>8055</CharacterOffsetBegin>
            <CharacterOffsetEnd>8057</CharacterOffsetEnd>
            <POS>IN</POS>
            <NER>O</NER>
            <Speaker>PER0</Speaker>
          </token>
          <token id="4">
            <word>the</word>
            <lemma>the</lemma>
            <CharacterOffsetBegin>8058</CharacterOffsetBegin>
            <CharacterOffsetEnd>8061</CharacterOffsetEnd>
            <POS>DT</POS>
            <NER>O</NER>
            <Speaker>PER0</Speaker>
          </token>
          <token id="5">
            <word>lectures</word>
            <lemma>lecture</lemma>
            <CharacterOffsetBegin>8062</CharacterOffsetBegin>
            <CharacterOffsetEnd>8070</CharacterOffsetEnd>
            <POS>VBZ</POS>
            <NER>O</NER>
            <Speaker>PER0</Speaker>
          </token>
          <token id="6">
            <word>I</word>
            <lemma>I</lemma>
            <CharacterOffsetBegin>8071</CharacterOffsetBegin>
            <CharacterOffsetEnd>8072</CharacterOffsetEnd>
            <POS>PRP</POS>
            <NER>O</NER>
            <Speaker>PER0</Speaker>
          </token>
          <token id="7">
            <word>was</word>
            <lemma>be</lemma>
            <CharacterOffsetBegin>8073</CharacterOffsetBegin>
            <CharacterOffsetEnd>8076</CharacterOffsetEnd>
            <POS>VBD</POS>
            <NER>O</NER>
            <Speaker>PER0</Speaker>
          </token>
          <token id="8">
            <word>first</word>
            <lemma>first</lemma>
            <CharacterOffsetBegin>8077</CharacterOffsetBegin>
            <CharacterOffsetEnd>8082</CharacterOffsetEnd>
            <POS>RB</POS>
            <NER>ORDINAL</NER>
            <NormalizedNER>1.0</NormalizedNER>
            <Speaker>PER0</Speaker>
          </token>
          <token id="9">
            <word>introduced</word>
            <lemma>introduce</lemma>
            <CharacterOffsetBegin>8083</CharacterOffsetBegin>
            <CharacterOffsetEnd>8093</CharacterOffsetEnd>
            <POS>VBN</POS>
            <NER>O</NER>
            <Speaker>PER0</Speaker>
          </token>
          <token id="10">
            <word>to</word>
            <lemma>to</lemma>
            <CharacterOffsetBegin>8094</CharacterOffsetBegin>
            <CharacterOffsetEnd>8096</CharacterOffsetEnd>
            <POS>TO</POS>
            <NER>O</NER>
            <Speaker>PER0</Speaker>
          </token>
          <token id="11">
            <word>Values</word>
            <lemma>value</lemma>
            <CharacterOffsetBegin>8097</CharacterOffsetBegin>
            <CharacterOffsetEnd>8103</CharacterOffsetEnd>
            <POS>NNS</POS>
            <NER>O</NER>
            <Speaker>PER0</Speaker>
          </token>
          <token id="12">
            <word>Based</word>
            <lemma>base</lemma>
            <CharacterOffsetBegin>8104</CharacterOffsetBegin>
            <CharacterOffsetEnd>8109</CharacterOffsetEnd>
            <POS>VBN</POS>
            <NER>O</NER>
            <Speaker>PER0</Speaker>
          </token>
          <token id="13">
            <word>Management</word>
            <lemma>management</lemma>
            <CharacterOffsetBegin>8110</CharacterOffsetBegin>
            <CharacterOffsetEnd>8120</CharacterOffsetEnd>
            <POS>NN</POS>
            <NER>O</NER>
            <Speaker>PER0</Speaker>
          </token>
          <token id="14">
            <word>-LRB-</word>
            <lemma>-lrb-</lemma>
            <CharacterOffsetBegin>8121</CharacterOffsetBegin>
            <CharacterOffsetEnd>8122</CharacterOffsetEnd>
            <POS>-LRB-</POS>
            <NER>O</NER>
            <Speaker>PER0</Speaker>
          </token>
          <token id="15">
            <word>VBM</word>
            <lemma>vbm</lemma>
            <CharacterOffsetBegin>8122</CharacterOffsetBegin>
            <CharacterOffsetEnd>8125</CharacterOffsetEnd>
            <POS>NN</POS>
            <NER>O</NER>
            <Speaker>PER0</Speaker>
          </token>
          <token id="16">
            <word>-RRB-</word>
            <lemma>-rrb-</lemma>
            <CharacterOffsetBegin>8125</CharacterOffsetBegin>
            <CharacterOffsetEnd>8126</CharacterOffsetEnd>
            <POS>-RRB-</POS>
            <NER>O</NER>
            <Speaker>PER0</Speaker>
          </token>
          <token id="17">
            <word>.</word>
            <lemma>.</lemma>
            <CharacterOffsetBegin>8126</CharacterOffsetBegin>
            <CharacterOffsetEnd>8127</CharacterOffsetEnd>
            <POS>.</POS>
            <NER>O</NER>
            <Speaker>PER0</Speaker>
          </token>
        </tokens>
        <parse>(ROOT (S (PP (IN During) (NP (CD one))) (NP (IN of) (DT the)) (VP (VBZ lectures) (SBAR (S (NP (PRP I)) (VP (VBD was) (ADVP (RB first)) (VP (VBN introduced) (PP (TO to) (NP (NNS Values)))))))) (PP (VBN Based) (NP (NP (NN Management)) (PRN (-LRB- -LRB-) (NP (NN VBM)) (-RRB- -RRB-)))) (. .))) </parse>
        <dependencies type="basic-dependencies">
          <dep type="root">
            <governor idx="0">ROOT</governor>
            <dependent idx="5">lectures</dependent>
          </dep>
          <dep type="case">
            <governor idx="2">one</governor>
            <dependent idx="1">During</dependent>
          </dep>
          <dep type="nmod">
            <governor idx="5">lectures</governor>
            <dependent idx="2">one</dependent>
          </dep>
          <dep type="amod">
            <governor idx="4">the</governor>
            <dependent idx="3">of</dependent>
          </dep>
          <dep type="nsubj">
            <governor idx="5">lectures</governor>
            <dependent idx="4">the</dependent>
          </dep>
          <dep type="nsubjpass">
            <governor idx="9">introduced</governor>
            <dependent idx="6">I</dependent>
          </dep>
          <dep type="auxpass">
            <governor idx="9">introduced</governor>
            <dependent idx="7">was</dependent>
          </dep>
          <dep type="advmod">
            <governor idx="9">introduced</governor>
            <dependent idx="8">first</dependent>
          </dep>
          <dep type="ccomp">
            <governor idx="5">lectures</governor>
            <dependent idx="9">introduced</dependent>
          </dep>
          <dep type="case">
            <governor idx="11">Values</governor>
            <dependent idx="10">to</dependent>
          </dep>
          <dep type="nmod">
            <governor idx="9">introduced</governor>
            <dependent idx="11">Values</dependent>
          </dep>
          <dep type="case">
            <governor idx="13">Management</governor>
            <dependent idx="12">Based</dependent>
          </dep>
          <dep type="nmod">
            <governor idx="5">lectures</governor>
            <dependent idx="13">Management</dependent>
          </dep>
          <dep type="punct">
            <governor idx="15">VBM</governor>
            <dependent idx="14">-LRB-</dependent>
          </dep>
          <dep type="appos">
            <governor idx="13">Management</governor>
            <dependent idx="15">VBM</dependent>
          </dep>
          <dep type="punct">
            <governor idx="15">VBM</governor>
            <dependent idx="16">-RRB-</dependent>
          </dep>
          <dep type="punct">
            <governor idx="5">lectures</governor>
            <dependent idx="17">.</dependent>
          </dep>
        </dependencies>
        <dependencies type="collapsed-dependencies">
          <dep type="root">
            <governor idx="0">ROOT</governor>
            <dependent idx="5">lectures</dependent>
          </dep>
          <dep type="case">
            <governor idx="2">one</governor>
            <dependent idx="1">During</dependent>
          </dep>
          <dep type="nmod:during">
            <governor idx="5">lectures</governor>
            <dependent idx="2">one</dependent>
          </dep>
          <dep type="amod">
            <governor idx="4">the</governor>
            <dependent idx="3">of</dependent>
          </dep>
          <dep type="nsubj">
            <governor idx="5">lectures</governor>
            <dependent idx="4">the</dependent>
          </dep>
          <dep type="nsubjpass">
            <governor idx="9">introduced</governor>
            <dependent idx="6">I</dependent>
          </dep>
          <dep type="auxpass">
            <governor idx="9">introduced</governor>
            <dependent idx="7">was</dependent>
          </dep>
          <dep type="advmod">
            <governor idx="9">introduced</governor>
            <dependent idx="8">first</dependent>
          </dep>
          <dep type="ccomp">
            <governor idx="5">lectures</governor>
            <dependent idx="9">introduced</dependent>
          </dep>
          <dep type="case">
            <governor idx="11">Values</governor>
            <dependent idx="10">to</dependent>
          </dep>
          <dep type="nmod:to">
            <governor idx="9">introduced</governor>
            <dependent idx="11">Values</dependent>
          </dep>
          <dep type="case">
            <governor idx="13">Management</governor>
            <dependent idx="12">Based</dependent>
          </dep>
          <dep type="nmod:based">
            <governor idx="5">lectures</governor>
            <dependent idx="13">Management</dependent>
          </dep>
          <dep type="punct">
            <governor idx="15">VBM</governor>
            <dependent idx="14">-LRB-</dependent>
          </dep>
          <dep type="appos">
            <governor idx="13">Management</governor>
            <dependent idx="15">VBM</dependent>
          </dep>
          <dep type="punct">
            <governor idx="15">VBM</governor>
            <dependent idx="16">-RRB-</dependent>
          </dep>
          <dep type="punct">
            <governor idx="5">lectures</governor>
            <dependent idx="17">.</dependent>
          </dep>
        </dependencies>
        <dependencies type="collapsed-ccprocessed-dependencies">
          <dep type="root">
            <governor idx="0">ROOT</governor>
            <dependent idx="5">lectures</dependent>
          </dep>
          <dep type="case">
            <governor idx="2">one</governor>
            <dependent idx="1">During</dependent>
          </dep>
          <dep type="nmod:during">
            <governor idx="5">lectures</governor>
            <dependent idx="2">one</dependent>
          </dep>
          <dep type="amod">
            <governor idx="4">the</governor>
            <dependent idx="3">of</dependent>
          </dep>
          <dep type="nsubj">
            <governor idx="5">lectures</governor>
            <dependent idx="4">the</dependent>
          </dep>
          <dep type="nsubjpass">
            <governor idx="9">introduced</governor>
            <dependent idx="6">I</dependent>
          </dep>
          <dep type="auxpass">
            <governor idx="9">introduced</governor>
            <dependent idx="7">was</dependent>
          </dep>
          <dep type="advmod">
            <governor idx="9">introduced</governor>
            <dependent idx="8">first</dependent>
          </dep>
          <dep type="ccomp">
            <governor idx="5">lectures</governor>
            <dependent idx="9">introduced</dependent>
          </dep>
          <dep type="case">
            <governor idx="11">Values</governor>
            <dependent idx="10">to</dependent>
          </dep>
          <dep type="nmod:to">
            <governor idx="9">introduced</governor>
            <dependent idx="11">Values</dependent>
          </dep>
          <dep type="case">
            <governor idx="13">Management</governor>
            <dependent idx="12">Based</dependent>
          </dep>
          <dep type="nmod:based">
            <governor idx="5">lectures</governor>
            <dependent idx="13">Management</dependent>
          </dep>
          <dep type="punct">
            <governor idx="15">VBM</governor>
            <dependent idx="14">-LRB-</dependent>
          </dep>
          <dep type="appos">
            <governor idx="13">Management</governor>
            <dependent idx="15">VBM</dependent>
          </dep>
          <dep type="punct">
            <governor idx="15">VBM</governor>
            <dependent idx="16">-RRB-</dependent>
          </dep>
          <dep type="punct">
            <governor idx="5">lectures</governor>
            <dependent idx="17">.</dependent>
          </dep>
        </dependencies>
      </sentence>
      <sentence id="79">
        <tokens>
          <token id="1">
            <word>This</word>
            <lemma>this</lemma>
            <CharacterOffsetBegin>8128</CharacterOffsetBegin>
            <CharacterOffsetEnd>8132</CharacterOffsetEnd>
            <POS>DT</POS>
            <NER>O</NER>
            <Speaker>PER0</Speaker>
          </token>
          <token id="2">
            <word>was</word>
            <lemma>be</lemma>
            <CharacterOffsetBegin>8133</CharacterOffsetBegin>
            <CharacterOffsetEnd>8136</CharacterOffsetEnd>
            <POS>VBD</POS>
            <NER>O</NER>
            <Speaker>PER0</Speaker>
          </token>
          <token id="3">
            <word>something</word>
            <lemma>something</lemma>
            <CharacterOffsetBegin>8137</CharacterOffsetBegin>
            <CharacterOffsetEnd>8146</CharacterOffsetEnd>
            <POS>NN</POS>
            <NER>O</NER>
            <Speaker>PER0</Speaker>
          </token>
          <token id="4">
            <word>new</word>
            <lemma>new</lemma>
            <CharacterOffsetBegin>8147</CharacterOffsetBegin>
            <CharacterOffsetEnd>8150</CharacterOffsetEnd>
            <POS>JJ</POS>
            <NER>O</NER>
            <Speaker>PER0</Speaker>
          </token>
          <token id="5">
            <word>to</word>
            <lemma>to</lemma>
            <CharacterOffsetBegin>8151</CharacterOffsetBegin>
            <CharacterOffsetEnd>8153</CharacterOffsetEnd>
            <POS>TO</POS>
            <NER>O</NER>
            <Speaker>PER0</Speaker>
          </token>
          <token id="6">
            <word>me</word>
            <lemma>I</lemma>
            <CharacterOffsetBegin>8154</CharacterOffsetBegin>
            <CharacterOffsetEnd>8156</CharacterOffsetEnd>
            <POS>PRP</POS>
            <NER>O</NER>
            <Speaker>PER0</Speaker>
          </token>
          <token id="7">
            <word>as</word>
            <lemma>as</lemma>
            <CharacterOffsetBegin>8157</CharacterOffsetBegin>
            <CharacterOffsetEnd>8159</CharacterOffsetEnd>
            <POS>IN</POS>
            <NER>O</NER>
            <Speaker>PER0</Speaker>
          </token>
          <token id="8">
            <word>I</word>
            <lemma>I</lemma>
            <CharacterOffsetBegin>8160</CharacterOffsetBegin>
            <CharacterOffsetEnd>8161</CharacterOffsetEnd>
            <POS>PRP</POS>
            <NER>O</NER>
            <Speaker>PER0</Speaker>
          </token>
          <token id="9">
            <word>have</word>
            <lemma>have</lemma>
            <CharacterOffsetBegin>8162</CharacterOffsetBegin>
            <CharacterOffsetEnd>8166</CharacterOffsetEnd>
            <POS>VBP</POS>
            <NER>O</NER>
            <Speaker>PER0</Speaker>
          </token>
          <token id="10">
            <word>not</word>
            <lemma>not</lemma>
            <CharacterOffsetBegin>8167</CharacterOffsetBegin>
            <CharacterOffsetEnd>8170</CharacterOffsetEnd>
            <POS>RB</POS>
            <NER>O</NER>
            <Speaker>PER0</Speaker>
          </token>
          <token id="11">
            <word>heard</word>
            <lemma>hear</lemma>
            <CharacterOffsetBegin>8171</CharacterOffsetBegin>
            <CharacterOffsetEnd>8176</CharacterOffsetEnd>
            <POS>VBN</POS>
            <NER>O</NER>
            <Speaker>PER0</Speaker>
          </token>
          <token id="12">
            <word>about</word>
            <lemma>about</lemma>
            <CharacterOffsetBegin>8177</CharacterOffsetBegin>
            <CharacterOffsetEnd>8182</CharacterOffsetEnd>
            <POS>IN</POS>
            <NER>O</NER>
            <Speaker>PER0</Speaker>
          </token>
          <token id="13">
            <word>it</word>
            <lemma>it</lemma>
            <CharacterOffsetBegin>8183</CharacterOffsetBegin>
            <CharacterOffsetEnd>8185</CharacterOffsetEnd>
            <POS>PRP</POS>
            <NER>O</NER>
            <Speaker>PER0</Speaker>
          </token>
          <token id="14">
            <word>before</word>
            <lemma>before</lemma>
            <CharacterOffsetBegin>8186</CharacterOffsetBegin>
            <CharacterOffsetEnd>8192</CharacterOffsetEnd>
            <POS>RB</POS>
            <NER>O</NER>
            <Speaker>PER0</Speaker>
          </token>
          <token id="15">
            <word>.</word>
            <lemma>.</lemma>
            <CharacterOffsetBegin>8192</CharacterOffsetBegin>
            <CharacterOffsetEnd>8193</CharacterOffsetEnd>
            <POS>.</POS>
            <NER>O</NER>
            <Speaker>PER0</Speaker>
          </token>
        </tokens>
        <parse>(ROOT (S (NP (DT This)) (VP (VBD was) (NP (NN something) (JJ new)) (PP (TO to) (NP (PRP me))) (SBAR (IN as) (S (NP (PRP I)) (VP (VBP have) (RB not) (VP (VBN heard) (PP (IN about) (NP (PRP it))) (ADVP (RB before))))))) (. .))) </parse>
        <dependencies type="basic-dependencies">
          <dep type="root">
            <governor idx="0">ROOT</governor>
            <dependent idx="3">something</dependent>
          </dep>
          <dep type="nsubj">
            <governor idx="3">something</governor>
            <dependent idx="1">This</dependent>
          </dep>
          <dep type="cop">
            <governor idx="3">something</governor>
            <dependent idx="2">was</dependent>
          </dep>
          <dep type="amod">
            <governor idx="3">something</governor>
            <dependent idx="4">new</dependent>
          </dep>
          <dep type="case">
            <governor idx="6">me</governor>
            <dependent idx="5">to</dependent>
          </dep>
          <dep type="nmod">
            <governor idx="3">something</governor>
            <dependent idx="6">me</dependent>
          </dep>
          <dep type="mark">
            <governor idx="11">heard</governor>
            <dependent idx="7">as</dependent>
          </dep>
          <dep type="nsubj">
            <governor idx="11">heard</governor>
            <dependent idx="8">I</dependent>
          </dep>
          <dep type="aux">
            <governor idx="11">heard</governor>
            <dependent idx="9">have</dependent>
          </dep>
          <dep type="neg">
            <governor idx="11">heard</governor>
            <dependent idx="10">not</dependent>
          </dep>
          <dep type="advcl">
            <governor idx="3">something</governor>
            <dependent idx="11">heard</dependent>
          </dep>
          <dep type="case">
            <governor idx="13">it</governor>
            <dependent idx="12">about</dependent>
          </dep>
          <dep type="nmod">
            <governor idx="11">heard</governor>
            <dependent idx="13">it</dependent>
          </dep>
          <dep type="advmod">
            <governor idx="11">heard</governor>
            <dependent idx="14">before</dependent>
          </dep>
          <dep type="punct">
            <governor idx="3">something</governor>
            <dependent idx="15">.</dependent>
          </dep>
        </dependencies>
        <dependencies type="collapsed-dependencies">
          <dep type="root">
            <governor idx="0">ROOT</governor>
            <dependent idx="3">something</dependent>
          </dep>
          <dep type="nsubj">
            <governor idx="3">something</governor>
            <dependent idx="1">This</dependent>
          </dep>
          <dep type="cop">
            <governor idx="3">something</governor>
            <dependent idx="2">was</dependent>
          </dep>
          <dep type="amod">
            <governor idx="3">something</governor>
            <dependent idx="4">new</dependent>
          </dep>
          <dep type="case">
            <governor idx="6">me</governor>
            <dependent idx="5">to</dependent>
          </dep>
          <dep type="nmod:to">
            <governor idx="3">something</governor>
            <dependent idx="6">me</dependent>
          </dep>
          <dep type="mark">
            <governor idx="11">heard</governor>
            <dependent idx="7">as</dependent>
          </dep>
          <dep type="nsubj">
            <governor idx="11">heard</governor>
            <dependent idx="8">I</dependent>
          </dep>
          <dep type="aux">
            <governor idx="11">heard</governor>
            <dependent idx="9">have</dependent>
          </dep>
          <dep type="neg">
            <governor idx="11">heard</governor>
            <dependent idx="10">not</dependent>
          </dep>
          <dep type="advcl">
            <governor idx="3">something</governor>
            <dependent idx="11">heard</dependent>
          </dep>
          <dep type="case">
            <governor idx="13">it</governor>
            <dependent idx="12">about</dependent>
          </dep>
          <dep type="nmod:about">
            <governor idx="11">heard</governor>
            <dependent idx="13">it</dependent>
          </dep>
          <dep type="advmod">
            <governor idx="11">heard</governor>
            <dependent idx="14">before</dependent>
          </dep>
          <dep type="punct">
            <governor idx="3">something</governor>
            <dependent idx="15">.</dependent>
          </dep>
        </dependencies>
        <dependencies type="collapsed-ccprocessed-dependencies">
          <dep type="root">
            <governor idx="0">ROOT</governor>
            <dependent idx="3">something</dependent>
          </dep>
          <dep type="nsubj">
            <governor idx="3">something</governor>
            <dependent idx="1">This</dependent>
          </dep>
          <dep type="cop">
            <governor idx="3">something</governor>
            <dependent idx="2">was</dependent>
          </dep>
          <dep type="amod">
            <governor idx="3">something</governor>
            <dependent idx="4">new</dependent>
          </dep>
          <dep type="case">
            <governor idx="6">me</governor>
            <dependent idx="5">to</dependent>
          </dep>
          <dep type="nmod:to">
            <governor idx="3">something</governor>
            <dependent idx="6">me</dependent>
          </dep>
          <dep type="mark">
            <governor idx="11">heard</governor>
            <dependent idx="7">as</dependent>
          </dep>
          <dep type="nsubj">
            <governor idx="11">heard</governor>
            <dependent idx="8">I</dependent>
          </dep>
          <dep type="aux">
            <governor idx="11">heard</governor>
            <dependent idx="9">have</dependent>
          </dep>
          <dep type="neg">
            <governor idx="11">heard</governor>
            <dependent idx="10">not</dependent>
          </dep>
          <dep type="advcl">
            <governor idx="3">something</governor>
            <dependent idx="11">heard</dependent>
          </dep>
          <dep type="case">
            <governor idx="13">it</governor>
            <dependent idx="12">about</dependent>
          </dep>
          <dep type="nmod:about">
            <governor idx="11">heard</governor>
            <dependent idx="13">it</dependent>
          </dep>
          <dep type="advmod">
            <governor idx="11">heard</governor>
            <dependent idx="14">before</dependent>
          </dep>
          <dep type="punct">
            <governor idx="3">something</governor>
            <dependent idx="15">.</dependent>
          </dep>
        </dependencies>
      </sentence>
      <sentence id="80">
        <tokens>
          <token id="1">
            <word>From</word>
            <lemma>from</lemma>
            <CharacterOffsetBegin>8194</CharacterOffsetBegin>
            <CharacterOffsetEnd>8198</CharacterOffsetEnd>
            <POS>IN</POS>
            <NER>O</NER>
            <Speaker>PER0</Speaker>
          </token>
          <token id="2">
            <word>what</word>
            <lemma>what</lemma>
            <CharacterOffsetBegin>8199</CharacterOffsetBegin>
            <CharacterOffsetEnd>8203</CharacterOffsetEnd>
            <POS>WP</POS>
            <NER>O</NER>
            <Speaker>PER0</Speaker>
          </token>
          <token id="3">
            <word>I</word>
            <lemma>I</lemma>
            <CharacterOffsetBegin>8204</CharacterOffsetBegin>
            <CharacterOffsetEnd>8205</CharacterOffsetEnd>
            <POS>PRP</POS>
            <NER>O</NER>
            <Speaker>PER0</Speaker>
          </token>
          <token id="4">
            <word>can</word>
            <lemma>can</lemma>
            <CharacterOffsetBegin>8206</CharacterOffsetBegin>
            <CharacterOffsetEnd>8209</CharacterOffsetEnd>
            <POS>MD</POS>
            <NER>O</NER>
            <Speaker>PER0</Speaker>
          </token>
          <token id="5">
            <word>gather</word>
            <lemma>gather</lemma>
            <CharacterOffsetBegin>8210</CharacterOffsetBegin>
            <CharacterOffsetEnd>8216</CharacterOffsetEnd>
            <POS>VB</POS>
            <NER>O</NER>
            <Speaker>PER0</Speaker>
          </token>
          <token id="6">
            <word>VBM</word>
            <lemma>VBM</lemma>
            <CharacterOffsetBegin>8217</CharacterOffsetBegin>
            <CharacterOffsetEnd>8220</CharacterOffsetEnd>
            <POS>NNP</POS>
            <NER>O</NER>
            <Speaker>PER0</Speaker>
          </token>
          <token id="7">
            <word>is</word>
            <lemma>be</lemma>
            <CharacterOffsetBegin>8221</CharacterOffsetBegin>
            <CharacterOffsetEnd>8223</CharacterOffsetEnd>
            <POS>VBZ</POS>
            <NER>O</NER>
            <Speaker>PER0</Speaker>
          </token>
          <token id="8">
            <word>about</word>
            <lemma>about</lemma>
            <CharacterOffsetBegin>8224</CharacterOffsetBegin>
            <CharacterOffsetEnd>8229</CharacterOffsetEnd>
            <POS>IN</POS>
            <NER>O</NER>
            <Speaker>PER0</Speaker>
          </token>
          <token id="9">
            <word>managing</word>
            <lemma>manage</lemma>
            <CharacterOffsetBegin>8230</CharacterOffsetBegin>
            <CharacterOffsetEnd>8238</CharacterOffsetEnd>
            <POS>VBG</POS>
            <NER>O</NER>
            <Speaker>PER0</Speaker>
          </token>
          <token id="10">
            <word>for</word>
            <lemma>for</lemma>
            <CharacterOffsetBegin>8239</CharacterOffsetBegin>
            <CharacterOffsetEnd>8242</CharacterOffsetEnd>
            <POS>IN</POS>
            <NER>O</NER>
            <Speaker>PER0</Speaker>
          </token>
          <token id="11">
            <word>the</word>
            <lemma>the</lemma>
            <CharacterOffsetBegin>8243</CharacterOffsetBegin>
            <CharacterOffsetEnd>8246</CharacterOffsetEnd>
            <POS>DT</POS>
            <NER>O</NER>
            <Speaker>PER0</Speaker>
          </token>
          <token id="12">
            <word>long</word>
            <lemma>long</lemma>
            <CharacterOffsetBegin>8247</CharacterOffsetBegin>
            <CharacterOffsetEnd>8251</CharacterOffsetEnd>
            <POS>JJ</POS>
            <NER>O</NER>
            <Speaker>PER0</Speaker>
          </token>
          <token id="13">
            <word>term</word>
            <lemma>term</lemma>
            <CharacterOffsetBegin>8252</CharacterOffsetBegin>
            <CharacterOffsetEnd>8256</CharacterOffsetEnd>
            <POS>NN</POS>
            <NER>O</NER>
            <Speaker>PER0</Speaker>
          </token>
          <token id="14">
            <word>by</word>
            <lemma>by</lemma>
            <CharacterOffsetBegin>8257</CharacterOffsetBegin>
            <CharacterOffsetEnd>8259</CharacterOffsetEnd>
            <POS>IN</POS>
            <NER>O</NER>
            <Speaker>PER0</Speaker>
          </token>
          <token id="15">
            <word>maximizing</word>
            <lemma>maximize</lemma>
            <CharacterOffsetBegin>8260</CharacterOffsetBegin>
            <CharacterOffsetEnd>8270</CharacterOffsetEnd>
            <POS>VBG</POS>
            <NER>O</NER>
            <Speaker>PER0</Speaker>
          </token>
          <token id="16">
            <word>value</word>
            <lemma>value</lemma>
            <CharacterOffsetBegin>8271</CharacterOffsetBegin>
            <CharacterOffsetEnd>8276</CharacterOffsetEnd>
            <POS>NN</POS>
            <NER>O</NER>
            <Speaker>PER0</Speaker>
          </token>
          <token id="17">
            <word>,</word>
            <lemma>,</lemma>
            <CharacterOffsetBegin>8276</CharacterOffsetBegin>
            <CharacterOffsetEnd>8277</CharacterOffsetEnd>
            <POS>,</POS>
            <NER>O</NER>
            <Speaker>PER0</Speaker>
          </token>
          <token id="18">
            <word>not</word>
            <lemma>not</lemma>
            <CharacterOffsetBegin>8278</CharacterOffsetBegin>
            <CharacterOffsetEnd>8281</CharacterOffsetEnd>
            <POS>RB</POS>
            <NER>O</NER>
            <Speaker>PER0</Speaker>
          </token>
          <token id="19">
            <word>profit</word>
            <lemma>profit</lemma>
            <CharacterOffsetBegin>8282</CharacterOffsetBegin>
            <CharacterOffsetEnd>8288</CharacterOffsetEnd>
            <POS>NN</POS>
            <NER>O</NER>
            <Speaker>PER0</Speaker>
          </token>
          <token id="20">
            <word>.</word>
            <lemma>.</lemma>
            <CharacterOffsetBegin>8288</CharacterOffsetBegin>
            <CharacterOffsetEnd>8289</CharacterOffsetEnd>
            <POS>.</POS>
            <NER>O</NER>
            <Speaker>PER0</Speaker>
          </token>
        </tokens>
        <parse>(ROOT (S (PP (IN From) (SBAR (WHNP (WP what)) (S (NP (PRP I)) (VP (MD can) (VP (VB gather)))))) (NP (NNP VBM)) (VP (VBZ is) (PP (IN about) (S (VP (VBG managing) (PP (IN for) (NP (DT the) (JJ long) (NN term))) (PP (IN by) (S (VP (VBG maximizing) (NP (NN value) (, ,) (RB not) (NN profit))))))))) (. .))) </parse>
        <dependencies type="basic-dependencies">
          <dep type="root">
            <governor idx="0">ROOT</governor>
            <dependent idx="9">managing</dependent>
          </dep>
          <dep type="mark">
            <governor idx="5">gather</governor>
            <dependent idx="1">From</dependent>
          </dep>
          <dep type="dobj">
            <governor idx="5">gather</governor>
            <dependent idx="2">what</dependent>
          </dep>
          <dep type="nsubj">
            <governor idx="5">gather</governor>
            <dependent idx="3">I</dependent>
          </dep>
          <dep type="aux">
            <governor idx="5">gather</governor>
            <dependent idx="4">can</dependent>
          </dep>
          <dep type="advcl">
            <governor idx="9">managing</governor>
            <dependent idx="5">gather</dependent>
          </dep>
          <dep type="nsubj">
            <governor idx="9">managing</governor>
            <dependent idx="6">VBM</dependent>
          </dep>
          <dep type="cop">
            <governor idx="9">managing</governor>
            <dependent idx="7">is</dependent>
          </dep>
          <dep type="mark">
            <governor idx="9">managing</governor>
            <dependent idx="8">about</dependent>
          </dep>
          <dep type="case">
            <governor idx="13">term</governor>
            <dependent idx="10">for</dependent>
          </dep>
          <dep type="det">
            <governor idx="13">term</governor>
            <dependent idx="11">the</dependent>
          </dep>
          <dep type="amod">
            <governor idx="13">term</governor>
            <dependent idx="12">long</dependent>
          </dep>
          <dep type="nmod">
            <governor idx="9">managing</governor>
            <dependent idx="13">term</dependent>
          </dep>
          <dep type="mark">
            <governor idx="15">maximizing</governor>
            <dependent idx="14">by</dependent>
          </dep>
          <dep type="advcl">
            <governor idx="9">managing</governor>
            <dependent idx="15">maximizing</dependent>
          </dep>
          <dep type="compound">
            <governor idx="19">profit</governor>
            <dependent idx="16">value</dependent>
          </dep>
          <dep type="punct">
            <governor idx="19">profit</governor>
            <dependent idx="17">,</dependent>
          </dep>
          <dep type="neg">
            <governor idx="19">profit</governor>
            <dependent idx="18">not</dependent>
          </dep>
          <dep type="dobj">
            <governor idx="15">maximizing</governor>
            <dependent idx="19">profit</dependent>
          </dep>
          <dep type="punct">
            <governor idx="9">managing</governor>
            <dependent idx="20">.</dependent>
          </dep>
        </dependencies>
        <dependencies type="collapsed-dependencies">
          <dep type="root">
            <governor idx="0">ROOT</governor>
            <dependent idx="9">managing</dependent>
          </dep>
          <dep type="mark">
            <governor idx="5">gather</governor>
            <dependent idx="1">From</dependent>
          </dep>
          <dep type="dobj">
            <governor idx="5">gather</governor>
            <dependent idx="2">what</dependent>
          </dep>
          <dep type="nsubj">
            <governor idx="5">gather</governor>
            <dependent idx="3">I</dependent>
          </dep>
          <dep type="aux">
            <governor idx="5">gather</governor>
            <dependent idx="4">can</dependent>
          </dep>
          <dep type="advcl">
            <governor idx="9">managing</governor>
            <dependent idx="5">gather</dependent>
          </dep>
          <dep type="nsubj">
            <governor idx="9">managing</governor>
            <dependent idx="6">VBM</dependent>
          </dep>
          <dep type="cop">
            <governor idx="9">managing</governor>
            <dependent idx="7">is</dependent>
          </dep>
          <dep type="mark">
            <governor idx="9">managing</governor>
            <dependent idx="8">about</dependent>
          </dep>
          <dep type="case">
            <governor idx="13">term</governor>
            <dependent idx="10">for</dependent>
          </dep>
          <dep type="det">
            <governor idx="13">term</governor>
            <dependent idx="11">the</dependent>
          </dep>
          <dep type="amod">
            <governor idx="13">term</governor>
            <dependent idx="12">long</dependent>
          </dep>
          <dep type="nmod:for">
            <governor idx="9">managing</governor>
            <dependent idx="13">term</dependent>
          </dep>
          <dep type="mark">
            <governor idx="15">maximizing</governor>
            <dependent idx="14">by</dependent>
          </dep>
          <dep type="advcl">
            <governor idx="9">managing</governor>
            <dependent idx="15">maximizing</dependent>
          </dep>
          <dep type="compound">
            <governor idx="19">profit</governor>
            <dependent idx="16">value</dependent>
          </dep>
          <dep type="punct">
            <governor idx="19">profit</governor>
            <dependent idx="17">,</dependent>
          </dep>
          <dep type="neg">
            <governor idx="19">profit</governor>
            <dependent idx="18">not</dependent>
          </dep>
          <dep type="dobj">
            <governor idx="15">maximizing</governor>
            <dependent idx="19">profit</dependent>
          </dep>
          <dep type="punct">
            <governor idx="9">managing</governor>
            <dependent idx="20">.</dependent>
          </dep>
        </dependencies>
        <dependencies type="collapsed-ccprocessed-dependencies">
          <dep type="root">
            <governor idx="0">ROOT</governor>
            <dependent idx="9">managing</dependent>
          </dep>
          <dep type="mark">
            <governor idx="5">gather</governor>
            <dependent idx="1">From</dependent>
          </dep>
          <dep type="dobj">
            <governor idx="5">gather</governor>
            <dependent idx="2">what</dependent>
          </dep>
          <dep type="nsubj">
            <governor idx="5">gather</governor>
            <dependent idx="3">I</dependent>
          </dep>
          <dep type="aux">
            <governor idx="5">gather</governor>
            <dependent idx="4">can</dependent>
          </dep>
          <dep type="advcl">
            <governor idx="9">managing</governor>
            <dependent idx="5">gather</dependent>
          </dep>
          <dep type="nsubj">
            <governor idx="9">managing</governor>
            <dependent idx="6">VBM</dependent>
          </dep>
          <dep type="cop">
            <governor idx="9">managing</governor>
            <dependent idx="7">is</dependent>
          </dep>
          <dep type="mark">
            <governor idx="9">managing</governor>
            <dependent idx="8">about</dependent>
          </dep>
          <dep type="case">
            <governor idx="13">term</governor>
            <dependent idx="10">for</dependent>
          </dep>
          <dep type="det">
            <governor idx="13">term</governor>
            <dependent idx="11">the</dependent>
          </dep>
          <dep type="amod">
            <governor idx="13">term</governor>
            <dependent idx="12">long</dependent>
          </dep>
          <dep type="nmod:for">
            <governor idx="9">managing</governor>
            <dependent idx="13">term</dependent>
          </dep>
          <dep type="mark">
            <governor idx="15">maximizing</governor>
            <dependent idx="14">by</dependent>
          </dep>
          <dep type="advcl">
            <governor idx="9">managing</governor>
            <dependent idx="15">maximizing</dependent>
          </dep>
          <dep type="compound">
            <governor idx="19">profit</governor>
            <dependent idx="16">value</dependent>
          </dep>
          <dep type="punct">
            <governor idx="19">profit</governor>
            <dependent idx="17">,</dependent>
          </dep>
          <dep type="neg">
            <governor idx="19">profit</governor>
            <dependent idx="18">not</dependent>
          </dep>
          <dep type="dobj">
            <governor idx="15">maximizing</governor>
            <dependent idx="19">profit</dependent>
          </dep>
          <dep type="punct">
            <governor idx="9">managing</governor>
            <dependent idx="20">.</dependent>
          </dep>
        </dependencies>
      </sentence>
      <sentence id="81">
        <tokens>
          <token id="1">
            <word>I</word>
            <lemma>I</lemma>
            <CharacterOffsetBegin>8291</CharacterOffsetBegin>
            <CharacterOffsetEnd>8292</CharacterOffsetEnd>
            <POS>PRP</POS>
            <NER>O</NER>
            <Speaker>PER0</Speaker>
          </token>
          <token id="2">
            <word>wondered</word>
            <lemma>wonder</lemma>
            <CharacterOffsetBegin>8293</CharacterOffsetBegin>
            <CharacterOffsetEnd>8301</CharacterOffsetEnd>
            <POS>VBD</POS>
            <NER>O</NER>
            <Speaker>PER0</Speaker>
          </token>
          <token id="3">
            <word>are</word>
            <lemma>be</lemma>
            <CharacterOffsetBegin>8302</CharacterOffsetBegin>
            <CharacterOffsetEnd>8305</CharacterOffsetEnd>
            <POS>VBP</POS>
            <NER>O</NER>
            <Speaker>PER0</Speaker>
          </token>
          <token id="4">
            <word>organizations</word>
            <lemma>organization</lemma>
            <CharacterOffsetBegin>8306</CharacterOffsetBegin>
            <CharacterOffsetEnd>8319</CharacterOffsetEnd>
            <POS>NNS</POS>
            <NER>O</NER>
            <Speaker>PER0</Speaker>
          </token>
          <token id="5">
            <word>that</word>
            <lemma>that</lemma>
            <CharacterOffsetBegin>8320</CharacterOffsetBegin>
            <CharacterOffsetEnd>8324</CharacterOffsetEnd>
            <POS>WDT</POS>
            <NER>O</NER>
            <Speaker>PER0</Speaker>
          </token>
          <token id="6">
            <word>are</word>
            <lemma>be</lemma>
            <CharacterOffsetBegin>8325</CharacterOffsetBegin>
            <CharacterOffsetEnd>8328</CharacterOffsetEnd>
            <POS>VBP</POS>
            <NER>O</NER>
            <Speaker>PER0</Speaker>
          </token>
          <token id="7">
            <word>aligned</word>
            <lemma>align</lemma>
            <CharacterOffsetBegin>8329</CharacterOffsetBegin>
            <CharacterOffsetEnd>8336</CharacterOffsetEnd>
            <POS>VBN</POS>
            <NER>O</NER>
            <Speaker>PER0</Speaker>
          </token>
          <token id="8">
            <word>to</word>
            <lemma>to</lemma>
            <CharacterOffsetBegin>8337</CharacterOffsetBegin>
            <CharacterOffsetEnd>8339</CharacterOffsetEnd>
            <POS>TO</POS>
            <NER>O</NER>
            <Speaker>PER0</Speaker>
          </token>
          <token id="9">
            <word>VBM</word>
            <lemma>VBM</lemma>
            <CharacterOffsetBegin>8340</CharacterOffsetBegin>
            <CharacterOffsetEnd>8343</CharacterOffsetEnd>
            <POS>NNP</POS>
            <NER>O</NER>
            <Speaker>PER0</Speaker>
          </token>
          <token id="10">
            <word>practices</word>
            <lemma>practice</lemma>
            <CharacterOffsetBegin>8344</CharacterOffsetBegin>
            <CharacterOffsetEnd>8353</CharacterOffsetEnd>
            <POS>NNS</POS>
            <NER>O</NER>
            <Speaker>PER0</Speaker>
          </token>
          <token id="11">
            <word>more</word>
            <lemma>more</lemma>
            <CharacterOffsetBegin>8354</CharacterOffsetBegin>
            <CharacterOffsetEnd>8358</CharacterOffsetEnd>
            <POS>RBR</POS>
            <NER>O</NER>
            <Speaker>PER0</Speaker>
          </token>
          <token id="12">
            <word>successful</word>
            <lemma>successful</lemma>
            <CharacterOffsetBegin>8359</CharacterOffsetBegin>
            <CharacterOffsetEnd>8369</CharacterOffsetEnd>
            <POS>JJ</POS>
            <NER>O</NER>
            <Speaker>PER0</Speaker>
          </token>
          <token id="13">
            <word>than</word>
            <lemma>than</lemma>
            <CharacterOffsetBegin>8370</CharacterOffsetBegin>
            <CharacterOffsetEnd>8374</CharacterOffsetEnd>
            <POS>IN</POS>
            <NER>O</NER>
            <Speaker>PER0</Speaker>
          </token>
          <token id="14">
            <word>those</word>
            <lemma>those</lemma>
            <CharacterOffsetBegin>8375</CharacterOffsetBegin>
            <CharacterOffsetEnd>8380</CharacterOffsetEnd>
            <POS>DT</POS>
            <NER>O</NER>
            <Speaker>PER0</Speaker>
          </token>
          <token id="15">
            <word>that</word>
            <lemma>that</lemma>
            <CharacterOffsetBegin>8381</CharacterOffsetBegin>
            <CharacterOffsetEnd>8385</CharacterOffsetEnd>
            <POS>WDT</POS>
            <NER>O</NER>
            <Speaker>PER0</Speaker>
          </token>
          <token id="16">
            <word>are</word>
            <lemma>be</lemma>
            <CharacterOffsetBegin>8386</CharacterOffsetBegin>
            <CharacterOffsetEnd>8389</CharacterOffsetEnd>
            <POS>VBP</POS>
            <NER>O</NER>
            <Speaker>PER0</Speaker>
          </token>
          <token id="17">
            <word>not</word>
            <lemma>not</lemma>
            <CharacterOffsetBegin>8390</CharacterOffsetBegin>
            <CharacterOffsetEnd>8393</CharacterOffsetEnd>
            <POS>RB</POS>
            <NER>O</NER>
            <Speaker>PER0</Speaker>
          </token>
          <token id="18">
            <word>?</word>
            <lemma>?</lemma>
            <CharacterOffsetBegin>8393</CharacterOffsetBegin>
            <CharacterOffsetEnd>8394</CharacterOffsetEnd>
            <POS>.</POS>
            <NER>O</NER>
            <Speaker>PER0</Speaker>
          </token>
        </tokens>
        <parse>(ROOT (S (NP (PRP I)) (VP (VBD wondered) (SBAR (S (VP (VBP are) (NP (NP (NNS organizations)) (SBAR (WHNP (WDT that)) (S (VP (VBP are) (VP (VBN aligned) (PP (TO to) (NP (NP (NNP VBM) (NNS practices)) (ADJP (RBR more) (JJ successful)))) (PP (IN than) (NP (NP (DT those)) (SBAR (WHNP (WDT that)) (S (VP (VBP are) (RB not))))))))))))))) (. ?))) </parse>
        <dependencies type="basic-dependencies">
          <dep type="root">
            <governor idx="0">ROOT</governor>
            <dependent idx="2">wondered</dependent>
          </dep>
          <dep type="nsubj">
            <governor idx="2">wondered</governor>
            <dependent idx="1">I</dependent>
          </dep>
          <dep type="cop">
            <governor idx="4">organizations</governor>
            <dependent idx="3">are</dependent>
          </dep>
          <dep type="ccomp">
            <governor idx="2">wondered</governor>
            <dependent idx="4">organizations</dependent>
          </dep>
          <dep type="nsubjpass">
            <governor idx="7">aligned</governor>
            <dependent idx="5">that</dependent>
          </dep>
          <dep type="auxpass">
            <governor idx="7">aligned</governor>
            <dependent idx="6">are</dependent>
          </dep>
          <dep type="acl:relcl">
            <governor idx="4">organizations</governor>
            <dependent idx="7">aligned</dependent>
          </dep>
          <dep type="case">
            <governor idx="10">practices</governor>
            <dependent idx="8">to</dependent>
          </dep>
          <dep type="compound">
            <governor idx="10">practices</governor>
            <dependent idx="9">VBM</dependent>
          </dep>
          <dep type="nmod">
            <governor idx="7">aligned</governor>
            <dependent idx="10">practices</dependent>
          </dep>
          <dep type="advmod">
            <governor idx="12">successful</governor>
            <dependent idx="11">more</dependent>
          </dep>
          <dep type="amod">
            <governor idx="10">practices</governor>
            <dependent idx="12">successful</dependent>
          </dep>
          <dep type="case">
            <governor idx="14">those</governor>
            <dependent idx="13">than</dependent>
          </dep>
          <dep type="nmod">
            <governor idx="7">aligned</governor>
            <dependent idx="14">those</dependent>
          </dep>
          <dep type="nsubj">
            <governor idx="16">are</governor>
            <dependent idx="15">that</dependent>
          </dep>
          <dep type="acl:relcl">
            <governor idx="14">those</governor>
            <dependent idx="16">are</dependent>
          </dep>
          <dep type="neg">
            <governor idx="16">are</governor>
            <dependent idx="17">not</dependent>
          </dep>
          <dep type="punct">
            <governor idx="2">wondered</governor>
            <dependent idx="18">?</dependent>
          </dep>
        </dependencies>
        <dependencies type="collapsed-dependencies">
          <dep type="root">
            <governor idx="0">ROOT</governor>
            <dependent idx="2">wondered</dependent>
          </dep>
          <dep type="nsubj">
            <governor idx="2">wondered</governor>
            <dependent idx="1">I</dependent>
          </dep>
          <dep type="cop">
            <governor idx="4">organizations</governor>
            <dependent idx="3">are</dependent>
          </dep>
          <dep type="ccomp">
            <governor idx="2">wondered</governor>
            <dependent idx="4">organizations</dependent>
          </dep>
          <dep type="nsubjpass">
            <governor idx="7">aligned</governor>
            <dependent idx="5">that</dependent>
          </dep>
          <dep type="auxpass">
            <governor idx="7">aligned</governor>
            <dependent idx="6">are</dependent>
          </dep>
          <dep type="acl:relcl">
            <governor idx="4">organizations</governor>
            <dependent idx="7">aligned</dependent>
          </dep>
          <dep type="case">
            <governor idx="10">practices</governor>
            <dependent idx="8">to</dependent>
          </dep>
          <dep type="compound">
            <governor idx="10">practices</governor>
            <dependent idx="9">VBM</dependent>
          </dep>
          <dep type="nmod:to">
            <governor idx="7">aligned</governor>
            <dependent idx="10">practices</dependent>
          </dep>
          <dep type="advmod">
            <governor idx="12">successful</governor>
            <dependent idx="11">more</dependent>
          </dep>
          <dep type="amod">
            <governor idx="10">practices</governor>
            <dependent idx="12">successful</dependent>
          </dep>
          <dep type="case">
            <governor idx="14">those</governor>
            <dependent idx="13">than</dependent>
          </dep>
          <dep type="nmod:than">
            <governor idx="7">aligned</governor>
            <dependent idx="14">those</dependent>
          </dep>
          <dep type="nsubj">
            <governor idx="16">are</governor>
            <dependent idx="15">that</dependent>
          </dep>
          <dep type="acl:relcl">
            <governor idx="14">those</governor>
            <dependent idx="16">are</dependent>
          </dep>
          <dep type="neg">
            <governor idx="16">are</governor>
            <dependent idx="17">not</dependent>
          </dep>
          <dep type="punct">
            <governor idx="2">wondered</governor>
            <dependent idx="18">?</dependent>
          </dep>
        </dependencies>
        <dependencies type="collapsed-ccprocessed-dependencies">
          <dep type="root">
            <governor idx="0">ROOT</governor>
            <dependent idx="2">wondered</dependent>
          </dep>
          <dep type="nsubj">
            <governor idx="2">wondered</governor>
            <dependent idx="1">I</dependent>
          </dep>
          <dep type="cop">
            <governor idx="4">organizations</governor>
            <dependent idx="3">are</dependent>
          </dep>
          <dep type="ccomp">
            <governor idx="2">wondered</governor>
            <dependent idx="4">organizations</dependent>
          </dep>
          <dep type="nsubjpass">
            <governor idx="7">aligned</governor>
            <dependent idx="5">that</dependent>
          </dep>
          <dep type="auxpass">
            <governor idx="7">aligned</governor>
            <dependent idx="6">are</dependent>
          </dep>
          <dep type="acl:relcl">
            <governor idx="4">organizations</governor>
            <dependent idx="7">aligned</dependent>
          </dep>
          <dep type="case">
            <governor idx="10">practices</governor>
            <dependent idx="8">to</dependent>
          </dep>
          <dep type="compound">
            <governor idx="10">practices</governor>
            <dependent idx="9">VBM</dependent>
          </dep>
          <dep type="nmod:to">
            <governor idx="7">aligned</governor>
            <dependent idx="10">practices</dependent>
          </dep>
          <dep type="advmod">
            <governor idx="12">successful</governor>
            <dependent idx="11">more</dependent>
          </dep>
          <dep type="amod">
            <governor idx="10">practices</governor>
            <dependent idx="12">successful</dependent>
          </dep>
          <dep type="case">
            <governor idx="14">those</governor>
            <dependent idx="13">than</dependent>
          </dep>
          <dep type="nmod:than">
            <governor idx="7">aligned</governor>
            <dependent idx="14">those</dependent>
          </dep>
          <dep type="nsubj">
            <governor idx="16">are</governor>
            <dependent idx="15">that</dependent>
          </dep>
          <dep type="acl:relcl">
            <governor idx="14">those</governor>
            <dependent idx="16">are</dependent>
          </dep>
          <dep type="neg">
            <governor idx="16">are</governor>
            <dependent idx="17">not</dependent>
          </dep>
          <dep type="punct">
            <governor idx="2">wondered</governor>
            <dependent idx="18">?</dependent>
          </dep>
        </dependencies>
      </sentence>
      <sentence id="82">
        <tokens>
          <token id="1">
            <word>Once</word>
            <lemma>once</lemma>
            <CharacterOffsetBegin>8395</CharacterOffsetBegin>
            <CharacterOffsetEnd>8399</CharacterOffsetEnd>
            <POS>RB</POS>
            <NER>DATE</NER>
            <NormalizedNER>PAST_REF</NormalizedNER>
            <Speaker>PER0</Speaker>
            <Timex tid="t10" type="DATE">PAST_REF</Timex>
          </token>
          <token id="2">
            <word>again</word>
            <lemma>again</lemma>
            <CharacterOffsetBegin>8400</CharacterOffsetBegin>
            <CharacterOffsetEnd>8405</CharacterOffsetEnd>
            <POS>RB</POS>
            <NER>O</NER>
            <Speaker>PER0</Speaker>
          </token>
          <token id="3">
            <word>I</word>
            <lemma>I</lemma>
            <CharacterOffsetBegin>8406</CharacterOffsetBegin>
            <CharacterOffsetEnd>8407</CharacterOffsetEnd>
            <POS>PRP</POS>
            <NER>O</NER>
            <Speaker>PER0</Speaker>
          </token>
          <token id="4">
            <word>thought</word>
            <lemma>think</lemma>
            <CharacterOffsetBegin>8408</CharacterOffsetBegin>
            <CharacterOffsetEnd>8415</CharacterOffsetEnd>
            <POS>VBD</POS>
            <NER>O</NER>
            <Speaker>PER0</Speaker>
          </token>
          <token id="5">
            <word>about</word>
            <lemma>about</lemma>
            <CharacterOffsetBegin>8416</CharacterOffsetBegin>
            <CharacterOffsetEnd>8421</CharacterOffsetEnd>
            <POS>IN</POS>
            <NER>O</NER>
            <Speaker>PER0</Speaker>
          </token>
          <token id="6">
            <word>my</word>
            <lemma>my</lemma>
            <CharacterOffsetBegin>8422</CharacterOffsetBegin>
            <CharacterOffsetEnd>8424</CharacterOffsetEnd>
            <POS>PRP$</POS>
            <NER>O</NER>
            <Speaker>PER0</Speaker>
          </token>
          <token id="7">
            <word>current</word>
            <lemma>current</lemma>
            <CharacterOffsetBegin>8425</CharacterOffsetBegin>
            <CharacterOffsetEnd>8432</CharacterOffsetEnd>
            <POS>JJ</POS>
            <NER>DATE</NER>
            <NormalizedNER>PRESENT_REF</NormalizedNER>
            <Speaker>PER0</Speaker>
            <Timex tid="t11" type="DATE">PRESENT_REF</Timex>
          </token>
          <token id="8">
            <word>workplace</word>
            <lemma>workplace</lemma>
            <CharacterOffsetBegin>8433</CharacterOffsetBegin>
            <CharacterOffsetEnd>8442</CharacterOffsetEnd>
            <POS>NN</POS>
            <NER>O</NER>
            <Speaker>PER0</Speaker>
          </token>
          <token id="9">
            <word>.</word>
            <lemma>.</lemma>
            <CharacterOffsetBegin>8442</CharacterOffsetBegin>
            <CharacterOffsetEnd>8443</CharacterOffsetEnd>
            <POS>.</POS>
            <NER>O</NER>
            <Speaker>PER0</Speaker>
          </token>
        </tokens>
        <parse>(ROOT (S (ADVP (RB Once) (RB again)) (NP (PRP I)) (VP (VBD thought) (PP (IN about) (NP (PRP$ my) (JJ current) (NN workplace)))) (. .))) </parse>
        <dependencies type="basic-dependencies">
          <dep type="root">
            <governor idx="0">ROOT</governor>
            <dependent idx="4">thought</dependent>
          </dep>
          <dep type="advmod">
            <governor idx="2">again</governor>
            <dependent idx="1">Once</dependent>
          </dep>
          <dep type="advmod">
            <governor idx="4">thought</governor>
            <dependent idx="2">again</dependent>
          </dep>
          <dep type="nsubj">
            <governor idx="4">thought</governor>
            <dependent idx="3">I</dependent>
          </dep>
          <dep type="case">
            <governor idx="8">workplace</governor>
            <dependent idx="5">about</dependent>
          </dep>
          <dep type="nmod:poss">
            <governor idx="8">workplace</governor>
            <dependent idx="6">my</dependent>
          </dep>
          <dep type="amod">
            <governor idx="8">workplace</governor>
            <dependent idx="7">current</dependent>
          </dep>
          <dep type="nmod">
            <governor idx="4">thought</governor>
            <dependent idx="8">workplace</dependent>
          </dep>
          <dep type="punct">
            <governor idx="4">thought</governor>
            <dependent idx="9">.</dependent>
          </dep>
        </dependencies>
        <dependencies type="collapsed-dependencies">
          <dep type="root">
            <governor idx="0">ROOT</governor>
            <dependent idx="4">thought</dependent>
          </dep>
          <dep type="advmod">
            <governor idx="2">again</governor>
            <dependent idx="1">Once</dependent>
          </dep>
          <dep type="advmod">
            <governor idx="4">thought</governor>
            <dependent idx="2">again</dependent>
          </dep>
          <dep type="nsubj">
            <governor idx="4">thought</governor>
            <dependent idx="3">I</dependent>
          </dep>
          <dep type="case">
            <governor idx="8">workplace</governor>
            <dependent idx="5">about</dependent>
          </dep>
          <dep type="nmod:poss">
            <governor idx="8">workplace</governor>
            <dependent idx="6">my</dependent>
          </dep>
          <dep type="amod">
            <governor idx="8">workplace</governor>
            <dependent idx="7">current</dependent>
          </dep>
          <dep type="nmod:about">
            <governor idx="4">thought</governor>
            <dependent idx="8">workplace</dependent>
          </dep>
          <dep type="punct">
            <governor idx="4">thought</governor>
            <dependent idx="9">.</dependent>
          </dep>
        </dependencies>
        <dependencies type="collapsed-ccprocessed-dependencies">
          <dep type="root">
            <governor idx="0">ROOT</governor>
            <dependent idx="4">thought</dependent>
          </dep>
          <dep type="advmod">
            <governor idx="2">again</governor>
            <dependent idx="1">Once</dependent>
          </dep>
          <dep type="advmod">
            <governor idx="4">thought</governor>
            <dependent idx="2">again</dependent>
          </dep>
          <dep type="nsubj">
            <governor idx="4">thought</governor>
            <dependent idx="3">I</dependent>
          </dep>
          <dep type="case">
            <governor idx="8">workplace</governor>
            <dependent idx="5">about</dependent>
          </dep>
          <dep type="nmod:poss">
            <governor idx="8">workplace</governor>
            <dependent idx="6">my</dependent>
          </dep>
          <dep type="amod">
            <governor idx="8">workplace</governor>
            <dependent idx="7">current</dependent>
          </dep>
          <dep type="nmod:about">
            <governor idx="4">thought</governor>
            <dependent idx="8">workplace</dependent>
          </dep>
          <dep type="punct">
            <governor idx="4">thought</governor>
            <dependent idx="9">.</dependent>
          </dep>
        </dependencies>
      </sentence>
      <sentence id="83">
        <tokens>
          <token id="1">
            <word>Upon</word>
            <lemma>upon</lemma>
            <CharacterOffsetBegin>8444</CharacterOffsetBegin>
            <CharacterOffsetEnd>8448</CharacterOffsetEnd>
            <POS>IN</POS>
            <NER>O</NER>
            <Speaker>PER0</Speaker>
          </token>
          <token id="2">
            <word>reflection</word>
            <lemma>reflection</lemma>
            <CharacterOffsetBegin>8449</CharacterOffsetBegin>
            <CharacterOffsetEnd>8459</CharacterOffsetEnd>
            <POS>NN</POS>
            <NER>O</NER>
            <Speaker>PER0</Speaker>
          </token>
          <token id="3">
            <word>I</word>
            <lemma>I</lemma>
            <CharacterOffsetBegin>8460</CharacterOffsetBegin>
            <CharacterOffsetEnd>8461</CharacterOffsetEnd>
            <POS>PRP</POS>
            <NER>O</NER>
            <Speaker>PER0</Speaker>
          </token>
          <token id="4">
            <word>realized</word>
            <lemma>realize</lemma>
            <CharacterOffsetBegin>8462</CharacterOffsetBegin>
            <CharacterOffsetEnd>8470</CharacterOffsetEnd>
            <POS>VBD</POS>
            <NER>O</NER>
            <Speaker>PER0</Speaker>
          </token>
          <token id="5">
            <word>that</word>
            <lemma>that</lemma>
            <CharacterOffsetBegin>8471</CharacterOffsetBegin>
            <CharacterOffsetEnd>8475</CharacterOffsetEnd>
            <POS>IN</POS>
            <NER>O</NER>
            <Speaker>PER0</Speaker>
          </token>
          <token id="6">
            <word>my</word>
            <lemma>my</lemma>
            <CharacterOffsetBegin>8476</CharacterOffsetBegin>
            <CharacterOffsetEnd>8478</CharacterOffsetEnd>
            <POS>PRP$</POS>
            <NER>O</NER>
            <Speaker>PER0</Speaker>
          </token>
          <token id="7">
            <word>workplace</word>
            <lemma>workplace</lemma>
            <CharacterOffsetBegin>8479</CharacterOffsetBegin>
            <CharacterOffsetEnd>8488</CharacterOffsetEnd>
            <POS>NN</POS>
            <NER>O</NER>
            <Speaker>PER0</Speaker>
          </token>
          <token id="8">
            <word>does</word>
            <lemma>do</lemma>
            <CharacterOffsetBegin>8489</CharacterOffsetBegin>
            <CharacterOffsetEnd>8493</CharacterOffsetEnd>
            <POS>VBZ</POS>
            <NER>O</NER>
            <Speaker>PER0</Speaker>
          </token>
          <token id="9">
            <word>not</word>
            <lemma>not</lemma>
            <CharacterOffsetBegin>8494</CharacterOffsetBegin>
            <CharacterOffsetEnd>8497</CharacterOffsetEnd>
            <POS>RB</POS>
            <NER>O</NER>
            <Speaker>PER0</Speaker>
          </token>
          <token id="10">
            <word>adopt</word>
            <lemma>adopt</lemma>
            <CharacterOffsetBegin>8498</CharacterOffsetBegin>
            <CharacterOffsetEnd>8503</CharacterOffsetEnd>
            <POS>VB</POS>
            <NER>O</NER>
            <Speaker>PER0</Speaker>
          </token>
          <token id="11">
            <word>VBM</word>
            <lemma>VBM</lemma>
            <CharacterOffsetBegin>8504</CharacterOffsetBegin>
            <CharacterOffsetEnd>8507</CharacterOffsetEnd>
            <POS>NNP</POS>
            <NER>O</NER>
            <Speaker>PER0</Speaker>
          </token>
          <token id="12">
            <word>practices</word>
            <lemma>practice</lemma>
            <CharacterOffsetBegin>8508</CharacterOffsetBegin>
            <CharacterOffsetEnd>8517</CharacterOffsetEnd>
            <POS>NNS</POS>
            <NER>O</NER>
            <Speaker>PER0</Speaker>
          </token>
          <token id="13">
            <word>.</word>
            <lemma>.</lemma>
            <CharacterOffsetBegin>8517</CharacterOffsetBegin>
            <CharacterOffsetEnd>8518</CharacterOffsetEnd>
            <POS>.</POS>
            <NER>O</NER>
            <Speaker>PER0</Speaker>
          </token>
        </tokens>
        <parse>(ROOT (S (PP (IN Upon) (NP (NN reflection))) (NP (PRP I)) (VP (VBD realized) (SBAR (IN that) (S (NP (PRP$ my) (NN workplace)) (VP (VBZ does) (RB not) (VP (VB adopt) (NP (NNP VBM) (NNS practices))))))) (. .))) </parse>
        <dependencies type="basic-dependencies">
          <dep type="root">
            <governor idx="0">ROOT</governor>
            <dependent idx="4">realized</dependent>
          </dep>
          <dep type="case">
            <governor idx="2">reflection</governor>
            <dependent idx="1">Upon</dependent>
          </dep>
          <dep type="nmod">
            <governor idx="4">realized</governor>
            <dependent idx="2">reflection</dependent>
          </dep>
          <dep type="nsubj">
            <governor idx="4">realized</governor>
            <dependent idx="3">I</dependent>
          </dep>
          <dep type="mark">
            <governor idx="10">adopt</governor>
            <dependent idx="5">that</dependent>
          </dep>
          <dep type="nmod:poss">
            <governor idx="7">workplace</governor>
            <dependent idx="6">my</dependent>
          </dep>
          <dep type="nsubj">
            <governor idx="10">adopt</governor>
            <dependent idx="7">workplace</dependent>
          </dep>
          <dep type="aux">
            <governor idx="10">adopt</governor>
            <dependent idx="8">does</dependent>
          </dep>
          <dep type="neg">
            <governor idx="10">adopt</governor>
            <dependent idx="9">not</dependent>
          </dep>
          <dep type="ccomp">
            <governor idx="4">realized</governor>
            <dependent idx="10">adopt</dependent>
          </dep>
          <dep type="compound">
            <governor idx="12">practices</governor>
            <dependent idx="11">VBM</dependent>
          </dep>
          <dep type="dobj">
            <governor idx="10">adopt</governor>
            <dependent idx="12">practices</dependent>
          </dep>
          <dep type="punct">
            <governor idx="4">realized</governor>
            <dependent idx="13">.</dependent>
          </dep>
        </dependencies>
        <dependencies type="collapsed-dependencies">
          <dep type="root">
            <governor idx="0">ROOT</governor>
            <dependent idx="4">realized</dependent>
          </dep>
          <dep type="case">
            <governor idx="2">reflection</governor>
            <dependent idx="1">Upon</dependent>
          </dep>
          <dep type="nmod:upon">
            <governor idx="4">realized</governor>
            <dependent idx="2">reflection</dependent>
          </dep>
          <dep type="nsubj">
            <governor idx="4">realized</governor>
            <dependent idx="3">I</dependent>
          </dep>
          <dep type="mark">
            <governor idx="10">adopt</governor>
            <dependent idx="5">that</dependent>
          </dep>
          <dep type="nmod:poss">
            <governor idx="7">workplace</governor>
            <dependent idx="6">my</dependent>
          </dep>
          <dep type="nsubj">
            <governor idx="10">adopt</governor>
            <dependent idx="7">workplace</dependent>
          </dep>
          <dep type="aux">
            <governor idx="10">adopt</governor>
            <dependent idx="8">does</dependent>
          </dep>
          <dep type="neg">
            <governor idx="10">adopt</governor>
            <dependent idx="9">not</dependent>
          </dep>
          <dep type="ccomp">
            <governor idx="4">realized</governor>
            <dependent idx="10">adopt</dependent>
          </dep>
          <dep type="compound">
            <governor idx="12">practices</governor>
            <dependent idx="11">VBM</dependent>
          </dep>
          <dep type="dobj">
            <governor idx="10">adopt</governor>
            <dependent idx="12">practices</dependent>
          </dep>
          <dep type="punct">
            <governor idx="4">realized</governor>
            <dependent idx="13">.</dependent>
          </dep>
        </dependencies>
        <dependencies type="collapsed-ccprocessed-dependencies">
          <dep type="root">
            <governor idx="0">ROOT</governor>
            <dependent idx="4">realized</dependent>
          </dep>
          <dep type="case">
            <governor idx="2">reflection</governor>
            <dependent idx="1">Upon</dependent>
          </dep>
          <dep type="nmod:upon">
            <governor idx="4">realized</governor>
            <dependent idx="2">reflection</dependent>
          </dep>
          <dep type="nsubj">
            <governor idx="4">realized</governor>
            <dependent idx="3">I</dependent>
          </dep>
          <dep type="mark">
            <governor idx="10">adopt</governor>
            <dependent idx="5">that</dependent>
          </dep>
          <dep type="nmod:poss">
            <governor idx="7">workplace</governor>
            <dependent idx="6">my</dependent>
          </dep>
          <dep type="nsubj">
            <governor idx="10">adopt</governor>
            <dependent idx="7">workplace</dependent>
          </dep>
          <dep type="aux">
            <governor idx="10">adopt</governor>
            <dependent idx="8">does</dependent>
          </dep>
          <dep type="neg">
            <governor idx="10">adopt</governor>
            <dependent idx="9">not</dependent>
          </dep>
          <dep type="ccomp">
            <governor idx="4">realized</governor>
            <dependent idx="10">adopt</dependent>
          </dep>
          <dep type="compound">
            <governor idx="12">practices</governor>
            <dependent idx="11">VBM</dependent>
          </dep>
          <dep type="dobj">
            <governor idx="10">adopt</governor>
            <dependent idx="12">practices</dependent>
          </dep>
          <dep type="punct">
            <governor idx="4">realized</governor>
            <dependent idx="13">.</dependent>
          </dep>
        </dependencies>
      </sentence>
      <sentence id="84">
        <tokens>
          <token id="1">
            <word>In</word>
            <lemma>in</lemma>
            <CharacterOffsetBegin>8519</CharacterOffsetBegin>
            <CharacterOffsetEnd>8521</CharacterOffsetEnd>
            <POS>IN</POS>
            <NER>O</NER>
            <Speaker>PER0</Speaker>
          </token>
          <token id="2">
            <word>fact</word>
            <lemma>fact</lemma>
            <CharacterOffsetBegin>8522</CharacterOffsetBegin>
            <CharacterOffsetEnd>8526</CharacterOffsetEnd>
            <POS>NN</POS>
            <NER>O</NER>
            <Speaker>PER0</Speaker>
          </token>
          <token id="3">
            <word>the</word>
            <lemma>the</lemma>
            <CharacterOffsetBegin>8527</CharacterOffsetBegin>
            <CharacterOffsetEnd>8530</CharacterOffsetEnd>
            <POS>DT</POS>
            <NER>O</NER>
            <Speaker>PER0</Speaker>
          </token>
          <token id="4">
            <word>organisation</word>
            <lemma>organisation</lemma>
            <CharacterOffsetBegin>8531</CharacterOffsetBegin>
            <CharacterOffsetEnd>8543</CharacterOffsetEnd>
            <POS>NN</POS>
            <NER>O</NER>
            <Speaker>PER0</Speaker>
          </token>
          <token id="5">
            <word>is</word>
            <lemma>be</lemma>
            <CharacterOffsetBegin>8544</CharacterOffsetBegin>
            <CharacterOffsetEnd>8546</CharacterOffsetEnd>
            <POS>VBZ</POS>
            <NER>O</NER>
            <Speaker>PER0</Speaker>
          </token>
          <token id="6">
            <word>very</word>
            <lemma>very</lemma>
            <CharacterOffsetBegin>8547</CharacterOffsetBegin>
            <CharacterOffsetEnd>8551</CharacterOffsetEnd>
            <POS>RB</POS>
            <NER>O</NER>
            <Speaker>PER0</Speaker>
          </token>
          <token id="7">
            <word>short</word>
            <lemma>short</lemma>
            <CharacterOffsetBegin>8552</CharacterOffsetBegin>
            <CharacterOffsetEnd>8557</CharacterOffsetEnd>
            <POS>JJ</POS>
            <NER>O</NER>
            <Speaker>PER0</Speaker>
          </token>
          <token id="8">
            <word>term</word>
            <lemma>term</lemma>
            <CharacterOffsetBegin>8558</CharacterOffsetBegin>
            <CharacterOffsetEnd>8562</CharacterOffsetEnd>
            <POS>NN</POS>
            <NER>O</NER>
            <Speaker>PER0</Speaker>
          </token>
          <token id="9">
            <word>in</word>
            <lemma>in</lemma>
            <CharacterOffsetBegin>8563</CharacterOffsetBegin>
            <CharacterOffsetEnd>8565</CharacterOffsetEnd>
            <POS>IN</POS>
            <NER>O</NER>
            <Speaker>PER0</Speaker>
          </token>
          <token id="10">
            <word>their</word>
            <lemma>they</lemma>
            <CharacterOffsetBegin>8566</CharacterOffsetBegin>
            <CharacterOffsetEnd>8571</CharacterOffsetEnd>
            <POS>PRP$</POS>
            <NER>O</NER>
            <Speaker>PER0</Speaker>
          </token>
          <token id="11">
            <word>thinking</word>
            <lemma>thinking</lemma>
            <CharacterOffsetBegin>8572</CharacterOffsetBegin>
            <CharacterOffsetEnd>8580</CharacterOffsetEnd>
            <POS>NN</POS>
            <NER>O</NER>
            <Speaker>PER0</Speaker>
          </token>
          <token id="12">
            <word>and</word>
            <lemma>and</lemma>
            <CharacterOffsetBegin>8581</CharacterOffsetBegin>
            <CharacterOffsetEnd>8584</CharacterOffsetEnd>
            <POS>CC</POS>
            <NER>O</NER>
            <Speaker>PER0</Speaker>
          </token>
          <token id="13">
            <word>reactive</word>
            <lemma>reactive</lemma>
            <CharacterOffsetBegin>8585</CharacterOffsetBegin>
            <CharacterOffsetEnd>8593</CharacterOffsetEnd>
            <POS>JJ</POS>
            <NER>O</NER>
            <Speaker>PER0</Speaker>
          </token>
          <token id="14">
            <word>.</word>
            <lemma>.</lemma>
            <CharacterOffsetBegin>8593</CharacterOffsetBegin>
            <CharacterOffsetEnd>8594</CharacterOffsetEnd>
            <POS>.</POS>
            <NER>O</NER>
            <Speaker>PER0</Speaker>
          </token>
        </tokens>
        <parse>(ROOT (S (PP (IN In) (NP (NN fact))) (NP (DT the) (NN organisation)) (VP (VBZ is) (ADJP (ADJP (ADJP (RB very) (JJ short) (NN term)) (PP (IN in) (NP (PRP$ their) (NN thinking)))) (CC and) (ADJP (JJ reactive)))) (. .))) </parse>
        <dependencies type="basic-dependencies">
          <dep type="root">
            <governor idx="0">ROOT</governor>
            <dependent idx="8">term</dependent>
          </dep>
          <dep type="case">
            <governor idx="2">fact</governor>
            <dependent idx="1">In</dependent>
          </dep>
          <dep type="nmod">
            <governor idx="8">term</governor>
            <dependent idx="2">fact</dependent>
          </dep>
          <dep type="det">
            <governor idx="4">organisation</governor>
            <dependent idx="3">the</dependent>
          </dep>
          <dep type="nsubj">
            <governor idx="8">term</governor>
            <dependent idx="4">organisation</dependent>
          </dep>
          <dep type="cop">
            <governor idx="8">term</governor>
            <dependent idx="5">is</dependent>
          </dep>
          <dep type="advmod">
            <governor idx="8">term</governor>
            <dependent idx="6">very</dependent>
          </dep>
          <dep type="dep">
            <governor idx="8">term</governor>
            <dependent idx="7">short</dependent>
          </dep>
          <dep type="case">
            <governor idx="11">thinking</governor>
            <dependent idx="9">in</dependent>
          </dep>
          <dep type="nmod:poss">
            <governor idx="11">thinking</governor>
            <dependent idx="10">their</dependent>
          </dep>
          <dep type="nmod">
            <governor idx="8">term</governor>
            <dependent idx="11">thinking</dependent>
          </dep>
          <dep type="cc">
            <governor idx="8">term</governor>
            <dependent idx="12">and</dependent>
          </dep>
          <dep type="conj">
            <governor idx="8">term</governor>
            <dependent idx="13">reactive</dependent>
          </dep>
          <dep type="punct">
            <governor idx="8">term</governor>
            <dependent idx="14">.</dependent>
          </dep>
        </dependencies>
        <dependencies type="collapsed-dependencies">
          <dep type="root">
            <governor idx="0">ROOT</governor>
            <dependent idx="8">term</dependent>
          </dep>
          <dep type="case">
            <governor idx="2">fact</governor>
            <dependent idx="1">In</dependent>
          </dep>
          <dep type="nmod:in">
            <governor idx="8">term</governor>
            <dependent idx="2">fact</dependent>
          </dep>
          <dep type="det">
            <governor idx="4">organisation</governor>
            <dependent idx="3">the</dependent>
          </dep>
          <dep type="nsubj">
            <governor idx="8">term</governor>
            <dependent idx="4">organisation</dependent>
          </dep>
          <dep type="cop">
            <governor idx="8">term</governor>
            <dependent idx="5">is</dependent>
          </dep>
          <dep type="advmod">
            <governor idx="8">term</governor>
            <dependent idx="6">very</dependent>
          </dep>
          <dep type="dep">
            <governor idx="8">term</governor>
            <dependent idx="7">short</dependent>
          </dep>
          <dep type="case">
            <governor idx="11">thinking</governor>
            <dependent idx="9">in</dependent>
          </dep>
          <dep type="nmod:poss">
            <governor idx="11">thinking</governor>
            <dependent idx="10">their</dependent>
          </dep>
          <dep type="nmod:in">
            <governor idx="8">term</governor>
            <dependent idx="11">thinking</dependent>
          </dep>
          <dep type="cc">
            <governor idx="8">term</governor>
            <dependent idx="12">and</dependent>
          </dep>
          <dep type="conj:and">
            <governor idx="8">term</governor>
            <dependent idx="13">reactive</dependent>
          </dep>
          <dep type="punct">
            <governor idx="8">term</governor>
            <dependent idx="14">.</dependent>
          </dep>
        </dependencies>
        <dependencies type="collapsed-ccprocessed-dependencies">
          <dep type="root">
            <governor idx="0">ROOT</governor>
            <dependent idx="8">term</dependent>
          </dep>
          <dep type="case">
            <governor idx="2">fact</governor>
            <dependent idx="1">In</dependent>
          </dep>
          <dep type="nmod:in">
            <governor idx="8">term</governor>
            <dependent idx="2">fact</dependent>
          </dep>
          <dep type="det">
            <governor idx="4">organisation</governor>
            <dependent idx="3">the</dependent>
          </dep>
          <dep type="nsubj">
            <governor idx="8">term</governor>
            <dependent idx="4">organisation</dependent>
          </dep>
          <dep type="nsubj" extra="true">
            <governor idx="13">reactive</governor>
            <dependent idx="4">organisation</dependent>
          </dep>
          <dep type="cop">
            <governor idx="8">term</governor>
            <dependent idx="5">is</dependent>
          </dep>
          <dep type="advmod">
            <governor idx="8">term</governor>
            <dependent idx="6">very</dependent>
          </dep>
          <dep type="dep">
            <governor idx="8">term</governor>
            <dependent idx="7">short</dependent>
          </dep>
          <dep type="case">
            <governor idx="11">thinking</governor>
            <dependent idx="9">in</dependent>
          </dep>
          <dep type="nmod:poss">
            <governor idx="11">thinking</governor>
            <dependent idx="10">their</dependent>
          </dep>
          <dep type="nmod:in">
            <governor idx="8">term</governor>
            <dependent idx="11">thinking</dependent>
          </dep>
          <dep type="cc">
            <governor idx="8">term</governor>
            <dependent idx="12">and</dependent>
          </dep>
          <dep type="conj:and">
            <governor idx="8">term</governor>
            <dependent idx="13">reactive</dependent>
          </dep>
          <dep type="punct">
            <governor idx="8">term</governor>
            <dependent idx="14">.</dependent>
          </dep>
        </dependencies>
      </sentence>
      <sentence id="85">
        <tokens>
          <token id="1">
            <word>Although</word>
            <lemma>although</lemma>
            <CharacterOffsetBegin>8595</CharacterOffsetBegin>
            <CharacterOffsetEnd>8603</CharacterOffsetEnd>
            <POS>IN</POS>
            <NER>O</NER>
            <Speaker>PER0</Speaker>
          </token>
          <token id="2">
            <word>we</word>
            <lemma>we</lemma>
            <CharacterOffsetBegin>8604</CharacterOffsetBegin>
            <CharacterOffsetEnd>8606</CharacterOffsetEnd>
            <POS>PRP</POS>
            <NER>O</NER>
            <Speaker>PER0</Speaker>
          </token>
          <token id="3">
            <word>attempt</word>
            <lemma>attempt</lemma>
            <CharacterOffsetBegin>8607</CharacterOffsetBegin>
            <CharacterOffsetEnd>8614</CharacterOffsetEnd>
            <POS>VBP</POS>
            <NER>O</NER>
            <Speaker>PER0</Speaker>
          </token>
          <token id="4">
            <word>at</word>
            <lemma>at</lemma>
            <CharacterOffsetBegin>8615</CharacterOffsetBegin>
            <CharacterOffsetEnd>8617</CharacterOffsetEnd>
            <POS>IN</POS>
            <NER>O</NER>
            <Speaker>PER0</Speaker>
          </token>
          <token id="5">
            <word>practicing</word>
            <lemma>practice</lemma>
            <CharacterOffsetBegin>8618</CharacterOffsetBegin>
            <CharacterOffsetEnd>8628</CharacterOffsetEnd>
            <POS>VBG</POS>
            <NER>O</NER>
            <Speaker>PER0</Speaker>
          </token>
          <token id="6">
            <word>good</word>
            <lemma>good</lemma>
            <CharacterOffsetBegin>8629</CharacterOffsetBegin>
            <CharacterOffsetEnd>8633</CharacterOffsetEnd>
            <POS>JJ</POS>
            <NER>O</NER>
            <Speaker>PER0</Speaker>
          </token>
          <token id="7">
            <word>corporate</word>
            <lemma>corporate</lemma>
            <CharacterOffsetBegin>8634</CharacterOffsetBegin>
            <CharacterOffsetEnd>8643</CharacterOffsetEnd>
            <POS>JJ</POS>
            <NER>O</NER>
            <Speaker>PER0</Speaker>
          </token>
          <token id="8">
            <word>citizenship</word>
            <lemma>citizenship</lemma>
            <CharacterOffsetBegin>8644</CharacterOffsetBegin>
            <CharacterOffsetEnd>8655</CharacterOffsetEnd>
            <POS>NN</POS>
            <NER>O</NER>
            <Speaker>PER0</Speaker>
          </token>
          <token id="9">
            <word>behaviours</word>
            <lemma>behaviour</lemma>
            <CharacterOffsetBegin>8656</CharacterOffsetBegin>
            <CharacterOffsetEnd>8666</CharacterOffsetEnd>
            <POS>NNS</POS>
            <NER>O</NER>
            <Speaker>PER0</Speaker>
          </token>
          <token id="10">
            <word>we</word>
            <lemma>we</lemma>
            <CharacterOffsetBegin>8667</CharacterOffsetBegin>
            <CharacterOffsetEnd>8669</CharacterOffsetEnd>
            <POS>PRP</POS>
            <NER>O</NER>
            <Speaker>PER0</Speaker>
          </token>
          <token id="11">
            <word>do</word>
            <lemma>do</lemma>
            <CharacterOffsetBegin>8670</CharacterOffsetBegin>
            <CharacterOffsetEnd>8672</CharacterOffsetEnd>
            <POS>VBP</POS>
            <NER>O</NER>
            <Speaker>PER0</Speaker>
          </token>
          <token id="12">
            <word>not</word>
            <lemma>not</lemma>
            <CharacterOffsetBegin>8673</CharacterOffsetBegin>
            <CharacterOffsetEnd>8676</CharacterOffsetEnd>
            <POS>RB</POS>
            <NER>O</NER>
            <Speaker>PER0</Speaker>
          </token>
          <token id="13">
            <word>invest</word>
            <lemma>invest</lemma>
            <CharacterOffsetBegin>8677</CharacterOffsetBegin>
            <CharacterOffsetEnd>8683</CharacterOffsetEnd>
            <POS>VB</POS>
            <NER>O</NER>
            <Speaker>PER0</Speaker>
          </token>
          <token id="14">
            <word>in</word>
            <lemma>in</lemma>
            <CharacterOffsetBegin>8684</CharacterOffsetBegin>
            <CharacterOffsetEnd>8686</CharacterOffsetEnd>
            <POS>IN</POS>
            <NER>O</NER>
            <Speaker>PER0</Speaker>
          </token>
          <token id="15">
            <word>our</word>
            <lemma>we</lemma>
            <CharacterOffsetBegin>8687</CharacterOffsetBegin>
            <CharacterOffsetEnd>8690</CharacterOffsetEnd>
            <POS>PRP$</POS>
            <NER>O</NER>
            <Speaker>PER0</Speaker>
          </token>
          <token id="16">
            <word>employees</word>
            <lemma>employee</lemma>
            <CharacterOffsetBegin>8691</CharacterOffsetBegin>
            <CharacterOffsetEnd>8700</CharacterOffsetEnd>
            <POS>NNS</POS>
            <NER>O</NER>
            <Speaker>PER0</Speaker>
          </token>
          <token id="17">
            <word>like</word>
            <lemma>like</lemma>
            <CharacterOffsetBegin>8701</CharacterOffsetBegin>
            <CharacterOffsetEnd>8705</CharacterOffsetEnd>
            <POS>IN</POS>
            <NER>O</NER>
            <Speaker>PER0</Speaker>
          </token>
          <token id="18">
            <word>other</word>
            <lemma>other</lemma>
            <CharacterOffsetBegin>8706</CharacterOffsetBegin>
            <CharacterOffsetEnd>8711</CharacterOffsetEnd>
            <POS>JJ</POS>
            <NER>O</NER>
            <Speaker>PER0</Speaker>
          </token>
          <token id="19">
            <word>competitors</word>
            <lemma>competitor</lemma>
            <CharacterOffsetBegin>8712</CharacterOffsetBegin>
            <CharacterOffsetEnd>8723</CharacterOffsetEnd>
            <POS>NNS</POS>
            <NER>O</NER>
            <Speaker>PER0</Speaker>
          </token>
          <token id="20">
            <word>would</word>
            <lemma>would</lemma>
            <CharacterOffsetBegin>8724</CharacterOffsetBegin>
            <CharacterOffsetEnd>8729</CharacterOffsetEnd>
            <POS>MD</POS>
            <NER>O</NER>
            <Speaker>PER0</Speaker>
          </token>
          <token id="21">
            <word>.</word>
            <lemma>.</lemma>
            <CharacterOffsetBegin>8729</CharacterOffsetBegin>
            <CharacterOffsetEnd>8730</CharacterOffsetEnd>
            <POS>.</POS>
            <NER>O</NER>
            <Speaker>PER0</Speaker>
          </token>
        </tokens>
        <parse>(ROOT (S (SBAR (IN Although) (S (NP (PRP we)) (VP (VBP attempt) (PP (IN at) (S (VP (VBG practicing) (NP (JJ good) (JJ corporate) (NN citizenship) (NNS behaviours)))))))) (NP (PRP we)) (VP (VBP do) (RB not) (VP (VB invest) (PP (IN in) (NP (PRP$ our) (NNS employees))) (SBAR (IN like) (S (NP (JJ other) (NNS competitors)) (VP (MD would)))))) (. .))) </parse>
        <dependencies type="basic-dependencies">
          <dep type="root">
            <governor idx="0">ROOT</governor>
            <dependent idx="13">invest</dependent>
          </dep>
          <dep type="mark">
            <governor idx="3">attempt</governor>
            <dependent idx="1">Although</dependent>
          </dep>
          <dep type="nsubj">
            <governor idx="3">attempt</governor>
            <dependent idx="2">we</dependent>
          </dep>
          <dep type="advcl">
            <governor idx="13">invest</governor>
            <dependent idx="3">attempt</dependent>
          </dep>
          <dep type="mark">
            <governor idx="5">practicing</governor>
            <dependent idx="4">at</dependent>
          </dep>
          <dep type="advcl">
            <governor idx="3">attempt</governor>
            <dependent idx="5">practicing</dependent>
          </dep>
          <dep type="amod">
            <governor idx="9">behaviours</governor>
            <dependent idx="6">good</dependent>
          </dep>
          <dep type="amod">
            <governor idx="9">behaviours</governor>
            <dependent idx="7">corporate</dependent>
          </dep>
          <dep type="compound">
            <governor idx="9">behaviours</governor>
            <dependent idx="8">citizenship</dependent>
          </dep>
          <dep type="dobj">
            <governor idx="5">practicing</governor>
            <dependent idx="9">behaviours</dependent>
          </dep>
          <dep type="nsubj">
            <governor idx="13">invest</governor>
            <dependent idx="10">we</dependent>
          </dep>
          <dep type="aux">
            <governor idx="13">invest</governor>
            <dependent idx="11">do</dependent>
          </dep>
          <dep type="neg">
            <governor idx="13">invest</governor>
            <dependent idx="12">not</dependent>
          </dep>
          <dep type="case">
            <governor idx="16">employees</governor>
            <dependent idx="14">in</dependent>
          </dep>
          <dep type="nmod:poss">
            <governor idx="16">employees</governor>
            <dependent idx="15">our</dependent>
          </dep>
          <dep type="nmod">
            <governor idx="13">invest</governor>
            <dependent idx="16">employees</dependent>
          </dep>
          <dep type="mark">
            <governor idx="20">would</governor>
            <dependent idx="17">like</dependent>
          </dep>
          <dep type="amod">
            <governor idx="19">competitors</governor>
            <dependent idx="18">other</dependent>
          </dep>
          <dep type="nsubj">
            <governor idx="20">would</governor>
            <dependent idx="19">competitors</dependent>
          </dep>
          <dep type="advcl">
            <governor idx="13">invest</governor>
            <dependent idx="20">would</dependent>
          </dep>
          <dep type="punct">
            <governor idx="13">invest</governor>
            <dependent idx="21">.</dependent>
          </dep>
        </dependencies>
        <dependencies type="collapsed-dependencies">
          <dep type="root">
            <governor idx="0">ROOT</governor>
            <dependent idx="13">invest</dependent>
          </dep>
          <dep type="mark">
            <governor idx="3">attempt</governor>
            <dependent idx="1">Although</dependent>
          </dep>
          <dep type="nsubj">
            <governor idx="3">attempt</governor>
            <dependent idx="2">we</dependent>
          </dep>
          <dep type="advcl">
            <governor idx="13">invest</governor>
            <dependent idx="3">attempt</dependent>
          </dep>
          <dep type="mark">
            <governor idx="5">practicing</governor>
            <dependent idx="4">at</dependent>
          </dep>
          <dep type="advcl">
            <governor idx="3">attempt</governor>
            <dependent idx="5">practicing</dependent>
          </dep>
          <dep type="amod">
            <governor idx="9">behaviours</governor>
            <dependent idx="6">good</dependent>
          </dep>
          <dep type="amod">
            <governor idx="9">behaviours</governor>
            <dependent idx="7">corporate</dependent>
          </dep>
          <dep type="compound">
            <governor idx="9">behaviours</governor>
            <dependent idx="8">citizenship</dependent>
          </dep>
          <dep type="dobj">
            <governor idx="5">practicing</governor>
            <dependent idx="9">behaviours</dependent>
          </dep>
          <dep type="nsubj">
            <governor idx="13">invest</governor>
            <dependent idx="10">we</dependent>
          </dep>
          <dep type="aux">
            <governor idx="13">invest</governor>
            <dependent idx="11">do</dependent>
          </dep>
          <dep type="neg">
            <governor idx="13">invest</governor>
            <dependent idx="12">not</dependent>
          </dep>
          <dep type="case">
            <governor idx="16">employees</governor>
            <dependent idx="14">in</dependent>
          </dep>
          <dep type="nmod:poss">
            <governor idx="16">employees</governor>
            <dependent idx="15">our</dependent>
          </dep>
          <dep type="nmod:in">
            <governor idx="13">invest</governor>
            <dependent idx="16">employees</dependent>
          </dep>
          <dep type="mark">
            <governor idx="20">would</governor>
            <dependent idx="17">like</dependent>
          </dep>
          <dep type="amod">
            <governor idx="19">competitors</governor>
            <dependent idx="18">other</dependent>
          </dep>
          <dep type="nsubj">
            <governor idx="20">would</governor>
            <dependent idx="19">competitors</dependent>
          </dep>
          <dep type="advcl">
            <governor idx="13">invest</governor>
            <dependent idx="20">would</dependent>
          </dep>
          <dep type="punct">
            <governor idx="13">invest</governor>
            <dependent idx="21">.</dependent>
          </dep>
        </dependencies>
        <dependencies type="collapsed-ccprocessed-dependencies">
          <dep type="root">
            <governor idx="0">ROOT</governor>
            <dependent idx="13">invest</dependent>
          </dep>
          <dep type="mark">
            <governor idx="3">attempt</governor>
            <dependent idx="1">Although</dependent>
          </dep>
          <dep type="nsubj">
            <governor idx="3">attempt</governor>
            <dependent idx="2">we</dependent>
          </dep>
          <dep type="advcl">
            <governor idx="13">invest</governor>
            <dependent idx="3">attempt</dependent>
          </dep>
          <dep type="mark">
            <governor idx="5">practicing</governor>
            <dependent idx="4">at</dependent>
          </dep>
          <dep type="advcl">
            <governor idx="3">attempt</governor>
            <dependent idx="5">practicing</dependent>
          </dep>
          <dep type="amod">
            <governor idx="9">behaviours</governor>
            <dependent idx="6">good</dependent>
          </dep>
          <dep type="amod">
            <governor idx="9">behaviours</governor>
            <dependent idx="7">corporate</dependent>
          </dep>
          <dep type="compound">
            <governor idx="9">behaviours</governor>
            <dependent idx="8">citizenship</dependent>
          </dep>
          <dep type="dobj">
            <governor idx="5">practicing</governor>
            <dependent idx="9">behaviours</dependent>
          </dep>
          <dep type="nsubj">
            <governor idx="13">invest</governor>
            <dependent idx="10">we</dependent>
          </dep>
          <dep type="aux">
            <governor idx="13">invest</governor>
            <dependent idx="11">do</dependent>
          </dep>
          <dep type="neg">
            <governor idx="13">invest</governor>
            <dependent idx="12">not</dependent>
          </dep>
          <dep type="case">
            <governor idx="16">employees</governor>
            <dependent idx="14">in</dependent>
          </dep>
          <dep type="nmod:poss">
            <governor idx="16">employees</governor>
            <dependent idx="15">our</dependent>
          </dep>
          <dep type="nmod:in">
            <governor idx="13">invest</governor>
            <dependent idx="16">employees</dependent>
          </dep>
          <dep type="mark">
            <governor idx="20">would</governor>
            <dependent idx="17">like</dependent>
          </dep>
          <dep type="amod">
            <governor idx="19">competitors</governor>
            <dependent idx="18">other</dependent>
          </dep>
          <dep type="nsubj">
            <governor idx="20">would</governor>
            <dependent idx="19">competitors</dependent>
          </dep>
          <dep type="advcl">
            <governor idx="13">invest</governor>
            <dependent idx="20">would</dependent>
          </dep>
          <dep type="punct">
            <governor idx="13">invest</governor>
            <dependent idx="21">.</dependent>
          </dep>
        </dependencies>
      </sentence>
      <sentence id="86">
        <tokens>
          <token id="1">
            <word>Hence</word>
            <lemma>hence</lemma>
            <CharacterOffsetBegin>8731</CharacterOffsetBegin>
            <CharacterOffsetEnd>8736</CharacterOffsetEnd>
            <POS>RB</POS>
            <NER>O</NER>
            <Speaker>PER0</Speaker>
          </token>
          <token id="2">
            <word>we</word>
            <lemma>we</lemma>
            <CharacterOffsetBegin>8737</CharacterOffsetBegin>
            <CharacterOffsetEnd>8739</CharacterOffsetEnd>
            <POS>PRP</POS>
            <NER>O</NER>
            <Speaker>PER0</Speaker>
          </token>
          <token id="3">
            <word>have</word>
            <lemma>have</lemma>
            <CharacterOffsetBegin>8740</CharacterOffsetBegin>
            <CharacterOffsetEnd>8744</CharacterOffsetEnd>
            <POS>VBP</POS>
            <NER>O</NER>
            <Speaker>PER0</Speaker>
          </token>
          <token id="4">
            <word>an</word>
            <lemma>a</lemma>
            <CharacterOffsetBegin>8745</CharacterOffsetBegin>
            <CharacterOffsetEnd>8747</CharacterOffsetEnd>
            <POS>DT</POS>
            <NER>O</NER>
            <Speaker>PER0</Speaker>
          </token>
          <token id="5">
            <word>attraction</word>
            <lemma>attraction</lemma>
            <CharacterOffsetBegin>8748</CharacterOffsetBegin>
            <CharacterOffsetEnd>8758</CharacterOffsetEnd>
            <POS>NN</POS>
            <NER>O</NER>
            <Speaker>PER0</Speaker>
          </token>
          <token id="6">
            <word>and</word>
            <lemma>and</lemma>
            <CharacterOffsetBegin>8759</CharacterOffsetBegin>
            <CharacterOffsetEnd>8762</CharacterOffsetEnd>
            <POS>CC</POS>
            <NER>O</NER>
            <Speaker>PER0</Speaker>
          </token>
          <token id="7">
            <word>retention</word>
            <lemma>retention</lemma>
            <CharacterOffsetBegin>8763</CharacterOffsetBegin>
            <CharacterOffsetEnd>8772</CharacterOffsetEnd>
            <POS>NN</POS>
            <NER>O</NER>
            <Speaker>PER0</Speaker>
          </token>
          <token id="8">
            <word>issue</word>
            <lemma>issue</lemma>
            <CharacterOffsetBegin>8773</CharacterOffsetBegin>
            <CharacterOffsetEnd>8778</CharacterOffsetEnd>
            <POS>NN</POS>
            <NER>O</NER>
            <Speaker>PER0</Speaker>
          </token>
          <token id="9">
            <word>.</word>
            <lemma>.</lemma>
            <CharacterOffsetBegin>8778</CharacterOffsetBegin>
            <CharacterOffsetEnd>8779</CharacterOffsetEnd>
            <POS>.</POS>
            <NER>O</NER>
            <Speaker>PER0</Speaker>
          </token>
        </tokens>
        <parse>(ROOT (S (ADVP (RB Hence)) (NP (PRP we)) (VP (VBP have) (NP (DT an) (NN attraction) (CC and) (NN retention) (NN issue))) (. .))) </parse>
        <dependencies type="basic-dependencies">
          <dep type="root">
            <governor idx="0">ROOT</governor>
            <dependent idx="3">have</dependent>
          </dep>
          <dep type="advmod">
            <governor idx="3">have</governor>
            <dependent idx="1">Hence</dependent>
          </dep>
          <dep type="nsubj">
            <governor idx="3">have</governor>
            <dependent idx="2">we</dependent>
          </dep>
          <dep type="det">
            <governor idx="8">issue</governor>
            <dependent idx="4">an</dependent>
          </dep>
          <dep type="compound">
            <governor idx="8">issue</governor>
            <dependent idx="5">attraction</dependent>
          </dep>
          <dep type="cc">
            <governor idx="5">attraction</governor>
            <dependent idx="6">and</dependent>
          </dep>
          <dep type="conj">
            <governor idx="5">attraction</governor>
            <dependent idx="7">retention</dependent>
          </dep>
          <dep type="dobj">
            <governor idx="3">have</governor>
            <dependent idx="8">issue</dependent>
          </dep>
          <dep type="punct">
            <governor idx="3">have</governor>
            <dependent idx="9">.</dependent>
          </dep>
        </dependencies>
        <dependencies type="collapsed-dependencies">
          <dep type="root">
            <governor idx="0">ROOT</governor>
            <dependent idx="3">have</dependent>
          </dep>
          <dep type="advmod">
            <governor idx="3">have</governor>
            <dependent idx="1">Hence</dependent>
          </dep>
          <dep type="nsubj">
            <governor idx="3">have</governor>
            <dependent idx="2">we</dependent>
          </dep>
          <dep type="det">
            <governor idx="8">issue</governor>
            <dependent idx="4">an</dependent>
          </dep>
          <dep type="compound">
            <governor idx="8">issue</governor>
            <dependent idx="5">attraction</dependent>
          </dep>
          <dep type="cc">
            <governor idx="5">attraction</governor>
            <dependent idx="6">and</dependent>
          </dep>
          <dep type="conj:and">
            <governor idx="5">attraction</governor>
            <dependent idx="7">retention</dependent>
          </dep>
          <dep type="dobj">
            <governor idx="3">have</governor>
            <dependent idx="8">issue</dependent>
          </dep>
          <dep type="punct">
            <governor idx="3">have</governor>
            <dependent idx="9">.</dependent>
          </dep>
        </dependencies>
        <dependencies type="collapsed-ccprocessed-dependencies">
          <dep type="root">
            <governor idx="0">ROOT</governor>
            <dependent idx="3">have</dependent>
          </dep>
          <dep type="advmod">
            <governor idx="3">have</governor>
            <dependent idx="1">Hence</dependent>
          </dep>
          <dep type="nsubj">
            <governor idx="3">have</governor>
            <dependent idx="2">we</dependent>
          </dep>
          <dep type="det">
            <governor idx="8">issue</governor>
            <dependent idx="4">an</dependent>
          </dep>
          <dep type="compound">
            <governor idx="8">issue</governor>
            <dependent idx="5">attraction</dependent>
          </dep>
          <dep type="cc">
            <governor idx="5">attraction</governor>
            <dependent idx="6">and</dependent>
          </dep>
          <dep type="conj:and">
            <governor idx="5">attraction</governor>
            <dependent idx="7">retention</dependent>
          </dep>
          <dep type="compound" extra="true">
            <governor idx="8">issue</governor>
            <dependent idx="7">retention</dependent>
          </dep>
          <dep type="dobj">
            <governor idx="3">have</governor>
            <dependent idx="8">issue</dependent>
          </dep>
          <dep type="punct">
            <governor idx="3">have</governor>
            <dependent idx="9">.</dependent>
          </dep>
        </dependencies>
      </sentence>
      <sentence id="87">
        <tokens>
          <token id="1">
            <word>The</word>
            <lemma>the</lemma>
            <CharacterOffsetBegin>8780</CharacterOffsetBegin>
            <CharacterOffsetEnd>8783</CharacterOffsetEnd>
            <POS>DT</POS>
            <NER>O</NER>
            <Speaker>PER0</Speaker>
          </token>
          <token id="2">
            <word>success</word>
            <lemma>success</lemma>
            <CharacterOffsetBegin>8784</CharacterOffsetBegin>
            <CharacterOffsetEnd>8791</CharacterOffsetEnd>
            <POS>NN</POS>
            <NER>O</NER>
            <Speaker>PER0</Speaker>
          </token>
          <token id="3">
            <word>factor</word>
            <lemma>factor</lemma>
            <CharacterOffsetBegin>8792</CharacterOffsetBegin>
            <CharacterOffsetEnd>8798</CharacterOffsetEnd>
            <POS>NN</POS>
            <NER>O</NER>
            <Speaker>PER0</Speaker>
          </token>
          <token id="4">
            <word>at</word>
            <lemma>at</lemma>
            <CharacterOffsetBegin>8799</CharacterOffsetBegin>
            <CharacterOffsetEnd>8801</CharacterOffsetEnd>
            <POS>IN</POS>
            <NER>O</NER>
            <Speaker>PER0</Speaker>
          </token>
          <token id="5">
            <word>this</word>
            <lemma>this</lemma>
            <CharacterOffsetBegin>8802</CharacterOffsetBegin>
            <CharacterOffsetEnd>8806</CharacterOffsetEnd>
            <POS>DT</POS>
            <NER>O</NER>
            <Speaker>PER0</Speaker>
          </token>
          <token id="6">
            <word>organisation</word>
            <lemma>organisation</lemma>
            <CharacterOffsetBegin>8807</CharacterOffsetBegin>
            <CharacterOffsetEnd>8819</CharacterOffsetEnd>
            <POS>NN</POS>
            <NER>O</NER>
            <Speaker>PER0</Speaker>
          </token>
          <token id="7">
            <word>is</word>
            <lemma>be</lemma>
            <CharacterOffsetBegin>8820</CharacterOffsetBegin>
            <CharacterOffsetEnd>8822</CharacterOffsetEnd>
            <POS>VBZ</POS>
            <NER>O</NER>
            <Speaker>PER0</Speaker>
          </token>
          <token id="8">
            <word>purely</word>
            <lemma>purely</lemma>
            <CharacterOffsetBegin>8823</CharacterOffsetBegin>
            <CharacterOffsetEnd>8829</CharacterOffsetEnd>
            <POS>RB</POS>
            <NER>O</NER>
            <Speaker>PER0</Speaker>
          </token>
          <token id="9">
            <word>based</word>
            <lemma>base</lemma>
            <CharacterOffsetBegin>8830</CharacterOffsetBegin>
            <CharacterOffsetEnd>8835</CharacterOffsetEnd>
            <POS>VBN</POS>
            <NER>O</NER>
            <Speaker>PER0</Speaker>
          </token>
          <token id="10">
            <word>on</word>
            <lemma>on</lemma>
            <CharacterOffsetBegin>8836</CharacterOffsetBegin>
            <CharacterOffsetEnd>8838</CharacterOffsetEnd>
            <POS>IN</POS>
            <NER>O</NER>
            <Speaker>PER0</Speaker>
          </token>
          <token id="11">
            <word>numbers</word>
            <lemma>number</lemma>
            <CharacterOffsetBegin>8839</CharacterOffsetBegin>
            <CharacterOffsetEnd>8846</CharacterOffsetEnd>
            <POS>NNS</POS>
            <NER>O</NER>
            <Speaker>PER0</Speaker>
          </token>
          <token id="12">
            <word>i.e.</word>
            <lemma>i.e.</lemma>
            <CharacterOffsetBegin>8847</CharacterOffsetBegin>
            <CharacterOffsetEnd>8851</CharacterOffsetEnd>
            <POS>FW</POS>
            <NER>O</NER>
            <Speaker>PER0</Speaker>
          </token>
          <token id="13">
            <word>profit</word>
            <lemma>profit</lemma>
            <CharacterOffsetBegin>8852</CharacterOffsetBegin>
            <CharacterOffsetEnd>8858</CharacterOffsetEnd>
            <POS>NN</POS>
            <NER>O</NER>
            <Speaker>PER0</Speaker>
          </token>
          <token id="14">
            <word>.</word>
            <lemma>.</lemma>
            <CharacterOffsetBegin>8858</CharacterOffsetBegin>
            <CharacterOffsetEnd>8859</CharacterOffsetEnd>
            <POS>.</POS>
            <NER>O</NER>
            <Speaker>PER0</Speaker>
          </token>
        </tokens>
        <parse>(ROOT (S (NP (NP (DT The) (NN success) (NN factor)) (PP (IN at) (NP (DT this) (NN organisation)))) (VP (VBZ is) (ADJP (RB purely) (VBN based) (PP (IN on) (NP (NP (NNS numbers)) (NP (NP (FW i.e.)) (NP (NN profit))))))) (. .))) </parse>
        <dependencies type="basic-dependencies">
          <dep type="root">
            <governor idx="0">ROOT</governor>
            <dependent idx="9">based</dependent>
          </dep>
          <dep type="det">
            <governor idx="3">factor</governor>
            <dependent idx="1">The</dependent>
          </dep>
          <dep type="compound">
            <governor idx="3">factor</governor>
            <dependent idx="2">success</dependent>
          </dep>
          <dep type="nsubjpass">
            <governor idx="9">based</governor>
            <dependent idx="3">factor</dependent>
          </dep>
          <dep type="case">
            <governor idx="6">organisation</governor>
            <dependent idx="4">at</dependent>
          </dep>
          <dep type="det">
            <governor idx="6">organisation</governor>
            <dependent idx="5">this</dependent>
          </dep>
          <dep type="nmod">
            <governor idx="3">factor</governor>
            <dependent idx="6">organisation</dependent>
          </dep>
          <dep type="auxpass">
            <governor idx="9">based</governor>
            <dependent idx="7">is</dependent>
          </dep>
          <dep type="advmod">
            <governor idx="9">based</governor>
            <dependent idx="8">purely</dependent>
          </dep>
          <dep type="case">
            <governor idx="11">numbers</governor>
            <dependent idx="10">on</dependent>
          </dep>
          <dep type="nmod">
            <governor idx="9">based</governor>
            <dependent idx="11">numbers</dependent>
          </dep>
          <dep type="dep">
            <governor idx="11">numbers</governor>
            <dependent idx="12">i.e.</dependent>
          </dep>
          <dep type="dep">
            <governor idx="12">i.e.</governor>
            <dependent idx="13">profit</dependent>
          </dep>
          <dep type="punct">
            <governor idx="9">based</governor>
            <dependent idx="14">.</dependent>
          </dep>
        </dependencies>
        <dependencies type="collapsed-dependencies">
          <dep type="root">
            <governor idx="0">ROOT</governor>
            <dependent idx="9">based</dependent>
          </dep>
          <dep type="det">
            <governor idx="3">factor</governor>
            <dependent idx="1">The</dependent>
          </dep>
          <dep type="compound">
            <governor idx="3">factor</governor>
            <dependent idx="2">success</dependent>
          </dep>
          <dep type="nsubjpass">
            <governor idx="9">based</governor>
            <dependent idx="3">factor</dependent>
          </dep>
          <dep type="case">
            <governor idx="6">organisation</governor>
            <dependent idx="4">at</dependent>
          </dep>
          <dep type="det">
            <governor idx="6">organisation</governor>
            <dependent idx="5">this</dependent>
          </dep>
          <dep type="nmod:at">
            <governor idx="3">factor</governor>
            <dependent idx="6">organisation</dependent>
          </dep>
          <dep type="auxpass">
            <governor idx="9">based</governor>
            <dependent idx="7">is</dependent>
          </dep>
          <dep type="advmod">
            <governor idx="9">based</governor>
            <dependent idx="8">purely</dependent>
          </dep>
          <dep type="case">
            <governor idx="11">numbers</governor>
            <dependent idx="10">on</dependent>
          </dep>
          <dep type="nmod:on">
            <governor idx="9">based</governor>
            <dependent idx="11">numbers</dependent>
          </dep>
          <dep type="dep">
            <governor idx="11">numbers</governor>
            <dependent idx="12">i.e.</dependent>
          </dep>
          <dep type="dep">
            <governor idx="12">i.e.</governor>
            <dependent idx="13">profit</dependent>
          </dep>
          <dep type="punct">
            <governor idx="9">based</governor>
            <dependent idx="14">.</dependent>
          </dep>
        </dependencies>
        <dependencies type="collapsed-ccprocessed-dependencies">
          <dep type="root">
            <governor idx="0">ROOT</governor>
            <dependent idx="9">based</dependent>
          </dep>
          <dep type="det">
            <governor idx="3">factor</governor>
            <dependent idx="1">The</dependent>
          </dep>
          <dep type="compound">
            <governor idx="3">factor</governor>
            <dependent idx="2">success</dependent>
          </dep>
          <dep type="nsubjpass">
            <governor idx="9">based</governor>
            <dependent idx="3">factor</dependent>
          </dep>
          <dep type="case">
            <governor idx="6">organisation</governor>
            <dependent idx="4">at</dependent>
          </dep>
          <dep type="det">
            <governor idx="6">organisation</governor>
            <dependent idx="5">this</dependent>
          </dep>
          <dep type="nmod:at">
            <governor idx="3">factor</governor>
            <dependent idx="6">organisation</dependent>
          </dep>
          <dep type="auxpass">
            <governor idx="9">based</governor>
            <dependent idx="7">is</dependent>
          </dep>
          <dep type="advmod">
            <governor idx="9">based</governor>
            <dependent idx="8">purely</dependent>
          </dep>
          <dep type="case">
            <governor idx="11">numbers</governor>
            <dependent idx="10">on</dependent>
          </dep>
          <dep type="nmod:on">
            <governor idx="9">based</governor>
            <dependent idx="11">numbers</dependent>
          </dep>
          <dep type="dep">
            <governor idx="11">numbers</governor>
            <dependent idx="12">i.e.</dependent>
          </dep>
          <dep type="dep">
            <governor idx="12">i.e.</governor>
            <dependent idx="13">profit</dependent>
          </dep>
          <dep type="punct">
            <governor idx="9">based</governor>
            <dependent idx="14">.</dependent>
          </dep>
        </dependencies>
      </sentence>
      <sentence id="88">
        <tokens>
          <token id="1">
            <word>Sadly</word>
            <lemma>sadly</lemma>
            <CharacterOffsetBegin>8860</CharacterOffsetBegin>
            <CharacterOffsetEnd>8865</CharacterOffsetEnd>
            <POS>RB</POS>
            <NER>O</NER>
            <Speaker>PER0</Speaker>
          </token>
          <token id="2">
            <word>what</word>
            <lemma>what</lemma>
            <CharacterOffsetBegin>8866</CharacterOffsetBegin>
            <CharacterOffsetEnd>8870</CharacterOffsetEnd>
            <POS>WP</POS>
            <NER>O</NER>
            <Speaker>PER0</Speaker>
          </token>
          <token id="3">
            <word>this</word>
            <lemma>this</lemma>
            <CharacterOffsetBegin>8871</CharacterOffsetBegin>
            <CharacterOffsetEnd>8875</CharacterOffsetEnd>
            <POS>DT</POS>
            <NER>O</NER>
            <Speaker>PER0</Speaker>
          </token>
          <token id="4">
            <word>means</word>
            <lemma>mean</lemma>
            <CharacterOffsetBegin>8876</CharacterOffsetBegin>
            <CharacterOffsetEnd>8881</CharacterOffsetEnd>
            <POS>VBZ</POS>
            <NER>O</NER>
            <Speaker>PER0</Speaker>
          </token>
          <token id="5">
            <word>is</word>
            <lemma>be</lemma>
            <CharacterOffsetBegin>8882</CharacterOffsetBegin>
            <CharacterOffsetEnd>8884</CharacterOffsetEnd>
            <POS>VBZ</POS>
            <NER>O</NER>
            <Speaker>PER0</Speaker>
          </token>
          <token id="6">
            <word>that</word>
            <lemma>that</lemma>
            <CharacterOffsetBegin>8885</CharacterOffsetBegin>
            <CharacterOffsetEnd>8889</CharacterOffsetEnd>
            <POS>IN</POS>
            <NER>O</NER>
            <Speaker>PER0</Speaker>
          </token>
          <token id="7">
            <word>if</word>
            <lemma>if</lemma>
            <CharacterOffsetBegin>8890</CharacterOffsetBegin>
            <CharacterOffsetEnd>8892</CharacterOffsetEnd>
            <POS>IN</POS>
            <NER>O</NER>
            <Speaker>PER0</Speaker>
          </token>
          <token id="8">
            <word>numbers</word>
            <lemma>number</lemma>
            <CharacterOffsetBegin>8893</CharacterOffsetBegin>
            <CharacterOffsetEnd>8900</CharacterOffsetEnd>
            <POS>NNS</POS>
            <NER>O</NER>
            <Speaker>PER0</Speaker>
          </token>
          <token id="9">
            <word>are</word>
            <lemma>be</lemma>
            <CharacterOffsetBegin>8901</CharacterOffsetBegin>
            <CharacterOffsetEnd>8904</CharacterOffsetEnd>
            <POS>VBP</POS>
            <NER>O</NER>
            <Speaker>PER0</Speaker>
          </token>
          <token id="10">
            <word>n't</word>
            <lemma>not</lemma>
            <CharacterOffsetBegin>8904</CharacterOffsetBegin>
            <CharacterOffsetEnd>8907</CharacterOffsetEnd>
            <POS>RB</POS>
            <NER>O</NER>
            <Speaker>PER0</Speaker>
          </token>
          <token id="11">
            <word>looking</word>
            <lemma>look</lemma>
            <CharacterOffsetBegin>8908</CharacterOffsetBegin>
            <CharacterOffsetEnd>8915</CharacterOffsetEnd>
            <POS>VBG</POS>
            <NER>O</NER>
            <Speaker>PER0</Speaker>
          </token>
          <token id="12">
            <word>good</word>
            <lemma>good</lemma>
            <CharacterOffsetBegin>8916</CharacterOffsetBegin>
            <CharacterOffsetEnd>8920</CharacterOffsetEnd>
            <POS>JJ</POS>
            <NER>O</NER>
            <Speaker>PER0</Speaker>
          </token>
          <token id="13">
            <word>each</word>
            <lemma>each</lemma>
            <CharacterOffsetBegin>8921</CharacterOffsetBegin>
            <CharacterOffsetEnd>8925</CharacterOffsetEnd>
            <POS>DT</POS>
            <NER>SET</NER>
            <Speaker>PER0</Speaker>
            <Timex tid="t12" type="SET">P3M</Timex>
          </token>
          <token id="14">
            <word>quarter</word>
            <lemma>quarter</lemma>
            <CharacterOffsetBegin>8926</CharacterOffsetBegin>
            <CharacterOffsetEnd>8933</CharacterOffsetEnd>
            <POS>NN</POS>
            <NER>SET</NER>
            <Speaker>PER0</Speaker>
            <Timex tid="t12" type="SET">P3M</Timex>
          </token>
          <token id="15">
            <word>cost</word>
            <lemma>cost</lemma>
            <CharacterOffsetBegin>8934</CharacterOffsetBegin>
            <CharacterOffsetEnd>8938</CharacterOffsetEnd>
            <POS>NN</POS>
            <NER>O</NER>
            <Speaker>PER0</Speaker>
          </token>
          <token id="16">
            <word>cutting</word>
            <lemma>cut</lemma>
            <CharacterOffsetBegin>8939</CharacterOffsetBegin>
            <CharacterOffsetEnd>8946</CharacterOffsetEnd>
            <POS>VBG</POS>
            <NER>O</NER>
            <Speaker>PER0</Speaker>
          </token>
          <token id="17">
            <word>exercises</word>
            <lemma>exercise</lemma>
            <CharacterOffsetBegin>8947</CharacterOffsetBegin>
            <CharacterOffsetEnd>8956</CharacterOffsetEnd>
            <POS>NNS</POS>
            <NER>O</NER>
            <Speaker>PER0</Speaker>
          </token>
          <token id="18">
            <word>are</word>
            <lemma>be</lemma>
            <CharacterOffsetBegin>8957</CharacterOffsetBegin>
            <CharacterOffsetEnd>8960</CharacterOffsetEnd>
            <POS>VBP</POS>
            <NER>O</NER>
            <Speaker>PER0</Speaker>
          </token>
          <token id="19">
            <word>implemented</word>
            <lemma>implement</lemma>
            <CharacterOffsetBegin>8961</CharacterOffsetBegin>
            <CharacterOffsetEnd>8972</CharacterOffsetEnd>
            <POS>VBN</POS>
            <NER>O</NER>
            <Speaker>PER0</Speaker>
          </token>
          <token id="20">
            <word>.</word>
            <lemma>.</lemma>
            <CharacterOffsetBegin>8972</CharacterOffsetBegin>
            <CharacterOffsetEnd>8973</CharacterOffsetEnd>
            <POS>.</POS>
            <NER>O</NER>
            <Speaker>PER0</Speaker>
          </token>
        </tokens>
        <parse>(ROOT (S (SBAR (WHNP (ADVP (RB Sadly)) (WP what)) (S (NP (DT this)) (VP (VBZ means)))) (VP (VBZ is) (SBAR (IN that) (S (SBAR (IN if) (S (NP (NNS numbers)) (VP (VBP are) (RB n't) (VP (VBG looking) (NP (JJ good) (DT each) (NN quarter) (NN cost)) (S (VP (VBG cutting) (NP (NNS exercises)))))))) (VP (VBP are) (VP (VBN implemented)))))) (. .))) </parse>
        <dependencies type="basic-dependencies">
          <dep type="root">
            <governor idx="0">ROOT</governor>
            <dependent idx="5">is</dependent>
          </dep>
          <dep type="advmod">
            <governor idx="2">what</governor>
            <dependent idx="1">Sadly</dependent>
          </dep>
          <dep type="dobj">
            <governor idx="4">means</governor>
            <dependent idx="2">what</dependent>
          </dep>
          <dep type="nsubj">
            <governor idx="4">means</governor>
            <dependent idx="3">this</dependent>
          </dep>
          <dep type="csubj">
            <governor idx="5">is</governor>
            <dependent idx="4">means</dependent>
          </dep>
          <dep type="mark">
            <governor idx="19">implemented</governor>
            <dependent idx="6">that</dependent>
          </dep>
          <dep type="mark">
            <governor idx="11">looking</governor>
            <dependent idx="7">if</dependent>
          </dep>
          <dep type="nsubj">
            <governor idx="11">looking</governor>
            <dependent idx="8">numbers</dependent>
          </dep>
          <dep type="aux">
            <governor idx="11">looking</governor>
            <dependent idx="9">are</dependent>
          </dep>
          <dep type="neg">
            <governor idx="11">looking</governor>
            <dependent idx="10">n't</dependent>
          </dep>
          <dep type="csubjpass">
            <governor idx="19">implemented</governor>
            <dependent idx="11">looking</dependent>
          </dep>
          <dep type="amod">
            <governor idx="15">cost</governor>
            <dependent idx="12">good</dependent>
          </dep>
          <dep type="det">
            <governor idx="15">cost</governor>
            <dependent idx="13">each</dependent>
          </dep>
          <dep type="compound">
            <governor idx="15">cost</governor>
            <dependent idx="14">quarter</dependent>
          </dep>
          <dep type="dobj">
            <governor idx="11">looking</governor>
            <dependent idx="15">cost</dependent>
          </dep>
          <dep type="advcl">
            <governor idx="11">looking</governor>
            <dependent idx="16">cutting</dependent>
          </dep>
          <dep type="dobj">
            <governor idx="16">cutting</governor>
            <dependent idx="17">exercises</dependent>
          </dep>
          <dep type="auxpass">
            <governor idx="19">implemented</governor>
            <dependent idx="18">are</dependent>
          </dep>
          <dep type="ccomp">
            <governor idx="5">is</governor>
            <dependent idx="19">implemented</dependent>
          </dep>
          <dep type="punct">
            <governor idx="5">is</governor>
            <dependent idx="20">.</dependent>
          </dep>
        </dependencies>
        <dependencies type="collapsed-dependencies">
          <dep type="root">
            <governor idx="0">ROOT</governor>
            <dependent idx="5">is</dependent>
          </dep>
          <dep type="advmod">
            <governor idx="2">what</governor>
            <dependent idx="1">Sadly</dependent>
          </dep>
          <dep type="dobj">
            <governor idx="4">means</governor>
            <dependent idx="2">what</dependent>
          </dep>
          <dep type="nsubj">
            <governor idx="4">means</governor>
            <dependent idx="3">this</dependent>
          </dep>
          <dep type="csubj">
            <governor idx="5">is</governor>
            <dependent idx="4">means</dependent>
          </dep>
          <dep type="mark">
            <governor idx="19">implemented</governor>
            <dependent idx="6">that</dependent>
          </dep>
          <dep type="mark">
            <governor idx="11">looking</governor>
            <dependent idx="7">if</dependent>
          </dep>
          <dep type="nsubj">
            <governor idx="11">looking</governor>
            <dependent idx="8">numbers</dependent>
          </dep>
          <dep type="aux">
            <governor idx="11">looking</governor>
            <dependent idx="9">are</dependent>
          </dep>
          <dep type="neg">
            <governor idx="11">looking</governor>
            <dependent idx="10">n't</dependent>
          </dep>
          <dep type="csubjpass">
            <governor idx="19">implemented</governor>
            <dependent idx="11">looking</dependent>
          </dep>
          <dep type="amod">
            <governor idx="15">cost</governor>
            <dependent idx="12">good</dependent>
          </dep>
          <dep type="det">
            <governor idx="15">cost</governor>
            <dependent idx="13">each</dependent>
          </dep>
          <dep type="compound">
            <governor idx="15">cost</governor>
            <dependent idx="14">quarter</dependent>
          </dep>
          <dep type="dobj">
            <governor idx="11">looking</governor>
            <dependent idx="15">cost</dependent>
          </dep>
          <dep type="advcl">
            <governor idx="11">looking</governor>
            <dependent idx="16">cutting</dependent>
          </dep>
          <dep type="dobj">
            <governor idx="16">cutting</governor>
            <dependent idx="17">exercises</dependent>
          </dep>
          <dep type="auxpass">
            <governor idx="19">implemented</governor>
            <dependent idx="18">are</dependent>
          </dep>
          <dep type="ccomp">
            <governor idx="5">is</governor>
            <dependent idx="19">implemented</dependent>
          </dep>
          <dep type="punct">
            <governor idx="5">is</governor>
            <dependent idx="20">.</dependent>
          </dep>
        </dependencies>
        <dependencies type="collapsed-ccprocessed-dependencies">
          <dep type="root">
            <governor idx="0">ROOT</governor>
            <dependent idx="5">is</dependent>
          </dep>
          <dep type="advmod">
            <governor idx="2">what</governor>
            <dependent idx="1">Sadly</dependent>
          </dep>
          <dep type="dobj">
            <governor idx="4">means</governor>
            <dependent idx="2">what</dependent>
          </dep>
          <dep type="nsubj">
            <governor idx="4">means</governor>
            <dependent idx="3">this</dependent>
          </dep>
          <dep type="csubj">
            <governor idx="5">is</governor>
            <dependent idx="4">means</dependent>
          </dep>
          <dep type="mark">
            <governor idx="19">implemented</governor>
            <dependent idx="6">that</dependent>
          </dep>
          <dep type="mark">
            <governor idx="11">looking</governor>
            <dependent idx="7">if</dependent>
          </dep>
          <dep type="nsubj">
            <governor idx="11">looking</governor>
            <dependent idx="8">numbers</dependent>
          </dep>
          <dep type="aux">
            <governor idx="11">looking</governor>
            <dependent idx="9">are</dependent>
          </dep>
          <dep type="neg">
            <governor idx="11">looking</governor>
            <dependent idx="10">n't</dependent>
          </dep>
          <dep type="csubjpass">
            <governor idx="19">implemented</governor>
            <dependent idx="11">looking</dependent>
          </dep>
          <dep type="amod">
            <governor idx="15">cost</governor>
            <dependent idx="12">good</dependent>
          </dep>
          <dep type="det">
            <governor idx="15">cost</governor>
            <dependent idx="13">each</dependent>
          </dep>
          <dep type="compound">
            <governor idx="15">cost</governor>
            <dependent idx="14">quarter</dependent>
          </dep>
          <dep type="dobj">
            <governor idx="11">looking</governor>
            <dependent idx="15">cost</dependent>
          </dep>
          <dep type="advcl">
            <governor idx="11">looking</governor>
            <dependent idx="16">cutting</dependent>
          </dep>
          <dep type="dobj">
            <governor idx="16">cutting</governor>
            <dependent idx="17">exercises</dependent>
          </dep>
          <dep type="auxpass">
            <governor idx="19">implemented</governor>
            <dependent idx="18">are</dependent>
          </dep>
          <dep type="ccomp">
            <governor idx="5">is</governor>
            <dependent idx="19">implemented</dependent>
          </dep>
          <dep type="punct">
            <governor idx="5">is</governor>
            <dependent idx="20">.</dependent>
          </dep>
        </dependencies>
      </sentence>
      <sentence id="89">
        <tokens>
          <token id="1">
            <word>This</word>
            <lemma>this</lemma>
            <CharacterOffsetBegin>8974</CharacterOffsetBegin>
            <CharacterOffsetEnd>8978</CharacterOffsetEnd>
            <POS>DT</POS>
            <NER>O</NER>
            <Speaker>PER0</Speaker>
          </token>
          <token id="2">
            <word>has</word>
            <lemma>have</lemma>
            <CharacterOffsetBegin>8979</CharacterOffsetBegin>
            <CharacterOffsetEnd>8982</CharacterOffsetEnd>
            <POS>VBZ</POS>
            <NER>O</NER>
            <Speaker>PER0</Speaker>
          </token>
          <token id="3">
            <word>impacted</word>
            <lemma>impact</lemma>
            <CharacterOffsetBegin>8983</CharacterOffsetBegin>
            <CharacterOffsetEnd>8991</CharacterOffsetEnd>
            <POS>VBN</POS>
            <NER>O</NER>
            <Speaker>PER0</Speaker>
          </token>
          <token id="4">
            <word>employee</word>
            <lemma>employee</lemma>
            <CharacterOffsetBegin>8992</CharacterOffsetBegin>
            <CharacterOffsetEnd>9000</CharacterOffsetEnd>
            <POS>NN</POS>
            <NER>O</NER>
            <Speaker>PER0</Speaker>
          </token>
          <token id="5">
            <word>morale</word>
            <lemma>morale</lemma>
            <CharacterOffsetBegin>9001</CharacterOffsetBegin>
            <CharacterOffsetEnd>9007</CharacterOffsetEnd>
            <POS>NN</POS>
            <NER>O</NER>
            <Speaker>PER0</Speaker>
          </token>
          <token id="6">
            <word>.</word>
            <lemma>.</lemma>
            <CharacterOffsetBegin>9007</CharacterOffsetBegin>
            <CharacterOffsetEnd>9008</CharacterOffsetEnd>
            <POS>.</POS>
            <NER>O</NER>
            <Speaker>PER0</Speaker>
          </token>
        </tokens>
        <parse>(ROOT (S (NP (DT This)) (VP (VBZ has) (VP (VBN impacted) (NP (NN employee) (NN morale)))) (. .))) </parse>
        <dependencies type="basic-dependencies">
          <dep type="root">
            <governor idx="0">ROOT</governor>
            <dependent idx="3">impacted</dependent>
          </dep>
          <dep type="nsubj">
            <governor idx="3">impacted</governor>
            <dependent idx="1">This</dependent>
          </dep>
          <dep type="aux">
            <governor idx="3">impacted</governor>
            <dependent idx="2">has</dependent>
          </dep>
          <dep type="compound">
            <governor idx="5">morale</governor>
            <dependent idx="4">employee</dependent>
          </dep>
          <dep type="dobj">
            <governor idx="3">impacted</governor>
            <dependent idx="5">morale</dependent>
          </dep>
          <dep type="punct">
            <governor idx="3">impacted</governor>
            <dependent idx="6">.</dependent>
          </dep>
        </dependencies>
        <dependencies type="collapsed-dependencies">
          <dep type="root">
            <governor idx="0">ROOT</governor>
            <dependent idx="3">impacted</dependent>
          </dep>
          <dep type="nsubj">
            <governor idx="3">impacted</governor>
            <dependent idx="1">This</dependent>
          </dep>
          <dep type="aux">
            <governor idx="3">impacted</governor>
            <dependent idx="2">has</dependent>
          </dep>
          <dep type="compound">
            <governor idx="5">morale</governor>
            <dependent idx="4">employee</dependent>
          </dep>
          <dep type="dobj">
            <governor idx="3">impacted</governor>
            <dependent idx="5">morale</dependent>
          </dep>
          <dep type="punct">
            <governor idx="3">impacted</governor>
            <dependent idx="6">.</dependent>
          </dep>
        </dependencies>
        <dependencies type="collapsed-ccprocessed-dependencies">
          <dep type="root">
            <governor idx="0">ROOT</governor>
            <dependent idx="3">impacted</dependent>
          </dep>
          <dep type="nsubj">
            <governor idx="3">impacted</governor>
            <dependent idx="1">This</dependent>
          </dep>
          <dep type="aux">
            <governor idx="3">impacted</governor>
            <dependent idx="2">has</dependent>
          </dep>
          <dep type="compound">
            <governor idx="5">morale</governor>
            <dependent idx="4">employee</dependent>
          </dep>
          <dep type="dobj">
            <governor idx="3">impacted</governor>
            <dependent idx="5">morale</dependent>
          </dep>
          <dep type="punct">
            <governor idx="3">impacted</governor>
            <dependent idx="6">.</dependent>
          </dep>
        </dependencies>
      </sentence>
      <sentence id="90">
        <tokens>
          <token id="1">
            <word>It</word>
            <lemma>it</lemma>
            <CharacterOffsetBegin>9009</CharacterOffsetBegin>
            <CharacterOffsetEnd>9011</CharacterOffsetEnd>
            <POS>PRP</POS>
            <NER>O</NER>
            <Speaker>PER0</Speaker>
          </token>
          <token id="2">
            <word>really</word>
            <lemma>really</lemma>
            <CharacterOffsetBegin>9012</CharacterOffsetBegin>
            <CharacterOffsetEnd>9018</CharacterOffsetEnd>
            <POS>RB</POS>
            <NER>O</NER>
            <Speaker>PER0</Speaker>
          </token>
          <token id="3">
            <word>made</word>
            <lemma>make</lemma>
            <CharacterOffsetBegin>9019</CharacterOffsetBegin>
            <CharacterOffsetEnd>9023</CharacterOffsetEnd>
            <POS>VBD</POS>
            <NER>O</NER>
            <Speaker>PER0</Speaker>
          </token>
          <token id="4">
            <word>me</word>
            <lemma>I</lemma>
            <CharacterOffsetBegin>9024</CharacterOffsetBegin>
            <CharacterOffsetEnd>9026</CharacterOffsetEnd>
            <POS>PRP</POS>
            <NER>O</NER>
            <Speaker>PER0</Speaker>
          </token>
          <token id="5">
            <word>wonder</word>
            <lemma>wonder</lemma>
            <CharacterOffsetBegin>9027</CharacterOffsetBegin>
            <CharacterOffsetEnd>9033</CharacterOffsetEnd>
            <POS>VB</POS>
            <NER>O</NER>
            <Speaker>PER0</Speaker>
          </token>
          <token id="6">
            <word>when</word>
            <lemma>when</lemma>
            <CharacterOffsetBegin>9034</CharacterOffsetBegin>
            <CharacterOffsetEnd>9038</CharacterOffsetEnd>
            <POS>WRB</POS>
            <NER>O</NER>
            <Speaker>PER0</Speaker>
          </token>
          <token id="7">
            <word>will</word>
            <lemma>will</lemma>
            <CharacterOffsetBegin>9039</CharacterOffsetBegin>
            <CharacterOffsetEnd>9043</CharacterOffsetEnd>
            <POS>MD</POS>
            <NER>O</NER>
            <Speaker>PER0</Speaker>
          </token>
          <token id="8">
            <word>there</word>
            <lemma>there</lemma>
            <CharacterOffsetBegin>9044</CharacterOffsetBegin>
            <CharacterOffsetEnd>9049</CharacterOffsetEnd>
            <POS>RB</POS>
            <NER>O</NER>
            <Speaker>PER0</Speaker>
          </token>
          <token id="9">
            <word>be</word>
            <lemma>be</lemma>
            <CharacterOffsetBegin>9050</CharacterOffsetBegin>
            <CharacterOffsetEnd>9052</CharacterOffsetEnd>
            <POS>VB</POS>
            <NER>O</NER>
            <Speaker>PER0</Speaker>
          </token>
          <token id="10">
            <word>a</word>
            <lemma>a</lemma>
            <CharacterOffsetBegin>9053</CharacterOffsetBegin>
            <CharacterOffsetEnd>9054</CharacterOffsetEnd>
            <POS>DT</POS>
            <NER>O</NER>
            <Speaker>PER0</Speaker>
          </token>
          <token id="11">
            <word>shift</word>
            <lemma>shift</lemma>
            <CharacterOffsetBegin>9055</CharacterOffsetBegin>
            <CharacterOffsetEnd>9060</CharacterOffsetEnd>
            <POS>NN</POS>
            <NER>O</NER>
            <Speaker>PER0</Speaker>
          </token>
          <token id="12">
            <word>in</word>
            <lemma>in</lemma>
            <CharacterOffsetBegin>9061</CharacterOffsetBegin>
            <CharacterOffsetEnd>9063</CharacterOffsetEnd>
            <POS>IN</POS>
            <NER>O</NER>
            <Speaker>PER0</Speaker>
          </token>
          <token id="13">
            <word>short</word>
            <lemma>short</lemma>
            <CharacterOffsetBegin>9064</CharacterOffsetBegin>
            <CharacterOffsetEnd>9069</CharacterOffsetEnd>
            <POS>JJ</POS>
            <NER>O</NER>
            <Speaker>PER0</Speaker>
          </token>
          <token id="14">
            <word>term</word>
            <lemma>term</lemma>
            <CharacterOffsetBegin>9070</CharacterOffsetBegin>
            <CharacterOffsetEnd>9074</CharacterOffsetEnd>
            <POS>NN</POS>
            <NER>O</NER>
            <Speaker>PER0</Speaker>
          </token>
          <token id="15">
            <word>thinking</word>
            <lemma>think</lemma>
            <CharacterOffsetBegin>9075</CharacterOffsetBegin>
            <CharacterOffsetEnd>9083</CharacterOffsetEnd>
            <POS>VBG</POS>
            <NER>O</NER>
            <Speaker>PER0</Speaker>
          </token>
          <token id="16">
            <word>to</word>
            <lemma>to</lemma>
            <CharacterOffsetBegin>9084</CharacterOffsetBegin>
            <CharacterOffsetEnd>9086</CharacterOffsetEnd>
            <POS>TO</POS>
            <NER>O</NER>
            <Speaker>PER0</Speaker>
          </token>
          <token id="17">
            <word>long</word>
            <lemma>long</lemma>
            <CharacterOffsetBegin>9087</CharacterOffsetBegin>
            <CharacterOffsetEnd>9091</CharacterOffsetEnd>
            <POS>JJ</POS>
            <NER>O</NER>
            <Speaker>PER0</Speaker>
          </token>
          <token id="18">
            <word>term</word>
            <lemma>term</lemma>
            <CharacterOffsetBegin>9092</CharacterOffsetBegin>
            <CharacterOffsetEnd>9096</CharacterOffsetEnd>
            <POS>NN</POS>
            <NER>O</NER>
            <Speaker>PER0</Speaker>
          </token>
          <token id="19">
            <word>thinking</word>
            <lemma>thinking</lemma>
            <CharacterOffsetBegin>9097</CharacterOffsetBegin>
            <CharacterOffsetEnd>9105</CharacterOffsetEnd>
            <POS>NN</POS>
            <NER>O</NER>
            <Speaker>PER0</Speaker>
          </token>
          <token id="20">
            <word>.</word>
            <lemma>.</lemma>
            <CharacterOffsetBegin>9105</CharacterOffsetBegin>
            <CharacterOffsetEnd>9106</CharacterOffsetEnd>
            <POS>.</POS>
            <NER>O</NER>
            <Speaker>PER0</Speaker>
          </token>
        </tokens>
        <parse>(ROOT (S (NP (PRP It)) (ADVP (RB really)) (VP (VBD made) (S (NP (PRP me)) (VP (VB wonder) (SBAR (WHADVP (WRB when)) (S (VP (MD will) (ADVP (RB there)) (VP (VB be) (NP (NP (DT a) (NN shift)) (PP (IN in) (NP (NP (JJ short) (NN term)) (VP (VBG thinking) (PP (TO to) (NP (JJ long) (NN term) (NN thinking)))))))))))))) (. .))) </parse>
        <dependencies type="basic-dependencies">
          <dep type="root">
            <governor idx="0">ROOT</governor>
            <dependent idx="3">made</dependent>
          </dep>
          <dep type="nsubj">
            <governor idx="3">made</governor>
            <dependent idx="1">It</dependent>
          </dep>
          <dep type="advmod">
            <governor idx="3">made</governor>
            <dependent idx="2">really</dependent>
          </dep>
          <dep type="nsubj">
            <governor idx="5">wonder</governor>
            <dependent idx="4">me</dependent>
          </dep>
          <dep type="ccomp">
            <governor idx="3">made</governor>
            <dependent idx="5">wonder</dependent>
          </dep>
          <dep type="advmod">
            <governor idx="11">shift</governor>
            <dependent idx="6">when</dependent>
          </dep>
          <dep type="aux">
            <governor idx="11">shift</governor>
            <dependent idx="7">will</dependent>
          </dep>
          <dep type="advmod">
            <governor idx="11">shift</governor>
            <dependent idx="8">there</dependent>
          </dep>
          <dep type="cop">
            <governor idx="11">shift</governor>
            <dependent idx="9">be</dependent>
          </dep>
          <dep type="det">
            <governor idx="11">shift</governor>
            <dependent idx="10">a</dependent>
          </dep>
          <dep type="ccomp">
            <governor idx="5">wonder</governor>
            <dependent idx="11">shift</dependent>
          </dep>
          <dep type="case">
            <governor idx="14">term</governor>
            <dependent idx="12">in</dependent>
          </dep>
          <dep type="amod">
            <governor idx="14">term</governor>
            <dependent idx="13">short</dependent>
          </dep>
          <dep type="nmod">
            <governor idx="11">shift</governor>
            <dependent idx="14">term</dependent>
          </dep>
          <dep type="acl">
            <governor idx="14">term</governor>
            <dependent idx="15">thinking</dependent>
          </dep>
          <dep type="case">
            <governor idx="19">thinking</governor>
            <dependent idx="16">to</dependent>
          </dep>
          <dep type="amod">
            <governor idx="19">thinking</governor>
            <dependent idx="17">long</dependent>
          </dep>
          <dep type="compound">
            <governor idx="19">thinking</governor>
            <dependent idx="18">term</dependent>
          </dep>
          <dep type="nmod">
            <governor idx="15">thinking</governor>
            <dependent idx="19">thinking</dependent>
          </dep>
          <dep type="punct">
            <governor idx="3">made</governor>
            <dependent idx="20">.</dependent>
          </dep>
        </dependencies>
        <dependencies type="collapsed-dependencies">
          <dep type="root">
            <governor idx="0">ROOT</governor>
            <dependent idx="3">made</dependent>
          </dep>
          <dep type="nsubj">
            <governor idx="3">made</governor>
            <dependent idx="1">It</dependent>
          </dep>
          <dep type="advmod">
            <governor idx="3">made</governor>
            <dependent idx="2">really</dependent>
          </dep>
          <dep type="nsubj">
            <governor idx="5">wonder</governor>
            <dependent idx="4">me</dependent>
          </dep>
          <dep type="ccomp">
            <governor idx="3">made</governor>
            <dependent idx="5">wonder</dependent>
          </dep>
          <dep type="advmod">
            <governor idx="11">shift</governor>
            <dependent idx="6">when</dependent>
          </dep>
          <dep type="aux">
            <governor idx="11">shift</governor>
            <dependent idx="7">will</dependent>
          </dep>
          <dep type="advmod">
            <governor idx="11">shift</governor>
            <dependent idx="8">there</dependent>
          </dep>
          <dep type="cop">
            <governor idx="11">shift</governor>
            <dependent idx="9">be</dependent>
          </dep>
          <dep type="det">
            <governor idx="11">shift</governor>
            <dependent idx="10">a</dependent>
          </dep>
          <dep type="ccomp">
            <governor idx="5">wonder</governor>
            <dependent idx="11">shift</dependent>
          </dep>
          <dep type="case">
            <governor idx="14">term</governor>
            <dependent idx="12">in</dependent>
          </dep>
          <dep type="amod">
            <governor idx="14">term</governor>
            <dependent idx="13">short</dependent>
          </dep>
          <dep type="nmod:in">
            <governor idx="11">shift</governor>
            <dependent idx="14">term</dependent>
          </dep>
          <dep type="acl">
            <governor idx="14">term</governor>
            <dependent idx="15">thinking</dependent>
          </dep>
          <dep type="case">
            <governor idx="19">thinking</governor>
            <dependent idx="16">to</dependent>
          </dep>
          <dep type="amod">
            <governor idx="19">thinking</governor>
            <dependent idx="17">long</dependent>
          </dep>
          <dep type="compound">
            <governor idx="19">thinking</governor>
            <dependent idx="18">term</dependent>
          </dep>
          <dep type="nmod:to">
            <governor idx="15">thinking</governor>
            <dependent idx="19">thinking</dependent>
          </dep>
          <dep type="punct">
            <governor idx="3">made</governor>
            <dependent idx="20">.</dependent>
          </dep>
        </dependencies>
        <dependencies type="collapsed-ccprocessed-dependencies">
          <dep type="root">
            <governor idx="0">ROOT</governor>
            <dependent idx="3">made</dependent>
          </dep>
          <dep type="nsubj">
            <governor idx="3">made</governor>
            <dependent idx="1">It</dependent>
          </dep>
          <dep type="advmod">
            <governor idx="3">made</governor>
            <dependent idx="2">really</dependent>
          </dep>
          <dep type="nsubj">
            <governor idx="5">wonder</governor>
            <dependent idx="4">me</dependent>
          </dep>
          <dep type="ccomp">
            <governor idx="3">made</governor>
            <dependent idx="5">wonder</dependent>
          </dep>
          <dep type="advmod">
            <governor idx="11">shift</governor>
            <dependent idx="6">when</dependent>
          </dep>
          <dep type="aux">
            <governor idx="11">shift</governor>
            <dependent idx="7">will</dependent>
          </dep>
          <dep type="advmod">
            <governor idx="11">shift</governor>
            <dependent idx="8">there</dependent>
          </dep>
          <dep type="cop">
            <governor idx="11">shift</governor>
            <dependent idx="9">be</dependent>
          </dep>
          <dep type="det">
            <governor idx="11">shift</governor>
            <dependent idx="10">a</dependent>
          </dep>
          <dep type="ccomp">
            <governor idx="5">wonder</governor>
            <dependent idx="11">shift</dependent>
          </dep>
          <dep type="case">
            <governor idx="14">term</governor>
            <dependent idx="12">in</dependent>
          </dep>
          <dep type="amod">
            <governor idx="14">term</governor>
            <dependent idx="13">short</dependent>
          </dep>
          <dep type="nmod:in">
            <governor idx="11">shift</governor>
            <dependent idx="14">term</dependent>
          </dep>
          <dep type="acl">
            <governor idx="14">term</governor>
            <dependent idx="15">thinking</dependent>
          </dep>
          <dep type="case">
            <governor idx="19">thinking</governor>
            <dependent idx="16">to</dependent>
          </dep>
          <dep type="amod">
            <governor idx="19">thinking</governor>
            <dependent idx="17">long</dependent>
          </dep>
          <dep type="compound">
            <governor idx="19">thinking</governor>
            <dependent idx="18">term</dependent>
          </dep>
          <dep type="nmod:to">
            <governor idx="15">thinking</governor>
            <dependent idx="19">thinking</dependent>
          </dep>
          <dep type="punct">
            <governor idx="3">made</governor>
            <dependent idx="20">.</dependent>
          </dep>
        </dependencies>
      </sentence>
      <sentence id="91">
        <tokens>
          <token id="1">
            <word>Does</word>
            <lemma>do</lemma>
            <CharacterOffsetBegin>9107</CharacterOffsetBegin>
            <CharacterOffsetEnd>9111</CharacterOffsetEnd>
            <POS>VBZ</POS>
            <NER>O</NER>
            <Speaker>PER0</Speaker>
          </token>
          <token id="2">
            <word>this</word>
            <lemma>this</lemma>
            <CharacterOffsetBegin>9112</CharacterOffsetBegin>
            <CharacterOffsetEnd>9116</CharacterOffsetEnd>
            <POS>DT</POS>
            <NER>O</NER>
            <Speaker>PER0</Speaker>
          </token>
          <token id="3">
            <word>really</word>
            <lemma>really</lemma>
            <CharacterOffsetBegin>9117</CharacterOffsetBegin>
            <CharacterOffsetEnd>9123</CharacterOffsetEnd>
            <POS>RB</POS>
            <NER>O</NER>
            <Speaker>PER0</Speaker>
          </token>
          <token id="4">
            <word>exist</word>
            <lemma>exist</lemma>
            <CharacterOffsetBegin>9124</CharacterOffsetBegin>
            <CharacterOffsetEnd>9129</CharacterOffsetEnd>
            <POS>VBP</POS>
            <NER>O</NER>
            <Speaker>PER0</Speaker>
          </token>
          <token id="5">
            <word>or</word>
            <lemma>or</lemma>
            <CharacterOffsetBegin>9130</CharacterOffsetBegin>
            <CharacterOffsetEnd>9132</CharacterOffsetEnd>
            <POS>CC</POS>
            <NER>O</NER>
            <Speaker>PER0</Speaker>
          </token>
          <token id="6">
            <word>is</word>
            <lemma>be</lemma>
            <CharacterOffsetBegin>9133</CharacterOffsetBegin>
            <CharacterOffsetEnd>9135</CharacterOffsetEnd>
            <POS>VBZ</POS>
            <NER>O</NER>
            <Speaker>PER0</Speaker>
          </token>
          <token id="7">
            <word>it</word>
            <lemma>it</lemma>
            <CharacterOffsetBegin>9136</CharacterOffsetBegin>
            <CharacterOffsetEnd>9138</CharacterOffsetEnd>
            <POS>PRP</POS>
            <NER>O</NER>
            <Speaker>PER0</Speaker>
          </token>
          <token id="8">
            <word>nirvana</word>
            <lemma>nirvana</lemma>
            <CharacterOffsetBegin>9139</CharacterOffsetBegin>
            <CharacterOffsetEnd>9146</CharacterOffsetEnd>
            <POS>NN</POS>
            <NER>O</NER>
            <Speaker>PER0</Speaker>
          </token>
          <token id="9">
            <word>we</word>
            <lemma>we</lemma>
            <CharacterOffsetBegin>9147</CharacterOffsetBegin>
            <CharacterOffsetEnd>9149</CharacterOffsetEnd>
            <POS>PRP</POS>
            <NER>O</NER>
            <Speaker>PER0</Speaker>
          </token>
          <token id="10">
            <word>are</word>
            <lemma>be</lemma>
            <CharacterOffsetBegin>9150</CharacterOffsetBegin>
            <CharacterOffsetEnd>9153</CharacterOffsetEnd>
            <POS>VBP</POS>
            <NER>O</NER>
            <Speaker>PER0</Speaker>
          </token>
          <token id="11">
            <word>talking</word>
            <lemma>talk</lemma>
            <CharacterOffsetBegin>9154</CharacterOffsetBegin>
            <CharacterOffsetEnd>9161</CharacterOffsetEnd>
            <POS>VBG</POS>
            <NER>O</NER>
            <Speaker>PER0</Speaker>
          </token>
          <token id="12">
            <word>about</word>
            <lemma>about</lemma>
            <CharacterOffsetBegin>9162</CharacterOffsetBegin>
            <CharacterOffsetEnd>9167</CharacterOffsetEnd>
            <POS>IN</POS>
            <NER>O</NER>
            <Speaker>PER0</Speaker>
          </token>
          <token id="13">
            <word>?</word>
            <lemma>?</lemma>
            <CharacterOffsetBegin>9167</CharacterOffsetBegin>
            <CharacterOffsetEnd>9168</CharacterOffsetEnd>
            <POS>.</POS>
            <NER>O</NER>
            <Speaker>PER0</Speaker>
          </token>
        </tokens>
        <parse>(ROOT (S (S (VP (VBZ Does) (SBAR (S (NP (DT this)) (VP (VP (ADVP (RB really)) (VBP exist)) (CC or) (VP (VBZ is) (NP (PRP it) (NN nirvana)))))))) (NP (PRP we)) (VP (VBP are) (VP (VBG talking) (IN about))) (. ?))) </parse>
        <dependencies type="basic-dependencies">
          <dep type="root">
            <governor idx="0">ROOT</governor>
            <dependent idx="11">talking</dependent>
          </dep>
          <dep type="dep">
            <governor idx="11">talking</governor>
            <dependent idx="1">Does</dependent>
          </dep>
          <dep type="nsubj">
            <governor idx="4">exist</governor>
            <dependent idx="2">this</dependent>
          </dep>
          <dep type="advmod">
            <governor idx="4">exist</governor>
            <dependent idx="3">really</dependent>
          </dep>
          <dep type="ccomp">
            <governor idx="1">Does</governor>
            <dependent idx="4">exist</dependent>
          </dep>
          <dep type="cc">
            <governor idx="4">exist</governor>
            <dependent idx="5">or</dependent>
          </dep>
          <dep type="cop">
            <governor idx="8">nirvana</governor>
            <dependent idx="6">is</dependent>
          </dep>
          <dep type="dep">
            <governor idx="8">nirvana</governor>
            <dependent idx="7">it</dependent>
          </dep>
          <dep type="conj">
            <governor idx="4">exist</governor>
            <dependent idx="8">nirvana</dependent>
          </dep>
          <dep type="nsubj">
            <governor idx="11">talking</governor>
            <dependent idx="9">we</dependent>
          </dep>
          <dep type="aux">
            <governor idx="11">talking</governor>
            <dependent idx="10">are</dependent>
          </dep>
          <dep type="dep">
            <governor idx="11">talking</governor>
            <dependent idx="12">about</dependent>
          </dep>
          <dep type="punct">
            <governor idx="11">talking</governor>
            <dependent idx="13">?</dependent>
          </dep>
        </dependencies>
        <dependencies type="collapsed-dependencies">
          <dep type="root">
            <governor idx="0">ROOT</governor>
            <dependent idx="11">talking</dependent>
          </dep>
          <dep type="dep">
            <governor idx="11">talking</governor>
            <dependent idx="1">Does</dependent>
          </dep>
          <dep type="nsubj">
            <governor idx="4">exist</governor>
            <dependent idx="2">this</dependent>
          </dep>
          <dep type="advmod">
            <governor idx="4">exist</governor>
            <dependent idx="3">really</dependent>
          </dep>
          <dep type="ccomp">
            <governor idx="1">Does</governor>
            <dependent idx="4">exist</dependent>
          </dep>
          <dep type="cc">
            <governor idx="4">exist</governor>
            <dependent idx="5">or</dependent>
          </dep>
          <dep type="cop">
            <governor idx="8">nirvana</governor>
            <dependent idx="6">is</dependent>
          </dep>
          <dep type="dep">
            <governor idx="8">nirvana</governor>
            <dependent idx="7">it</dependent>
          </dep>
          <dep type="conj:or">
            <governor idx="4">exist</governor>
            <dependent idx="8">nirvana</dependent>
          </dep>
          <dep type="nsubj">
            <governor idx="11">talking</governor>
            <dependent idx="9">we</dependent>
          </dep>
          <dep type="aux">
            <governor idx="11">talking</governor>
            <dependent idx="10">are</dependent>
          </dep>
          <dep type="dep">
            <governor idx="11">talking</governor>
            <dependent idx="12">about</dependent>
          </dep>
          <dep type="punct">
            <governor idx="11">talking</governor>
            <dependent idx="13">?</dependent>
          </dep>
        </dependencies>
        <dependencies type="collapsed-ccprocessed-dependencies">
          <dep type="root">
            <governor idx="0">ROOT</governor>
            <dependent idx="11">talking</dependent>
          </dep>
          <dep type="dep">
            <governor idx="11">talking</governor>
            <dependent idx="1">Does</dependent>
          </dep>
          <dep type="nsubj">
            <governor idx="4">exist</governor>
            <dependent idx="2">this</dependent>
          </dep>
          <dep type="advmod">
            <governor idx="4">exist</governor>
            <dependent idx="3">really</dependent>
          </dep>
          <dep type="ccomp">
            <governor idx="1">Does</governor>
            <dependent idx="4">exist</dependent>
          </dep>
          <dep type="cc">
            <governor idx="4">exist</governor>
            <dependent idx="5">or</dependent>
          </dep>
          <dep type="cop">
            <governor idx="8">nirvana</governor>
            <dependent idx="6">is</dependent>
          </dep>
          <dep type="dep">
            <governor idx="8">nirvana</governor>
            <dependent idx="7">it</dependent>
          </dep>
          <dep type="ccomp" extra="true">
            <governor idx="1">Does</governor>
            <dependent idx="8">nirvana</dependent>
          </dep>
          <dep type="conj:or">
            <governor idx="4">exist</governor>
            <dependent idx="8">nirvana</dependent>
          </dep>
          <dep type="nsubj">
            <governor idx="11">talking</governor>
            <dependent idx="9">we</dependent>
          </dep>
          <dep type="aux">
            <governor idx="11">talking</governor>
            <dependent idx="10">are</dependent>
          </dep>
          <dep type="dep">
            <governor idx="11">talking</governor>
            <dependent idx="12">about</dependent>
          </dep>
          <dep type="punct">
            <governor idx="11">talking</governor>
            <dependent idx="13">?</dependent>
          </dep>
        </dependencies>
      </sentence>
      <sentence id="92">
        <tokens>
          <token id="1">
            <word>During</word>
            <lemma>during</lemma>
            <CharacterOffsetBegin>9170</CharacterOffsetBegin>
            <CharacterOffsetEnd>9176</CharacterOffsetEnd>
            <POS>IN</POS>
            <NER>O</NER>
            <Speaker>PER0</Speaker>
          </token>
          <token id="2">
            <word>our</word>
            <lemma>we</lemma>
            <CharacterOffsetBegin>9177</CharacterOffsetBegin>
            <CharacterOffsetEnd>9180</CharacterOffsetEnd>
            <POS>PRP$</POS>
            <NER>O</NER>
            <Speaker>PER0</Speaker>
          </token>
          <token id="3">
            <word>tutorial</word>
            <lemma>tutorial</lemma>
            <CharacterOffsetBegin>9181</CharacterOffsetBegin>
            <CharacterOffsetEnd>9189</CharacterOffsetEnd>
            <POS>NN</POS>
            <NER>O</NER>
            <Speaker>PER0</Speaker>
          </token>
          <token id="4">
            <word>we</word>
            <lemma>we</lemma>
            <CharacterOffsetBegin>9190</CharacterOffsetBegin>
            <CharacterOffsetEnd>9192</CharacterOffsetEnd>
            <POS>PRP</POS>
            <NER>O</NER>
            <Speaker>PER0</Speaker>
          </token>
          <token id="5">
            <word>discussed</word>
            <lemma>discuss</lemma>
            <CharacterOffsetBegin>9193</CharacterOffsetBegin>
            <CharacterOffsetEnd>9202</CharacterOffsetEnd>
            <POS>VBD</POS>
            <NER>O</NER>
            <Speaker>PER0</Speaker>
          </token>
          <token id="6">
            <word>the</word>
            <lemma>the</lemma>
            <CharacterOffsetBegin>9203</CharacterOffsetBegin>
            <CharacterOffsetEnd>9206</CharacterOffsetEnd>
            <POS>DT</POS>
            <NER>O</NER>
            <Speaker>PER0</Speaker>
          </token>
          <token id="7">
            <word>`</word>
            <lemma>`</lemma>
            <CharacterOffsetBegin>9207</CharacterOffsetBegin>
            <CharacterOffsetEnd>9208</CharacterOffsetEnd>
            <POS>``</POS>
            <NER>O</NER>
            <Speaker>PER0</Speaker>
          </token>
          <token id="8">
            <word>Strategies</word>
            <lemma>strategy</lemma>
            <CharacterOffsetBegin>9208</CharacterOffsetBegin>
            <CharacterOffsetEnd>9218</CharacterOffsetEnd>
            <POS>NNS</POS>
            <NER>O</NER>
            <Speaker>PER0</Speaker>
          </token>
          <token id="9">
            <word>for</word>
            <lemma>for</lemma>
            <CharacterOffsetBegin>9219</CharacterOffsetBegin>
            <CharacterOffsetEnd>9222</CharacterOffsetEnd>
            <POS>IN</POS>
            <NER>O</NER>
            <Speaker>PER0</Speaker>
          </token>
          <token id="10">
            <word>Responsible</word>
            <lemma>responsible</lemma>
            <CharacterOffsetBegin>9223</CharacterOffsetBegin>
            <CharacterOffsetEnd>9234</CharacterOffsetEnd>
            <POS>JJ</POS>
            <NER>O</NER>
            <Speaker>PER0</Speaker>
          </token>
          <token id="11">
            <word>Restructuring</word>
            <lemma>restructuring</lemma>
            <CharacterOffsetBegin>9235</CharacterOffsetBegin>
            <CharacterOffsetEnd>9248</CharacterOffsetEnd>
            <POS>NN</POS>
            <NER>O</NER>
            <Speaker>PER0</Speaker>
          </token>
          <token id="12">
            <word>'</word>
            <lemma>'</lemma>
            <CharacterOffsetBegin>9248</CharacterOffsetBegin>
            <CharacterOffsetEnd>9249</CharacterOffsetEnd>
            <POS>''</POS>
            <NER>O</NER>
            <Speaker>PER0</Speaker>
          </token>
          <token id="13">
            <word>paper</word>
            <lemma>paper</lemma>
            <CharacterOffsetBegin>9250</CharacterOffsetBegin>
            <CharacterOffsetEnd>9255</CharacterOffsetEnd>
            <POS>NN</POS>
            <NER>O</NER>
            <Speaker>PER0</Speaker>
          </token>
          <token id="14">
            <word>.</word>
            <lemma>.</lemma>
            <CharacterOffsetBegin>9255</CharacterOffsetBegin>
            <CharacterOffsetEnd>9256</CharacterOffsetEnd>
            <POS>.</POS>
            <NER>O</NER>
            <Speaker>PER0</Speaker>
          </token>
        </tokens>
        <parse>(ROOT (S (PP (IN During) (NP (PRP$ our) (NN tutorial))) (NP (PRP we)) (VP (VBD discussed) (NP (DT the) (`` `) (NNS Strategies)) (PP (IN for) (NP (JJ Responsible) (NN Restructuring) ('' ') (NN paper)))) (. .))) </parse>
        <dependencies type="basic-dependencies">
          <dep type="root">
            <governor idx="0">ROOT</governor>
            <dependent idx="5">discussed</dependent>
          </dep>
          <dep type="case">
            <governor idx="3">tutorial</governor>
            <dependent idx="1">During</dependent>
          </dep>
          <dep type="nmod:poss">
            <governor idx="3">tutorial</governor>
            <dependent idx="2">our</dependent>
          </dep>
          <dep type="nmod">
            <governor idx="5">discussed</governor>
            <dependent idx="3">tutorial</dependent>
          </dep>
          <dep type="nsubj">
            <governor idx="5">discussed</governor>
            <dependent idx="4">we</dependent>
          </dep>
          <dep type="det">
            <governor idx="8">Strategies</governor>
            <dependent idx="6">the</dependent>
          </dep>
          <dep type="punct">
            <governor idx="8">Strategies</governor>
            <dependent idx="7">`</dependent>
          </dep>
          <dep type="dobj">
            <governor idx="5">discussed</governor>
            <dependent idx="8">Strategies</dependent>
          </dep>
          <dep type="case">
            <governor idx="13">paper</governor>
            <dependent idx="9">for</dependent>
          </dep>
          <dep type="amod">
            <governor idx="13">paper</governor>
            <dependent idx="10">Responsible</dependent>
          </dep>
          <dep type="compound">
            <governor idx="13">paper</governor>
            <dependent idx="11">Restructuring</dependent>
          </dep>
          <dep type="punct">
            <governor idx="13">paper</governor>
            <dependent idx="12">'</dependent>
          </dep>
          <dep type="nmod">
            <governor idx="5">discussed</governor>
            <dependent idx="13">paper</dependent>
          </dep>
          <dep type="punct">
            <governor idx="5">discussed</governor>
            <dependent idx="14">.</dependent>
          </dep>
        </dependencies>
        <dependencies type="collapsed-dependencies">
          <dep type="root">
            <governor idx="0">ROOT</governor>
            <dependent idx="5">discussed</dependent>
          </dep>
          <dep type="case">
            <governor idx="3">tutorial</governor>
            <dependent idx="1">During</dependent>
          </dep>
          <dep type="nmod:poss">
            <governor idx="3">tutorial</governor>
            <dependent idx="2">our</dependent>
          </dep>
          <dep type="nmod:during">
            <governor idx="5">discussed</governor>
            <dependent idx="3">tutorial</dependent>
          </dep>
          <dep type="nsubj">
            <governor idx="5">discussed</governor>
            <dependent idx="4">we</dependent>
          </dep>
          <dep type="det">
            <governor idx="8">Strategies</governor>
            <dependent idx="6">the</dependent>
          </dep>
          <dep type="punct">
            <governor idx="8">Strategies</governor>
            <dependent idx="7">`</dependent>
          </dep>
          <dep type="dobj">
            <governor idx="5">discussed</governor>
            <dependent idx="8">Strategies</dependent>
          </dep>
          <dep type="case">
            <governor idx="13">paper</governor>
            <dependent idx="9">for</dependent>
          </dep>
          <dep type="amod">
            <governor idx="13">paper</governor>
            <dependent idx="10">Responsible</dependent>
          </dep>
          <dep type="compound">
            <governor idx="13">paper</governor>
            <dependent idx="11">Restructuring</dependent>
          </dep>
          <dep type="punct">
            <governor idx="13">paper</governor>
            <dependent idx="12">'</dependent>
          </dep>
          <dep type="nmod:for">
            <governor idx="5">discussed</governor>
            <dependent idx="13">paper</dependent>
          </dep>
          <dep type="punct">
            <governor idx="5">discussed</governor>
            <dependent idx="14">.</dependent>
          </dep>
        </dependencies>
        <dependencies type="collapsed-ccprocessed-dependencies">
          <dep type="root">
            <governor idx="0">ROOT</governor>
            <dependent idx="5">discussed</dependent>
          </dep>
          <dep type="case">
            <governor idx="3">tutorial</governor>
            <dependent idx="1">During</dependent>
          </dep>
          <dep type="nmod:poss">
            <governor idx="3">tutorial</governor>
            <dependent idx="2">our</dependent>
          </dep>
          <dep type="nmod:during">
            <governor idx="5">discussed</governor>
            <dependent idx="3">tutorial</dependent>
          </dep>
          <dep type="nsubj">
            <governor idx="5">discussed</governor>
            <dependent idx="4">we</dependent>
          </dep>
          <dep type="det">
            <governor idx="8">Strategies</governor>
            <dependent idx="6">the</dependent>
          </dep>
          <dep type="punct">
            <governor idx="8">Strategies</governor>
            <dependent idx="7">`</dependent>
          </dep>
          <dep type="dobj">
            <governor idx="5">discussed</governor>
            <dependent idx="8">Strategies</dependent>
          </dep>
          <dep type="case">
            <governor idx="13">paper</governor>
            <dependent idx="9">for</dependent>
          </dep>
          <dep type="amod">
            <governor idx="13">paper</governor>
            <dependent idx="10">Responsible</dependent>
          </dep>
          <dep type="compound">
            <governor idx="13">paper</governor>
            <dependent idx="11">Restructuring</dependent>
          </dep>
          <dep type="punct">
            <governor idx="13">paper</governor>
            <dependent idx="12">'</dependent>
          </dep>
          <dep type="nmod:for">
            <governor idx="5">discussed</governor>
            <dependent idx="13">paper</dependent>
          </dep>
          <dep type="punct">
            <governor idx="5">discussed</governor>
            <dependent idx="14">.</dependent>
          </dep>
        </dependencies>
      </sentence>
      <sentence id="93">
        <tokens>
          <token id="1">
            <word>This</word>
            <lemma>this</lemma>
            <CharacterOffsetBegin>9258</CharacterOffsetBegin>
            <CharacterOffsetEnd>9262</CharacterOffsetEnd>
            <POS>DT</POS>
            <NER>O</NER>
            <Speaker>PER0</Speaker>
          </token>
          <token id="2">
            <word>article</word>
            <lemma>article</lemma>
            <CharacterOffsetBegin>9263</CharacterOffsetBegin>
            <CharacterOffsetEnd>9270</CharacterOffsetEnd>
            <POS>NN</POS>
            <NER>O</NER>
            <Speaker>PER0</Speaker>
          </token>
          <token id="3">
            <word>really</word>
            <lemma>really</lemma>
            <CharacterOffsetBegin>9271</CharacterOffsetBegin>
            <CharacterOffsetEnd>9277</CharacterOffsetEnd>
            <POS>RB</POS>
            <NER>O</NER>
            <Speaker>PER0</Speaker>
          </token>
          <token id="4">
            <word>cemented</word>
            <lemma>cement</lemma>
            <CharacterOffsetBegin>9278</CharacterOffsetBegin>
            <CharacterOffsetEnd>9286</CharacterOffsetEnd>
            <POS>VBD</POS>
            <NER>O</NER>
            <Speaker>PER0</Speaker>
          </token>
          <token id="5">
            <word>that</word>
            <lemma>that</lemma>
            <CharacterOffsetBegin>9287</CharacterOffsetBegin>
            <CharacterOffsetEnd>9291</CharacterOffsetEnd>
            <POS>IN</POS>
            <NER>O</NER>
            <Speaker>PER0</Speaker>
          </token>
          <token id="6">
            <word>my</word>
            <lemma>my</lemma>
            <CharacterOffsetBegin>9292</CharacterOffsetBegin>
            <CharacterOffsetEnd>9294</CharacterOffsetEnd>
            <POS>PRP$</POS>
            <NER>O</NER>
            <Speaker>PER0</Speaker>
          </token>
          <token id="7">
            <word>current</word>
            <lemma>current</lemma>
            <CharacterOffsetBegin>9295</CharacterOffsetBegin>
            <CharacterOffsetEnd>9302</CharacterOffsetEnd>
            <POS>JJ</POS>
            <NER>DATE</NER>
            <NormalizedNER>PRESENT_REF</NormalizedNER>
            <Speaker>PER0</Speaker>
            <Timex tid="t13" type="DATE">PRESENT_REF</Timex>
          </token>
          <token id="8">
            <word>workplace</word>
            <lemma>workplace</lemma>
            <CharacterOffsetBegin>9303</CharacterOffsetBegin>
            <CharacterOffsetEnd>9312</CharacterOffsetEnd>
            <POS>NN</POS>
            <NER>O</NER>
            <Speaker>PER0</Speaker>
          </token>
          <token id="9">
            <word>considers</word>
            <lemma>consider</lemma>
            <CharacterOffsetBegin>9313</CharacterOffsetBegin>
            <CharacterOffsetEnd>9322</CharacterOffsetEnd>
            <POS>VBZ</POS>
            <NER>O</NER>
            <Speaker>PER0</Speaker>
          </token>
          <token id="10">
            <word>'em</word>
            <lemma>'em</lemma>
            <CharacterOffsetBegin>9323</CharacterOffsetBegin>
            <CharacterOffsetEnd>9326</CharacterOffsetEnd>
            <POS>PRP</POS>
            <NER>O</NER>
            <Speaker>PER0</Speaker>
          </token>
          <token id="11">
            <word>ployees</word>
            <lemma>ployee</lemma>
            <CharacterOffsetBegin>9326</CharacterOffsetBegin>
            <CharacterOffsetEnd>9333</CharacterOffsetEnd>
            <POS>VBZ</POS>
            <NER>O</NER>
            <Speaker>PER0</Speaker>
          </token>
          <token id="12">
            <word>as</word>
            <lemma>as</lemma>
            <CharacterOffsetBegin>9334</CharacterOffsetBegin>
            <CharacterOffsetEnd>9336</CharacterOffsetEnd>
            <POS>IN</POS>
            <NER>O</NER>
            <Speaker>PER0</Speaker>
          </token>
          <token id="13">
            <word>costs</word>
            <lemma>cost</lemma>
            <CharacterOffsetBegin>9337</CharacterOffsetBegin>
            <CharacterOffsetEnd>9342</CharacterOffsetEnd>
            <POS>NNS</POS>
            <NER>O</NER>
            <Speaker>PER0</Speaker>
          </token>
          <token id="14">
            <word>'</word>
            <lemma>'</lemma>
            <CharacterOffsetBegin>9342</CharacterOffsetBegin>
            <CharacterOffsetEnd>9343</CharacterOffsetEnd>
            <POS>POS</POS>
            <NER>O</NER>
            <Speaker>PER0</Speaker>
          </token>
          <token id="15">
            <word>.</word>
            <lemma>.</lemma>
            <CharacterOffsetBegin>9343</CharacterOffsetBegin>
            <CharacterOffsetEnd>9344</CharacterOffsetEnd>
            <POS>.</POS>
            <NER>O</NER>
            <Speaker>PER0</Speaker>
          </token>
        </tokens>
        <parse>(ROOT (S (NP (DT This) (NN article)) (ADVP (RB really)) (VP (VBD cemented) (SBAR (IN that) (S (NP (PRP$ my) (JJ current) (NN workplace)) (VP (VBZ considers) (SBAR (S (NP (PRP 'em)) (VP (VBZ ployees) (PP (IN as) (NP (NNS costs) (POS ')))))))))) (. .))) </parse>
        <dependencies type="basic-dependencies">
          <dep type="root">
            <governor idx="0">ROOT</governor>
            <dependent idx="4">cemented</dependent>
          </dep>
          <dep type="det">
            <governor idx="2">article</governor>
            <dependent idx="1">This</dependent>
          </dep>
          <dep type="nsubj">
            <governor idx="4">cemented</governor>
            <dependent idx="2">article</dependent>
          </dep>
          <dep type="advmod">
            <governor idx="4">cemented</governor>
            <dependent idx="3">really</dependent>
          </dep>
          <dep type="mark">
            <governor idx="9">considers</governor>
            <dependent idx="5">that</dependent>
          </dep>
          <dep type="nmod:poss">
            <governor idx="8">workplace</governor>
            <dependent idx="6">my</dependent>
          </dep>
          <dep type="amod">
            <governor idx="8">workplace</governor>
            <dependent idx="7">current</dependent>
          </dep>
          <dep type="nsubj">
            <governor idx="9">considers</governor>
            <dependent idx="8">workplace</dependent>
          </dep>
          <dep type="ccomp">
            <governor idx="4">cemented</governor>
            <dependent idx="9">considers</dependent>
          </dep>
          <dep type="nsubj">
            <governor idx="11">ployees</governor>
            <dependent idx="10">'em</dependent>
          </dep>
          <dep type="ccomp">
            <governor idx="9">considers</governor>
            <dependent idx="11">ployees</dependent>
          </dep>
          <dep type="case">
            <governor idx="13">costs</governor>
            <dependent idx="12">as</dependent>
          </dep>
          <dep type="nmod">
            <governor idx="11">ployees</governor>
            <dependent idx="13">costs</dependent>
          </dep>
          <dep type="case">
            <governor idx="13">costs</governor>
            <dependent idx="14">'</dependent>
          </dep>
          <dep type="punct">
            <governor idx="4">cemented</governor>
            <dependent idx="15">.</dependent>
          </dep>
        </dependencies>
        <dependencies type="collapsed-dependencies">
          <dep type="root">
            <governor idx="0">ROOT</governor>
            <dependent idx="4">cemented</dependent>
          </dep>
          <dep type="det">
            <governor idx="2">article</governor>
            <dependent idx="1">This</dependent>
          </dep>
          <dep type="nsubj">
            <governor idx="4">cemented</governor>
            <dependent idx="2">article</dependent>
          </dep>
          <dep type="advmod">
            <governor idx="4">cemented</governor>
            <dependent idx="3">really</dependent>
          </dep>
          <dep type="mark">
            <governor idx="9">considers</governor>
            <dependent idx="5">that</dependent>
          </dep>
          <dep type="nmod:poss">
            <governor idx="8">workplace</governor>
            <dependent idx="6">my</dependent>
          </dep>
          <dep type="amod">
            <governor idx="8">workplace</governor>
            <dependent idx="7">current</dependent>
          </dep>
          <dep type="nsubj">
            <governor idx="9">considers</governor>
            <dependent idx="8">workplace</dependent>
          </dep>
          <dep type="ccomp">
            <governor idx="4">cemented</governor>
            <dependent idx="9">considers</dependent>
          </dep>
          <dep type="nsubj">
            <governor idx="11">ployees</governor>
            <dependent idx="10">'em</dependent>
          </dep>
          <dep type="ccomp">
            <governor idx="9">considers</governor>
            <dependent idx="11">ployees</dependent>
          </dep>
          <dep type="case">
            <governor idx="13">costs</governor>
            <dependent idx="12">as</dependent>
          </dep>
          <dep type="nmod:'">
            <governor idx="11">ployees</governor>
            <dependent idx="13">costs</dependent>
          </dep>
          <dep type="case">
            <governor idx="13">costs</governor>
            <dependent idx="14">'</dependent>
          </dep>
          <dep type="punct">
            <governor idx="4">cemented</governor>
            <dependent idx="15">.</dependent>
          </dep>
        </dependencies>
        <dependencies type="collapsed-ccprocessed-dependencies">
          <dep type="root">
            <governor idx="0">ROOT</governor>
            <dependent idx="4">cemented</dependent>
          </dep>
          <dep type="det">
            <governor idx="2">article</governor>
            <dependent idx="1">This</dependent>
          </dep>
          <dep type="nsubj">
            <governor idx="4">cemented</governor>
            <dependent idx="2">article</dependent>
          </dep>
          <dep type="advmod">
            <governor idx="4">cemented</governor>
            <dependent idx="3">really</dependent>
          </dep>
          <dep type="mark">
            <governor idx="9">considers</governor>
            <dependent idx="5">that</dependent>
          </dep>
          <dep type="nmod:poss">
            <governor idx="8">workplace</governor>
            <dependent idx="6">my</dependent>
          </dep>
          <dep type="amod">
            <governor idx="8">workplace</governor>
            <dependent idx="7">current</dependent>
          </dep>
          <dep type="nsubj">
            <governor idx="9">considers</governor>
            <dependent idx="8">workplace</dependent>
          </dep>
          <dep type="ccomp">
            <governor idx="4">cemented</governor>
            <dependent idx="9">considers</dependent>
          </dep>
          <dep type="nsubj">
            <governor idx="11">ployees</governor>
            <dependent idx="10">'em</dependent>
          </dep>
          <dep type="ccomp">
            <governor idx="9">considers</governor>
            <dependent idx="11">ployees</dependent>
          </dep>
          <dep type="case">
            <governor idx="13">costs</governor>
            <dependent idx="12">as</dependent>
          </dep>
          <dep type="nmod:'">
            <governor idx="11">ployees</governor>
            <dependent idx="13">costs</dependent>
          </dep>
          <dep type="case">
            <governor idx="13">costs</governor>
            <dependent idx="14">'</dependent>
          </dep>
          <dep type="punct">
            <governor idx="4">cemented</governor>
            <dependent idx="15">.</dependent>
          </dep>
        </dependencies>
      </sentence>
      <sentence id="94">
        <tokens>
          <token id="1">
            <word>It</word>
            <lemma>it</lemma>
            <CharacterOffsetBegin>9345</CharacterOffsetBegin>
            <CharacterOffsetEnd>9347</CharacterOffsetEnd>
            <POS>PRP</POS>
            <NER>O</NER>
            <Speaker>PER0</Speaker>
          </token>
          <token id="2">
            <word>was</word>
            <lemma>be</lemma>
            <CharacterOffsetBegin>9348</CharacterOffsetBegin>
            <CharacterOffsetEnd>9351</CharacterOffsetEnd>
            <POS>VBD</POS>
            <NER>O</NER>
            <Speaker>PER0</Speaker>
          </token>
          <token id="3">
            <word>such</word>
            <lemma>such</lemma>
            <CharacterOffsetBegin>9352</CharacterOffsetBegin>
            <CharacterOffsetEnd>9356</CharacterOffsetEnd>
            <POS>JJ</POS>
            <NER>O</NER>
            <Speaker>PER0</Speaker>
          </token>
          <token id="4">
            <word>a</word>
            <lemma>a</lemma>
            <CharacterOffsetBegin>9357</CharacterOffsetBegin>
            <CharacterOffsetEnd>9358</CharacterOffsetEnd>
            <POS>DT</POS>
            <NER>O</NER>
            <Speaker>PER0</Speaker>
          </token>
          <token id="5">
            <word>positive</word>
            <lemma>positive</lemma>
            <CharacterOffsetBegin>9359</CharacterOffsetBegin>
            <CharacterOffsetEnd>9367</CharacterOffsetEnd>
            <POS>JJ</POS>
            <NER>O</NER>
            <Speaker>PER0</Speaker>
          </token>
          <token id="6">
            <word>refreshing</word>
            <lemma>refreshing</lemma>
            <CharacterOffsetBegin>9368</CharacterOffsetBegin>
            <CharacterOffsetEnd>9378</CharacterOffsetEnd>
            <POS>JJ</POS>
            <NER>O</NER>
            <Speaker>PER0</Speaker>
          </token>
          <token id="7">
            <word>paper</word>
            <lemma>paper</lemma>
            <CharacterOffsetBegin>9379</CharacterOffsetBegin>
            <CharacterOffsetEnd>9384</CharacterOffsetEnd>
            <POS>NN</POS>
            <NER>O</NER>
            <Speaker>PER0</Speaker>
          </token>
          <token id="8">
            <word>to</word>
            <lemma>to</lemma>
            <CharacterOffsetBegin>9385</CharacterOffsetBegin>
            <CharacterOffsetEnd>9387</CharacterOffsetEnd>
            <POS>TO</POS>
            <NER>O</NER>
            <Speaker>PER0</Speaker>
          </token>
          <token id="9">
            <word>read</word>
            <lemma>read</lemma>
            <CharacterOffsetBegin>9388</CharacterOffsetBegin>
            <CharacterOffsetEnd>9392</CharacterOffsetEnd>
            <POS>VB</POS>
            <NER>O</NER>
            <Speaker>PER0</Speaker>
          </token>
          <token id="10">
            <word>about</word>
            <lemma>about</lemma>
            <CharacterOffsetBegin>9393</CharacterOffsetBegin>
            <CharacterOffsetEnd>9398</CharacterOffsetEnd>
            <POS>IN</POS>
            <NER>O</NER>
            <Speaker>PER0</Speaker>
          </token>
          <token id="11">
            <word>companies</word>
            <lemma>company</lemma>
            <CharacterOffsetBegin>9399</CharacterOffsetBegin>
            <CharacterOffsetEnd>9408</CharacterOffsetEnd>
            <POS>NNS</POS>
            <NER>O</NER>
            <Speaker>PER0</Speaker>
          </token>
          <token id="12">
            <word>that</word>
            <lemma>that</lemma>
            <CharacterOffsetBegin>9409</CharacterOffsetBegin>
            <CharacterOffsetEnd>9413</CharacterOffsetEnd>
            <POS>WDT</POS>
            <NER>O</NER>
            <Speaker>PER0</Speaker>
          </token>
          <token id="13">
            <word>do</word>
            <lemma>do</lemma>
            <CharacterOffsetBegin>9414</CharacterOffsetBegin>
            <CharacterOffsetEnd>9416</CharacterOffsetEnd>
            <POS>VBP</POS>
            <NER>O</NER>
            <Speaker>PER0</Speaker>
          </token>
          <token id="14">
            <word>restructure</word>
            <lemma>restructure</lemma>
            <CharacterOffsetBegin>9417</CharacterOffsetBegin>
            <CharacterOffsetEnd>9428</CharacterOffsetEnd>
            <POS>NN</POS>
            <NER>O</NER>
            <Speaker>PER0</Speaker>
          </token>
          <token id="15">
            <word>responsibly</word>
            <lemma>responsibly</lemma>
            <CharacterOffsetBegin>9429</CharacterOffsetBegin>
            <CharacterOffsetEnd>9440</CharacterOffsetEnd>
            <POS>RB</POS>
            <NER>O</NER>
            <Speaker>PER0</Speaker>
          </token>
          <token id="16">
            <word>.</word>
            <lemma>.</lemma>
            <CharacterOffsetBegin>9440</CharacterOffsetBegin>
            <CharacterOffsetEnd>9441</CharacterOffsetEnd>
            <POS>.</POS>
            <NER>O</NER>
            <Speaker>PER0</Speaker>
          </token>
        </tokens>
        <parse>(ROOT (S (NP (PRP It)) (VP (VBD was) (PP (JJ such) (NP (DT a) (ADJP (JJ positive) (JJ refreshing)) (NN paper) (S (VP (TO to) (VP (VB read) (PP (IN about) (NP (NP (NNS companies)) (SBAR (WHNP (WDT that)) (S (VP (VBP do) (NP (NN restructure)) (ADVP (RB responsibly))))))))))))) (. .))) </parse>
        <dependencies type="basic-dependencies">
          <dep type="root">
            <governor idx="0">ROOT</governor>
            <dependent idx="7">paper</dependent>
          </dep>
          <dep type="nsubj">
            <governor idx="7">paper</governor>
            <dependent idx="1">It</dependent>
          </dep>
          <dep type="cop">
            <governor idx="7">paper</governor>
            <dependent idx="2">was</dependent>
          </dep>
          <dep type="case">
            <governor idx="7">paper</governor>
            <dependent idx="3">such</dependent>
          </dep>
          <dep type="det">
            <governor idx="7">paper</governor>
            <dependent idx="4">a</dependent>
          </dep>
          <dep type="amod">
            <governor idx="6">refreshing</governor>
            <dependent idx="5">positive</dependent>
          </dep>
          <dep type="amod">
            <governor idx="7">paper</governor>
            <dependent idx="6">refreshing</dependent>
          </dep>
          <dep type="mark">
            <governor idx="9">read</governor>
            <dependent idx="8">to</dependent>
          </dep>
          <dep type="acl">
            <governor idx="7">paper</governor>
            <dependent idx="9">read</dependent>
          </dep>
          <dep type="case">
            <governor idx="11">companies</governor>
            <dependent idx="10">about</dependent>
          </dep>
          <dep type="nmod">
            <governor idx="9">read</governor>
            <dependent idx="11">companies</dependent>
          </dep>
          <dep type="nsubj">
            <governor idx="13">do</governor>
            <dependent idx="12">that</dependent>
          </dep>
          <dep type="acl:relcl">
            <governor idx="11">companies</governor>
            <dependent idx="13">do</dependent>
          </dep>
          <dep type="dobj">
            <governor idx="13">do</governor>
            <dependent idx="14">restructure</dependent>
          </dep>
          <dep type="advmod">
            <governor idx="13">do</governor>
            <dependent idx="15">responsibly</dependent>
          </dep>
          <dep type="punct">
            <governor idx="7">paper</governor>
            <dependent idx="16">.</dependent>
          </dep>
        </dependencies>
        <dependencies type="collapsed-dependencies">
          <dep type="root">
            <governor idx="0">ROOT</governor>
            <dependent idx="7">paper</dependent>
          </dep>
          <dep type="nsubj">
            <governor idx="7">paper</governor>
            <dependent idx="1">It</dependent>
          </dep>
          <dep type="cop">
            <governor idx="7">paper</governor>
            <dependent idx="2">was</dependent>
          </dep>
          <dep type="case">
            <governor idx="7">paper</governor>
            <dependent idx="3">such</dependent>
          </dep>
          <dep type="det">
            <governor idx="7">paper</governor>
            <dependent idx="4">a</dependent>
          </dep>
          <dep type="amod">
            <governor idx="6">refreshing</governor>
            <dependent idx="5">positive</dependent>
          </dep>
          <dep type="amod">
            <governor idx="7">paper</governor>
            <dependent idx="6">refreshing</dependent>
          </dep>
          <dep type="mark">
            <governor idx="9">read</governor>
            <dependent idx="8">to</dependent>
          </dep>
          <dep type="acl">
            <governor idx="7">paper</governor>
            <dependent idx="9">read</dependent>
          </dep>
          <dep type="case">
            <governor idx="11">companies</governor>
            <dependent idx="10">about</dependent>
          </dep>
          <dep type="nmod:about">
            <governor idx="9">read</governor>
            <dependent idx="11">companies</dependent>
          </dep>
          <dep type="nsubj">
            <governor idx="13">do</governor>
            <dependent idx="12">that</dependent>
          </dep>
          <dep type="acl:relcl">
            <governor idx="11">companies</governor>
            <dependent idx="13">do</dependent>
          </dep>
          <dep type="dobj">
            <governor idx="13">do</governor>
            <dependent idx="14">restructure</dependent>
          </dep>
          <dep type="advmod">
            <governor idx="13">do</governor>
            <dependent idx="15">responsibly</dependent>
          </dep>
          <dep type="punct">
            <governor idx="7">paper</governor>
            <dependent idx="16">.</dependent>
          </dep>
        </dependencies>
        <dependencies type="collapsed-ccprocessed-dependencies">
          <dep type="root">
            <governor idx="0">ROOT</governor>
            <dependent idx="7">paper</dependent>
          </dep>
          <dep type="nsubj">
            <governor idx="7">paper</governor>
            <dependent idx="1">It</dependent>
          </dep>
          <dep type="cop">
            <governor idx="7">paper</governor>
            <dependent idx="2">was</dependent>
          </dep>
          <dep type="case">
            <governor idx="7">paper</governor>
            <dependent idx="3">such</dependent>
          </dep>
          <dep type="det">
            <governor idx="7">paper</governor>
            <dependent idx="4">a</dependent>
          </dep>
          <dep type="amod">
            <governor idx="6">refreshing</governor>
            <dependent idx="5">positive</dependent>
          </dep>
          <dep type="amod">
            <governor idx="7">paper</governor>
            <dependent idx="6">refreshing</dependent>
          </dep>
          <dep type="mark">
            <governor idx="9">read</governor>
            <dependent idx="8">to</dependent>
          </dep>
          <dep type="acl">
            <governor idx="7">paper</governor>
            <dependent idx="9">read</dependent>
          </dep>
          <dep type="case">
            <governor idx="11">companies</governor>
            <dependent idx="10">about</dependent>
          </dep>
          <dep type="nmod:about">
            <governor idx="9">read</governor>
            <dependent idx="11">companies</dependent>
          </dep>
          <dep type="nsubj">
            <governor idx="13">do</governor>
            <dependent idx="12">that</dependent>
          </dep>
          <dep type="acl:relcl">
            <governor idx="11">companies</governor>
            <dependent idx="13">do</dependent>
          </dep>
          <dep type="dobj">
            <governor idx="13">do</governor>
            <dependent idx="14">restructure</dependent>
          </dep>
          <dep type="advmod">
            <governor idx="13">do</governor>
            <dependent idx="15">responsibly</dependent>
          </dep>
          <dep type="punct">
            <governor idx="7">paper</governor>
            <dependent idx="16">.</dependent>
          </dep>
        </dependencies>
      </sentence>
      <sentence id="95">
        <tokens>
          <token id="1">
            <word>It</word>
            <lemma>it</lemma>
            <CharacterOffsetBegin>9443</CharacterOffsetBegin>
            <CharacterOffsetEnd>9445</CharacterOffsetEnd>
            <POS>PRP</POS>
            <NER>O</NER>
            <Speaker>PER0</Speaker>
          </token>
          <token id="2">
            <word>made</word>
            <lemma>make</lemma>
            <CharacterOffsetBegin>9446</CharacterOffsetBegin>
            <CharacterOffsetEnd>9450</CharacterOffsetEnd>
            <POS>VBD</POS>
            <NER>O</NER>
            <Speaker>PER0</Speaker>
          </token>
          <token id="3">
            <word>me</word>
            <lemma>I</lemma>
            <CharacterOffsetBegin>9451</CharacterOffsetBegin>
            <CharacterOffsetEnd>9453</CharacterOffsetEnd>
            <POS>PRP</POS>
            <NER>O</NER>
            <Speaker>PER0</Speaker>
          </token>
          <token id="4">
            <word>wonder</word>
            <lemma>wonder</lemma>
            <CharacterOffsetBegin>9454</CharacterOffsetBegin>
            <CharacterOffsetEnd>9460</CharacterOffsetEnd>
            <POS>VB</POS>
            <NER>O</NER>
            <Speaker>PER0</Speaker>
          </token>
          <token id="5">
            <word>why</word>
            <lemma>why</lemma>
            <CharacterOffsetBegin>9461</CharacterOffsetBegin>
            <CharacterOffsetEnd>9464</CharacterOffsetEnd>
            <POS>WRB</POS>
            <NER>O</NER>
            <Speaker>PER0</Speaker>
          </token>
          <token id="6">
            <word>we</word>
            <lemma>we</lemma>
            <CharacterOffsetBegin>9465</CharacterOffsetBegin>
            <CharacterOffsetEnd>9467</CharacterOffsetEnd>
            <POS>PRP</POS>
            <NER>O</NER>
            <Speaker>PER0</Speaker>
          </token>
          <token id="7">
            <word>do</word>
            <lemma>do</lemma>
            <CharacterOffsetBegin>9468</CharacterOffsetBegin>
            <CharacterOffsetEnd>9470</CharacterOffsetEnd>
            <POS>VBP</POS>
            <NER>O</NER>
            <Speaker>PER0</Speaker>
          </token>
          <token id="8">
            <word>n't</word>
            <lemma>not</lemma>
            <CharacterOffsetBegin>9470</CharacterOffsetBegin>
            <CharacterOffsetEnd>9473</CharacterOffsetEnd>
            <POS>RB</POS>
            <NER>O</NER>
            <Speaker>PER0</Speaker>
          </token>
          <token id="9">
            <word>ever</word>
            <lemma>ever</lemma>
            <CharacterOffsetBegin>9474</CharacterOffsetBegin>
            <CharacterOffsetEnd>9478</CharacterOffsetEnd>
            <POS>RB</POS>
            <NER>O</NER>
            <Speaker>PER0</Speaker>
          </token>
          <token id="10">
            <word>hear</word>
            <lemma>hear</lemma>
            <CharacterOffsetBegin>9479</CharacterOffsetBegin>
            <CharacterOffsetEnd>9483</CharacterOffsetEnd>
            <POS>VB</POS>
            <NER>O</NER>
            <Speaker>PER0</Speaker>
          </token>
          <token id="11">
            <word>about</word>
            <lemma>about</lemma>
            <CharacterOffsetBegin>9484</CharacterOffsetBegin>
            <CharacterOffsetEnd>9489</CharacterOffsetEnd>
            <POS>IN</POS>
            <NER>O</NER>
            <Speaker>PER0</Speaker>
          </token>
          <token id="12">
            <word>organizations</word>
            <lemma>organization</lemma>
            <CharacterOffsetBegin>9490</CharacterOffsetBegin>
            <CharacterOffsetEnd>9503</CharacterOffsetEnd>
            <POS>NNS</POS>
            <NER>O</NER>
            <Speaker>PER0</Speaker>
          </token>
          <token id="13">
            <word>that</word>
            <lemma>that</lemma>
            <CharacterOffsetBegin>9504</CharacterOffsetBegin>
            <CharacterOffsetEnd>9508</CharacterOffsetEnd>
            <POS>WDT</POS>
            <NER>O</NER>
            <Speaker>PER0</Speaker>
          </token>
          <token id="14">
            <word>restructure</word>
            <lemma>restructure</lemma>
            <CharacterOffsetBegin>9509</CharacterOffsetBegin>
            <CharacterOffsetEnd>9520</CharacterOffsetEnd>
            <POS>VBP</POS>
            <NER>O</NER>
            <Speaker>PER0</Speaker>
          </token>
          <token id="15">
            <word>responsibly</word>
            <lemma>responsibly</lemma>
            <CharacterOffsetBegin>9521</CharacterOffsetBegin>
            <CharacterOffsetEnd>9532</CharacterOffsetEnd>
            <POS>RB</POS>
            <NER>O</NER>
            <Speaker>PER0</Speaker>
          </token>
          <token id="16">
            <word>.</word>
            <lemma>.</lemma>
            <CharacterOffsetBegin>9532</CharacterOffsetBegin>
            <CharacterOffsetEnd>9533</CharacterOffsetEnd>
            <POS>.</POS>
            <NER>O</NER>
            <Speaker>PER0</Speaker>
          </token>
        </tokens>
        <parse>(ROOT (S (NP (PRP It)) (VP (VBD made) (S (NP (PRP me)) (VP (VB wonder) (SBAR (WHADVP (WRB why)) (S (NP (PRP we)) (VP (VBP do) (RB n't) (ADVP (RB ever)) (VP (VB hear) (PP (IN about) (NP (NP (NNS organizations)) (SBAR (WHNP (WDT that)) (S (VP (VBP restructure) (ADVP (RB responsibly)))))))))))))) (. .))) </parse>
        <dependencies type="basic-dependencies">
          <dep type="root">
            <governor idx="0">ROOT</governor>
            <dependent idx="2">made</dependent>
          </dep>
          <dep type="nsubj">
            <governor idx="2">made</governor>
            <dependent idx="1">It</dependent>
          </dep>
          <dep type="nsubj">
            <governor idx="4">wonder</governor>
            <dependent idx="3">me</dependent>
          </dep>
          <dep type="ccomp">
            <governor idx="2">made</governor>
            <dependent idx="4">wonder</dependent>
          </dep>
          <dep type="advmod">
            <governor idx="10">hear</governor>
            <dependent idx="5">why</dependent>
          </dep>
          <dep type="nsubj">
            <governor idx="10">hear</governor>
            <dependent idx="6">we</dependent>
          </dep>
          <dep type="aux">
            <governor idx="10">hear</governor>
            <dependent idx="7">do</dependent>
          </dep>
          <dep type="neg">
            <governor idx="10">hear</governor>
            <dependent idx="8">n't</dependent>
          </dep>
          <dep type="advmod">
            <governor idx="10">hear</governor>
            <dependent idx="9">ever</dependent>
          </dep>
          <dep type="ccomp">
            <governor idx="4">wonder</governor>
            <dependent idx="10">hear</dependent>
          </dep>
          <dep type="case">
            <governor idx="12">organizations</governor>
            <dependent idx="11">about</dependent>
          </dep>
          <dep type="nmod">
            <governor idx="10">hear</governor>
            <dependent idx="12">organizations</dependent>
          </dep>
          <dep type="nsubj">
            <governor idx="14">restructure</governor>
            <dependent idx="13">that</dependent>
          </dep>
          <dep type="acl:relcl">
            <governor idx="12">organizations</governor>
            <dependent idx="14">restructure</dependent>
          </dep>
          <dep type="advmod">
            <governor idx="14">restructure</governor>
            <dependent idx="15">responsibly</dependent>
          </dep>
          <dep type="punct">
            <governor idx="2">made</governor>
            <dependent idx="16">.</dependent>
          </dep>
        </dependencies>
        <dependencies type="collapsed-dependencies">
          <dep type="root">
            <governor idx="0">ROOT</governor>
            <dependent idx="2">made</dependent>
          </dep>
          <dep type="nsubj">
            <governor idx="2">made</governor>
            <dependent idx="1">It</dependent>
          </dep>
          <dep type="nsubj">
            <governor idx="4">wonder</governor>
            <dependent idx="3">me</dependent>
          </dep>
          <dep type="ccomp">
            <governor idx="2">made</governor>
            <dependent idx="4">wonder</dependent>
          </dep>
          <dep type="advmod">
            <governor idx="10">hear</governor>
            <dependent idx="5">why</dependent>
          </dep>
          <dep type="nsubj">
            <governor idx="10">hear</governor>
            <dependent idx="6">we</dependent>
          </dep>
          <dep type="aux">
            <governor idx="10">hear</governor>
            <dependent idx="7">do</dependent>
          </dep>
          <dep type="neg">
            <governor idx="10">hear</governor>
            <dependent idx="8">n't</dependent>
          </dep>
          <dep type="advmod">
            <governor idx="10">hear</governor>
            <dependent idx="9">ever</dependent>
          </dep>
          <dep type="ccomp">
            <governor idx="4">wonder</governor>
            <dependent idx="10">hear</dependent>
          </dep>
          <dep type="case">
            <governor idx="12">organizations</governor>
            <dependent idx="11">about</dependent>
          </dep>
          <dep type="nmod:about">
            <governor idx="10">hear</governor>
            <dependent idx="12">organizations</dependent>
          </dep>
          <dep type="nsubj">
            <governor idx="14">restructure</governor>
            <dependent idx="13">that</dependent>
          </dep>
          <dep type="acl:relcl">
            <governor idx="12">organizations</governor>
            <dependent idx="14">restructure</dependent>
          </dep>
          <dep type="advmod">
            <governor idx="14">restructure</governor>
            <dependent idx="15">responsibly</dependent>
          </dep>
          <dep type="punct">
            <governor idx="2">made</governor>
            <dependent idx="16">.</dependent>
          </dep>
        </dependencies>
        <dependencies type="collapsed-ccprocessed-dependencies">
          <dep type="root">
            <governor idx="0">ROOT</governor>
            <dependent idx="2">made</dependent>
          </dep>
          <dep type="nsubj">
            <governor idx="2">made</governor>
            <dependent idx="1">It</dependent>
          </dep>
          <dep type="nsubj">
            <governor idx="4">wonder</governor>
            <dependent idx="3">me</dependent>
          </dep>
          <dep type="ccomp">
            <governor idx="2">made</governor>
            <dependent idx="4">wonder</dependent>
          </dep>
          <dep type="advmod">
            <governor idx="10">hear</governor>
            <dependent idx="5">why</dependent>
          </dep>
          <dep type="nsubj">
            <governor idx="10">hear</governor>
            <dependent idx="6">we</dependent>
          </dep>
          <dep type="aux">
            <governor idx="10">hear</governor>
            <dependent idx="7">do</dependent>
          </dep>
          <dep type="neg">
            <governor idx="10">hear</governor>
            <dependent idx="8">n't</dependent>
          </dep>
          <dep type="advmod">
            <governor idx="10">hear</governor>
            <dependent idx="9">ever</dependent>
          </dep>
          <dep type="ccomp">
            <governor idx="4">wonder</governor>
            <dependent idx="10">hear</dependent>
          </dep>
          <dep type="case">
            <governor idx="12">organizations</governor>
            <dependent idx="11">about</dependent>
          </dep>
          <dep type="nmod:about">
            <governor idx="10">hear</governor>
            <dependent idx="12">organizations</dependent>
          </dep>
          <dep type="nsubj">
            <governor idx="14">restructure</governor>
            <dependent idx="13">that</dependent>
          </dep>
          <dep type="acl:relcl">
            <governor idx="12">organizations</governor>
            <dependent idx="14">restructure</dependent>
          </dep>
          <dep type="advmod">
            <governor idx="14">restructure</governor>
            <dependent idx="15">responsibly</dependent>
          </dep>
          <dep type="punct">
            <governor idx="2">made</governor>
            <dependent idx="16">.</dependent>
          </dep>
        </dependencies>
      </sentence>
      <sentence id="96">
        <tokens>
          <token id="1">
            <word>I</word>
            <lemma>I</lemma>
            <CharacterOffsetBegin>9535</CharacterOffsetBegin>
            <CharacterOffsetEnd>9536</CharacterOffsetEnd>
            <POS>PRP</POS>
            <NER>O</NER>
            <Speaker>PER0</Speaker>
          </token>
          <token id="2">
            <word>have</word>
            <lemma>have</lemma>
            <CharacterOffsetBegin>9537</CharacterOffsetBegin>
            <CharacterOffsetEnd>9541</CharacterOffsetEnd>
            <POS>VBP</POS>
            <NER>O</NER>
            <Speaker>PER0</Speaker>
          </token>
          <token id="3">
            <word>registered</word>
            <lemma>register</lemma>
            <CharacterOffsetBegin>9542</CharacterOffsetBegin>
            <CharacterOffsetEnd>9552</CharacterOffsetEnd>
            <POS>VBN</POS>
            <NER>O</NER>
            <Speaker>PER0</Speaker>
          </token>
          <token id="4">
            <word>myself</word>
            <lemma>myself</lemma>
            <CharacterOffsetBegin>9553</CharacterOffsetBegin>
            <CharacterOffsetEnd>9559</CharacterOffsetEnd>
            <POS>PRP</POS>
            <NER>O</NER>
            <Speaker>PER0</Speaker>
          </token>
          <token id="5">
            <word>to</word>
            <lemma>to</lemma>
            <CharacterOffsetBegin>9560</CharacterOffsetBegin>
            <CharacterOffsetEnd>9562</CharacterOffsetEnd>
            <POS>TO</POS>
            <NER>O</NER>
            <Speaker>PER0</Speaker>
          </token>
          <token id="6">
            <word>three</word>
            <lemma>three</lemma>
            <CharacterOffsetBegin>9563</CharacterOffsetBegin>
            <CharacterOffsetEnd>9568</CharacterOffsetEnd>
            <POS>CD</POS>
            <NER>NUMBER</NER>
            <NormalizedNER>3.0</NormalizedNER>
            <Speaker>PER0</Speaker>
          </token>
          <token id="7">
            <word>or</word>
            <lemma>or</lemma>
            <CharacterOffsetBegin>9569</CharacterOffsetBegin>
            <CharacterOffsetEnd>9571</CharacterOffsetEnd>
            <POS>CC</POS>
            <NER>O</NER>
            <Speaker>PER0</Speaker>
          </token>
          <token id="8">
            <word>four</word>
            <lemma>four</lemma>
            <CharacterOffsetBegin>9572</CharacterOffsetBegin>
            <CharacterOffsetEnd>9576</CharacterOffsetEnd>
            <POS>CD</POS>
            <NER>NUMBER</NER>
            <NormalizedNER>4.0</NormalizedNER>
            <Speaker>PER0</Speaker>
          </token>
          <token id="9">
            <word>different</word>
            <lemma>different</lemma>
            <CharacterOffsetBegin>9577</CharacterOffsetBegin>
            <CharacterOffsetEnd>9586</CharacterOffsetEnd>
            <POS>JJ</POS>
            <NER>O</NER>
            <Speaker>PER0</Speaker>
          </token>
          <token id="10">
            <word>online</word>
            <lemma>online</lemma>
            <CharacterOffsetBegin>9587</CharacterOffsetBegin>
            <CharacterOffsetEnd>9593</CharacterOffsetEnd>
            <POS>JJ</POS>
            <NER>O</NER>
            <Speaker>PER0</Speaker>
          </token>
          <token id="11">
            <word>HR</word>
            <lemma>hr</lemma>
            <CharacterOffsetBegin>9594</CharacterOffsetBegin>
            <CharacterOffsetEnd>9596</CharacterOffsetEnd>
            <POS>NN</POS>
            <NER>DURATION</NER>
            <NormalizedNER>PT1H</NormalizedNER>
            <Speaker>PER0</Speaker>
            <Timex tid="t6" type="DURATION">PT1H</Timex>
          </token>
          <token id="12">
            <word>newsletters</word>
            <lemma>newsletter</lemma>
            <CharacterOffsetBegin>9597</CharacterOffsetBegin>
            <CharacterOffsetEnd>9608</CharacterOffsetEnd>
            <POS>NNS</POS>
            <NER>O</NER>
            <Speaker>PER0</Speaker>
          </token>
          <token id="13">
            <word>and</word>
            <lemma>and</lemma>
            <CharacterOffsetBegin>9609</CharacterOffsetBegin>
            <CharacterOffsetEnd>9612</CharacterOffsetEnd>
            <POS>CC</POS>
            <NER>O</NER>
            <Speaker>PER0</Speaker>
          </token>
          <token id="14">
            <word>never</word>
            <lemma>never</lemma>
            <CharacterOffsetBegin>9613</CharacterOffsetBegin>
            <CharacterOffsetEnd>9618</CharacterOffsetEnd>
            <POS>RB</POS>
            <NER>O</NER>
            <Speaker>PER0</Speaker>
          </token>
          <token id="15">
            <word>have</word>
            <lemma>have</lemma>
            <CharacterOffsetBegin>9619</CharacterOffsetBegin>
            <CharacterOffsetEnd>9623</CharacterOffsetEnd>
            <POS>VBP</POS>
            <NER>O</NER>
            <Speaker>PER0</Speaker>
          </token>
          <token id="16">
            <word>I</word>
            <lemma>I</lemma>
            <CharacterOffsetBegin>9624</CharacterOffsetBegin>
            <CharacterOffsetEnd>9625</CharacterOffsetEnd>
            <POS>PRP</POS>
            <NER>O</NER>
            <Speaker>PER0</Speaker>
          </token>
          <token id="17">
            <word>read</word>
            <lemma>read</lemma>
            <CharacterOffsetBegin>9626</CharacterOffsetBegin>
            <CharacterOffsetEnd>9630</CharacterOffsetEnd>
            <POS>VB</POS>
            <NER>O</NER>
            <Speaker>PER0</Speaker>
          </token>
          <token id="18">
            <word>an</word>
            <lemma>a</lemma>
            <CharacterOffsetBegin>9631</CharacterOffsetBegin>
            <CharacterOffsetEnd>9633</CharacterOffsetEnd>
            <POS>DT</POS>
            <NER>O</NER>
            <Speaker>PER0</Speaker>
          </token>
          <token id="19">
            <word>article</word>
            <lemma>article</lemma>
            <CharacterOffsetBegin>9634</CharacterOffsetBegin>
            <CharacterOffsetEnd>9641</CharacterOffsetEnd>
            <POS>NN</POS>
            <NER>O</NER>
            <Speaker>PER0</Speaker>
          </token>
          <token id="20">
            <word>on</word>
            <lemma>on</lemma>
            <CharacterOffsetBegin>9642</CharacterOffsetBegin>
            <CharacterOffsetEnd>9644</CharacterOffsetEnd>
            <POS>IN</POS>
            <NER>O</NER>
            <Speaker>PER0</Speaker>
          </token>
          <token id="21">
            <word>responsible</word>
            <lemma>responsible</lemma>
            <CharacterOffsetBegin>9645</CharacterOffsetBegin>
            <CharacterOffsetEnd>9656</CharacterOffsetEnd>
            <POS>JJ</POS>
            <NER>O</NER>
            <Speaker>PER0</Speaker>
          </token>
          <token id="22">
            <word>restructuring</word>
            <lemma>restructuring</lemma>
            <CharacterOffsetBegin>9657</CharacterOffsetBegin>
            <CharacterOffsetEnd>9670</CharacterOffsetEnd>
            <POS>NN</POS>
            <NER>O</NER>
            <Speaker>PER0</Speaker>
          </token>
          <token id="23">
            <word>;</word>
            <lemma>;</lemma>
            <CharacterOffsetBegin>9670</CharacterOffsetBegin>
            <CharacterOffsetEnd>9671</CharacterOffsetEnd>
            <POS>:</POS>
            <NER>O</NER>
            <Speaker>PER0</Speaker>
          </token>
          <token id="24">
            <word>it</word>
            <lemma>it</lemma>
            <CharacterOffsetBegin>9672</CharacterOffsetBegin>
            <CharacterOffsetEnd>9674</CharacterOffsetEnd>
            <POS>PRP</POS>
            <NER>O</NER>
            <Speaker>PER0</Speaker>
          </token>
          <token id="25">
            <word>has</word>
            <lemma>have</lemma>
            <CharacterOffsetBegin>9675</CharacterOffsetBegin>
            <CharacterOffsetEnd>9678</CharacterOffsetEnd>
            <POS>VBZ</POS>
            <NER>O</NER>
            <Speaker>PER0</Speaker>
          </token>
          <token id="26">
            <word>always</word>
            <lemma>always</lemma>
            <CharacterOffsetBegin>9679</CharacterOffsetBegin>
            <CharacterOffsetEnd>9685</CharacterOffsetEnd>
            <POS>RB</POS>
            <NER>O</NER>
            <Speaker>PER0</Speaker>
          </token>
          <token id="27">
            <word>been</word>
            <lemma>be</lemma>
            <CharacterOffsetBegin>9686</CharacterOffsetBegin>
            <CharacterOffsetEnd>9690</CharacterOffsetEnd>
            <POS>VBN</POS>
            <NER>O</NER>
            <Speaker>PER0</Speaker>
          </token>
          <token id="28">
            <word>about</word>
            <lemma>about</lemma>
            <CharacterOffsetBegin>9691</CharacterOffsetBegin>
            <CharacterOffsetEnd>9696</CharacterOffsetEnd>
            <POS>IN</POS>
            <NER>O</NER>
            <Speaker>PER0</Speaker>
          </token>
          <token id="29">
            <word>`</word>
            <lemma>`</lemma>
            <CharacterOffsetBegin>9697</CharacterOffsetBegin>
            <CharacterOffsetEnd>9698</CharacterOffsetEnd>
            <POS>``</POS>
            <NER>O</NER>
            <Speaker>PER0</Speaker>
          </token>
          <token id="30">
            <word>Company</word>
            <lemma>company</lemma>
            <CharacterOffsetBegin>9698</CharacterOffsetBegin>
            <CharacterOffsetEnd>9705</CharacterOffsetEnd>
            <POS>NN</POS>
            <NER>O</NER>
            <Speaker>PER0</Speaker>
          </token>
          <token id="31">
            <word>ABC</word>
            <lemma>ABC</lemma>
            <CharacterOffsetBegin>9706</CharacterOffsetBegin>
            <CharacterOffsetEnd>9709</CharacterOffsetEnd>
            <POS>NNP</POS>
            <NER>ORGANIZATION</NER>
            <Speaker>PER0</Speaker>
          </token>
          <token id="32">
            <word>expected</word>
            <lemma>expect</lemma>
            <CharacterOffsetBegin>9710</CharacterOffsetBegin>
            <CharacterOffsetEnd>9718</CharacterOffsetEnd>
            <POS>VBD</POS>
            <NER>O</NER>
            <Speaker>PER0</Speaker>
          </token>
          <token id="33">
            <word>to</word>
            <lemma>to</lemma>
            <CharacterOffsetBegin>9719</CharacterOffsetBegin>
            <CharacterOffsetEnd>9721</CharacterOffsetEnd>
            <POS>TO</POS>
            <NER>O</NER>
            <Speaker>PER0</Speaker>
          </token>
          <token id="34">
            <word>lay</word>
            <lemma>lay</lemma>
            <CharacterOffsetBegin>9722</CharacterOffsetBegin>
            <CharacterOffsetEnd>9725</CharacterOffsetEnd>
            <POS>VB</POS>
            <NER>O</NER>
            <Speaker>PER0</Speaker>
          </token>
          <token id="35">
            <word>off</word>
            <lemma>off</lemma>
            <CharacterOffsetBegin>9726</CharacterOffsetBegin>
            <CharacterOffsetEnd>9729</CharacterOffsetEnd>
            <POS>RP</POS>
            <NER>O</NER>
            <Speaker>PER0</Speaker>
          </token>
          <token id="36">
            <word>400</word>
            <lemma>400</lemma>
            <CharacterOffsetBegin>9730</CharacterOffsetBegin>
            <CharacterOffsetEnd>9733</CharacterOffsetEnd>
            <POS>CD</POS>
            <NER>NUMBER</NER>
            <NormalizedNER>400.0</NormalizedNER>
            <Speaker>PER0</Speaker>
          </token>
          <token id="37">
            <word>employees</word>
            <lemma>employee</lemma>
            <CharacterOffsetBegin>9734</CharacterOffsetBegin>
            <CharacterOffsetEnd>9743</CharacterOffsetEnd>
            <POS>NNS</POS>
            <NER>O</NER>
            <Speaker>PER0</Speaker>
          </token>
          <token id="38">
            <word>'</word>
            <lemma>'</lemma>
            <CharacterOffsetBegin>9743</CharacterOffsetBegin>
            <CharacterOffsetEnd>9744</CharacterOffsetEnd>
            <POS>POS</POS>
            <NER>O</NER>
            <Speaker>PER0</Speaker>
          </token>
          <token id="39">
            <word>.</word>
            <lemma>.</lemma>
            <CharacterOffsetBegin>9744</CharacterOffsetBegin>
            <CharacterOffsetEnd>9745</CharacterOffsetEnd>
            <POS>.</POS>
            <NER>O</NER>
            <Speaker>PER0</Speaker>
          </token>
        </tokens>
        <parse>(ROOT (S (S (NP (PRP I)) (VP (VP (VBP have) (VP (VBN registered) (NP (PRP myself)) (PP (TO to) (NP (QP (CD three) (CC or) (CD four)) (JJ different) (JJ online) (NN HR) (NNS newsletters))))) (CC and) (ADVP (RB never)) (VP (VBP have) (NP (PRP I)))) (VP (VB read) (NP (DT an) (NN article)) (PP (IN on) (NP (JJ responsible) (NN restructuring))))) (: ;) (S (NP (PRP it)) (VP (VBZ has) (ADVP (RB always)) (VP (VBN been) (PP (IN about) (`` `) (NP (NP (NN Company)) (SBAR (S (NP (NNP ABC)) (VP (VBD expected) (S (VP (TO to) (VP (VB lay) (PRT (RP off)) (NP (QP (CD 400)) (NP (NNS employees) (POS ')))))))))))))) (. .))) </parse>
        <dependencies type="basic-dependencies">
          <dep type="root">
            <governor idx="0">ROOT</governor>
            <dependent idx="3">registered</dependent>
          </dep>
          <dep type="nsubj">
            <governor idx="3">registered</governor>
            <dependent idx="1">I</dependent>
          </dep>
          <dep type="aux">
            <governor idx="3">registered</governor>
            <dependent idx="2">have</dependent>
          </dep>
          <dep type="dobj">
            <governor idx="3">registered</governor>
            <dependent idx="4">myself</dependent>
          </dep>
          <dep type="case">
            <governor idx="12">newsletters</governor>
            <dependent idx="5">to</dependent>
          </dep>
          <dep type="nummod">
            <governor idx="12">newsletters</governor>
            <dependent idx="6">three</dependent>
          </dep>
          <dep type="cc">
            <governor idx="6">three</governor>
            <dependent idx="7">or</dependent>
          </dep>
          <dep type="conj">
            <governor idx="6">three</governor>
            <dependent idx="8">four</dependent>
          </dep>
          <dep type="amod">
            <governor idx="12">newsletters</governor>
            <dependent idx="9">different</dependent>
          </dep>
          <dep type="amod">
            <governor idx="12">newsletters</governor>
            <dependent idx="10">online</dependent>
          </dep>
          <dep type="compound">
            <governor idx="12">newsletters</governor>
            <dependent idx="11">HR</dependent>
          </dep>
          <dep type="nmod">
            <governor idx="3">registered</governor>
            <dependent idx="12">newsletters</dependent>
          </dep>
          <dep type="cc">
            <governor idx="3">registered</governor>
            <dependent idx="13">and</dependent>
          </dep>
          <dep type="neg">
            <governor idx="15">have</governor>
            <dependent idx="14">never</dependent>
          </dep>
          <dep type="conj">
            <governor idx="3">registered</governor>
            <dependent idx="15">have</dependent>
          </dep>
          <dep type="dobj">
            <governor idx="15">have</governor>
            <dependent idx="16">I</dependent>
          </dep>
          <dep type="dep">
            <governor idx="3">registered</governor>
            <dependent idx="17">read</dependent>
          </dep>
          <dep type="det">
            <governor idx="19">article</governor>
            <dependent idx="18">an</dependent>
          </dep>
          <dep type="dobj">
            <governor idx="17">read</governor>
            <dependent idx="19">article</dependent>
          </dep>
          <dep type="case">
            <governor idx="22">restructuring</governor>
            <dependent idx="20">on</dependent>
          </dep>
          <dep type="amod">
            <governor idx="22">restructuring</governor>
            <dependent idx="21">responsible</dependent>
          </dep>
          <dep type="nmod">
            <governor idx="17">read</governor>
            <dependent idx="22">restructuring</dependent>
          </dep>
          <dep type="punct">
            <governor idx="3">registered</governor>
            <dependent idx="23">;</dependent>
          </dep>
          <dep type="nsubj">
            <governor idx="30">Company</governor>
            <dependent idx="24">it</dependent>
          </dep>
          <dep type="aux">
            <governor idx="30">Company</governor>
            <dependent idx="25">has</dependent>
          </dep>
          <dep type="advmod">
            <governor idx="30">Company</governor>
            <dependent idx="26">always</dependent>
          </dep>
          <dep type="cop">
            <governor idx="30">Company</governor>
            <dependent idx="27">been</dependent>
          </dep>
          <dep type="case">
            <governor idx="30">Company</governor>
            <dependent idx="28">about</dependent>
          </dep>
          <dep type="punct">
            <governor idx="30">Company</governor>
            <dependent idx="29">`</dependent>
          </dep>
          <dep type="parataxis">
            <governor idx="3">registered</governor>
            <dependent idx="30">Company</dependent>
          </dep>
          <dep type="nsubj">
            <governor idx="32">expected</governor>
            <dependent idx="31">ABC</dependent>
          </dep>
          <dep type="acl:relcl">
            <governor idx="30">Company</governor>
            <dependent idx="32">expected</dependent>
          </dep>
          <dep type="mark">
            <governor idx="34">lay</governor>
            <dependent idx="33">to</dependent>
          </dep>
          <dep type="xcomp">
            <governor idx="32">expected</governor>
            <dependent idx="34">lay</dependent>
          </dep>
          <dep type="compound:prt">
            <governor idx="34">lay</governor>
            <dependent idx="35">off</dependent>
          </dep>
          <dep type="nummod">
            <governor idx="37">employees</governor>
            <dependent idx="36">400</dependent>
          </dep>
          <dep type="dobj">
            <governor idx="34">lay</governor>
            <dependent idx="37">employees</dependent>
          </dep>
          <dep type="case">
            <governor idx="37">employees</governor>
            <dependent idx="38">'</dependent>
          </dep>
          <dep type="punct">
            <governor idx="3">registered</governor>
            <dependent idx="39">.</dependent>
          </dep>
        </dependencies>
        <dependencies type="collapsed-dependencies">
          <dep type="root">
            <governor idx="0">ROOT</governor>
            <dependent idx="3">registered</dependent>
          </dep>
          <dep type="nsubj">
            <governor idx="3">registered</governor>
            <dependent idx="1">I</dependent>
          </dep>
          <dep type="aux">
            <governor idx="3">registered</governor>
            <dependent idx="2">have</dependent>
          </dep>
          <dep type="dobj">
            <governor idx="3">registered</governor>
            <dependent idx="4">myself</dependent>
          </dep>
          <dep type="case">
            <governor idx="12">newsletters</governor>
            <dependent idx="5">to</dependent>
          </dep>
          <dep type="nummod">
            <governor idx="12">newsletters</governor>
            <dependent idx="6">three</dependent>
          </dep>
          <dep type="cc">
            <governor idx="6">three</governor>
            <dependent idx="7">or</dependent>
          </dep>
          <dep type="conj:or">
            <governor idx="6">three</governor>
            <dependent idx="8">four</dependent>
          </dep>
          <dep type="amod">
            <governor idx="12">newsletters</governor>
            <dependent idx="9">different</dependent>
          </dep>
          <dep type="amod">
            <governor idx="12">newsletters</governor>
            <dependent idx="10">online</dependent>
          </dep>
          <dep type="compound">
            <governor idx="12">newsletters</governor>
            <dependent idx="11">HR</dependent>
          </dep>
          <dep type="nmod:to">
            <governor idx="3">registered</governor>
            <dependent idx="12">newsletters</dependent>
          </dep>
          <dep type="cc">
            <governor idx="3">registered</governor>
            <dependent idx="13">and</dependent>
          </dep>
          <dep type="neg">
            <governor idx="15">have</governor>
            <dependent idx="14">never</dependent>
          </dep>
          <dep type="conj:and">
            <governor idx="3">registered</governor>
            <dependent idx="15">have</dependent>
          </dep>
          <dep type="dobj">
            <governor idx="15">have</governor>
            <dependent idx="16">I</dependent>
          </dep>
          <dep type="dep">
            <governor idx="3">registered</governor>
            <dependent idx="17">read</dependent>
          </dep>
          <dep type="det">
            <governor idx="19">article</governor>
            <dependent idx="18">an</dependent>
          </dep>
          <dep type="dobj">
            <governor idx="17">read</governor>
            <dependent idx="19">article</dependent>
          </dep>
          <dep type="case">
            <governor idx="22">restructuring</governor>
            <dependent idx="20">on</dependent>
          </dep>
          <dep type="amod">
            <governor idx="22">restructuring</governor>
            <dependent idx="21">responsible</dependent>
          </dep>
          <dep type="nmod:on">
            <governor idx="17">read</governor>
            <dependent idx="22">restructuring</dependent>
          </dep>
          <dep type="punct">
            <governor idx="3">registered</governor>
            <dependent idx="23">;</dependent>
          </dep>
          <dep type="nsubj">
            <governor idx="30">Company</governor>
            <dependent idx="24">it</dependent>
          </dep>
          <dep type="aux">
            <governor idx="30">Company</governor>
            <dependent idx="25">has</dependent>
          </dep>
          <dep type="advmod">
            <governor idx="30">Company</governor>
            <dependent idx="26">always</dependent>
          </dep>
          <dep type="cop">
            <governor idx="30">Company</governor>
            <dependent idx="27">been</dependent>
          </dep>
          <dep type="case">
            <governor idx="30">Company</governor>
            <dependent idx="28">about</dependent>
          </dep>
          <dep type="punct">
            <governor idx="30">Company</governor>
            <dependent idx="29">`</dependent>
          </dep>
          <dep type="parataxis">
            <governor idx="3">registered</governor>
            <dependent idx="30">Company</dependent>
          </dep>
          <dep type="nsubj">
            <governor idx="32">expected</governor>
            <dependent idx="31">ABC</dependent>
          </dep>
          <dep type="acl:relcl">
            <governor idx="30">Company</governor>
            <dependent idx="32">expected</dependent>
          </dep>
          <dep type="mark">
            <governor idx="34">lay</governor>
            <dependent idx="33">to</dependent>
          </dep>
          <dep type="xcomp">
            <governor idx="32">expected</governor>
            <dependent idx="34">lay</dependent>
          </dep>
          <dep type="compound:prt">
            <governor idx="34">lay</governor>
            <dependent idx="35">off</dependent>
          </dep>
          <dep type="nummod">
            <governor idx="37">employees</governor>
            <dependent idx="36">400</dependent>
          </dep>
          <dep type="dobj">
            <governor idx="34">lay</governor>
            <dependent idx="37">employees</dependent>
          </dep>
          <dep type="case">
            <governor idx="37">employees</governor>
            <dependent idx="38">'</dependent>
          </dep>
          <dep type="punct">
            <governor idx="3">registered</governor>
            <dependent idx="39">.</dependent>
          </dep>
        </dependencies>
        <dependencies type="collapsed-ccprocessed-dependencies">
          <dep type="root">
            <governor idx="0">ROOT</governor>
            <dependent idx="3">registered</dependent>
          </dep>
          <dep type="nsubj">
            <governor idx="3">registered</governor>
            <dependent idx="1">I</dependent>
          </dep>
          <dep type="nsubj" extra="true">
            <governor idx="15">have</governor>
            <dependent idx="1">I</dependent>
          </dep>
          <dep type="aux">
            <governor idx="3">registered</governor>
            <dependent idx="2">have</dependent>
          </dep>
          <dep type="dobj">
            <governor idx="3">registered</governor>
            <dependent idx="4">myself</dependent>
          </dep>
          <dep type="case">
            <governor idx="12">newsletters</governor>
            <dependent idx="5">to</dependent>
          </dep>
          <dep type="nummod">
            <governor idx="12">newsletters</governor>
            <dependent idx="6">three</dependent>
          </dep>
          <dep type="cc">
            <governor idx="6">three</governor>
            <dependent idx="7">or</dependent>
          </dep>
          <dep type="conj:or">
            <governor idx="6">three</governor>
            <dependent idx="8">four</dependent>
          </dep>
          <dep type="nummod" extra="true">
            <governor idx="12">newsletters</governor>
            <dependent idx="8">four</dependent>
          </dep>
          <dep type="amod">
            <governor idx="12">newsletters</governor>
            <dependent idx="9">different</dependent>
          </dep>
          <dep type="amod">
            <governor idx="12">newsletters</governor>
            <dependent idx="10">online</dependent>
          </dep>
          <dep type="compound">
            <governor idx="12">newsletters</governor>
            <dependent idx="11">HR</dependent>
          </dep>
          <dep type="nmod:to">
            <governor idx="3">registered</governor>
            <dependent idx="12">newsletters</dependent>
          </dep>
          <dep type="cc">
            <governor idx="3">registered</governor>
            <dependent idx="13">and</dependent>
          </dep>
          <dep type="neg">
            <governor idx="15">have</governor>
            <dependent idx="14">never</dependent>
          </dep>
          <dep type="conj:and">
            <governor idx="3">registered</governor>
            <dependent idx="15">have</dependent>
          </dep>
          <dep type="dobj">
            <governor idx="15">have</governor>
            <dependent idx="16">I</dependent>
          </dep>
          <dep type="dep">
            <governor idx="3">registered</governor>
            <dependent idx="17">read</dependent>
          </dep>
          <dep type="det">
            <governor idx="19">article</governor>
            <dependent idx="18">an</dependent>
          </dep>
          <dep type="dobj">
            <governor idx="17">read</governor>
            <dependent idx="19">article</dependent>
          </dep>
          <dep type="case">
            <governor idx="22">restructuring</governor>
            <dependent idx="20">on</dependent>
          </dep>
          <dep type="amod">
            <governor idx="22">restructuring</governor>
            <dependent idx="21">responsible</dependent>
          </dep>
          <dep type="nmod:on">
            <governor idx="17">read</governor>
            <dependent idx="22">restructuring</dependent>
          </dep>
          <dep type="punct">
            <governor idx="3">registered</governor>
            <dependent idx="23">;</dependent>
          </dep>
          <dep type="nsubj">
            <governor idx="30">Company</governor>
            <dependent idx="24">it</dependent>
          </dep>
          <dep type="aux">
            <governor idx="30">Company</governor>
            <dependent idx="25">has</dependent>
          </dep>
          <dep type="advmod">
            <governor idx="30">Company</governor>
            <dependent idx="26">always</dependent>
          </dep>
          <dep type="cop">
            <governor idx="30">Company</governor>
            <dependent idx="27">been</dependent>
          </dep>
          <dep type="case">
            <governor idx="30">Company</governor>
            <dependent idx="28">about</dependent>
          </dep>
          <dep type="punct">
            <governor idx="30">Company</governor>
            <dependent idx="29">`</dependent>
          </dep>
          <dep type="parataxis">
            <governor idx="3">registered</governor>
            <dependent idx="30">Company</dependent>
          </dep>
          <dep type="nsubj">
            <governor idx="32">expected</governor>
            <dependent idx="31">ABC</dependent>
          </dep>
          <dep type="acl:relcl">
            <governor idx="30">Company</governor>
            <dependent idx="32">expected</dependent>
          </dep>
          <dep type="mark">
            <governor idx="34">lay</governor>
            <dependent idx="33">to</dependent>
          </dep>
          <dep type="xcomp">
            <governor idx="32">expected</governor>
            <dependent idx="34">lay</dependent>
          </dep>
          <dep type="compound:prt">
            <governor idx="34">lay</governor>
            <dependent idx="35">off</dependent>
          </dep>
          <dep type="nummod">
            <governor idx="37">employees</governor>
            <dependent idx="36">400</dependent>
          </dep>
          <dep type="dobj">
            <governor idx="34">lay</governor>
            <dependent idx="37">employees</dependent>
          </dep>
          <dep type="case">
            <governor idx="37">employees</governor>
            <dependent idx="38">'</dependent>
          </dep>
          <dep type="punct">
            <governor idx="3">registered</governor>
            <dependent idx="39">.</dependent>
          </dep>
        </dependencies>
      </sentence>
      <sentence id="97">
        <tokens>
          <token id="1">
            <word>During</word>
            <lemma>during</lemma>
            <CharacterOffsetBegin>9747</CharacterOffsetBegin>
            <CharacterOffsetEnd>9753</CharacterOffsetEnd>
            <POS>IN</POS>
            <NER>O</NER>
            <Speaker>PER0</Speaker>
          </token>
          <token id="2">
            <word>our</word>
            <lemma>we</lemma>
            <CharacterOffsetBegin>9754</CharacterOffsetBegin>
            <CharacterOffsetEnd>9757</CharacterOffsetEnd>
            <POS>PRP$</POS>
            <NER>O</NER>
            <Speaker>PER0</Speaker>
          </token>
          <token id="3">
            <word>tutorial</word>
            <lemma>tutorial</lemma>
            <CharacterOffsetBegin>9758</CharacterOffsetBegin>
            <CharacterOffsetEnd>9766</CharacterOffsetEnd>
            <POS>NN</POS>
            <NER>O</NER>
            <Speaker>PER0</Speaker>
          </token>
          <token id="4">
            <word>we</word>
            <lemma>we</lemma>
            <CharacterOffsetBegin>9767</CharacterOffsetBegin>
            <CharacterOffsetEnd>9769</CharacterOffsetEnd>
            <POS>PRP</POS>
            <NER>O</NER>
            <Speaker>PER0</Speaker>
          </token>
          <token id="5">
            <word>conducted</word>
            <lemma>conduct</lemma>
            <CharacterOffsetBegin>9770</CharacterOffsetBegin>
            <CharacterOffsetEnd>9779</CharacterOffsetEnd>
            <POS>VBD</POS>
            <NER>O</NER>
            <Speaker>PER0</Speaker>
          </token>
          <token id="6">
            <word>a</word>
            <lemma>a</lemma>
            <CharacterOffsetBegin>9780</CharacterOffsetBegin>
            <CharacterOffsetEnd>9781</CharacterOffsetEnd>
            <POS>DT</POS>
            <NER>O</NER>
            <Speaker>PER0</Speaker>
          </token>
          <token id="7">
            <word>role</word>
            <lemma>role</lemma>
            <CharacterOffsetBegin>9782</CharacterOffsetBegin>
            <CharacterOffsetEnd>9786</CharacterOffsetEnd>
            <POS>NN</POS>
            <NER>O</NER>
            <Speaker>PER0</Speaker>
          </token>
          <token id="8">
            <word>play</word>
            <lemma>play</lemma>
            <CharacterOffsetBegin>9787</CharacterOffsetBegin>
            <CharacterOffsetEnd>9791</CharacterOffsetEnd>
            <POS>NN</POS>
            <NER>O</NER>
            <Speaker>PER0</Speaker>
          </token>
          <token id="9">
            <word>exercise</word>
            <lemma>exercise</lemma>
            <CharacterOffsetBegin>9792</CharacterOffsetBegin>
            <CharacterOffsetEnd>9800</CharacterOffsetEnd>
            <POS>NN</POS>
            <NER>O</NER>
            <Speaker>PER0</Speaker>
          </token>
          <token id="10">
            <word>.</word>
            <lemma>.</lemma>
            <CharacterOffsetBegin>9800</CharacterOffsetBegin>
            <CharacterOffsetEnd>9801</CharacterOffsetEnd>
            <POS>.</POS>
            <NER>O</NER>
            <Speaker>PER0</Speaker>
          </token>
        </tokens>
        <parse>(ROOT (S (PP (IN During) (NP (PRP$ our) (NN tutorial))) (NP (PRP we)) (VP (VBD conducted) (NP (DT a) (NN role) (NN play) (NN exercise))) (. .))) </parse>
        <dependencies type="basic-dependencies">
          <dep type="root">
            <governor idx="0">ROOT</governor>
            <dependent idx="5">conducted</dependent>
          </dep>
          <dep type="case">
            <governor idx="3">tutorial</governor>
            <dependent idx="1">During</dependent>
          </dep>
          <dep type="nmod:poss">
            <governor idx="3">tutorial</governor>
            <dependent idx="2">our</dependent>
          </dep>
          <dep type="nmod">
            <governor idx="5">conducted</governor>
            <dependent idx="3">tutorial</dependent>
          </dep>
          <dep type="nsubj">
            <governor idx="5">conducted</governor>
            <dependent idx="4">we</dependent>
          </dep>
          <dep type="det">
            <governor idx="9">exercise</governor>
            <dependent idx="6">a</dependent>
          </dep>
          <dep type="compound">
            <governor idx="9">exercise</governor>
            <dependent idx="7">role</dependent>
          </dep>
          <dep type="compound">
            <governor idx="9">exercise</governor>
            <dependent idx="8">play</dependent>
          </dep>
          <dep type="dobj">
            <governor idx="5">conducted</governor>
            <dependent idx="9">exercise</dependent>
          </dep>
          <dep type="punct">
            <governor idx="5">conducted</governor>
            <dependent idx="10">.</dependent>
          </dep>
        </dependencies>
        <dependencies type="collapsed-dependencies">
          <dep type="root">
            <governor idx="0">ROOT</governor>
            <dependent idx="5">conducted</dependent>
          </dep>
          <dep type="case">
            <governor idx="3">tutorial</governor>
            <dependent idx="1">During</dependent>
          </dep>
          <dep type="nmod:poss">
            <governor idx="3">tutorial</governor>
            <dependent idx="2">our</dependent>
          </dep>
          <dep type="nmod:during">
            <governor idx="5">conducted</governor>
            <dependent idx="3">tutorial</dependent>
          </dep>
          <dep type="nsubj">
            <governor idx="5">conducted</governor>
            <dependent idx="4">we</dependent>
          </dep>
          <dep type="det">
            <governor idx="9">exercise</governor>
            <dependent idx="6">a</dependent>
          </dep>
          <dep type="compound">
            <governor idx="9">exercise</governor>
            <dependent idx="7">role</dependent>
          </dep>
          <dep type="compound">
            <governor idx="9">exercise</governor>
            <dependent idx="8">play</dependent>
          </dep>
          <dep type="dobj">
            <governor idx="5">conducted</governor>
            <dependent idx="9">exercise</dependent>
          </dep>
          <dep type="punct">
            <governor idx="5">conducted</governor>
            <dependent idx="10">.</dependent>
          </dep>
        </dependencies>
        <dependencies type="collapsed-ccprocessed-dependencies">
          <dep type="root">
            <governor idx="0">ROOT</governor>
            <dependent idx="5">conducted</dependent>
          </dep>
          <dep type="case">
            <governor idx="3">tutorial</governor>
            <dependent idx="1">During</dependent>
          </dep>
          <dep type="nmod:poss">
            <governor idx="3">tutorial</governor>
            <dependent idx="2">our</dependent>
          </dep>
          <dep type="nmod:during">
            <governor idx="5">conducted</governor>
            <dependent idx="3">tutorial</dependent>
          </dep>
          <dep type="nsubj">
            <governor idx="5">conducted</governor>
            <dependent idx="4">we</dependent>
          </dep>
          <dep type="det">
            <governor idx="9">exercise</governor>
            <dependent idx="6">a</dependent>
          </dep>
          <dep type="compound">
            <governor idx="9">exercise</governor>
            <dependent idx="7">role</dependent>
          </dep>
          <dep type="compound">
            <governor idx="9">exercise</governor>
            <dependent idx="8">play</dependent>
          </dep>
          <dep type="dobj">
            <governor idx="5">conducted</governor>
            <dependent idx="9">exercise</dependent>
          </dep>
          <dep type="punct">
            <governor idx="5">conducted</governor>
            <dependent idx="10">.</dependent>
          </dep>
        </dependencies>
      </sentence>
      <sentence id="98">
        <tokens>
          <token id="1">
            <word>This</word>
            <lemma>this</lemma>
            <CharacterOffsetBegin>9802</CharacterOffsetBegin>
            <CharacterOffsetEnd>9806</CharacterOffsetEnd>
            <POS>DT</POS>
            <NER>O</NER>
            <Speaker>PER0</Speaker>
          </token>
          <token id="2">
            <word>exercise</word>
            <lemma>exercise</lemma>
            <CharacterOffsetBegin>9807</CharacterOffsetBegin>
            <CharacterOffsetEnd>9815</CharacterOffsetEnd>
            <POS>NN</POS>
            <NER>O</NER>
            <Speaker>PER0</Speaker>
          </token>
          <token id="3">
            <word>was</word>
            <lemma>be</lemma>
            <CharacterOffsetBegin>9816</CharacterOffsetBegin>
            <CharacterOffsetEnd>9819</CharacterOffsetEnd>
            <POS>VBD</POS>
            <NER>O</NER>
            <Speaker>PER0</Speaker>
          </token>
          <token id="4">
            <word>to</word>
            <lemma>to</lemma>
            <CharacterOffsetBegin>9820</CharacterOffsetBegin>
            <CharacterOffsetEnd>9822</CharacterOffsetEnd>
            <POS>TO</POS>
            <NER>O</NER>
            <Speaker>PER0</Speaker>
          </token>
          <token id="5">
            <word>role</word>
            <lemma>role</lemma>
            <CharacterOffsetBegin>9823</CharacterOffsetBegin>
            <CharacterOffsetEnd>9827</CharacterOffsetEnd>
            <POS>NN</POS>
            <NER>O</NER>
            <Speaker>PER0</Speaker>
          </token>
          <token id="6">
            <word>play</word>
            <lemma>play</lemma>
            <CharacterOffsetBegin>9828</CharacterOffsetBegin>
            <CharacterOffsetEnd>9832</CharacterOffsetEnd>
            <POS>NN</POS>
            <NER>O</NER>
            <Speaker>PER0</Speaker>
          </token>
          <token id="7">
            <word>Bill</word>
            <lemma>Bill</lemma>
            <CharacterOffsetBegin>9833</CharacterOffsetBegin>
            <CharacterOffsetEnd>9837</CharacterOffsetEnd>
            <POS>NNP</POS>
            <NER>PERSON</NER>
            <Speaker>PER0</Speaker>
          </token>
          <token id="8">
            <word>Quinn</word>
            <lemma>Quinn</lemma>
            <CharacterOffsetBegin>9838</CharacterOffsetBegin>
            <CharacterOffsetEnd>9843</CharacterOffsetEnd>
            <POS>NNP</POS>
            <NER>PERSON</NER>
            <Speaker>PER0</Speaker>
          </token>
          <token id="9">
            <word>-LRB-</word>
            <lemma>-lrb-</lemma>
            <CharacterOffsetBegin>9844</CharacterOffsetBegin>
            <CharacterOffsetEnd>9845</CharacterOffsetEnd>
            <POS>-LRB-</POS>
            <NER>O</NER>
            <Speaker>PER0</Speaker>
          </token>
          <token id="10">
            <word>Managing</word>
            <lemma>manage</lemma>
            <CharacterOffsetBegin>9845</CharacterOffsetBegin>
            <CharacterOffsetEnd>9853</CharacterOffsetEnd>
            <POS>VBG</POS>
            <NER>O</NER>
            <Speaker>PER0</Speaker>
          </token>
          <token id="11">
            <word>Director</word>
            <lemma>director</lemma>
            <CharacterOffsetBegin>9854</CharacterOffsetBegin>
            <CharacterOffsetEnd>9862</CharacterOffsetEnd>
            <POS>NN</POS>
            <NER>O</NER>
            <Speaker>PER0</Speaker>
          </token>
          <token id="12">
            <word>for</word>
            <lemma>for</lemma>
            <CharacterOffsetBegin>9863</CharacterOffsetBegin>
            <CharacterOffsetEnd>9866</CharacterOffsetEnd>
            <POS>IN</POS>
            <NER>O</NER>
            <Speaker>PER0</Speaker>
          </token>
          <token id="13">
            <word>King</word>
            <lemma>King</lemma>
            <CharacterOffsetBegin>9867</CharacterOffsetBegin>
            <CharacterOffsetEnd>9871</CharacterOffsetEnd>
            <POS>NNP</POS>
            <NER>O</NER>
            <Speaker>PER0</Speaker>
          </token>
          <token id="14">
            <word>Gee</word>
            <lemma>Gee</lemma>
            <CharacterOffsetBegin>9872</CharacterOffsetBegin>
            <CharacterOffsetEnd>9875</CharacterOffsetEnd>
            <POS>NNP</POS>
            <NER>O</NER>
            <Speaker>PER0</Speaker>
          </token>
          <token id="15">
            <word>-RRB-</word>
            <lemma>-rrb-</lemma>
            <CharacterOffsetBegin>9875</CharacterOffsetBegin>
            <CharacterOffsetEnd>9876</CharacterOffsetEnd>
            <POS>-RRB-</POS>
            <NER>O</NER>
            <Speaker>PER0</Speaker>
          </token>
          <token id="16">
            <word>who</word>
            <lemma>who</lemma>
            <CharacterOffsetBegin>9877</CharacterOffsetBegin>
            <CharacterOffsetEnd>9880</CharacterOffsetEnd>
            <POS>WP</POS>
            <NER>O</NER>
            <Speaker>PER0</Speaker>
          </token>
          <token id="17">
            <word>was</word>
            <lemma>be</lemma>
            <CharacterOffsetBegin>9881</CharacterOffsetBegin>
            <CharacterOffsetEnd>9884</CharacterOffsetEnd>
            <POS>VBD</POS>
            <NER>O</NER>
            <Speaker>PER0</Speaker>
          </token>
          <token id="18">
            <word>assigned</word>
            <lemma>assign</lemma>
            <CharacterOffsetBegin>9885</CharacterOffsetBegin>
            <CharacterOffsetEnd>9893</CharacterOffsetEnd>
            <POS>VBN</POS>
            <NER>O</NER>
            <Speaker>PER0</Speaker>
          </token>
          <token id="19">
            <word>by</word>
            <lemma>by</lemma>
            <CharacterOffsetBegin>9894</CharacterOffsetBegin>
            <CharacterOffsetEnd>9896</CharacterOffsetEnd>
            <POS>IN</POS>
            <NER>O</NER>
            <Speaker>PER0</Speaker>
          </token>
          <token id="20">
            <word>parent</word>
            <lemma>parent</lemma>
            <CharacterOffsetBegin>9897</CharacterOffsetBegin>
            <CharacterOffsetEnd>9903</CharacterOffsetEnd>
            <POS>NN</POS>
            <NER>O</NER>
            <Speaker>PER0</Speaker>
          </token>
          <token id="21">
            <word>company</word>
            <lemma>company</lemma>
            <CharacterOffsetBegin>9904</CharacterOffsetBegin>
            <CharacterOffsetEnd>9911</CharacterOffsetEnd>
            <POS>NN</POS>
            <NER>O</NER>
            <Speaker>PER0</Speaker>
          </token>
          <token id="22">
            <word>Sara</word>
            <lemma>Sara</lemma>
            <CharacterOffsetBegin>9912</CharacterOffsetBegin>
            <CharacterOffsetEnd>9916</CharacterOffsetEnd>
            <POS>NNP</POS>
            <NER>PERSON</NER>
            <Speaker>PER0</Speaker>
          </token>
          <token id="23">
            <word>Lee</word>
            <lemma>Lee</lemma>
            <CharacterOffsetBegin>9917</CharacterOffsetBegin>
            <CharacterOffsetEnd>9920</CharacterOffsetEnd>
            <POS>NNP</POS>
            <NER>PERSON</NER>
            <Speaker>PER0</Speaker>
          </token>
          <token id="24">
            <word>to</word>
            <lemma>to</lemma>
            <CharacterOffsetBegin>9921</CharacterOffsetBegin>
            <CharacterOffsetEnd>9923</CharacterOffsetEnd>
            <POS>TO</POS>
            <NER>O</NER>
            <Speaker>PER0</Speaker>
          </token>
          <token id="25">
            <word>close</word>
            <lemma>close</lemma>
            <CharacterOffsetBegin>9924</CharacterOffsetBegin>
            <CharacterOffsetEnd>9929</CharacterOffsetEnd>
            <POS>VB</POS>
            <NER>O</NER>
            <Speaker>PER0</Speaker>
          </token>
          <token id="26">
            <word>down</word>
            <lemma>down</lemma>
            <CharacterOffsetBegin>9930</CharacterOffsetBegin>
            <CharacterOffsetEnd>9934</CharacterOffsetEnd>
            <POS>RP</POS>
            <NER>O</NER>
            <Speaker>PER0</Speaker>
          </token>
          <token id="27">
            <word>the</word>
            <lemma>the</lemma>
            <CharacterOffsetBegin>9935</CharacterOffsetBegin>
            <CharacterOffsetEnd>9938</CharacterOffsetEnd>
            <POS>DT</POS>
            <NER>O</NER>
            <Speaker>PER0</Speaker>
          </token>
          <token id="28">
            <word>Kempsey</word>
            <lemma>Kempsey</lemma>
            <CharacterOffsetBegin>9939</CharacterOffsetBegin>
            <CharacterOffsetEnd>9946</CharacterOffsetEnd>
            <POS>NNP</POS>
            <NER>LOCATION</NER>
            <Speaker>PER0</Speaker>
          </token>
          <token id="29">
            <word>factory</word>
            <lemma>factory</lemma>
            <CharacterOffsetBegin>9947</CharacterOffsetBegin>
            <CharacterOffsetEnd>9954</CharacterOffsetEnd>
            <POS>NN</POS>
            <NER>O</NER>
            <Speaker>PER0</Speaker>
          </token>
          <token id="30">
            <word>.</word>
            <lemma>.</lemma>
            <CharacterOffsetBegin>9954</CharacterOffsetBegin>
            <CharacterOffsetEnd>9955</CharacterOffsetEnd>
            <POS>.</POS>
            <NER>O</NER>
            <Speaker>PER0</Speaker>
          </token>
        </tokens>
        <parse>(ROOT (S (NP (DT This) (NN exercise)) (VP (VBD was) (PP (TO to) (NP (NP (NN role) (NN play) (NNP Bill) (NNP Quinn)) (PRN (-LRB- -LRB-) (NP (NP (VBG Managing) (NN Director)) (PP (IN for) (NP (NNP King) (NNP Gee)))) (-RRB- -RRB-)) (SBAR (WHNP (WP who)) (S (VP (VBD was) (VP (VBN assigned) (PP (IN by) (NP (NN parent) (NN company) (NNP Sara) (NNP Lee))) (S (VP (TO to) (VP (VB close) (PRT (RP down)) (NP (DT the) (NNP Kempsey) (NN factory)))))))))))) (. .))) </parse>
        <dependencies type="basic-dependencies">
          <dep type="root">
            <governor idx="0">ROOT</governor>
            <dependent idx="8">Quinn</dependent>
          </dep>
          <dep type="det">
            <governor idx="2">exercise</governor>
            <dependent idx="1">This</dependent>
          </dep>
          <dep type="nsubj">
            <governor idx="8">Quinn</governor>
            <dependent idx="2">exercise</dependent>
          </dep>
          <dep type="cop">
            <governor idx="8">Quinn</governor>
            <dependent idx="3">was</dependent>
          </dep>
          <dep type="case">
            <governor idx="8">Quinn</governor>
            <dependent idx="4">to</dependent>
          </dep>
          <dep type="compound">
            <governor idx="8">Quinn</governor>
            <dependent idx="5">role</dependent>
          </dep>
          <dep type="compound">
            <governor idx="8">Quinn</governor>
            <dependent idx="6">play</dependent>
          </dep>
          <dep type="compound">
            <governor idx="8">Quinn</governor>
            <dependent idx="7">Bill</dependent>
          </dep>
          <dep type="punct">
            <governor idx="11">Director</governor>
            <dependent idx="9">-LRB-</dependent>
          </dep>
          <dep type="amod">
            <governor idx="11">Director</governor>
            <dependent idx="10">Managing</dependent>
          </dep>
          <dep type="dep">
            <governor idx="8">Quinn</governor>
            <dependent idx="11">Director</dependent>
          </dep>
          <dep type="case">
            <governor idx="14">Gee</governor>
            <dependent idx="12">for</dependent>
          </dep>
          <dep type="compound">
            <governor idx="14">Gee</governor>
            <dependent idx="13">King</dependent>
          </dep>
          <dep type="nmod">
            <governor idx="11">Director</governor>
            <dependent idx="14">Gee</dependent>
          </dep>
          <dep type="punct">
            <governor idx="11">Director</governor>
            <dependent idx="15">-RRB-</dependent>
          </dep>
          <dep type="nsubjpass">
            <governor idx="18">assigned</governor>
            <dependent idx="16">who</dependent>
          </dep>
          <dep type="auxpass">
            <governor idx="18">assigned</governor>
            <dependent idx="17">was</dependent>
          </dep>
          <dep type="acl:relcl">
            <governor idx="8">Quinn</governor>
            <dependent idx="18">assigned</dependent>
          </dep>
          <dep type="case">
            <governor idx="23">Lee</governor>
            <dependent idx="19">by</dependent>
          </dep>
          <dep type="compound">
            <governor idx="23">Lee</governor>
            <dependent idx="20">parent</dependent>
          </dep>
          <dep type="compound">
            <governor idx="23">Lee</governor>
            <dependent idx="21">company</dependent>
          </dep>
          <dep type="compound">
            <governor idx="23">Lee</governor>
            <dependent idx="22">Sara</dependent>
          </dep>
          <dep type="nmod">
            <governor idx="18">assigned</governor>
            <dependent idx="23">Lee</dependent>
          </dep>
          <dep type="mark">
            <governor idx="25">close</governor>
            <dependent idx="24">to</dependent>
          </dep>
          <dep type="xcomp">
            <governor idx="18">assigned</governor>
            <dependent idx="25">close</dependent>
          </dep>
          <dep type="compound:prt">
            <governor idx="25">close</governor>
            <dependent idx="26">down</dependent>
          </dep>
          <dep type="det">
            <governor idx="29">factory</governor>
            <dependent idx="27">the</dependent>
          </dep>
          <dep type="compound">
            <governor idx="29">factory</governor>
            <dependent idx="28">Kempsey</dependent>
          </dep>
          <dep type="dobj">
            <governor idx="25">close</governor>
            <dependent idx="29">factory</dependent>
          </dep>
          <dep type="punct">
            <governor idx="8">Quinn</governor>
            <dependent idx="30">.</dependent>
          </dep>
        </dependencies>
        <dependencies type="collapsed-dependencies">
          <dep type="root">
            <governor idx="0">ROOT</governor>
            <dependent idx="8">Quinn</dependent>
          </dep>
          <dep type="det">
            <governor idx="2">exercise</governor>
            <dependent idx="1">This</dependent>
          </dep>
          <dep type="nsubj">
            <governor idx="8">Quinn</governor>
            <dependent idx="2">exercise</dependent>
          </dep>
          <dep type="cop">
            <governor idx="8">Quinn</governor>
            <dependent idx="3">was</dependent>
          </dep>
          <dep type="case">
            <governor idx="8">Quinn</governor>
            <dependent idx="4">to</dependent>
          </dep>
          <dep type="compound">
            <governor idx="8">Quinn</governor>
            <dependent idx="5">role</dependent>
          </dep>
          <dep type="compound">
            <governor idx="8">Quinn</governor>
            <dependent idx="6">play</dependent>
          </dep>
          <dep type="compound">
            <governor idx="8">Quinn</governor>
            <dependent idx="7">Bill</dependent>
          </dep>
          <dep type="punct">
            <governor idx="11">Director</governor>
            <dependent idx="9">-LRB-</dependent>
          </dep>
          <dep type="amod">
            <governor idx="11">Director</governor>
            <dependent idx="10">Managing</dependent>
          </dep>
          <dep type="dep">
            <governor idx="8">Quinn</governor>
            <dependent idx="11">Director</dependent>
          </dep>
          <dep type="case">
            <governor idx="14">Gee</governor>
            <dependent idx="12">for</dependent>
          </dep>
          <dep type="compound">
            <governor idx="14">Gee</governor>
            <dependent idx="13">King</dependent>
          </dep>
          <dep type="nmod:for">
            <governor idx="11">Director</governor>
            <dependent idx="14">Gee</dependent>
          </dep>
          <dep type="punct">
            <governor idx="11">Director</governor>
            <dependent idx="15">-RRB-</dependent>
          </dep>
          <dep type="nsubjpass">
            <governor idx="18">assigned</governor>
            <dependent idx="16">who</dependent>
          </dep>
          <dep type="auxpass">
            <governor idx="18">assigned</governor>
            <dependent idx="17">was</dependent>
          </dep>
          <dep type="acl:relcl">
            <governor idx="8">Quinn</governor>
            <dependent idx="18">assigned</dependent>
          </dep>
          <dep type="case">
            <governor idx="23">Lee</governor>
            <dependent idx="19">by</dependent>
          </dep>
          <dep type="compound">
            <governor idx="23">Lee</governor>
            <dependent idx="20">parent</dependent>
          </dep>
          <dep type="compound">
            <governor idx="23">Lee</governor>
            <dependent idx="21">company</dependent>
          </dep>
          <dep type="compound">
            <governor idx="23">Lee</governor>
            <dependent idx="22">Sara</dependent>
          </dep>
          <dep type="nmod:agent">
            <governor idx="18">assigned</governor>
            <dependent idx="23">Lee</dependent>
          </dep>
          <dep type="mark">
            <governor idx="25">close</governor>
            <dependent idx="24">to</dependent>
          </dep>
          <dep type="xcomp">
            <governor idx="18">assigned</governor>
            <dependent idx="25">close</dependent>
          </dep>
          <dep type="compound:prt">
            <governor idx="25">close</governor>
            <dependent idx="26">down</dependent>
          </dep>
          <dep type="det">
            <governor idx="29">factory</governor>
            <dependent idx="27">the</dependent>
          </dep>
          <dep type="compound">
            <governor idx="29">factory</governor>
            <dependent idx="28">Kempsey</dependent>
          </dep>
          <dep type="dobj">
            <governor idx="25">close</governor>
            <dependent idx="29">factory</dependent>
          </dep>
          <dep type="punct">
            <governor idx="8">Quinn</governor>
            <dependent idx="30">.</dependent>
          </dep>
        </dependencies>
        <dependencies type="collapsed-ccprocessed-dependencies">
          <dep type="root">
            <governor idx="0">ROOT</governor>
            <dependent idx="8">Quinn</dependent>
          </dep>
          <dep type="det">
            <governor idx="2">exercise</governor>
            <dependent idx="1">This</dependent>
          </dep>
          <dep type="nsubj">
            <governor idx="8">Quinn</governor>
            <dependent idx="2">exercise</dependent>
          </dep>
          <dep type="cop">
            <governor idx="8">Quinn</governor>
            <dependent idx="3">was</dependent>
          </dep>
          <dep type="case">
            <governor idx="8">Quinn</governor>
            <dependent idx="4">to</dependent>
          </dep>
          <dep type="compound">
            <governor idx="8">Quinn</governor>
            <dependent idx="5">role</dependent>
          </dep>
          <dep type="compound">
            <governor idx="8">Quinn</governor>
            <dependent idx="6">play</dependent>
          </dep>
          <dep type="compound">
            <governor idx="8">Quinn</governor>
            <dependent idx="7">Bill</dependent>
          </dep>
          <dep type="punct">
            <governor idx="11">Director</governor>
            <dependent idx="9">-LRB-</dependent>
          </dep>
          <dep type="amod">
            <governor idx="11">Director</governor>
            <dependent idx="10">Managing</dependent>
          </dep>
          <dep type="dep">
            <governor idx="8">Quinn</governor>
            <dependent idx="11">Director</dependent>
          </dep>
          <dep type="case">
            <governor idx="14">Gee</governor>
            <dependent idx="12">for</dependent>
          </dep>
          <dep type="compound">
            <governor idx="14">Gee</governor>
            <dependent idx="13">King</dependent>
          </dep>
          <dep type="nmod:for">
            <governor idx="11">Director</governor>
            <dependent idx="14">Gee</dependent>
          </dep>
          <dep type="punct">
            <governor idx="11">Director</governor>
            <dependent idx="15">-RRB-</dependent>
          </dep>
          <dep type="nsubjpass">
            <governor idx="18">assigned</governor>
            <dependent idx="16">who</dependent>
          </dep>
          <dep type="auxpass">
            <governor idx="18">assigned</governor>
            <dependent idx="17">was</dependent>
          </dep>
          <dep type="acl:relcl">
            <governor idx="8">Quinn</governor>
            <dependent idx="18">assigned</dependent>
          </dep>
          <dep type="case">
            <governor idx="23">Lee</governor>
            <dependent idx="19">by</dependent>
          </dep>
          <dep type="compound">
            <governor idx="23">Lee</governor>
            <dependent idx="20">parent</dependent>
          </dep>
          <dep type="compound">
            <governor idx="23">Lee</governor>
            <dependent idx="21">company</dependent>
          </dep>
          <dep type="compound">
            <governor idx="23">Lee</governor>
            <dependent idx="22">Sara</dependent>
          </dep>
          <dep type="nmod:agent">
            <governor idx="18">assigned</governor>
            <dependent idx="23">Lee</dependent>
          </dep>
          <dep type="mark">
            <governor idx="25">close</governor>
            <dependent idx="24">to</dependent>
          </dep>
          <dep type="xcomp">
            <governor idx="18">assigned</governor>
            <dependent idx="25">close</dependent>
          </dep>
          <dep type="compound:prt">
            <governor idx="25">close</governor>
            <dependent idx="26">down</dependent>
          </dep>
          <dep type="det">
            <governor idx="29">factory</governor>
            <dependent idx="27">the</dependent>
          </dep>
          <dep type="compound">
            <governor idx="29">factory</governor>
            <dependent idx="28">Kempsey</dependent>
          </dep>
          <dep type="dobj">
            <governor idx="25">close</governor>
            <dependent idx="29">factory</dependent>
          </dep>
          <dep type="punct">
            <governor idx="8">Quinn</governor>
            <dependent idx="30">.</dependent>
          </dep>
        </dependencies>
      </sentence>
      <sentence id="99">
        <tokens>
          <token id="1">
            <word>This</word>
            <lemma>this</lemma>
            <CharacterOffsetBegin>9956</CharacterOffsetBegin>
            <CharacterOffsetEnd>9960</CharacterOffsetEnd>
            <POS>DT</POS>
            <NER>O</NER>
            <Speaker>PER0</Speaker>
          </token>
          <token id="2">
            <word>resulted</word>
            <lemma>result</lemma>
            <CharacterOffsetBegin>9961</CharacterOffsetBegin>
            <CharacterOffsetEnd>9969</CharacterOffsetEnd>
            <POS>VBD</POS>
            <NER>O</NER>
            <Speaker>PER0</Speaker>
          </token>
          <token id="3">
            <word>in</word>
            <lemma>in</lemma>
            <CharacterOffsetBegin>9970</CharacterOffsetBegin>
            <CharacterOffsetEnd>9972</CharacterOffsetEnd>
            <POS>IN</POS>
            <NER>O</NER>
            <Speaker>PER0</Speaker>
          </token>
          <token id="4">
            <word>impacting</word>
            <lemma>impact</lemma>
            <CharacterOffsetBegin>9973</CharacterOffsetBegin>
            <CharacterOffsetEnd>9982</CharacterOffsetEnd>
            <POS>VBG</POS>
            <NER>O</NER>
            <Speaker>PER0</Speaker>
          </token>
          <token id="5">
            <word>the</word>
            <lemma>the</lemma>
            <CharacterOffsetBegin>9983</CharacterOffsetBegin>
            <CharacterOffsetEnd>9986</CharacterOffsetEnd>
            <POS>DT</POS>
            <NER>O</NER>
            <Speaker>PER0</Speaker>
          </token>
          <token id="6">
            <word>Kempsey</word>
            <lemma>Kempsey</lemma>
            <CharacterOffsetBegin>9987</CharacterOffsetBegin>
            <CharacterOffsetEnd>9994</CharacterOffsetEnd>
            <POS>NNP</POS>
            <NER>LOCATION</NER>
            <Speaker>PER0</Speaker>
          </token>
          <token id="7">
            <word>community</word>
            <lemma>community</lemma>
            <CharacterOffsetBegin>9995</CharacterOffsetBegin>
            <CharacterOffsetEnd>10004</CharacterOffsetEnd>
            <POS>NN</POS>
            <NER>O</NER>
            <Speaker>PER0</Speaker>
          </token>
          <token id="8">
            <word>and</word>
            <lemma>and</lemma>
            <CharacterOffsetBegin>10005</CharacterOffsetBegin>
            <CharacterOffsetEnd>10008</CharacterOffsetEnd>
            <POS>CC</POS>
            <NER>O</NER>
            <Speaker>PER0</Speaker>
          </token>
          <token id="9">
            <word>employees</word>
            <lemma>employee</lemma>
            <CharacterOffsetBegin>10009</CharacterOffsetBegin>
            <CharacterOffsetEnd>10018</CharacterOffsetEnd>
            <POS>NNS</POS>
            <NER>O</NER>
            <Speaker>PER0</Speaker>
          </token>
          <token id="10">
            <word>losing</word>
            <lemma>lose</lemma>
            <CharacterOffsetBegin>10019</CharacterOffsetBegin>
            <CharacterOffsetEnd>10025</CharacterOffsetEnd>
            <POS>VBG</POS>
            <NER>O</NER>
            <Speaker>PER0</Speaker>
          </token>
          <token id="11">
            <word>their</word>
            <lemma>they</lemma>
            <CharacterOffsetBegin>10026</CharacterOffsetBegin>
            <CharacterOffsetEnd>10031</CharacterOffsetEnd>
            <POS>PRP$</POS>
            <NER>O</NER>
            <Speaker>PER0</Speaker>
          </token>
          <token id="12">
            <word>jobs</word>
            <lemma>job</lemma>
            <CharacterOffsetBegin>10032</CharacterOffsetBegin>
            <CharacterOffsetEnd>10036</CharacterOffsetEnd>
            <POS>NNS</POS>
            <NER>O</NER>
            <Speaker>PER0</Speaker>
          </token>
          <token id="13">
            <word>.</word>
            <lemma>.</lemma>
            <CharacterOffsetBegin>10036</CharacterOffsetBegin>
            <CharacterOffsetEnd>10037</CharacterOffsetEnd>
            <POS>.</POS>
            <NER>O</NER>
            <Speaker>PER0</Speaker>
          </token>
        </tokens>
        <parse>(ROOT (S (NP (DT This)) (VP (VBD resulted) (PP (IN in) (S (VP (VBG impacting) (S (NP (DT the) (NNP Kempsey) (NN community) (CC and) (NNS employees)) (VP (VBG losing) (NP (PRP$ their) (NNS jobs)))))))) (. .))) </parse>
        <dependencies type="basic-dependencies">
          <dep type="root">
            <governor idx="0">ROOT</governor>
            <dependent idx="2">resulted</dependent>
          </dep>
          <dep type="nsubj">
            <governor idx="2">resulted</governor>
            <dependent idx="1">This</dependent>
          </dep>
          <dep type="mark">
            <governor idx="4">impacting</governor>
            <dependent idx="3">in</dependent>
          </dep>
          <dep type="advcl">
            <governor idx="2">resulted</governor>
            <dependent idx="4">impacting</dependent>
          </dep>
          <dep type="det">
            <governor idx="7">community</governor>
            <dependent idx="5">the</dependent>
          </dep>
          <dep type="compound">
            <governor idx="7">community</governor>
            <dependent idx="6">Kempsey</dependent>
          </dep>
          <dep type="nsubj">
            <governor idx="10">losing</governor>
            <dependent idx="7">community</dependent>
          </dep>
          <dep type="cc">
            <governor idx="7">community</governor>
            <dependent idx="8">and</dependent>
          </dep>
          <dep type="conj">
            <governor idx="7">community</governor>
            <dependent idx="9">employees</dependent>
          </dep>
          <dep type="advcl">
            <governor idx="4">impacting</governor>
            <dependent idx="10">losing</dependent>
          </dep>
          <dep type="nmod:poss">
            <governor idx="12">jobs</governor>
            <dependent idx="11">their</dependent>
          </dep>
          <dep type="dobj">
            <governor idx="10">losing</governor>
            <dependent idx="12">jobs</dependent>
          </dep>
          <dep type="punct">
            <governor idx="2">resulted</governor>
            <dependent idx="13">.</dependent>
          </dep>
        </dependencies>
        <dependencies type="collapsed-dependencies">
          <dep type="root">
            <governor idx="0">ROOT</governor>
            <dependent idx="2">resulted</dependent>
          </dep>
          <dep type="nsubj">
            <governor idx="2">resulted</governor>
            <dependent idx="1">This</dependent>
          </dep>
          <dep type="mark">
            <governor idx="4">impacting</governor>
            <dependent idx="3">in</dependent>
          </dep>
          <dep type="advcl">
            <governor idx="2">resulted</governor>
            <dependent idx="4">impacting</dependent>
          </dep>
          <dep type="det">
            <governor idx="7">community</governor>
            <dependent idx="5">the</dependent>
          </dep>
          <dep type="compound">
            <governor idx="7">community</governor>
            <dependent idx="6">Kempsey</dependent>
          </dep>
          <dep type="nsubj">
            <governor idx="10">losing</governor>
            <dependent idx="7">community</dependent>
          </dep>
          <dep type="cc">
            <governor idx="7">community</governor>
            <dependent idx="8">and</dependent>
          </dep>
          <dep type="conj:and">
            <governor idx="7">community</governor>
            <dependent idx="9">employees</dependent>
          </dep>
          <dep type="advcl">
            <governor idx="4">impacting</governor>
            <dependent idx="10">losing</dependent>
          </dep>
          <dep type="nmod:poss">
            <governor idx="12">jobs</governor>
            <dependent idx="11">their</dependent>
          </dep>
          <dep type="dobj">
            <governor idx="10">losing</governor>
            <dependent idx="12">jobs</dependent>
          </dep>
          <dep type="punct">
            <governor idx="2">resulted</governor>
            <dependent idx="13">.</dependent>
          </dep>
        </dependencies>
        <dependencies type="collapsed-ccprocessed-dependencies">
          <dep type="root">
            <governor idx="0">ROOT</governor>
            <dependent idx="2">resulted</dependent>
          </dep>
          <dep type="nsubj">
            <governor idx="2">resulted</governor>
            <dependent idx="1">This</dependent>
          </dep>
          <dep type="mark">
            <governor idx="4">impacting</governor>
            <dependent idx="3">in</dependent>
          </dep>
          <dep type="advcl">
            <governor idx="2">resulted</governor>
            <dependent idx="4">impacting</dependent>
          </dep>
          <dep type="det">
            <governor idx="7">community</governor>
            <dependent idx="5">the</dependent>
          </dep>
          <dep type="compound">
            <governor idx="7">community</governor>
            <dependent idx="6">Kempsey</dependent>
          </dep>
          <dep type="nsubj">
            <governor idx="10">losing</governor>
            <dependent idx="7">community</dependent>
          </dep>
          <dep type="cc">
            <governor idx="7">community</governor>
            <dependent idx="8">and</dependent>
          </dep>
          <dep type="conj:and">
            <governor idx="7">community</governor>
            <dependent idx="9">employees</dependent>
          </dep>
          <dep type="nsubj" extra="true">
            <governor idx="10">losing</governor>
            <dependent idx="9">employees</dependent>
          </dep>
          <dep type="advcl">
            <governor idx="4">impacting</governor>
            <dependent idx="10">losing</dependent>
          </dep>
          <dep type="nmod:poss">
            <governor idx="12">jobs</governor>
            <dependent idx="11">their</dependent>
          </dep>
          <dep type="dobj">
            <governor idx="10">losing</governor>
            <dependent idx="12">jobs</dependent>
          </dep>
          <dep type="punct">
            <governor idx="2">resulted</governor>
            <dependent idx="13">.</dependent>
          </dep>
        </dependencies>
      </sentence>
      <sentence id="100">
        <tokens>
          <token id="1">
            <word>I</word>
            <lemma>I</lemma>
            <CharacterOffsetBegin>10038</CharacterOffsetBegin>
            <CharacterOffsetEnd>10039</CharacterOffsetEnd>
            <POS>PRP</POS>
            <NER>O</NER>
            <Speaker>PER0</Speaker>
          </token>
          <token id="2">
            <word>volunteered</word>
            <lemma>volunteer</lemma>
            <CharacterOffsetBegin>10040</CharacterOffsetBegin>
            <CharacterOffsetEnd>10051</CharacterOffsetEnd>
            <POS>VBD</POS>
            <NER>O</NER>
            <Speaker>PER0</Speaker>
          </token>
          <token id="3">
            <word>myself</word>
            <lemma>myself</lemma>
            <CharacterOffsetBegin>10052</CharacterOffsetBegin>
            <CharacterOffsetEnd>10058</CharacterOffsetEnd>
            <POS>PRP</POS>
            <NER>O</NER>
            <Speaker>PER0</Speaker>
          </token>
          <token id="4">
            <word>to</word>
            <lemma>to</lemma>
            <CharacterOffsetBegin>10059</CharacterOffsetBegin>
            <CharacterOffsetEnd>10061</CharacterOffsetEnd>
            <POS>TO</POS>
            <NER>O</NER>
            <Speaker>PER0</Speaker>
          </token>
          <token id="5">
            <word>be</word>
            <lemma>be</lemma>
            <CharacterOffsetBegin>10062</CharacterOffsetBegin>
            <CharacterOffsetEnd>10064</CharacterOffsetEnd>
            <POS>VB</POS>
            <NER>O</NER>
            <Speaker>PER0</Speaker>
          </token>
          <token id="6">
            <word>the</word>
            <lemma>the</lemma>
            <CharacterOffsetBegin>10065</CharacterOffsetBegin>
            <CharacterOffsetEnd>10068</CharacterOffsetEnd>
            <POS>DT</POS>
            <NER>O</NER>
            <Speaker>PER0</Speaker>
          </token>
          <token id="7">
            <word>Head</word>
            <lemma>Head</lemma>
            <CharacterOffsetBegin>10069</CharacterOffsetBegin>
            <CharacterOffsetEnd>10073</CharacterOffsetEnd>
            <POS>NNP</POS>
            <NER>O</NER>
            <Speaker>PER0</Speaker>
          </token>
          <token id="8">
            <word>of</word>
            <lemma>of</lemma>
            <CharacterOffsetBegin>10074</CharacterOffsetBegin>
            <CharacterOffsetEnd>10076</CharacterOffsetEnd>
            <POS>IN</POS>
            <NER>O</NER>
            <Speaker>PER0</Speaker>
          </token>
          <token id="9">
            <word>HR</word>
            <lemma>hr</lemma>
            <CharacterOffsetBegin>10077</CharacterOffsetBegin>
            <CharacterOffsetEnd>10079</CharacterOffsetEnd>
            <POS>NN</POS>
            <NER>DURATION</NER>
            <NormalizedNER>PT1H</NormalizedNER>
            <Speaker>PER0</Speaker>
            <Timex tid="t6" type="DURATION">PT1H</Timex>
          </token>
          <token id="10">
            <word>in</word>
            <lemma>in</lemma>
            <CharacterOffsetBegin>10080</CharacterOffsetBegin>
            <CharacterOffsetEnd>10082</CharacterOffsetEnd>
            <POS>IN</POS>
            <NER>O</NER>
            <Speaker>PER0</Speaker>
          </token>
          <token id="11">
            <word>this</word>
            <lemma>this</lemma>
            <CharacterOffsetBegin>10083</CharacterOffsetBegin>
            <CharacterOffsetEnd>10087</CharacterOffsetEnd>
            <POS>DT</POS>
            <NER>O</NER>
            <Speaker>PER0</Speaker>
          </token>
          <token id="12">
            <word>role</word>
            <lemma>role</lemma>
            <CharacterOffsetBegin>10088</CharacterOffsetBegin>
            <CharacterOffsetEnd>10092</CharacterOffsetEnd>
            <POS>NN</POS>
            <NER>O</NER>
            <Speaker>PER0</Speaker>
          </token>
          <token id="13">
            <word>play</word>
            <lemma>play</lemma>
            <CharacterOffsetBegin>10093</CharacterOffsetBegin>
            <CharacterOffsetEnd>10097</CharacterOffsetEnd>
            <POS>NN</POS>
            <NER>O</NER>
            <Speaker>PER0</Speaker>
          </token>
          <token id="14">
            <word>.</word>
            <lemma>.</lemma>
            <CharacterOffsetBegin>10097</CharacterOffsetBegin>
            <CharacterOffsetEnd>10098</CharacterOffsetEnd>
            <POS>.</POS>
            <NER>O</NER>
            <Speaker>PER0</Speaker>
          </token>
        </tokens>
        <parse>(ROOT (S (NP (PRP I)) (VP (VBD volunteered) (NP (PRP myself)) (S (VP (TO to) (VP (VB be) (NP (NP (DT the) (NNP Head)) (PP (IN of) (NP (NP (NN HR)) (PP (IN in) (NP (DT this) (NN role) (NN play)))))))))) (. .))) </parse>
        <dependencies type="basic-dependencies">
          <dep type="root">
            <governor idx="0">ROOT</governor>
            <dependent idx="2">volunteered</dependent>
          </dep>
          <dep type="nsubj">
            <governor idx="2">volunteered</governor>
            <dependent idx="1">I</dependent>
          </dep>
          <dep type="dobj">
            <governor idx="2">volunteered</governor>
            <dependent idx="3">myself</dependent>
          </dep>
          <dep type="mark">
            <governor idx="7">Head</governor>
            <dependent idx="4">to</dependent>
          </dep>
          <dep type="cop">
            <governor idx="7">Head</governor>
            <dependent idx="5">be</dependent>
          </dep>
          <dep type="det">
            <governor idx="7">Head</governor>
            <dependent idx="6">the</dependent>
          </dep>
          <dep type="advcl">
            <governor idx="2">volunteered</governor>
            <dependent idx="7">Head</dependent>
          </dep>
          <dep type="case">
            <governor idx="9">HR</governor>
            <dependent idx="8">of</dependent>
          </dep>
          <dep type="nmod">
            <governor idx="7">Head</governor>
            <dependent idx="9">HR</dependent>
          </dep>
          <dep type="case">
            <governor idx="13">play</governor>
            <dependent idx="10">in</dependent>
          </dep>
          <dep type="det">
            <governor idx="13">play</governor>
            <dependent idx="11">this</dependent>
          </dep>
          <dep type="compound">
            <governor idx="13">play</governor>
            <dependent idx="12">role</dependent>
          </dep>
          <dep type="nmod">
            <governor idx="9">HR</governor>
            <dependent idx="13">play</dependent>
          </dep>
          <dep type="punct">
            <governor idx="2">volunteered</governor>
            <dependent idx="14">.</dependent>
          </dep>
        </dependencies>
        <dependencies type="collapsed-dependencies">
          <dep type="root">
            <governor idx="0">ROOT</governor>
            <dependent idx="2">volunteered</dependent>
          </dep>
          <dep type="nsubj">
            <governor idx="2">volunteered</governor>
            <dependent idx="1">I</dependent>
          </dep>
          <dep type="dobj">
            <governor idx="2">volunteered</governor>
            <dependent idx="3">myself</dependent>
          </dep>
          <dep type="mark">
            <governor idx="7">Head</governor>
            <dependent idx="4">to</dependent>
          </dep>
          <dep type="cop">
            <governor idx="7">Head</governor>
            <dependent idx="5">be</dependent>
          </dep>
          <dep type="det">
            <governor idx="7">Head</governor>
            <dependent idx="6">the</dependent>
          </dep>
          <dep type="advcl">
            <governor idx="2">volunteered</governor>
            <dependent idx="7">Head</dependent>
          </dep>
          <dep type="case">
            <governor idx="9">HR</governor>
            <dependent idx="8">of</dependent>
          </dep>
          <dep type="nmod:of">
            <governor idx="7">Head</governor>
            <dependent idx="9">HR</dependent>
          </dep>
          <dep type="case">
            <governor idx="13">play</governor>
            <dependent idx="10">in</dependent>
          </dep>
          <dep type="det">
            <governor idx="13">play</governor>
            <dependent idx="11">this</dependent>
          </dep>
          <dep type="compound">
            <governor idx="13">play</governor>
            <dependent idx="12">role</dependent>
          </dep>
          <dep type="nmod:in">
            <governor idx="9">HR</governor>
            <dependent idx="13">play</dependent>
          </dep>
          <dep type="punct">
            <governor idx="2">volunteered</governor>
            <dependent idx="14">.</dependent>
          </dep>
        </dependencies>
        <dependencies type="collapsed-ccprocessed-dependencies">
          <dep type="root">
            <governor idx="0">ROOT</governor>
            <dependent idx="2">volunteered</dependent>
          </dep>
          <dep type="nsubj">
            <governor idx="2">volunteered</governor>
            <dependent idx="1">I</dependent>
          </dep>
          <dep type="dobj">
            <governor idx="2">volunteered</governor>
            <dependent idx="3">myself</dependent>
          </dep>
          <dep type="mark">
            <governor idx="7">Head</governor>
            <dependent idx="4">to</dependent>
          </dep>
          <dep type="cop">
            <governor idx="7">Head</governor>
            <dependent idx="5">be</dependent>
          </dep>
          <dep type="det">
            <governor idx="7">Head</governor>
            <dependent idx="6">the</dependent>
          </dep>
          <dep type="advcl">
            <governor idx="2">volunteered</governor>
            <dependent idx="7">Head</dependent>
          </dep>
          <dep type="case">
            <governor idx="9">HR</governor>
            <dependent idx="8">of</dependent>
          </dep>
          <dep type="nmod:of">
            <governor idx="7">Head</governor>
            <dependent idx="9">HR</dependent>
          </dep>
          <dep type="case">
            <governor idx="13">play</governor>
            <dependent idx="10">in</dependent>
          </dep>
          <dep type="det">
            <governor idx="13">play</governor>
            <dependent idx="11">this</dependent>
          </dep>
          <dep type="compound">
            <governor idx="13">play</governor>
            <dependent idx="12">role</dependent>
          </dep>
          <dep type="nmod:in">
            <governor idx="9">HR</governor>
            <dependent idx="13">play</dependent>
          </dep>
          <dep type="punct">
            <governor idx="2">volunteered</governor>
            <dependent idx="14">.</dependent>
          </dep>
        </dependencies>
      </sentence>
      <sentence id="101">
        <tokens>
          <token id="1">
            <word>I</word>
            <lemma>I</lemma>
            <CharacterOffsetBegin>10099</CharacterOffsetBegin>
            <CharacterOffsetEnd>10100</CharacterOffsetEnd>
            <POS>PRP</POS>
            <NER>O</NER>
            <Speaker>PER0</Speaker>
          </token>
          <token id="2">
            <word>was</word>
            <lemma>be</lemma>
            <CharacterOffsetBegin>10101</CharacterOffsetBegin>
            <CharacterOffsetEnd>10104</CharacterOffsetEnd>
            <POS>VBD</POS>
            <NER>O</NER>
            <Speaker>PER0</Speaker>
          </token>
          <token id="3">
            <word>supporting</word>
            <lemma>support</lemma>
            <CharacterOffsetBegin>10105</CharacterOffsetBegin>
            <CharacterOffsetEnd>10115</CharacterOffsetEnd>
            <POS>VBG</POS>
            <NER>O</NER>
            <Speaker>PER0</Speaker>
          </token>
          <token id="4">
            <word>the</word>
            <lemma>the</lemma>
            <CharacterOffsetBegin>10116</CharacterOffsetBegin>
            <CharacterOffsetEnd>10119</CharacterOffsetEnd>
            <POS>DT</POS>
            <NER>O</NER>
            <Speaker>PER0</Speaker>
          </token>
          <token id="5">
            <word>student</word>
            <lemma>student</lemma>
            <CharacterOffsetBegin>10120</CharacterOffsetBegin>
            <CharacterOffsetEnd>10127</CharacterOffsetEnd>
            <POS>NN</POS>
            <NER>O</NER>
            <Speaker>PER0</Speaker>
          </token>
          <token id="6">
            <word>-LRB-</word>
            <lemma>-lrb-</lemma>
            <CharacterOffsetBegin>10128</CharacterOffsetBegin>
            <CharacterOffsetEnd>10129</CharacterOffsetEnd>
            <POS>-LRB-</POS>
            <NER>O</NER>
            <Speaker>PER0</Speaker>
          </token>
          <token id="7">
            <word>Emily</word>
            <lemma>Emily</lemma>
            <CharacterOffsetBegin>10129</CharacterOffsetBegin>
            <CharacterOffsetEnd>10134</CharacterOffsetEnd>
            <POS>NNP</POS>
            <NER>PERSON</NER>
            <Speaker>PER0</Speaker>
          </token>
          <token id="8">
            <word>-RRB-</word>
            <lemma>-rrb-</lemma>
            <CharacterOffsetBegin>10134</CharacterOffsetBegin>
            <CharacterOffsetEnd>10135</CharacterOffsetEnd>
            <POS>-RRB-</POS>
            <NER>O</NER>
            <Speaker>PER0</Speaker>
          </token>
          <token id="9">
            <word>role</word>
            <lemma>role</lemma>
            <CharacterOffsetBegin>10136</CharacterOffsetBegin>
            <CharacterOffsetEnd>10140</CharacterOffsetEnd>
            <POS>NN</POS>
            <NER>O</NER>
            <Speaker>PER0</Speaker>
          </token>
          <token id="10">
            <word>playing</word>
            <lemma>playing</lemma>
            <CharacterOffsetBegin>10141</CharacterOffsetBegin>
            <CharacterOffsetEnd>10148</CharacterOffsetEnd>
            <POS>NN</POS>
            <NER>O</NER>
            <Speaker>PER0</Speaker>
          </token>
          <token id="11">
            <word>Bill</word>
            <lemma>Bill</lemma>
            <CharacterOffsetBegin>10149</CharacterOffsetBegin>
            <CharacterOffsetEnd>10153</CharacterOffsetEnd>
            <POS>NNP</POS>
            <NER>PERSON</NER>
            <Speaker>PER0</Speaker>
          </token>
          <token id="12">
            <word>Quinn</word>
            <lemma>Quinn</lemma>
            <CharacterOffsetBegin>10154</CharacterOffsetBegin>
            <CharacterOffsetEnd>10159</CharacterOffsetEnd>
            <POS>NNP</POS>
            <NER>PERSON</NER>
            <Speaker>PER0</Speaker>
          </token>
          <token id="13">
            <word>.</word>
            <lemma>.</lemma>
            <CharacterOffsetBegin>10159</CharacterOffsetBegin>
            <CharacterOffsetEnd>10160</CharacterOffsetEnd>
            <POS>.</POS>
            <NER>O</NER>
            <Speaker>PER0</Speaker>
          </token>
        </tokens>
        <parse>(ROOT (S (NP (PRP I)) (VP (VBD was) (VP (VBG supporting) (NP (NP (DT the) (NN student)) (PRN (-LRB- -LRB-) (NP (NNP Emily)) (-RRB- -RRB-))) (S (NP (NN role) (NN playing) (NNP Bill) (NNP Quinn))))) (. .))) </parse>
        <dependencies type="basic-dependencies">
          <dep type="root">
            <governor idx="0">ROOT</governor>
            <dependent idx="3">supporting</dependent>
          </dep>
          <dep type="nsubj">
            <governor idx="3">supporting</governor>
            <dependent idx="1">I</dependent>
          </dep>
          <dep type="aux">
            <governor idx="3">supporting</governor>
            <dependent idx="2">was</dependent>
          </dep>
          <dep type="det">
            <governor idx="5">student</governor>
            <dependent idx="4">the</dependent>
          </dep>
          <dep type="dobj">
            <governor idx="3">supporting</governor>
            <dependent idx="5">student</dependent>
          </dep>
          <dep type="punct">
            <governor idx="7">Emily</governor>
            <dependent idx="6">-LRB-</dependent>
          </dep>
          <dep type="appos">
            <governor idx="5">student</governor>
            <dependent idx="7">Emily</dependent>
          </dep>
          <dep type="punct">
            <governor idx="7">Emily</governor>
            <dependent idx="8">-RRB-</dependent>
          </dep>
          <dep type="compound">
            <governor idx="12">Quinn</governor>
            <dependent idx="9">role</dependent>
          </dep>
          <dep type="compound">
            <governor idx="12">Quinn</governor>
            <dependent idx="10">playing</dependent>
          </dep>
          <dep type="compound">
            <governor idx="12">Quinn</governor>
            <dependent idx="11">Bill</dependent>
          </dep>
          <dep type="xcomp">
            <governor idx="3">supporting</governor>
            <dependent idx="12">Quinn</dependent>
          </dep>
          <dep type="punct">
            <governor idx="3">supporting</governor>
            <dependent idx="13">.</dependent>
          </dep>
        </dependencies>
        <dependencies type="collapsed-dependencies">
          <dep type="root">
            <governor idx="0">ROOT</governor>
            <dependent idx="3">supporting</dependent>
          </dep>
          <dep type="nsubj">
            <governor idx="3">supporting</governor>
            <dependent idx="1">I</dependent>
          </dep>
          <dep type="aux">
            <governor idx="3">supporting</governor>
            <dependent idx="2">was</dependent>
          </dep>
          <dep type="det">
            <governor idx="5">student</governor>
            <dependent idx="4">the</dependent>
          </dep>
          <dep type="dobj">
            <governor idx="3">supporting</governor>
            <dependent idx="5">student</dependent>
          </dep>
          <dep type="punct">
            <governor idx="7">Emily</governor>
            <dependent idx="6">-LRB-</dependent>
          </dep>
          <dep type="appos">
            <governor idx="5">student</governor>
            <dependent idx="7">Emily</dependent>
          </dep>
          <dep type="punct">
            <governor idx="7">Emily</governor>
            <dependent idx="8">-RRB-</dependent>
          </dep>
          <dep type="compound">
            <governor idx="12">Quinn</governor>
            <dependent idx="9">role</dependent>
          </dep>
          <dep type="compound">
            <governor idx="12">Quinn</governor>
            <dependent idx="10">playing</dependent>
          </dep>
          <dep type="compound">
            <governor idx="12">Quinn</governor>
            <dependent idx="11">Bill</dependent>
          </dep>
          <dep type="xcomp">
            <governor idx="3">supporting</governor>
            <dependent idx="12">Quinn</dependent>
          </dep>
          <dep type="punct">
            <governor idx="3">supporting</governor>
            <dependent idx="13">.</dependent>
          </dep>
        </dependencies>
        <dependencies type="collapsed-ccprocessed-dependencies">
          <dep type="root">
            <governor idx="0">ROOT</governor>
            <dependent idx="3">supporting</dependent>
          </dep>
          <dep type="nsubj">
            <governor idx="3">supporting</governor>
            <dependent idx="1">I</dependent>
          </dep>
          <dep type="aux">
            <governor idx="3">supporting</governor>
            <dependent idx="2">was</dependent>
          </dep>
          <dep type="det">
            <governor idx="5">student</governor>
            <dependent idx="4">the</dependent>
          </dep>
          <dep type="dobj">
            <governor idx="3">supporting</governor>
            <dependent idx="5">student</dependent>
          </dep>
          <dep type="punct">
            <governor idx="7">Emily</governor>
            <dependent idx="6">-LRB-</dependent>
          </dep>
          <dep type="appos">
            <governor idx="5">student</governor>
            <dependent idx="7">Emily</dependent>
          </dep>
          <dep type="punct">
            <governor idx="7">Emily</governor>
            <dependent idx="8">-RRB-</dependent>
          </dep>
          <dep type="compound">
            <governor idx="12">Quinn</governor>
            <dependent idx="9">role</dependent>
          </dep>
          <dep type="compound">
            <governor idx="12">Quinn</governor>
            <dependent idx="10">playing</dependent>
          </dep>
          <dep type="compound">
            <governor idx="12">Quinn</governor>
            <dependent idx="11">Bill</dependent>
          </dep>
          <dep type="xcomp">
            <governor idx="3">supporting</governor>
            <dependent idx="12">Quinn</dependent>
          </dep>
          <dep type="punct">
            <governor idx="3">supporting</governor>
            <dependent idx="13">.</dependent>
          </dep>
        </dependencies>
      </sentence>
      <sentence id="102">
        <tokens>
          <token id="1">
            <word>We</word>
            <lemma>we</lemma>
            <CharacterOffsetBegin>10161</CharacterOffsetBegin>
            <CharacterOffsetEnd>10163</CharacterOffsetEnd>
            <POS>PRP</POS>
            <NER>O</NER>
            <Speaker>PER0</Speaker>
          </token>
          <token id="2">
            <word>were</word>
            <lemma>be</lemma>
            <CharacterOffsetBegin>10164</CharacterOffsetBegin>
            <CharacterOffsetEnd>10168</CharacterOffsetEnd>
            <POS>VBD</POS>
            <NER>O</NER>
            <Speaker>PER0</Speaker>
          </token>
          <token id="3">
            <word>outside</word>
            <lemma>outside</lemma>
            <CharacterOffsetBegin>10169</CharacterOffsetBegin>
            <CharacterOffsetEnd>10176</CharacterOffsetEnd>
            <POS>JJ</POS>
            <NER>O</NER>
            <Speaker>PER0</Speaker>
          </token>
          <token id="4">
            <word>going</word>
            <lemma>go</lemma>
            <CharacterOffsetBegin>10177</CharacterOffsetBegin>
            <CharacterOffsetEnd>10182</CharacterOffsetEnd>
            <POS>VBG</POS>
            <NER>O</NER>
            <Speaker>PER0</Speaker>
          </token>
          <token id="5">
            <word>through</word>
            <lemma>through</lemma>
            <CharacterOffsetBegin>10183</CharacterOffsetBegin>
            <CharacterOffsetEnd>10190</CharacterOffsetEnd>
            <POS>IN</POS>
            <NER>O</NER>
            <Speaker>PER0</Speaker>
          </token>
          <token id="6">
            <word>our</word>
            <lemma>we</lemma>
            <CharacterOffsetBegin>10191</CharacterOffsetBegin>
            <CharacterOffsetEnd>10194</CharacterOffsetEnd>
            <POS>PRP$</POS>
            <NER>O</NER>
            <Speaker>PER0</Speaker>
          </token>
          <token id="7">
            <word>approach</word>
            <lemma>approach</lemma>
            <CharacterOffsetBegin>10195</CharacterOffsetBegin>
            <CharacterOffsetEnd>10203</CharacterOffsetEnd>
            <POS>NN</POS>
            <NER>O</NER>
            <Speaker>PER0</Speaker>
          </token>
          <token id="8">
            <word>of</word>
            <lemma>of</lemma>
            <CharacterOffsetBegin>10204</CharacterOffsetBegin>
            <CharacterOffsetEnd>10206</CharacterOffsetEnd>
            <POS>IN</POS>
            <NER>O</NER>
            <Speaker>PER0</Speaker>
          </token>
          <token id="9">
            <word>how</word>
            <lemma>how</lemma>
            <CharacterOffsetBegin>10207</CharacterOffsetBegin>
            <CharacterOffsetEnd>10210</CharacterOffsetEnd>
            <POS>WRB</POS>
            <NER>O</NER>
            <Speaker>PER0</Speaker>
          </token>
          <token id="10">
            <word>to</word>
            <lemma>to</lemma>
            <CharacterOffsetBegin>10211</CharacterOffsetBegin>
            <CharacterOffsetEnd>10213</CharacterOffsetEnd>
            <POS>TO</POS>
            <NER>O</NER>
            <Speaker>PER0</Speaker>
          </token>
          <token id="11">
            <word>deliver</word>
            <lemma>deliver</lemma>
            <CharacterOffsetBegin>10214</CharacterOffsetBegin>
            <CharacterOffsetEnd>10221</CharacterOffsetEnd>
            <POS>VB</POS>
            <NER>O</NER>
            <Speaker>PER0</Speaker>
          </token>
          <token id="12">
            <word>this</word>
            <lemma>this</lemma>
            <CharacterOffsetBegin>10222</CharacterOffsetBegin>
            <CharacterOffsetEnd>10226</CharacterOffsetEnd>
            <POS>DT</POS>
            <NER>O</NER>
            <Speaker>PER0</Speaker>
          </token>
          <token id="13">
            <word>awful</word>
            <lemma>awful</lemma>
            <CharacterOffsetBegin>10227</CharacterOffsetBegin>
            <CharacterOffsetEnd>10232</CharacterOffsetEnd>
            <POS>JJ</POS>
            <NER>O</NER>
            <Speaker>PER0</Speaker>
          </token>
          <token id="14">
            <word>news</word>
            <lemma>news</lemma>
            <CharacterOffsetBegin>10233</CharacterOffsetBegin>
            <CharacterOffsetEnd>10237</CharacterOffsetEnd>
            <POS>NN</POS>
            <NER>O</NER>
            <Speaker>PER0</Speaker>
          </token>
          <token id="15">
            <word>to</word>
            <lemma>to</lemma>
            <CharacterOffsetBegin>10238</CharacterOffsetBegin>
            <CharacterOffsetEnd>10240</CharacterOffsetEnd>
            <POS>TO</POS>
            <NER>O</NER>
            <Speaker>PER0</Speaker>
          </token>
          <token id="16">
            <word>employees</word>
            <lemma>employee</lemma>
            <CharacterOffsetBegin>10241</CharacterOffsetBegin>
            <CharacterOffsetEnd>10250</CharacterOffsetEnd>
            <POS>NNS</POS>
            <NER>O</NER>
            <Speaker>PER0</Speaker>
          </token>
          <token id="17">
            <word>.</word>
            <lemma>.</lemma>
            <CharacterOffsetBegin>10250</CharacterOffsetBegin>
            <CharacterOffsetEnd>10251</CharacterOffsetEnd>
            <POS>.</POS>
            <NER>O</NER>
            <Speaker>PER0</Speaker>
          </token>
        </tokens>
        <parse>(ROOT (S (NP (PRP We)) (VP (VBD were) (ADVP (JJ outside)) (VP (VBG going) (PP (IN through) (NP (NP (PRP$ our) (NN approach)) (PP (IN of) (SBAR (WHADVP (WRB how)) (S (VP (TO to) (VP (VB deliver) (NP (DT this) (JJ awful) (NN news)) (PP (TO to) (NP (NNS employees)))))))))))) (. .))) </parse>
        <dependencies type="basic-dependencies">
          <dep type="root">
            <governor idx="0">ROOT</governor>
            <dependent idx="4">going</dependent>
          </dep>
          <dep type="nsubj">
            <governor idx="4">going</governor>
            <dependent idx="1">We</dependent>
          </dep>
          <dep type="aux">
            <governor idx="4">going</governor>
            <dependent idx="2">were</dependent>
          </dep>
          <dep type="advmod">
            <governor idx="4">going</governor>
            <dependent idx="3">outside</dependent>
          </dep>
          <dep type="case">
            <governor idx="7">approach</governor>
            <dependent idx="5">through</dependent>
          </dep>
          <dep type="nmod:poss">
            <governor idx="7">approach</governor>
            <dependent idx="6">our</dependent>
          </dep>
          <dep type="nmod">
            <governor idx="4">going</governor>
            <dependent idx="7">approach</dependent>
          </dep>
          <dep type="mark">
            <governor idx="11">deliver</governor>
            <dependent idx="8">of</dependent>
          </dep>
          <dep type="advmod">
            <governor idx="11">deliver</governor>
            <dependent idx="9">how</dependent>
          </dep>
          <dep type="mark">
            <governor idx="11">deliver</governor>
            <dependent idx="10">to</dependent>
          </dep>
          <dep type="acl">
            <governor idx="7">approach</governor>
            <dependent idx="11">deliver</dependent>
          </dep>
          <dep type="det">
            <governor idx="14">news</governor>
            <dependent idx="12">this</dependent>
          </dep>
          <dep type="amod">
            <governor idx="14">news</governor>
            <dependent idx="13">awful</dependent>
          </dep>
          <dep type="dobj">
            <governor idx="11">deliver</governor>
            <dependent idx="14">news</dependent>
          </dep>
          <dep type="case">
            <governor idx="16">employees</governor>
            <dependent idx="15">to</dependent>
          </dep>
          <dep type="nmod">
            <governor idx="11">deliver</governor>
            <dependent idx="16">employees</dependent>
          </dep>
          <dep type="punct">
            <governor idx="4">going</governor>
            <dependent idx="17">.</dependent>
          </dep>
        </dependencies>
        <dependencies type="collapsed-dependencies">
          <dep type="root">
            <governor idx="0">ROOT</governor>
            <dependent idx="4">going</dependent>
          </dep>
          <dep type="nsubj">
            <governor idx="4">going</governor>
            <dependent idx="1">We</dependent>
          </dep>
          <dep type="aux">
            <governor idx="4">going</governor>
            <dependent idx="2">were</dependent>
          </dep>
          <dep type="advmod">
            <governor idx="4">going</governor>
            <dependent idx="3">outside</dependent>
          </dep>
          <dep type="case">
            <governor idx="7">approach</governor>
            <dependent idx="5">through</dependent>
          </dep>
          <dep type="nmod:poss">
            <governor idx="7">approach</governor>
            <dependent idx="6">our</dependent>
          </dep>
          <dep type="nmod:through">
            <governor idx="4">going</governor>
            <dependent idx="7">approach</dependent>
          </dep>
          <dep type="mark">
            <governor idx="11">deliver</governor>
            <dependent idx="8">of</dependent>
          </dep>
          <dep type="advmod">
            <governor idx="11">deliver</governor>
            <dependent idx="9">how</dependent>
          </dep>
          <dep type="mark">
            <governor idx="11">deliver</governor>
            <dependent idx="10">to</dependent>
          </dep>
          <dep type="acl">
            <governor idx="7">approach</governor>
            <dependent idx="11">deliver</dependent>
          </dep>
          <dep type="det">
            <governor idx="14">news</governor>
            <dependent idx="12">this</dependent>
          </dep>
          <dep type="amod">
            <governor idx="14">news</governor>
            <dependent idx="13">awful</dependent>
          </dep>
          <dep type="dobj">
            <governor idx="11">deliver</governor>
            <dependent idx="14">news</dependent>
          </dep>
          <dep type="case">
            <governor idx="16">employees</governor>
            <dependent idx="15">to</dependent>
          </dep>
          <dep type="nmod:to">
            <governor idx="11">deliver</governor>
            <dependent idx="16">employees</dependent>
          </dep>
          <dep type="punct">
            <governor idx="4">going</governor>
            <dependent idx="17">.</dependent>
          </dep>
        </dependencies>
        <dependencies type="collapsed-ccprocessed-dependencies">
          <dep type="root">
            <governor idx="0">ROOT</governor>
            <dependent idx="4">going</dependent>
          </dep>
          <dep type="nsubj">
            <governor idx="4">going</governor>
            <dependent idx="1">We</dependent>
          </dep>
          <dep type="aux">
            <governor idx="4">going</governor>
            <dependent idx="2">were</dependent>
          </dep>
          <dep type="advmod">
            <governor idx="4">going</governor>
            <dependent idx="3">outside</dependent>
          </dep>
          <dep type="case">
            <governor idx="7">approach</governor>
            <dependent idx="5">through</dependent>
          </dep>
          <dep type="nmod:poss">
            <governor idx="7">approach</governor>
            <dependent idx="6">our</dependent>
          </dep>
          <dep type="nmod:through">
            <governor idx="4">going</governor>
            <dependent idx="7">approach</dependent>
          </dep>
          <dep type="mark">
            <governor idx="11">deliver</governor>
            <dependent idx="8">of</dependent>
          </dep>
          <dep type="advmod">
            <governor idx="11">deliver</governor>
            <dependent idx="9">how</dependent>
          </dep>
          <dep type="mark">
            <governor idx="11">deliver</governor>
            <dependent idx="10">to</dependent>
          </dep>
          <dep type="acl">
            <governor idx="7">approach</governor>
            <dependent idx="11">deliver</dependent>
          </dep>
          <dep type="det">
            <governor idx="14">news</governor>
            <dependent idx="12">this</dependent>
          </dep>
          <dep type="amod">
            <governor idx="14">news</governor>
            <dependent idx="13">awful</dependent>
          </dep>
          <dep type="dobj">
            <governor idx="11">deliver</governor>
            <dependent idx="14">news</dependent>
          </dep>
          <dep type="case">
            <governor idx="16">employees</governor>
            <dependent idx="15">to</dependent>
          </dep>
          <dep type="nmod:to">
            <governor idx="11">deliver</governor>
            <dependent idx="16">employees</dependent>
          </dep>
          <dep type="punct">
            <governor idx="4">going</governor>
            <dependent idx="17">.</dependent>
          </dep>
        </dependencies>
      </sentence>
      <sentence id="103">
        <tokens>
          <token id="1">
            <word>We</word>
            <lemma>we</lemma>
            <CharacterOffsetBegin>10252</CharacterOffsetBegin>
            <CharacterOffsetEnd>10254</CharacterOffsetEnd>
            <POS>PRP</POS>
            <NER>O</NER>
            <Speaker>PER0</Speaker>
          </token>
          <token id="2">
            <word>thought</word>
            <lemma>think</lemma>
            <CharacterOffsetBegin>10255</CharacterOffsetBegin>
            <CharacterOffsetEnd>10262</CharacterOffsetEnd>
            <POS>VBD</POS>
            <NER>O</NER>
            <Speaker>PER0</Speaker>
          </token>
          <token id="3">
            <word>how</word>
            <lemma>how</lemma>
            <CharacterOffsetBegin>10263</CharacterOffsetBegin>
            <CharacterOffsetEnd>10266</CharacterOffsetEnd>
            <POS>WRB</POS>
            <NER>O</NER>
            <Speaker>PER0</Speaker>
          </token>
          <token id="4">
            <word>would</word>
            <lemma>would</lemma>
            <CharacterOffsetBegin>10267</CharacterOffsetBegin>
            <CharacterOffsetEnd>10272</CharacterOffsetEnd>
            <POS>MD</POS>
            <NER>O</NER>
            <Speaker>PER0</Speaker>
          </token>
          <token id="5">
            <word>we</word>
            <lemma>we</lemma>
            <CharacterOffsetBegin>10273</CharacterOffsetBegin>
            <CharacterOffsetEnd>10275</CharacterOffsetEnd>
            <POS>PRP</POS>
            <NER>O</NER>
            <Speaker>PER0</Speaker>
          </token>
          <token id="6">
            <word>prefer</word>
            <lemma>prefer</lemma>
            <CharacterOffsetBegin>10276</CharacterOffsetBegin>
            <CharacterOffsetEnd>10282</CharacterOffsetEnd>
            <POS>VBP</POS>
            <NER>O</NER>
            <Speaker>PER0</Speaker>
          </token>
          <token id="7">
            <word>to</word>
            <lemma>to</lemma>
            <CharacterOffsetBegin>10283</CharacterOffsetBegin>
            <CharacterOffsetEnd>10285</CharacterOffsetEnd>
            <POS>TO</POS>
            <NER>O</NER>
            <Speaker>PER0</Speaker>
          </token>
          <token id="8">
            <word>hear</word>
            <lemma>hear</lemma>
            <CharacterOffsetBegin>10286</CharacterOffsetBegin>
            <CharacterOffsetEnd>10290</CharacterOffsetEnd>
            <POS>VB</POS>
            <NER>O</NER>
            <Speaker>PER0</Speaker>
          </token>
          <token id="9">
            <word>this</word>
            <lemma>this</lemma>
            <CharacterOffsetBegin>10291</CharacterOffsetBegin>
            <CharacterOffsetEnd>10295</CharacterOffsetEnd>
            <POS>DT</POS>
            <NER>O</NER>
            <Speaker>PER0</Speaker>
          </token>
          <token id="10">
            <word>type</word>
            <lemma>type</lemma>
            <CharacterOffsetBegin>10296</CharacterOffsetBegin>
            <CharacterOffsetEnd>10300</CharacterOffsetEnd>
            <POS>NN</POS>
            <NER>O</NER>
            <Speaker>PER0</Speaker>
          </token>
          <token id="11">
            <word>of</word>
            <lemma>of</lemma>
            <CharacterOffsetBegin>10301</CharacterOffsetBegin>
            <CharacterOffsetEnd>10303</CharacterOffsetEnd>
            <POS>IN</POS>
            <NER>O</NER>
            <Speaker>PER0</Speaker>
          </token>
          <token id="12">
            <word>news</word>
            <lemma>news</lemma>
            <CharacterOffsetBegin>10304</CharacterOffsetBegin>
            <CharacterOffsetEnd>10308</CharacterOffsetEnd>
            <POS>NN</POS>
            <NER>O</NER>
            <Speaker>PER0</Speaker>
          </token>
          <token id="13">
            <word>,</word>
            <lemma>,</lemma>
            <CharacterOffsetBegin>10308</CharacterOffsetBegin>
            <CharacterOffsetEnd>10309</CharacterOffsetEnd>
            <POS>,</POS>
            <NER>O</NER>
            <Speaker>PER0</Speaker>
          </token>
          <token id="14">
            <word>what</word>
            <lemma>what</lemma>
            <CharacterOffsetBegin>10310</CharacterOffsetBegin>
            <CharacterOffsetEnd>10314</CharacterOffsetEnd>
            <POS>WP</POS>
            <NER>O</NER>
            <Speaker>PER0</Speaker>
          </token>
          <token id="15">
            <word>will</word>
            <lemma>will</lemma>
            <CharacterOffsetBegin>10315</CharacterOffsetBegin>
            <CharacterOffsetEnd>10319</CharacterOffsetEnd>
            <POS>MD</POS>
            <NER>O</NER>
            <Speaker>PER0</Speaker>
          </token>
          <token id="16">
            <word>be</word>
            <lemma>be</lemma>
            <CharacterOffsetBegin>10320</CharacterOffsetBegin>
            <CharacterOffsetEnd>10322</CharacterOffsetEnd>
            <POS>VB</POS>
            <NER>O</NER>
            <Speaker>PER0</Speaker>
          </token>
          <token id="17">
            <word>the</word>
            <lemma>the</lemma>
            <CharacterOffsetBegin>10323</CharacterOffsetBegin>
            <CharacterOffsetEnd>10326</CharacterOffsetEnd>
            <POS>DT</POS>
            <NER>O</NER>
            <Speaker>PER0</Speaker>
          </token>
          <token id="18">
            <word>employees</word>
            <lemma>employee</lemma>
            <CharacterOffsetBegin>10327</CharacterOffsetBegin>
            <CharacterOffsetEnd>10336</CharacterOffsetEnd>
            <POS>NNS</POS>
            <NER>O</NER>
            <Speaker>PER0</Speaker>
          </token>
          <token id="19">
            <word>pain</word>
            <lemma>pain</lemma>
            <CharacterOffsetBegin>10337</CharacterOffsetBegin>
            <CharacterOffsetEnd>10341</CharacterOffsetEnd>
            <POS>NN</POS>
            <NER>O</NER>
            <Speaker>PER0</Speaker>
          </token>
          <token id="20">
            <word>points</word>
            <lemma>point</lemma>
            <CharacterOffsetBegin>10342</CharacterOffsetBegin>
            <CharacterOffsetEnd>10348</CharacterOffsetEnd>
            <POS>NNS</POS>
            <NER>O</NER>
            <Speaker>PER0</Speaker>
          </token>
          <token id="21">
            <word>,</word>
            <lemma>,</lemma>
            <CharacterOffsetBegin>10348</CharacterOffsetBegin>
            <CharacterOffsetEnd>10349</CharacterOffsetEnd>
            <POS>,</POS>
            <NER>O</NER>
            <Speaker>PER0</Speaker>
          </token>
          <token id="22">
            <word>what</word>
            <lemma>what</lemma>
            <CharacterOffsetBegin>10350</CharacterOffsetBegin>
            <CharacterOffsetEnd>10354</CharacterOffsetEnd>
            <POS>WDT</POS>
            <NER>O</NER>
            <Speaker>PER0</Speaker>
          </token>
          <token id="23">
            <word>things</word>
            <lemma>thing</lemma>
            <CharacterOffsetBegin>10355</CharacterOffsetBegin>
            <CharacterOffsetEnd>10361</CharacterOffsetEnd>
            <POS>NNS</POS>
            <NER>O</NER>
            <Speaker>PER0</Speaker>
          </token>
          <token id="24">
            <word>can</word>
            <lemma>can</lemma>
            <CharacterOffsetBegin>10362</CharacterOffsetBegin>
            <CharacterOffsetEnd>10365</CharacterOffsetEnd>
            <POS>MD</POS>
            <NER>O</NER>
            <Speaker>PER0</Speaker>
          </token>
          <token id="25">
            <word>do</word>
            <lemma>do</lemma>
            <CharacterOffsetBegin>10366</CharacterOffsetBegin>
            <CharacterOffsetEnd>10368</CharacterOffsetEnd>
            <POS>VB</POS>
            <NER>O</NER>
            <Speaker>PER0</Speaker>
          </token>
          <token id="26">
            <word>to</word>
            <lemma>to</lemma>
            <CharacterOffsetBegin>10369</CharacterOffsetBegin>
            <CharacterOffsetEnd>10371</CharacterOffsetEnd>
            <POS>TO</POS>
            <NER>O</NER>
            <Speaker>PER0</Speaker>
          </token>
          <token id="27">
            <word>ensure</word>
            <lemma>ensure</lemma>
            <CharacterOffsetBegin>10372</CharacterOffsetBegin>
            <CharacterOffsetEnd>10378</CharacterOffsetEnd>
            <POS>VB</POS>
            <NER>O</NER>
            <Speaker>PER0</Speaker>
          </token>
          <token id="28">
            <word>we</word>
            <lemma>we</lemma>
            <CharacterOffsetBegin>10379</CharacterOffsetBegin>
            <CharacterOffsetEnd>10381</CharacterOffsetEnd>
            <POS>PRP</POS>
            <NER>O</NER>
            <Speaker>PER0</Speaker>
          </token>
          <token id="29">
            <word>address</word>
            <lemma>address</lemma>
            <CharacterOffsetBegin>10382</CharacterOffsetBegin>
            <CharacterOffsetEnd>10389</CharacterOffsetEnd>
            <POS>VB</POS>
            <NER>O</NER>
            <Speaker>PER0</Speaker>
          </token>
          <token id="30">
            <word>these</word>
            <lemma>these</lemma>
            <CharacterOffsetBegin>10390</CharacterOffsetBegin>
            <CharacterOffsetEnd>10395</CharacterOffsetEnd>
            <POS>DT</POS>
            <NER>O</NER>
            <Speaker>PER0</Speaker>
          </token>
          <token id="31">
            <word>pain</word>
            <lemma>pain</lemma>
            <CharacterOffsetBegin>10396</CharacterOffsetBegin>
            <CharacterOffsetEnd>10400</CharacterOffsetEnd>
            <POS>NN</POS>
            <NER>O</NER>
            <Speaker>PER0</Speaker>
          </token>
          <token id="32">
            <word>points</word>
            <lemma>point</lemma>
            <CharacterOffsetBegin>10401</CharacterOffsetBegin>
            <CharacterOffsetEnd>10407</CharacterOffsetEnd>
            <POS>NNS</POS>
            <NER>O</NER>
            <Speaker>PER0</Speaker>
          </token>
          <token id="33">
            <word>as</word>
            <lemma>as</lemma>
            <CharacterOffsetBegin>10408</CharacterOffsetBegin>
            <CharacterOffsetEnd>10410</CharacterOffsetEnd>
            <POS>RB</POS>
            <NER>O</NER>
            <Speaker>PER0</Speaker>
          </token>
          <token id="34">
            <word>much</word>
            <lemma>much</lemma>
            <CharacterOffsetBegin>10411</CharacterOffsetBegin>
            <CharacterOffsetEnd>10415</CharacterOffsetEnd>
            <POS>RB</POS>
            <NER>O</NER>
            <Speaker>PER0</Speaker>
          </token>
          <token id="35">
            <word>as</word>
            <lemma>as</lemma>
            <CharacterOffsetBegin>10416</CharacterOffsetBegin>
            <CharacterOffsetEnd>10418</CharacterOffsetEnd>
            <POS>IN</POS>
            <NER>O</NER>
            <Speaker>PER0</Speaker>
          </token>
          <token id="36">
            <word>possible</word>
            <lemma>possible</lemma>
            <CharacterOffsetBegin>10419</CharacterOffsetBegin>
            <CharacterOffsetEnd>10427</CharacterOffsetEnd>
            <POS>JJ</POS>
            <NER>O</NER>
            <Speaker>PER0</Speaker>
          </token>
          <token id="37">
            <word>,</word>
            <lemma>,</lemma>
            <CharacterOffsetBegin>10427</CharacterOffsetBegin>
            <CharacterOffsetEnd>10428</CharacterOffsetEnd>
            <POS>,</POS>
            <NER>O</NER>
            <Speaker>PER0</Speaker>
          </token>
          <token id="38">
            <word>how</word>
            <lemma>how</lemma>
            <CharacterOffsetBegin>10430</CharacterOffsetBegin>
            <CharacterOffsetEnd>10433</CharacterOffsetEnd>
            <POS>WRB</POS>
            <NER>O</NER>
            <Speaker>PER0</Speaker>
          </token>
          <token id="39">
            <word>can</word>
            <lemma>can</lemma>
            <CharacterOffsetBegin>10434</CharacterOffsetBegin>
            <CharacterOffsetEnd>10437</CharacterOffsetEnd>
            <POS>MD</POS>
            <NER>O</NER>
            <Speaker>PER0</Speaker>
          </token>
          <token id="40">
            <word>we</word>
            <lemma>we</lemma>
            <CharacterOffsetBegin>10438</CharacterOffsetBegin>
            <CharacterOffsetEnd>10440</CharacterOffsetEnd>
            <POS>PRP</POS>
            <NER>O</NER>
            <Speaker>PER0</Speaker>
          </token>
          <token id="41">
            <word>deliver</word>
            <lemma>deliver</lemma>
            <CharacterOffsetBegin>10441</CharacterOffsetBegin>
            <CharacterOffsetEnd>10448</CharacterOffsetEnd>
            <POS>VB</POS>
            <NER>O</NER>
            <Speaker>PER0</Speaker>
          </token>
          <token id="42">
            <word>this</word>
            <lemma>this</lemma>
            <CharacterOffsetBegin>10449</CharacterOffsetBegin>
            <CharacterOffsetEnd>10453</CharacterOffsetEnd>
            <POS>DT</POS>
            <NER>O</NER>
            <Speaker>PER0</Speaker>
          </token>
          <token id="43">
            <word>information</word>
            <lemma>information</lemma>
            <CharacterOffsetBegin>10454</CharacterOffsetBegin>
            <CharacterOffsetEnd>10465</CharacterOffsetEnd>
            <POS>NN</POS>
            <NER>O</NER>
            <Speaker>PER0</Speaker>
          </token>
          <token id="44">
            <word>so</word>
            <lemma>so</lemma>
            <CharacterOffsetBegin>10466</CharacterOffsetBegin>
            <CharacterOffsetEnd>10468</CharacterOffsetEnd>
            <POS>IN</POS>
            <NER>O</NER>
            <Speaker>PER0</Speaker>
          </token>
          <token id="45">
            <word>it</word>
            <lemma>it</lemma>
            <CharacterOffsetBegin>10469</CharacterOffsetBegin>
            <CharacterOffsetEnd>10471</CharacterOffsetEnd>
            <POS>PRP</POS>
            <NER>O</NER>
            <Speaker>PER0</Speaker>
          </token>
          <token id="46">
            <word>is</word>
            <lemma>be</lemma>
            <CharacterOffsetBegin>10472</CharacterOffsetBegin>
            <CharacterOffsetEnd>10474</CharacterOffsetEnd>
            <POS>VBZ</POS>
            <NER>O</NER>
            <Speaker>PER0</Speaker>
          </token>
          <token id="47">
            <word>clear</word>
            <lemma>clear</lemma>
            <CharacterOffsetBegin>10475</CharacterOffsetBegin>
            <CharacterOffsetEnd>10480</CharacterOffsetEnd>
            <POS>JJ</POS>
            <NER>O</NER>
            <Speaker>PER0</Speaker>
          </token>
          <token id="48">
            <word>but</word>
            <lemma>but</lemma>
            <CharacterOffsetBegin>10481</CharacterOffsetBegin>
            <CharacterOffsetEnd>10484</CharacterOffsetEnd>
            <POS>CC</POS>
            <NER>O</NER>
            <Speaker>PER0</Speaker>
          </token>
          <token id="49">
            <word>also</word>
            <lemma>also</lemma>
            <CharacterOffsetBegin>10485</CharacterOffsetBegin>
            <CharacterOffsetEnd>10489</CharacterOffsetEnd>
            <POS>RB</POS>
            <NER>O</NER>
            <Speaker>PER0</Speaker>
          </token>
          <token id="50">
            <word>personable</word>
            <lemma>personable</lemma>
            <CharacterOffsetBegin>10490</CharacterOffsetBegin>
            <CharacterOffsetEnd>10500</CharacterOffsetEnd>
            <POS>JJ</POS>
            <NER>O</NER>
            <Speaker>PER0</Speaker>
          </token>
          <token id="51">
            <word>etc.</word>
            <lemma>etc.</lemma>
            <CharacterOffsetBegin>10501</CharacterOffsetBegin>
            <CharacterOffsetEnd>10504</CharacterOffsetEnd>
            <POS>NN</POS>
            <NER>O</NER>
            <Speaker>PER0</Speaker>
          </token>
          <token id="52">
            <word>.</word>
            <lemma>.</lemma>
            <CharacterOffsetBegin>10504</CharacterOffsetBegin>
            <CharacterOffsetEnd>10505</CharacterOffsetEnd>
            <POS>.</POS>
            <NER>O</NER>
            <Speaker>PER0</Speaker>
          </token>
        </tokens>
        <parse>(ROOT (S (S (NP (PRP We)) (VP (VBD thought) (SBAR (WHADVP (WRB how)) (S (VP (MD would)))))) (NP (PRP we)) (VP (VBP prefer) (S (VP (TO to) (VP (VB hear) (NP (NP (DT this) (NN type)) (PP (IN of) (NP (NP (NN news)) (, ,) (SBAR (WHNP (WP what)) (S (VP (MD will) (VP (VB be) (NP (DT the) (NNS employees)))))))))))) (NP-TMP (NP (NN pain) (NNS points)) (, ,) (SBAR (WHNP (WDT what)) (S (NP (NNS things)) (VP (MD can) (VP (VB do) (S (S (VP (TO to) (VP (VB ensure) (S (NP (PRP we)) (VP (VB address) (NP (DT these) (NN pain) (NNS points)) (ADVP (RB as) (RB much))))))) (SBARQ (SBAR (IN as) (FRAG (JJ possible))) (, ,) (WHADVP (WRB how)) (SQ (MD can) (NP (PRP we)) (VP (VB deliver) (NP (DT this) (NN information)) (SBAR (IN so) (S (NP (PRP it)) (VP (VBZ is) (NP (ADJP (JJ clear) (CONJP (CC but) (RB also)) (JJ personable)) (NN etc.))))))))))))))) (. .))) </parse>
        <dependencies type="basic-dependencies">
          <dep type="root">
            <governor idx="0">ROOT</governor>
            <dependent idx="6">prefer</dependent>
          </dep>
          <dep type="nsubj">
            <governor idx="2">thought</governor>
            <dependent idx="1">We</dependent>
          </dep>
          <dep type="dep">
            <governor idx="6">prefer</governor>
            <dependent idx="2">thought</dependent>
          </dep>
          <dep type="advmod">
            <governor idx="4">would</governor>
            <dependent idx="3">how</dependent>
          </dep>
          <dep type="ccomp">
            <governor idx="2">thought</governor>
            <dependent idx="4">would</dependent>
          </dep>
          <dep type="nsubj">
            <governor idx="6">prefer</governor>
            <dependent idx="5">we</dependent>
          </dep>
          <dep type="mark">
            <governor idx="8">hear</governor>
            <dependent idx="7">to</dependent>
          </dep>
          <dep type="xcomp">
            <governor idx="6">prefer</governor>
            <dependent idx="8">hear</dependent>
          </dep>
          <dep type="det">
            <governor idx="10">type</governor>
            <dependent idx="9">this</dependent>
          </dep>
          <dep type="dobj">
            <governor idx="8">hear</governor>
            <dependent idx="10">type</dependent>
          </dep>
          <dep type="case">
            <governor idx="12">news</governor>
            <dependent idx="11">of</dependent>
          </dep>
          <dep type="nmod">
            <governor idx="10">type</governor>
            <dependent idx="12">news</dependent>
          </dep>
          <dep type="punct">
            <governor idx="12">news</governor>
            <dependent idx="13">,</dependent>
          </dep>
          <dep type="nsubj">
            <governor idx="18">employees</governor>
            <dependent idx="14">what</dependent>
          </dep>
          <dep type="aux">
            <governor idx="18">employees</governor>
            <dependent idx="15">will</dependent>
          </dep>
          <dep type="cop">
            <governor idx="18">employees</governor>
            <dependent idx="16">be</dependent>
          </dep>
          <dep type="det">
            <governor idx="18">employees</governor>
            <dependent idx="17">the</dependent>
          </dep>
          <dep type="acl:relcl">
            <governor idx="12">news</governor>
            <dependent idx="18">employees</dependent>
          </dep>
          <dep type="compound">
            <governor idx="20">points</governor>
            <dependent idx="19">pain</dependent>
          </dep>
          <dep type="nmod:tmod">
            <governor idx="6">prefer</governor>
            <dependent idx="20">points</dependent>
          </dep>
          <dep type="punct">
            <governor idx="20">points</governor>
            <dependent idx="21">,</dependent>
          </dep>
          <dep type="dobj">
            <governor idx="27">ensure</governor>
            <dependent idx="22">what</dependent>
          </dep>
          <dep type="nsubj">
            <governor idx="25">do</governor>
            <dependent idx="23">things</dependent>
          </dep>
          <dep type="aux">
            <governor idx="25">do</governor>
            <dependent idx="24">can</dependent>
          </dep>
          <dep type="acl:relcl">
            <governor idx="20">points</governor>
            <dependent idx="25">do</dependent>
          </dep>
          <dep type="mark">
            <governor idx="27">ensure</governor>
            <dependent idx="26">to</dependent>
          </dep>
          <dep type="xcomp">
            <governor idx="25">do</governor>
            <dependent idx="27">ensure</dependent>
          </dep>
          <dep type="nsubj">
            <governor idx="29">address</governor>
            <dependent idx="28">we</dependent>
          </dep>
          <dep type="ccomp">
            <governor idx="27">ensure</governor>
            <dependent idx="29">address</dependent>
          </dep>
          <dep type="det">
            <governor idx="32">points</governor>
            <dependent idx="30">these</dependent>
          </dep>
          <dep type="compound">
            <governor idx="32">points</governor>
            <dependent idx="31">pain</dependent>
          </dep>
          <dep type="dobj">
            <governor idx="29">address</governor>
            <dependent idx="32">points</dependent>
          </dep>
          <dep type="advmod">
            <governor idx="34">much</governor>
            <dependent idx="33">as</dependent>
          </dep>
          <dep type="advmod">
            <governor idx="29">address</governor>
            <dependent idx="34">much</dependent>
          </dep>
          <dep type="mark">
            <governor idx="36">possible</governor>
            <dependent idx="35">as</dependent>
          </dep>
          <dep type="advcl">
            <governor idx="41">deliver</governor>
            <dependent idx="36">possible</dependent>
          </dep>
          <dep type="punct">
            <governor idx="41">deliver</governor>
            <dependent idx="37">,</dependent>
          </dep>
          <dep type="advmod">
            <governor idx="41">deliver</governor>
            <dependent idx="38">how</dependent>
          </dep>
          <dep type="aux">
            <governor idx="41">deliver</governor>
            <dependent idx="39">can</dependent>
          </dep>
          <dep type="nsubj">
            <governor idx="41">deliver</governor>
            <dependent idx="40">we</dependent>
          </dep>
          <dep type="parataxis">
            <governor idx="27">ensure</governor>
            <dependent idx="41">deliver</dependent>
          </dep>
          <dep type="det">
            <governor idx="43">information</governor>
            <dependent idx="42">this</dependent>
          </dep>
          <dep type="dobj">
            <governor idx="41">deliver</governor>
            <dependent idx="43">information</dependent>
          </dep>
          <dep type="mark">
            <governor idx="51">etc.</governor>
            <dependent idx="44">so</dependent>
          </dep>
          <dep type="nsubj">
            <governor idx="51">etc.</governor>
            <dependent idx="45">it</dependent>
          </dep>
          <dep type="cop">
            <governor idx="51">etc.</governor>
            <dependent idx="46">is</dependent>
          </dep>
          <dep type="dep">
            <governor idx="50">personable</governor>
            <dependent idx="47">clear</dependent>
          </dep>
          <dep type="cc">
            <governor idx="50">personable</governor>
            <dependent idx="48">but</dependent>
          </dep>
          <dep type="advmod">
            <governor idx="50">personable</governor>
            <dependent idx="49">also</dependent>
          </dep>
          <dep type="amod">
            <governor idx="51">etc.</governor>
            <dependent idx="50">personable</dependent>
          </dep>
          <dep type="advcl">
            <governor idx="41">deliver</governor>
            <dependent idx="51">etc.</dependent>
          </dep>
          <dep type="punct">
            <governor idx="6">prefer</governor>
            <dependent idx="52">.</dependent>
          </dep>
        </dependencies>
        <dependencies type="collapsed-dependencies">
          <dep type="root">
            <governor idx="0">ROOT</governor>
            <dependent idx="6">prefer</dependent>
          </dep>
          <dep type="nsubj">
            <governor idx="2">thought</governor>
            <dependent idx="1">We</dependent>
          </dep>
          <dep type="dep">
            <governor idx="6">prefer</governor>
            <dependent idx="2">thought</dependent>
          </dep>
          <dep type="advmod">
            <governor idx="4">would</governor>
            <dependent idx="3">how</dependent>
          </dep>
          <dep type="ccomp">
            <governor idx="2">thought</governor>
            <dependent idx="4">would</dependent>
          </dep>
          <dep type="nsubj">
            <governor idx="6">prefer</governor>
            <dependent idx="5">we</dependent>
          </dep>
          <dep type="mark">
            <governor idx="8">hear</governor>
            <dependent idx="7">to</dependent>
          </dep>
          <dep type="xcomp">
            <governor idx="6">prefer</governor>
            <dependent idx="8">hear</dependent>
          </dep>
          <dep type="det">
            <governor idx="10">type</governor>
            <dependent idx="9">this</dependent>
          </dep>
          <dep type="dobj">
            <governor idx="8">hear</governor>
            <dependent idx="10">type</dependent>
          </dep>
          <dep type="case">
            <governor idx="12">news</governor>
            <dependent idx="11">of</dependent>
          </dep>
          <dep type="nmod:of">
            <governor idx="10">type</governor>
            <dependent idx="12">news</dependent>
          </dep>
          <dep type="punct">
            <governor idx="12">news</governor>
            <dependent idx="13">,</dependent>
          </dep>
          <dep type="nsubj">
            <governor idx="18">employees</governor>
            <dependent idx="14">what</dependent>
          </dep>
          <dep type="aux">
            <governor idx="18">employees</governor>
            <dependent idx="15">will</dependent>
          </dep>
          <dep type="cop">
            <governor idx="18">employees</governor>
            <dependent idx="16">be</dependent>
          </dep>
          <dep type="det">
            <governor idx="18">employees</governor>
            <dependent idx="17">the</dependent>
          </dep>
          <dep type="acl:relcl">
            <governor idx="12">news</governor>
            <dependent idx="18">employees</dependent>
          </dep>
          <dep type="compound">
            <governor idx="20">points</governor>
            <dependent idx="19">pain</dependent>
          </dep>
          <dep type="nmod:tmod">
            <governor idx="6">prefer</governor>
            <dependent idx="20">points</dependent>
          </dep>
          <dep type="punct">
            <governor idx="20">points</governor>
            <dependent idx="21">,</dependent>
          </dep>
          <dep type="dobj">
            <governor idx="27">ensure</governor>
            <dependent idx="22">what</dependent>
          </dep>
          <dep type="nsubj">
            <governor idx="25">do</governor>
            <dependent idx="23">things</dependent>
          </dep>
          <dep type="aux">
            <governor idx="25">do</governor>
            <dependent idx="24">can</dependent>
          </dep>
          <dep type="acl:relcl">
            <governor idx="20">points</governor>
            <dependent idx="25">do</dependent>
          </dep>
          <dep type="mark">
            <governor idx="27">ensure</governor>
            <dependent idx="26">to</dependent>
          </dep>
          <dep type="xcomp">
            <governor idx="25">do</governor>
            <dependent idx="27">ensure</dependent>
          </dep>
          <dep type="nsubj">
            <governor idx="29">address</governor>
            <dependent idx="28">we</dependent>
          </dep>
          <dep type="ccomp">
            <governor idx="27">ensure</governor>
            <dependent idx="29">address</dependent>
          </dep>
          <dep type="det">
            <governor idx="32">points</governor>
            <dependent idx="30">these</dependent>
          </dep>
          <dep type="compound">
            <governor idx="32">points</governor>
            <dependent idx="31">pain</dependent>
          </dep>
          <dep type="dobj">
            <governor idx="29">address</governor>
            <dependent idx="32">points</dependent>
          </dep>
          <dep type="advmod">
            <governor idx="34">much</governor>
            <dependent idx="33">as</dependent>
          </dep>
          <dep type="advmod">
            <governor idx="29">address</governor>
            <dependent idx="34">much</dependent>
          </dep>
          <dep type="mark">
            <governor idx="36">possible</governor>
            <dependent idx="35">as</dependent>
          </dep>
          <dep type="advcl">
            <governor idx="41">deliver</governor>
            <dependent idx="36">possible</dependent>
          </dep>
          <dep type="punct">
            <governor idx="41">deliver</governor>
            <dependent idx="37">,</dependent>
          </dep>
          <dep type="advmod">
            <governor idx="41">deliver</governor>
            <dependent idx="38">how</dependent>
          </dep>
          <dep type="aux">
            <governor idx="41">deliver</governor>
            <dependent idx="39">can</dependent>
          </dep>
          <dep type="nsubj">
            <governor idx="41">deliver</governor>
            <dependent idx="40">we</dependent>
          </dep>
          <dep type="parataxis">
            <governor idx="27">ensure</governor>
            <dependent idx="41">deliver</dependent>
          </dep>
          <dep type="det">
            <governor idx="43">information</governor>
            <dependent idx="42">this</dependent>
          </dep>
          <dep type="dobj">
            <governor idx="41">deliver</governor>
            <dependent idx="43">information</dependent>
          </dep>
          <dep type="mark">
            <governor idx="51">etc.</governor>
            <dependent idx="44">so</dependent>
          </dep>
          <dep type="nsubj">
            <governor idx="51">etc.</governor>
            <dependent idx="45">it</dependent>
          </dep>
          <dep type="cop">
            <governor idx="51">etc.</governor>
            <dependent idx="46">is</dependent>
          </dep>
          <dep type="dep">
            <governor idx="50">personable</governor>
            <dependent idx="47">clear</dependent>
          </dep>
          <dep type="cc">
            <governor idx="50">personable</governor>
            <dependent idx="48">but</dependent>
          </dep>
          <dep type="advmod">
            <governor idx="50">personable</governor>
            <dependent idx="49">also</dependent>
          </dep>
          <dep type="amod">
            <governor idx="51">etc.</governor>
            <dependent idx="50">personable</dependent>
          </dep>
          <dep type="advcl">
            <governor idx="41">deliver</governor>
            <dependent idx="51">etc.</dependent>
          </dep>
          <dep type="punct">
            <governor idx="6">prefer</governor>
            <dependent idx="52">.</dependent>
          </dep>
        </dependencies>
        <dependencies type="collapsed-ccprocessed-dependencies">
          <dep type="root">
            <governor idx="0">ROOT</governor>
            <dependent idx="6">prefer</dependent>
          </dep>
          <dep type="nsubj">
            <governor idx="2">thought</governor>
            <dependent idx="1">We</dependent>
          </dep>
          <dep type="dep">
            <governor idx="6">prefer</governor>
            <dependent idx="2">thought</dependent>
          </dep>
          <dep type="advmod">
            <governor idx="4">would</governor>
            <dependent idx="3">how</dependent>
          </dep>
          <dep type="ccomp">
            <governor idx="2">thought</governor>
            <dependent idx="4">would</dependent>
          </dep>
          <dep type="nsubj">
            <governor idx="6">prefer</governor>
            <dependent idx="5">we</dependent>
          </dep>
          <dep type="mark">
            <governor idx="8">hear</governor>
            <dependent idx="7">to</dependent>
          </dep>
          <dep type="xcomp">
            <governor idx="6">prefer</governor>
            <dependent idx="8">hear</dependent>
          </dep>
          <dep type="det">
            <governor idx="10">type</governor>
            <dependent idx="9">this</dependent>
          </dep>
          <dep type="dobj">
            <governor idx="8">hear</governor>
            <dependent idx="10">type</dependent>
          </dep>
          <dep type="case">
            <governor idx="12">news</governor>
            <dependent idx="11">of</dependent>
          </dep>
          <dep type="nmod:of">
            <governor idx="10">type</governor>
            <dependent idx="12">news</dependent>
          </dep>
          <dep type="punct">
            <governor idx="12">news</governor>
            <dependent idx="13">,</dependent>
          </dep>
          <dep type="nsubj">
            <governor idx="18">employees</governor>
            <dependent idx="14">what</dependent>
          </dep>
          <dep type="aux">
            <governor idx="18">employees</governor>
            <dependent idx="15">will</dependent>
          </dep>
          <dep type="cop">
            <governor idx="18">employees</governor>
            <dependent idx="16">be</dependent>
          </dep>
          <dep type="det">
            <governor idx="18">employees</governor>
            <dependent idx="17">the</dependent>
          </dep>
          <dep type="acl:relcl">
            <governor idx="12">news</governor>
            <dependent idx="18">employees</dependent>
          </dep>
          <dep type="compound">
            <governor idx="20">points</governor>
            <dependent idx="19">pain</dependent>
          </dep>
          <dep type="nmod:tmod">
            <governor idx="6">prefer</governor>
            <dependent idx="20">points</dependent>
          </dep>
          <dep type="punct">
            <governor idx="20">points</governor>
            <dependent idx="21">,</dependent>
          </dep>
          <dep type="dobj">
            <governor idx="27">ensure</governor>
            <dependent idx="22">what</dependent>
          </dep>
          <dep type="nsubj">
            <governor idx="25">do</governor>
            <dependent idx="23">things</dependent>
          </dep>
          <dep type="aux">
            <governor idx="25">do</governor>
            <dependent idx="24">can</dependent>
          </dep>
          <dep type="acl:relcl">
            <governor idx="20">points</governor>
            <dependent idx="25">do</dependent>
          </dep>
          <dep type="mark">
            <governor idx="27">ensure</governor>
            <dependent idx="26">to</dependent>
          </dep>
          <dep type="xcomp">
            <governor idx="25">do</governor>
            <dependent idx="27">ensure</dependent>
          </dep>
          <dep type="nsubj">
            <governor idx="29">address</governor>
            <dependent idx="28">we</dependent>
          </dep>
          <dep type="ccomp">
            <governor idx="27">ensure</governor>
            <dependent idx="29">address</dependent>
          </dep>
          <dep type="det">
            <governor idx="32">points</governor>
            <dependent idx="30">these</dependent>
          </dep>
          <dep type="compound">
            <governor idx="32">points</governor>
            <dependent idx="31">pain</dependent>
          </dep>
          <dep type="dobj">
            <governor idx="29">address</governor>
            <dependent idx="32">points</dependent>
          </dep>
          <dep type="advmod">
            <governor idx="34">much</governor>
            <dependent idx="33">as</dependent>
          </dep>
          <dep type="advmod">
            <governor idx="29">address</governor>
            <dependent idx="34">much</dependent>
          </dep>
          <dep type="mark">
            <governor idx="36">possible</governor>
            <dependent idx="35">as</dependent>
          </dep>
          <dep type="advcl">
            <governor idx="41">deliver</governor>
            <dependent idx="36">possible</dependent>
          </dep>
          <dep type="punct">
            <governor idx="41">deliver</governor>
            <dependent idx="37">,</dependent>
          </dep>
          <dep type="advmod">
            <governor idx="41">deliver</governor>
            <dependent idx="38">how</dependent>
          </dep>
          <dep type="aux">
            <governor idx="41">deliver</governor>
            <dependent idx="39">can</dependent>
          </dep>
          <dep type="nsubj">
            <governor idx="41">deliver</governor>
            <dependent idx="40">we</dependent>
          </dep>
          <dep type="parataxis">
            <governor idx="27">ensure</governor>
            <dependent idx="41">deliver</dependent>
          </dep>
          <dep type="det">
            <governor idx="43">information</governor>
            <dependent idx="42">this</dependent>
          </dep>
          <dep type="dobj">
            <governor idx="41">deliver</governor>
            <dependent idx="43">information</dependent>
          </dep>
          <dep type="mark">
            <governor idx="51">etc.</governor>
            <dependent idx="44">so</dependent>
          </dep>
          <dep type="nsubj">
            <governor idx="51">etc.</governor>
            <dependent idx="45">it</dependent>
          </dep>
          <dep type="cop">
            <governor idx="51">etc.</governor>
            <dependent idx="46">is</dependent>
          </dep>
          <dep type="dep">
            <governor idx="50">personable</governor>
            <dependent idx="47">clear</dependent>
          </dep>
          <dep type="cc">
            <governor idx="50">personable</governor>
            <dependent idx="48">but</dependent>
          </dep>
          <dep type="advmod">
            <governor idx="50">personable</governor>
            <dependent idx="49">also</dependent>
          </dep>
          <dep type="amod">
            <governor idx="51">etc.</governor>
            <dependent idx="50">personable</dependent>
          </dep>
          <dep type="advcl">
            <governor idx="41">deliver</governor>
            <dependent idx="51">etc.</dependent>
          </dep>
          <dep type="punct">
            <governor idx="6">prefer</governor>
            <dependent idx="52">.</dependent>
          </dep>
        </dependencies>
      </sentence>
      <sentence id="104">
        <tokens>
          <token id="1">
            <word>It</word>
            <lemma>it</lemma>
            <CharacterOffsetBegin>10506</CharacterOffsetBegin>
            <CharacterOffsetEnd>10508</CharacterOffsetEnd>
            <POS>PRP</POS>
            <NER>O</NER>
            <Speaker>PER0</Speaker>
          </token>
          <token id="2">
            <word>was</word>
            <lemma>be</lemma>
            <CharacterOffsetBegin>10509</CharacterOffsetBegin>
            <CharacterOffsetEnd>10512</CharacterOffsetEnd>
            <POS>VBD</POS>
            <NER>O</NER>
            <Speaker>PER0</Speaker>
          </token>
          <token id="3">
            <word>a</word>
            <lemma>a</lemma>
            <CharacterOffsetBegin>10513</CharacterOffsetBegin>
            <CharacterOffsetEnd>10514</CharacterOffsetEnd>
            <POS>DT</POS>
            <NER>O</NER>
            <Speaker>PER0</Speaker>
          </token>
          <token id="4">
            <word>really</word>
            <lemma>really</lemma>
            <CharacterOffsetBegin>10515</CharacterOffsetBegin>
            <CharacterOffsetEnd>10521</CharacterOffsetEnd>
            <POS>RB</POS>
            <NER>O</NER>
            <Speaker>PER0</Speaker>
          </token>
          <token id="5">
            <word>difficult</word>
            <lemma>difficult</lemma>
            <CharacterOffsetBegin>10522</CharacterOffsetBegin>
            <CharacterOffsetEnd>10531</CharacterOffsetEnd>
            <POS>JJ</POS>
            <NER>O</NER>
            <Speaker>PER0</Speaker>
          </token>
          <token id="6">
            <word>task</word>
            <lemma>task</lemma>
            <CharacterOffsetBegin>10532</CharacterOffsetBegin>
            <CharacterOffsetEnd>10536</CharacterOffsetEnd>
            <POS>NN</POS>
            <NER>O</NER>
            <Speaker>PER0</Speaker>
          </token>
          <token id="7">
            <word>and</word>
            <lemma>and</lemma>
            <CharacterOffsetBegin>10537</CharacterOffsetBegin>
            <CharacterOffsetEnd>10540</CharacterOffsetEnd>
            <POS>CC</POS>
            <NER>O</NER>
            <Speaker>PER0</Speaker>
          </token>
          <token id="8">
            <word>I</word>
            <lemma>I</lemma>
            <CharacterOffsetBegin>10541</CharacterOffsetBegin>
            <CharacterOffsetEnd>10542</CharacterOffsetEnd>
            <POS>PRP</POS>
            <NER>O</NER>
            <Speaker>PER0</Speaker>
          </token>
          <token id="9">
            <word>could</word>
            <lemma>could</lemma>
            <CharacterOffsetBegin>10543</CharacterOffsetBegin>
            <CharacterOffsetEnd>10548</CharacterOffsetEnd>
            <POS>MD</POS>
            <NER>O</NER>
            <Speaker>PER0</Speaker>
          </token>
          <token id="10">
            <word>see</word>
            <lemma>see</lemma>
            <CharacterOffsetBegin>10549</CharacterOffsetBegin>
            <CharacterOffsetEnd>10552</CharacterOffsetEnd>
            <POS>VB</POS>
            <NER>O</NER>
            <Speaker>PER0</Speaker>
          </token>
          <token id="11">
            <word>Emily</word>
            <lemma>Emily</lemma>
            <CharacterOffsetBegin>10553</CharacterOffsetBegin>
            <CharacterOffsetEnd>10558</CharacterOffsetEnd>
            <POS>NNP</POS>
            <NER>PERSON</NER>
            <Speaker>PER0</Speaker>
          </token>
          <token id="12">
            <word>getting</word>
            <lemma>get</lemma>
            <CharacterOffsetBegin>10559</CharacterOffsetBegin>
            <CharacterOffsetEnd>10566</CharacterOffsetEnd>
            <POS>VBG</POS>
            <NER>O</NER>
            <Speaker>PER0</Speaker>
          </token>
          <token id="13">
            <word>really</word>
            <lemma>really</lemma>
            <CharacterOffsetBegin>10567</CharacterOffsetBegin>
            <CharacterOffsetEnd>10573</CharacterOffsetEnd>
            <POS>RB</POS>
            <NER>O</NER>
            <Speaker>PER0</Speaker>
          </token>
          <token id="14">
            <word>nervous</word>
            <lemma>nervous</lemma>
            <CharacterOffsetBegin>10574</CharacterOffsetBegin>
            <CharacterOffsetEnd>10581</CharacterOffsetEnd>
            <POS>JJ</POS>
            <NER>O</NER>
            <Speaker>PER0</Speaker>
          </token>
          <token id="15">
            <word>and</word>
            <lemma>and</lemma>
            <CharacterOffsetBegin>10582</CharacterOffsetBegin>
            <CharacterOffsetEnd>10585</CharacterOffsetEnd>
            <POS>CC</POS>
            <NER>O</NER>
            <Speaker>PER0</Speaker>
          </token>
          <token id="16">
            <word>sick</word>
            <lemma>sick</lemma>
            <CharacterOffsetBegin>10586</CharacterOffsetBegin>
            <CharacterOffsetEnd>10590</CharacterOffsetEnd>
            <POS>JJ</POS>
            <NER>O</NER>
            <Speaker>PER0</Speaker>
          </token>
          <token id="17">
            <word>to</word>
            <lemma>to</lemma>
            <CharacterOffsetBegin>10591</CharacterOffsetBegin>
            <CharacterOffsetEnd>10593</CharacterOffsetEnd>
            <POS>TO</POS>
            <NER>O</NER>
            <Speaker>PER0</Speaker>
          </token>
          <token id="18">
            <word>her</word>
            <lemma>she</lemma>
            <CharacterOffsetBegin>10594</CharacterOffsetBegin>
            <CharacterOffsetEnd>10597</CharacterOffsetEnd>
            <POS>PRP$</POS>
            <NER>O</NER>
            <Speaker>PER0</Speaker>
          </token>
          <token id="19">
            <word>stomach</word>
            <lemma>stomach</lemma>
            <CharacterOffsetBegin>10598</CharacterOffsetBegin>
            <CharacterOffsetEnd>10605</CharacterOffsetEnd>
            <POS>NN</POS>
            <NER>O</NER>
            <Speaker>PER0</Speaker>
          </token>
          <token id="20">
            <word>.</word>
            <lemma>.</lemma>
            <CharacterOffsetBegin>10605</CharacterOffsetBegin>
            <CharacterOffsetEnd>10606</CharacterOffsetEnd>
            <POS>.</POS>
            <NER>O</NER>
            <Speaker>PER0</Speaker>
          </token>
        </tokens>
        <parse>(ROOT (S (S (NP (PRP It)) (VP (VBD was) (NP (DT a) (ADJP (RB really) (JJ difficult)) (NN task)))) (CC and) (S (NP (PRP I)) (VP (MD could) (VP (VB see) (NP (NP (NNP Emily)) (VP (VBG getting) (ADJP (ADJP (RB really) (JJ nervous) (CC and) (JJ sick)) (PP (TO to) (NP (PRP$ her) (NN stomach))))))))) (. .))) </parse>
        <dependencies type="basic-dependencies">
          <dep type="root">
            <governor idx="0">ROOT</governor>
            <dependent idx="6">task</dependent>
          </dep>
          <dep type="nsubj">
            <governor idx="6">task</governor>
            <dependent idx="1">It</dependent>
          </dep>
          <dep type="cop">
            <governor idx="6">task</governor>
            <dependent idx="2">was</dependent>
          </dep>
          <dep type="det">
            <governor idx="6">task</governor>
            <dependent idx="3">a</dependent>
          </dep>
          <dep type="advmod">
            <governor idx="5">difficult</governor>
            <dependent idx="4">really</dependent>
          </dep>
          <dep type="amod">
            <governor idx="6">task</governor>
            <dependent idx="5">difficult</dependent>
          </dep>
          <dep type="cc">
            <governor idx="6">task</governor>
            <dependent idx="7">and</dependent>
          </dep>
          <dep type="nsubj">
            <governor idx="10">see</governor>
            <dependent idx="8">I</dependent>
          </dep>
          <dep type="aux">
            <governor idx="10">see</governor>
            <dependent idx="9">could</dependent>
          </dep>
          <dep type="conj">
            <governor idx="6">task</governor>
            <dependent idx="10">see</dependent>
          </dep>
          <dep type="dobj">
            <governor idx="10">see</governor>
            <dependent idx="11">Emily</dependent>
          </dep>
          <dep type="acl">
            <governor idx="11">Emily</governor>
            <dependent idx="12">getting</dependent>
          </dep>
          <dep type="advmod">
            <governor idx="14">nervous</governor>
            <dependent idx="13">really</dependent>
          </dep>
          <dep type="xcomp">
            <governor idx="12">getting</governor>
            <dependent idx="14">nervous</dependent>
          </dep>
          <dep type="cc">
            <governor idx="14">nervous</governor>
            <dependent idx="15">and</dependent>
          </dep>
          <dep type="conj">
            <governor idx="14">nervous</governor>
            <dependent idx="16">sick</dependent>
          </dep>
          <dep type="case">
            <governor idx="19">stomach</governor>
            <dependent idx="17">to</dependent>
          </dep>
          <dep type="nmod:poss">
            <governor idx="19">stomach</governor>
            <dependent idx="18">her</dependent>
          </dep>
          <dep type="nmod">
            <governor idx="14">nervous</governor>
            <dependent idx="19">stomach</dependent>
          </dep>
          <dep type="punct">
            <governor idx="6">task</governor>
            <dependent idx="20">.</dependent>
          </dep>
        </dependencies>
        <dependencies type="collapsed-dependencies">
          <dep type="root">
            <governor idx="0">ROOT</governor>
            <dependent idx="6">task</dependent>
          </dep>
          <dep type="nsubj">
            <governor idx="6">task</governor>
            <dependent idx="1">It</dependent>
          </dep>
          <dep type="cop">
            <governor idx="6">task</governor>
            <dependent idx="2">was</dependent>
          </dep>
          <dep type="det">
            <governor idx="6">task</governor>
            <dependent idx="3">a</dependent>
          </dep>
          <dep type="advmod">
            <governor idx="5">difficult</governor>
            <dependent idx="4">really</dependent>
          </dep>
          <dep type="amod">
            <governor idx="6">task</governor>
            <dependent idx="5">difficult</dependent>
          </dep>
          <dep type="cc">
            <governor idx="6">task</governor>
            <dependent idx="7">and</dependent>
          </dep>
          <dep type="nsubj">
            <governor idx="10">see</governor>
            <dependent idx="8">I</dependent>
          </dep>
          <dep type="aux">
            <governor idx="10">see</governor>
            <dependent idx="9">could</dependent>
          </dep>
          <dep type="conj:and">
            <governor idx="6">task</governor>
            <dependent idx="10">see</dependent>
          </dep>
          <dep type="dobj">
            <governor idx="10">see</governor>
            <dependent idx="11">Emily</dependent>
          </dep>
          <dep type="acl">
            <governor idx="11">Emily</governor>
            <dependent idx="12">getting</dependent>
          </dep>
          <dep type="advmod">
            <governor idx="14">nervous</governor>
            <dependent idx="13">really</dependent>
          </dep>
          <dep type="xcomp">
            <governor idx="12">getting</governor>
            <dependent idx="14">nervous</dependent>
          </dep>
          <dep type="cc">
            <governor idx="14">nervous</governor>
            <dependent idx="15">and</dependent>
          </dep>
          <dep type="conj:and">
            <governor idx="14">nervous</governor>
            <dependent idx="16">sick</dependent>
          </dep>
          <dep type="case">
            <governor idx="19">stomach</governor>
            <dependent idx="17">to</dependent>
          </dep>
          <dep type="nmod:poss">
            <governor idx="19">stomach</governor>
            <dependent idx="18">her</dependent>
          </dep>
          <dep type="nmod:to">
            <governor idx="14">nervous</governor>
            <dependent idx="19">stomach</dependent>
          </dep>
          <dep type="punct">
            <governor idx="6">task</governor>
            <dependent idx="20">.</dependent>
          </dep>
        </dependencies>
        <dependencies type="collapsed-ccprocessed-dependencies">
          <dep type="root">
            <governor idx="0">ROOT</governor>
            <dependent idx="6">task</dependent>
          </dep>
          <dep type="nsubj">
            <governor idx="6">task</governor>
            <dependent idx="1">It</dependent>
          </dep>
          <dep type="cop">
            <governor idx="6">task</governor>
            <dependent idx="2">was</dependent>
          </dep>
          <dep type="det">
            <governor idx="6">task</governor>
            <dependent idx="3">a</dependent>
          </dep>
          <dep type="advmod">
            <governor idx="5">difficult</governor>
            <dependent idx="4">really</dependent>
          </dep>
          <dep type="amod">
            <governor idx="6">task</governor>
            <dependent idx="5">difficult</dependent>
          </dep>
          <dep type="cc">
            <governor idx="6">task</governor>
            <dependent idx="7">and</dependent>
          </dep>
          <dep type="nsubj">
            <governor idx="10">see</governor>
            <dependent idx="8">I</dependent>
          </dep>
          <dep type="aux">
            <governor idx="10">see</governor>
            <dependent idx="9">could</dependent>
          </dep>
          <dep type="conj:and">
            <governor idx="6">task</governor>
            <dependent idx="10">see</dependent>
          </dep>
          <dep type="dobj">
            <governor idx="10">see</governor>
            <dependent idx="11">Emily</dependent>
          </dep>
          <dep type="acl">
            <governor idx="11">Emily</governor>
            <dependent idx="12">getting</dependent>
          </dep>
          <dep type="advmod">
            <governor idx="14">nervous</governor>
            <dependent idx="13">really</dependent>
          </dep>
          <dep type="xcomp">
            <governor idx="12">getting</governor>
            <dependent idx="14">nervous</dependent>
          </dep>
          <dep type="cc">
            <governor idx="14">nervous</governor>
            <dependent idx="15">and</dependent>
          </dep>
          <dep type="xcomp" extra="true">
            <governor idx="12">getting</governor>
            <dependent idx="16">sick</dependent>
          </dep>
          <dep type="conj:and">
            <governor idx="14">nervous</governor>
            <dependent idx="16">sick</dependent>
          </dep>
          <dep type="case">
            <governor idx="19">stomach</governor>
            <dependent idx="17">to</dependent>
          </dep>
          <dep type="nmod:poss">
            <governor idx="19">stomach</governor>
            <dependent idx="18">her</dependent>
          </dep>
          <dep type="nmod:to">
            <governor idx="14">nervous</governor>
            <dependent idx="19">stomach</dependent>
          </dep>
          <dep type="punct">
            <governor idx="6">task</governor>
            <dependent idx="20">.</dependent>
          </dep>
        </dependencies>
      </sentence>
      <sentence id="105">
        <tokens>
          <token id="1">
            <word>I</word>
            <lemma>I</lemma>
            <CharacterOffsetBegin>10607</CharacterOffsetBegin>
            <CharacterOffsetEnd>10608</CharacterOffsetEnd>
            <POS>PRP</POS>
            <NER>O</NER>
            <Speaker>PER0</Speaker>
          </token>
          <token id="2">
            <word>started</word>
            <lemma>start</lemma>
            <CharacterOffsetBegin>10609</CharacterOffsetBegin>
            <CharacterOffsetEnd>10616</CharacterOffsetEnd>
            <POS>VBD</POS>
            <NER>O</NER>
            <Speaker>PER0</Speaker>
          </token>
          <token id="3">
            <word>getting</word>
            <lemma>get</lemma>
            <CharacterOffsetBegin>10617</CharacterOffsetBegin>
            <CharacterOffsetEnd>10624</CharacterOffsetEnd>
            <POS>VBG</POS>
            <NER>O</NER>
            <Speaker>PER0</Speaker>
          </token>
          <token id="4">
            <word>nervous</word>
            <lemma>nervous</lemma>
            <CharacterOffsetBegin>10625</CharacterOffsetBegin>
            <CharacterOffsetEnd>10632</CharacterOffsetEnd>
            <POS>JJ</POS>
            <NER>O</NER>
            <Speaker>PER0</Speaker>
          </token>
          <token id="5">
            <word>and</word>
            <lemma>and</lemma>
            <CharacterOffsetBegin>10633</CharacterOffsetBegin>
            <CharacterOffsetEnd>10636</CharacterOffsetEnd>
            <POS>CC</POS>
            <NER>O</NER>
            <Speaker>PER0</Speaker>
          </token>
          <token id="6">
            <word>sick</word>
            <lemma>sick</lemma>
            <CharacterOffsetBegin>10637</CharacterOffsetBegin>
            <CharacterOffsetEnd>10641</CharacterOffsetEnd>
            <POS>JJ</POS>
            <NER>O</NER>
            <Speaker>PER0</Speaker>
          </token>
          <token id="7">
            <word>to</word>
            <lemma>to</lemma>
            <CharacterOffsetBegin>10642</CharacterOffsetBegin>
            <CharacterOffsetEnd>10644</CharacterOffsetEnd>
            <POS>TO</POS>
            <NER>O</NER>
            <Speaker>PER0</Speaker>
          </token>
          <token id="8">
            <word>my</word>
            <lemma>my</lemma>
            <CharacterOffsetBegin>10645</CharacterOffsetBegin>
            <CharacterOffsetEnd>10647</CharacterOffsetEnd>
            <POS>PRP$</POS>
            <NER>O</NER>
            <Speaker>PER0</Speaker>
          </token>
          <token id="9">
            <word>stomach</word>
            <lemma>stomach</lemma>
            <CharacterOffsetBegin>10648</CharacterOffsetBegin>
            <CharacterOffsetEnd>10655</CharacterOffsetEnd>
            <POS>NN</POS>
            <NER>O</NER>
            <Speaker>PER0</Speaker>
          </token>
          <token id="10">
            <word>.</word>
            <lemma>.</lemma>
            <CharacterOffsetBegin>10655</CharacterOffsetBegin>
            <CharacterOffsetEnd>10656</CharacterOffsetEnd>
            <POS>.</POS>
            <NER>O</NER>
            <Speaker>PER0</Speaker>
          </token>
        </tokens>
        <parse>(ROOT (S (NP (PRP I)) (VP (VBD started) (S (VP (VBG getting) (ADJP (JJ nervous) (CC and) (JJ sick)) (PP (TO to) (NP (PRP$ my) (NN stomach)))))) (. .))) </parse>
        <dependencies type="basic-dependencies">
          <dep type="root">
            <governor idx="0">ROOT</governor>
            <dependent idx="2">started</dependent>
          </dep>
          <dep type="nsubj">
            <governor idx="2">started</governor>
            <dependent idx="1">I</dependent>
          </dep>
          <dep type="xcomp">
            <governor idx="2">started</governor>
            <dependent idx="3">getting</dependent>
          </dep>
          <dep type="xcomp">
            <governor idx="3">getting</governor>
            <dependent idx="4">nervous</dependent>
          </dep>
          <dep type="cc">
            <governor idx="4">nervous</governor>
            <dependent idx="5">and</dependent>
          </dep>
          <dep type="conj">
            <governor idx="4">nervous</governor>
            <dependent idx="6">sick</dependent>
          </dep>
          <dep type="case">
            <governor idx="9">stomach</governor>
            <dependent idx="7">to</dependent>
          </dep>
          <dep type="nmod:poss">
            <governor idx="9">stomach</governor>
            <dependent idx="8">my</dependent>
          </dep>
          <dep type="nmod">
            <governor idx="3">getting</governor>
            <dependent idx="9">stomach</dependent>
          </dep>
          <dep type="punct">
            <governor idx="2">started</governor>
            <dependent idx="10">.</dependent>
          </dep>
        </dependencies>
        <dependencies type="collapsed-dependencies">
          <dep type="root">
            <governor idx="0">ROOT</governor>
            <dependent idx="2">started</dependent>
          </dep>
          <dep type="nsubj">
            <governor idx="2">started</governor>
            <dependent idx="1">I</dependent>
          </dep>
          <dep type="xcomp">
            <governor idx="2">started</governor>
            <dependent idx="3">getting</dependent>
          </dep>
          <dep type="xcomp">
            <governor idx="3">getting</governor>
            <dependent idx="4">nervous</dependent>
          </dep>
          <dep type="cc">
            <governor idx="4">nervous</governor>
            <dependent idx="5">and</dependent>
          </dep>
          <dep type="conj:and">
            <governor idx="4">nervous</governor>
            <dependent idx="6">sick</dependent>
          </dep>
          <dep type="case">
            <governor idx="9">stomach</governor>
            <dependent idx="7">to</dependent>
          </dep>
          <dep type="nmod:poss">
            <governor idx="9">stomach</governor>
            <dependent idx="8">my</dependent>
          </dep>
          <dep type="nmod:to">
            <governor idx="3">getting</governor>
            <dependent idx="9">stomach</dependent>
          </dep>
          <dep type="punct">
            <governor idx="2">started</governor>
            <dependent idx="10">.</dependent>
          </dep>
        </dependencies>
        <dependencies type="collapsed-ccprocessed-dependencies">
          <dep type="root">
            <governor idx="0">ROOT</governor>
            <dependent idx="2">started</dependent>
          </dep>
          <dep type="nsubj">
            <governor idx="2">started</governor>
            <dependent idx="1">I</dependent>
          </dep>
          <dep type="xcomp">
            <governor idx="2">started</governor>
            <dependent idx="3">getting</dependent>
          </dep>
          <dep type="xcomp">
            <governor idx="3">getting</governor>
            <dependent idx="4">nervous</dependent>
          </dep>
          <dep type="cc">
            <governor idx="4">nervous</governor>
            <dependent idx="5">and</dependent>
          </dep>
          <dep type="xcomp" extra="true">
            <governor idx="3">getting</governor>
            <dependent idx="6">sick</dependent>
          </dep>
          <dep type="conj:and">
            <governor idx="4">nervous</governor>
            <dependent idx="6">sick</dependent>
          </dep>
          <dep type="case">
            <governor idx="9">stomach</governor>
            <dependent idx="7">to</dependent>
          </dep>
          <dep type="nmod:poss">
            <governor idx="9">stomach</governor>
            <dependent idx="8">my</dependent>
          </dep>
          <dep type="nmod:to">
            <governor idx="3">getting</governor>
            <dependent idx="9">stomach</dependent>
          </dep>
          <dep type="punct">
            <governor idx="2">started</governor>
            <dependent idx="10">.</dependent>
          </dep>
        </dependencies>
      </sentence>
      <sentence id="106">
        <tokens>
          <token id="1">
            <word>From</word>
            <lemma>from</lemma>
            <CharacterOffsetBegin>10657</CharacterOffsetBegin>
            <CharacterOffsetEnd>10661</CharacterOffsetEnd>
            <POS>IN</POS>
            <NER>O</NER>
            <Speaker>PER0</Speaker>
          </token>
          <token id="2">
            <word>this</word>
            <lemma>this</lemma>
            <CharacterOffsetBegin>10662</CharacterOffsetBegin>
            <CharacterOffsetEnd>10666</CharacterOffsetEnd>
            <POS>DT</POS>
            <NER>O</NER>
            <Speaker>PER0</Speaker>
          </token>
          <token id="3">
            <word>exercise</word>
            <lemma>exercise</lemma>
            <CharacterOffsetBegin>10667</CharacterOffsetBegin>
            <CharacterOffsetEnd>10675</CharacterOffsetEnd>
            <POS>NN</POS>
            <NER>O</NER>
            <Speaker>PER0</Speaker>
          </token>
          <token id="4">
            <word>what</word>
            <lemma>what</lemma>
            <CharacterOffsetBegin>10676</CharacterOffsetBegin>
            <CharacterOffsetEnd>10680</CharacterOffsetEnd>
            <POS>WDT</POS>
            <NER>O</NER>
            <Speaker>PER0</Speaker>
          </token>
          <token id="5">
            <word>I</word>
            <lemma>I</lemma>
            <CharacterOffsetBegin>10681</CharacterOffsetBegin>
            <CharacterOffsetEnd>10682</CharacterOffsetEnd>
            <POS>PRP</POS>
            <NER>O</NER>
            <Speaker>PER0</Speaker>
          </token>
          <token id="6">
            <word>learnt</word>
            <lemma>learn</lemma>
            <CharacterOffsetBegin>10683</CharacterOffsetBegin>
            <CharacterOffsetEnd>10689</CharacterOffsetEnd>
            <POS>VBD</POS>
            <NER>O</NER>
            <Speaker>PER0</Speaker>
          </token>
          <token id="7">
            <word>most</word>
            <lemma>most</lemma>
            <CharacterOffsetBegin>10690</CharacterOffsetBegin>
            <CharacterOffsetEnd>10694</CharacterOffsetEnd>
            <POS>RBS</POS>
            <NER>O</NER>
            <Speaker>PER0</Speaker>
          </token>
          <token id="8">
            <word>was</word>
            <lemma>be</lemma>
            <CharacterOffsetBegin>10695</CharacterOffsetBegin>
            <CharacterOffsetEnd>10698</CharacterOffsetEnd>
            <POS>VBD</POS>
            <NER>O</NER>
            <Speaker>PER0</Speaker>
          </token>
          <token id="9">
            <word>not</word>
            <lemma>not</lemma>
            <CharacterOffsetBegin>10699</CharacterOffsetBegin>
            <CharacterOffsetEnd>10702</CharacterOffsetEnd>
            <POS>RB</POS>
            <NER>O</NER>
            <Speaker>PER0</Speaker>
          </token>
          <token id="10">
            <word>how</word>
            <lemma>how</lemma>
            <CharacterOffsetBegin>10703</CharacterOffsetBegin>
            <CharacterOffsetEnd>10706</CharacterOffsetEnd>
            <POS>WRB</POS>
            <NER>O</NER>
            <Speaker>PER0</Speaker>
          </token>
          <token id="11">
            <word>it</word>
            <lemma>it</lemma>
            <CharacterOffsetBegin>10707</CharacterOffsetBegin>
            <CharacterOffsetEnd>10709</CharacterOffsetEnd>
            <POS>PRP</POS>
            <NER>O</NER>
            <Speaker>PER0</Speaker>
          </token>
          <token id="12">
            <word>impacted</word>
            <lemma>impact</lemma>
            <CharacterOffsetBegin>10710</CharacterOffsetBegin>
            <CharacterOffsetEnd>10718</CharacterOffsetEnd>
            <POS>VBD</POS>
            <NER>O</NER>
            <Speaker>PER0</Speaker>
          </token>
          <token id="13">
            <word>employees</word>
            <lemma>employee</lemma>
            <CharacterOffsetBegin>10719</CharacterOffsetBegin>
            <CharacterOffsetEnd>10728</CharacterOffsetEnd>
            <POS>NNS</POS>
            <NER>O</NER>
            <Speaker>PER0</Speaker>
          </token>
          <token id="14">
            <word>but</word>
            <lemma>but</lemma>
            <CharacterOffsetBegin>10729</CharacterOffsetBegin>
            <CharacterOffsetEnd>10732</CharacterOffsetEnd>
            <POS>CC</POS>
            <NER>O</NER>
            <Speaker>PER0</Speaker>
          </token>
          <token id="15">
            <word>more</word>
            <lemma>more</lemma>
            <CharacterOffsetBegin>10733</CharacterOffsetBegin>
            <CharacterOffsetEnd>10737</CharacterOffsetEnd>
            <POS>RBR</POS>
            <NER>O</NER>
            <Speaker>PER0</Speaker>
          </token>
          <token id="16">
            <word>so</word>
            <lemma>so</lemma>
            <CharacterOffsetBegin>10738</CharacterOffsetBegin>
            <CharacterOffsetEnd>10740</CharacterOffsetEnd>
            <POS>RB</POS>
            <NER>O</NER>
            <Speaker>PER0</Speaker>
          </token>
          <token id="17">
            <word>about</word>
            <lemma>about</lemma>
            <CharacterOffsetBegin>10741</CharacterOffsetBegin>
            <CharacterOffsetEnd>10746</CharacterOffsetEnd>
            <POS>IN</POS>
            <NER>O</NER>
            <Speaker>PER0</Speaker>
          </token>
          <token id="18">
            <word>the</word>
            <lemma>the</lemma>
            <CharacterOffsetBegin>10747</CharacterOffsetBegin>
            <CharacterOffsetEnd>10750</CharacterOffsetEnd>
            <POS>DT</POS>
            <NER>O</NER>
            <Speaker>PER0</Speaker>
          </token>
          <token id="19">
            <word>leaders</word>
            <lemma>leader</lemma>
            <CharacterOffsetBegin>10751</CharacterOffsetBegin>
            <CharacterOffsetEnd>10758</CharacterOffsetEnd>
            <POS>NNS</POS>
            <NER>O</NER>
            <Speaker>PER0</Speaker>
          </token>
          <token id="20">
            <word>role</word>
            <lemma>role</lemma>
            <CharacterOffsetBegin>10759</CharacterOffsetBegin>
            <CharacterOffsetEnd>10763</CharacterOffsetEnd>
            <POS>NN</POS>
            <NER>O</NER>
            <Speaker>PER0</Speaker>
          </token>
          <token id="21">
            <word>.</word>
            <lemma>.</lemma>
            <CharacterOffsetBegin>10763</CharacterOffsetBegin>
            <CharacterOffsetEnd>10764</CharacterOffsetEnd>
            <POS>.</POS>
            <NER>O</NER>
            <Speaker>PER0</Speaker>
          </token>
        </tokens>
        <parse>(ROOT (S (PP (IN From) (NP (NP (DT this) (NN exercise)) (SBAR (WHNP (WDT what)) (S (NP (PRP I)) (VP (VBD learnt) (SBAR (S (NP (RBS most)) (VP (VBD was) (RB not) (NP (WRB how)))))))))) (NP (PRP it)) (VP (VBD impacted) (NP (NNS employees)) (PRN (CC but) (ADVP (RBR more) (RB so)) (PP (IN about) (NP (DT the) (NNS leaders) (NN role))))) (. .))) </parse>
        <dependencies type="basic-dependencies">
          <dep type="root">
            <governor idx="0">ROOT</governor>
            <dependent idx="12">impacted</dependent>
          </dep>
          <dep type="case">
            <governor idx="3">exercise</governor>
            <dependent idx="1">From</dependent>
          </dep>
          <dep type="det">
            <governor idx="3">exercise</governor>
            <dependent idx="2">this</dependent>
          </dep>
          <dep type="nmod">
            <governor idx="12">impacted</governor>
            <dependent idx="3">exercise</dependent>
          </dep>
          <dep type="dobj">
            <governor idx="6">learnt</governor>
            <dependent idx="4">what</dependent>
          </dep>
          <dep type="nsubj">
            <governor idx="6">learnt</governor>
            <dependent idx="5">I</dependent>
          </dep>
          <dep type="acl:relcl">
            <governor idx="3">exercise</governor>
            <dependent idx="6">learnt</dependent>
          </dep>
          <dep type="nsubj">
            <governor idx="10">how</governor>
            <dependent idx="7">most</dependent>
          </dep>
          <dep type="cop">
            <governor idx="10">how</governor>
            <dependent idx="8">was</dependent>
          </dep>
          <dep type="neg">
            <governor idx="10">how</governor>
            <dependent idx="9">not</dependent>
          </dep>
          <dep type="ccomp">
            <governor idx="6">learnt</governor>
            <dependent idx="10">how</dependent>
          </dep>
          <dep type="nsubj">
            <governor idx="12">impacted</governor>
            <dependent idx="11">it</dependent>
          </dep>
          <dep type="dobj">
            <governor idx="12">impacted</governor>
            <dependent idx="13">employees</dependent>
          </dep>
          <dep type="cc">
            <governor idx="20">role</governor>
            <dependent idx="14">but</dependent>
          </dep>
          <dep type="advmod">
            <governor idx="16">so</governor>
            <dependent idx="15">more</dependent>
          </dep>
          <dep type="dep">
            <governor idx="20">role</governor>
            <dependent idx="16">so</dependent>
          </dep>
          <dep type="case">
            <governor idx="20">role</governor>
            <dependent idx="17">about</dependent>
          </dep>
          <dep type="det">
            <governor idx="20">role</governor>
            <dependent idx="18">the</dependent>
          </dep>
          <dep type="compound">
            <governor idx="20">role</governor>
            <dependent idx="19">leaders</dependent>
          </dep>
          <dep type="dep">
            <governor idx="12">impacted</governor>
            <dependent idx="20">role</dependent>
          </dep>
          <dep type="punct">
            <governor idx="12">impacted</governor>
            <dependent idx="21">.</dependent>
          </dep>
        </dependencies>
        <dependencies type="collapsed-dependencies">
          <dep type="root">
            <governor idx="0">ROOT</governor>
            <dependent idx="12">impacted</dependent>
          </dep>
          <dep type="case">
            <governor idx="3">exercise</governor>
            <dependent idx="1">From</dependent>
          </dep>
          <dep type="det">
            <governor idx="3">exercise</governor>
            <dependent idx="2">this</dependent>
          </dep>
          <dep type="nmod:from">
            <governor idx="12">impacted</governor>
            <dependent idx="3">exercise</dependent>
          </dep>
          <dep type="dobj">
            <governor idx="6">learnt</governor>
            <dependent idx="4">what</dependent>
          </dep>
          <dep type="nsubj">
            <governor idx="6">learnt</governor>
            <dependent idx="5">I</dependent>
          </dep>
          <dep type="acl:relcl">
            <governor idx="3">exercise</governor>
            <dependent idx="6">learnt</dependent>
          </dep>
          <dep type="nsubj">
            <governor idx="10">how</governor>
            <dependent idx="7">most</dependent>
          </dep>
          <dep type="cop">
            <governor idx="10">how</governor>
            <dependent idx="8">was</dependent>
          </dep>
          <dep type="neg">
            <governor idx="10">how</governor>
            <dependent idx="9">not</dependent>
          </dep>
          <dep type="ccomp">
            <governor idx="6">learnt</governor>
            <dependent idx="10">how</dependent>
          </dep>
          <dep type="nsubj">
            <governor idx="12">impacted</governor>
            <dependent idx="11">it</dependent>
          </dep>
          <dep type="dobj">
            <governor idx="12">impacted</governor>
            <dependent idx="13">employees</dependent>
          </dep>
          <dep type="cc">
            <governor idx="20">role</governor>
            <dependent idx="14">but</dependent>
          </dep>
          <dep type="advmod">
            <governor idx="16">so</governor>
            <dependent idx="15">more</dependent>
          </dep>
          <dep type="dep">
            <governor idx="20">role</governor>
            <dependent idx="16">so</dependent>
          </dep>
          <dep type="case">
            <governor idx="20">role</governor>
            <dependent idx="17">about</dependent>
          </dep>
          <dep type="det">
            <governor idx="20">role</governor>
            <dependent idx="18">the</dependent>
          </dep>
          <dep type="compound">
            <governor idx="20">role</governor>
            <dependent idx="19">leaders</dependent>
          </dep>
          <dep type="dep">
            <governor idx="12">impacted</governor>
            <dependent idx="20">role</dependent>
          </dep>
          <dep type="punct">
            <governor idx="12">impacted</governor>
            <dependent idx="21">.</dependent>
          </dep>
        </dependencies>
        <dependencies type="collapsed-ccprocessed-dependencies">
          <dep type="root">
            <governor idx="0">ROOT</governor>
            <dependent idx="12">impacted</dependent>
          </dep>
          <dep type="case">
            <governor idx="3">exercise</governor>
            <dependent idx="1">From</dependent>
          </dep>
          <dep type="det">
            <governor idx="3">exercise</governor>
            <dependent idx="2">this</dependent>
          </dep>
          <dep type="nmod:from">
            <governor idx="12">impacted</governor>
            <dependent idx="3">exercise</dependent>
          </dep>
          <dep type="dobj">
            <governor idx="6">learnt</governor>
            <dependent idx="4">what</dependent>
          </dep>
          <dep type="nsubj">
            <governor idx="6">learnt</governor>
            <dependent idx="5">I</dependent>
          </dep>
          <dep type="acl:relcl">
            <governor idx="3">exercise</governor>
            <dependent idx="6">learnt</dependent>
          </dep>
          <dep type="nsubj">
            <governor idx="10">how</governor>
            <dependent idx="7">most</dependent>
          </dep>
          <dep type="cop">
            <governor idx="10">how</governor>
            <dependent idx="8">was</dependent>
          </dep>
          <dep type="neg">
            <governor idx="10">how</governor>
            <dependent idx="9">not</dependent>
          </dep>
          <dep type="ccomp">
            <governor idx="6">learnt</governor>
            <dependent idx="10">how</dependent>
          </dep>
          <dep type="nsubj">
            <governor idx="12">impacted</governor>
            <dependent idx="11">it</dependent>
          </dep>
          <dep type="dobj">
            <governor idx="12">impacted</governor>
            <dependent idx="13">employees</dependent>
          </dep>
          <dep type="cc">
            <governor idx="20">role</governor>
            <dependent idx="14">but</dependent>
          </dep>
          <dep type="advmod">
            <governor idx="16">so</governor>
            <dependent idx="15">more</dependent>
          </dep>
          <dep type="dep">
            <governor idx="20">role</governor>
            <dependent idx="16">so</dependent>
          </dep>
          <dep type="case">
            <governor idx="20">role</governor>
            <dependent idx="17">about</dependent>
          </dep>
          <dep type="det">
            <governor idx="20">role</governor>
            <dependent idx="18">the</dependent>
          </dep>
          <dep type="compound">
            <governor idx="20">role</governor>
            <dependent idx="19">leaders</dependent>
          </dep>
          <dep type="dep">
            <governor idx="12">impacted</governor>
            <dependent idx="20">role</dependent>
          </dep>
          <dep type="punct">
            <governor idx="12">impacted</governor>
            <dependent idx="21">.</dependent>
          </dep>
        </dependencies>
      </sentence>
      <sentence id="107">
        <tokens>
          <token id="1">
            <word>It</word>
            <lemma>it</lemma>
            <CharacterOffsetBegin>10765</CharacterOffsetBegin>
            <CharacterOffsetEnd>10767</CharacterOffsetEnd>
            <POS>PRP</POS>
            <NER>O</NER>
            <Speaker>PER0</Speaker>
          </token>
          <token id="2">
            <word>made</word>
            <lemma>make</lemma>
            <CharacterOffsetBegin>10768</CharacterOffsetBegin>
            <CharacterOffsetEnd>10772</CharacterOffsetEnd>
            <POS>VBD</POS>
            <NER>O</NER>
            <Speaker>PER0</Speaker>
          </token>
          <token id="3">
            <word>me</word>
            <lemma>I</lemma>
            <CharacterOffsetBegin>10773</CharacterOffsetBegin>
            <CharacterOffsetEnd>10775</CharacterOffsetEnd>
            <POS>PRP</POS>
            <NER>O</NER>
            <Speaker>PER0</Speaker>
          </token>
          <token id="4">
            <word>empathise</word>
            <lemma>empathise</lemma>
            <CharacterOffsetBegin>10776</CharacterOffsetBegin>
            <CharacterOffsetEnd>10785</CharacterOffsetEnd>
            <POS>VB</POS>
            <NER>O</NER>
            <Speaker>PER0</Speaker>
          </token>
          <token id="5">
            <word>with</word>
            <lemma>with</lemma>
            <CharacterOffsetBegin>10786</CharacterOffsetBegin>
            <CharacterOffsetEnd>10790</CharacterOffsetEnd>
            <POS>IN</POS>
            <NER>O</NER>
            <Speaker>PER0</Speaker>
          </token>
          <token id="6">
            <word>what</word>
            <lemma>what</lemma>
            <CharacterOffsetBegin>10791</CharacterOffsetBegin>
            <CharacterOffsetEnd>10795</CharacterOffsetEnd>
            <POS>WP</POS>
            <NER>O</NER>
            <Speaker>PER0</Speaker>
          </token>
          <token id="7">
            <word>leaders</word>
            <lemma>leader</lemma>
            <CharacterOffsetBegin>10796</CharacterOffsetBegin>
            <CharacterOffsetEnd>10803</CharacterOffsetEnd>
            <POS>NNS</POS>
            <NER>O</NER>
            <Speaker>PER0</Speaker>
          </token>
          <token id="8">
            <word>have</word>
            <lemma>have</lemma>
            <CharacterOffsetBegin>10804</CharacterOffsetBegin>
            <CharacterOffsetEnd>10808</CharacterOffsetEnd>
            <POS>VBP</POS>
            <NER>O</NER>
            <Speaker>PER0</Speaker>
          </token>
          <token id="9">
            <word>to</word>
            <lemma>to</lemma>
            <CharacterOffsetBegin>10809</CharacterOffsetBegin>
            <CharacterOffsetEnd>10811</CharacterOffsetEnd>
            <POS>TO</POS>
            <NER>O</NER>
            <Speaker>PER0</Speaker>
          </token>
          <token id="10">
            <word>go</word>
            <lemma>go</lemma>
            <CharacterOffsetBegin>10812</CharacterOffsetBegin>
            <CharacterOffsetEnd>10814</CharacterOffsetEnd>
            <POS>VB</POS>
            <NER>O</NER>
            <Speaker>PER0</Speaker>
          </token>
          <token id="11">
            <word>through</word>
            <lemma>through</lemma>
            <CharacterOffsetBegin>10815</CharacterOffsetBegin>
            <CharacterOffsetEnd>10822</CharacterOffsetEnd>
            <POS>IN</POS>
            <NER>O</NER>
            <Speaker>PER0</Speaker>
          </token>
          <token id="12">
            <word>when</word>
            <lemma>when</lemma>
            <CharacterOffsetBegin>10823</CharacterOffsetBegin>
            <CharacterOffsetEnd>10827</CharacterOffsetEnd>
            <POS>WRB</POS>
            <NER>O</NER>
            <Speaker>PER0</Speaker>
          </token>
          <token id="13">
            <word>they</word>
            <lemma>they</lemma>
            <CharacterOffsetBegin>10828</CharacterOffsetBegin>
            <CharacterOffsetEnd>10832</CharacterOffsetEnd>
            <POS>PRP</POS>
            <NER>O</NER>
            <Speaker>PER0</Speaker>
          </token>
          <token id="14">
            <word>are</word>
            <lemma>be</lemma>
            <CharacterOffsetBegin>10833</CharacterOffsetBegin>
            <CharacterOffsetEnd>10836</CharacterOffsetEnd>
            <POS>VBP</POS>
            <NER>O</NER>
            <Speaker>PER0</Speaker>
          </token>
          <token id="15">
            <word>delivering</word>
            <lemma>deliver</lemma>
            <CharacterOffsetBegin>10837</CharacterOffsetBegin>
            <CharacterOffsetEnd>10847</CharacterOffsetEnd>
            <POS>VBG</POS>
            <NER>O</NER>
            <Speaker>PER0</Speaker>
          </token>
          <token id="16">
            <word>bad</word>
            <lemma>bad</lemma>
            <CharacterOffsetBegin>10848</CharacterOffsetBegin>
            <CharacterOffsetEnd>10851</CharacterOffsetEnd>
            <POS>JJ</POS>
            <NER>O</NER>
            <Speaker>PER0</Speaker>
          </token>
          <token id="17">
            <word>news</word>
            <lemma>news</lemma>
            <CharacterOffsetBegin>10852</CharacterOffsetBegin>
            <CharacterOffsetEnd>10856</CharacterOffsetEnd>
            <POS>NN</POS>
            <NER>O</NER>
            <Speaker>PER0</Speaker>
          </token>
          <token id="18">
            <word>.</word>
            <lemma>.</lemma>
            <CharacterOffsetBegin>10856</CharacterOffsetBegin>
            <CharacterOffsetEnd>10857</CharacterOffsetEnd>
            <POS>.</POS>
            <NER>O</NER>
            <Speaker>PER0</Speaker>
          </token>
        </tokens>
        <parse>(ROOT (S (NP (PRP It)) (VP (VBD made) (S (NP (PRP me)) (VP (VB empathise) (PP (IN with) (SBAR (WHNP (WP what)) (S (NP (NNS leaders)) (VP (VBP have) (S (VP (TO to) (VP (VB go) (PP (IN through) (SBAR (WHADVP (WRB when)) (S (NP (PRP they)) (VP (VBP are) (VP (VBG delivering) (NP (JJ bad) (NN news))))))))))))))))) (. .))) </parse>
        <dependencies type="basic-dependencies">
          <dep type="root">
            <governor idx="0">ROOT</governor>
            <dependent idx="2">made</dependent>
          </dep>
          <dep type="nsubj">
            <governor idx="2">made</governor>
            <dependent idx="1">It</dependent>
          </dep>
          <dep type="nsubj">
            <governor idx="4">empathise</governor>
            <dependent idx="3">me</dependent>
          </dep>
          <dep type="ccomp">
            <governor idx="2">made</governor>
            <dependent idx="4">empathise</dependent>
          </dep>
          <dep type="mark">
            <governor idx="8">have</governor>
            <dependent idx="5">with</dependent>
          </dep>
          <dep type="dobj">
            <governor idx="8">have</governor>
            <dependent idx="6">what</dependent>
          </dep>
          <dep type="nsubj">
            <governor idx="8">have</governor>
            <dependent idx="7">leaders</dependent>
          </dep>
          <dep type="advcl">
            <governor idx="4">empathise</governor>
            <dependent idx="8">have</dependent>
          </dep>
          <dep type="mark">
            <governor idx="10">go</governor>
            <dependent idx="9">to</dependent>
          </dep>
          <dep type="xcomp">
            <governor idx="8">have</governor>
            <dependent idx="10">go</dependent>
          </dep>
          <dep type="mark">
            <governor idx="15">delivering</governor>
            <dependent idx="11">through</dependent>
          </dep>
          <dep type="advmod">
            <governor idx="15">delivering</governor>
            <dependent idx="12">when</dependent>
          </dep>
          <dep type="nsubj">
            <governor idx="15">delivering</governor>
            <dependent idx="13">they</dependent>
          </dep>
          <dep type="aux">
            <governor idx="15">delivering</governor>
            <dependent idx="14">are</dependent>
          </dep>
          <dep type="advcl">
            <governor idx="10">go</governor>
            <dependent idx="15">delivering</dependent>
          </dep>
          <dep type="amod">
            <governor idx="17">news</governor>
            <dependent idx="16">bad</dependent>
          </dep>
          <dep type="dobj">
            <governor idx="15">delivering</governor>
            <dependent idx="17">news</dependent>
          </dep>
          <dep type="punct">
            <governor idx="2">made</governor>
            <dependent idx="18">.</dependent>
          </dep>
        </dependencies>
        <dependencies type="collapsed-dependencies">
          <dep type="root">
            <governor idx="0">ROOT</governor>
            <dependent idx="2">made</dependent>
          </dep>
          <dep type="nsubj">
            <governor idx="2">made</governor>
            <dependent idx="1">It</dependent>
          </dep>
          <dep type="nsubj">
            <governor idx="4">empathise</governor>
            <dependent idx="3">me</dependent>
          </dep>
          <dep type="ccomp">
            <governor idx="2">made</governor>
            <dependent idx="4">empathise</dependent>
          </dep>
          <dep type="mark">
            <governor idx="8">have</governor>
            <dependent idx="5">with</dependent>
          </dep>
          <dep type="dobj">
            <governor idx="8">have</governor>
            <dependent idx="6">what</dependent>
          </dep>
          <dep type="nsubj">
            <governor idx="8">have</governor>
            <dependent idx="7">leaders</dependent>
          </dep>
          <dep type="advcl">
            <governor idx="4">empathise</governor>
            <dependent idx="8">have</dependent>
          </dep>
          <dep type="mark">
            <governor idx="10">go</governor>
            <dependent idx="9">to</dependent>
          </dep>
          <dep type="xcomp">
            <governor idx="8">have</governor>
            <dependent idx="10">go</dependent>
          </dep>
          <dep type="mark">
            <governor idx="15">delivering</governor>
            <dependent idx="11">through</dependent>
          </dep>
          <dep type="advmod">
            <governor idx="15">delivering</governor>
            <dependent idx="12">when</dependent>
          </dep>
          <dep type="nsubj">
            <governor idx="15">delivering</governor>
            <dependent idx="13">they</dependent>
          </dep>
          <dep type="aux">
            <governor idx="15">delivering</governor>
            <dependent idx="14">are</dependent>
          </dep>
          <dep type="advcl">
            <governor idx="10">go</governor>
            <dependent idx="15">delivering</dependent>
          </dep>
          <dep type="amod">
            <governor idx="17">news</governor>
            <dependent idx="16">bad</dependent>
          </dep>
          <dep type="dobj">
            <governor idx="15">delivering</governor>
            <dependent idx="17">news</dependent>
          </dep>
          <dep type="punct">
            <governor idx="2">made</governor>
            <dependent idx="18">.</dependent>
          </dep>
        </dependencies>
        <dependencies type="collapsed-ccprocessed-dependencies">
          <dep type="root">
            <governor idx="0">ROOT</governor>
            <dependent idx="2">made</dependent>
          </dep>
          <dep type="nsubj">
            <governor idx="2">made</governor>
            <dependent idx="1">It</dependent>
          </dep>
          <dep type="nsubj">
            <governor idx="4">empathise</governor>
            <dependent idx="3">me</dependent>
          </dep>
          <dep type="ccomp">
            <governor idx="2">made</governor>
            <dependent idx="4">empathise</dependent>
          </dep>
          <dep type="mark">
            <governor idx="8">have</governor>
            <dependent idx="5">with</dependent>
          </dep>
          <dep type="dobj">
            <governor idx="8">have</governor>
            <dependent idx="6">what</dependent>
          </dep>
          <dep type="nsubj">
            <governor idx="8">have</governor>
            <dependent idx="7">leaders</dependent>
          </dep>
          <dep type="advcl">
            <governor idx="4">empathise</governor>
            <dependent idx="8">have</dependent>
          </dep>
          <dep type="mark">
            <governor idx="10">go</governor>
            <dependent idx="9">to</dependent>
          </dep>
          <dep type="xcomp">
            <governor idx="8">have</governor>
            <dependent idx="10">go</dependent>
          </dep>
          <dep type="mark">
            <governor idx="15">delivering</governor>
            <dependent idx="11">through</dependent>
          </dep>
          <dep type="advmod">
            <governor idx="15">delivering</governor>
            <dependent idx="12">when</dependent>
          </dep>
          <dep type="nsubj">
            <governor idx="15">delivering</governor>
            <dependent idx="13">they</dependent>
          </dep>
          <dep type="aux">
            <governor idx="15">delivering</governor>
            <dependent idx="14">are</dependent>
          </dep>
          <dep type="advcl">
            <governor idx="10">go</governor>
            <dependent idx="15">delivering</dependent>
          </dep>
          <dep type="amod">
            <governor idx="17">news</governor>
            <dependent idx="16">bad</dependent>
          </dep>
          <dep type="dobj">
            <governor idx="15">delivering</governor>
            <dependent idx="17">news</dependent>
          </dep>
          <dep type="punct">
            <governor idx="2">made</governor>
            <dependent idx="18">.</dependent>
          </dep>
        </dependencies>
      </sentence>
      <sentence id="108">
        <tokens>
          <token id="1">
            <word>It</word>
            <lemma>it</lemma>
            <CharacterOffsetBegin>10858</CharacterOffsetBegin>
            <CharacterOffsetEnd>10860</CharacterOffsetEnd>
            <POS>PRP</POS>
            <NER>O</NER>
            <Speaker>PER0</Speaker>
          </token>
          <token id="2">
            <word>is</word>
            <lemma>be</lemma>
            <CharacterOffsetBegin>10861</CharacterOffsetBegin>
            <CharacterOffsetEnd>10863</CharacterOffsetEnd>
            <POS>VBZ</POS>
            <NER>O</NER>
            <Speaker>PER0</Speaker>
          </token>
          <token id="3">
            <word>a</word>
            <lemma>a</lemma>
            <CharacterOffsetBegin>10864</CharacterOffsetBegin>
            <CharacterOffsetEnd>10865</CharacterOffsetEnd>
            <POS>DT</POS>
            <NER>O</NER>
            <Speaker>PER0</Speaker>
          </token>
          <token id="4">
            <word>high</word>
            <lemma>high</lemma>
            <CharacterOffsetBegin>10866</CharacterOffsetBegin>
            <CharacterOffsetEnd>10870</CharacterOffsetEnd>
            <POS>JJ</POS>
            <NER>O</NER>
            <Speaker>PER0</Speaker>
          </token>
          <token id="5">
            <word>pressured</word>
            <lemma>pressured</lemma>
            <CharacterOffsetBegin>10871</CharacterOffsetBegin>
            <CharacterOffsetEnd>10880</CharacterOffsetEnd>
            <POS>JJ</POS>
            <NER>O</NER>
            <Speaker>PER0</Speaker>
          </token>
          <token id="6">
            <word>role</word>
            <lemma>role</lemma>
            <CharacterOffsetBegin>10881</CharacterOffsetBegin>
            <CharacterOffsetEnd>10885</CharacterOffsetEnd>
            <POS>NN</POS>
            <NER>O</NER>
            <Speaker>PER0</Speaker>
          </token>
          <token id="7">
            <word>with</word>
            <lemma>with</lemma>
            <CharacterOffsetBegin>10886</CharacterOffsetBegin>
            <CharacterOffsetEnd>10890</CharacterOffsetEnd>
            <POS>IN</POS>
            <NER>O</NER>
            <Speaker>PER0</Speaker>
          </token>
          <token id="8">
            <word>high</word>
            <lemma>high</lemma>
            <CharacterOffsetBegin>10891</CharacterOffsetBegin>
            <CharacterOffsetEnd>10895</CharacterOffsetEnd>
            <POS>JJ</POS>
            <NER>O</NER>
            <Speaker>PER0</Speaker>
          </token>
          <token id="9">
            <word>expectations</word>
            <lemma>expectation</lemma>
            <CharacterOffsetBegin>10896</CharacterOffsetBegin>
            <CharacterOffsetEnd>10908</CharacterOffsetEnd>
            <POS>NNS</POS>
            <NER>O</NER>
            <Speaker>PER0</Speaker>
          </token>
          <token id="10">
            <word>;</word>
            <lemma>;</lemma>
            <CharacterOffsetBegin>10908</CharacterOffsetBegin>
            <CharacterOffsetEnd>10909</CharacterOffsetEnd>
            <POS>:</POS>
            <NER>O</NER>
            <Speaker>PER0</Speaker>
          </token>
          <token id="11">
            <word>leaders</word>
            <lemma>leader</lemma>
            <CharacterOffsetBegin>10910</CharacterOffsetBegin>
            <CharacterOffsetEnd>10917</CharacterOffsetEnd>
            <POS>NNS</POS>
            <NER>O</NER>
            <Speaker>PER0</Speaker>
          </token>
          <token id="12">
            <word>require</word>
            <lemma>require</lemma>
            <CharacterOffsetBegin>10918</CharacterOffsetBegin>
            <CharacterOffsetEnd>10925</CharacterOffsetEnd>
            <POS>VBP</POS>
            <NER>O</NER>
            <Speaker>PER0</Speaker>
          </token>
          <token id="13">
            <word>strength</word>
            <lemma>strength</lemma>
            <CharacterOffsetBegin>10926</CharacterOffsetBegin>
            <CharacterOffsetEnd>10934</CharacterOffsetEnd>
            <POS>NN</POS>
            <NER>O</NER>
            <Speaker>PER0</Speaker>
          </token>
          <token id="14">
            <word>,</word>
            <lemma>,</lemma>
            <CharacterOffsetBegin>10934</CharacterOffsetBegin>
            <CharacterOffsetEnd>10935</CharacterOffsetEnd>
            <POS>,</POS>
            <NER>O</NER>
            <Speaker>PER0</Speaker>
          </token>
          <token id="15">
            <word>guts</word>
            <lemma>gut</lemma>
            <CharacterOffsetBegin>10936</CharacterOffsetBegin>
            <CharacterOffsetEnd>10940</CharacterOffsetEnd>
            <POS>NNS</POS>
            <NER>O</NER>
            <Speaker>PER0</Speaker>
          </token>
          <token id="16">
            <word>and</word>
            <lemma>and</lemma>
            <CharacterOffsetBegin>10941</CharacterOffsetBegin>
            <CharacterOffsetEnd>10944</CharacterOffsetEnd>
            <POS>CC</POS>
            <NER>O</NER>
            <Speaker>PER0</Speaker>
          </token>
          <token id="17">
            <word>accountability</word>
            <lemma>accountability</lemma>
            <CharacterOffsetBegin>10945</CharacterOffsetBegin>
            <CharacterOffsetEnd>10959</CharacterOffsetEnd>
            <POS>NN</POS>
            <NER>O</NER>
            <Speaker>PER0</Speaker>
          </token>
          <token id="18">
            <word>.</word>
            <lemma>.</lemma>
            <CharacterOffsetBegin>10959</CharacterOffsetBegin>
            <CharacterOffsetEnd>10960</CharacterOffsetEnd>
            <POS>.</POS>
            <NER>O</NER>
            <Speaker>PER0</Speaker>
          </token>
        </tokens>
        <parse>(ROOT (S (S (NP (PRP It)) (VP (VBZ is) (NP (NP (DT a) (ADJP (JJ high) (JJ pressured)) (NN role)) (PP (IN with) (NP (JJ high) (NNS expectations)))))) (: ;) (S (NP (NNS leaders)) (VP (VBP require) (NP (NN strength) (, ,) (NNS guts) (CC and) (NN accountability)))) (. .))) </parse>
        <dependencies type="basic-dependencies">
          <dep type="root">
            <governor idx="0">ROOT</governor>
            <dependent idx="6">role</dependent>
          </dep>
          <dep type="nsubj">
            <governor idx="6">role</governor>
            <dependent idx="1">It</dependent>
          </dep>
          <dep type="cop">
            <governor idx="6">role</governor>
            <dependent idx="2">is</dependent>
          </dep>
          <dep type="det">
            <governor idx="6">role</governor>
            <dependent idx="3">a</dependent>
          </dep>
          <dep type="amod">
            <governor idx="5">pressured</governor>
            <dependent idx="4">high</dependent>
          </dep>
          <dep type="amod">
            <governor idx="6">role</governor>
            <dependent idx="5">pressured</dependent>
          </dep>
          <dep type="case">
            <governor idx="9">expectations</governor>
            <dependent idx="7">with</dependent>
          </dep>
          <dep type="amod">
            <governor idx="9">expectations</governor>
            <dependent idx="8">high</dependent>
          </dep>
          <dep type="nmod">
            <governor idx="6">role</governor>
            <dependent idx="9">expectations</dependent>
          </dep>
          <dep type="punct">
            <governor idx="6">role</governor>
            <dependent idx="10">;</dependent>
          </dep>
          <dep type="nsubj">
            <governor idx="12">require</governor>
            <dependent idx="11">leaders</dependent>
          </dep>
          <dep type="parataxis">
            <governor idx="6">role</governor>
            <dependent idx="12">require</dependent>
          </dep>
          <dep type="dobj">
            <governor idx="12">require</governor>
            <dependent idx="13">strength</dependent>
          </dep>
          <dep type="punct">
            <governor idx="13">strength</governor>
            <dependent idx="14">,</dependent>
          </dep>
          <dep type="conj">
            <governor idx="13">strength</governor>
            <dependent idx="15">guts</dependent>
          </dep>
          <dep type="cc">
            <governor idx="13">strength</governor>
            <dependent idx="16">and</dependent>
          </dep>
          <dep type="conj">
            <governor idx="13">strength</governor>
            <dependent idx="17">accountability</dependent>
          </dep>
          <dep type="punct">
            <governor idx="6">role</governor>
            <dependent idx="18">.</dependent>
          </dep>
        </dependencies>
        <dependencies type="collapsed-dependencies">
          <dep type="root">
            <governor idx="0">ROOT</governor>
            <dependent idx="6">role</dependent>
          </dep>
          <dep type="nsubj">
            <governor idx="6">role</governor>
            <dependent idx="1">It</dependent>
          </dep>
          <dep type="cop">
            <governor idx="6">role</governor>
            <dependent idx="2">is</dependent>
          </dep>
          <dep type="det">
            <governor idx="6">role</governor>
            <dependent idx="3">a</dependent>
          </dep>
          <dep type="amod">
            <governor idx="5">pressured</governor>
            <dependent idx="4">high</dependent>
          </dep>
          <dep type="amod">
            <governor idx="6">role</governor>
            <dependent idx="5">pressured</dependent>
          </dep>
          <dep type="case">
            <governor idx="9">expectations</governor>
            <dependent idx="7">with</dependent>
          </dep>
          <dep type="amod">
            <governor idx="9">expectations</governor>
            <dependent idx="8">high</dependent>
          </dep>
          <dep type="nmod:with">
            <governor idx="6">role</governor>
            <dependent idx="9">expectations</dependent>
          </dep>
          <dep type="punct">
            <governor idx="6">role</governor>
            <dependent idx="10">;</dependent>
          </dep>
          <dep type="nsubj">
            <governor idx="12">require</governor>
            <dependent idx="11">leaders</dependent>
          </dep>
          <dep type="parataxis">
            <governor idx="6">role</governor>
            <dependent idx="12">require</dependent>
          </dep>
          <dep type="dobj">
            <governor idx="12">require</governor>
            <dependent idx="13">strength</dependent>
          </dep>
          <dep type="punct">
            <governor idx="13">strength</governor>
            <dependent idx="14">,</dependent>
          </dep>
          <dep type="conj:and">
            <governor idx="13">strength</governor>
            <dependent idx="15">guts</dependent>
          </dep>
          <dep type="cc">
            <governor idx="13">strength</governor>
            <dependent idx="16">and</dependent>
          </dep>
          <dep type="conj:and">
            <governor idx="13">strength</governor>
            <dependent idx="17">accountability</dependent>
          </dep>
          <dep type="punct">
            <governor idx="6">role</governor>
            <dependent idx="18">.</dependent>
          </dep>
        </dependencies>
        <dependencies type="collapsed-ccprocessed-dependencies">
          <dep type="root">
            <governor idx="0">ROOT</governor>
            <dependent idx="6">role</dependent>
          </dep>
          <dep type="nsubj">
            <governor idx="6">role</governor>
            <dependent idx="1">It</dependent>
          </dep>
          <dep type="cop">
            <governor idx="6">role</governor>
            <dependent idx="2">is</dependent>
          </dep>
          <dep type="det">
            <governor idx="6">role</governor>
            <dependent idx="3">a</dependent>
          </dep>
          <dep type="amod">
            <governor idx="5">pressured</governor>
            <dependent idx="4">high</dependent>
          </dep>
          <dep type="amod">
            <governor idx="6">role</governor>
            <dependent idx="5">pressured</dependent>
          </dep>
          <dep type="case">
            <governor idx="9">expectations</governor>
            <dependent idx="7">with</dependent>
          </dep>
          <dep type="amod">
            <governor idx="9">expectations</governor>
            <dependent idx="8">high</dependent>
          </dep>
          <dep type="nmod:with">
            <governor idx="6">role</governor>
            <dependent idx="9">expectations</dependent>
          </dep>
          <dep type="punct">
            <governor idx="6">role</governor>
            <dependent idx="10">;</dependent>
          </dep>
          <dep type="nsubj">
            <governor idx="12">require</governor>
            <dependent idx="11">leaders</dependent>
          </dep>
          <dep type="parataxis">
            <governor idx="6">role</governor>
            <dependent idx="12">require</dependent>
          </dep>
          <dep type="dobj">
            <governor idx="12">require</governor>
            <dependent idx="13">strength</dependent>
          </dep>
          <dep type="punct">
            <governor idx="13">strength</governor>
            <dependent idx="14">,</dependent>
          </dep>
          <dep type="dobj" extra="true">
            <governor idx="12">require</governor>
            <dependent idx="15">guts</dependent>
          </dep>
          <dep type="conj:and">
            <governor idx="13">strength</governor>
            <dependent idx="15">guts</dependent>
          </dep>
          <dep type="cc">
            <governor idx="13">strength</governor>
            <dependent idx="16">and</dependent>
          </dep>
          <dep type="dobj" extra="true">
            <governor idx="12">require</governor>
            <dependent idx="17">accountability</dependent>
          </dep>
          <dep type="conj:and">
            <governor idx="13">strength</governor>
            <dependent idx="17">accountability</dependent>
          </dep>
          <dep type="punct">
            <governor idx="6">role</governor>
            <dependent idx="18">.</dependent>
          </dep>
        </dependencies>
      </sentence>
      <sentence id="109">
        <tokens>
          <token id="1">
            <word>After</word>
            <lemma>after</lemma>
            <CharacterOffsetBegin>10962</CharacterOffsetBegin>
            <CharacterOffsetEnd>10967</CharacterOffsetEnd>
            <POS>IN</POS>
            <NER>O</NER>
            <Speaker>PER0</Speaker>
          </token>
          <token id="2">
            <word>the</word>
            <lemma>the</lemma>
            <CharacterOffsetBegin>10968</CharacterOffsetBegin>
            <CharacterOffsetEnd>10971</CharacterOffsetEnd>
            <POS>DT</POS>
            <NER>O</NER>
            <Speaker>PER0</Speaker>
          </token>
          <token id="3">
            <word>exercise</word>
            <lemma>exercise</lemma>
            <CharacterOffsetBegin>10972</CharacterOffsetBegin>
            <CharacterOffsetEnd>10980</CharacterOffsetEnd>
            <POS>NN</POS>
            <NER>O</NER>
            <Speaker>PER0</Speaker>
          </token>
          <token id="4">
            <word>,</word>
            <lemma>,</lemma>
            <CharacterOffsetBegin>10980</CharacterOffsetBegin>
            <CharacterOffsetEnd>10981</CharacterOffsetEnd>
            <POS>,</POS>
            <NER>O</NER>
            <Speaker>PER0</Speaker>
          </token>
          <token id="5">
            <word>Natalia</word>
            <lemma>Natalia</lemma>
            <CharacterOffsetBegin>10982</CharacterOffsetBegin>
            <CharacterOffsetEnd>10989</CharacterOffsetEnd>
            <POS>NNP</POS>
            <NER>PERSON</NER>
            <Speaker>PER0</Speaker>
          </token>
          <token id="6">
            <word>informed</word>
            <lemma>inform</lemma>
            <CharacterOffsetBegin>10990</CharacterOffsetBegin>
            <CharacterOffsetEnd>10998</CharacterOffsetEnd>
            <POS>VBD</POS>
            <NER>O</NER>
            <Speaker>PER0</Speaker>
          </token>
          <token id="7">
            <word>us</word>
            <lemma>we</lemma>
            <CharacterOffsetBegin>10999</CharacterOffsetBegin>
            <CharacterOffsetEnd>11001</CharacterOffsetEnd>
            <POS>PRP</POS>
            <NER>O</NER>
            <Speaker>PER0</Speaker>
          </token>
          <token id="8">
            <word>that</word>
            <lemma>that</lemma>
            <CharacterOffsetBegin>11002</CharacterOffsetBegin>
            <CharacterOffsetEnd>11006</CharacterOffsetEnd>
            <POS>IN</POS>
            <NER>O</NER>
            <Speaker>PER0</Speaker>
          </token>
          <token id="9">
            <word>Bill</word>
            <lemma>Bill</lemma>
            <CharacterOffsetBegin>11007</CharacterOffsetBegin>
            <CharacterOffsetEnd>11011</CharacterOffsetEnd>
            <POS>NNP</POS>
            <NER>PERSON</NER>
            <Speaker>PER0</Speaker>
          </token>
          <token id="10">
            <word>'s</word>
            <lemma>'s</lemma>
            <CharacterOffsetBegin>11011</CharacterOffsetBegin>
            <CharacterOffsetEnd>11013</CharacterOffsetEnd>
            <POS>POS</POS>
            <NER>O</NER>
            <Speaker>PER0</Speaker>
          </token>
          <token id="11">
            <word>mantra</word>
            <lemma>mantra</lemma>
            <CharacterOffsetBegin>11014</CharacterOffsetBegin>
            <CharacterOffsetEnd>11020</CharacterOffsetEnd>
            <POS>NN</POS>
            <NER>O</NER>
            <Speaker>PER0</Speaker>
          </token>
          <token id="12">
            <word>to</word>
            <lemma>to</lemma>
            <CharacterOffsetBegin>11021</CharacterOffsetBegin>
            <CharacterOffsetEnd>11023</CharacterOffsetEnd>
            <POS>TO</POS>
            <NER>O</NER>
            <Speaker>PER0</Speaker>
          </token>
          <token id="13">
            <word>deliver</word>
            <lemma>deliver</lemma>
            <CharacterOffsetBegin>11024</CharacterOffsetBegin>
            <CharacterOffsetEnd>11031</CharacterOffsetEnd>
            <POS>VB</POS>
            <NER>O</NER>
            <Speaker>PER0</Speaker>
          </token>
          <token id="14">
            <word>this</word>
            <lemma>this</lemma>
            <CharacterOffsetBegin>11032</CharacterOffsetBegin>
            <CharacterOffsetEnd>11036</CharacterOffsetEnd>
            <POS>DT</POS>
            <NER>O</NER>
            <Speaker>PER0</Speaker>
          </token>
          <token id="15">
            <word>news</word>
            <lemma>news</lemma>
            <CharacterOffsetBegin>11037</CharacterOffsetBegin>
            <CharacterOffsetEnd>11041</CharacterOffsetEnd>
            <POS>NN</POS>
            <NER>O</NER>
            <Speaker>PER0</Speaker>
          </token>
          <token id="16">
            <word>was</word>
            <lemma>be</lemma>
            <CharacterOffsetBegin>11042</CharacterOffsetBegin>
            <CharacterOffsetEnd>11045</CharacterOffsetEnd>
            <POS>VBD</POS>
            <NER>O</NER>
            <Speaker>PER0</Speaker>
          </token>
          <token id="17">
            <word>to</word>
            <lemma>to</lemma>
            <CharacterOffsetBegin>11046</CharacterOffsetBegin>
            <CharacterOffsetEnd>11048</CharacterOffsetEnd>
            <POS>TO</POS>
            <NER>O</NER>
            <Speaker>PER0</Speaker>
          </token>
          <token id="18">
            <word>ensure</word>
            <lemma>ensure</lemma>
            <CharacterOffsetBegin>11049</CharacterOffsetBegin>
            <CharacterOffsetEnd>11055</CharacterOffsetEnd>
            <POS>VB</POS>
            <NER>O</NER>
            <Speaker>PER0</Speaker>
          </token>
          <token id="19">
            <word>that</word>
            <lemma>that</lemma>
            <CharacterOffsetBegin>11056</CharacterOffsetBegin>
            <CharacterOffsetEnd>11060</CharacterOffsetEnd>
            <POS>IN</POS>
            <NER>O</NER>
            <Speaker>PER0</Speaker>
          </token>
          <token id="20">
            <word>his</word>
            <lemma>he</lemma>
            <CharacterOffsetBegin>11061</CharacterOffsetBegin>
            <CharacterOffsetEnd>11064</CharacterOffsetEnd>
            <POS>PRP$</POS>
            <NER>O</NER>
            <Speaker>PER0</Speaker>
          </token>
          <token id="21">
            <word>employees</word>
            <lemma>employee</lemma>
            <CharacterOffsetBegin>11065</CharacterOffsetBegin>
            <CharacterOffsetEnd>11074</CharacterOffsetEnd>
            <POS>NNS</POS>
            <NER>O</NER>
            <Speaker>PER0</Speaker>
          </token>
          <token id="22">
            <word>were</word>
            <lemma>be</lemma>
            <CharacterOffsetBegin>11075</CharacterOffsetBegin>
            <CharacterOffsetEnd>11079</CharacterOffsetEnd>
            <POS>VBD</POS>
            <NER>O</NER>
            <Speaker>PER0</Speaker>
          </token>
          <token id="23">
            <word>treated</word>
            <lemma>treat</lemma>
            <CharacterOffsetBegin>11080</CharacterOffsetBegin>
            <CharacterOffsetEnd>11087</CharacterOffsetEnd>
            <POS>VBN</POS>
            <NER>O</NER>
            <Speaker>PER0</Speaker>
          </token>
          <token id="24">
            <word>with</word>
            <lemma>with</lemma>
            <CharacterOffsetBegin>11088</CharacterOffsetBegin>
            <CharacterOffsetEnd>11092</CharacterOffsetEnd>
            <POS>IN</POS>
            <NER>O</NER>
            <Speaker>PER0</Speaker>
          </token>
          <token id="25">
            <word>dignity</word>
            <lemma>dignity</lemma>
            <CharacterOffsetBegin>11093</CharacterOffsetBegin>
            <CharacterOffsetEnd>11100</CharacterOffsetEnd>
            <POS>NN</POS>
            <NER>O</NER>
            <Speaker>PER0</Speaker>
          </token>
          <token id="26">
            <word>and</word>
            <lemma>and</lemma>
            <CharacterOffsetBegin>11101</CharacterOffsetBegin>
            <CharacterOffsetEnd>11104</CharacterOffsetEnd>
            <POS>CC</POS>
            <NER>O</NER>
            <Speaker>PER0</Speaker>
          </token>
          <token id="27">
            <word>respect</word>
            <lemma>respect</lemma>
            <CharacterOffsetBegin>11105</CharacterOffsetBegin>
            <CharacterOffsetEnd>11112</CharacterOffsetEnd>
            <POS>NN</POS>
            <NER>O</NER>
            <Speaker>PER0</Speaker>
          </token>
          <token id="28">
            <word>.</word>
            <lemma>.</lemma>
            <CharacterOffsetBegin>11112</CharacterOffsetBegin>
            <CharacterOffsetEnd>11113</CharacterOffsetEnd>
            <POS>.</POS>
            <NER>O</NER>
            <Speaker>PER0</Speaker>
          </token>
        </tokens>
        <parse>(ROOT (S (PP (IN After) (NP (DT the) (NN exercise))) (, ,) (NP (NNP Natalia)) (VP (VBD informed) (NP (PRP us)) (SBAR (IN that) (S (NP (NP (NNP Bill) (POS 's)) (NN mantra) (S (VP (TO to) (VP (VB deliver) (NP (DT this) (NN news)))))) (VP (VBD was) (S (VP (TO to) (VP (VB ensure) (SBAR (IN that) (S (NP (PRP$ his) (NNS employees)) (VP (VBD were) (VP (VBN treated) (PP (IN with) (NP (NN dignity) (CC and) (NN respect)))))))))))))) (. .))) </parse>
        <dependencies type="basic-dependencies">
          <dep type="root">
            <governor idx="0">ROOT</governor>
            <dependent idx="6">informed</dependent>
          </dep>
          <dep type="case">
            <governor idx="3">exercise</governor>
            <dependent idx="1">After</dependent>
          </dep>
          <dep type="det">
            <governor idx="3">exercise</governor>
            <dependent idx="2">the</dependent>
          </dep>
          <dep type="nmod">
            <governor idx="6">informed</governor>
            <dependent idx="3">exercise</dependent>
          </dep>
          <dep type="punct">
            <governor idx="6">informed</governor>
            <dependent idx="4">,</dependent>
          </dep>
          <dep type="nsubj">
            <governor idx="6">informed</governor>
            <dependent idx="5">Natalia</dependent>
          </dep>
          <dep type="dobj">
            <governor idx="6">informed</governor>
            <dependent idx="7">us</dependent>
          </dep>
          <dep type="mark">
            <governor idx="16">was</governor>
            <dependent idx="8">that</dependent>
          </dep>
          <dep type="nmod:poss">
            <governor idx="11">mantra</governor>
            <dependent idx="9">Bill</dependent>
          </dep>
          <dep type="case">
            <governor idx="9">Bill</governor>
            <dependent idx="10">'s</dependent>
          </dep>
          <dep type="nsubj">
            <governor idx="16">was</governor>
            <dependent idx="11">mantra</dependent>
          </dep>
          <dep type="mark">
            <governor idx="13">deliver</governor>
            <dependent idx="12">to</dependent>
          </dep>
          <dep type="acl">
            <governor idx="11">mantra</governor>
            <dependent idx="13">deliver</dependent>
          </dep>
          <dep type="det">
            <governor idx="15">news</governor>
            <dependent idx="14">this</dependent>
          </dep>
          <dep type="dobj">
            <governor idx="13">deliver</governor>
            <dependent idx="15">news</dependent>
          </dep>
          <dep type="ccomp">
            <governor idx="6">informed</governor>
            <dependent idx="16">was</dependent>
          </dep>
          <dep type="mark">
            <governor idx="18">ensure</governor>
            <dependent idx="17">to</dependent>
          </dep>
          <dep type="xcomp">
            <governor idx="16">was</governor>
            <dependent idx="18">ensure</dependent>
          </dep>
          <dep type="mark">
            <governor idx="23">treated</governor>
            <dependent idx="19">that</dependent>
          </dep>
          <dep type="nmod:poss">
            <governor idx="21">employees</governor>
            <dependent idx="20">his</dependent>
          </dep>
          <dep type="nsubjpass">
            <governor idx="23">treated</governor>
            <dependent idx="21">employees</dependent>
          </dep>
          <dep type="auxpass">
            <governor idx="23">treated</governor>
            <dependent idx="22">were</dependent>
          </dep>
          <dep type="ccomp">
            <governor idx="18">ensure</governor>
            <dependent idx="23">treated</dependent>
          </dep>
          <dep type="case">
            <governor idx="25">dignity</governor>
            <dependent idx="24">with</dependent>
          </dep>
          <dep type="nmod">
            <governor idx="23">treated</governor>
            <dependent idx="25">dignity</dependent>
          </dep>
          <dep type="cc">
            <governor idx="25">dignity</governor>
            <dependent idx="26">and</dependent>
          </dep>
          <dep type="conj">
            <governor idx="25">dignity</governor>
            <dependent idx="27">respect</dependent>
          </dep>
          <dep type="punct">
            <governor idx="6">informed</governor>
            <dependent idx="28">.</dependent>
          </dep>
        </dependencies>
        <dependencies type="collapsed-dependencies">
          <dep type="root">
            <governor idx="0">ROOT</governor>
            <dependent idx="6">informed</dependent>
          </dep>
          <dep type="case">
            <governor idx="3">exercise</governor>
            <dependent idx="1">After</dependent>
          </dep>
          <dep type="det">
            <governor idx="3">exercise</governor>
            <dependent idx="2">the</dependent>
          </dep>
          <dep type="nmod:after">
            <governor idx="6">informed</governor>
            <dependent idx="3">exercise</dependent>
          </dep>
          <dep type="punct">
            <governor idx="6">informed</governor>
            <dependent idx="4">,</dependent>
          </dep>
          <dep type="nsubj">
            <governor idx="6">informed</governor>
            <dependent idx="5">Natalia</dependent>
          </dep>
          <dep type="dobj">
            <governor idx="6">informed</governor>
            <dependent idx="7">us</dependent>
          </dep>
          <dep type="mark">
            <governor idx="16">was</governor>
            <dependent idx="8">that</dependent>
          </dep>
          <dep type="nmod:poss">
            <governor idx="11">mantra</governor>
            <dependent idx="9">Bill</dependent>
          </dep>
          <dep type="case">
            <governor idx="9">Bill</governor>
            <dependent idx="10">'s</dependent>
          </dep>
          <dep type="nsubj">
            <governor idx="16">was</governor>
            <dependent idx="11">mantra</dependent>
          </dep>
          <dep type="mark">
            <governor idx="13">deliver</governor>
            <dependent idx="12">to</dependent>
          </dep>
          <dep type="acl">
            <governor idx="11">mantra</governor>
            <dependent idx="13">deliver</dependent>
          </dep>
          <dep type="det">
            <governor idx="15">news</governor>
            <dependent idx="14">this</dependent>
          </dep>
          <dep type="dobj">
            <governor idx="13">deliver</governor>
            <dependent idx="15">news</dependent>
          </dep>
          <dep type="ccomp">
            <governor idx="6">informed</governor>
            <dependent idx="16">was</dependent>
          </dep>
          <dep type="mark">
            <governor idx="18">ensure</governor>
            <dependent idx="17">to</dependent>
          </dep>
          <dep type="xcomp">
            <governor idx="16">was</governor>
            <dependent idx="18">ensure</dependent>
          </dep>
          <dep type="mark">
            <governor idx="23">treated</governor>
            <dependent idx="19">that</dependent>
          </dep>
          <dep type="nmod:poss">
            <governor idx="21">employees</governor>
            <dependent idx="20">his</dependent>
          </dep>
          <dep type="nsubjpass">
            <governor idx="23">treated</governor>
            <dependent idx="21">employees</dependent>
          </dep>
          <dep type="auxpass">
            <governor idx="23">treated</governor>
            <dependent idx="22">were</dependent>
          </dep>
          <dep type="ccomp">
            <governor idx="18">ensure</governor>
            <dependent idx="23">treated</dependent>
          </dep>
          <dep type="case">
            <governor idx="25">dignity</governor>
            <dependent idx="24">with</dependent>
          </dep>
          <dep type="nmod:with">
            <governor idx="23">treated</governor>
            <dependent idx="25">dignity</dependent>
          </dep>
          <dep type="cc">
            <governor idx="25">dignity</governor>
            <dependent idx="26">and</dependent>
          </dep>
          <dep type="conj:and">
            <governor idx="25">dignity</governor>
            <dependent idx="27">respect</dependent>
          </dep>
          <dep type="punct">
            <governor idx="6">informed</governor>
            <dependent idx="28">.</dependent>
          </dep>
        </dependencies>
        <dependencies type="collapsed-ccprocessed-dependencies">
          <dep type="root">
            <governor idx="0">ROOT</governor>
            <dependent idx="6">informed</dependent>
          </dep>
          <dep type="case">
            <governor idx="3">exercise</governor>
            <dependent idx="1">After</dependent>
          </dep>
          <dep type="det">
            <governor idx="3">exercise</governor>
            <dependent idx="2">the</dependent>
          </dep>
          <dep type="nmod:after">
            <governor idx="6">informed</governor>
            <dependent idx="3">exercise</dependent>
          </dep>
          <dep type="punct">
            <governor idx="6">informed</governor>
            <dependent idx="4">,</dependent>
          </dep>
          <dep type="nsubj">
            <governor idx="6">informed</governor>
            <dependent idx="5">Natalia</dependent>
          </dep>
          <dep type="dobj">
            <governor idx="6">informed</governor>
            <dependent idx="7">us</dependent>
          </dep>
          <dep type="mark">
            <governor idx="16">was</governor>
            <dependent idx="8">that</dependent>
          </dep>
          <dep type="nmod:poss">
            <governor idx="11">mantra</governor>
            <dependent idx="9">Bill</dependent>
          </dep>
          <dep type="case">
            <governor idx="9">Bill</governor>
            <dependent idx="10">'s</dependent>
          </dep>
          <dep type="nsubj">
            <governor idx="16">was</governor>
            <dependent idx="11">mantra</dependent>
          </dep>
          <dep type="mark">
            <governor idx="13">deliver</governor>
            <dependent idx="12">to</dependent>
          </dep>
          <dep type="acl">
            <governor idx="11">mantra</governor>
            <dependent idx="13">deliver</dependent>
          </dep>
          <dep type="det">
            <governor idx="15">news</governor>
            <dependent idx="14">this</dependent>
          </dep>
          <dep type="dobj">
            <governor idx="13">deliver</governor>
            <dependent idx="15">news</dependent>
          </dep>
          <dep type="ccomp">
            <governor idx="6">informed</governor>
            <dependent idx="16">was</dependent>
          </dep>
          <dep type="mark">
            <governor idx="18">ensure</governor>
            <dependent idx="17">to</dependent>
          </dep>
          <dep type="xcomp">
            <governor idx="16">was</governor>
            <dependent idx="18">ensure</dependent>
          </dep>
          <dep type="mark">
            <governor idx="23">treated</governor>
            <dependent idx="19">that</dependent>
          </dep>
          <dep type="nmod:poss">
            <governor idx="21">employees</governor>
            <dependent idx="20">his</dependent>
          </dep>
          <dep type="nsubjpass">
            <governor idx="23">treated</governor>
            <dependent idx="21">employees</dependent>
          </dep>
          <dep type="auxpass">
            <governor idx="23">treated</governor>
            <dependent idx="22">were</dependent>
          </dep>
          <dep type="ccomp">
            <governor idx="18">ensure</governor>
            <dependent idx="23">treated</dependent>
          </dep>
          <dep type="case">
            <governor idx="25">dignity</governor>
            <dependent idx="24">with</dependent>
          </dep>
          <dep type="nmod:with">
            <governor idx="23">treated</governor>
            <dependent idx="25">dignity</dependent>
          </dep>
          <dep type="cc">
            <governor idx="25">dignity</governor>
            <dependent idx="26">and</dependent>
          </dep>
          <dep type="nmod:with" extra="true">
            <governor idx="23">treated</governor>
            <dependent idx="27">respect</dependent>
          </dep>
          <dep type="conj:and">
            <governor idx="25">dignity</governor>
            <dependent idx="27">respect</dependent>
          </dep>
          <dep type="punct">
            <governor idx="6">informed</governor>
            <dependent idx="28">.</dependent>
          </dep>
        </dependencies>
      </sentence>
      <sentence id="110">
        <tokens>
          <token id="1">
            <word>This</word>
            <lemma>this</lemma>
            <CharacterOffsetBegin>11114</CharacterOffsetBegin>
            <CharacterOffsetEnd>11118</CharacterOffsetEnd>
            <POS>DT</POS>
            <NER>O</NER>
            <Speaker>PER0</Speaker>
          </token>
          <token id="2">
            <word>resonated</word>
            <lemma>resonate</lemma>
            <CharacterOffsetBegin>11119</CharacterOffsetBegin>
            <CharacterOffsetEnd>11128</CharacterOffsetEnd>
            <POS>VBD</POS>
            <NER>O</NER>
            <Speaker>PER0</Speaker>
          </token>
          <token id="3">
            <word>with</word>
            <lemma>with</lemma>
            <CharacterOffsetBegin>11129</CharacterOffsetBegin>
            <CharacterOffsetEnd>11133</CharacterOffsetEnd>
            <POS>IN</POS>
            <NER>O</NER>
            <Speaker>PER0</Speaker>
          </token>
          <token id="4">
            <word>me</word>
            <lemma>I</lemma>
            <CharacterOffsetBegin>11134</CharacterOffsetBegin>
            <CharacterOffsetEnd>11136</CharacterOffsetEnd>
            <POS>PRP</POS>
            <NER>O</NER>
            <Speaker>PER0</Speaker>
          </token>
          <token id="5">
            <word>because</word>
            <lemma>because</lemma>
            <CharacterOffsetBegin>11137</CharacterOffsetBegin>
            <CharacterOffsetEnd>11144</CharacterOffsetEnd>
            <POS>IN</POS>
            <NER>O</NER>
            <Speaker>PER0</Speaker>
          </token>
          <token id="6">
            <word>in</word>
            <lemma>in</lemma>
            <CharacterOffsetBegin>11145</CharacterOffsetBegin>
            <CharacterOffsetEnd>11147</CharacterOffsetEnd>
            <POS>IN</POS>
            <NER>O</NER>
            <Speaker>PER0</Speaker>
          </token>
          <token id="7">
            <word>my</word>
            <lemma>my</lemma>
            <CharacterOffsetBegin>11148</CharacterOffsetBegin>
            <CharacterOffsetEnd>11150</CharacterOffsetEnd>
            <POS>PRP$</POS>
            <NER>O</NER>
            <Speaker>PER0</Speaker>
          </token>
          <token id="8">
            <word>early</word>
            <lemma>early</lemma>
            <CharacterOffsetBegin>11151</CharacterOffsetBegin>
            <CharacterOffsetEnd>11156</CharacterOffsetEnd>
            <POS>JJ</POS>
            <NER>O</NER>
            <Speaker>PER0</Speaker>
          </token>
          <token id="9">
            <word>career</word>
            <lemma>career</lemma>
            <CharacterOffsetBegin>11157</CharacterOffsetBegin>
            <CharacterOffsetEnd>11163</CharacterOffsetEnd>
            <POS>NN</POS>
            <NER>O</NER>
            <Speaker>PER0</Speaker>
          </token>
          <token id="10">
            <word>in</word>
            <lemma>in</lemma>
            <CharacterOffsetBegin>11164</CharacterOffsetBegin>
            <CharacterOffsetEnd>11166</CharacterOffsetEnd>
            <POS>IN</POS>
            <NER>O</NER>
            <Speaker>PER0</Speaker>
          </token>
          <token id="11">
            <word>HR</word>
            <lemma>hr</lemma>
            <CharacterOffsetBegin>11167</CharacterOffsetBegin>
            <CharacterOffsetEnd>11169</CharacterOffsetEnd>
            <POS>NN</POS>
            <NER>DURATION</NER>
            <NormalizedNER>PT1H</NormalizedNER>
            <Speaker>PER0</Speaker>
            <Timex tid="t6" type="DURATION">PT1H</Timex>
          </token>
          <token id="12">
            <word>one</word>
            <lemma>one</lemma>
            <CharacterOffsetBegin>11170</CharacterOffsetBegin>
            <CharacterOffsetEnd>11173</CharacterOffsetEnd>
            <POS>CD</POS>
            <NER>NUMBER</NER>
            <NormalizedNER>1.0</NormalizedNER>
            <Speaker>PER0</Speaker>
          </token>
          <token id="13">
            <word>of</word>
            <lemma>of</lemma>
            <CharacterOffsetBegin>11174</CharacterOffsetBegin>
            <CharacterOffsetEnd>11176</CharacterOffsetEnd>
            <POS>IN</POS>
            <NER>O</NER>
            <Speaker>PER0</Speaker>
          </token>
          <token id="14">
            <word>my</word>
            <lemma>my</lemma>
            <CharacterOffsetBegin>11177</CharacterOffsetBegin>
            <CharacterOffsetEnd>11179</CharacterOffsetEnd>
            <POS>PRP$</POS>
            <NER>O</NER>
            <Speaker>PER0</Speaker>
          </token>
          <token id="15">
            <word>senior</word>
            <lemma>senior</lemma>
            <CharacterOffsetBegin>11180</CharacterOffsetBegin>
            <CharacterOffsetEnd>11186</CharacterOffsetEnd>
            <POS>JJ</POS>
            <NER>O</NER>
            <Speaker>PER0</Speaker>
          </token>
          <token id="16">
            <word>colleagues</word>
            <lemma>colleague</lemma>
            <CharacterOffsetBegin>11187</CharacterOffsetBegin>
            <CharacterOffsetEnd>11197</CharacterOffsetEnd>
            <POS>NNS</POS>
            <NER>O</NER>
            <Speaker>PER0</Speaker>
          </token>
          <token id="17">
            <word>taught</word>
            <lemma>teach</lemma>
            <CharacterOffsetBegin>11198</CharacterOffsetBegin>
            <CharacterOffsetEnd>11204</CharacterOffsetEnd>
            <POS>VBD</POS>
            <NER>O</NER>
            <Speaker>PER0</Speaker>
          </token>
          <token id="18">
            <word>me</word>
            <lemma>I</lemma>
            <CharacterOffsetBegin>11205</CharacterOffsetBegin>
            <CharacterOffsetEnd>11207</CharacterOffsetEnd>
            <POS>PRP</POS>
            <NER>O</NER>
            <Speaker>PER0</Speaker>
          </token>
          <token id="19">
            <word>that</word>
            <lemma>that</lemma>
            <CharacterOffsetBegin>11208</CharacterOffsetBegin>
            <CharacterOffsetEnd>11212</CharacterOffsetEnd>
            <POS>IN</POS>
            <NER>O</NER>
            <Speaker>PER0</Speaker>
          </token>
          <token id="20">
            <word>exact</word>
            <lemma>exact</lemma>
            <CharacterOffsetBegin>11213</CharacterOffsetBegin>
            <CharacterOffsetEnd>11218</CharacterOffsetEnd>
            <POS>JJ</POS>
            <NER>O</NER>
            <Speaker>PER0</Speaker>
          </token>
          <token id="21">
            <word>same</word>
            <lemma>same</lemma>
            <CharacterOffsetBegin>11219</CharacterOffsetBegin>
            <CharacterOffsetEnd>11223</CharacterOffsetEnd>
            <POS>JJ</POS>
            <NER>O</NER>
            <Speaker>PER0</Speaker>
          </token>
          <token id="22">
            <word>mantra</word>
            <lemma>mantra</lemma>
            <CharacterOffsetBegin>11224</CharacterOffsetBegin>
            <CharacterOffsetEnd>11230</CharacterOffsetEnd>
            <POS>NN</POS>
            <NER>O</NER>
            <Speaker>PER0</Speaker>
          </token>
          <token id="23">
            <word>and</word>
            <lemma>and</lemma>
            <CharacterOffsetBegin>11231</CharacterOffsetBegin>
            <CharacterOffsetEnd>11234</CharacterOffsetEnd>
            <POS>CC</POS>
            <NER>O</NER>
            <Speaker>PER0</Speaker>
          </token>
          <token id="24">
            <word>I</word>
            <lemma>I</lemma>
            <CharacterOffsetBegin>11235</CharacterOffsetBegin>
            <CharacterOffsetEnd>11236</CharacterOffsetEnd>
            <POS>PRP</POS>
            <NER>O</NER>
            <Speaker>PER0</Speaker>
          </token>
          <token id="25">
            <word>pass</word>
            <lemma>pass</lemma>
            <CharacterOffsetBegin>11237</CharacterOffsetBegin>
            <CharacterOffsetEnd>11241</CharacterOffsetEnd>
            <POS>VBP</POS>
            <NER>O</NER>
            <Speaker>PER0</Speaker>
          </token>
          <token id="26">
            <word>on</word>
            <lemma>on</lemma>
            <CharacterOffsetBegin>11242</CharacterOffsetBegin>
            <CharacterOffsetEnd>11244</CharacterOffsetEnd>
            <POS>IN</POS>
            <NER>O</NER>
            <Speaker>PER0</Speaker>
          </token>
          <token id="27">
            <word>that</word>
            <lemma>that</lemma>
            <CharacterOffsetBegin>11245</CharacterOffsetBegin>
            <CharacterOffsetEnd>11249</CharacterOffsetEnd>
            <POS>DT</POS>
            <NER>O</NER>
            <Speaker>PER0</Speaker>
          </token>
          <token id="28">
            <word>same</word>
            <lemma>same</lemma>
            <CharacterOffsetBegin>11250</CharacterOffsetBegin>
            <CharacterOffsetEnd>11254</CharacterOffsetEnd>
            <POS>JJ</POS>
            <NER>O</NER>
            <Speaker>PER0</Speaker>
          </token>
          <token id="29">
            <word>mantra</word>
            <lemma>mantra</lemma>
            <CharacterOffsetBegin>11255</CharacterOffsetBegin>
            <CharacterOffsetEnd>11261</CharacterOffsetEnd>
            <POS>NN</POS>
            <NER>O</NER>
            <Speaker>PER0</Speaker>
          </token>
          <token id="30">
            <word>to</word>
            <lemma>to</lemma>
            <CharacterOffsetBegin>11262</CharacterOffsetBegin>
            <CharacterOffsetEnd>11264</CharacterOffsetEnd>
            <POS>TO</POS>
            <NER>O</NER>
            <Speaker>PER0</Speaker>
          </token>
          <token id="31">
            <word>the</word>
            <lemma>the</lemma>
            <CharacterOffsetBegin>11265</CharacterOffsetBegin>
            <CharacterOffsetEnd>11268</CharacterOffsetEnd>
            <POS>DT</POS>
            <NER>O</NER>
            <Speaker>PER0</Speaker>
          </token>
          <token id="32">
            <word>leaders</word>
            <lemma>leader</lemma>
            <CharacterOffsetBegin>11269</CharacterOffsetBegin>
            <CharacterOffsetEnd>11276</CharacterOffsetEnd>
            <POS>NNS</POS>
            <NER>O</NER>
            <Speaker>PER0</Speaker>
          </token>
          <token id="33">
            <word>I</word>
            <lemma>I</lemma>
            <CharacterOffsetBegin>11277</CharacterOffsetBegin>
            <CharacterOffsetEnd>11278</CharacterOffsetEnd>
            <POS>PRP</POS>
            <NER>O</NER>
            <Speaker>PER0</Speaker>
          </token>
          <token id="34">
            <word>work</word>
            <lemma>work</lemma>
            <CharacterOffsetBegin>11279</CharacterOffsetBegin>
            <CharacterOffsetEnd>11283</CharacterOffsetEnd>
            <POS>VBP</POS>
            <NER>O</NER>
            <Speaker>PER0</Speaker>
          </token>
          <token id="35">
            <word>with</word>
            <lemma>with</lemma>
            <CharacterOffsetBegin>11284</CharacterOffsetBegin>
            <CharacterOffsetEnd>11288</CharacterOffsetEnd>
            <POS>IN</POS>
            <NER>O</NER>
            <Speaker>PER0</Speaker>
          </token>
          <token id="36">
            <word>,</word>
            <lemma>,</lemma>
            <CharacterOffsetBegin>11288</CharacterOffsetBegin>
            <CharacterOffsetEnd>11289</CharacterOffsetEnd>
            <POS>,</POS>
            <NER>O</NER>
            <Speaker>PER0</Speaker>
          </token>
          <token id="37">
            <word>however</word>
            <lemma>however</lemma>
            <CharacterOffsetBegin>11290</CharacterOffsetBegin>
            <CharacterOffsetEnd>11297</CharacterOffsetEnd>
            <POS>RB</POS>
            <NER>O</NER>
            <Speaker>PER0</Speaker>
          </token>
          <token id="38">
            <word>sometimes</word>
            <lemma>sometimes</lemma>
            <CharacterOffsetBegin>11298</CharacterOffsetBegin>
            <CharacterOffsetEnd>11307</CharacterOffsetEnd>
            <POS>RB</POS>
            <NER>O</NER>
            <Speaker>PER0</Speaker>
          </token>
          <token id="39">
            <word>it</word>
            <lemma>it</lemma>
            <CharacterOffsetBegin>11308</CharacterOffsetBegin>
            <CharacterOffsetEnd>11310</CharacterOffsetEnd>
            <POS>PRP</POS>
            <NER>O</NER>
            <Speaker>PER0</Speaker>
          </token>
          <token id="40">
            <word>can</word>
            <lemma>can</lemma>
            <CharacterOffsetBegin>11311</CharacterOffsetBegin>
            <CharacterOffsetEnd>11314</CharacterOffsetEnd>
            <POS>MD</POS>
            <NER>O</NER>
            <Speaker>PER0</Speaker>
          </token>
          <token id="41">
            <word>be</word>
            <lemma>be</lemma>
            <CharacterOffsetBegin>11315</CharacterOffsetBegin>
            <CharacterOffsetEnd>11317</CharacterOffsetEnd>
            <POS>VB</POS>
            <NER>O</NER>
            <Speaker>PER0</Speaker>
          </token>
          <token id="42">
            <word>a</word>
            <lemma>a</lemma>
            <CharacterOffsetBegin>11318</CharacterOffsetBegin>
            <CharacterOffsetEnd>11319</CharacterOffsetEnd>
            <POS>DT</POS>
            <NER>O</NER>
            <Speaker>PER0</Speaker>
          </token>
          <token id="43">
            <word>struggle</word>
            <lemma>struggle</lemma>
            <CharacterOffsetBegin>11320</CharacterOffsetBegin>
            <CharacterOffsetEnd>11328</CharacterOffsetEnd>
            <POS>NN</POS>
            <NER>O</NER>
            <Speaker>PER0</Speaker>
          </token>
          <token id="44">
            <word>when</word>
            <lemma>when</lemma>
            <CharacterOffsetBegin>11329</CharacterOffsetBegin>
            <CharacterOffsetEnd>11333</CharacterOffsetEnd>
            <POS>WRB</POS>
            <NER>O</NER>
            <Speaker>PER0</Speaker>
          </token>
          <token id="45">
            <word>I</word>
            <lemma>I</lemma>
            <CharacterOffsetBegin>11334</CharacterOffsetBegin>
            <CharacterOffsetEnd>11335</CharacterOffsetEnd>
            <POS>PRP</POS>
            <NER>O</NER>
            <Speaker>PER0</Speaker>
          </token>
          <token id="46">
            <word>encounter</word>
            <lemma>encounter</lemma>
            <CharacterOffsetBegin>11336</CharacterOffsetBegin>
            <CharacterOffsetEnd>11345</CharacterOffsetEnd>
            <POS>VBP</POS>
            <NER>O</NER>
            <Speaker>PER0</Speaker>
          </token>
          <token id="47">
            <word>leaders</word>
            <lemma>leader</lemma>
            <CharacterOffsetBegin>11346</CharacterOffsetBegin>
            <CharacterOffsetEnd>11353</CharacterOffsetEnd>
            <POS>NNS</POS>
            <NER>O</NER>
            <Speaker>PER0</Speaker>
          </token>
          <token id="48">
            <word>who</word>
            <lemma>who</lemma>
            <CharacterOffsetBegin>11354</CharacterOffsetBegin>
            <CharacterOffsetEnd>11357</CharacterOffsetEnd>
            <POS>WP</POS>
            <NER>O</NER>
            <Speaker>PER0</Speaker>
          </token>
          <token id="49">
            <word>are</word>
            <lemma>be</lemma>
            <CharacterOffsetBegin>11358</CharacterOffsetBegin>
            <CharacterOffsetEnd>11361</CharacterOffsetEnd>
            <POS>VBP</POS>
            <NER>O</NER>
            <Speaker>PER0</Speaker>
          </token>
          <token id="50">
            <word>destructive</word>
            <lemma>destructive</lemma>
            <CharacterOffsetBegin>11362</CharacterOffsetBegin>
            <CharacterOffsetEnd>11373</CharacterOffsetEnd>
            <POS>JJ</POS>
            <NER>O</NER>
            <Speaker>PER0</Speaker>
          </token>
          <token id="51">
            <word>.</word>
            <lemma>.</lemma>
            <CharacterOffsetBegin>11373</CharacterOffsetBegin>
            <CharacterOffsetEnd>11374</CharacterOffsetEnd>
            <POS>.</POS>
            <NER>O</NER>
            <Speaker>PER0</Speaker>
          </token>
        </tokens>
        <parse>(ROOT (S (S (NP (DT This)) (VP (VBD resonated) (PP (IN with) (NP (PRP me))) (SBAR (IN because) (S (PP (IN in) (S (S (NP (NP (PRP$ my) (JJ early) (NN career)) (PP (IN in) (NP (NP (NN HR) (CD one)) (PP (IN of) (NP (PRP$ my) (JJ senior) (NNS colleagues)))))) (VP (VBD taught) (NP (PRP me)) (SBAR (IN that) (FRAG (NP (JJ exact) (JJ same) (NN mantra)))))) (CC and) (S (NP (PRP I)) (VP (VBP pass) (PP (IN on) (NP (DT that) (JJ same) (NN mantra))) (PP (TO to) (NP (DT the) (NNS leaders))))))) (NP (PRP I)) (VP (VBP work) (PP (IN with))))))) (, ,) (ADVP (RB however)) (S (ADVP (RB sometimes)) (NP (PRP it)) (VP (MD can) (VP (VB be) (NP (NP (DT a) (NN struggle)) (SBAR (WHADVP (WRB when)) (S (NP (PRP I)) (VP (VBP encounter) (NP (NP (NNS leaders)) (SBAR (WHNP (WP who)) (S (VP (VBP are) (ADJP (JJ destructive))))))))))))) (. .))) </parse>
        <dependencies type="basic-dependencies">
          <dep type="root">
            <governor idx="0">ROOT</governor>
            <dependent idx="2">resonated</dependent>
          </dep>
          <dep type="nsubj">
            <governor idx="2">resonated</governor>
            <dependent idx="1">This</dependent>
          </dep>
          <dep type="case">
            <governor idx="4">me</governor>
            <dependent idx="3">with</dependent>
          </dep>
          <dep type="nmod">
            <governor idx="2">resonated</governor>
            <dependent idx="4">me</dependent>
          </dep>
          <dep type="mark">
            <governor idx="34">work</governor>
            <dependent idx="5">because</dependent>
          </dep>
          <dep type="mark">
            <governor idx="17">taught</governor>
            <dependent idx="6">in</dependent>
          </dep>
          <dep type="nmod:poss">
            <governor idx="9">career</governor>
            <dependent idx="7">my</dependent>
          </dep>
          <dep type="amod">
            <governor idx="9">career</governor>
            <dependent idx="8">early</dependent>
          </dep>
          <dep type="nsubj">
            <governor idx="17">taught</governor>
            <dependent idx="9">career</dependent>
          </dep>
          <dep type="case">
            <governor idx="11">HR</governor>
            <dependent idx="10">in</dependent>
          </dep>
          <dep type="nmod">
            <governor idx="9">career</governor>
            <dependent idx="11">HR</dependent>
          </dep>
          <dep type="nummod">
            <governor idx="11">HR</governor>
            <dependent idx="12">one</dependent>
          </dep>
          <dep type="case">
            <governor idx="16">colleagues</governor>
            <dependent idx="13">of</dependent>
          </dep>
          <dep type="nmod:poss">
            <governor idx="16">colleagues</governor>
            <dependent idx="14">my</dependent>
          </dep>
          <dep type="amod">
            <governor idx="16">colleagues</governor>
            <dependent idx="15">senior</dependent>
          </dep>
          <dep type="nmod">
            <governor idx="11">HR</governor>
            <dependent idx="16">colleagues</dependent>
          </dep>
          <dep type="advcl">
            <governor idx="34">work</governor>
            <dependent idx="17">taught</dependent>
          </dep>
          <dep type="dobj">
            <governor idx="17">taught</governor>
            <dependent idx="18">me</dependent>
          </dep>
          <dep type="mark">
            <governor idx="22">mantra</governor>
            <dependent idx="19">that</dependent>
          </dep>
          <dep type="amod">
            <governor idx="22">mantra</governor>
            <dependent idx="20">exact</dependent>
          </dep>
          <dep type="amod">
            <governor idx="22">mantra</governor>
            <dependent idx="21">same</dependent>
          </dep>
          <dep type="dep">
            <governor idx="17">taught</governor>
            <dependent idx="22">mantra</dependent>
          </dep>
          <dep type="cc">
            <governor idx="17">taught</governor>
            <dependent idx="23">and</dependent>
          </dep>
          <dep type="nsubj">
            <governor idx="25">pass</governor>
            <dependent idx="24">I</dependent>
          </dep>
          <dep type="conj">
            <governor idx="17">taught</governor>
            <dependent idx="25">pass</dependent>
          </dep>
          <dep type="case">
            <governor idx="29">mantra</governor>
            <dependent idx="26">on</dependent>
          </dep>
          <dep type="det">
            <governor idx="29">mantra</governor>
            <dependent idx="27">that</dependent>
          </dep>
          <dep type="amod">
            <governor idx="29">mantra</governor>
            <dependent idx="28">same</dependent>
          </dep>
          <dep type="nmod">
            <governor idx="25">pass</governor>
            <dependent idx="29">mantra</dependent>
          </dep>
          <dep type="case">
            <governor idx="32">leaders</governor>
            <dependent idx="30">to</dependent>
          </dep>
          <dep type="det">
            <governor idx="32">leaders</governor>
            <dependent idx="31">the</dependent>
          </dep>
          <dep type="nmod">
            <governor idx="25">pass</governor>
            <dependent idx="32">leaders</dependent>
          </dep>
          <dep type="nsubj">
            <governor idx="34">work</governor>
            <dependent idx="33">I</dependent>
          </dep>
          <dep type="advcl">
            <governor idx="2">resonated</governor>
            <dependent idx="34">work</dependent>
          </dep>
          <dep type="nmod">
            <governor idx="34">work</governor>
            <dependent idx="35">with</dependent>
          </dep>
          <dep type="punct">
            <governor idx="2">resonated</governor>
            <dependent idx="36">,</dependent>
          </dep>
          <dep type="advmod">
            <governor idx="43">struggle</governor>
            <dependent idx="37">however</dependent>
          </dep>
          <dep type="advmod">
            <governor idx="43">struggle</governor>
            <dependent idx="38">sometimes</dependent>
          </dep>
          <dep type="nsubj">
            <governor idx="43">struggle</governor>
            <dependent idx="39">it</dependent>
          </dep>
          <dep type="aux">
            <governor idx="43">struggle</governor>
            <dependent idx="40">can</dependent>
          </dep>
          <dep type="cop">
            <governor idx="43">struggle</governor>
            <dependent idx="41">be</dependent>
          </dep>
          <dep type="det">
            <governor idx="43">struggle</governor>
            <dependent idx="42">a</dependent>
          </dep>
          <dep type="parataxis">
            <governor idx="2">resonated</governor>
            <dependent idx="43">struggle</dependent>
          </dep>
          <dep type="advmod">
            <governor idx="46">encounter</governor>
            <dependent idx="44">when</dependent>
          </dep>
          <dep type="nsubj">
            <governor idx="46">encounter</governor>
            <dependent idx="45">I</dependent>
          </dep>
          <dep type="acl:relcl">
            <governor idx="43">struggle</governor>
            <dependent idx="46">encounter</dependent>
          </dep>
          <dep type="dobj">
            <governor idx="46">encounter</governor>
            <dependent idx="47">leaders</dependent>
          </dep>
          <dep type="nsubj">
            <governor idx="50">destructive</governor>
            <dependent idx="48">who</dependent>
          </dep>
          <dep type="cop">
            <governor idx="50">destructive</governor>
            <dependent idx="49">are</dependent>
          </dep>
          <dep type="acl:relcl">
            <governor idx="47">leaders</governor>
            <dependent idx="50">destructive</dependent>
          </dep>
          <dep type="punct">
            <governor idx="2">resonated</governor>
            <dependent idx="51">.</dependent>
          </dep>
        </dependencies>
        <dependencies type="collapsed-dependencies">
          <dep type="root">
            <governor idx="0">ROOT</governor>
            <dependent idx="2">resonated</dependent>
          </dep>
          <dep type="nsubj">
            <governor idx="2">resonated</governor>
            <dependent idx="1">This</dependent>
          </dep>
          <dep type="case">
            <governor idx="4">me</governor>
            <dependent idx="3">with</dependent>
          </dep>
          <dep type="nmod:with">
            <governor idx="2">resonated</governor>
            <dependent idx="4">me</dependent>
          </dep>
          <dep type="mark">
            <governor idx="34">work</governor>
            <dependent idx="5">because</dependent>
          </dep>
          <dep type="mark">
            <governor idx="17">taught</governor>
            <dependent idx="6">in</dependent>
          </dep>
          <dep type="nmod:poss">
            <governor idx="9">career</governor>
            <dependent idx="7">my</dependent>
          </dep>
          <dep type="amod">
            <governor idx="9">career</governor>
            <dependent idx="8">early</dependent>
          </dep>
          <dep type="nsubj">
            <governor idx="17">taught</governor>
            <dependent idx="9">career</dependent>
          </dep>
          <dep type="case">
            <governor idx="11">HR</governor>
            <dependent idx="10">in</dependent>
          </dep>
          <dep type="nmod:in">
            <governor idx="9">career</governor>
            <dependent idx="11">HR</dependent>
          </dep>
          <dep type="nummod">
            <governor idx="11">HR</governor>
            <dependent idx="12">one</dependent>
          </dep>
          <dep type="case">
            <governor idx="16">colleagues</governor>
            <dependent idx="13">of</dependent>
          </dep>
          <dep type="nmod:poss">
            <governor idx="16">colleagues</governor>
            <dependent idx="14">my</dependent>
          </dep>
          <dep type="amod">
            <governor idx="16">colleagues</governor>
            <dependent idx="15">senior</dependent>
          </dep>
          <dep type="nmod:of">
            <governor idx="11">HR</governor>
            <dependent idx="16">colleagues</dependent>
          </dep>
          <dep type="advcl">
            <governor idx="34">work</governor>
            <dependent idx="17">taught</dependent>
          </dep>
          <dep type="dobj">
            <governor idx="17">taught</governor>
            <dependent idx="18">me</dependent>
          </dep>
          <dep type="mark">
            <governor idx="22">mantra</governor>
            <dependent idx="19">that</dependent>
          </dep>
          <dep type="amod">
            <governor idx="22">mantra</governor>
            <dependent idx="20">exact</dependent>
          </dep>
          <dep type="amod">
            <governor idx="22">mantra</governor>
            <dependent idx="21">same</dependent>
          </dep>
          <dep type="dep">
            <governor idx="17">taught</governor>
            <dependent idx="22">mantra</dependent>
          </dep>
          <dep type="cc">
            <governor idx="17">taught</governor>
            <dependent idx="23">and</dependent>
          </dep>
          <dep type="nsubj">
            <governor idx="25">pass</governor>
            <dependent idx="24">I</dependent>
          </dep>
          <dep type="conj:and">
            <governor idx="17">taught</governor>
            <dependent idx="25">pass</dependent>
          </dep>
          <dep type="case">
            <governor idx="29">mantra</governor>
            <dependent idx="26">on</dependent>
          </dep>
          <dep type="det">
            <governor idx="29">mantra</governor>
            <dependent idx="27">that</dependent>
          </dep>
          <dep type="amod">
            <governor idx="29">mantra</governor>
            <dependent idx="28">same</dependent>
          </dep>
          <dep type="nmod:on">
            <governor idx="25">pass</governor>
            <dependent idx="29">mantra</dependent>
          </dep>
          <dep type="case">
            <governor idx="32">leaders</governor>
            <dependent idx="30">to</dependent>
          </dep>
          <dep type="det">
            <governor idx="32">leaders</governor>
            <dependent idx="31">the</dependent>
          </dep>
          <dep type="nmod:to">
            <governor idx="25">pass</governor>
            <dependent idx="32">leaders</dependent>
          </dep>
          <dep type="nsubj">
            <governor idx="34">work</governor>
            <dependent idx="33">I</dependent>
          </dep>
          <dep type="advcl">
            <governor idx="2">resonated</governor>
            <dependent idx="34">work</dependent>
          </dep>
          <dep type="nmod">
            <governor idx="34">work</governor>
            <dependent idx="35">with</dependent>
          </dep>
          <dep type="punct">
            <governor idx="2">resonated</governor>
            <dependent idx="36">,</dependent>
          </dep>
          <dep type="advmod">
            <governor idx="43">struggle</governor>
            <dependent idx="37">however</dependent>
          </dep>
          <dep type="advmod">
            <governor idx="43">struggle</governor>
            <dependent idx="38">sometimes</dependent>
          </dep>
          <dep type="nsubj">
            <governor idx="43">struggle</governor>
            <dependent idx="39">it</dependent>
          </dep>
          <dep type="aux">
            <governor idx="43">struggle</governor>
            <dependent idx="40">can</dependent>
          </dep>
          <dep type="cop">
            <governor idx="43">struggle</governor>
            <dependent idx="41">be</dependent>
          </dep>
          <dep type="det">
            <governor idx="43">struggle</governor>
            <dependent idx="42">a</dependent>
          </dep>
          <dep type="parataxis">
            <governor idx="2">resonated</governor>
            <dependent idx="43">struggle</dependent>
          </dep>
          <dep type="advmod">
            <governor idx="46">encounter</governor>
            <dependent idx="44">when</dependent>
          </dep>
          <dep type="nsubj">
            <governor idx="46">encounter</governor>
            <dependent idx="45">I</dependent>
          </dep>
          <dep type="acl:relcl">
            <governor idx="43">struggle</governor>
            <dependent idx="46">encounter</dependent>
          </dep>
          <dep type="dobj">
            <governor idx="46">encounter</governor>
            <dependent idx="47">leaders</dependent>
          </dep>
          <dep type="nsubj">
            <governor idx="50">destructive</governor>
            <dependent idx="48">who</dependent>
          </dep>
          <dep type="cop">
            <governor idx="50">destructive</governor>
            <dependent idx="49">are</dependent>
          </dep>
          <dep type="acl:relcl">
            <governor idx="47">leaders</governor>
            <dependent idx="50">destructive</dependent>
          </dep>
          <dep type="punct">
            <governor idx="2">resonated</governor>
            <dependent idx="51">.</dependent>
          </dep>
        </dependencies>
        <dependencies type="collapsed-ccprocessed-dependencies">
          <dep type="root">
            <governor idx="0">ROOT</governor>
            <dependent idx="2">resonated</dependent>
          </dep>
          <dep type="nsubj">
            <governor idx="2">resonated</governor>
            <dependent idx="1">This</dependent>
          </dep>
          <dep type="case">
            <governor idx="4">me</governor>
            <dependent idx="3">with</dependent>
          </dep>
          <dep type="nmod:with">
            <governor idx="2">resonated</governor>
            <dependent idx="4">me</dependent>
          </dep>
          <dep type="mark">
            <governor idx="34">work</governor>
            <dependent idx="5">because</dependent>
          </dep>
          <dep type="mark">
            <governor idx="17">taught</governor>
            <dependent idx="6">in</dependent>
          </dep>
          <dep type="nmod:poss">
            <governor idx="9">career</governor>
            <dependent idx="7">my</dependent>
          </dep>
          <dep type="amod">
            <governor idx="9">career</governor>
            <dependent idx="8">early</dependent>
          </dep>
          <dep type="nsubj">
            <governor idx="17">taught</governor>
            <dependent idx="9">career</dependent>
          </dep>
          <dep type="case">
            <governor idx="11">HR</governor>
            <dependent idx="10">in</dependent>
          </dep>
          <dep type="nmod:in">
            <governor idx="9">career</governor>
            <dependent idx="11">HR</dependent>
          </dep>
          <dep type="nummod">
            <governor idx="11">HR</governor>
            <dependent idx="12">one</dependent>
          </dep>
          <dep type="case">
            <governor idx="16">colleagues</governor>
            <dependent idx="13">of</dependent>
          </dep>
          <dep type="nmod:poss">
            <governor idx="16">colleagues</governor>
            <dependent idx="14">my</dependent>
          </dep>
          <dep type="amod">
            <governor idx="16">colleagues</governor>
            <dependent idx="15">senior</dependent>
          </dep>
          <dep type="nmod:of">
            <governor idx="11">HR</governor>
            <dependent idx="16">colleagues</dependent>
          </dep>
          <dep type="advcl">
            <governor idx="34">work</governor>
            <dependent idx="17">taught</dependent>
          </dep>
          <dep type="dobj">
            <governor idx="17">taught</governor>
            <dependent idx="18">me</dependent>
          </dep>
          <dep type="mark">
            <governor idx="22">mantra</governor>
            <dependent idx="19">that</dependent>
          </dep>
          <dep type="amod">
            <governor idx="22">mantra</governor>
            <dependent idx="20">exact</dependent>
          </dep>
          <dep type="amod">
            <governor idx="22">mantra</governor>
            <dependent idx="21">same</dependent>
          </dep>
          <dep type="dep">
            <governor idx="17">taught</governor>
            <dependent idx="22">mantra</dependent>
          </dep>
          <dep type="cc">
            <governor idx="17">taught</governor>
            <dependent idx="23">and</dependent>
          </dep>
          <dep type="nsubj">
            <governor idx="25">pass</governor>
            <dependent idx="24">I</dependent>
          </dep>
          <dep type="conj:and">
            <governor idx="17">taught</governor>
            <dependent idx="25">pass</dependent>
          </dep>
          <dep type="advcl" extra="true">
            <governor idx="34">work</governor>
            <dependent idx="25">pass</dependent>
          </dep>
          <dep type="case">
            <governor idx="29">mantra</governor>
            <dependent idx="26">on</dependent>
          </dep>
          <dep type="det">
            <governor idx="29">mantra</governor>
            <dependent idx="27">that</dependent>
          </dep>
          <dep type="amod">
            <governor idx="29">mantra</governor>
            <dependent idx="28">same</dependent>
          </dep>
          <dep type="nmod:on">
            <governor idx="25">pass</governor>
            <dependent idx="29">mantra</dependent>
          </dep>
          <dep type="case">
            <governor idx="32">leaders</governor>
            <dependent idx="30">to</dependent>
          </dep>
          <dep type="det">
            <governor idx="32">leaders</governor>
            <dependent idx="31">the</dependent>
          </dep>
          <dep type="nmod:to">
            <governor idx="25">pass</governor>
            <dependent idx="32">leaders</dependent>
          </dep>
          <dep type="nsubj">
            <governor idx="34">work</governor>
            <dependent idx="33">I</dependent>
          </dep>
          <dep type="advcl">
            <governor idx="2">resonated</governor>
            <dependent idx="34">work</dependent>
          </dep>
          <dep type="nmod">
            <governor idx="34">work</governor>
            <dependent idx="35">with</dependent>
          </dep>
          <dep type="punct">
            <governor idx="2">resonated</governor>
            <dependent idx="36">,</dependent>
          </dep>
          <dep type="advmod">
            <governor idx="43">struggle</governor>
            <dependent idx="37">however</dependent>
          </dep>
          <dep type="advmod">
            <governor idx="43">struggle</governor>
            <dependent idx="38">sometimes</dependent>
          </dep>
          <dep type="nsubj">
            <governor idx="43">struggle</governor>
            <dependent idx="39">it</dependent>
          </dep>
          <dep type="aux">
            <governor idx="43">struggle</governor>
            <dependent idx="40">can</dependent>
          </dep>
          <dep type="cop">
            <governor idx="43">struggle</governor>
            <dependent idx="41">be</dependent>
          </dep>
          <dep type="det">
            <governor idx="43">struggle</governor>
            <dependent idx="42">a</dependent>
          </dep>
          <dep type="parataxis">
            <governor idx="2">resonated</governor>
            <dependent idx="43">struggle</dependent>
          </dep>
          <dep type="advmod">
            <governor idx="46">encounter</governor>
            <dependent idx="44">when</dependent>
          </dep>
          <dep type="nsubj">
            <governor idx="46">encounter</governor>
            <dependent idx="45">I</dependent>
          </dep>
          <dep type="acl:relcl">
            <governor idx="43">struggle</governor>
            <dependent idx="46">encounter</dependent>
          </dep>
          <dep type="dobj">
            <governor idx="46">encounter</governor>
            <dependent idx="47">leaders</dependent>
          </dep>
          <dep type="nsubj">
            <governor idx="50">destructive</governor>
            <dependent idx="48">who</dependent>
          </dep>
          <dep type="cop">
            <governor idx="50">destructive</governor>
            <dependent idx="49">are</dependent>
          </dep>
          <dep type="acl:relcl">
            <governor idx="47">leaders</governor>
            <dependent idx="50">destructive</dependent>
          </dep>
          <dep type="punct">
            <governor idx="2">resonated</governor>
            <dependent idx="51">.</dependent>
          </dep>
        </dependencies>
      </sentence>
      <sentence id="111">
        <tokens>
          <token id="1">
            <word>I</word>
            <lemma>I</lemma>
            <CharacterOffsetBegin>11376</CharacterOffsetBegin>
            <CharacterOffsetEnd>11377</CharacterOffsetEnd>
            <POS>PRP</POS>
            <NER>O</NER>
            <Speaker>PER0</Speaker>
          </token>
          <token id="2">
            <word>attended</word>
            <lemma>attend</lemma>
            <CharacterOffsetBegin>11378</CharacterOffsetBegin>
            <CharacterOffsetEnd>11386</CharacterOffsetEnd>
            <POS>VBD</POS>
            <NER>O</NER>
            <Speaker>PER0</Speaker>
          </token>
          <token id="3">
            <word>the</word>
            <lemma>the</lemma>
            <CharacterOffsetBegin>11387</CharacterOffsetBegin>
            <CharacterOffsetEnd>11390</CharacterOffsetEnd>
            <POS>DT</POS>
            <NER>O</NER>
            <Speaker>PER0</Speaker>
          </token>
          <token id="4">
            <word>information</word>
            <lemma>information</lemma>
            <CharacterOffsetBegin>11391</CharacterOffsetBegin>
            <CharacterOffsetEnd>11402</CharacterOffsetEnd>
            <POS>NN</POS>
            <NER>O</NER>
            <Speaker>PER0</Speaker>
          </token>
          <token id="5">
            <word>session</word>
            <lemma>session</lemma>
            <CharacterOffsetBegin>11403</CharacterOffsetBegin>
            <CharacterOffsetEnd>11410</CharacterOffsetEnd>
            <POS>NN</POS>
            <NER>O</NER>
            <Speaker>PER0</Speaker>
          </token>
          <token id="6">
            <word>held</word>
            <lemma>hold</lemma>
            <CharacterOffsetBegin>11411</CharacterOffsetBegin>
            <CharacterOffsetEnd>11415</CharacterOffsetEnd>
            <POS>VBN</POS>
            <NER>O</NER>
            <Speaker>PER0</Speaker>
          </token>
          <token id="7">
            <word>by</word>
            <lemma>by</lemma>
            <CharacterOffsetBegin>11416</CharacterOffsetBegin>
            <CharacterOffsetEnd>11418</CharacterOffsetEnd>
            <POS>IN</POS>
            <NER>O</NER>
            <Speaker>PER0</Speaker>
          </token>
          <token id="8">
            <word>Natalia</word>
            <lemma>Natalia</lemma>
            <CharacterOffsetBegin>11419</CharacterOffsetBegin>
            <CharacterOffsetEnd>11426</CharacterOffsetEnd>
            <POS>NNP</POS>
            <NER>PERSON</NER>
            <Speaker>PER0</Speaker>
          </token>
          <token id="9">
            <word>on</word>
            <lemma>on</lemma>
            <CharacterOffsetBegin>11427</CharacterOffsetBegin>
            <CharacterOffsetEnd>11429</CharacterOffsetEnd>
            <POS>IN</POS>
            <NER>O</NER>
            <Speaker>PER0</Speaker>
          </token>
          <token id="10">
            <word>the</word>
            <lemma>the</lemma>
            <CharacterOffsetBegin>11430</CharacterOffsetBegin>
            <CharacterOffsetEnd>11433</CharacterOffsetEnd>
            <POS>DT</POS>
            <NER>O</NER>
            <Speaker>PER0</Speaker>
          </token>
          <token id="11">
            <word>24</word>
            <lemma>24</lemma>
            <CharacterOffsetBegin>11434</CharacterOffsetBegin>
            <CharacterOffsetEnd>11436</CharacterOffsetEnd>
            <POS>CD</POS>
            <NER>DATE</NER>
            <NormalizedNER>XXXX-04-24</NormalizedNER>
            <Speaker>PER0</Speaker>
            <Timex tid="t14" type="DATE">XXXX-04-24</Timex>
          </token>
          <token id="12">
            <word>April</word>
            <lemma>April</lemma>
            <CharacterOffsetBegin>11437</CharacterOffsetBegin>
            <CharacterOffsetEnd>11442</CharacterOffsetEnd>
            <POS>NNP</POS>
            <NER>DATE</NER>
            <NormalizedNER>XXXX-04-24</NormalizedNER>
            <Speaker>PER0</Speaker>
            <Timex tid="t14" type="DATE">XXXX-04-24</Timex>
          </token>
          <token id="13">
            <word>,</word>
            <lemma>,</lemma>
            <CharacterOffsetBegin>11442</CharacterOffsetBegin>
            <CharacterOffsetEnd>11443</CharacterOffsetEnd>
            <POS>,</POS>
            <NER>O</NER>
            <Speaker>PER0</Speaker>
          </token>
          <token id="14">
            <word>there</word>
            <lemma>there</lemma>
            <CharacterOffsetBegin>11444</CharacterOffsetBegin>
            <CharacterOffsetEnd>11449</CharacterOffsetEnd>
            <POS>EX</POS>
            <NER>O</NER>
            <Speaker>PER0</Speaker>
          </token>
          <token id="15">
            <word>were</word>
            <lemma>be</lemma>
            <CharacterOffsetBegin>11450</CharacterOffsetBegin>
            <CharacterOffsetEnd>11454</CharacterOffsetEnd>
            <POS>VBD</POS>
            <NER>O</NER>
            <Speaker>PER0</Speaker>
          </token>
          <token id="16">
            <word>two</word>
            <lemma>two</lemma>
            <CharacterOffsetBegin>11455</CharacterOffsetBegin>
            <CharacterOffsetEnd>11458</CharacterOffsetEnd>
            <POS>CD</POS>
            <NER>NUMBER</NER>
            <NormalizedNER>2.0</NormalizedNER>
            <Speaker>PER0</Speaker>
          </token>
          <token id="17">
            <word>keynote</word>
            <lemma>keynote</lemma>
            <CharacterOffsetBegin>11459</CharacterOffsetBegin>
            <CharacterOffsetEnd>11466</CharacterOffsetEnd>
            <POS>NN</POS>
            <NER>O</NER>
            <Speaker>PER0</Speaker>
          </token>
          <token id="18">
            <word>speakers</word>
            <lemma>speaker</lemma>
            <CharacterOffsetBegin>11467</CharacterOffsetBegin>
            <CharacterOffsetEnd>11475</CharacterOffsetEnd>
            <POS>NNS</POS>
            <NER>O</NER>
            <Speaker>PER0</Speaker>
          </token>
          <token id="19">
            <word>who</word>
            <lemma>who</lemma>
            <CharacterOffsetBegin>11476</CharacterOffsetBegin>
            <CharacterOffsetEnd>11479</CharacterOffsetEnd>
            <POS>WP</POS>
            <NER>O</NER>
            <Speaker>PER0</Speaker>
          </token>
          <token id="20">
            <word>talked</word>
            <lemma>talk</lemma>
            <CharacterOffsetBegin>11480</CharacterOffsetBegin>
            <CharacterOffsetEnd>11486</CharacterOffsetEnd>
            <POS>VBD</POS>
            <NER>O</NER>
            <Speaker>PER0</Speaker>
          </token>
          <token id="21">
            <word>about</word>
            <lemma>about</lemma>
            <CharacterOffsetBegin>11487</CharacterOffsetBegin>
            <CharacterOffsetEnd>11492</CharacterOffsetEnd>
            <POS>IN</POS>
            <NER>O</NER>
            <Speaker>PER0</Speaker>
          </token>
          <token id="22">
            <word>organisations</word>
            <lemma>organisation</lemma>
            <CharacterOffsetBegin>11493</CharacterOffsetBegin>
            <CharacterOffsetEnd>11506</CharacterOffsetEnd>
            <POS>NNS</POS>
            <NER>O</NER>
            <Speaker>PER0</Speaker>
          </token>
          <token id="23">
            <word>that</word>
            <lemma>that</lemma>
            <CharacterOffsetBegin>11507</CharacterOffsetBegin>
            <CharacterOffsetEnd>11511</CharacterOffsetEnd>
            <POS>WDT</POS>
            <NER>O</NER>
            <Speaker>PER0</Speaker>
          </token>
          <token id="24">
            <word>had</word>
            <lemma>have</lemma>
            <CharacterOffsetBegin>11512</CharacterOffsetBegin>
            <CharacterOffsetEnd>11515</CharacterOffsetEnd>
            <POS>VBD</POS>
            <NER>O</NER>
            <Speaker>PER0</Speaker>
          </token>
          <token id="25">
            <word>strategic</word>
            <lemma>strategic</lemma>
            <CharacterOffsetBegin>11516</CharacterOffsetBegin>
            <CharacterOffsetEnd>11525</CharacterOffsetEnd>
            <POS>JJ</POS>
            <NER>O</NER>
            <Speaker>PER0</Speaker>
          </token>
          <token id="26">
            <word>practices</word>
            <lemma>practice</lemma>
            <CharacterOffsetBegin>11526</CharacterOffsetBegin>
            <CharacterOffsetEnd>11535</CharacterOffsetEnd>
            <POS>NNS</POS>
            <NER>O</NER>
            <Speaker>PER0</Speaker>
          </token>
          <token id="27">
            <word>for</word>
            <lemma>for</lemma>
            <CharacterOffsetBegin>11536</CharacterOffsetBegin>
            <CharacterOffsetEnd>11539</CharacterOffsetEnd>
            <POS>IN</POS>
            <NER>O</NER>
            <Speaker>PER0</Speaker>
          </token>
          <token id="28">
            <word>sustainable</word>
            <lemma>sustainable</lemma>
            <CharacterOffsetBegin>11540</CharacterOffsetBegin>
            <CharacterOffsetEnd>11551</CharacterOffsetEnd>
            <POS>JJ</POS>
            <NER>O</NER>
            <Speaker>PER0</Speaker>
          </token>
          <token id="29">
            <word>outcomes</word>
            <lemma>outcome</lemma>
            <CharacterOffsetBegin>11552</CharacterOffsetBegin>
            <CharacterOffsetEnd>11560</CharacterOffsetEnd>
            <POS>NNS</POS>
            <NER>O</NER>
            <Speaker>PER0</Speaker>
          </token>
          <token id="30">
            <word>.</word>
            <lemma>.</lemma>
            <CharacterOffsetBegin>11560</CharacterOffsetBegin>
            <CharacterOffsetEnd>11561</CharacterOffsetEnd>
            <POS>.</POS>
            <NER>O</NER>
            <Speaker>PER0</Speaker>
          </token>
        </tokens>
        <parse>(ROOT (S (S (NP (PRP I)) (VP (VBD attended) (NP (NP (DT the) (NN information) (NN session)) (VP (VBN held) (PP (IN by) (NP (NP (NNP Natalia)) (PP (IN on) (NP (DT the) (CD 24))))) (NP-TMP (NNP April)))))) (, ,) (NP (EX there)) (VP (VBD were) (NP (NP (CD two) (NN keynote) (NNS speakers)) (SBAR (WHNP (WP who)) (S (VP (VBD talked) (PP (IN about) (NP (NP (NNS organisations)) (SBAR (WHNP (WDT that)) (S (VP (VBD had) (NP (NP (JJ strategic) (NNS practices)) (PP (IN for) (NP (ADJP (JJ sustainable)) (NNS outcomes)))))))))))))) (. .))) </parse>
        <dependencies type="basic-dependencies">
          <dep type="root">
            <governor idx="0">ROOT</governor>
            <dependent idx="15">were</dependent>
          </dep>
          <dep type="nsubj">
            <governor idx="2">attended</governor>
            <dependent idx="1">I</dependent>
          </dep>
          <dep type="ccomp">
            <governor idx="15">were</governor>
            <dependent idx="2">attended</dependent>
          </dep>
          <dep type="det">
            <governor idx="5">session</governor>
            <dependent idx="3">the</dependent>
          </dep>
          <dep type="compound">
            <governor idx="5">session</governor>
            <dependent idx="4">information</dependent>
          </dep>
          <dep type="dobj">
            <governor idx="2">attended</governor>
            <dependent idx="5">session</dependent>
          </dep>
          <dep type="acl">
            <governor idx="5">session</governor>
            <dependent idx="6">held</dependent>
          </dep>
          <dep type="case">
            <governor idx="8">Natalia</governor>
            <dependent idx="7">by</dependent>
          </dep>
          <dep type="nmod">
            <governor idx="6">held</governor>
            <dependent idx="8">Natalia</dependent>
          </dep>
          <dep type="case">
            <governor idx="11">24</governor>
            <dependent idx="9">on</dependent>
          </dep>
          <dep type="det">
            <governor idx="11">24</governor>
            <dependent idx="10">the</dependent>
          </dep>
          <dep type="nmod">
            <governor idx="8">Natalia</governor>
            <dependent idx="11">24</dependent>
          </dep>
          <dep type="nmod:tmod">
            <governor idx="6">held</governor>
            <dependent idx="12">April</dependent>
          </dep>
          <dep type="punct">
            <governor idx="15">were</governor>
            <dependent idx="13">,</dependent>
          </dep>
          <dep type="expl">
            <governor idx="15">were</governor>
            <dependent idx="14">there</dependent>
          </dep>
          <dep type="nummod">
            <governor idx="18">speakers</governor>
            <dependent idx="16">two</dependent>
          </dep>
          <dep type="compound">
            <governor idx="18">speakers</governor>
            <dependent idx="17">keynote</dependent>
          </dep>
          <dep type="nsubj">
            <governor idx="15">were</governor>
            <dependent idx="18">speakers</dependent>
          </dep>
          <dep type="nsubj">
            <governor idx="20">talked</governor>
            <dependent idx="19">who</dependent>
          </dep>
          <dep type="acl:relcl">
            <governor idx="18">speakers</governor>
            <dependent idx="20">talked</dependent>
          </dep>
          <dep type="case">
            <governor idx="22">organisations</governor>
            <dependent idx="21">about</dependent>
          </dep>
          <dep type="nmod">
            <governor idx="20">talked</governor>
            <dependent idx="22">organisations</dependent>
          </dep>
          <dep type="nsubj">
            <governor idx="24">had</governor>
            <dependent idx="23">that</dependent>
          </dep>
          <dep type="acl:relcl">
            <governor idx="22">organisations</governor>
            <dependent idx="24">had</dependent>
          </dep>
          <dep type="amod">
            <governor idx="26">practices</governor>
            <dependent idx="25">strategic</dependent>
          </dep>
          <dep type="dobj">
            <governor idx="24">had</governor>
            <dependent idx="26">practices</dependent>
          </dep>
          <dep type="case">
            <governor idx="29">outcomes</governor>
            <dependent idx="27">for</dependent>
          </dep>
          <dep type="amod">
            <governor idx="29">outcomes</governor>
            <dependent idx="28">sustainable</dependent>
          </dep>
          <dep type="nmod">
            <governor idx="26">practices</governor>
            <dependent idx="29">outcomes</dependent>
          </dep>
          <dep type="punct">
            <governor idx="15">were</governor>
            <dependent idx="30">.</dependent>
          </dep>
        </dependencies>
        <dependencies type="collapsed-dependencies">
          <dep type="root">
            <governor idx="0">ROOT</governor>
            <dependent idx="15">were</dependent>
          </dep>
          <dep type="nsubj">
            <governor idx="2">attended</governor>
            <dependent idx="1">I</dependent>
          </dep>
          <dep type="ccomp">
            <governor idx="15">were</governor>
            <dependent idx="2">attended</dependent>
          </dep>
          <dep type="det">
            <governor idx="5">session</governor>
            <dependent idx="3">the</dependent>
          </dep>
          <dep type="compound">
            <governor idx="5">session</governor>
            <dependent idx="4">information</dependent>
          </dep>
          <dep type="dobj">
            <governor idx="2">attended</governor>
            <dependent idx="5">session</dependent>
          </dep>
          <dep type="acl">
            <governor idx="5">session</governor>
            <dependent idx="6">held</dependent>
          </dep>
          <dep type="case">
            <governor idx="8">Natalia</governor>
            <dependent idx="7">by</dependent>
          </dep>
          <dep type="nmod:by">
            <governor idx="6">held</governor>
            <dependent idx="8">Natalia</dependent>
          </dep>
          <dep type="case">
            <governor idx="11">24</governor>
            <dependent idx="9">on</dependent>
          </dep>
          <dep type="det">
            <governor idx="11">24</governor>
            <dependent idx="10">the</dependent>
          </dep>
          <dep type="nmod:on">
            <governor idx="8">Natalia</governor>
            <dependent idx="11">24</dependent>
          </dep>
          <dep type="nmod:tmod">
            <governor idx="6">held</governor>
            <dependent idx="12">April</dependent>
          </dep>
          <dep type="punct">
            <governor idx="15">were</governor>
            <dependent idx="13">,</dependent>
          </dep>
          <dep type="expl">
            <governor idx="15">were</governor>
            <dependent idx="14">there</dependent>
          </dep>
          <dep type="nummod">
            <governor idx="18">speakers</governor>
            <dependent idx="16">two</dependent>
          </dep>
          <dep type="compound">
            <governor idx="18">speakers</governor>
            <dependent idx="17">keynote</dependent>
          </dep>
          <dep type="nsubj">
            <governor idx="15">were</governor>
            <dependent idx="18">speakers</dependent>
          </dep>
          <dep type="nsubj">
            <governor idx="20">talked</governor>
            <dependent idx="19">who</dependent>
          </dep>
          <dep type="acl:relcl">
            <governor idx="18">speakers</governor>
            <dependent idx="20">talked</dependent>
          </dep>
          <dep type="case">
            <governor idx="22">organisations</governor>
            <dependent idx="21">about</dependent>
          </dep>
          <dep type="nmod:about">
            <governor idx="20">talked</governor>
            <dependent idx="22">organisations</dependent>
          </dep>
          <dep type="nsubj">
            <governor idx="24">had</governor>
            <dependent idx="23">that</dependent>
          </dep>
          <dep type="acl:relcl">
            <governor idx="22">organisations</governor>
            <dependent idx="24">had</dependent>
          </dep>
          <dep type="amod">
            <governor idx="26">practices</governor>
            <dependent idx="25">strategic</dependent>
          </dep>
          <dep type="dobj">
            <governor idx="24">had</governor>
            <dependent idx="26">practices</dependent>
          </dep>
          <dep type="case">
            <governor idx="29">outcomes</governor>
            <dependent idx="27">for</dependent>
          </dep>
          <dep type="amod">
            <governor idx="29">outcomes</governor>
            <dependent idx="28">sustainable</dependent>
          </dep>
          <dep type="nmod:for">
            <governor idx="26">practices</governor>
            <dependent idx="29">outcomes</dependent>
          </dep>
          <dep type="punct">
            <governor idx="15">were</governor>
            <dependent idx="30">.</dependent>
          </dep>
        </dependencies>
        <dependencies type="collapsed-ccprocessed-dependencies">
          <dep type="root">
            <governor idx="0">ROOT</governor>
            <dependent idx="15">were</dependent>
          </dep>
          <dep type="nsubj">
            <governor idx="2">attended</governor>
            <dependent idx="1">I</dependent>
          </dep>
          <dep type="ccomp">
            <governor idx="15">were</governor>
            <dependent idx="2">attended</dependent>
          </dep>
          <dep type="det">
            <governor idx="5">session</governor>
            <dependent idx="3">the</dependent>
          </dep>
          <dep type="compound">
            <governor idx="5">session</governor>
            <dependent idx="4">information</dependent>
          </dep>
          <dep type="dobj">
            <governor idx="2">attended</governor>
            <dependent idx="5">session</dependent>
          </dep>
          <dep type="acl">
            <governor idx="5">session</governor>
            <dependent idx="6">held</dependent>
          </dep>
          <dep type="case">
            <governor idx="8">Natalia</governor>
            <dependent idx="7">by</dependent>
          </dep>
          <dep type="nmod:by">
            <governor idx="6">held</governor>
            <dependent idx="8">Natalia</dependent>
          </dep>
          <dep type="case">
            <governor idx="11">24</governor>
            <dependent idx="9">on</dependent>
          </dep>
          <dep type="det">
            <governor idx="11">24</governor>
            <dependent idx="10">the</dependent>
          </dep>
          <dep type="nmod:on">
            <governor idx="8">Natalia</governor>
            <dependent idx="11">24</dependent>
          </dep>
          <dep type="nmod:tmod">
            <governor idx="6">held</governor>
            <dependent idx="12">April</dependent>
          </dep>
          <dep type="punct">
            <governor idx="15">were</governor>
            <dependent idx="13">,</dependent>
          </dep>
          <dep type="expl">
            <governor idx="15">were</governor>
            <dependent idx="14">there</dependent>
          </dep>
          <dep type="nummod">
            <governor idx="18">speakers</governor>
            <dependent idx="16">two</dependent>
          </dep>
          <dep type="compound">
            <governor idx="18">speakers</governor>
            <dependent idx="17">keynote</dependent>
          </dep>
          <dep type="nsubj">
            <governor idx="15">were</governor>
            <dependent idx="18">speakers</dependent>
          </dep>
          <dep type="nsubj">
            <governor idx="20">talked</governor>
            <dependent idx="19">who</dependent>
          </dep>
          <dep type="acl:relcl">
            <governor idx="18">speakers</governor>
            <dependent idx="20">talked</dependent>
          </dep>
          <dep type="case">
            <governor idx="22">organisations</governor>
            <dependent idx="21">about</dependent>
          </dep>
          <dep type="nmod:about">
            <governor idx="20">talked</governor>
            <dependent idx="22">organisations</dependent>
          </dep>
          <dep type="nsubj">
            <governor idx="24">had</governor>
            <dependent idx="23">that</dependent>
          </dep>
          <dep type="acl:relcl">
            <governor idx="22">organisations</governor>
            <dependent idx="24">had</dependent>
          </dep>
          <dep type="amod">
            <governor idx="26">practices</governor>
            <dependent idx="25">strategic</dependent>
          </dep>
          <dep type="dobj">
            <governor idx="24">had</governor>
            <dependent idx="26">practices</dependent>
          </dep>
          <dep type="case">
            <governor idx="29">outcomes</governor>
            <dependent idx="27">for</dependent>
          </dep>
          <dep type="amod">
            <governor idx="29">outcomes</governor>
            <dependent idx="28">sustainable</dependent>
          </dep>
          <dep type="nmod:for">
            <governor idx="26">practices</governor>
            <dependent idx="29">outcomes</dependent>
          </dep>
          <dep type="punct">
            <governor idx="15">were</governor>
            <dependent idx="30">.</dependent>
          </dep>
        </dependencies>
      </sentence>
      <sentence id="112">
        <tokens>
          <token id="1">
            <word>Two</word>
            <lemma>two</lemma>
            <CharacterOffsetBegin>11562</CharacterOffsetBegin>
            <CharacterOffsetEnd>11565</CharacterOffsetEnd>
            <POS>CD</POS>
            <NER>NUMBER</NER>
            <NormalizedNER>2.0</NormalizedNER>
            <Speaker>PER0</Speaker>
          </token>
          <token id="2">
            <word>key</word>
            <lemma>key</lemma>
            <CharacterOffsetBegin>11566</CharacterOffsetBegin>
            <CharacterOffsetEnd>11569</CharacterOffsetEnd>
            <POS>JJ</POS>
            <NER>O</NER>
            <Speaker>PER0</Speaker>
          </token>
          <token id="3">
            <word>highlights</word>
            <lemma>highlight</lemma>
            <CharacterOffsetBegin>11570</CharacterOffsetBegin>
            <CharacterOffsetEnd>11580</CharacterOffsetEnd>
            <POS>VBZ</POS>
            <NER>O</NER>
            <Speaker>PER0</Speaker>
          </token>
          <token id="4">
            <word>that</word>
            <lemma>that</lemma>
            <CharacterOffsetBegin>11581</CharacterOffsetBegin>
            <CharacterOffsetEnd>11585</CharacterOffsetEnd>
            <POS>IN</POS>
            <NER>O</NER>
            <Speaker>PER0</Speaker>
          </token>
          <token id="5">
            <word>I</word>
            <lemma>I</lemma>
            <CharacterOffsetBegin>11586</CharacterOffsetBegin>
            <CharacterOffsetEnd>11587</CharacterOffsetEnd>
            <POS>PRP</POS>
            <NER>O</NER>
            <Speaker>PER0</Speaker>
          </token>
          <token id="6">
            <word>learnt</word>
            <lemma>learn</lemma>
            <CharacterOffsetBegin>11588</CharacterOffsetBegin>
            <CharacterOffsetEnd>11594</CharacterOffsetEnd>
            <POS>VBD</POS>
            <NER>O</NER>
            <Speaker>PER0</Speaker>
          </token>
          <token id="7">
            <word>from</word>
            <lemma>from</lemma>
            <CharacterOffsetBegin>11595</CharacterOffsetBegin>
            <CharacterOffsetEnd>11599</CharacterOffsetEnd>
            <POS>IN</POS>
            <NER>O</NER>
            <Speaker>PER0</Speaker>
          </token>
          <token id="8">
            <word>that</word>
            <lemma>that</lemma>
            <CharacterOffsetBegin>11600</CharacterOffsetBegin>
            <CharacterOffsetEnd>11604</CharacterOffsetEnd>
            <POS>DT</POS>
            <NER>O</NER>
            <Speaker>PER0</Speaker>
          </token>
          <token id="9">
            <word>information</word>
            <lemma>information</lemma>
            <CharacterOffsetBegin>11605</CharacterOffsetBegin>
            <CharacterOffsetEnd>11616</CharacterOffsetEnd>
            <POS>NN</POS>
            <NER>O</NER>
            <Speaker>PER0</Speaker>
          </token>
          <token id="10">
            <word>session</word>
            <lemma>session</lemma>
            <CharacterOffsetBegin>11617</CharacterOffsetBegin>
            <CharacterOffsetEnd>11624</CharacterOffsetEnd>
            <POS>NN</POS>
            <NER>O</NER>
            <Speaker>PER0</Speaker>
          </token>
          <token id="11">
            <word>were</word>
            <lemma>be</lemma>
            <CharacterOffsetBegin>11625</CharacterOffsetBegin>
            <CharacterOffsetEnd>11629</CharacterOffsetEnd>
            <POS>VBD</POS>
            <NER>O</NER>
            <Speaker>PER0</Speaker>
          </token>
          <token id="12">
            <word>about</word>
            <lemma>about</lemma>
            <CharacterOffsetBegin>11630</CharacterOffsetBegin>
            <CharacterOffsetEnd>11635</CharacterOffsetEnd>
            <POS>IN</POS>
            <NER>O</NER>
            <Speaker>PER0</Speaker>
          </token>
          <token id="13">
            <word>leaders</word>
            <lemma>leader</lemma>
            <CharacterOffsetBegin>11636</CharacterOffsetBegin>
            <CharacterOffsetEnd>11643</CharacterOffsetEnd>
            <POS>NNS</POS>
            <NER>O</NER>
            <Speaker>PER0</Speaker>
          </token>
          <token id="14">
            <word>.</word>
            <lemma>.</lemma>
            <CharacterOffsetBegin>11643</CharacterOffsetBegin>
            <CharacterOffsetEnd>11644</CharacterOffsetEnd>
            <POS>.</POS>
            <NER>O</NER>
            <Speaker>PER0</Speaker>
          </token>
        </tokens>
        <parse>(ROOT (S (NP (NP (CD Two)) (SBAR (S (NP (JJ key)) (VP (VBZ highlights) (SBAR (IN that) (S (NP (PRP I)) (VP (VBD learnt) (PP (IN from) (NP (DT that) (NN information) (NN session)))))))))) (VP (VBD were) (PP (IN about) (NP (NNS leaders)))) (. .))) </parse>
        <dependencies type="basic-dependencies">
          <dep type="root">
            <governor idx="0">ROOT</governor>
            <dependent idx="13">leaders</dependent>
          </dep>
          <dep type="nsubj">
            <governor idx="13">leaders</governor>
            <dependent idx="1">Two</dependent>
          </dep>
          <dep type="nsubj">
            <governor idx="3">highlights</governor>
            <dependent idx="2">key</dependent>
          </dep>
          <dep type="acl:relcl">
            <governor idx="1">Two</governor>
            <dependent idx="3">highlights</dependent>
          </dep>
          <dep type="mark">
            <governor idx="6">learnt</governor>
            <dependent idx="4">that</dependent>
          </dep>
          <dep type="nsubj">
            <governor idx="6">learnt</governor>
            <dependent idx="5">I</dependent>
          </dep>
          <dep type="ccomp">
            <governor idx="3">highlights</governor>
            <dependent idx="6">learnt</dependent>
          </dep>
          <dep type="case">
            <governor idx="10">session</governor>
            <dependent idx="7">from</dependent>
          </dep>
          <dep type="det">
            <governor idx="10">session</governor>
            <dependent idx="8">that</dependent>
          </dep>
          <dep type="compound">
            <governor idx="10">session</governor>
            <dependent idx="9">information</dependent>
          </dep>
          <dep type="nmod">
            <governor idx="6">learnt</governor>
            <dependent idx="10">session</dependent>
          </dep>
          <dep type="cop">
            <governor idx="13">leaders</governor>
            <dependent idx="11">were</dependent>
          </dep>
          <dep type="case">
            <governor idx="13">leaders</governor>
            <dependent idx="12">about</dependent>
          </dep>
          <dep type="punct">
            <governor idx="13">leaders</governor>
            <dependent idx="14">.</dependent>
          </dep>
        </dependencies>
        <dependencies type="collapsed-dependencies">
          <dep type="root">
            <governor idx="0">ROOT</governor>
            <dependent idx="13">leaders</dependent>
          </dep>
          <dep type="nsubj">
            <governor idx="13">leaders</governor>
            <dependent idx="1">Two</dependent>
          </dep>
          <dep type="nsubj">
            <governor idx="3">highlights</governor>
            <dependent idx="2">key</dependent>
          </dep>
          <dep type="acl:relcl">
            <governor idx="1">Two</governor>
            <dependent idx="3">highlights</dependent>
          </dep>
          <dep type="mark">
            <governor idx="6">learnt</governor>
            <dependent idx="4">that</dependent>
          </dep>
          <dep type="nsubj">
            <governor idx="6">learnt</governor>
            <dependent idx="5">I</dependent>
          </dep>
          <dep type="ccomp">
            <governor idx="3">highlights</governor>
            <dependent idx="6">learnt</dependent>
          </dep>
          <dep type="case">
            <governor idx="10">session</governor>
            <dependent idx="7">from</dependent>
          </dep>
          <dep type="det">
            <governor idx="10">session</governor>
            <dependent idx="8">that</dependent>
          </dep>
          <dep type="compound">
            <governor idx="10">session</governor>
            <dependent idx="9">information</dependent>
          </dep>
          <dep type="nmod:from">
            <governor idx="6">learnt</governor>
            <dependent idx="10">session</dependent>
          </dep>
          <dep type="cop">
            <governor idx="13">leaders</governor>
            <dependent idx="11">were</dependent>
          </dep>
          <dep type="case">
            <governor idx="13">leaders</governor>
            <dependent idx="12">about</dependent>
          </dep>
          <dep type="punct">
            <governor idx="13">leaders</governor>
            <dependent idx="14">.</dependent>
          </dep>
        </dependencies>
        <dependencies type="collapsed-ccprocessed-dependencies">
          <dep type="root">
            <governor idx="0">ROOT</governor>
            <dependent idx="13">leaders</dependent>
          </dep>
          <dep type="nsubj">
            <governor idx="13">leaders</governor>
            <dependent idx="1">Two</dependent>
          </dep>
          <dep type="nsubj">
            <governor idx="3">highlights</governor>
            <dependent idx="2">key</dependent>
          </dep>
          <dep type="acl:relcl">
            <governor idx="1">Two</governor>
            <dependent idx="3">highlights</dependent>
          </dep>
          <dep type="mark">
            <governor idx="6">learnt</governor>
            <dependent idx="4">that</dependent>
          </dep>
          <dep type="nsubj">
            <governor idx="6">learnt</governor>
            <dependent idx="5">I</dependent>
          </dep>
          <dep type="ccomp">
            <governor idx="3">highlights</governor>
            <dependent idx="6">learnt</dependent>
          </dep>
          <dep type="case">
            <governor idx="10">session</governor>
            <dependent idx="7">from</dependent>
          </dep>
          <dep type="det">
            <governor idx="10">session</governor>
            <dependent idx="8">that</dependent>
          </dep>
          <dep type="compound">
            <governor idx="10">session</governor>
            <dependent idx="9">information</dependent>
          </dep>
          <dep type="nmod:from">
            <governor idx="6">learnt</governor>
            <dependent idx="10">session</dependent>
          </dep>
          <dep type="cop">
            <governor idx="13">leaders</governor>
            <dependent idx="11">were</dependent>
          </dep>
          <dep type="case">
            <governor idx="13">leaders</governor>
            <dependent idx="12">about</dependent>
          </dep>
          <dep type="punct">
            <governor idx="13">leaders</governor>
            <dependent idx="14">.</dependent>
          </dep>
        </dependencies>
      </sentence>
      <sentence id="113">
        <tokens>
          <token id="1">
            <word>One</word>
            <lemma>one</lemma>
            <CharacterOffsetBegin>11645</CharacterOffsetBegin>
            <CharacterOffsetEnd>11648</CharacterOffsetEnd>
            <POS>CD</POS>
            <NER>NUMBER</NER>
            <NormalizedNER>1.0</NormalizedNER>
            <Speaker>PER0</Speaker>
          </token>
          <token id="2">
            <word>aspect</word>
            <lemma>aspect</lemma>
            <CharacterOffsetBegin>11649</CharacterOffsetBegin>
            <CharacterOffsetEnd>11655</CharacterOffsetEnd>
            <POS>NN</POS>
            <NER>O</NER>
            <Speaker>PER0</Speaker>
          </token>
          <token id="3">
            <word>was</word>
            <lemma>be</lemma>
            <CharacterOffsetBegin>11656</CharacterOffsetBegin>
            <CharacterOffsetEnd>11659</CharacterOffsetEnd>
            <POS>VBD</POS>
            <NER>O</NER>
            <Speaker>PER0</Speaker>
          </token>
          <token id="4">
            <word>Leadership</word>
            <lemma>Leadership</lemma>
            <CharacterOffsetBegin>11660</CharacterOffsetBegin>
            <CharacterOffsetEnd>11670</CharacterOffsetEnd>
            <POS>NNP</POS>
            <NER>O</NER>
            <Speaker>PER0</Speaker>
          </token>
          <token id="5">
            <word>was</word>
            <lemma>be</lemma>
            <CharacterOffsetBegin>11671</CharacterOffsetBegin>
            <CharacterOffsetEnd>11674</CharacterOffsetEnd>
            <POS>VBD</POS>
            <NER>O</NER>
            <Speaker>PER0</Speaker>
          </token>
          <token id="6">
            <word>about</word>
            <lemma>about</lemma>
            <CharacterOffsetBegin>11675</CharacterOffsetBegin>
            <CharacterOffsetEnd>11680</CharacterOffsetEnd>
            <POS>IN</POS>
            <NER>O</NER>
            <Speaker>PER0</Speaker>
          </token>
          <token id="7">
            <word>the</word>
            <lemma>the</lemma>
            <CharacterOffsetBegin>11681</CharacterOffsetBegin>
            <CharacterOffsetEnd>11684</CharacterOffsetEnd>
            <POS>DT</POS>
            <NER>O</NER>
            <Speaker>PER0</Speaker>
          </token>
          <token id="8">
            <word>impact</word>
            <lemma>impact</lemma>
            <CharacterOffsetBegin>11685</CharacterOffsetBegin>
            <CharacterOffsetEnd>11691</CharacterOffsetEnd>
            <POS>NN</POS>
            <NER>O</NER>
            <Speaker>PER0</Speaker>
          </token>
          <token id="9">
            <word>you</word>
            <lemma>you</lemma>
            <CharacterOffsetBegin>11692</CharacterOffsetBegin>
            <CharacterOffsetEnd>11695</CharacterOffsetEnd>
            <POS>PRP</POS>
            <NER>O</NER>
            <Speaker>PER0</Speaker>
          </token>
          <token id="10">
            <word>have</word>
            <lemma>have</lemma>
            <CharacterOffsetBegin>11696</CharacterOffsetBegin>
            <CharacterOffsetEnd>11700</CharacterOffsetEnd>
            <POS>VBP</POS>
            <NER>O</NER>
            <Speaker>PER0</Speaker>
          </token>
          <token id="11">
            <word>on</word>
            <lemma>on</lemma>
            <CharacterOffsetBegin>11701</CharacterOffsetBegin>
            <CharacterOffsetEnd>11703</CharacterOffsetEnd>
            <POS>IN</POS>
            <NER>O</NER>
            <Speaker>PER0</Speaker>
          </token>
          <token id="12">
            <word>others</word>
            <lemma>other</lemma>
            <CharacterOffsetBegin>11704</CharacterOffsetBegin>
            <CharacterOffsetEnd>11710</CharacterOffsetEnd>
            <POS>NNS</POS>
            <NER>O</NER>
            <Speaker>PER0</Speaker>
          </token>
          <token id="13">
            <word>,</word>
            <lemma>,</lemma>
            <CharacterOffsetBegin>11710</CharacterOffsetBegin>
            <CharacterOffsetEnd>11711</CharacterOffsetEnd>
            <POS>,</POS>
            <NER>O</NER>
            <Speaker>PER0</Speaker>
          </token>
          <token id="14">
            <word>this</word>
            <lemma>this</lemma>
            <CharacterOffsetBegin>11712</CharacterOffsetBegin>
            <CharacterOffsetEnd>11716</CharacterOffsetEnd>
            <POS>DT</POS>
            <NER>O</NER>
            <Speaker>PER0</Speaker>
          </token>
          <token id="15">
            <word>was</word>
            <lemma>be</lemma>
            <CharacterOffsetBegin>11717</CharacterOffsetBegin>
            <CharacterOffsetEnd>11720</CharacterOffsetEnd>
            <POS>VBD</POS>
            <NER>O</NER>
            <Speaker>PER0</Speaker>
          </token>
          <token id="16">
            <word>a</word>
            <lemma>a</lemma>
            <CharacterOffsetBegin>11721</CharacterOffsetBegin>
            <CharacterOffsetEnd>11722</CharacterOffsetEnd>
            <POS>DT</POS>
            <NER>O</NER>
            <Speaker>PER0</Speaker>
          </token>
          <token id="17">
            <word>powerful</word>
            <lemma>powerful</lemma>
            <CharacterOffsetBegin>11723</CharacterOffsetBegin>
            <CharacterOffsetEnd>11731</CharacterOffsetEnd>
            <POS>JJ</POS>
            <NER>O</NER>
            <Speaker>PER0</Speaker>
          </token>
          <token id="18">
            <word>statement</word>
            <lemma>statement</lemma>
            <CharacterOffsetBegin>11732</CharacterOffsetBegin>
            <CharacterOffsetEnd>11741</CharacterOffsetEnd>
            <POS>NN</POS>
            <NER>O</NER>
            <Speaker>PER0</Speaker>
          </token>
          <token id="19">
            <word>to</word>
            <lemma>to</lemma>
            <CharacterOffsetBegin>11742</CharacterOffsetBegin>
            <CharacterOffsetEnd>11744</CharacterOffsetEnd>
            <POS>TO</POS>
            <NER>O</NER>
            <Speaker>PER0</Speaker>
          </token>
          <token id="20">
            <word>me</word>
            <lemma>I</lemma>
            <CharacterOffsetBegin>11745</CharacterOffsetBegin>
            <CharacterOffsetEnd>11747</CharacterOffsetEnd>
            <POS>PRP</POS>
            <NER>O</NER>
            <Speaker>PER0</Speaker>
          </token>
          <token id="21">
            <word>,</word>
            <lemma>,</lemma>
            <CharacterOffsetBegin>11747</CharacterOffsetBegin>
            <CharacterOffsetEnd>11748</CharacterOffsetEnd>
            <POS>,</POS>
            <NER>O</NER>
            <Speaker>PER0</Speaker>
          </token>
          <token id="22">
            <word>because</word>
            <lemma>because</lemma>
            <CharacterOffsetBegin>11749</CharacterOffsetBegin>
            <CharacterOffsetEnd>11756</CharacterOffsetEnd>
            <POS>IN</POS>
            <NER>O</NER>
            <Speaker>PER0</Speaker>
          </token>
          <token id="23">
            <word>most</word>
            <lemma>most</lemma>
            <CharacterOffsetBegin>11757</CharacterOffsetBegin>
            <CharacterOffsetEnd>11761</CharacterOffsetEnd>
            <POS>JJS</POS>
            <NER>O</NER>
            <Speaker>PER0</Speaker>
          </token>
          <token id="24">
            <word>of</word>
            <lemma>of</lemma>
            <CharacterOffsetBegin>11762</CharacterOffsetBegin>
            <CharacterOffsetEnd>11764</CharacterOffsetEnd>
            <POS>IN</POS>
            <NER>O</NER>
            <Speaker>PER0</Speaker>
          </token>
          <token id="25">
            <word>the</word>
            <lemma>the</lemma>
            <CharacterOffsetBegin>11765</CharacterOffsetBegin>
            <CharacterOffsetEnd>11768</CharacterOffsetEnd>
            <POS>DT</POS>
            <NER>O</NER>
            <Speaker>PER0</Speaker>
          </token>
          <token id="26">
            <word>time</word>
            <lemma>time</lemma>
            <CharacterOffsetBegin>11769</CharacterOffsetBegin>
            <CharacterOffsetEnd>11773</CharacterOffsetEnd>
            <POS>NN</POS>
            <NER>O</NER>
            <Speaker>PER0</Speaker>
          </token>
          <token id="27">
            <word>when</word>
            <lemma>when</lemma>
            <CharacterOffsetBegin>11774</CharacterOffsetBegin>
            <CharacterOffsetEnd>11778</CharacterOffsetEnd>
            <POS>WRB</POS>
            <NER>O</NER>
            <Speaker>PER0</Speaker>
          </token>
          <token id="28">
            <word>you</word>
            <lemma>you</lemma>
            <CharacterOffsetBegin>11779</CharacterOffsetBegin>
            <CharacterOffsetEnd>11782</CharacterOffsetEnd>
            <POS>PRP</POS>
            <NER>O</NER>
            <Speaker>PER0</Speaker>
          </token>
          <token id="29">
            <word>read</word>
            <lemma>read</lemma>
            <CharacterOffsetBegin>11783</CharacterOffsetBegin>
            <CharacterOffsetEnd>11787</CharacterOffsetEnd>
            <POS>VBP</POS>
            <NER>O</NER>
            <Speaker>PER0</Speaker>
          </token>
          <token id="30">
            <word>about</word>
            <lemma>about</lemma>
            <CharacterOffsetBegin>11788</CharacterOffsetBegin>
            <CharacterOffsetEnd>11793</CharacterOffsetEnd>
            <POS>IN</POS>
            <NER>O</NER>
            <Speaker>PER0</Speaker>
          </token>
          <token id="31">
            <word>leadership</word>
            <lemma>leadership</lemma>
            <CharacterOffsetBegin>11794</CharacterOffsetBegin>
            <CharacterOffsetEnd>11804</CharacterOffsetEnd>
            <POS>NN</POS>
            <NER>O</NER>
            <Speaker>PER0</Speaker>
          </token>
          <token id="32">
            <word>it</word>
            <lemma>it</lemma>
            <CharacterOffsetBegin>11805</CharacterOffsetBegin>
            <CharacterOffsetEnd>11807</CharacterOffsetEnd>
            <POS>PRP</POS>
            <NER>O</NER>
            <Speaker>PER0</Speaker>
          </token>
          <token id="33">
            <word>talks</word>
            <lemma>talk</lemma>
            <CharacterOffsetBegin>11808</CharacterOffsetBegin>
            <CharacterOffsetEnd>11813</CharacterOffsetEnd>
            <POS>VBZ</POS>
            <NER>O</NER>
            <Speaker>PER0</Speaker>
          </token>
          <token id="34">
            <word>about</word>
            <lemma>about</lemma>
            <CharacterOffsetBegin>11814</CharacterOffsetBegin>
            <CharacterOffsetEnd>11819</CharacterOffsetEnd>
            <POS>IN</POS>
            <NER>O</NER>
            <Speaker>PER0</Speaker>
          </token>
          <token id="35">
            <word>having</word>
            <lemma>have</lemma>
            <CharacterOffsetBegin>11820</CharacterOffsetBegin>
            <CharacterOffsetEnd>11826</CharacterOffsetEnd>
            <POS>VBG</POS>
            <NER>O</NER>
            <Speaker>PER0</Speaker>
          </token>
          <token id="36">
            <word>followers</word>
            <lemma>follower</lemma>
            <CharacterOffsetBegin>11827</CharacterOffsetBegin>
            <CharacterOffsetEnd>11836</CharacterOffsetEnd>
            <POS>NNS</POS>
            <NER>O</NER>
            <Speaker>PER0</Speaker>
          </token>
          <token id="37">
            <word>and</word>
            <lemma>and</lemma>
            <CharacterOffsetBegin>11837</CharacterOffsetBegin>
            <CharacterOffsetEnd>11840</CharacterOffsetEnd>
            <POS>CC</POS>
            <NER>O</NER>
            <Speaker>PER0</Speaker>
          </token>
          <token id="38">
            <word>the</word>
            <lemma>the</lemma>
            <CharacterOffsetBegin>11841</CharacterOffsetBegin>
            <CharacterOffsetEnd>11844</CharacterOffsetEnd>
            <POS>DT</POS>
            <NER>O</NER>
            <Speaker>PER0</Speaker>
          </token>
          <token id="39">
            <word>influence</word>
            <lemma>influence</lemma>
            <CharacterOffsetBegin>11845</CharacterOffsetBegin>
            <CharacterOffsetEnd>11854</CharacterOffsetEnd>
            <POS>NN</POS>
            <NER>O</NER>
            <Speaker>PER0</Speaker>
          </token>
          <token id="40">
            <word>you</word>
            <lemma>you</lemma>
            <CharacterOffsetBegin>11855</CharacterOffsetBegin>
            <CharacterOffsetEnd>11858</CharacterOffsetEnd>
            <POS>PRP</POS>
            <NER>O</NER>
            <Speaker>PER0</Speaker>
          </token>
          <token id="41">
            <word>have</word>
            <lemma>have</lemma>
            <CharacterOffsetBegin>11859</CharacterOffsetBegin>
            <CharacterOffsetEnd>11863</CharacterOffsetEnd>
            <POS>VBP</POS>
            <NER>O</NER>
            <Speaker>PER0</Speaker>
          </token>
          <token id="42">
            <word>over</word>
            <lemma>over</lemma>
            <CharacterOffsetBegin>11864</CharacterOffsetBegin>
            <CharacterOffsetEnd>11868</CharacterOffsetEnd>
            <POS>IN</POS>
            <NER>O</NER>
            <Speaker>PER0</Speaker>
          </token>
          <token id="43">
            <word>people</word>
            <lemma>people</lemma>
            <CharacterOffsetBegin>11869</CharacterOffsetBegin>
            <CharacterOffsetEnd>11875</CharacterOffsetEnd>
            <POS>NNS</POS>
            <NER>O</NER>
            <Speaker>PER0</Speaker>
          </token>
          <token id="44">
            <word>to</word>
            <lemma>to</lemma>
            <CharacterOffsetBegin>11876</CharacterOffsetBegin>
            <CharacterOffsetEnd>11878</CharacterOffsetEnd>
            <POS>TO</POS>
            <NER>O</NER>
            <Speaker>PER0</Speaker>
          </token>
          <token id="45">
            <word>follow</word>
            <lemma>follow</lemma>
            <CharacterOffsetBegin>11879</CharacterOffsetBegin>
            <CharacterOffsetEnd>11885</CharacterOffsetEnd>
            <POS>VB</POS>
            <NER>O</NER>
            <Speaker>PER0</Speaker>
          </token>
          <token id="46">
            <word>you</word>
            <lemma>you</lemma>
            <CharacterOffsetBegin>11886</CharacterOffsetBegin>
            <CharacterOffsetEnd>11889</CharacterOffsetEnd>
            <POS>PRP</POS>
            <NER>O</NER>
            <Speaker>PER0</Speaker>
          </token>
          <token id="47">
            <word>.</word>
            <lemma>.</lemma>
            <CharacterOffsetBegin>11889</CharacterOffsetBegin>
            <CharacterOffsetEnd>11890</CharacterOffsetEnd>
            <POS>.</POS>
            <NER>O</NER>
            <Speaker>PER0</Speaker>
          </token>
        </tokens>
        <parse>(ROOT (S (S (NP (CD One) (NN aspect)) (VP (VBD was) (NP (NP (NNP Leadership)) (SBAR (S (VP (VBD was) (PP (IN about) (NP (NP (DT the) (NN impact)) (SBAR (S (NP (PRP you)) (VP (VBP have) (VP (PP (IN on) (NP (NNS others))))))))))))))) (, ,) (NP (DT this)) (VP (VBD was) (NP (NP (DT a) (JJ powerful) (NN statement)) (PP (TO to) (NP (PRP me)))) (, ,) (PP (IN because) (NP (NP (JJS most)) (PP (IN of) (NP (NP (DT the) (NN time)) (SBAR (WHADVP (WRB when)) (S (NP (PRP you)) (VP (VBP read) (PP (IN about) (NP (NP (NP (NN leadership)) (SBAR (S (NP (PRP it)) (VP (VBZ talks) (PP (IN about) (S (VP (VBG having) (NP (NNS followers))))))))) (CC and) (NP (NP (DT the) (NN influence)) (SBAR (S (NP (PRP you)) (VP (VBP have) (PP (IN over) (NP (NNS people))) (S (VP (TO to) (VP (VB follow) (NP (PRP you))))))))))))))))))) (. .))) </parse>
        <dependencies type="basic-dependencies">
          <dep type="root">
            <governor idx="0">ROOT</governor>
            <dependent idx="18">statement</dependent>
          </dep>
          <dep type="nummod">
            <governor idx="2">aspect</governor>
            <dependent idx="1">One</dependent>
          </dep>
          <dep type="nsubj">
            <governor idx="4">Leadership</governor>
            <dependent idx="2">aspect</dependent>
          </dep>
          <dep type="cop">
            <governor idx="4">Leadership</governor>
            <dependent idx="3">was</dependent>
          </dep>
          <dep type="ccomp">
            <governor idx="18">statement</governor>
            <dependent idx="4">Leadership</dependent>
          </dep>
          <dep type="cop">
            <governor idx="8">impact</governor>
            <dependent idx="5">was</dependent>
          </dep>
          <dep type="case">
            <governor idx="8">impact</governor>
            <dependent idx="6">about</dependent>
          </dep>
          <dep type="det">
            <governor idx="8">impact</governor>
            <dependent idx="7">the</dependent>
          </dep>
          <dep type="acl:relcl">
            <governor idx="4">Leadership</governor>
            <dependent idx="8">impact</dependent>
          </dep>
          <dep type="nsubj">
            <governor idx="12">others</governor>
            <dependent idx="9">you</dependent>
          </dep>
          <dep type="aux">
            <governor idx="12">others</governor>
            <dependent idx="10">have</dependent>
          </dep>
          <dep type="case">
            <governor idx="12">others</governor>
            <dependent idx="11">on</dependent>
          </dep>
          <dep type="acl:relcl">
            <governor idx="8">impact</governor>
            <dependent idx="12">others</dependent>
          </dep>
          <dep type="punct">
            <governor idx="18">statement</governor>
            <dependent idx="13">,</dependent>
          </dep>
          <dep type="nsubj">
            <governor idx="18">statement</governor>
            <dependent idx="14">this</dependent>
          </dep>
          <dep type="cop">
            <governor idx="18">statement</governor>
            <dependent idx="15">was</dependent>
          </dep>
          <dep type="det">
            <governor idx="18">statement</governor>
            <dependent idx="16">a</dependent>
          </dep>
          <dep type="amod">
            <governor idx="18">statement</governor>
            <dependent idx="17">powerful</dependent>
          </dep>
          <dep type="case">
            <governor idx="20">me</governor>
            <dependent idx="19">to</dependent>
          </dep>
          <dep type="nmod">
            <governor idx="18">statement</governor>
            <dependent idx="20">me</dependent>
          </dep>
          <dep type="punct">
            <governor idx="18">statement</governor>
            <dependent idx="21">,</dependent>
          </dep>
          <dep type="case">
            <governor idx="23">most</governor>
            <dependent idx="22">because</dependent>
          </dep>
          <dep type="nmod">
            <governor idx="18">statement</governor>
            <dependent idx="23">most</dependent>
          </dep>
          <dep type="case">
            <governor idx="26">time</governor>
            <dependent idx="24">of</dependent>
          </dep>
          <dep type="det">
            <governor idx="26">time</governor>
            <dependent idx="25">the</dependent>
          </dep>
          <dep type="nmod">
            <governor idx="23">most</governor>
            <dependent idx="26">time</dependent>
          </dep>
          <dep type="advmod">
            <governor idx="29">read</governor>
            <dependent idx="27">when</dependent>
          </dep>
          <dep type="nsubj">
            <governor idx="29">read</governor>
            <dependent idx="28">you</dependent>
          </dep>
          <dep type="acl:relcl">
            <governor idx="26">time</governor>
            <dependent idx="29">read</dependent>
          </dep>
          <dep type="case">
            <governor idx="31">leadership</governor>
            <dependent idx="30">about</dependent>
          </dep>
          <dep type="nmod">
            <governor idx="29">read</governor>
            <dependent idx="31">leadership</dependent>
          </dep>
          <dep type="nsubj">
            <governor idx="33">talks</governor>
            <dependent idx="32">it</dependent>
          </dep>
          <dep type="acl:relcl">
            <governor idx="31">leadership</governor>
            <dependent idx="33">talks</dependent>
          </dep>
          <dep type="mark">
            <governor idx="35">having</governor>
            <dependent idx="34">about</dependent>
          </dep>
          <dep type="advcl">
            <governor idx="33">talks</governor>
            <dependent idx="35">having</dependent>
          </dep>
          <dep type="dobj">
            <governor idx="35">having</governor>
            <dependent idx="36">followers</dependent>
          </dep>
          <dep type="cc">
            <governor idx="31">leadership</governor>
            <dependent idx="37">and</dependent>
          </dep>
          <dep type="det">
            <governor idx="39">influence</governor>
            <dependent idx="38">the</dependent>
          </dep>
          <dep type="conj">
            <governor idx="31">leadership</governor>
            <dependent idx="39">influence</dependent>
          </dep>
          <dep type="nsubj">
            <governor idx="41">have</governor>
            <dependent idx="40">you</dependent>
          </dep>
          <dep type="acl:relcl">
            <governor idx="39">influence</governor>
            <dependent idx="41">have</dependent>
          </dep>
          <dep type="case">
            <governor idx="43">people</governor>
            <dependent idx="42">over</dependent>
          </dep>
          <dep type="nmod">
            <governor idx="41">have</governor>
            <dependent idx="43">people</dependent>
          </dep>
          <dep type="mark">
            <governor idx="45">follow</governor>
            <dependent idx="44">to</dependent>
          </dep>
          <dep type="xcomp">
            <governor idx="41">have</governor>
            <dependent idx="45">follow</dependent>
          </dep>
          <dep type="dobj">
            <governor idx="45">follow</governor>
            <dependent idx="46">you</dependent>
          </dep>
          <dep type="punct">
            <governor idx="18">statement</governor>
            <dependent idx="47">.</dependent>
          </dep>
        </dependencies>
        <dependencies type="collapsed-dependencies">
          <dep type="root">
            <governor idx="0">ROOT</governor>
            <dependent idx="18">statement</dependent>
          </dep>
          <dep type="nummod">
            <governor idx="2">aspect</governor>
            <dependent idx="1">One</dependent>
          </dep>
          <dep type="nsubj">
            <governor idx="4">Leadership</governor>
            <dependent idx="2">aspect</dependent>
          </dep>
          <dep type="cop">
            <governor idx="4">Leadership</governor>
            <dependent idx="3">was</dependent>
          </dep>
          <dep type="ccomp">
            <governor idx="18">statement</governor>
            <dependent idx="4">Leadership</dependent>
          </dep>
          <dep type="cop">
            <governor idx="8">impact</governor>
            <dependent idx="5">was</dependent>
          </dep>
          <dep type="case">
            <governor idx="8">impact</governor>
            <dependent idx="6">about</dependent>
          </dep>
          <dep type="det">
            <governor idx="8">impact</governor>
            <dependent idx="7">the</dependent>
          </dep>
          <dep type="acl:relcl">
            <governor idx="4">Leadership</governor>
            <dependent idx="8">impact</dependent>
          </dep>
          <dep type="nsubj">
            <governor idx="12">others</governor>
            <dependent idx="9">you</dependent>
          </dep>
          <dep type="aux">
            <governor idx="12">others</governor>
            <dependent idx="10">have</dependent>
          </dep>
          <dep type="case">
            <governor idx="12">others</governor>
            <dependent idx="11">on</dependent>
          </dep>
          <dep type="acl:relcl">
            <governor idx="8">impact</governor>
            <dependent idx="12">others</dependent>
          </dep>
          <dep type="punct">
            <governor idx="18">statement</governor>
            <dependent idx="13">,</dependent>
          </dep>
          <dep type="nsubj">
            <governor idx="18">statement</governor>
            <dependent idx="14">this</dependent>
          </dep>
          <dep type="cop">
            <governor idx="18">statement</governor>
            <dependent idx="15">was</dependent>
          </dep>
          <dep type="det">
            <governor idx="18">statement</governor>
            <dependent idx="16">a</dependent>
          </dep>
          <dep type="amod">
            <governor idx="18">statement</governor>
            <dependent idx="17">powerful</dependent>
          </dep>
          <dep type="case">
            <governor idx="20">me</governor>
            <dependent idx="19">to</dependent>
          </dep>
          <dep type="nmod:to">
            <governor idx="18">statement</governor>
            <dependent idx="20">me</dependent>
          </dep>
          <dep type="punct">
            <governor idx="18">statement</governor>
            <dependent idx="21">,</dependent>
          </dep>
          <dep type="case">
            <governor idx="23">most</governor>
            <dependent idx="22">because</dependent>
          </dep>
          <dep type="nmod:because">
            <governor idx="18">statement</governor>
            <dependent idx="23">most</dependent>
          </dep>
          <dep type="case">
            <governor idx="26">time</governor>
            <dependent idx="24">of</dependent>
          </dep>
          <dep type="det">
            <governor idx="26">time</governor>
            <dependent idx="25">the</dependent>
          </dep>
          <dep type="nmod:of">
            <governor idx="23">most</governor>
            <dependent idx="26">time</dependent>
          </dep>
          <dep type="advmod">
            <governor idx="29">read</governor>
            <dependent idx="27">when</dependent>
          </dep>
          <dep type="nsubj">
            <governor idx="29">read</governor>
            <dependent idx="28">you</dependent>
          </dep>
          <dep type="acl:relcl">
            <governor idx="26">time</governor>
            <dependent idx="29">read</dependent>
          </dep>
          <dep type="case">
            <governor idx="31">leadership</governor>
            <dependent idx="30">about</dependent>
          </dep>
          <dep type="nmod:about">
            <governor idx="29">read</governor>
            <dependent idx="31">leadership</dependent>
          </dep>
          <dep type="nsubj">
            <governor idx="33">talks</governor>
            <dependent idx="32">it</dependent>
          </dep>
          <dep type="acl:relcl">
            <governor idx="31">leadership</governor>
            <dependent idx="33">talks</dependent>
          </dep>
          <dep type="mark">
            <governor idx="35">having</governor>
            <dependent idx="34">about</dependent>
          </dep>
          <dep type="advcl">
            <governor idx="33">talks</governor>
            <dependent idx="35">having</dependent>
          </dep>
          <dep type="dobj">
            <governor idx="35">having</governor>
            <dependent idx="36">followers</dependent>
          </dep>
          <dep type="cc">
            <governor idx="31">leadership</governor>
            <dependent idx="37">and</dependent>
          </dep>
          <dep type="det">
            <governor idx="39">influence</governor>
            <dependent idx="38">the</dependent>
          </dep>
          <dep type="conj:and">
            <governor idx="31">leadership</governor>
            <dependent idx="39">influence</dependent>
          </dep>
          <dep type="nsubj">
            <governor idx="41">have</governor>
            <dependent idx="40">you</dependent>
          </dep>
          <dep type="acl:relcl">
            <governor idx="39">influence</governor>
            <dependent idx="41">have</dependent>
          </dep>
          <dep type="case">
            <governor idx="43">people</governor>
            <dependent idx="42">over</dependent>
          </dep>
          <dep type="nmod:over">
            <governor idx="41">have</governor>
            <dependent idx="43">people</dependent>
          </dep>
          <dep type="mark">
            <governor idx="45">follow</governor>
            <dependent idx="44">to</dependent>
          </dep>
          <dep type="xcomp">
            <governor idx="41">have</governor>
            <dependent idx="45">follow</dependent>
          </dep>
          <dep type="dobj">
            <governor idx="45">follow</governor>
            <dependent idx="46">you</dependent>
          </dep>
          <dep type="punct">
            <governor idx="18">statement</governor>
            <dependent idx="47">.</dependent>
          </dep>
        </dependencies>
        <dependencies type="collapsed-ccprocessed-dependencies">
          <dep type="root">
            <governor idx="0">ROOT</governor>
            <dependent idx="18">statement</dependent>
          </dep>
          <dep type="nummod">
            <governor idx="2">aspect</governor>
            <dependent idx="1">One</dependent>
          </dep>
          <dep type="nsubj">
            <governor idx="4">Leadership</governor>
            <dependent idx="2">aspect</dependent>
          </dep>
          <dep type="cop">
            <governor idx="4">Leadership</governor>
            <dependent idx="3">was</dependent>
          </dep>
          <dep type="ccomp">
            <governor idx="18">statement</governor>
            <dependent idx="4">Leadership</dependent>
          </dep>
          <dep type="cop">
            <governor idx="8">impact</governor>
            <dependent idx="5">was</dependent>
          </dep>
          <dep type="case">
            <governor idx="8">impact</governor>
            <dependent idx="6">about</dependent>
          </dep>
          <dep type="det">
            <governor idx="8">impact</governor>
            <dependent idx="7">the</dependent>
          </dep>
          <dep type="acl:relcl">
            <governor idx="4">Leadership</governor>
            <dependent idx="8">impact</dependent>
          </dep>
          <dep type="nsubj">
            <governor idx="12">others</governor>
            <dependent idx="9">you</dependent>
          </dep>
          <dep type="aux">
            <governor idx="12">others</governor>
            <dependent idx="10">have</dependent>
          </dep>
          <dep type="case">
            <governor idx="12">others</governor>
            <dependent idx="11">on</dependent>
          </dep>
          <dep type="acl:relcl">
            <governor idx="8">impact</governor>
            <dependent idx="12">others</dependent>
          </dep>
          <dep type="punct">
            <governor idx="18">statement</governor>
            <dependent idx="13">,</dependent>
          </dep>
          <dep type="nsubj">
            <governor idx="18">statement</governor>
            <dependent idx="14">this</dependent>
          </dep>
          <dep type="cop">
            <governor idx="18">statement</governor>
            <dependent idx="15">was</dependent>
          </dep>
          <dep type="det">
            <governor idx="18">statement</governor>
            <dependent idx="16">a</dependent>
          </dep>
          <dep type="amod">
            <governor idx="18">statement</governor>
            <dependent idx="17">powerful</dependent>
          </dep>
          <dep type="case">
            <governor idx="20">me</governor>
            <dependent idx="19">to</dependent>
          </dep>
          <dep type="nmod:to">
            <governor idx="18">statement</governor>
            <dependent idx="20">me</dependent>
          </dep>
          <dep type="punct">
            <governor idx="18">statement</governor>
            <dependent idx="21">,</dependent>
          </dep>
          <dep type="case">
            <governor idx="23">most</governor>
            <dependent idx="22">because</dependent>
          </dep>
          <dep type="nmod:because">
            <governor idx="18">statement</governor>
            <dependent idx="23">most</dependent>
          </dep>
          <dep type="case">
            <governor idx="26">time</governor>
            <dependent idx="24">of</dependent>
          </dep>
          <dep type="det">
            <governor idx="26">time</governor>
            <dependent idx="25">the</dependent>
          </dep>
          <dep type="nmod:of">
            <governor idx="23">most</governor>
            <dependent idx="26">time</dependent>
          </dep>
          <dep type="advmod">
            <governor idx="29">read</governor>
            <dependent idx="27">when</dependent>
          </dep>
          <dep type="nsubj">
            <governor idx="29">read</governor>
            <dependent idx="28">you</dependent>
          </dep>
          <dep type="acl:relcl">
            <governor idx="26">time</governor>
            <dependent idx="29">read</dependent>
          </dep>
          <dep type="case">
            <governor idx="31">leadership</governor>
            <dependent idx="30">about</dependent>
          </dep>
          <dep type="nmod:about">
            <governor idx="29">read</governor>
            <dependent idx="31">leadership</dependent>
          </dep>
          <dep type="nsubj">
            <governor idx="33">talks</governor>
            <dependent idx="32">it</dependent>
          </dep>
          <dep type="acl:relcl">
            <governor idx="31">leadership</governor>
            <dependent idx="33">talks</dependent>
          </dep>
          <dep type="mark">
            <governor idx="35">having</governor>
            <dependent idx="34">about</dependent>
          </dep>
          <dep type="advcl">
            <governor idx="33">talks</governor>
            <dependent idx="35">having</dependent>
          </dep>
          <dep type="dobj">
            <governor idx="35">having</governor>
            <dependent idx="36">followers</dependent>
          </dep>
          <dep type="cc">
            <governor idx="31">leadership</governor>
            <dependent idx="37">and</dependent>
          </dep>
          <dep type="det">
            <governor idx="39">influence</governor>
            <dependent idx="38">the</dependent>
          </dep>
          <dep type="nmod:about" extra="true">
            <governor idx="29">read</governor>
            <dependent idx="39">influence</dependent>
          </dep>
          <dep type="conj:and">
            <governor idx="31">leadership</governor>
            <dependent idx="39">influence</dependent>
          </dep>
          <dep type="nsubj">
            <governor idx="41">have</governor>
            <dependent idx="40">you</dependent>
          </dep>
          <dep type="acl:relcl">
            <governor idx="39">influence</governor>
            <dependent idx="41">have</dependent>
          </dep>
          <dep type="case">
            <governor idx="43">people</governor>
            <dependent idx="42">over</dependent>
          </dep>
          <dep type="nmod:over">
            <governor idx="41">have</governor>
            <dependent idx="43">people</dependent>
          </dep>
          <dep type="mark">
            <governor idx="45">follow</governor>
            <dependent idx="44">to</dependent>
          </dep>
          <dep type="xcomp">
            <governor idx="41">have</governor>
            <dependent idx="45">follow</dependent>
          </dep>
          <dep type="dobj">
            <governor idx="45">follow</governor>
            <dependent idx="46">you</dependent>
          </dep>
          <dep type="punct">
            <governor idx="18">statement</governor>
            <dependent idx="47">.</dependent>
          </dep>
        </dependencies>
      </sentence>
      <sentence id="114">
        <tokens>
          <token id="1">
            <word>This</word>
            <lemma>this</lemma>
            <CharacterOffsetBegin>11891</CharacterOffsetBegin>
            <CharacterOffsetEnd>11895</CharacterOffsetEnd>
            <POS>DT</POS>
            <NER>O</NER>
            <Speaker>PER0</Speaker>
          </token>
          <token id="2">
            <word>statement</word>
            <lemma>statement</lemma>
            <CharacterOffsetBegin>11896</CharacterOffsetBegin>
            <CharacterOffsetEnd>11905</CharacterOffsetEnd>
            <POS>NN</POS>
            <NER>O</NER>
            <Speaker>PER0</Speaker>
          </token>
          <token id="3">
            <word>however</word>
            <lemma>however</lemma>
            <CharacterOffsetBegin>11906</CharacterOffsetBegin>
            <CharacterOffsetEnd>11913</CharacterOffsetEnd>
            <POS>RB</POS>
            <NER>O</NER>
            <Speaker>PER0</Speaker>
          </token>
          <token id="4">
            <word>was</word>
            <lemma>be</lemma>
            <CharacterOffsetBegin>11914</CharacterOffsetBegin>
            <CharacterOffsetEnd>11917</CharacterOffsetEnd>
            <POS>VBD</POS>
            <NER>O</NER>
            <Speaker>PER0</Speaker>
          </token>
          <token id="5">
            <word>powerful</word>
            <lemma>powerful</lemma>
            <CharacterOffsetBegin>11918</CharacterOffsetBegin>
            <CharacterOffsetEnd>11926</CharacterOffsetEnd>
            <POS>JJ</POS>
            <NER>O</NER>
            <Speaker>PER0</Speaker>
          </token>
          <token id="6">
            <word>because</word>
            <lemma>because</lemma>
            <CharacterOffsetBegin>11927</CharacterOffsetBegin>
            <CharacterOffsetEnd>11934</CharacterOffsetEnd>
            <POS>IN</POS>
            <NER>O</NER>
            <Speaker>PER0</Speaker>
          </token>
          <token id="7">
            <word>it</word>
            <lemma>it</lemma>
            <CharacterOffsetBegin>11935</CharacterOffsetBegin>
            <CharacterOffsetEnd>11937</CharacterOffsetEnd>
            <POS>PRP</POS>
            <NER>O</NER>
            <Speaker>PER0</Speaker>
          </token>
          <token id="8">
            <word>makes</word>
            <lemma>make</lemma>
            <CharacterOffsetBegin>11938</CharacterOffsetBegin>
            <CharacterOffsetEnd>11943</CharacterOffsetEnd>
            <POS>VBZ</POS>
            <NER>O</NER>
            <Speaker>PER0</Speaker>
          </token>
          <token id="9">
            <word>a</word>
            <lemma>a</lemma>
            <CharacterOffsetBegin>11944</CharacterOffsetBegin>
            <CharacterOffsetEnd>11945</CharacterOffsetEnd>
            <POS>DT</POS>
            <NER>O</NER>
            <Speaker>PER0</Speaker>
          </token>
          <token id="10">
            <word>leader</word>
            <lemma>leader</lemma>
            <CharacterOffsetBegin>11946</CharacterOffsetBegin>
            <CharacterOffsetEnd>11952</CharacterOffsetEnd>
            <POS>NN</POS>
            <NER>O</NER>
            <Speaker>PER0</Speaker>
          </token>
          <token id="11">
            <word>accountable</word>
            <lemma>accountable</lemma>
            <CharacterOffsetBegin>11953</CharacterOffsetBegin>
            <CharacterOffsetEnd>11964</CharacterOffsetEnd>
            <POS>JJ</POS>
            <NER>O</NER>
            <Speaker>PER0</Speaker>
          </token>
          <token id="12">
            <word>for</word>
            <lemma>for</lemma>
            <CharacterOffsetBegin>11965</CharacterOffsetBegin>
            <CharacterOffsetEnd>11968</CharacterOffsetEnd>
            <POS>IN</POS>
            <NER>O</NER>
            <Speaker>PER0</Speaker>
          </token>
          <token id="13">
            <word>their</word>
            <lemma>they</lemma>
            <CharacterOffsetBegin>11969</CharacterOffsetBegin>
            <CharacterOffsetEnd>11974</CharacterOffsetEnd>
            <POS>PRP$</POS>
            <NER>O</NER>
            <Speaker>PER0</Speaker>
          </token>
          <token id="14">
            <word>actions</word>
            <lemma>action</lemma>
            <CharacterOffsetBegin>11975</CharacterOffsetBegin>
            <CharacterOffsetEnd>11982</CharacterOffsetEnd>
            <POS>NNS</POS>
            <NER>O</NER>
            <Speaker>PER0</Speaker>
          </token>
          <token id="15">
            <word>and</word>
            <lemma>and</lemma>
            <CharacterOffsetBegin>11983</CharacterOffsetBegin>
            <CharacterOffsetEnd>11986</CharacterOffsetEnd>
            <POS>CC</POS>
            <NER>O</NER>
            <Speaker>PER0</Speaker>
          </token>
          <token id="16">
            <word>the</word>
            <lemma>the</lemma>
            <CharacterOffsetBegin>11987</CharacterOffsetBegin>
            <CharacterOffsetEnd>11990</CharacterOffsetEnd>
            <POS>DT</POS>
            <NER>O</NER>
            <Speaker>PER0</Speaker>
          </token>
          <token id="17">
            <word>impact</word>
            <lemma>impact</lemma>
            <CharacterOffsetBegin>11991</CharacterOffsetBegin>
            <CharacterOffsetEnd>11997</CharacterOffsetEnd>
            <POS>NN</POS>
            <NER>O</NER>
            <Speaker>PER0</Speaker>
          </token>
          <token id="18">
            <word>it</word>
            <lemma>it</lemma>
            <CharacterOffsetBegin>11998</CharacterOffsetBegin>
            <CharacterOffsetEnd>12000</CharacterOffsetEnd>
            <POS>PRP</POS>
            <NER>O</NER>
            <Speaker>PER0</Speaker>
          </token>
          <token id="19">
            <word>has</word>
            <lemma>have</lemma>
            <CharacterOffsetBegin>12001</CharacterOffsetBegin>
            <CharacterOffsetEnd>12004</CharacterOffsetEnd>
            <POS>VBZ</POS>
            <NER>O</NER>
            <Speaker>PER0</Speaker>
          </token>
          <token id="20">
            <word>on</word>
            <lemma>on</lemma>
            <CharacterOffsetBegin>12005</CharacterOffsetBegin>
            <CharacterOffsetEnd>12007</CharacterOffsetEnd>
            <POS>IN</POS>
            <NER>O</NER>
            <Speaker>PER0</Speaker>
          </token>
          <token id="21">
            <word>people</word>
            <lemma>people</lemma>
            <CharacterOffsetBegin>12008</CharacterOffsetBegin>
            <CharacterOffsetEnd>12014</CharacterOffsetEnd>
            <POS>NNS</POS>
            <NER>O</NER>
            <Speaker>PER0</Speaker>
          </token>
          <token id="22">
            <word>.</word>
            <lemma>.</lemma>
            <CharacterOffsetBegin>12014</CharacterOffsetBegin>
            <CharacterOffsetEnd>12015</CharacterOffsetEnd>
            <POS>.</POS>
            <NER>O</NER>
            <Speaker>PER0</Speaker>
          </token>
        </tokens>
        <parse>(ROOT (S (NP (DT This) (NN statement)) (ADVP (RB however)) (VP (VBD was) (ADJP (JJ powerful)) (SBAR (IN because) (S (NP (PRP it)) (VP (VBZ makes) (S (NP (DT a) (NN leader)) (ADJP (JJ accountable) (PP (IN for) (NP (NP (PRP$ their) (NNS actions)) (CC and) (NP (DT the) (NN impact))))) (SBAR (S (NP (PRP it)) (VP (VBZ has) (VP (PP (IN on) (NP (NNS people)))))))))))) (. .))) </parse>
        <dependencies type="basic-dependencies">
          <dep type="root">
            <governor idx="0">ROOT</governor>
            <dependent idx="5">powerful</dependent>
          </dep>
          <dep type="det">
            <governor idx="2">statement</governor>
            <dependent idx="1">This</dependent>
          </dep>
          <dep type="nsubj">
            <governor idx="5">powerful</governor>
            <dependent idx="2">statement</dependent>
          </dep>
          <dep type="advmod">
            <governor idx="5">powerful</governor>
            <dependent idx="3">however</dependent>
          </dep>
          <dep type="cop">
            <governor idx="5">powerful</governor>
            <dependent idx="4">was</dependent>
          </dep>
          <dep type="mark">
            <governor idx="8">makes</governor>
            <dependent idx="6">because</dependent>
          </dep>
          <dep type="nsubj">
            <governor idx="8">makes</governor>
            <dependent idx="7">it</dependent>
          </dep>
          <dep type="advcl">
            <governor idx="5">powerful</governor>
            <dependent idx="8">makes</dependent>
          </dep>
          <dep type="det">
            <governor idx="10">leader</governor>
            <dependent idx="9">a</dependent>
          </dep>
          <dep type="nsubj">
            <governor idx="21">people</governor>
            <dependent idx="10">leader</dependent>
          </dep>
          <dep type="dep">
            <governor idx="21">people</governor>
            <dependent idx="11">accountable</dependent>
          </dep>
          <dep type="case">
            <governor idx="14">actions</governor>
            <dependent idx="12">for</dependent>
          </dep>
          <dep type="nmod:poss">
            <governor idx="14">actions</governor>
            <dependent idx="13">their</dependent>
          </dep>
          <dep type="nmod">
            <governor idx="11">accountable</governor>
            <dependent idx="14">actions</dependent>
          </dep>
          <dep type="cc">
            <governor idx="14">actions</governor>
            <dependent idx="15">and</dependent>
          </dep>
          <dep type="det">
            <governor idx="17">impact</governor>
            <dependent idx="16">the</dependent>
          </dep>
          <dep type="conj">
            <governor idx="14">actions</governor>
            <dependent idx="17">impact</dependent>
          </dep>
          <dep type="nsubj">
            <governor idx="21">people</governor>
            <dependent idx="18">it</dependent>
          </dep>
          <dep type="aux">
            <governor idx="21">people</governor>
            <dependent idx="19">has</dependent>
          </dep>
          <dep type="case">
            <governor idx="21">people</governor>
            <dependent idx="20">on</dependent>
          </dep>
          <dep type="xcomp">
            <governor idx="8">makes</governor>
            <dependent idx="21">people</dependent>
          </dep>
          <dep type="punct">
            <governor idx="5">powerful</governor>
            <dependent idx="22">.</dependent>
          </dep>
        </dependencies>
        <dependencies type="collapsed-dependencies">
          <dep type="root">
            <governor idx="0">ROOT</governor>
            <dependent idx="5">powerful</dependent>
          </dep>
          <dep type="det">
            <governor idx="2">statement</governor>
            <dependent idx="1">This</dependent>
          </dep>
          <dep type="nsubj">
            <governor idx="5">powerful</governor>
            <dependent idx="2">statement</dependent>
          </dep>
          <dep type="advmod">
            <governor idx="5">powerful</governor>
            <dependent idx="3">however</dependent>
          </dep>
          <dep type="cop">
            <governor idx="5">powerful</governor>
            <dependent idx="4">was</dependent>
          </dep>
          <dep type="mark">
            <governor idx="8">makes</governor>
            <dependent idx="6">because</dependent>
          </dep>
          <dep type="nsubj">
            <governor idx="8">makes</governor>
            <dependent idx="7">it</dependent>
          </dep>
          <dep type="advcl">
            <governor idx="5">powerful</governor>
            <dependent idx="8">makes</dependent>
          </dep>
          <dep type="det">
            <governor idx="10">leader</governor>
            <dependent idx="9">a</dependent>
          </dep>
          <dep type="nsubj">
            <governor idx="21">people</governor>
            <dependent idx="10">leader</dependent>
          </dep>
          <dep type="dep">
            <governor idx="21">people</governor>
            <dependent idx="11">accountable</dependent>
          </dep>
          <dep type="case">
            <governor idx="14">actions</governor>
            <dependent idx="12">for</dependent>
          </dep>
          <dep type="nmod:poss">
            <governor idx="14">actions</governor>
            <dependent idx="13">their</dependent>
          </dep>
          <dep type="nmod:for">
            <governor idx="11">accountable</governor>
            <dependent idx="14">actions</dependent>
          </dep>
          <dep type="cc">
            <governor idx="14">actions</governor>
            <dependent idx="15">and</dependent>
          </dep>
          <dep type="det">
            <governor idx="17">impact</governor>
            <dependent idx="16">the</dependent>
          </dep>
          <dep type="conj:and">
            <governor idx="14">actions</governor>
            <dependent idx="17">impact</dependent>
          </dep>
          <dep type="nsubj">
            <governor idx="21">people</governor>
            <dependent idx="18">it</dependent>
          </dep>
          <dep type="aux">
            <governor idx="21">people</governor>
            <dependent idx="19">has</dependent>
          </dep>
          <dep type="case">
            <governor idx="21">people</governor>
            <dependent idx="20">on</dependent>
          </dep>
          <dep type="xcomp">
            <governor idx="8">makes</governor>
            <dependent idx="21">people</dependent>
          </dep>
          <dep type="punct">
            <governor idx="5">powerful</governor>
            <dependent idx="22">.</dependent>
          </dep>
        </dependencies>
        <dependencies type="collapsed-ccprocessed-dependencies">
          <dep type="root">
            <governor idx="0">ROOT</governor>
            <dependent idx="5">powerful</dependent>
          </dep>
          <dep type="det">
            <governor idx="2">statement</governor>
            <dependent idx="1">This</dependent>
          </dep>
          <dep type="nsubj">
            <governor idx="5">powerful</governor>
            <dependent idx="2">statement</dependent>
          </dep>
          <dep type="advmod">
            <governor idx="5">powerful</governor>
            <dependent idx="3">however</dependent>
          </dep>
          <dep type="cop">
            <governor idx="5">powerful</governor>
            <dependent idx="4">was</dependent>
          </dep>
          <dep type="mark">
            <governor idx="8">makes</governor>
            <dependent idx="6">because</dependent>
          </dep>
          <dep type="nsubj">
            <governor idx="8">makes</governor>
            <dependent idx="7">it</dependent>
          </dep>
          <dep type="advcl">
            <governor idx="5">powerful</governor>
            <dependent idx="8">makes</dependent>
          </dep>
          <dep type="det">
            <governor idx="10">leader</governor>
            <dependent idx="9">a</dependent>
          </dep>
          <dep type="nsubj">
            <governor idx="21">people</governor>
            <dependent idx="10">leader</dependent>
          </dep>
          <dep type="dep">
            <governor idx="21">people</governor>
            <dependent idx="11">accountable</dependent>
          </dep>
          <dep type="case">
            <governor idx="14">actions</governor>
            <dependent idx="12">for</dependent>
          </dep>
          <dep type="nmod:poss">
            <governor idx="14">actions</governor>
            <dependent idx="13">their</dependent>
          </dep>
          <dep type="nmod:for">
            <governor idx="11">accountable</governor>
            <dependent idx="14">actions</dependent>
          </dep>
          <dep type="cc">
            <governor idx="14">actions</governor>
            <dependent idx="15">and</dependent>
          </dep>
          <dep type="det">
            <governor idx="17">impact</governor>
            <dependent idx="16">the</dependent>
          </dep>
          <dep type="nmod:for" extra="true">
            <governor idx="11">accountable</governor>
            <dependent idx="17">impact</dependent>
          </dep>
          <dep type="conj:and">
            <governor idx="14">actions</governor>
            <dependent idx="17">impact</dependent>
          </dep>
          <dep type="nsubj">
            <governor idx="21">people</governor>
            <dependent idx="18">it</dependent>
          </dep>
          <dep type="aux">
            <governor idx="21">people</governor>
            <dependent idx="19">has</dependent>
          </dep>
          <dep type="case">
            <governor idx="21">people</governor>
            <dependent idx="20">on</dependent>
          </dep>
          <dep type="xcomp">
            <governor idx="8">makes</governor>
            <dependent idx="21">people</dependent>
          </dep>
          <dep type="punct">
            <governor idx="5">powerful</governor>
            <dependent idx="22">.</dependent>
          </dep>
        </dependencies>
      </sentence>
      <sentence id="115">
        <tokens>
          <token id="1">
            <word>It</word>
            <lemma>it</lemma>
            <CharacterOffsetBegin>12016</CharacterOffsetBegin>
            <CharacterOffsetEnd>12018</CharacterOffsetEnd>
            <POS>PRP</POS>
            <NER>O</NER>
            <Speaker>PER0</Speaker>
          </token>
          <token id="2">
            <word>gelled</word>
            <lemma>gel</lemma>
            <CharacterOffsetBegin>12019</CharacterOffsetBegin>
            <CharacterOffsetEnd>12025</CharacterOffsetEnd>
            <POS>VBD</POS>
            <NER>O</NER>
            <Speaker>PER0</Speaker>
          </token>
          <token id="3">
            <word>with</word>
            <lemma>with</lemma>
            <CharacterOffsetBegin>12026</CharacterOffsetBegin>
            <CharacterOffsetEnd>12030</CharacterOffsetEnd>
            <POS>IN</POS>
            <NER>O</NER>
            <Speaker>PER0</Speaker>
          </token>
          <token id="4">
            <word>me</word>
            <lemma>I</lemma>
            <CharacterOffsetBegin>12031</CharacterOffsetBegin>
            <CharacterOffsetEnd>12033</CharacterOffsetEnd>
            <POS>PRP</POS>
            <NER>O</NER>
            <Speaker>PER0</Speaker>
          </token>
          <token id="5">
            <word>rather</word>
            <lemma>rather</lemma>
            <CharacterOffsetBegin>12034</CharacterOffsetBegin>
            <CharacterOffsetEnd>12040</CharacterOffsetEnd>
            <POS>RB</POS>
            <NER>O</NER>
            <Speaker>PER0</Speaker>
          </token>
          <token id="6">
            <word>well</word>
            <lemma>well</lemma>
            <CharacterOffsetBegin>12041</CharacterOffsetBegin>
            <CharacterOffsetEnd>12045</CharacterOffsetEnd>
            <POS>RB</POS>
            <NER>O</NER>
            <Speaker>PER0</Speaker>
          </token>
          <token id="7">
            <word>,</word>
            <lemma>,</lemma>
            <CharacterOffsetBegin>12045</CharacterOffsetBegin>
            <CharacterOffsetEnd>12046</CharacterOffsetEnd>
            <POS>,</POS>
            <NER>O</NER>
            <Speaker>PER0</Speaker>
          </token>
          <token id="8">
            <word>that</word>
            <lemma>that</lemma>
            <CharacterOffsetBegin>12047</CharacterOffsetBegin>
            <CharacterOffsetEnd>12051</CharacterOffsetEnd>
            <POS>IN</POS>
            <NER>O</NER>
            <Speaker>PER0</Speaker>
          </token>
          <token id="9">
            <word>when</word>
            <lemma>when</lemma>
            <CharacterOffsetBegin>12052</CharacterOffsetBegin>
            <CharacterOffsetEnd>12056</CharacterOffsetEnd>
            <POS>WRB</POS>
            <NER>O</NER>
            <Speaker>PER0</Speaker>
          </token>
          <token id="10">
            <word>I</word>
            <lemma>I</lemma>
            <CharacterOffsetBegin>12057</CharacterOffsetBegin>
            <CharacterOffsetEnd>12058</CharacterOffsetEnd>
            <POS>PRP</POS>
            <NER>O</NER>
            <Speaker>PER0</Speaker>
          </token>
          <token id="11">
            <word>went</word>
            <lemma>go</lemma>
            <CharacterOffsetBegin>12059</CharacterOffsetBegin>
            <CharacterOffsetEnd>12063</CharacterOffsetEnd>
            <POS>VBD</POS>
            <NER>O</NER>
            <Speaker>PER0</Speaker>
          </token>
          <token id="12">
            <word>back</word>
            <lemma>back</lemma>
            <CharacterOffsetBegin>12064</CharacterOffsetBegin>
            <CharacterOffsetEnd>12068</CharacterOffsetEnd>
            <POS>RB</POS>
            <NER>O</NER>
            <Speaker>PER0</Speaker>
          </token>
          <token id="13">
            <word>into</word>
            <lemma>into</lemma>
            <CharacterOffsetBegin>12069</CharacterOffsetBegin>
            <CharacterOffsetEnd>12073</CharacterOffsetEnd>
            <POS>IN</POS>
            <NER>O</NER>
            <Speaker>PER0</Speaker>
          </token>
          <token id="14">
            <word>the</word>
            <lemma>the</lemma>
            <CharacterOffsetBegin>12074</CharacterOffsetBegin>
            <CharacterOffsetEnd>12077</CharacterOffsetEnd>
            <POS>DT</POS>
            <NER>O</NER>
            <Speaker>PER0</Speaker>
          </token>
          <token id="15">
            <word>workplace</word>
            <lemma>workplace</lemma>
            <CharacterOffsetBegin>12078</CharacterOffsetBegin>
            <CharacterOffsetEnd>12087</CharacterOffsetEnd>
            <POS>NN</POS>
            <NER>O</NER>
            <Speaker>PER0</Speaker>
          </token>
          <token id="16">
            <word>I</word>
            <lemma>I</lemma>
            <CharacterOffsetBegin>12088</CharacterOffsetBegin>
            <CharacterOffsetEnd>12089</CharacterOffsetEnd>
            <POS>PRP</POS>
            <NER>O</NER>
            <Speaker>PER0</Speaker>
          </token>
          <token id="17">
            <word>felt</word>
            <lemma>feel</lemma>
            <CharacterOffsetBegin>12090</CharacterOffsetBegin>
            <CharacterOffsetEnd>12094</CharacterOffsetEnd>
            <POS>VBD</POS>
            <NER>O</NER>
            <Speaker>PER0</Speaker>
          </token>
          <token id="18">
            <word>the</word>
            <lemma>the</lemma>
            <CharacterOffsetBegin>12095</CharacterOffsetBegin>
            <CharacterOffsetEnd>12098</CharacterOffsetEnd>
            <POS>DT</POS>
            <NER>O</NER>
            <Speaker>PER0</Speaker>
          </token>
          <token id="19">
            <word>desire</word>
            <lemma>desire</lemma>
            <CharacterOffsetBegin>12099</CharacterOffsetBegin>
            <CharacterOffsetEnd>12105</CharacterOffsetEnd>
            <POS>NN</POS>
            <NER>O</NER>
            <Speaker>PER0</Speaker>
          </token>
          <token id="20">
            <word>to</word>
            <lemma>to</lemma>
            <CharacterOffsetBegin>12106</CharacterOffsetBegin>
            <CharacterOffsetEnd>12108</CharacterOffsetEnd>
            <POS>TO</POS>
            <NER>O</NER>
            <Speaker>PER0</Speaker>
          </token>
          <token id="21">
            <word>mention</word>
            <lemma>mention</lemma>
            <CharacterOffsetBegin>12109</CharacterOffsetBegin>
            <CharacterOffsetEnd>12116</CharacterOffsetEnd>
            <POS>VB</POS>
            <NER>O</NER>
            <Speaker>PER0</Speaker>
          </token>
          <token id="22">
            <word>it</word>
            <lemma>it</lemma>
            <CharacterOffsetBegin>12117</CharacterOffsetBegin>
            <CharacterOffsetEnd>12119</CharacterOffsetEnd>
            <POS>PRP</POS>
            <NER>O</NER>
            <Speaker>PER0</Speaker>
          </token>
          <token id="23">
            <word>to</word>
            <lemma>to</lemma>
            <CharacterOffsetBegin>12120</CharacterOffsetBegin>
            <CharacterOffsetEnd>12122</CharacterOffsetEnd>
            <POS>TO</POS>
            <NER>O</NER>
            <Speaker>PER0</Speaker>
          </token>
          <token id="24">
            <word>one</word>
            <lemma>one</lemma>
            <CharacterOffsetBegin>12123</CharacterOffsetBegin>
            <CharacterOffsetEnd>12126</CharacterOffsetEnd>
            <POS>CD</POS>
            <NER>NUMBER</NER>
            <NormalizedNER>1.0</NormalizedNER>
            <Speaker>PER0</Speaker>
          </token>
          <token id="25">
            <word>of</word>
            <lemma>of</lemma>
            <CharacterOffsetBegin>12127</CharacterOffsetBegin>
            <CharacterOffsetEnd>12129</CharacterOffsetEnd>
            <POS>IN</POS>
            <NER>O</NER>
            <Speaker>PER0</Speaker>
          </token>
          <token id="26">
            <word>the</word>
            <lemma>the</lemma>
            <CharacterOffsetBegin>12130</CharacterOffsetBegin>
            <CharacterOffsetEnd>12133</CharacterOffsetEnd>
            <POS>DT</POS>
            <NER>O</NER>
            <Speaker>PER0</Speaker>
          </token>
          <token id="27">
            <word>Vice</word>
            <lemma>Vice</lemma>
            <CharacterOffsetBegin>12134</CharacterOffsetBegin>
            <CharacterOffsetEnd>12138</CharacterOffsetEnd>
            <POS>NNP</POS>
            <NER>O</NER>
            <Speaker>PER0</Speaker>
          </token>
          <token id="28">
            <word>Presidents</word>
            <lemma>Presidents</lemma>
            <CharacterOffsetBegin>12139</CharacterOffsetBegin>
            <CharacterOffsetEnd>12149</CharacterOffsetEnd>
            <POS>NNPS</POS>
            <NER>O</NER>
            <Speaker>PER0</Speaker>
          </token>
          <token id="29">
            <word>I</word>
            <lemma>I</lemma>
            <CharacterOffsetBegin>12150</CharacterOffsetBegin>
            <CharacterOffsetEnd>12151</CharacterOffsetEnd>
            <POS>PRP</POS>
            <NER>O</NER>
            <Speaker>PER0</Speaker>
          </token>
          <token id="30">
            <word>support</word>
            <lemma>support</lemma>
            <CharacterOffsetBegin>12152</CharacterOffsetBegin>
            <CharacterOffsetEnd>12159</CharacterOffsetEnd>
            <POS>VBP</POS>
            <NER>O</NER>
            <Speaker>PER0</Speaker>
          </token>
          <token id="31">
            <word>,</word>
            <lemma>,</lemma>
            <CharacterOffsetBegin>12159</CharacterOffsetBegin>
            <CharacterOffsetEnd>12160</CharacterOffsetEnd>
            <POS>,</POS>
            <NER>O</NER>
            <Speaker>PER0</Speaker>
          </token>
          <token id="32">
            <word>hoping</word>
            <lemma>hope</lemma>
            <CharacterOffsetBegin>12161</CharacterOffsetBegin>
            <CharacterOffsetEnd>12167</CharacterOffsetEnd>
            <POS>VBG</POS>
            <NER>O</NER>
            <Speaker>PER0</Speaker>
          </token>
          <token id="33">
            <word>that</word>
            <lemma>that</lemma>
            <CharacterOffsetBegin>12168</CharacterOffsetBegin>
            <CharacterOffsetEnd>12172</CharacterOffsetEnd>
            <POS>IN</POS>
            <NER>O</NER>
            <Speaker>PER0</Speaker>
          </token>
          <token id="34">
            <word>by</word>
            <lemma>by</lemma>
            <CharacterOffsetBegin>12173</CharacterOffsetBegin>
            <CharacterOffsetEnd>12175</CharacterOffsetEnd>
            <POS>IN</POS>
            <NER>O</NER>
            <Speaker>PER0</Speaker>
          </token>
          <token id="35">
            <word>planting</word>
            <lemma>plant</lemma>
            <CharacterOffsetBegin>12176</CharacterOffsetBegin>
            <CharacterOffsetEnd>12184</CharacterOffsetEnd>
            <POS>VBG</POS>
            <NER>O</NER>
            <Speaker>PER0</Speaker>
          </token>
          <token id="36">
            <word>that</word>
            <lemma>that</lemma>
            <CharacterOffsetBegin>12185</CharacterOffsetBegin>
            <CharacterOffsetEnd>12189</CharacterOffsetEnd>
            <POS>IN</POS>
            <NER>O</NER>
            <Speaker>PER0</Speaker>
          </token>
          <token id="37">
            <word>seed</word>
            <lemma>seed</lemma>
            <CharacterOffsetBegin>12190</CharacterOffsetBegin>
            <CharacterOffsetEnd>12194</CharacterOffsetEnd>
            <POS>NN</POS>
            <NER>O</NER>
            <Speaker>PER0</Speaker>
          </token>
          <token id="38">
            <word>one</word>
            <lemma>one</lemma>
            <CharacterOffsetBegin>12195</CharacterOffsetBegin>
            <CharacterOffsetEnd>12198</CharacterOffsetEnd>
            <POS>CD</POS>
            <NER>DURATION</NER>
            <NormalizedNER>P1D</NormalizedNER>
            <Speaker>PER0</Speaker>
            <Timex tid="t15" type="DURATION">P1D</Timex>
          </token>
          <token id="39">
            <word>day</word>
            <lemma>day</lemma>
            <CharacterOffsetBegin>12199</CharacterOffsetBegin>
            <CharacterOffsetEnd>12202</CharacterOffsetEnd>
            <POS>NN</POS>
            <NER>DURATION</NER>
            <NormalizedNER>P1D</NormalizedNER>
            <Speaker>PER0</Speaker>
            <Timex tid="t15" type="DURATION">P1D</Timex>
          </token>
          <token id="40">
            <word>I</word>
            <lemma>i</lemma>
            <CharacterOffsetBegin>12203</CharacterOffsetBegin>
            <CharacterOffsetEnd>12204</CharacterOffsetEnd>
            <POS>CD</POS>
            <NER>NUMBER</NER>
            <NormalizedNER>0.0</NormalizedNER>
            <Speaker>PER0</Speaker>
          </token>
          <token id="41">
            <word>will</word>
            <lemma>will</lemma>
            <CharacterOffsetBegin>12205</CharacterOffsetBegin>
            <CharacterOffsetEnd>12209</CharacterOffsetEnd>
            <POS>MD</POS>
            <NER>O</NER>
            <Speaker>PER0</Speaker>
          </token>
          <token id="42">
            <word>get</word>
            <lemma>get</lemma>
            <CharacterOffsetBegin>12210</CharacterOffsetBegin>
            <CharacterOffsetEnd>12213</CharacterOffsetEnd>
            <POS>VB</POS>
            <NER>O</NER>
            <Speaker>PER0</Speaker>
          </token>
          <token id="43">
            <word>to</word>
            <lemma>to</lemma>
            <CharacterOffsetBegin>12214</CharacterOffsetBegin>
            <CharacterOffsetEnd>12216</CharacterOffsetEnd>
            <POS>TO</POS>
            <NER>O</NER>
            <Speaker>PER0</Speaker>
          </token>
          <token id="44">
            <word>see</word>
            <lemma>see</lemma>
            <CharacterOffsetBegin>12217</CharacterOffsetBegin>
            <CharacterOffsetEnd>12220</CharacterOffsetEnd>
            <POS>VB</POS>
            <NER>O</NER>
            <Speaker>PER0</Speaker>
          </token>
          <token id="45">
            <word>the</word>
            <lemma>the</lemma>
            <CharacterOffsetBegin>12221</CharacterOffsetBegin>
            <CharacterOffsetEnd>12224</CharacterOffsetEnd>
            <POS>DT</POS>
            <NER>O</NER>
            <Speaker>PER0</Speaker>
          </token>
          <token id="46">
            <word>benefits</word>
            <lemma>benefit</lemma>
            <CharacterOffsetBegin>12225</CharacterOffsetBegin>
            <CharacterOffsetEnd>12233</CharacterOffsetEnd>
            <POS>NNS</POS>
            <NER>O</NER>
            <Speaker>PER0</Speaker>
          </token>
          <token id="47">
            <word>.</word>
            <lemma>.</lemma>
            <CharacterOffsetBegin>12233</CharacterOffsetBegin>
            <CharacterOffsetEnd>12234</CharacterOffsetEnd>
            <POS>.</POS>
            <NER>O</NER>
            <Speaker>PER0</Speaker>
          </token>
        </tokens>
        <parse>(ROOT (S (NP (PRP It)) (VP (VBD gelled) (PP (IN with) (NP (PRP me))) (ADVP (RB rather) (RB well)) (, ,) (SBAR (IN that) (S (SBAR (WHADVP (WRB when)) (S (NP (PRP I)) (VP (VBD went) (ADVP (RB back)) (PP (IN into) (NP (NP (DT the) (NN workplace)) (SBAR (S (NP (PRP I)) (VP (VBD felt) (NP (DT the) (NN desire) (S (VP (TO to) (VP (VB mention) (NP (PRP it)) (PP (TO to) (NP (NP (CD one)) (PP (IN of) (NP (DT the) (NNP Vice) (NNPS Presidents))))))))))))))))) (NP (PRP I)) (VP (VBP support)))) (, ,) (S (VP (VBG hoping) (ADVP (IN that)) (PP (IN by) (S (VP (VBG planting) (SBAR (IN that) (S (NP (NP (NN seed) (CD one)) (NP (NN day) (CD I))) (VP (MD will) (VP (VB get) (S (VP (TO to) (VP (VB see) (NP (DT the) (NNS benefits))))))))))))))) (. .))) </parse>
        <dependencies type="basic-dependencies">
          <dep type="root">
            <governor idx="0">ROOT</governor>
            <dependent idx="2">gelled</dependent>
          </dep>
          <dep type="nsubj">
            <governor idx="2">gelled</governor>
            <dependent idx="1">It</dependent>
          </dep>
          <dep type="case">
            <governor idx="4">me</governor>
            <dependent idx="3">with</dependent>
          </dep>
          <dep type="nmod">
            <governor idx="2">gelled</governor>
            <dependent idx="4">me</dependent>
          </dep>
          <dep type="advmod">
            <governor idx="6">well</governor>
            <dependent idx="5">rather</dependent>
          </dep>
          <dep type="advmod">
            <governor idx="2">gelled</governor>
            <dependent idx="6">well</dependent>
          </dep>
          <dep type="punct">
            <governor idx="2">gelled</governor>
            <dependent idx="7">,</dependent>
          </dep>
          <dep type="mark">
            <governor idx="30">support</governor>
            <dependent idx="8">that</dependent>
          </dep>
          <dep type="advmod">
            <governor idx="11">went</governor>
            <dependent idx="9">when</dependent>
          </dep>
          <dep type="nsubj">
            <governor idx="11">went</governor>
            <dependent idx="10">I</dependent>
          </dep>
          <dep type="advcl">
            <governor idx="30">support</governor>
            <dependent idx="11">went</dependent>
          </dep>
          <dep type="advmod">
            <governor idx="11">went</governor>
            <dependent idx="12">back</dependent>
          </dep>
          <dep type="case">
            <governor idx="15">workplace</governor>
            <dependent idx="13">into</dependent>
          </dep>
          <dep type="det">
            <governor idx="15">workplace</governor>
            <dependent idx="14">the</dependent>
          </dep>
          <dep type="nmod">
            <governor idx="11">went</governor>
            <dependent idx="15">workplace</dependent>
          </dep>
          <dep type="nsubj">
            <governor idx="17">felt</governor>
            <dependent idx="16">I</dependent>
          </dep>
          <dep type="acl:relcl">
            <governor idx="15">workplace</governor>
            <dependent idx="17">felt</dependent>
          </dep>
          <dep type="det">
            <governor idx="19">desire</governor>
            <dependent idx="18">the</dependent>
          </dep>
          <dep type="dobj">
            <governor idx="17">felt</governor>
            <dependent idx="19">desire</dependent>
          </dep>
          <dep type="mark">
            <governor idx="21">mention</governor>
            <dependent idx="20">to</dependent>
          </dep>
          <dep type="acl">
            <governor idx="19">desire</governor>
            <dependent idx="21">mention</dependent>
          </dep>
          <dep type="dobj">
            <governor idx="21">mention</governor>
            <dependent idx="22">it</dependent>
          </dep>
          <dep type="case">
            <governor idx="24">one</governor>
            <dependent idx="23">to</dependent>
          </dep>
          <dep type="nmod">
            <governor idx="21">mention</governor>
            <dependent idx="24">one</dependent>
          </dep>
          <dep type="case">
            <governor idx="28">Presidents</governor>
            <dependent idx="25">of</dependent>
          </dep>
          <dep type="det">
            <governor idx="28">Presidents</governor>
            <dependent idx="26">the</dependent>
          </dep>
          <dep type="compound">
            <governor idx="28">Presidents</governor>
            <dependent idx="27">Vice</dependent>
          </dep>
          <dep type="nmod">
            <governor idx="24">one</governor>
            <dependent idx="28">Presidents</dependent>
          </dep>
          <dep type="nsubj">
            <governor idx="30">support</governor>
            <dependent idx="29">I</dependent>
          </dep>
          <dep type="ccomp">
            <governor idx="2">gelled</governor>
            <dependent idx="30">support</dependent>
          </dep>
          <dep type="punct">
            <governor idx="2">gelled</governor>
            <dependent idx="31">,</dependent>
          </dep>
          <dep type="xcomp">
            <governor idx="2">gelled</governor>
            <dependent idx="32">hoping</dependent>
          </dep>
          <dep type="advmod">
            <governor idx="32">hoping</governor>
            <dependent idx="33">that</dependent>
          </dep>
          <dep type="mark">
            <governor idx="35">planting</governor>
            <dependent idx="34">by</dependent>
          </dep>
          <dep type="advcl">
            <governor idx="32">hoping</governor>
            <dependent idx="35">planting</dependent>
          </dep>
          <dep type="mark">
            <governor idx="42">get</governor>
            <dependent idx="36">that</dependent>
          </dep>
          <dep type="nsubj">
            <governor idx="42">get</governor>
            <dependent idx="37">seed</dependent>
          </dep>
          <dep type="nummod">
            <governor idx="37">seed</governor>
            <dependent idx="38">one</dependent>
          </dep>
          <dep type="dep">
            <governor idx="37">seed</governor>
            <dependent idx="39">day</dependent>
          </dep>
          <dep type="nummod">
            <governor idx="39">day</governor>
            <dependent idx="40">I</dependent>
          </dep>
          <dep type="aux">
            <governor idx="42">get</governor>
            <dependent idx="41">will</dependent>
          </dep>
          <dep type="ccomp">
            <governor idx="35">planting</governor>
            <dependent idx="42">get</dependent>
          </dep>
          <dep type="mark">
            <governor idx="44">see</governor>
            <dependent idx="43">to</dependent>
          </dep>
          <dep type="xcomp">
            <governor idx="42">get</governor>
            <dependent idx="44">see</dependent>
          </dep>
          <dep type="det">
            <governor idx="46">benefits</governor>
            <dependent idx="45">the</dependent>
          </dep>
          <dep type="dobj">
            <governor idx="44">see</governor>
            <dependent idx="46">benefits</dependent>
          </dep>
          <dep type="punct">
            <governor idx="2">gelled</governor>
            <dependent idx="47">.</dependent>
          </dep>
        </dependencies>
        <dependencies type="collapsed-dependencies">
          <dep type="root">
            <governor idx="0">ROOT</governor>
            <dependent idx="2">gelled</dependent>
          </dep>
          <dep type="nsubj">
            <governor idx="2">gelled</governor>
            <dependent idx="1">It</dependent>
          </dep>
          <dep type="case">
            <governor idx="4">me</governor>
            <dependent idx="3">with</dependent>
          </dep>
          <dep type="nmod:with">
            <governor idx="2">gelled</governor>
            <dependent idx="4">me</dependent>
          </dep>
          <dep type="advmod">
            <governor idx="6">well</governor>
            <dependent idx="5">rather</dependent>
          </dep>
          <dep type="advmod">
            <governor idx="2">gelled</governor>
            <dependent idx="6">well</dependent>
          </dep>
          <dep type="punct">
            <governor idx="2">gelled</governor>
            <dependent idx="7">,</dependent>
          </dep>
          <dep type="mark">
            <governor idx="30">support</governor>
            <dependent idx="8">that</dependent>
          </dep>
          <dep type="advmod">
            <governor idx="11">went</governor>
            <dependent idx="9">when</dependent>
          </dep>
          <dep type="nsubj">
            <governor idx="11">went</governor>
            <dependent idx="10">I</dependent>
          </dep>
          <dep type="advcl">
            <governor idx="30">support</governor>
            <dependent idx="11">went</dependent>
          </dep>
          <dep type="advmod">
            <governor idx="11">went</governor>
            <dependent idx="12">back</dependent>
          </dep>
          <dep type="case">
            <governor idx="15">workplace</governor>
            <dependent idx="13">into</dependent>
          </dep>
          <dep type="det">
            <governor idx="15">workplace</governor>
            <dependent idx="14">the</dependent>
          </dep>
          <dep type="nmod:into">
            <governor idx="11">went</governor>
            <dependent idx="15">workplace</dependent>
          </dep>
          <dep type="nsubj">
            <governor idx="17">felt</governor>
            <dependent idx="16">I</dependent>
          </dep>
          <dep type="acl:relcl">
            <governor idx="15">workplace</governor>
            <dependent idx="17">felt</dependent>
          </dep>
          <dep type="det">
            <governor idx="19">desire</governor>
            <dependent idx="18">the</dependent>
          </dep>
          <dep type="dobj">
            <governor idx="17">felt</governor>
            <dependent idx="19">desire</dependent>
          </dep>
          <dep type="mark">
            <governor idx="21">mention</governor>
            <dependent idx="20">to</dependent>
          </dep>
          <dep type="acl">
            <governor idx="19">desire</governor>
            <dependent idx="21">mention</dependent>
          </dep>
          <dep type="dobj">
            <governor idx="21">mention</governor>
            <dependent idx="22">it</dependent>
          </dep>
          <dep type="case">
            <governor idx="24">one</governor>
            <dependent idx="23">to</dependent>
          </dep>
          <dep type="nmod:to">
            <governor idx="21">mention</governor>
            <dependent idx="24">one</dependent>
          </dep>
          <dep type="case">
            <governor idx="28">Presidents</governor>
            <dependent idx="25">of</dependent>
          </dep>
          <dep type="det">
            <governor idx="28">Presidents</governor>
            <dependent idx="26">the</dependent>
          </dep>
          <dep type="compound">
            <governor idx="28">Presidents</governor>
            <dependent idx="27">Vice</dependent>
          </dep>
          <dep type="nmod:of">
            <governor idx="24">one</governor>
            <dependent idx="28">Presidents</dependent>
          </dep>
          <dep type="nsubj">
            <governor idx="30">support</governor>
            <dependent idx="29">I</dependent>
          </dep>
          <dep type="ccomp">
            <governor idx="2">gelled</governor>
            <dependent idx="30">support</dependent>
          </dep>
          <dep type="punct">
            <governor idx="2">gelled</governor>
            <dependent idx="31">,</dependent>
          </dep>
          <dep type="xcomp">
            <governor idx="2">gelled</governor>
            <dependent idx="32">hoping</dependent>
          </dep>
          <dep type="advmod">
            <governor idx="32">hoping</governor>
            <dependent idx="33">that</dependent>
          </dep>
          <dep type="mark">
            <governor idx="35">planting</governor>
            <dependent idx="34">by</dependent>
          </dep>
          <dep type="advcl">
            <governor idx="32">hoping</governor>
            <dependent idx="35">planting</dependent>
          </dep>
          <dep type="mark">
            <governor idx="42">get</governor>
            <dependent idx="36">that</dependent>
          </dep>
          <dep type="nsubj">
            <governor idx="42">get</governor>
            <dependent idx="37">seed</dependent>
          </dep>
          <dep type="nummod">
            <governor idx="37">seed</governor>
            <dependent idx="38">one</dependent>
          </dep>
          <dep type="dep">
            <governor idx="37">seed</governor>
            <dependent idx="39">day</dependent>
          </dep>
          <dep type="nummod">
            <governor idx="39">day</governor>
            <dependent idx="40">I</dependent>
          </dep>
          <dep type="aux">
            <governor idx="42">get</governor>
            <dependent idx="41">will</dependent>
          </dep>
          <dep type="ccomp">
            <governor idx="35">planting</governor>
            <dependent idx="42">get</dependent>
          </dep>
          <dep type="mark">
            <governor idx="44">see</governor>
            <dependent idx="43">to</dependent>
          </dep>
          <dep type="xcomp">
            <governor idx="42">get</governor>
            <dependent idx="44">see</dependent>
          </dep>
          <dep type="det">
            <governor idx="46">benefits</governor>
            <dependent idx="45">the</dependent>
          </dep>
          <dep type="dobj">
            <governor idx="44">see</governor>
            <dependent idx="46">benefits</dependent>
          </dep>
          <dep type="punct">
            <governor idx="2">gelled</governor>
            <dependent idx="47">.</dependent>
          </dep>
        </dependencies>
        <dependencies type="collapsed-ccprocessed-dependencies">
          <dep type="root">
            <governor idx="0">ROOT</governor>
            <dependent idx="2">gelled</dependent>
          </dep>
          <dep type="nsubj">
            <governor idx="2">gelled</governor>
            <dependent idx="1">It</dependent>
          </dep>
          <dep type="case">
            <governor idx="4">me</governor>
            <dependent idx="3">with</dependent>
          </dep>
          <dep type="nmod:with">
            <governor idx="2">gelled</governor>
            <dependent idx="4">me</dependent>
          </dep>
          <dep type="advmod">
            <governor idx="6">well</governor>
            <dependent idx="5">rather</dependent>
          </dep>
          <dep type="advmod">
            <governor idx="2">gelled</governor>
            <dependent idx="6">well</dependent>
          </dep>
          <dep type="punct">
            <governor idx="2">gelled</governor>
            <dependent idx="7">,</dependent>
          </dep>
          <dep type="mark">
            <governor idx="30">support</governor>
            <dependent idx="8">that</dependent>
          </dep>
          <dep type="advmod">
            <governor idx="11">went</governor>
            <dependent idx="9">when</dependent>
          </dep>
          <dep type="nsubj">
            <governor idx="11">went</governor>
            <dependent idx="10">I</dependent>
          </dep>
          <dep type="advcl">
            <governor idx="30">support</governor>
            <dependent idx="11">went</dependent>
          </dep>
          <dep type="advmod">
            <governor idx="11">went</governor>
            <dependent idx="12">back</dependent>
          </dep>
          <dep type="case">
            <governor idx="15">workplace</governor>
            <dependent idx="13">into</dependent>
          </dep>
          <dep type="det">
            <governor idx="15">workplace</governor>
            <dependent idx="14">the</dependent>
          </dep>
          <dep type="nmod:into">
            <governor idx="11">went</governor>
            <dependent idx="15">workplace</dependent>
          </dep>
          <dep type="nsubj">
            <governor idx="17">felt</governor>
            <dependent idx="16">I</dependent>
          </dep>
          <dep type="acl:relcl">
            <governor idx="15">workplace</governor>
            <dependent idx="17">felt</dependent>
          </dep>
          <dep type="det">
            <governor idx="19">desire</governor>
            <dependent idx="18">the</dependent>
          </dep>
          <dep type="dobj">
            <governor idx="17">felt</governor>
            <dependent idx="19">desire</dependent>
          </dep>
          <dep type="mark">
            <governor idx="21">mention</governor>
            <dependent idx="20">to</dependent>
          </dep>
          <dep type="acl">
            <governor idx="19">desire</governor>
            <dependent idx="21">mention</dependent>
          </dep>
          <dep type="dobj">
            <governor idx="21">mention</governor>
            <dependent idx="22">it</dependent>
          </dep>
          <dep type="case">
            <governor idx="24">one</governor>
            <dependent idx="23">to</dependent>
          </dep>
          <dep type="nmod:to">
            <governor idx="21">mention</governor>
            <dependent idx="24">one</dependent>
          </dep>
          <dep type="case">
            <governor idx="28">Presidents</governor>
            <dependent idx="25">of</dependent>
          </dep>
          <dep type="det">
            <governor idx="28">Presidents</governor>
            <dependent idx="26">the</dependent>
          </dep>
          <dep type="compound">
            <governor idx="28">Presidents</governor>
            <dependent idx="27">Vice</dependent>
          </dep>
          <dep type="nmod:of">
            <governor idx="24">one</governor>
            <dependent idx="28">Presidents</dependent>
          </dep>
          <dep type="nsubj">
            <governor idx="30">support</governor>
            <dependent idx="29">I</dependent>
          </dep>
          <dep type="ccomp">
            <governor idx="2">gelled</governor>
            <dependent idx="30">support</dependent>
          </dep>
          <dep type="punct">
            <governor idx="2">gelled</governor>
            <dependent idx="31">,</dependent>
          </dep>
          <dep type="xcomp">
            <governor idx="2">gelled</governor>
            <dependent idx="32">hoping</dependent>
          </dep>
          <dep type="advmod">
            <governor idx="32">hoping</governor>
            <dependent idx="33">that</dependent>
          </dep>
          <dep type="mark">
            <governor idx="35">planting</governor>
            <dependent idx="34">by</dependent>
          </dep>
          <dep type="advcl">
            <governor idx="32">hoping</governor>
            <dependent idx="35">planting</dependent>
          </dep>
          <dep type="mark">
            <governor idx="42">get</governor>
            <dependent idx="36">that</dependent>
          </dep>
          <dep type="nsubj">
            <governor idx="42">get</governor>
            <dependent idx="37">seed</dependent>
          </dep>
          <dep type="nummod">
            <governor idx="37">seed</governor>
            <dependent idx="38">one</dependent>
          </dep>
          <dep type="dep">
            <governor idx="37">seed</governor>
            <dependent idx="39">day</dependent>
          </dep>
          <dep type="nummod">
            <governor idx="39">day</governor>
            <dependent idx="40">I</dependent>
          </dep>
          <dep type="aux">
            <governor idx="42">get</governor>
            <dependent idx="41">will</dependent>
          </dep>
          <dep type="ccomp">
            <governor idx="35">planting</governor>
            <dependent idx="42">get</dependent>
          </dep>
          <dep type="mark">
            <governor idx="44">see</governor>
            <dependent idx="43">to</dependent>
          </dep>
          <dep type="xcomp">
            <governor idx="42">get</governor>
            <dependent idx="44">see</dependent>
          </dep>
          <dep type="det">
            <governor idx="46">benefits</governor>
            <dependent idx="45">the</dependent>
          </dep>
          <dep type="dobj">
            <governor idx="44">see</governor>
            <dependent idx="46">benefits</dependent>
          </dep>
          <dep type="punct">
            <governor idx="2">gelled</governor>
            <dependent idx="47">.</dependent>
          </dep>
        </dependencies>
      </sentence>
      <sentence id="116">
        <tokens>
          <token id="1">
            <word>The</word>
            <lemma>the</lemma>
            <CharacterOffsetBegin>12235</CharacterOffsetBegin>
            <CharacterOffsetEnd>12238</CharacterOffsetEnd>
            <POS>DT</POS>
            <NER>O</NER>
            <Speaker>PER0</Speaker>
          </token>
          <token id="2">
            <word>second</word>
            <lemma>second</lemma>
            <CharacterOffsetBegin>12239</CharacterOffsetBegin>
            <CharacterOffsetEnd>12245</CharacterOffsetEnd>
            <POS>JJ</POS>
            <NER>ORDINAL</NER>
            <NormalizedNER>2.0</NormalizedNER>
            <Speaker>PER0</Speaker>
          </token>
          <token id="3">
            <word>aspect</word>
            <lemma>aspect</lemma>
            <CharacterOffsetBegin>12246</CharacterOffsetBegin>
            <CharacterOffsetEnd>12252</CharacterOffsetEnd>
            <POS>NN</POS>
            <NER>O</NER>
            <Speaker>PER0</Speaker>
          </token>
          <token id="4">
            <word>was</word>
            <lemma>be</lemma>
            <CharacterOffsetBegin>12253</CharacterOffsetBegin>
            <CharacterOffsetEnd>12256</CharacterOffsetEnd>
            <POS>VBD</POS>
            <NER>O</NER>
            <Speaker>PER0</Speaker>
          </token>
          <token id="5">
            <word>based</word>
            <lemma>base</lemma>
            <CharacterOffsetBegin>12257</CharacterOffsetBegin>
            <CharacterOffsetEnd>12262</CharacterOffsetEnd>
            <POS>VBN</POS>
            <NER>O</NER>
            <Speaker>PER0</Speaker>
          </token>
          <token id="6">
            <word>on</word>
            <lemma>on</lemma>
            <CharacterOffsetBegin>12263</CharacterOffsetBegin>
            <CharacterOffsetEnd>12265</CharacterOffsetEnd>
            <POS>IN</POS>
            <NER>O</NER>
            <Speaker>PER0</Speaker>
          </token>
          <token id="7">
            <word>the</word>
            <lemma>the</lemma>
            <CharacterOffsetBegin>12266</CharacterOffsetBegin>
            <CharacterOffsetEnd>12269</CharacterOffsetEnd>
            <POS>DT</POS>
            <NER>O</NER>
            <Speaker>PER0</Speaker>
          </token>
          <token id="8">
            <word>work</word>
            <lemma>work</lemma>
            <CharacterOffsetBegin>12270</CharacterOffsetBegin>
            <CharacterOffsetEnd>12274</CharacterOffsetEnd>
            <POS>NN</POS>
            <NER>O</NER>
            <Speaker>PER0</Speaker>
          </token>
          <token id="9">
            <word>that</word>
            <lemma>that</lemma>
            <CharacterOffsetBegin>12275</CharacterOffsetBegin>
            <CharacterOffsetEnd>12279</CharacterOffsetEnd>
            <POS>WDT</POS>
            <NER>O</NER>
            <Speaker>PER0</Speaker>
          </token>
          <token id="10">
            <word>Nigel</word>
            <lemma>Nigel</lemma>
            <CharacterOffsetBegin>12280</CharacterOffsetBegin>
            <CharacterOffsetEnd>12285</CharacterOffsetEnd>
            <POS>NNP</POS>
            <NER>PERSON</NER>
            <Speaker>PER0</Speaker>
          </token>
          <token id="11">
            <word>discussed</word>
            <lemma>discuss</lemma>
            <CharacterOffsetBegin>12286</CharacterOffsetBegin>
            <CharacterOffsetEnd>12295</CharacterOffsetEnd>
            <POS>VBD</POS>
            <NER>O</NER>
            <Speaker>PER0</Speaker>
          </token>
          <token id="12">
            <word>about</word>
            <lemma>about</lemma>
            <CharacterOffsetBegin>12296</CharacterOffsetBegin>
            <CharacterOffsetEnd>12301</CharacterOffsetEnd>
            <POS>IN</POS>
            <NER>O</NER>
            <Speaker>PER0</Speaker>
          </token>
          <token id="13">
            <word>his</word>
            <lemma>he</lemma>
            <CharacterOffsetBegin>12302</CharacterOffsetBegin>
            <CharacterOffsetEnd>12305</CharacterOffsetEnd>
            <POS>PRP$</POS>
            <NER>O</NER>
            <Speaker>PER0</Speaker>
          </token>
          <token id="14">
            <word>work</word>
            <lemma>work</lemma>
            <CharacterOffsetBegin>12306</CharacterOffsetBegin>
            <CharacterOffsetEnd>12310</CharacterOffsetEnd>
            <POS>NN</POS>
            <NER>O</NER>
            <Speaker>PER0</Speaker>
          </token>
          <token id="15">
            <word>on</word>
            <lemma>on</lemma>
            <CharacterOffsetBegin>12311</CharacterOffsetBegin>
            <CharacterOffsetEnd>12313</CharacterOffsetEnd>
            <POS>IN</POS>
            <NER>O</NER>
            <Speaker>PER0</Speaker>
          </token>
          <token id="16">
            <word>coaching</word>
            <lemma>coaching</lemma>
            <CharacterOffsetBegin>12314</CharacterOffsetBegin>
            <CharacterOffsetEnd>12322</CharacterOffsetEnd>
            <POS>NN</POS>
            <NER>O</NER>
            <Speaker>PER0</Speaker>
          </token>
          <token id="17">
            <word>leaders</word>
            <lemma>leader</lemma>
            <CharacterOffsetBegin>12323</CharacterOffsetBegin>
            <CharacterOffsetEnd>12330</CharacterOffsetEnd>
            <POS>NNS</POS>
            <NER>O</NER>
            <Speaker>PER0</Speaker>
          </token>
          <token id="18">
            <word>to</word>
            <lemma>to</lemma>
            <CharacterOffsetBegin>12331</CharacterOffsetBegin>
            <CharacterOffsetEnd>12333</CharacterOffsetEnd>
            <POS>TO</POS>
            <NER>O</NER>
            <Speaker>PER0</Speaker>
          </token>
          <token id="19">
            <word>reach</word>
            <lemma>reach</lemma>
            <CharacterOffsetBegin>12334</CharacterOffsetBegin>
            <CharacterOffsetEnd>12339</CharacterOffsetEnd>
            <POS>VB</POS>
            <NER>O</NER>
            <Speaker>PER0</Speaker>
          </token>
          <token id="20">
            <word>a</word>
            <lemma>a</lemma>
            <CharacterOffsetBegin>12340</CharacterOffsetBegin>
            <CharacterOffsetEnd>12341</CharacterOffsetEnd>
            <POS>DT</POS>
            <NER>O</NER>
            <Speaker>PER0</Speaker>
          </token>
          <token id="21">
            <word>level</word>
            <lemma>level</lemma>
            <CharacterOffsetBegin>12342</CharacterOffsetBegin>
            <CharacterOffsetEnd>12347</CharacterOffsetEnd>
            <POS>NN</POS>
            <NER>O</NER>
            <Speaker>PER0</Speaker>
          </token>
          <token id="22">
            <word>of</word>
            <lemma>of</lemma>
            <CharacterOffsetBegin>12348</CharacterOffsetBegin>
            <CharacterOffsetEnd>12350</CharacterOffsetEnd>
            <POS>IN</POS>
            <NER>O</NER>
            <Speaker>PER0</Speaker>
          </token>
          <token id="23">
            <word>mindfulness</word>
            <lemma>mindfulness</lemma>
            <CharacterOffsetBegin>12351</CharacterOffsetBegin>
            <CharacterOffsetEnd>12362</CharacterOffsetEnd>
            <POS>NN</POS>
            <NER>O</NER>
            <Speaker>PER0</Speaker>
          </token>
          <token id="24">
            <word>.</word>
            <lemma>.</lemma>
            <CharacterOffsetBegin>12362</CharacterOffsetBegin>
            <CharacterOffsetEnd>12363</CharacterOffsetEnd>
            <POS>.</POS>
            <NER>O</NER>
            <Speaker>PER0</Speaker>
          </token>
        </tokens>
        <parse>(ROOT (S (NP (DT The) (JJ second) (NN aspect)) (VP (VBD was) (VP (VBN based) (PP (IN on) (NP (NP (DT the) (NN work)) (SBAR (WHNP (WDT that)) (S (NP (NNP Nigel)) (VP (VBD discussed) (PP (IN about) (NP (PRP$ his) (NN work))) (PP (IN on) (NP (NN coaching) (NNS leaders))) (S (VP (TO to) (VP (VB reach) (NP (NP (DT a) (NN level)) (PP (IN of) (NP (NN mindfulness)))))))))))))) (. .))) </parse>
        <dependencies type="basic-dependencies">
          <dep type="root">
            <governor idx="0">ROOT</governor>
            <dependent idx="5">based</dependent>
          </dep>
          <dep type="det">
            <governor idx="3">aspect</governor>
            <dependent idx="1">The</dependent>
          </dep>
          <dep type="amod">
            <governor idx="3">aspect</governor>
            <dependent idx="2">second</dependent>
          </dep>
          <dep type="nsubjpass">
            <governor idx="5">based</governor>
            <dependent idx="3">aspect</dependent>
          </dep>
          <dep type="auxpass">
            <governor idx="5">based</governor>
            <dependent idx="4">was</dependent>
          </dep>
          <dep type="case">
            <governor idx="8">work</governor>
            <dependent idx="6">on</dependent>
          </dep>
          <dep type="det">
            <governor idx="8">work</governor>
            <dependent idx="7">the</dependent>
          </dep>
          <dep type="nmod">
            <governor idx="5">based</governor>
            <dependent idx="8">work</dependent>
          </dep>
          <dep type="dobj">
            <governor idx="11">discussed</governor>
            <dependent idx="9">that</dependent>
          </dep>
          <dep type="nsubj">
            <governor idx="11">discussed</governor>
            <dependent idx="10">Nigel</dependent>
          </dep>
          <dep type="acl:relcl">
            <governor idx="8">work</governor>
            <dependent idx="11">discussed</dependent>
          </dep>
          <dep type="case">
            <governor idx="14">work</governor>
            <dependent idx="12">about</dependent>
          </dep>
          <dep type="nmod:poss">
            <governor idx="14">work</governor>
            <dependent idx="13">his</dependent>
          </dep>
          <dep type="nmod">
            <governor idx="11">discussed</governor>
            <dependent idx="14">work</dependent>
          </dep>
          <dep type="case">
            <governor idx="17">leaders</governor>
            <dependent idx="15">on</dependent>
          </dep>
          <dep type="compound">
            <governor idx="17">leaders</governor>
            <dependent idx="16">coaching</dependent>
          </dep>
          <dep type="nmod">
            <governor idx="11">discussed</governor>
            <dependent idx="17">leaders</dependent>
          </dep>
          <dep type="mark">
            <governor idx="19">reach</governor>
            <dependent idx="18">to</dependent>
          </dep>
          <dep type="xcomp">
            <governor idx="11">discussed</governor>
            <dependent idx="19">reach</dependent>
          </dep>
          <dep type="det">
            <governor idx="21">level</governor>
            <dependent idx="20">a</dependent>
          </dep>
          <dep type="dobj">
            <governor idx="19">reach</governor>
            <dependent idx="21">level</dependent>
          </dep>
          <dep type="case">
            <governor idx="23">mindfulness</governor>
            <dependent idx="22">of</dependent>
          </dep>
          <dep type="nmod">
            <governor idx="21">level</governor>
            <dependent idx="23">mindfulness</dependent>
          </dep>
          <dep type="punct">
            <governor idx="5">based</governor>
            <dependent idx="24">.</dependent>
          </dep>
        </dependencies>
        <dependencies type="collapsed-dependencies">
          <dep type="root">
            <governor idx="0">ROOT</governor>
            <dependent idx="5">based</dependent>
          </dep>
          <dep type="det">
            <governor idx="3">aspect</governor>
            <dependent idx="1">The</dependent>
          </dep>
          <dep type="amod">
            <governor idx="3">aspect</governor>
            <dependent idx="2">second</dependent>
          </dep>
          <dep type="nsubjpass">
            <governor idx="5">based</governor>
            <dependent idx="3">aspect</dependent>
          </dep>
          <dep type="auxpass">
            <governor idx="5">based</governor>
            <dependent idx="4">was</dependent>
          </dep>
          <dep type="case">
            <governor idx="8">work</governor>
            <dependent idx="6">on</dependent>
          </dep>
          <dep type="det">
            <governor idx="8">work</governor>
            <dependent idx="7">the</dependent>
          </dep>
          <dep type="nmod:on">
            <governor idx="5">based</governor>
            <dependent idx="8">work</dependent>
          </dep>
          <dep type="dobj">
            <governor idx="11">discussed</governor>
            <dependent idx="9">that</dependent>
          </dep>
          <dep type="nsubj">
            <governor idx="11">discussed</governor>
            <dependent idx="10">Nigel</dependent>
          </dep>
          <dep type="acl:relcl">
            <governor idx="8">work</governor>
            <dependent idx="11">discussed</dependent>
          </dep>
          <dep type="case">
            <governor idx="14">work</governor>
            <dependent idx="12">about</dependent>
          </dep>
          <dep type="nmod:poss">
            <governor idx="14">work</governor>
            <dependent idx="13">his</dependent>
          </dep>
          <dep type="nmod:about">
            <governor idx="11">discussed</governor>
            <dependent idx="14">work</dependent>
          </dep>
          <dep type="case">
            <governor idx="17">leaders</governor>
            <dependent idx="15">on</dependent>
          </dep>
          <dep type="compound">
            <governor idx="17">leaders</governor>
            <dependent idx="16">coaching</dependent>
          </dep>
          <dep type="nmod:on">
            <governor idx="11">discussed</governor>
            <dependent idx="17">leaders</dependent>
          </dep>
          <dep type="mark">
            <governor idx="19">reach</governor>
            <dependent idx="18">to</dependent>
          </dep>
          <dep type="xcomp">
            <governor idx="11">discussed</governor>
            <dependent idx="19">reach</dependent>
          </dep>
          <dep type="det">
            <governor idx="21">level</governor>
            <dependent idx="20">a</dependent>
          </dep>
          <dep type="dobj">
            <governor idx="19">reach</governor>
            <dependent idx="21">level</dependent>
          </dep>
          <dep type="case">
            <governor idx="23">mindfulness</governor>
            <dependent idx="22">of</dependent>
          </dep>
          <dep type="nmod:of">
            <governor idx="21">level</governor>
            <dependent idx="23">mindfulness</dependent>
          </dep>
          <dep type="punct">
            <governor idx="5">based</governor>
            <dependent idx="24">.</dependent>
          </dep>
        </dependencies>
        <dependencies type="collapsed-ccprocessed-dependencies">
          <dep type="root">
            <governor idx="0">ROOT</governor>
            <dependent idx="5">based</dependent>
          </dep>
          <dep type="det">
            <governor idx="3">aspect</governor>
            <dependent idx="1">The</dependent>
          </dep>
          <dep type="amod">
            <governor idx="3">aspect</governor>
            <dependent idx="2">second</dependent>
          </dep>
          <dep type="nsubjpass">
            <governor idx="5">based</governor>
            <dependent idx="3">aspect</dependent>
          </dep>
          <dep type="auxpass">
            <governor idx="5">based</governor>
            <dependent idx="4">was</dependent>
          </dep>
          <dep type="case">
            <governor idx="8">work</governor>
            <dependent idx="6">on</dependent>
          </dep>
          <dep type="det">
            <governor idx="8">work</governor>
            <dependent idx="7">the</dependent>
          </dep>
          <dep type="nmod:on">
            <governor idx="5">based</governor>
            <dependent idx="8">work</dependent>
          </dep>
          <dep type="dobj">
            <governor idx="11">discussed</governor>
            <dependent idx="9">that</dependent>
          </dep>
          <dep type="nsubj">
            <governor idx="11">discussed</governor>
            <dependent idx="10">Nigel</dependent>
          </dep>
          <dep type="acl:relcl">
            <governor idx="8">work</governor>
            <dependent idx="11">discussed</dependent>
          </dep>
          <dep type="case">
            <governor idx="14">work</governor>
            <dependent idx="12">about</dependent>
          </dep>
          <dep type="nmod:poss">
            <governor idx="14">work</governor>
            <dependent idx="13">his</dependent>
          </dep>
          <dep type="nmod:about">
            <governor idx="11">discussed</governor>
            <dependent idx="14">work</dependent>
          </dep>
          <dep type="case">
            <governor idx="17">leaders</governor>
            <dependent idx="15">on</dependent>
          </dep>
          <dep type="compound">
            <governor idx="17">leaders</governor>
            <dependent idx="16">coaching</dependent>
          </dep>
          <dep type="nmod:on">
            <governor idx="11">discussed</governor>
            <dependent idx="17">leaders</dependent>
          </dep>
          <dep type="mark">
            <governor idx="19">reach</governor>
            <dependent idx="18">to</dependent>
          </dep>
          <dep type="xcomp">
            <governor idx="11">discussed</governor>
            <dependent idx="19">reach</dependent>
          </dep>
          <dep type="det">
            <governor idx="21">level</governor>
            <dependent idx="20">a</dependent>
          </dep>
          <dep type="dobj">
            <governor idx="19">reach</governor>
            <dependent idx="21">level</dependent>
          </dep>
          <dep type="case">
            <governor idx="23">mindfulness</governor>
            <dependent idx="22">of</dependent>
          </dep>
          <dep type="nmod:of">
            <governor idx="21">level</governor>
            <dependent idx="23">mindfulness</dependent>
          </dep>
          <dep type="punct">
            <governor idx="5">based</governor>
            <dependent idx="24">.</dependent>
          </dep>
        </dependencies>
      </sentence>
      <sentence id="117">
        <tokens>
          <token id="1">
            <word>This</word>
            <lemma>this</lemma>
            <CharacterOffsetBegin>12364</CharacterOffsetBegin>
            <CharacterOffsetEnd>12368</CharacterOffsetEnd>
            <POS>DT</POS>
            <NER>O</NER>
            <Speaker>PER0</Speaker>
          </token>
          <token id="2">
            <word>was</word>
            <lemma>be</lemma>
            <CharacterOffsetBegin>12369</CharacterOffsetBegin>
            <CharacterOffsetEnd>12372</CharacterOffsetEnd>
            <POS>VBD</POS>
            <NER>O</NER>
            <Speaker>PER0</Speaker>
          </token>
          <token id="3">
            <word>interesting</word>
            <lemma>interesting</lemma>
            <CharacterOffsetBegin>12373</CharacterOffsetBegin>
            <CharacterOffsetEnd>12384</CharacterOffsetEnd>
            <POS>JJ</POS>
            <NER>O</NER>
            <Speaker>PER0</Speaker>
          </token>
          <token id="4">
            <word>work</word>
            <lemma>work</lemma>
            <CharacterOffsetBegin>12385</CharacterOffsetBegin>
            <CharacterOffsetEnd>12389</CharacterOffsetEnd>
            <POS>NN</POS>
            <NER>O</NER>
            <Speaker>PER0</Speaker>
          </token>
          <token id="5">
            <word>to</word>
            <lemma>to</lemma>
            <CharacterOffsetBegin>12390</CharacterOffsetBegin>
            <CharacterOffsetEnd>12392</CharacterOffsetEnd>
            <POS>TO</POS>
            <NER>O</NER>
            <Speaker>PER0</Speaker>
          </token>
          <token id="6">
            <word>me</word>
            <lemma>I</lemma>
            <CharacterOffsetBegin>12393</CharacterOffsetBegin>
            <CharacterOffsetEnd>12395</CharacterOffsetEnd>
            <POS>PRP</POS>
            <NER>O</NER>
            <Speaker>PER0</Speaker>
          </token>
          <token id="7">
            <word>and</word>
            <lemma>and</lemma>
            <CharacterOffsetBegin>12396</CharacterOffsetBegin>
            <CharacterOffsetEnd>12399</CharacterOffsetEnd>
            <POS>CC</POS>
            <NER>O</NER>
            <Speaker>PER0</Speaker>
          </token>
          <token id="8">
            <word>hearing</word>
            <lemma>hear</lemma>
            <CharacterOffsetBegin>12400</CharacterOffsetBegin>
            <CharacterOffsetEnd>12407</CharacterOffsetEnd>
            <POS>VBG</POS>
            <NER>O</NER>
            <Speaker>PER0</Speaker>
          </token>
          <token id="9">
            <word>that</word>
            <lemma>that</lemma>
            <CharacterOffsetBegin>12408</CharacterOffsetBegin>
            <CharacterOffsetEnd>12412</CharacterOffsetEnd>
            <POS>IN</POS>
            <NER>O</NER>
            <Speaker>PER0</Speaker>
          </token>
          <token id="10">
            <word>places</word>
            <lemma>place</lemma>
            <CharacterOffsetBegin>12413</CharacterOffsetBegin>
            <CharacterOffsetEnd>12419</CharacterOffsetEnd>
            <POS>NNS</POS>
            <NER>O</NER>
            <Speaker>PER0</Speaker>
          </token>
          <token id="11">
            <word>such</word>
            <lemma>such</lemma>
            <CharacterOffsetBegin>12420</CharacterOffsetBegin>
            <CharacterOffsetEnd>12424</CharacterOffsetEnd>
            <POS>JJ</POS>
            <NER>O</NER>
            <Speaker>PER0</Speaker>
          </token>
          <token id="12">
            <word>as</word>
            <lemma>as</lemma>
            <CharacterOffsetBegin>12425</CharacterOffsetBegin>
            <CharacterOffsetEnd>12427</CharacterOffsetEnd>
            <POS>IN</POS>
            <NER>O</NER>
            <Speaker>PER0</Speaker>
          </token>
          <token id="13">
            <word>Google</word>
            <lemma>Google</lemma>
            <CharacterOffsetBegin>12428</CharacterOffsetBegin>
            <CharacterOffsetEnd>12434</CharacterOffsetEnd>
            <POS>NNP</POS>
            <NER>ORGANIZATION</NER>
            <Speaker>PER0</Speaker>
          </token>
          <token id="14">
            <word>and</word>
            <lemma>and</lemma>
            <CharacterOffsetBegin>12435</CharacterOffsetBegin>
            <CharacterOffsetEnd>12438</CharacterOffsetEnd>
            <POS>CC</POS>
            <NER>O</NER>
            <Speaker>PER0</Speaker>
          </token>
          <token id="15">
            <word>Commbank</word>
            <lemma>Commbank</lemma>
            <CharacterOffsetBegin>12439</CharacterOffsetBegin>
            <CharacterOffsetEnd>12447</CharacterOffsetEnd>
            <POS>NNP</POS>
            <NER>O</NER>
            <Speaker>PER0</Speaker>
          </token>
          <token id="16">
            <word>were</word>
            <lemma>be</lemma>
            <CharacterOffsetBegin>12448</CharacterOffsetBegin>
            <CharacterOffsetEnd>12452</CharacterOffsetEnd>
            <POS>VBD</POS>
            <NER>O</NER>
            <Speaker>PER0</Speaker>
          </token>
          <token id="17">
            <word>providing</word>
            <lemma>provide</lemma>
            <CharacterOffsetBegin>12453</CharacterOffsetBegin>
            <CharacterOffsetEnd>12462</CharacterOffsetEnd>
            <POS>VBG</POS>
            <NER>O</NER>
            <Speaker>PER0</Speaker>
          </token>
          <token id="18">
            <word>this</word>
            <lemma>this</lemma>
            <CharacterOffsetBegin>12463</CharacterOffsetBegin>
            <CharacterOffsetEnd>12467</CharacterOffsetEnd>
            <POS>DT</POS>
            <NER>O</NER>
            <Speaker>PER0</Speaker>
          </token>
          <token id="19">
            <word>support</word>
            <lemma>support</lemma>
            <CharacterOffsetBegin>12468</CharacterOffsetBegin>
            <CharacterOffsetEnd>12475</CharacterOffsetEnd>
            <POS>NN</POS>
            <NER>O</NER>
            <Speaker>PER0</Speaker>
          </token>
          <token id="20">
            <word>to</word>
            <lemma>to</lemma>
            <CharacterOffsetBegin>12476</CharacterOffsetBegin>
            <CharacterOffsetEnd>12478</CharacterOffsetEnd>
            <POS>TO</POS>
            <NER>O</NER>
            <Speaker>PER0</Speaker>
          </token>
          <token id="21">
            <word>Executives</word>
            <lemma>executive</lemma>
            <CharacterOffsetBegin>12479</CharacterOffsetBegin>
            <CharacterOffsetEnd>12489</CharacterOffsetEnd>
            <POS>NNS</POS>
            <NER>O</NER>
            <Speaker>PER0</Speaker>
          </token>
          <token id="22">
            <word>was</word>
            <lemma>be</lemma>
            <CharacterOffsetBegin>12490</CharacterOffsetBegin>
            <CharacterOffsetEnd>12493</CharacterOffsetEnd>
            <POS>VBD</POS>
            <NER>O</NER>
            <Speaker>PER0</Speaker>
          </token>
          <token id="23">
            <word>comforting</word>
            <lemma>comforting</lemma>
            <CharacterOffsetBegin>12494</CharacterOffsetBegin>
            <CharacterOffsetEnd>12504</CharacterOffsetEnd>
            <POS>JJ</POS>
            <NER>O</NER>
            <Speaker>PER0</Speaker>
          </token>
          <token id="24">
            <word>to</word>
            <lemma>to</lemma>
            <CharacterOffsetBegin>12505</CharacterOffsetBegin>
            <CharacterOffsetEnd>12507</CharacterOffsetEnd>
            <POS>TO</POS>
            <NER>O</NER>
            <Speaker>PER0</Speaker>
          </token>
          <token id="25">
            <word>hear</word>
            <lemma>hear</lemma>
            <CharacterOffsetBegin>12508</CharacterOffsetBegin>
            <CharacterOffsetEnd>12512</CharacterOffsetEnd>
            <POS>VB</POS>
            <NER>O</NER>
            <Speaker>PER0</Speaker>
          </token>
          <token id="26">
            <word>.</word>
            <lemma>.</lemma>
            <CharacterOffsetBegin>12512</CharacterOffsetBegin>
            <CharacterOffsetEnd>12513</CharacterOffsetEnd>
            <POS>.</POS>
            <NER>O</NER>
            <Speaker>PER0</Speaker>
          </token>
        </tokens>
        <parse>(ROOT (S (S (NP (DT This)) (VP (VBD was) (NP (NP (JJ interesting) (NN work)) (PP (TO to) (NP (PRP me)))))) (CC and) (S (S (VP (VBG hearing) (SBAR (IN that) (S (NP (NP (NNS places)) (PP (JJ such) (IN as) (NP (NNP Google) (CC and) (NNP Commbank)))) (VP (VBD were) (VP (VBG providing) (NP (DT this) (NN support)) (PP (TO to) (NP (NNS Executives))))))))) (VP (VBD was) (ADJP (JJ comforting) (S (VP (TO to) (VP (VB hear))))))) (. .))) </parse>
        <dependencies type="basic-dependencies">
          <dep type="root">
            <governor idx="0">ROOT</governor>
            <dependent idx="4">work</dependent>
          </dep>
          <dep type="nsubj">
            <governor idx="4">work</governor>
            <dependent idx="1">This</dependent>
          </dep>
          <dep type="cop">
            <governor idx="4">work</governor>
            <dependent idx="2">was</dependent>
          </dep>
          <dep type="amod">
            <governor idx="4">work</governor>
            <dependent idx="3">interesting</dependent>
          </dep>
          <dep type="case">
            <governor idx="6">me</governor>
            <dependent idx="5">to</dependent>
          </dep>
          <dep type="nmod">
            <governor idx="4">work</governor>
            <dependent idx="6">me</dependent>
          </dep>
          <dep type="cc">
            <governor idx="4">work</governor>
            <dependent idx="7">and</dependent>
          </dep>
          <dep type="csubj">
            <governor idx="23">comforting</governor>
            <dependent idx="8">hearing</dependent>
          </dep>
          <dep type="mark">
            <governor idx="17">providing</governor>
            <dependent idx="9">that</dependent>
          </dep>
          <dep type="nsubj">
            <governor idx="17">providing</governor>
            <dependent idx="10">places</dependent>
          </dep>
          <dep type="case">
            <governor idx="13">Google</governor>
            <dependent idx="11">such</dependent>
          </dep>
          <dep type="mwe">
            <governor idx="11">such</governor>
            <dependent idx="12">as</dependent>
          </dep>
          <dep type="nmod">
            <governor idx="10">places</governor>
            <dependent idx="13">Google</dependent>
          </dep>
          <dep type="cc">
            <governor idx="13">Google</governor>
            <dependent idx="14">and</dependent>
          </dep>
          <dep type="conj">
            <governor idx="13">Google</governor>
            <dependent idx="15">Commbank</dependent>
          </dep>
          <dep type="aux">
            <governor idx="17">providing</governor>
            <dependent idx="16">were</dependent>
          </dep>
          <dep type="ccomp">
            <governor idx="8">hearing</governor>
            <dependent idx="17">providing</dependent>
          </dep>
          <dep type="det">
            <governor idx="19">support</governor>
            <dependent idx="18">this</dependent>
          </dep>
          <dep type="dobj">
            <governor idx="17">providing</governor>
            <dependent idx="19">support</dependent>
          </dep>
          <dep type="case">
            <governor idx="21">Executives</governor>
            <dependent idx="20">to</dependent>
          </dep>
          <dep type="nmod">
            <governor idx="17">providing</governor>
            <dependent idx="21">Executives</dependent>
          </dep>
          <dep type="cop">
            <governor idx="23">comforting</governor>
            <dependent idx="22">was</dependent>
          </dep>
          <dep type="conj">
            <governor idx="4">work</governor>
            <dependent idx="23">comforting</dependent>
          </dep>
          <dep type="mark">
            <governor idx="25">hear</governor>
            <dependent idx="24">to</dependent>
          </dep>
          <dep type="xcomp">
            <governor idx="23">comforting</governor>
            <dependent idx="25">hear</dependent>
          </dep>
          <dep type="punct">
            <governor idx="4">work</governor>
            <dependent idx="26">.</dependent>
          </dep>
        </dependencies>
        <dependencies type="collapsed-dependencies">
          <dep type="root">
            <governor idx="0">ROOT</governor>
            <dependent idx="4">work</dependent>
          </dep>
          <dep type="nsubj">
            <governor idx="4">work</governor>
            <dependent idx="1">This</dependent>
          </dep>
          <dep type="cop">
            <governor idx="4">work</governor>
            <dependent idx="2">was</dependent>
          </dep>
          <dep type="amod">
            <governor idx="4">work</governor>
            <dependent idx="3">interesting</dependent>
          </dep>
          <dep type="case">
            <governor idx="6">me</governor>
            <dependent idx="5">to</dependent>
          </dep>
          <dep type="nmod:to">
            <governor idx="4">work</governor>
            <dependent idx="6">me</dependent>
          </dep>
          <dep type="cc">
            <governor idx="4">work</governor>
            <dependent idx="7">and</dependent>
          </dep>
          <dep type="csubj">
            <governor idx="23">comforting</governor>
            <dependent idx="8">hearing</dependent>
          </dep>
          <dep type="mark">
            <governor idx="17">providing</governor>
            <dependent idx="9">that</dependent>
          </dep>
          <dep type="nsubj">
            <governor idx="17">providing</governor>
            <dependent idx="10">places</dependent>
          </dep>
          <dep type="case">
            <governor idx="13">Google</governor>
            <dependent idx="11">such</dependent>
          </dep>
          <dep type="mwe">
            <governor idx="11">such</governor>
            <dependent idx="12">as</dependent>
          </dep>
          <dep type="nmod:such_as">
            <governor idx="10">places</governor>
            <dependent idx="13">Google</dependent>
          </dep>
          <dep type="cc">
            <governor idx="13">Google</governor>
            <dependent idx="14">and</dependent>
          </dep>
          <dep type="conj:and">
            <governor idx="13">Google</governor>
            <dependent idx="15">Commbank</dependent>
          </dep>
          <dep type="aux">
            <governor idx="17">providing</governor>
            <dependent idx="16">were</dependent>
          </dep>
          <dep type="ccomp">
            <governor idx="8">hearing</governor>
            <dependent idx="17">providing</dependent>
          </dep>
          <dep type="det">
            <governor idx="19">support</governor>
            <dependent idx="18">this</dependent>
          </dep>
          <dep type="dobj">
            <governor idx="17">providing</governor>
            <dependent idx="19">support</dependent>
          </dep>
          <dep type="case">
            <governor idx="21">Executives</governor>
            <dependent idx="20">to</dependent>
          </dep>
          <dep type="nmod:to">
            <governor idx="17">providing</governor>
            <dependent idx="21">Executives</dependent>
          </dep>
          <dep type="cop">
            <governor idx="23">comforting</governor>
            <dependent idx="22">was</dependent>
          </dep>
          <dep type="conj:and">
            <governor idx="4">work</governor>
            <dependent idx="23">comforting</dependent>
          </dep>
          <dep type="mark">
            <governor idx="25">hear</governor>
            <dependent idx="24">to</dependent>
          </dep>
          <dep type="xcomp">
            <governor idx="23">comforting</governor>
            <dependent idx="25">hear</dependent>
          </dep>
          <dep type="punct">
            <governor idx="4">work</governor>
            <dependent idx="26">.</dependent>
          </dep>
        </dependencies>
        <dependencies type="collapsed-ccprocessed-dependencies">
          <dep type="root">
            <governor idx="0">ROOT</governor>
            <dependent idx="4">work</dependent>
          </dep>
          <dep type="nsubj">
            <governor idx="4">work</governor>
            <dependent idx="1">This</dependent>
          </dep>
          <dep type="cop">
            <governor idx="4">work</governor>
            <dependent idx="2">was</dependent>
          </dep>
          <dep type="amod">
            <governor idx="4">work</governor>
            <dependent idx="3">interesting</dependent>
          </dep>
          <dep type="case">
            <governor idx="6">me</governor>
            <dependent idx="5">to</dependent>
          </dep>
          <dep type="nmod:to">
            <governor idx="4">work</governor>
            <dependent idx="6">me</dependent>
          </dep>
          <dep type="cc">
            <governor idx="4">work</governor>
            <dependent idx="7">and</dependent>
          </dep>
          <dep type="csubj">
            <governor idx="23">comforting</governor>
            <dependent idx="8">hearing</dependent>
          </dep>
          <dep type="mark">
            <governor idx="17">providing</governor>
            <dependent idx="9">that</dependent>
          </dep>
          <dep type="nsubj">
            <governor idx="17">providing</governor>
            <dependent idx="10">places</dependent>
          </dep>
          <dep type="case">
            <governor idx="13">Google</governor>
            <dependent idx="11">such</dependent>
          </dep>
          <dep type="mwe">
            <governor idx="11">such</governor>
            <dependent idx="12">as</dependent>
          </dep>
          <dep type="nmod:such_as">
            <governor idx="10">places</governor>
            <dependent idx="13">Google</dependent>
          </dep>
          <dep type="cc">
            <governor idx="13">Google</governor>
            <dependent idx="14">and</dependent>
          </dep>
          <dep type="nmod:such_as" extra="true">
            <governor idx="10">places</governor>
            <dependent idx="15">Commbank</dependent>
          </dep>
          <dep type="conj:and">
            <governor idx="13">Google</governor>
            <dependent idx="15">Commbank</dependent>
          </dep>
          <dep type="aux">
            <governor idx="17">providing</governor>
            <dependent idx="16">were</dependent>
          </dep>
          <dep type="ccomp">
            <governor idx="8">hearing</governor>
            <dependent idx="17">providing</dependent>
          </dep>
          <dep type="det">
            <governor idx="19">support</governor>
            <dependent idx="18">this</dependent>
          </dep>
          <dep type="dobj">
            <governor idx="17">providing</governor>
            <dependent idx="19">support</dependent>
          </dep>
          <dep type="case">
            <governor idx="21">Executives</governor>
            <dependent idx="20">to</dependent>
          </dep>
          <dep type="nmod:to">
            <governor idx="17">providing</governor>
            <dependent idx="21">Executives</dependent>
          </dep>
          <dep type="cop">
            <governor idx="23">comforting</governor>
            <dependent idx="22">was</dependent>
          </dep>
          <dep type="conj:and">
            <governor idx="4">work</governor>
            <dependent idx="23">comforting</dependent>
          </dep>
          <dep type="mark">
            <governor idx="25">hear</governor>
            <dependent idx="24">to</dependent>
          </dep>
          <dep type="xcomp">
            <governor idx="23">comforting</governor>
            <dependent idx="25">hear</dependent>
          </dep>
          <dep type="punct">
            <governor idx="4">work</governor>
            <dependent idx="26">.</dependent>
          </dep>
        </dependencies>
      </sentence>
      <sentence id="118">
        <tokens>
          <token id="1">
            <word>Final</word>
            <lemma>final</lemma>
            <CharacterOffsetBegin>12515</CharacterOffsetBegin>
            <CharacterOffsetEnd>12520</CharacterOffsetEnd>
            <POS>JJ</POS>
            <NER>O</NER>
            <Speaker>PER0</Speaker>
          </token>
          <token id="2">
            <word>reflections</word>
            <lemma>reflection</lemma>
            <CharacterOffsetBegin>12521</CharacterOffsetBegin>
            <CharacterOffsetEnd>12532</CharacterOffsetEnd>
            <POS>NNS</POS>
            <NER>O</NER>
            <Speaker>PER0</Speaker>
          </token>
          <token id="3">
            <word>.</word>
            <lemma>.</lemma>
            <CharacterOffsetBegin>12532</CharacterOffsetBegin>
            <CharacterOffsetEnd>12533</CharacterOffsetEnd>
            <POS>.</POS>
            <NER>O</NER>
            <Speaker>PER0</Speaker>
          </token>
        </tokens>
        <parse>(ROOT (FRAG (NP (JJ Final) (NNS reflections)) (. .))) </parse>
        <dependencies type="basic-dependencies">
          <dep type="root">
            <governor idx="0">ROOT</governor>
            <dependent idx="2">reflections</dependent>
          </dep>
          <dep type="amod">
            <governor idx="2">reflections</governor>
            <dependent idx="1">Final</dependent>
          </dep>
          <dep type="punct">
            <governor idx="2">reflections</governor>
            <dependent idx="3">.</dependent>
          </dep>
        </dependencies>
        <dependencies type="collapsed-dependencies">
          <dep type="root">
            <governor idx="0">ROOT</governor>
            <dependent idx="2">reflections</dependent>
          </dep>
          <dep type="amod">
            <governor idx="2">reflections</governor>
            <dependent idx="1">Final</dependent>
          </dep>
          <dep type="punct">
            <governor idx="2">reflections</governor>
            <dependent idx="3">.</dependent>
          </dep>
        </dependencies>
        <dependencies type="collapsed-ccprocessed-dependencies">
          <dep type="root">
            <governor idx="0">ROOT</governor>
            <dependent idx="2">reflections</dependent>
          </dep>
          <dep type="amod">
            <governor idx="2">reflections</governor>
            <dependent idx="1">Final</dependent>
          </dep>
          <dep type="punct">
            <governor idx="2">reflections</governor>
            <dependent idx="3">.</dependent>
          </dep>
        </dependencies>
      </sentence>
      <sentence id="119">
        <tokens>
          <token id="1">
            <word>Upon</word>
            <lemma>upon</lemma>
            <CharacterOffsetBegin>12535</CharacterOffsetBegin>
            <CharacterOffsetEnd>12539</CharacterOffsetEnd>
            <POS>IN</POS>
            <NER>O</NER>
            <Speaker>PER0</Speaker>
          </token>
          <token id="2">
            <word>finishing</word>
            <lemma>finish</lemma>
            <CharacterOffsetBegin>12540</CharacterOffsetBegin>
            <CharacterOffsetEnd>12549</CharacterOffsetEnd>
            <POS>VBG</POS>
            <NER>O</NER>
            <Speaker>PER0</Speaker>
          </token>
          <token id="3">
            <word>the</word>
            <lemma>the</lemma>
            <CharacterOffsetBegin>12550</CharacterOffsetBegin>
            <CharacterOffsetEnd>12553</CharacterOffsetEnd>
            <POS>DT</POS>
            <NER>O</NER>
            <Speaker>PER0</Speaker>
          </token>
          <token id="4">
            <word>subject</word>
            <lemma>subject</lemma>
            <CharacterOffsetBegin>12554</CharacterOffsetBegin>
            <CharacterOffsetEnd>12561</CharacterOffsetEnd>
            <POS>NN</POS>
            <NER>O</NER>
            <Speaker>PER0</Speaker>
          </token>
          <token id="5">
            <word>,</word>
            <lemma>,</lemma>
            <CharacterOffsetBegin>12561</CharacterOffsetBegin>
            <CharacterOffsetEnd>12562</CharacterOffsetEnd>
            <POS>,</POS>
            <NER>O</NER>
            <Speaker>PER0</Speaker>
          </token>
          <token id="6">
            <word>I</word>
            <lemma>I</lemma>
            <CharacterOffsetBegin>12563</CharacterOffsetBegin>
            <CharacterOffsetEnd>12564</CharacterOffsetEnd>
            <POS>PRP</POS>
            <NER>O</NER>
            <Speaker>PER0</Speaker>
          </token>
          <token id="7">
            <word>honestly</word>
            <lemma>honestly</lemma>
            <CharacterOffsetBegin>12565</CharacterOffsetBegin>
            <CharacterOffsetEnd>12573</CharacterOffsetEnd>
            <POS>RB</POS>
            <NER>O</NER>
            <Speaker>PER0</Speaker>
          </token>
          <token id="8">
            <word>felt</word>
            <lemma>feel</lemma>
            <CharacterOffsetBegin>12574</CharacterOffsetBegin>
            <CharacterOffsetEnd>12578</CharacterOffsetEnd>
            <POS>VBD</POS>
            <NER>O</NER>
            <Speaker>PER0</Speaker>
          </token>
          <token id="9">
            <word>it</word>
            <lemma>it</lemma>
            <CharacterOffsetBegin>12579</CharacterOffsetBegin>
            <CharacterOffsetEnd>12581</CharacterOffsetEnd>
            <POS>PRP</POS>
            <NER>O</NER>
            <Speaker>PER0</Speaker>
          </token>
          <token id="10">
            <word>was</word>
            <lemma>be</lemma>
            <CharacterOffsetBegin>12582</CharacterOffsetBegin>
            <CharacterOffsetEnd>12585</CharacterOffsetEnd>
            <POS>VBD</POS>
            <NER>O</NER>
            <Speaker>PER0</Speaker>
          </token>
          <token id="11">
            <word>a</word>
            <lemma>a</lemma>
            <CharacterOffsetBegin>12586</CharacterOffsetBegin>
            <CharacterOffsetEnd>12587</CharacterOffsetEnd>
            <POS>DT</POS>
            <NER>O</NER>
            <Speaker>PER0</Speaker>
          </token>
          <token id="12">
            <word>worthwhile</word>
            <lemma>worthwhile</lemma>
            <CharacterOffsetBegin>12588</CharacterOffsetBegin>
            <CharacterOffsetEnd>12598</CharacterOffsetEnd>
            <POS>JJ</POS>
            <NER>O</NER>
            <Speaker>PER0</Speaker>
          </token>
          <token id="13">
            <word>subject</word>
            <lemma>subject</lemma>
            <CharacterOffsetBegin>12599</CharacterOffsetBegin>
            <CharacterOffsetEnd>12606</CharacterOffsetEnd>
            <POS>NN</POS>
            <NER>O</NER>
            <Speaker>PER0</Speaker>
          </token>
          <token id="14">
            <word>to</word>
            <lemma>to</lemma>
            <CharacterOffsetBegin>12607</CharacterOffsetBegin>
            <CharacterOffsetEnd>12609</CharacterOffsetEnd>
            <POS>TO</POS>
            <NER>O</NER>
            <Speaker>PER0</Speaker>
          </token>
          <token id="15">
            <word>do</word>
            <lemma>do</lemma>
            <CharacterOffsetBegin>12610</CharacterOffsetBegin>
            <CharacterOffsetEnd>12612</CharacterOffsetEnd>
            <POS>VB</POS>
            <NER>O</NER>
            <Speaker>PER0</Speaker>
          </token>
          <token id="16">
            <word>.</word>
            <lemma>.</lemma>
            <CharacterOffsetBegin>12612</CharacterOffsetBegin>
            <CharacterOffsetEnd>12613</CharacterOffsetEnd>
            <POS>.</POS>
            <NER>O</NER>
            <Speaker>PER0</Speaker>
          </token>
        </tokens>
        <parse>(ROOT (S (PP (IN Upon) (S (VP (VBG finishing) (NP (DT the) (NN subject))))) (, ,) (NP (PRP I)) (ADVP (RB honestly)) (VP (VBD felt) (SBAR (S (NP (PRP it)) (VP (VBD was) (NP (DT a) (JJ worthwhile) (NN subject) (S (VP (TO to) (VP (VB do))))))))) (. .))) </parse>
        <dependencies type="basic-dependencies">
          <dep type="root">
            <governor idx="0">ROOT</governor>
            <dependent idx="8">felt</dependent>
          </dep>
          <dep type="mark">
            <governor idx="2">finishing</governor>
            <dependent idx="1">Upon</dependent>
          </dep>
          <dep type="advcl">
            <governor idx="8">felt</governor>
            <dependent idx="2">finishing</dependent>
          </dep>
          <dep type="det">
            <governor idx="4">subject</governor>
            <dependent idx="3">the</dependent>
          </dep>
          <dep type="dobj">
            <governor idx="2">finishing</governor>
            <dependent idx="4">subject</dependent>
          </dep>
          <dep type="punct">
            <governor idx="8">felt</governor>
            <dependent idx="5">,</dependent>
          </dep>
          <dep type="nsubj">
            <governor idx="8">felt</governor>
            <dependent idx="6">I</dependent>
          </dep>
          <dep type="advmod">
            <governor idx="8">felt</governor>
            <dependent idx="7">honestly</dependent>
          </dep>
          <dep type="nsubj">
            <governor idx="13">subject</governor>
            <dependent idx="9">it</dependent>
          </dep>
          <dep type="cop">
            <governor idx="13">subject</governor>
            <dependent idx="10">was</dependent>
          </dep>
          <dep type="det">
            <governor idx="13">subject</governor>
            <dependent idx="11">a</dependent>
          </dep>
          <dep type="amod">
            <governor idx="13">subject</governor>
            <dependent idx="12">worthwhile</dependent>
          </dep>
          <dep type="ccomp">
            <governor idx="8">felt</governor>
            <dependent idx="13">subject</dependent>
          </dep>
          <dep type="mark">
            <governor idx="15">do</governor>
            <dependent idx="14">to</dependent>
          </dep>
          <dep type="acl">
            <governor idx="13">subject</governor>
            <dependent idx="15">do</dependent>
          </dep>
          <dep type="punct">
            <governor idx="8">felt</governor>
            <dependent idx="16">.</dependent>
          </dep>
        </dependencies>
        <dependencies type="collapsed-dependencies">
          <dep type="root">
            <governor idx="0">ROOT</governor>
            <dependent idx="8">felt</dependent>
          </dep>
          <dep type="mark">
            <governor idx="2">finishing</governor>
            <dependent idx="1">Upon</dependent>
          </dep>
          <dep type="advcl">
            <governor idx="8">felt</governor>
            <dependent idx="2">finishing</dependent>
          </dep>
          <dep type="det">
            <governor idx="4">subject</governor>
            <dependent idx="3">the</dependent>
          </dep>
          <dep type="dobj">
            <governor idx="2">finishing</governor>
            <dependent idx="4">subject</dependent>
          </dep>
          <dep type="punct">
            <governor idx="8">felt</governor>
            <dependent idx="5">,</dependent>
          </dep>
          <dep type="nsubj">
            <governor idx="8">felt</governor>
            <dependent idx="6">I</dependent>
          </dep>
          <dep type="advmod">
            <governor idx="8">felt</governor>
            <dependent idx="7">honestly</dependent>
          </dep>
          <dep type="nsubj">
            <governor idx="13">subject</governor>
            <dependent idx="9">it</dependent>
          </dep>
          <dep type="cop">
            <governor idx="13">subject</governor>
            <dependent idx="10">was</dependent>
          </dep>
          <dep type="det">
            <governor idx="13">subject</governor>
            <dependent idx="11">a</dependent>
          </dep>
          <dep type="amod">
            <governor idx="13">subject</governor>
            <dependent idx="12">worthwhile</dependent>
          </dep>
          <dep type="ccomp">
            <governor idx="8">felt</governor>
            <dependent idx="13">subject</dependent>
          </dep>
          <dep type="mark">
            <governor idx="15">do</governor>
            <dependent idx="14">to</dependent>
          </dep>
          <dep type="acl">
            <governor idx="13">subject</governor>
            <dependent idx="15">do</dependent>
          </dep>
          <dep type="punct">
            <governor idx="8">felt</governor>
            <dependent idx="16">.</dependent>
          </dep>
        </dependencies>
        <dependencies type="collapsed-ccprocessed-dependencies">
          <dep type="root">
            <governor idx="0">ROOT</governor>
            <dependent idx="8">felt</dependent>
          </dep>
          <dep type="mark">
            <governor idx="2">finishing</governor>
            <dependent idx="1">Upon</dependent>
          </dep>
          <dep type="advcl">
            <governor idx="8">felt</governor>
            <dependent idx="2">finishing</dependent>
          </dep>
          <dep type="det">
            <governor idx="4">subject</governor>
            <dependent idx="3">the</dependent>
          </dep>
          <dep type="dobj">
            <governor idx="2">finishing</governor>
            <dependent idx="4">subject</dependent>
          </dep>
          <dep type="punct">
            <governor idx="8">felt</governor>
            <dependent idx="5">,</dependent>
          </dep>
          <dep type="nsubj">
            <governor idx="8">felt</governor>
            <dependent idx="6">I</dependent>
          </dep>
          <dep type="advmod">
            <governor idx="8">felt</governor>
            <dependent idx="7">honestly</dependent>
          </dep>
          <dep type="nsubj">
            <governor idx="13">subject</governor>
            <dependent idx="9">it</dependent>
          </dep>
          <dep type="cop">
            <governor idx="13">subject</governor>
            <dependent idx="10">was</dependent>
          </dep>
          <dep type="det">
            <governor idx="13">subject</governor>
            <dependent idx="11">a</dependent>
          </dep>
          <dep type="amod">
            <governor idx="13">subject</governor>
            <dependent idx="12">worthwhile</dependent>
          </dep>
          <dep type="ccomp">
            <governor idx="8">felt</governor>
            <dependent idx="13">subject</dependent>
          </dep>
          <dep type="mark">
            <governor idx="15">do</governor>
            <dependent idx="14">to</dependent>
          </dep>
          <dep type="acl">
            <governor idx="13">subject</governor>
            <dependent idx="15">do</dependent>
          </dep>
          <dep type="punct">
            <governor idx="8">felt</governor>
            <dependent idx="16">.</dependent>
          </dep>
        </dependencies>
      </sentence>
      <sentence id="120">
        <tokens>
          <token id="1">
            <word>It</word>
            <lemma>it</lemma>
            <CharacterOffsetBegin>12614</CharacterOffsetBegin>
            <CharacterOffsetEnd>12616</CharacterOffsetEnd>
            <POS>PRP</POS>
            <NER>O</NER>
            <Speaker>PER0</Speaker>
          </token>
          <token id="2">
            <word>was</word>
            <lemma>be</lemma>
            <CharacterOffsetBegin>12617</CharacterOffsetBegin>
            <CharacterOffsetEnd>12620</CharacterOffsetEnd>
            <POS>VBD</POS>
            <NER>O</NER>
            <Speaker>PER0</Speaker>
          </token>
          <token id="3">
            <word>n't</word>
            <lemma>not</lemma>
            <CharacterOffsetBegin>12620</CharacterOffsetBegin>
            <CharacterOffsetEnd>12623</CharacterOffsetEnd>
            <POS>RB</POS>
            <NER>O</NER>
            <Speaker>PER0</Speaker>
          </token>
          <token id="4">
            <word>just</word>
            <lemma>just</lemma>
            <CharacterOffsetBegin>12624</CharacterOffsetBegin>
            <CharacterOffsetEnd>12628</CharacterOffsetEnd>
            <POS>RB</POS>
            <NER>O</NER>
            <Speaker>PER0</Speaker>
          </token>
          <token id="5">
            <word>a</word>
            <lemma>a</lemma>
            <CharacterOffsetBegin>12629</CharacterOffsetBegin>
            <CharacterOffsetEnd>12630</CharacterOffsetEnd>
            <POS>DT</POS>
            <NER>O</NER>
            <Speaker>PER0</Speaker>
          </token>
          <token id="6">
            <word>subject</word>
            <lemma>subject</lemma>
            <CharacterOffsetBegin>12631</CharacterOffsetBegin>
            <CharacterOffsetEnd>12638</CharacterOffsetEnd>
            <POS>NN</POS>
            <NER>O</NER>
            <Speaker>PER0</Speaker>
          </token>
          <token id="7">
            <word>that</word>
            <lemma>that</lemma>
            <CharacterOffsetBegin>12639</CharacterOffsetBegin>
            <CharacterOffsetEnd>12643</CharacterOffsetEnd>
            <POS>WDT</POS>
            <NER>O</NER>
            <Speaker>PER0</Speaker>
          </token>
          <token id="8">
            <word>educates</word>
            <lemma>educate</lemma>
            <CharacterOffsetBegin>12644</CharacterOffsetBegin>
            <CharacterOffsetEnd>12652</CharacterOffsetEnd>
            <POS>VBZ</POS>
            <NER>O</NER>
            <Speaker>PER0</Speaker>
          </token>
          <token id="9">
            <word>you</word>
            <lemma>you</lemma>
            <CharacterOffsetBegin>12653</CharacterOffsetBegin>
            <CharacterOffsetEnd>12656</CharacterOffsetEnd>
            <POS>PRP</POS>
            <NER>O</NER>
            <Speaker>PER0</Speaker>
          </token>
          <token id="10">
            <word>on</word>
            <lemma>on</lemma>
            <CharacterOffsetBegin>12657</CharacterOffsetBegin>
            <CharacterOffsetEnd>12659</CharacterOffsetEnd>
            <POS>IN</POS>
            <NER>O</NER>
            <Speaker>PER0</Speaker>
          </token>
          <token id="11">
            <word>theories</word>
            <lemma>theory</lemma>
            <CharacterOffsetBegin>12660</CharacterOffsetBegin>
            <CharacterOffsetEnd>12668</CharacterOffsetEnd>
            <POS>NNS</POS>
            <NER>O</NER>
            <Speaker>PER0</Speaker>
          </token>
          <token id="12">
            <word>and</word>
            <lemma>and</lemma>
            <CharacterOffsetBegin>12669</CharacterOffsetBegin>
            <CharacterOffsetEnd>12672</CharacterOffsetEnd>
            <POS>CC</POS>
            <NER>O</NER>
            <Speaker>PER0</Speaker>
          </token>
          <token id="13">
            <word>case</word>
            <lemma>case</lemma>
            <CharacterOffsetBegin>12673</CharacterOffsetBegin>
            <CharacterOffsetEnd>12677</CharacterOffsetEnd>
            <POS>NN</POS>
            <NER>O</NER>
            <Speaker>PER0</Speaker>
          </token>
          <token id="14">
            <word>studies</word>
            <lemma>study</lemma>
            <CharacterOffsetBegin>12678</CharacterOffsetBegin>
            <CharacterOffsetEnd>12685</CharacterOffsetEnd>
            <POS>NNS</POS>
            <NER>O</NER>
            <Speaker>PER0</Speaker>
          </token>
          <token id="15">
            <word>,</word>
            <lemma>,</lemma>
            <CharacterOffsetBegin>12685</CharacterOffsetBegin>
            <CharacterOffsetEnd>12686</CharacterOffsetEnd>
            <POS>,</POS>
            <NER>O</NER>
            <Speaker>PER0</Speaker>
          </token>
          <token id="16">
            <word>it</word>
            <lemma>it</lemma>
            <CharacterOffsetBegin>12687</CharacterOffsetBegin>
            <CharacterOffsetEnd>12689</CharacterOffsetEnd>
            <POS>PRP</POS>
            <NER>O</NER>
            <Speaker>PER0</Speaker>
          </token>
          <token id="17">
            <word>helped</word>
            <lemma>help</lemma>
            <CharacterOffsetBegin>12690</CharacterOffsetBegin>
            <CharacterOffsetEnd>12696</CharacterOffsetEnd>
            <POS>VBD</POS>
            <NER>O</NER>
            <Speaker>PER0</Speaker>
          </token>
          <token id="18">
            <word>you</word>
            <lemma>you</lemma>
            <CharacterOffsetBegin>12697</CharacterOffsetBegin>
            <CharacterOffsetEnd>12700</CharacterOffsetEnd>
            <POS>PRP</POS>
            <NER>O</NER>
            <Speaker>PER0</Speaker>
          </token>
          <token id="19">
            <word>understand</word>
            <lemma>understand</lemma>
            <CharacterOffsetBegin>12701</CharacterOffsetBegin>
            <CharacterOffsetEnd>12711</CharacterOffsetEnd>
            <POS>VBP</POS>
            <NER>O</NER>
            <Speaker>PER0</Speaker>
          </token>
          <token id="20">
            <word>you</word>
            <lemma>you</lemma>
            <CharacterOffsetBegin>12712</CharacterOffsetBegin>
            <CharacterOffsetEnd>12715</CharacterOffsetEnd>
            <POS>PRP</POS>
            <NER>O</NER>
            <Speaker>PER0</Speaker>
          </token>
          <token id="21">
            <word>as</word>
            <lemma>as</lemma>
            <CharacterOffsetBegin>12716</CharacterOffsetBegin>
            <CharacterOffsetEnd>12718</CharacterOffsetEnd>
            <POS>IN</POS>
            <NER>O</NER>
            <Speaker>PER0</Speaker>
          </token>
          <token id="22">
            <word>a</word>
            <lemma>a</lemma>
            <CharacterOffsetBegin>12719</CharacterOffsetBegin>
            <CharacterOffsetEnd>12720</CharacterOffsetEnd>
            <POS>DT</POS>
            <NER>O</NER>
            <Speaker>PER0</Speaker>
          </token>
          <token id="23">
            <word>person</word>
            <lemma>person</lemma>
            <CharacterOffsetBegin>12721</CharacterOffsetBegin>
            <CharacterOffsetEnd>12727</CharacterOffsetEnd>
            <POS>NN</POS>
            <NER>O</NER>
            <Speaker>PER0</Speaker>
          </token>
          <token id="24">
            <word>and</word>
            <lemma>and</lemma>
            <CharacterOffsetBegin>12728</CharacterOffsetBegin>
            <CharacterOffsetEnd>12731</CharacterOffsetEnd>
            <POS>CC</POS>
            <NER>O</NER>
            <Speaker>PER0</Speaker>
          </token>
          <token id="25">
            <word>how</word>
            <lemma>how</lemma>
            <CharacterOffsetBegin>12732</CharacterOffsetBegin>
            <CharacterOffsetEnd>12735</CharacterOffsetEnd>
            <POS>WRB</POS>
            <NER>O</NER>
            <Speaker>PER0</Speaker>
          </token>
          <token id="26">
            <word>you</word>
            <lemma>you</lemma>
            <CharacterOffsetBegin>12736</CharacterOffsetBegin>
            <CharacterOffsetEnd>12739</CharacterOffsetEnd>
            <POS>PRP</POS>
            <NER>O</NER>
            <Speaker>PER0</Speaker>
          </token>
          <token id="27">
            <word>would</word>
            <lemma>would</lemma>
            <CharacterOffsetBegin>12740</CharacterOffsetBegin>
            <CharacterOffsetEnd>12745</CharacterOffsetEnd>
            <POS>MD</POS>
            <NER>O</NER>
            <Speaker>PER0</Speaker>
          </token>
          <token id="28">
            <word>make</word>
            <lemma>make</lemma>
            <CharacterOffsetBegin>12746</CharacterOffsetBegin>
            <CharacterOffsetEnd>12750</CharacterOffsetEnd>
            <POS>VB</POS>
            <NER>O</NER>
            <Speaker>PER0</Speaker>
          </token>
          <token id="29">
            <word>decisions</word>
            <lemma>decision</lemma>
            <CharacterOffsetBegin>12751</CharacterOffsetBegin>
            <CharacterOffsetEnd>12760</CharacterOffsetEnd>
            <POS>NNS</POS>
            <NER>O</NER>
            <Speaker>PER0</Speaker>
          </token>
          <token id="30">
            <word>if</word>
            <lemma>if</lemma>
            <CharacterOffsetBegin>12761</CharacterOffsetBegin>
            <CharacterOffsetEnd>12763</CharacterOffsetEnd>
            <POS>IN</POS>
            <NER>O</NER>
            <Speaker>PER0</Speaker>
          </token>
          <token id="31">
            <word>you</word>
            <lemma>you</lemma>
            <CharacterOffsetBegin>12764</CharacterOffsetBegin>
            <CharacterOffsetEnd>12767</CharacterOffsetEnd>
            <POS>PRP</POS>
            <NER>O</NER>
            <Speaker>PER0</Speaker>
          </token>
          <token id="32">
            <word>were</word>
            <lemma>be</lemma>
            <CharacterOffsetBegin>12768</CharacterOffsetBegin>
            <CharacterOffsetEnd>12772</CharacterOffsetEnd>
            <POS>VBD</POS>
            <NER>O</NER>
            <Speaker>PER0</Speaker>
          </token>
          <token id="33">
            <word>put</word>
            <lemma>put</lemma>
            <CharacterOffsetBegin>12773</CharacterOffsetBegin>
            <CharacterOffsetEnd>12776</CharacterOffsetEnd>
            <POS>VBN</POS>
            <NER>O</NER>
            <Speaker>PER0</Speaker>
          </token>
          <token id="34">
            <word>into</word>
            <lemma>into</lemma>
            <CharacterOffsetBegin>12777</CharacterOffsetBegin>
            <CharacterOffsetEnd>12781</CharacterOffsetEnd>
            <POS>IN</POS>
            <NER>O</NER>
            <Speaker>PER0</Speaker>
          </token>
          <token id="35">
            <word>difficult</word>
            <lemma>difficult</lemma>
            <CharacterOffsetBegin>12782</CharacterOffsetBegin>
            <CharacterOffsetEnd>12791</CharacterOffsetEnd>
            <POS>JJ</POS>
            <NER>O</NER>
            <Speaker>PER0</Speaker>
          </token>
          <token id="36">
            <word>situations</word>
            <lemma>situation</lemma>
            <CharacterOffsetBegin>12792</CharacterOffsetBegin>
            <CharacterOffsetEnd>12802</CharacterOffsetEnd>
            <POS>NNS</POS>
            <NER>O</NER>
            <Speaker>PER0</Speaker>
          </token>
          <token id="37">
            <word>.</word>
            <lemma>.</lemma>
            <CharacterOffsetBegin>12802</CharacterOffsetBegin>
            <CharacterOffsetEnd>12803</CharacterOffsetEnd>
            <POS>.</POS>
            <NER>O</NER>
            <Speaker>PER0</Speaker>
          </token>
        </tokens>
        <parse>(ROOT (S (S (NP (PRP It)) (VP (VBD was) (RB n't) (ADVP (RB just)) (NP (NP (DT a) (NN subject)) (SBAR (WHNP (WDT that)) (S (VP (VBZ educates) (NP (PRP you)) (PP (IN on) (NP (NNS theories) (CC and) (NN case) (NNS studies))))))))) (, ,) (NP (PRP it)) (VP (VBD helped) (SBAR (SBAR (S (NP (PRP you)) (VP (VBP understand) (NP (PRP you)) (PP (IN as) (NP (DT a) (NN person)))))) (CC and) (SBAR (WHADVP (WRB how)) (S (NP (PRP you)) (VP (MD would) (VP (VB make) (NP (NNS decisions)) (SBAR (IN if) (S (NP (PRP you)) (VP (VBD were) (VP (VBN put) (PP (IN into) (NP (JJ difficult) (NNS situations))))))))))))) (. .))) </parse>
        <dependencies type="basic-dependencies">
          <dep type="root">
            <governor idx="0">ROOT</governor>
            <dependent idx="17">helped</dependent>
          </dep>
          <dep type="nsubj">
            <governor idx="6">subject</governor>
            <dependent idx="1">It</dependent>
          </dep>
          <dep type="cop">
            <governor idx="6">subject</governor>
            <dependent idx="2">was</dependent>
          </dep>
          <dep type="neg">
            <governor idx="6">subject</governor>
            <dependent idx="3">n't</dependent>
          </dep>
          <dep type="advmod">
            <governor idx="6">subject</governor>
            <dependent idx="4">just</dependent>
          </dep>
          <dep type="det">
            <governor idx="6">subject</governor>
            <dependent idx="5">a</dependent>
          </dep>
          <dep type="ccomp">
            <governor idx="17">helped</governor>
            <dependent idx="6">subject</dependent>
          </dep>
          <dep type="nsubj">
            <governor idx="8">educates</governor>
            <dependent idx="7">that</dependent>
          </dep>
          <dep type="acl:relcl">
            <governor idx="6">subject</governor>
            <dependent idx="8">educates</dependent>
          </dep>
          <dep type="dobj">
            <governor idx="8">educates</governor>
            <dependent idx="9">you</dependent>
          </dep>
          <dep type="case">
            <governor idx="11">theories</governor>
            <dependent idx="10">on</dependent>
          </dep>
          <dep type="nmod">
            <governor idx="8">educates</governor>
            <dependent idx="11">theories</dependent>
          </dep>
          <dep type="cc">
            <governor idx="11">theories</governor>
            <dependent idx="12">and</dependent>
          </dep>
          <dep type="compound">
            <governor idx="14">studies</governor>
            <dependent idx="13">case</dependent>
          </dep>
          <dep type="conj">
            <governor idx="11">theories</governor>
            <dependent idx="14">studies</dependent>
          </dep>
          <dep type="punct">
            <governor idx="17">helped</governor>
            <dependent idx="15">,</dependent>
          </dep>
          <dep type="nsubj">
            <governor idx="17">helped</governor>
            <dependent idx="16">it</dependent>
          </dep>
          <dep type="nsubj">
            <governor idx="19">understand</governor>
            <dependent idx="18">you</dependent>
          </dep>
          <dep type="dep">
            <governor idx="17">helped</governor>
            <dependent idx="19">understand</dependent>
          </dep>
          <dep type="dobj">
            <governor idx="19">understand</governor>
            <dependent idx="20">you</dependent>
          </dep>
          <dep type="case">
            <governor idx="23">person</governor>
            <dependent idx="21">as</dependent>
          </dep>
          <dep type="det">
            <governor idx="23">person</governor>
            <dependent idx="22">a</dependent>
          </dep>
          <dep type="nmod">
            <governor idx="19">understand</governor>
            <dependent idx="23">person</dependent>
          </dep>
          <dep type="cc">
            <governor idx="19">understand</governor>
            <dependent idx="24">and</dependent>
          </dep>
          <dep type="advmod">
            <governor idx="28">make</governor>
            <dependent idx="25">how</dependent>
          </dep>
          <dep type="nsubj">
            <governor idx="28">make</governor>
            <dependent idx="26">you</dependent>
          </dep>
          <dep type="aux">
            <governor idx="28">make</governor>
            <dependent idx="27">would</dependent>
          </dep>
          <dep type="conj">
            <governor idx="19">understand</governor>
            <dependent idx="28">make</dependent>
          </dep>
          <dep type="dobj">
            <governor idx="28">make</governor>
            <dependent idx="29">decisions</dependent>
          </dep>
          <dep type="mark">
            <governor idx="33">put</governor>
            <dependent idx="30">if</dependent>
          </dep>
          <dep type="nsubjpass">
            <governor idx="33">put</governor>
            <dependent idx="31">you</dependent>
          </dep>
          <dep type="auxpass">
            <governor idx="33">put</governor>
            <dependent idx="32">were</dependent>
          </dep>
          <dep type="advcl">
            <governor idx="28">make</governor>
            <dependent idx="33">put</dependent>
          </dep>
          <dep type="case">
            <governor idx="36">situations</governor>
            <dependent idx="34">into</dependent>
          </dep>
          <dep type="amod">
            <governor idx="36">situations</governor>
            <dependent idx="35">difficult</dependent>
          </dep>
          <dep type="nmod">
            <governor idx="33">put</governor>
            <dependent idx="36">situations</dependent>
          </dep>
          <dep type="punct">
            <governor idx="17">helped</governor>
            <dependent idx="37">.</dependent>
          </dep>
        </dependencies>
        <dependencies type="collapsed-dependencies">
          <dep type="root">
            <governor idx="0">ROOT</governor>
            <dependent idx="17">helped</dependent>
          </dep>
          <dep type="nsubj">
            <governor idx="6">subject</governor>
            <dependent idx="1">It</dependent>
          </dep>
          <dep type="cop">
            <governor idx="6">subject</governor>
            <dependent idx="2">was</dependent>
          </dep>
          <dep type="neg">
            <governor idx="6">subject</governor>
            <dependent idx="3">n't</dependent>
          </dep>
          <dep type="advmod">
            <governor idx="6">subject</governor>
            <dependent idx="4">just</dependent>
          </dep>
          <dep type="det">
            <governor idx="6">subject</governor>
            <dependent idx="5">a</dependent>
          </dep>
          <dep type="ccomp">
            <governor idx="17">helped</governor>
            <dependent idx="6">subject</dependent>
          </dep>
          <dep type="nsubj">
            <governor idx="8">educates</governor>
            <dependent idx="7">that</dependent>
          </dep>
          <dep type="acl:relcl">
            <governor idx="6">subject</governor>
            <dependent idx="8">educates</dependent>
          </dep>
          <dep type="dobj">
            <governor idx="8">educates</governor>
            <dependent idx="9">you</dependent>
          </dep>
          <dep type="case">
            <governor idx="11">theories</governor>
            <dependent idx="10">on</dependent>
          </dep>
          <dep type="nmod:on">
            <governor idx="8">educates</governor>
            <dependent idx="11">theories</dependent>
          </dep>
          <dep type="cc">
            <governor idx="11">theories</governor>
            <dependent idx="12">and</dependent>
          </dep>
          <dep type="compound">
            <governor idx="14">studies</governor>
            <dependent idx="13">case</dependent>
          </dep>
          <dep type="conj:and">
            <governor idx="11">theories</governor>
            <dependent idx="14">studies</dependent>
          </dep>
          <dep type="punct">
            <governor idx="17">helped</governor>
            <dependent idx="15">,</dependent>
          </dep>
          <dep type="nsubj">
            <governor idx="17">helped</governor>
            <dependent idx="16">it</dependent>
          </dep>
          <dep type="nsubj">
            <governor idx="19">understand</governor>
            <dependent idx="18">you</dependent>
          </dep>
          <dep type="dep">
            <governor idx="17">helped</governor>
            <dependent idx="19">understand</dependent>
          </dep>
          <dep type="dobj">
            <governor idx="19">understand</governor>
            <dependent idx="20">you</dependent>
          </dep>
          <dep type="case">
            <governor idx="23">person</governor>
            <dependent idx="21">as</dependent>
          </dep>
          <dep type="det">
            <governor idx="23">person</governor>
            <dependent idx="22">a</dependent>
          </dep>
          <dep type="nmod:as">
            <governor idx="19">understand</governor>
            <dependent idx="23">person</dependent>
          </dep>
          <dep type="cc">
            <governor idx="19">understand</governor>
            <dependent idx="24">and</dependent>
          </dep>
          <dep type="advmod">
            <governor idx="28">make</governor>
            <dependent idx="25">how</dependent>
          </dep>
          <dep type="nsubj">
            <governor idx="28">make</governor>
            <dependent idx="26">you</dependent>
          </dep>
          <dep type="aux">
            <governor idx="28">make</governor>
            <dependent idx="27">would</dependent>
          </dep>
          <dep type="conj:and">
            <governor idx="19">understand</governor>
            <dependent idx="28">make</dependent>
          </dep>
          <dep type="dobj">
            <governor idx="28">make</governor>
            <dependent idx="29">decisions</dependent>
          </dep>
          <dep type="mark">
            <governor idx="33">put</governor>
            <dependent idx="30">if</dependent>
          </dep>
          <dep type="nsubjpass">
            <governor idx="33">put</governor>
            <dependent idx="31">you</dependent>
          </dep>
          <dep type="auxpass">
            <governor idx="33">put</governor>
            <dependent idx="32">were</dependent>
          </dep>
          <dep type="advcl">
            <governor idx="28">make</governor>
            <dependent idx="33">put</dependent>
          </dep>
          <dep type="case">
            <governor idx="36">situations</governor>
            <dependent idx="34">into</dependent>
          </dep>
          <dep type="amod">
            <governor idx="36">situations</governor>
            <dependent idx="35">difficult</dependent>
          </dep>
          <dep type="nmod:into">
            <governor idx="33">put</governor>
            <dependent idx="36">situations</dependent>
          </dep>
          <dep type="punct">
            <governor idx="17">helped</governor>
            <dependent idx="37">.</dependent>
          </dep>
        </dependencies>
        <dependencies type="collapsed-ccprocessed-dependencies">
          <dep type="root">
            <governor idx="0">ROOT</governor>
            <dependent idx="17">helped</dependent>
          </dep>
          <dep type="nsubj">
            <governor idx="6">subject</governor>
            <dependent idx="1">It</dependent>
          </dep>
          <dep type="cop">
            <governor idx="6">subject</governor>
            <dependent idx="2">was</dependent>
          </dep>
          <dep type="neg">
            <governor idx="6">subject</governor>
            <dependent idx="3">n't</dependent>
          </dep>
          <dep type="advmod">
            <governor idx="6">subject</governor>
            <dependent idx="4">just</dependent>
          </dep>
          <dep type="det">
            <governor idx="6">subject</governor>
            <dependent idx="5">a</dependent>
          </dep>
          <dep type="ccomp">
            <governor idx="17">helped</governor>
            <dependent idx="6">subject</dependent>
          </dep>
          <dep type="nsubj">
            <governor idx="8">educates</governor>
            <dependent idx="7">that</dependent>
          </dep>
          <dep type="acl:relcl">
            <governor idx="6">subject</governor>
            <dependent idx="8">educates</dependent>
          </dep>
          <dep type="dobj">
            <governor idx="8">educates</governor>
            <dependent idx="9">you</dependent>
          </dep>
          <dep type="case">
            <governor idx="11">theories</governor>
            <dependent idx="10">on</dependent>
          </dep>
          <dep type="nmod:on">
            <governor idx="8">educates</governor>
            <dependent idx="11">theories</dependent>
          </dep>
          <dep type="cc">
            <governor idx="11">theories</governor>
            <dependent idx="12">and</dependent>
          </dep>
          <dep type="compound">
            <governor idx="14">studies</governor>
            <dependent idx="13">case</dependent>
          </dep>
          <dep type="nmod:on" extra="true">
            <governor idx="8">educates</governor>
            <dependent idx="14">studies</dependent>
          </dep>
          <dep type="conj:and">
            <governor idx="11">theories</governor>
            <dependent idx="14">studies</dependent>
          </dep>
          <dep type="punct">
            <governor idx="17">helped</governor>
            <dependent idx="15">,</dependent>
          </dep>
          <dep type="nsubj">
            <governor idx="17">helped</governor>
            <dependent idx="16">it</dependent>
          </dep>
          <dep type="nsubj">
            <governor idx="19">understand</governor>
            <dependent idx="18">you</dependent>
          </dep>
          <dep type="dep">
            <governor idx="17">helped</governor>
            <dependent idx="19">understand</dependent>
          </dep>
          <dep type="dobj">
            <governor idx="19">understand</governor>
            <dependent idx="20">you</dependent>
          </dep>
          <dep type="case">
            <governor idx="23">person</governor>
            <dependent idx="21">as</dependent>
          </dep>
          <dep type="det">
            <governor idx="23">person</governor>
            <dependent idx="22">a</dependent>
          </dep>
          <dep type="nmod:as">
            <governor idx="19">understand</governor>
            <dependent idx="23">person</dependent>
          </dep>
          <dep type="cc">
            <governor idx="19">understand</governor>
            <dependent idx="24">and</dependent>
          </dep>
          <dep type="advmod">
            <governor idx="28">make</governor>
            <dependent idx="25">how</dependent>
          </dep>
          <dep type="nsubj">
            <governor idx="28">make</governor>
            <dependent idx="26">you</dependent>
          </dep>
          <dep type="aux">
            <governor idx="28">make</governor>
            <dependent idx="27">would</dependent>
          </dep>
          <dep type="dep" extra="true">
            <governor idx="17">helped</governor>
            <dependent idx="28">make</dependent>
          </dep>
          <dep type="conj:and">
            <governor idx="19">understand</governor>
            <dependent idx="28">make</dependent>
          </dep>
          <dep type="dobj">
            <governor idx="28">make</governor>
            <dependent idx="29">decisions</dependent>
          </dep>
          <dep type="mark">
            <governor idx="33">put</governor>
            <dependent idx="30">if</dependent>
          </dep>
          <dep type="nsubjpass">
            <governor idx="33">put</governor>
            <dependent idx="31">you</dependent>
          </dep>
          <dep type="auxpass">
            <governor idx="33">put</governor>
            <dependent idx="32">were</dependent>
          </dep>
          <dep type="advcl">
            <governor idx="28">make</governor>
            <dependent idx="33">put</dependent>
          </dep>
          <dep type="case">
            <governor idx="36">situations</governor>
            <dependent idx="34">into</dependent>
          </dep>
          <dep type="amod">
            <governor idx="36">situations</governor>
            <dependent idx="35">difficult</dependent>
          </dep>
          <dep type="nmod:into">
            <governor idx="33">put</governor>
            <dependent idx="36">situations</dependent>
          </dep>
          <dep type="punct">
            <governor idx="17">helped</governor>
            <dependent idx="37">.</dependent>
          </dep>
        </dependencies>
      </sentence>
      <sentence id="121">
        <tokens>
          <token id="1">
            <word>I</word>
            <lemma>I</lemma>
            <CharacterOffsetBegin>12804</CharacterOffsetBegin>
            <CharacterOffsetEnd>12805</CharacterOffsetEnd>
            <POS>PRP</POS>
            <NER>O</NER>
            <Speaker>PER0</Speaker>
          </token>
          <token id="2">
            <word>really</word>
            <lemma>really</lemma>
            <CharacterOffsetBegin>12806</CharacterOffsetBegin>
            <CharacterOffsetEnd>12812</CharacterOffsetEnd>
            <POS>RB</POS>
            <NER>O</NER>
            <Speaker>PER0</Speaker>
          </token>
          <token id="3">
            <word>enjoyed</word>
            <lemma>enjoy</lemma>
            <CharacterOffsetBegin>12813</CharacterOffsetBegin>
            <CharacterOffsetEnd>12820</CharacterOffsetEnd>
            <POS>VBD</POS>
            <NER>O</NER>
            <Speaker>PER0</Speaker>
          </token>
          <token id="4">
            <word>hearing</word>
            <lemma>hearing</lemma>
            <CharacterOffsetBegin>12821</CharacterOffsetBegin>
            <CharacterOffsetEnd>12828</CharacterOffsetEnd>
            <POS>NN</POS>
            <NER>O</NER>
            <Speaker>PER0</Speaker>
          </token>
          <token id="5">
            <word>about</word>
            <lemma>about</lemma>
            <CharacterOffsetBegin>12829</CharacterOffsetBegin>
            <CharacterOffsetEnd>12834</CharacterOffsetEnd>
            <POS>IN</POS>
            <NER>O</NER>
            <Speaker>PER0</Speaker>
          </token>
          <token id="6">
            <word>a</word>
            <lemma>a</lemma>
            <CharacterOffsetBegin>12835</CharacterOffsetBegin>
            <CharacterOffsetEnd>12836</CharacterOffsetEnd>
            <POS>DT</POS>
            <NER>O</NER>
            <Speaker>PER0</Speaker>
          </token>
          <token id="7">
            <word>case</word>
            <lemma>case</lemma>
            <CharacterOffsetBegin>12837</CharacterOffsetBegin>
            <CharacterOffsetEnd>12841</CharacterOffsetEnd>
            <POS>NN</POS>
            <NER>O</NER>
            <Speaker>PER0</Speaker>
          </token>
          <token id="8">
            <word>,</word>
            <lemma>,</lemma>
            <CharacterOffsetBegin>12841</CharacterOffsetBegin>
            <CharacterOffsetEnd>12842</CharacterOffsetEnd>
            <POS>,</POS>
            <NER>O</NER>
            <Speaker>PER0</Speaker>
          </token>
          <token id="9">
            <word>then</word>
            <lemma>then</lemma>
            <CharacterOffsetBegin>12843</CharacterOffsetBegin>
            <CharacterOffsetEnd>12847</CharacterOffsetEnd>
            <POS>RB</POS>
            <NER>O</NER>
            <Speaker>PER0</Speaker>
          </token>
          <token id="10">
            <word>placed</word>
            <lemma>place</lemma>
            <CharacterOffsetBegin>12848</CharacterOffsetBegin>
            <CharacterOffsetEnd>12854</CharacterOffsetEnd>
            <POS>VBD</POS>
            <NER>O</NER>
            <Speaker>PER0</Speaker>
          </token>
          <token id="11">
            <word>into</word>
            <lemma>into</lemma>
            <CharacterOffsetBegin>12855</CharacterOffsetBegin>
            <CharacterOffsetEnd>12859</CharacterOffsetEnd>
            <POS>IN</POS>
            <NER>O</NER>
            <Speaker>PER0</Speaker>
          </token>
          <token id="12">
            <word>the</word>
            <lemma>the</lemma>
            <CharacterOffsetBegin>12860</CharacterOffsetBegin>
            <CharacterOffsetEnd>12863</CharacterOffsetEnd>
            <POS>DT</POS>
            <NER>O</NER>
            <Speaker>PER0</Speaker>
          </token>
          <token id="13">
            <word>case</word>
            <lemma>case</lemma>
            <CharacterOffsetBegin>12864</CharacterOffsetBegin>
            <CharacterOffsetEnd>12868</CharacterOffsetEnd>
            <POS>NN</POS>
            <NER>O</NER>
            <Speaker>PER0</Speaker>
          </token>
          <token id="14">
            <word>and</word>
            <lemma>and</lemma>
            <CharacterOffsetBegin>12869</CharacterOffsetBegin>
            <CharacterOffsetEnd>12872</CharacterOffsetEnd>
            <POS>CC</POS>
            <NER>O</NER>
            <Speaker>PER0</Speaker>
          </token>
          <token id="15">
            <word>developing</word>
            <lemma>develop</lemma>
            <CharacterOffsetBegin>12873</CharacterOffsetBegin>
            <CharacterOffsetEnd>12883</CharacterOffsetEnd>
            <POS>VBG</POS>
            <NER>O</NER>
            <Speaker>PER0</Speaker>
          </token>
          <token id="16">
            <word>an</word>
            <lemma>a</lemma>
            <CharacterOffsetBegin>12884</CharacterOffsetBegin>
            <CharacterOffsetEnd>12886</CharacterOffsetEnd>
            <POS>DT</POS>
            <NER>O</NER>
            <Speaker>PER0</Speaker>
          </token>
          <token id="17">
            <word>action</word>
            <lemma>action</lemma>
            <CharacterOffsetBegin>12887</CharacterOffsetBegin>
            <CharacterOffsetEnd>12893</CharacterOffsetEnd>
            <POS>NN</POS>
            <NER>O</NER>
            <Speaker>PER0</Speaker>
          </token>
          <token id="18">
            <word>plan</word>
            <lemma>plan</lemma>
            <CharacterOffsetBegin>12894</CharacterOffsetBegin>
            <CharacterOffsetEnd>12898</CharacterOffsetEnd>
            <POS>NN</POS>
            <NER>O</NER>
            <Speaker>PER0</Speaker>
          </token>
          <token id="19">
            <word>on</word>
            <lemma>on</lemma>
            <CharacterOffsetBegin>12899</CharacterOffsetBegin>
            <CharacterOffsetEnd>12901</CharacterOffsetEnd>
            <POS>IN</POS>
            <NER>O</NER>
            <Speaker>PER0</Speaker>
          </token>
          <token id="20">
            <word>how</word>
            <lemma>how</lemma>
            <CharacterOffsetBegin>12902</CharacterOffsetBegin>
            <CharacterOffsetEnd>12905</CharacterOffsetEnd>
            <POS>WRB</POS>
            <NER>O</NER>
            <Speaker>PER0</Speaker>
          </token>
          <token id="21">
            <word>to</word>
            <lemma>to</lemma>
            <CharacterOffsetBegin>12906</CharacterOffsetBegin>
            <CharacterOffsetEnd>12908</CharacterOffsetEnd>
            <POS>TO</POS>
            <NER>O</NER>
            <Speaker>PER0</Speaker>
          </token>
          <token id="22">
            <word>manage</word>
            <lemma>manage</lemma>
            <CharacterOffsetBegin>12909</CharacterOffsetBegin>
            <CharacterOffsetEnd>12915</CharacterOffsetEnd>
            <POS>VB</POS>
            <NER>O</NER>
            <Speaker>PER0</Speaker>
          </token>
          <token id="23">
            <word>that</word>
            <lemma>that</lemma>
            <CharacterOffsetBegin>12916</CharacterOffsetBegin>
            <CharacterOffsetEnd>12920</CharacterOffsetEnd>
            <POS>DT</POS>
            <NER>O</NER>
            <Speaker>PER0</Speaker>
          </token>
          <token id="24">
            <word>case</word>
            <lemma>case</lemma>
            <CharacterOffsetBegin>12921</CharacterOffsetBegin>
            <CharacterOffsetEnd>12925</CharacterOffsetEnd>
            <POS>NN</POS>
            <NER>O</NER>
            <Speaker>PER0</Speaker>
          </token>
          <token id="25">
            <word>.</word>
            <lemma>.</lemma>
            <CharacterOffsetBegin>12925</CharacterOffsetBegin>
            <CharacterOffsetEnd>12926</CharacterOffsetEnd>
            <POS>.</POS>
            <NER>O</NER>
            <Speaker>PER0</Speaker>
          </token>
        </tokens>
        <parse>(ROOT (S (NP (PRP I)) (ADVP (RB really)) (VP (VP (VBD enjoyed) (NP (NN hearing)) (PP (IN about) (NP (DT a) (NN case)))) (, ,) (ADVP (RB then)) (VP (VP (VBD placed) (PP (IN into) (NP (DT the) (NN case)))) (CC and) (VP (VBG developing) (NP (DT an) (NN action) (NN plan)) (PP (IN on) (SBAR (WHADVP (WRB how)) (S (VP (TO to) (VP (VB manage) (NP (DT that) (NN case)))))))))) (. .))) </parse>
        <dependencies type="basic-dependencies">
          <dep type="root">
            <governor idx="0">ROOT</governor>
            <dependent idx="3">enjoyed</dependent>
          </dep>
          <dep type="nsubj">
            <governor idx="3">enjoyed</governor>
            <dependent idx="1">I</dependent>
          </dep>
          <dep type="advmod">
            <governor idx="3">enjoyed</governor>
            <dependent idx="2">really</dependent>
          </dep>
          <dep type="dobj">
            <governor idx="3">enjoyed</governor>
            <dependent idx="4">hearing</dependent>
          </dep>
          <dep type="case">
            <governor idx="7">case</governor>
            <dependent idx="5">about</dependent>
          </dep>
          <dep type="det">
            <governor idx="7">case</governor>
            <dependent idx="6">a</dependent>
          </dep>
          <dep type="nmod">
            <governor idx="3">enjoyed</governor>
            <dependent idx="7">case</dependent>
          </dep>
          <dep type="punct">
            <governor idx="3">enjoyed</governor>
            <dependent idx="8">,</dependent>
          </dep>
          <dep type="advmod">
            <governor idx="10">placed</governor>
            <dependent idx="9">then</dependent>
          </dep>
          <dep type="dep">
            <governor idx="3">enjoyed</governor>
            <dependent idx="10">placed</dependent>
          </dep>
          <dep type="case">
            <governor idx="13">case</governor>
            <dependent idx="11">into</dependent>
          </dep>
          <dep type="det">
            <governor idx="13">case</governor>
            <dependent idx="12">the</dependent>
          </dep>
          <dep type="nmod">
            <governor idx="10">placed</governor>
            <dependent idx="13">case</dependent>
          </dep>
          <dep type="cc">
            <governor idx="10">placed</governor>
            <dependent idx="14">and</dependent>
          </dep>
          <dep type="conj">
            <governor idx="10">placed</governor>
            <dependent idx="15">developing</dependent>
          </dep>
          <dep type="det">
            <governor idx="18">plan</governor>
            <dependent idx="16">an</dependent>
          </dep>
          <dep type="compound">
            <governor idx="18">plan</governor>
            <dependent idx="17">action</dependent>
          </dep>
          <dep type="dobj">
            <governor idx="15">developing</governor>
            <dependent idx="18">plan</dependent>
          </dep>
          <dep type="mark">
            <governor idx="22">manage</governor>
            <dependent idx="19">on</dependent>
          </dep>
          <dep type="advmod">
            <governor idx="22">manage</governor>
            <dependent idx="20">how</dependent>
          </dep>
          <dep type="mark">
            <governor idx="22">manage</governor>
            <dependent idx="21">to</dependent>
          </dep>
          <dep type="advcl">
            <governor idx="15">developing</governor>
            <dependent idx="22">manage</dependent>
          </dep>
          <dep type="det">
            <governor idx="24">case</governor>
            <dependent idx="23">that</dependent>
          </dep>
          <dep type="dobj">
            <governor idx="22">manage</governor>
            <dependent idx="24">case</dependent>
          </dep>
          <dep type="punct">
            <governor idx="3">enjoyed</governor>
            <dependent idx="25">.</dependent>
          </dep>
        </dependencies>
        <dependencies type="collapsed-dependencies">
          <dep type="root">
            <governor idx="0">ROOT</governor>
            <dependent idx="3">enjoyed</dependent>
          </dep>
          <dep type="nsubj">
            <governor idx="3">enjoyed</governor>
            <dependent idx="1">I</dependent>
          </dep>
          <dep type="advmod">
            <governor idx="3">enjoyed</governor>
            <dependent idx="2">really</dependent>
          </dep>
          <dep type="dobj">
            <governor idx="3">enjoyed</governor>
            <dependent idx="4">hearing</dependent>
          </dep>
          <dep type="case">
            <governor idx="7">case</governor>
            <dependent idx="5">about</dependent>
          </dep>
          <dep type="det">
            <governor idx="7">case</governor>
            <dependent idx="6">a</dependent>
          </dep>
          <dep type="nmod:about">
            <governor idx="3">enjoyed</governor>
            <dependent idx="7">case</dependent>
          </dep>
          <dep type="punct">
            <governor idx="3">enjoyed</governor>
            <dependent idx="8">,</dependent>
          </dep>
          <dep type="advmod">
            <governor idx="10">placed</governor>
            <dependent idx="9">then</dependent>
          </dep>
          <dep type="dep">
            <governor idx="3">enjoyed</governor>
            <dependent idx="10">placed</dependent>
          </dep>
          <dep type="case">
            <governor idx="13">case</governor>
            <dependent idx="11">into</dependent>
          </dep>
          <dep type="det">
            <governor idx="13">case</governor>
            <dependent idx="12">the</dependent>
          </dep>
          <dep type="nmod:into">
            <governor idx="10">placed</governor>
            <dependent idx="13">case</dependent>
          </dep>
          <dep type="cc">
            <governor idx="10">placed</governor>
            <dependent idx="14">and</dependent>
          </dep>
          <dep type="conj:and">
            <governor idx="10">placed</governor>
            <dependent idx="15">developing</dependent>
          </dep>
          <dep type="det">
            <governor idx="18">plan</governor>
            <dependent idx="16">an</dependent>
          </dep>
          <dep type="compound">
            <governor idx="18">plan</governor>
            <dependent idx="17">action</dependent>
          </dep>
          <dep type="dobj">
            <governor idx="15">developing</governor>
            <dependent idx="18">plan</dependent>
          </dep>
          <dep type="mark">
            <governor idx="22">manage</governor>
            <dependent idx="19">on</dependent>
          </dep>
          <dep type="advmod">
            <governor idx="22">manage</governor>
            <dependent idx="20">how</dependent>
          </dep>
          <dep type="mark">
            <governor idx="22">manage</governor>
            <dependent idx="21">to</dependent>
          </dep>
          <dep type="advcl">
            <governor idx="15">developing</governor>
            <dependent idx="22">manage</dependent>
          </dep>
          <dep type="det">
            <governor idx="24">case</governor>
            <dependent idx="23">that</dependent>
          </dep>
          <dep type="dobj">
            <governor idx="22">manage</governor>
            <dependent idx="24">case</dependent>
          </dep>
          <dep type="punct">
            <governor idx="3">enjoyed</governor>
            <dependent idx="25">.</dependent>
          </dep>
        </dependencies>
        <dependencies type="collapsed-ccprocessed-dependencies">
          <dep type="root">
            <governor idx="0">ROOT</governor>
            <dependent idx="3">enjoyed</dependent>
          </dep>
          <dep type="nsubj">
            <governor idx="3">enjoyed</governor>
            <dependent idx="1">I</dependent>
          </dep>
          <dep type="advmod">
            <governor idx="3">enjoyed</governor>
            <dependent idx="2">really</dependent>
          </dep>
          <dep type="dobj">
            <governor idx="3">enjoyed</governor>
            <dependent idx="4">hearing</dependent>
          </dep>
          <dep type="case">
            <governor idx="7">case</governor>
            <dependent idx="5">about</dependent>
          </dep>
          <dep type="det">
            <governor idx="7">case</governor>
            <dependent idx="6">a</dependent>
          </dep>
          <dep type="nmod:about">
            <governor idx="3">enjoyed</governor>
            <dependent idx="7">case</dependent>
          </dep>
          <dep type="punct">
            <governor idx="3">enjoyed</governor>
            <dependent idx="8">,</dependent>
          </dep>
          <dep type="advmod">
            <governor idx="10">placed</governor>
            <dependent idx="9">then</dependent>
          </dep>
          <dep type="dep">
            <governor idx="3">enjoyed</governor>
            <dependent idx="10">placed</dependent>
          </dep>
          <dep type="case">
            <governor idx="13">case</governor>
            <dependent idx="11">into</dependent>
          </dep>
          <dep type="det">
            <governor idx="13">case</governor>
            <dependent idx="12">the</dependent>
          </dep>
          <dep type="nmod:into">
            <governor idx="10">placed</governor>
            <dependent idx="13">case</dependent>
          </dep>
          <dep type="cc">
            <governor idx="10">placed</governor>
            <dependent idx="14">and</dependent>
          </dep>
          <dep type="dep" extra="true">
            <governor idx="3">enjoyed</governor>
            <dependent idx="15">developing</dependent>
          </dep>
          <dep type="conj:and">
            <governor idx="10">placed</governor>
            <dependent idx="15">developing</dependent>
          </dep>
          <dep type="det">
            <governor idx="18">plan</governor>
            <dependent idx="16">an</dependent>
          </dep>
          <dep type="compound">
            <governor idx="18">plan</governor>
            <dependent idx="17">action</dependent>
          </dep>
          <dep type="dobj">
            <governor idx="15">developing</governor>
            <dependent idx="18">plan</dependent>
          </dep>
          <dep type="mark">
            <governor idx="22">manage</governor>
            <dependent idx="19">on</dependent>
          </dep>
          <dep type="advmod">
            <governor idx="22">manage</governor>
            <dependent idx="20">how</dependent>
          </dep>
          <dep type="mark">
            <governor idx="22">manage</governor>
            <dependent idx="21">to</dependent>
          </dep>
          <dep type="advcl">
            <governor idx="15">developing</governor>
            <dependent idx="22">manage</dependent>
          </dep>
          <dep type="det">
            <governor idx="24">case</governor>
            <dependent idx="23">that</dependent>
          </dep>
          <dep type="dobj">
            <governor idx="22">manage</governor>
            <dependent idx="24">case</dependent>
          </dep>
          <dep type="punct">
            <governor idx="3">enjoyed</governor>
            <dependent idx="25">.</dependent>
          </dep>
        </dependencies>
      </sentence>
      <sentence id="122">
        <tokens>
          <token id="1">
            <word>In</word>
            <lemma>in</lemma>
            <CharacterOffsetBegin>12927</CharacterOffsetBegin>
            <CharacterOffsetEnd>12929</CharacterOffsetEnd>
            <POS>IN</POS>
            <NER>O</NER>
            <Speaker>PER0</Speaker>
          </token>
          <token id="2">
            <word>particular</word>
            <lemma>particular</lemma>
            <CharacterOffsetBegin>12930</CharacterOffsetBegin>
            <CharacterOffsetEnd>12940</CharacterOffsetEnd>
            <POS>JJ</POS>
            <NER>O</NER>
            <Speaker>PER0</Speaker>
          </token>
          <token id="3">
            <word>I</word>
            <lemma>I</lemma>
            <CharacterOffsetBegin>12941</CharacterOffsetBegin>
            <CharacterOffsetEnd>12942</CharacterOffsetEnd>
            <POS>PRP</POS>
            <NER>O</NER>
            <Speaker>PER0</Speaker>
          </token>
          <token id="4">
            <word>really</word>
            <lemma>really</lemma>
            <CharacterOffsetBegin>12943</CharacterOffsetBegin>
            <CharacterOffsetEnd>12949</CharacterOffsetEnd>
            <POS>RB</POS>
            <NER>O</NER>
            <Speaker>PER0</Speaker>
          </token>
          <token id="5">
            <word>enjoyed</word>
            <lemma>enjoy</lemma>
            <CharacterOffsetBegin>12950</CharacterOffsetBegin>
            <CharacterOffsetEnd>12957</CharacterOffsetEnd>
            <POS>VBD</POS>
            <NER>O</NER>
            <Speaker>PER0</Speaker>
          </token>
          <token id="6">
            <word>hearing</word>
            <lemma>hearing</lemma>
            <CharacterOffsetBegin>12958</CharacterOffsetBegin>
            <CharacterOffsetEnd>12965</CharacterOffsetEnd>
            <POS>NN</POS>
            <NER>O</NER>
            <Speaker>PER0</Speaker>
          </token>
          <token id="7">
            <word>about</word>
            <lemma>about</lemma>
            <CharacterOffsetBegin>12966</CharacterOffsetBegin>
            <CharacterOffsetEnd>12971</CharacterOffsetEnd>
            <POS>IN</POS>
            <NER>O</NER>
            <Speaker>PER0</Speaker>
          </token>
          <token id="8">
            <word>the</word>
            <lemma>the</lemma>
            <CharacterOffsetBegin>12972</CharacterOffsetBegin>
            <CharacterOffsetEnd>12975</CharacterOffsetEnd>
            <POS>DT</POS>
            <NER>O</NER>
            <Speaker>PER0</Speaker>
          </token>
          <token id="9">
            <word>pharmaceutical</word>
            <lemma>pharmaceutical</lemma>
            <CharacterOffsetBegin>12976</CharacterOffsetBegin>
            <CharacterOffsetEnd>12990</CharacterOffsetEnd>
            <POS>JJ</POS>
            <NER>O</NER>
            <Speaker>PER0</Speaker>
          </token>
          <token id="10">
            <word>case</word>
            <lemma>case</lemma>
            <CharacterOffsetBegin>12991</CharacterOffsetBegin>
            <CharacterOffsetEnd>12995</CharacterOffsetEnd>
            <POS>NN</POS>
            <NER>O</NER>
            <Speaker>PER0</Speaker>
          </token>
          <token id="11">
            <word>study</word>
            <lemma>study</lemma>
            <CharacterOffsetBegin>12996</CharacterOffsetBegin>
            <CharacterOffsetEnd>13001</CharacterOffsetEnd>
            <POS>NN</POS>
            <NER>O</NER>
            <Speaker>PER0</Speaker>
          </token>
          <token id="12">
            <word>in</word>
            <lemma>in</lemma>
            <CharacterOffsetBegin>13002</CharacterOffsetBegin>
            <CharacterOffsetEnd>13004</CharacterOffsetEnd>
            <POS>IN</POS>
            <NER>O</NER>
            <Speaker>PER0</Speaker>
          </token>
          <token id="13">
            <word>our</word>
            <lemma>we</lemma>
            <CharacterOffsetBegin>13005</CharacterOffsetBegin>
            <CharacterOffsetEnd>13008</CharacterOffsetEnd>
            <POS>PRP$</POS>
            <NER>O</NER>
            <Speaker>PER0</Speaker>
          </token>
          <token id="14">
            <word>last</word>
            <lemma>last</lemma>
            <CharacterOffsetBegin>13009</CharacterOffsetBegin>
            <CharacterOffsetEnd>13013</CharacterOffsetEnd>
            <POS>JJ</POS>
            <NER>O</NER>
            <Speaker>PER0</Speaker>
          </token>
          <token id="15">
            <word>tutorial</word>
            <lemma>tutorial</lemma>
            <CharacterOffsetBegin>13014</CharacterOffsetBegin>
            <CharacterOffsetEnd>13022</CharacterOffsetEnd>
            <POS>NN</POS>
            <NER>O</NER>
            <Speaker>PER0</Speaker>
          </token>
          <token id="16">
            <word>.</word>
            <lemma>.</lemma>
            <CharacterOffsetBegin>13022</CharacterOffsetBegin>
            <CharacterOffsetEnd>13023</CharacterOffsetEnd>
            <POS>.</POS>
            <NER>O</NER>
            <Speaker>PER0</Speaker>
          </token>
        </tokens>
        <parse>(ROOT (S (PP (IN In) (ADJP (JJ particular))) (NP (PRP I)) (ADVP (RB really)) (VP (VBD enjoyed) (NP (NN hearing)) (PP (IN about) (NP (DT the) (JJ pharmaceutical) (NN case) (NN study))) (PP (IN in) (NP (PRP$ our) (JJ last) (NN tutorial)))) (. .))) </parse>
        <dependencies type="basic-dependencies">
          <dep type="root">
            <governor idx="0">ROOT</governor>
            <dependent idx="5">enjoyed</dependent>
          </dep>
          <dep type="case">
            <governor idx="2">particular</governor>
            <dependent idx="1">In</dependent>
          </dep>
          <dep type="advcl">
            <governor idx="5">enjoyed</governor>
            <dependent idx="2">particular</dependent>
          </dep>
          <dep type="nsubj">
            <governor idx="5">enjoyed</governor>
            <dependent idx="3">I</dependent>
          </dep>
          <dep type="advmod">
            <governor idx="5">enjoyed</governor>
            <dependent idx="4">really</dependent>
          </dep>
          <dep type="dobj">
            <governor idx="5">enjoyed</governor>
            <dependent idx="6">hearing</dependent>
          </dep>
          <dep type="case">
            <governor idx="11">study</governor>
            <dependent idx="7">about</dependent>
          </dep>
          <dep type="det">
            <governor idx="11">study</governor>
            <dependent idx="8">the</dependent>
          </dep>
          <dep type="amod">
            <governor idx="11">study</governor>
            <dependent idx="9">pharmaceutical</dependent>
          </dep>
          <dep type="compound">
            <governor idx="11">study</governor>
            <dependent idx="10">case</dependent>
          </dep>
          <dep type="nmod">
            <governor idx="5">enjoyed</governor>
            <dependent idx="11">study</dependent>
          </dep>
          <dep type="case">
            <governor idx="15">tutorial</governor>
            <dependent idx="12">in</dependent>
          </dep>
          <dep type="nmod:poss">
            <governor idx="15">tutorial</governor>
            <dependent idx="13">our</dependent>
          </dep>
          <dep type="amod">
            <governor idx="15">tutorial</governor>
            <dependent idx="14">last</dependent>
          </dep>
          <dep type="nmod">
            <governor idx="5">enjoyed</governor>
            <dependent idx="15">tutorial</dependent>
          </dep>
          <dep type="punct">
            <governor idx="5">enjoyed</governor>
            <dependent idx="16">.</dependent>
          </dep>
        </dependencies>
        <dependencies type="collapsed-dependencies">
          <dep type="root">
            <governor idx="0">ROOT</governor>
            <dependent idx="5">enjoyed</dependent>
          </dep>
          <dep type="case">
            <governor idx="2">particular</governor>
            <dependent idx="1">In</dependent>
          </dep>
          <dep type="advcl:in">
            <governor idx="5">enjoyed</governor>
            <dependent idx="2">particular</dependent>
          </dep>
          <dep type="nsubj">
            <governor idx="5">enjoyed</governor>
            <dependent idx="3">I</dependent>
          </dep>
          <dep type="advmod">
            <governor idx="5">enjoyed</governor>
            <dependent idx="4">really</dependent>
          </dep>
          <dep type="dobj">
            <governor idx="5">enjoyed</governor>
            <dependent idx="6">hearing</dependent>
          </dep>
          <dep type="case">
            <governor idx="11">study</governor>
            <dependent idx="7">about</dependent>
          </dep>
          <dep type="det">
            <governor idx="11">study</governor>
            <dependent idx="8">the</dependent>
          </dep>
          <dep type="amod">
            <governor idx="11">study</governor>
            <dependent idx="9">pharmaceutical</dependent>
          </dep>
          <dep type="compound">
            <governor idx="11">study</governor>
            <dependent idx="10">case</dependent>
          </dep>
          <dep type="nmod:about">
            <governor idx="5">enjoyed</governor>
            <dependent idx="11">study</dependent>
          </dep>
          <dep type="case">
            <governor idx="15">tutorial</governor>
            <dependent idx="12">in</dependent>
          </dep>
          <dep type="nmod:poss">
            <governor idx="15">tutorial</governor>
            <dependent idx="13">our</dependent>
          </dep>
          <dep type="amod">
            <governor idx="15">tutorial</governor>
            <dependent idx="14">last</dependent>
          </dep>
          <dep type="nmod:in">
            <governor idx="5">enjoyed</governor>
            <dependent idx="15">tutorial</dependent>
          </dep>
          <dep type="punct">
            <governor idx="5">enjoyed</governor>
            <dependent idx="16">.</dependent>
          </dep>
        </dependencies>
        <dependencies type="collapsed-ccprocessed-dependencies">
          <dep type="root">
            <governor idx="0">ROOT</governor>
            <dependent idx="5">enjoyed</dependent>
          </dep>
          <dep type="case">
            <governor idx="2">particular</governor>
            <dependent idx="1">In</dependent>
          </dep>
          <dep type="advcl:in">
            <governor idx="5">enjoyed</governor>
            <dependent idx="2">particular</dependent>
          </dep>
          <dep type="nsubj">
            <governor idx="5">enjoyed</governor>
            <dependent idx="3">I</dependent>
          </dep>
          <dep type="advmod">
            <governor idx="5">enjoyed</governor>
            <dependent idx="4">really</dependent>
          </dep>
          <dep type="dobj">
            <governor idx="5">enjoyed</governor>
            <dependent idx="6">hearing</dependent>
          </dep>
          <dep type="case">
            <governor idx="11">study</governor>
            <dependent idx="7">about</dependent>
          </dep>
          <dep type="det">
            <governor idx="11">study</governor>
            <dependent idx="8">the</dependent>
          </dep>
          <dep type="amod">
            <governor idx="11">study</governor>
            <dependent idx="9">pharmaceutical</dependent>
          </dep>
          <dep type="compound">
            <governor idx="11">study</governor>
            <dependent idx="10">case</dependent>
          </dep>
          <dep type="nmod:about">
            <governor idx="5">enjoyed</governor>
            <dependent idx="11">study</dependent>
          </dep>
          <dep type="case">
            <governor idx="15">tutorial</governor>
            <dependent idx="12">in</dependent>
          </dep>
          <dep type="nmod:poss">
            <governor idx="15">tutorial</governor>
            <dependent idx="13">our</dependent>
          </dep>
          <dep type="amod">
            <governor idx="15">tutorial</governor>
            <dependent idx="14">last</dependent>
          </dep>
          <dep type="nmod:in">
            <governor idx="5">enjoyed</governor>
            <dependent idx="15">tutorial</dependent>
          </dep>
          <dep type="punct">
            <governor idx="5">enjoyed</governor>
            <dependent idx="16">.</dependent>
          </dep>
        </dependencies>
      </sentence>
      <sentence id="123">
        <tokens>
          <token id="1">
            <word>It</word>
            <lemma>it</lemma>
            <CharacterOffsetBegin>13024</CharacterOffsetBegin>
            <CharacterOffsetEnd>13026</CharacterOffsetEnd>
            <POS>PRP</POS>
            <NER>O</NER>
            <Speaker>PER0</Speaker>
          </token>
          <token id="2">
            <word>was</word>
            <lemma>be</lemma>
            <CharacterOffsetBegin>13027</CharacterOffsetBegin>
            <CharacterOffsetEnd>13030</CharacterOffsetEnd>
            <POS>VBD</POS>
            <NER>O</NER>
            <Speaker>PER0</Speaker>
          </token>
          <token id="3">
            <word>exciting</word>
            <lemma>exciting</lemma>
            <CharacterOffsetBegin>13031</CharacterOffsetBegin>
            <CharacterOffsetEnd>13039</CharacterOffsetEnd>
            <POS>JJ</POS>
            <NER>O</NER>
            <Speaker>PER0</Speaker>
          </token>
          <token id="4">
            <word>to</word>
            <lemma>to</lemma>
            <CharacterOffsetBegin>13040</CharacterOffsetBegin>
            <CharacterOffsetEnd>13042</CharacterOffsetEnd>
            <POS>TO</POS>
            <NER>O</NER>
            <Speaker>PER0</Speaker>
          </token>
          <token id="5">
            <word>be</word>
            <lemma>be</lemma>
            <CharacterOffsetBegin>13043</CharacterOffsetBegin>
            <CharacterOffsetEnd>13045</CharacterOffsetEnd>
            <POS>VB</POS>
            <NER>O</NER>
            <Speaker>PER0</Speaker>
          </token>
          <token id="6">
            <word>given</word>
            <lemma>give</lemma>
            <CharacterOffsetBegin>13046</CharacterOffsetBegin>
            <CharacterOffsetEnd>13051</CharacterOffsetEnd>
            <POS>VBN</POS>
            <NER>O</NER>
            <Speaker>PER0</Speaker>
          </token>
          <token id="7">
            <word>a</word>
            <lemma>a</lemma>
            <CharacterOffsetBegin>13052</CharacterOffsetBegin>
            <CharacterOffsetEnd>13053</CharacterOffsetEnd>
            <POS>DT</POS>
            <NER>O</NER>
            <Speaker>PER0</Speaker>
          </token>
          <token id="8">
            <word>scenario</word>
            <lemma>scenario</lemma>
            <CharacterOffsetBegin>13054</CharacterOffsetBegin>
            <CharacterOffsetEnd>13062</CharacterOffsetEnd>
            <POS>NN</POS>
            <NER>O</NER>
            <Speaker>PER0</Speaker>
          </token>
          <token id="9">
            <word>to</word>
            <lemma>to</lemma>
            <CharacterOffsetBegin>13063</CharacterOffsetBegin>
            <CharacterOffsetEnd>13065</CharacterOffsetEnd>
            <POS>TO</POS>
            <NER>O</NER>
            <Speaker>PER0</Speaker>
          </token>
          <token id="10">
            <word>think</word>
            <lemma>think</lemma>
            <CharacterOffsetBegin>13066</CharacterOffsetBegin>
            <CharacterOffsetEnd>13071</CharacterOffsetEnd>
            <POS>VB</POS>
            <NER>O</NER>
            <Speaker>PER0</Speaker>
          </token>
          <token id="11">
            <word>on</word>
            <lemma>on</lemma>
            <CharacterOffsetBegin>13072</CharacterOffsetBegin>
            <CharacterOffsetEnd>13074</CharacterOffsetEnd>
            <POS>IN</POS>
            <NER>O</NER>
            <Speaker>PER0</Speaker>
          </token>
          <token id="12">
            <word>your</word>
            <lemma>you</lemma>
            <CharacterOffsetBegin>13075</CharacterOffsetBegin>
            <CharacterOffsetEnd>13079</CharacterOffsetEnd>
            <POS>PRP$</POS>
            <NER>O</NER>
            <Speaker>PER0</Speaker>
          </token>
          <token id="13">
            <word>feet</word>
            <lemma>foot</lemma>
            <CharacterOffsetBegin>13080</CharacterOffsetBegin>
            <CharacterOffsetEnd>13084</CharacterOffsetEnd>
            <POS>NNS</POS>
            <NER>O</NER>
            <Speaker>PER0</Speaker>
          </token>
          <token id="14">
            <word>.</word>
            <lemma>.</lemma>
            <CharacterOffsetBegin>13084</CharacterOffsetBegin>
            <CharacterOffsetEnd>13085</CharacterOffsetEnd>
            <POS>.</POS>
            <NER>O</NER>
            <Speaker>PER0</Speaker>
          </token>
        </tokens>
        <parse>(ROOT (S (NP (PRP It)) (VP (VBD was) (ADJP (JJ exciting) (S (VP (TO to) (VP (VB be) (VP (VBN given) (NP (DT a) (NN scenario) (S (VP (TO to) (VP (VB think) (PP (IN on) (NP (PRP$ your) (NNS feet))))))))))))) (. .))) </parse>
        <dependencies type="basic-dependencies">
          <dep type="root">
            <governor idx="0">ROOT</governor>
            <dependent idx="3">exciting</dependent>
          </dep>
          <dep type="nsubj">
            <governor idx="3">exciting</governor>
            <dependent idx="1">It</dependent>
          </dep>
          <dep type="cop">
            <governor idx="3">exciting</governor>
            <dependent idx="2">was</dependent>
          </dep>
          <dep type="mark">
            <governor idx="6">given</governor>
            <dependent idx="4">to</dependent>
          </dep>
          <dep type="auxpass">
            <governor idx="6">given</governor>
            <dependent idx="5">be</dependent>
          </dep>
          <dep type="xcomp">
            <governor idx="3">exciting</governor>
            <dependent idx="6">given</dependent>
          </dep>
          <dep type="det">
            <governor idx="8">scenario</governor>
            <dependent idx="7">a</dependent>
          </dep>
          <dep type="dobj">
            <governor idx="6">given</governor>
            <dependent idx="8">scenario</dependent>
          </dep>
          <dep type="mark">
            <governor idx="10">think</governor>
            <dependent idx="9">to</dependent>
          </dep>
          <dep type="acl">
            <governor idx="8">scenario</governor>
            <dependent idx="10">think</dependent>
          </dep>
          <dep type="case">
            <governor idx="13">feet</governor>
            <dependent idx="11">on</dependent>
          </dep>
          <dep type="nmod:poss">
            <governor idx="13">feet</governor>
            <dependent idx="12">your</dependent>
          </dep>
          <dep type="nmod">
            <governor idx="10">think</governor>
            <dependent idx="13">feet</dependent>
          </dep>
          <dep type="punct">
            <governor idx="3">exciting</governor>
            <dependent idx="14">.</dependent>
          </dep>
        </dependencies>
        <dependencies type="collapsed-dependencies">
          <dep type="root">
            <governor idx="0">ROOT</governor>
            <dependent idx="3">exciting</dependent>
          </dep>
          <dep type="nsubj">
            <governor idx="3">exciting</governor>
            <dependent idx="1">It</dependent>
          </dep>
          <dep type="cop">
            <governor idx="3">exciting</governor>
            <dependent idx="2">was</dependent>
          </dep>
          <dep type="mark">
            <governor idx="6">given</governor>
            <dependent idx="4">to</dependent>
          </dep>
          <dep type="auxpass">
            <governor idx="6">given</governor>
            <dependent idx="5">be</dependent>
          </dep>
          <dep type="xcomp">
            <governor idx="3">exciting</governor>
            <dependent idx="6">given</dependent>
          </dep>
          <dep type="det">
            <governor idx="8">scenario</governor>
            <dependent idx="7">a</dependent>
          </dep>
          <dep type="dobj">
            <governor idx="6">given</governor>
            <dependent idx="8">scenario</dependent>
          </dep>
          <dep type="mark">
            <governor idx="10">think</governor>
            <dependent idx="9">to</dependent>
          </dep>
          <dep type="acl">
            <governor idx="8">scenario</governor>
            <dependent idx="10">think</dependent>
          </dep>
          <dep type="case">
            <governor idx="13">feet</governor>
            <dependent idx="11">on</dependent>
          </dep>
          <dep type="nmod:poss">
            <governor idx="13">feet</governor>
            <dependent idx="12">your</dependent>
          </dep>
          <dep type="nmod:on">
            <governor idx="10">think</governor>
            <dependent idx="13">feet</dependent>
          </dep>
          <dep type="punct">
            <governor idx="3">exciting</governor>
            <dependent idx="14">.</dependent>
          </dep>
        </dependencies>
        <dependencies type="collapsed-ccprocessed-dependencies">
          <dep type="root">
            <governor idx="0">ROOT</governor>
            <dependent idx="3">exciting</dependent>
          </dep>
          <dep type="nsubj">
            <governor idx="3">exciting</governor>
            <dependent idx="1">It</dependent>
          </dep>
          <dep type="cop">
            <governor idx="3">exciting</governor>
            <dependent idx="2">was</dependent>
          </dep>
          <dep type="mark">
            <governor idx="6">given</governor>
            <dependent idx="4">to</dependent>
          </dep>
          <dep type="auxpass">
            <governor idx="6">given</governor>
            <dependent idx="5">be</dependent>
          </dep>
          <dep type="xcomp">
            <governor idx="3">exciting</governor>
            <dependent idx="6">given</dependent>
          </dep>
          <dep type="det">
            <governor idx="8">scenario</governor>
            <dependent idx="7">a</dependent>
          </dep>
          <dep type="dobj">
            <governor idx="6">given</governor>
            <dependent idx="8">scenario</dependent>
          </dep>
          <dep type="mark">
            <governor idx="10">think</governor>
            <dependent idx="9">to</dependent>
          </dep>
          <dep type="acl">
            <governor idx="8">scenario</governor>
            <dependent idx="10">think</dependent>
          </dep>
          <dep type="case">
            <governor idx="13">feet</governor>
            <dependent idx="11">on</dependent>
          </dep>
          <dep type="nmod:poss">
            <governor idx="13">feet</governor>
            <dependent idx="12">your</dependent>
          </dep>
          <dep type="nmod:on">
            <governor idx="10">think</governor>
            <dependent idx="13">feet</dependent>
          </dep>
          <dep type="punct">
            <governor idx="3">exciting</governor>
            <dependent idx="14">.</dependent>
          </dep>
        </dependencies>
      </sentence>
      <sentence id="124">
        <tokens>
          <token id="1">
            <word>Reflecting</word>
            <lemma>reflect</lemma>
            <CharacterOffsetBegin>13086</CharacterOffsetBegin>
            <CharacterOffsetEnd>13096</CharacterOffsetEnd>
            <POS>VBG</POS>
            <NER>O</NER>
            <Speaker>PER0</Speaker>
          </token>
          <token id="2">
            <word>back</word>
            <lemma>back</lemma>
            <CharacterOffsetBegin>13097</CharacterOffsetBegin>
            <CharacterOffsetEnd>13101</CharacterOffsetEnd>
            <POS>RB</POS>
            <NER>O</NER>
            <Speaker>PER0</Speaker>
          </token>
          <token id="3">
            <word>on</word>
            <lemma>on</lemma>
            <CharacterOffsetBegin>13102</CharacterOffsetBegin>
            <CharacterOffsetEnd>13104</CharacterOffsetEnd>
            <POS>IN</POS>
            <NER>O</NER>
            <Speaker>PER0</Speaker>
          </token>
          <token id="4">
            <word>the</word>
            <lemma>the</lemma>
            <CharacterOffsetBegin>13105</CharacterOffsetBegin>
            <CharacterOffsetEnd>13108</CharacterOffsetEnd>
            <POS>DT</POS>
            <NER>O</NER>
            <Speaker>PER0</Speaker>
          </token>
          <token id="5">
            <word>entire</word>
            <lemma>entire</lemma>
            <CharacterOffsetBegin>13109</CharacterOffsetBegin>
            <CharacterOffsetEnd>13115</CharacterOffsetEnd>
            <POS>JJ</POS>
            <NER>O</NER>
            <Speaker>PER0</Speaker>
          </token>
          <token id="6">
            <word>subject</word>
            <lemma>subject</lemma>
            <CharacterOffsetBegin>13116</CharacterOffsetBegin>
            <CharacterOffsetEnd>13123</CharacterOffsetEnd>
            <POS>NN</POS>
            <NER>O</NER>
            <Speaker>PER0</Speaker>
          </token>
          <token id="7">
            <word>,</word>
            <lemma>,</lemma>
            <CharacterOffsetBegin>13123</CharacterOffsetBegin>
            <CharacterOffsetEnd>13124</CharacterOffsetEnd>
            <POS>,</POS>
            <NER>O</NER>
            <Speaker>PER0</Speaker>
          </token>
          <token id="8">
            <word>I</word>
            <lemma>I</lemma>
            <CharacterOffsetBegin>13125</CharacterOffsetBegin>
            <CharacterOffsetEnd>13126</CharacterOffsetEnd>
            <POS>PRP</POS>
            <NER>O</NER>
            <Speaker>PER0</Speaker>
          </token>
          <token id="9">
            <word>myself</word>
            <lemma>myself</lemma>
            <CharacterOffsetBegin>13127</CharacterOffsetBegin>
            <CharacterOffsetEnd>13133</CharacterOffsetEnd>
            <POS>PRP</POS>
            <NER>O</NER>
            <Speaker>PER0</Speaker>
          </token>
          <token id="10">
            <word>personally</word>
            <lemma>personally</lemma>
            <CharacterOffsetBegin>13134</CharacterOffsetBegin>
            <CharacterOffsetEnd>13144</CharacterOffsetEnd>
            <POS>RB</POS>
            <NER>O</NER>
            <Speaker>PER0</Speaker>
          </token>
          <token id="11">
            <word>felt</word>
            <lemma>feel</lemma>
            <CharacterOffsetBegin>13145</CharacterOffsetBegin>
            <CharacterOffsetEnd>13149</CharacterOffsetEnd>
            <POS>VBD</POS>
            <NER>O</NER>
            <Speaker>PER0</Speaker>
          </token>
          <token id="12">
            <word>I</word>
            <lemma>I</lemma>
            <CharacterOffsetBegin>13150</CharacterOffsetBegin>
            <CharacterOffsetEnd>13151</CharacterOffsetEnd>
            <POS>PRP</POS>
            <NER>O</NER>
            <Speaker>PER0</Speaker>
          </token>
          <token id="13">
            <word>would</word>
            <lemma>would</lemma>
            <CharacterOffsetBegin>13152</CharacterOffsetBegin>
            <CharacterOffsetEnd>13157</CharacterOffsetEnd>
            <POS>MD</POS>
            <NER>O</NER>
            <Speaker>PER0</Speaker>
          </token>
          <token id="14">
            <word>have</word>
            <lemma>have</lemma>
            <CharacterOffsetBegin>13158</CharacterOffsetBegin>
            <CharacterOffsetEnd>13162</CharacterOffsetEnd>
            <POS>VB</POS>
            <NER>O</NER>
            <Speaker>PER0</Speaker>
          </token>
          <token id="15">
            <word>liked</word>
            <lemma>like</lemma>
            <CharacterOffsetBegin>13163</CharacterOffsetBegin>
            <CharacterOffsetEnd>13168</CharacterOffsetEnd>
            <POS>VBN</POS>
            <NER>O</NER>
            <Speaker>PER0</Speaker>
          </token>
          <token id="16">
            <word>to</word>
            <lemma>to</lemma>
            <CharacterOffsetBegin>13169</CharacterOffsetBegin>
            <CharacterOffsetEnd>13171</CharacterOffsetEnd>
            <POS>TO</POS>
            <NER>O</NER>
            <Speaker>PER0</Speaker>
          </token>
          <token id="17">
            <word>see</word>
            <lemma>see</lemma>
            <CharacterOffsetBegin>13172</CharacterOffsetBegin>
            <CharacterOffsetEnd>13175</CharacterOffsetEnd>
            <POS>VB</POS>
            <NER>O</NER>
            <Speaker>PER0</Speaker>
          </token>
          <token id="18">
            <word>myself</word>
            <lemma>myself</lemma>
            <CharacterOffsetBegin>13176</CharacterOffsetBegin>
            <CharacterOffsetEnd>13182</CharacterOffsetEnd>
            <POS>PRP</POS>
            <NER>O</NER>
            <Speaker>PER0</Speaker>
          </token>
          <token id="19">
            <word>contribute</word>
            <lemma>contribute</lemma>
            <CharacterOffsetBegin>13183</CharacterOffsetBegin>
            <CharacterOffsetEnd>13193</CharacterOffsetEnd>
            <POS>VB</POS>
            <NER>O</NER>
            <Speaker>PER0</Speaker>
          </token>
          <token id="20">
            <word>verbally</word>
            <lemma>verbally</lemma>
            <CharacterOffsetBegin>13194</CharacterOffsetBegin>
            <CharacterOffsetEnd>13202</CharacterOffsetEnd>
            <POS>RB</POS>
            <NER>O</NER>
            <Speaker>PER0</Speaker>
          </token>
          <token id="21">
            <word>more</word>
            <lemma>more</lemma>
            <CharacterOffsetBegin>13203</CharacterOffsetBegin>
            <CharacterOffsetEnd>13207</CharacterOffsetEnd>
            <POS>JJR</POS>
            <NER>O</NER>
            <Speaker>PER0</Speaker>
          </token>
          <token id="22">
            <word>to</word>
            <lemma>to</lemma>
            <CharacterOffsetBegin>13208</CharacterOffsetBegin>
            <CharacterOffsetEnd>13210</CharacterOffsetEnd>
            <POS>TO</POS>
            <NER>O</NER>
            <Speaker>PER0</Speaker>
          </token>
          <token id="23">
            <word>the</word>
            <lemma>the</lemma>
            <CharacterOffsetBegin>13211</CharacterOffsetBegin>
            <CharacterOffsetEnd>13214</CharacterOffsetEnd>
            <POS>DT</POS>
            <NER>O</NER>
            <Speaker>PER0</Speaker>
          </token>
          <token id="24">
            <word>wider</word>
            <lemma>wider</lemma>
            <CharacterOffsetBegin>13215</CharacterOffsetBegin>
            <CharacterOffsetEnd>13220</CharacterOffsetEnd>
            <POS>JJR</POS>
            <NER>O</NER>
            <Speaker>PER0</Speaker>
          </token>
          <token id="25">
            <word>class</word>
            <lemma>class</lemma>
            <CharacterOffsetBegin>13221</CharacterOffsetBegin>
            <CharacterOffsetEnd>13226</CharacterOffsetEnd>
            <POS>NN</POS>
            <NER>O</NER>
            <Speaker>PER0</Speaker>
          </token>
          <token id="26">
            <word>.</word>
            <lemma>.</lemma>
            <CharacterOffsetBegin>13226</CharacterOffsetBegin>
            <CharacterOffsetEnd>13227</CharacterOffsetEnd>
            <POS>.</POS>
            <NER>O</NER>
            <Speaker>PER0</Speaker>
          </token>
        </tokens>
        <parse>(ROOT (S (S (VP (VBG Reflecting) (ADVP (RB back)) (PP (IN on) (NP (DT the) (JJ entire) (NN subject))))) (, ,) (S (S (NP (PRP I))) (NP (PRP myself)) (ADVP (RB personally)) (VP (VBD felt) (SBAR (S (NP (PRP I)) (VP (MD would) (VP (VB have) (VP (VBN liked) (S (VP (TO to) (VP (VB see) (S (NP (PRP myself)) (VP (VB contribute) (ADVP (RB verbally)) (PP (ADVP (JJR more)) (TO to) (NP (DT the) (JJR wider) (NN class))))))))))))))) (. .))) </parse>
        <dependencies type="basic-dependencies">
          <dep type="root">
            <governor idx="0">ROOT</governor>
            <dependent idx="1">Reflecting</dependent>
          </dep>
          <dep type="advmod">
            <governor idx="1">Reflecting</governor>
            <dependent idx="2">back</dependent>
          </dep>
          <dep type="case">
            <governor idx="6">subject</governor>
            <dependent idx="3">on</dependent>
          </dep>
          <dep type="det">
            <governor idx="6">subject</governor>
            <dependent idx="4">the</dependent>
          </dep>
          <dep type="amod">
            <governor idx="6">subject</governor>
            <dependent idx="5">entire</dependent>
          </dep>
          <dep type="nmod">
            <governor idx="1">Reflecting</governor>
            <dependent idx="6">subject</dependent>
          </dep>
          <dep type="punct">
            <governor idx="1">Reflecting</governor>
            <dependent idx="7">,</dependent>
          </dep>
          <dep type="dep">
            <governor idx="11">felt</governor>
            <dependent idx="8">I</dependent>
          </dep>
          <dep type="nsubj">
            <governor idx="11">felt</governor>
            <dependent idx="9">myself</dependent>
          </dep>
          <dep type="advmod">
            <governor idx="11">felt</governor>
            <dependent idx="10">personally</dependent>
          </dep>
          <dep type="parataxis">
            <governor idx="1">Reflecting</governor>
            <dependent idx="11">felt</dependent>
          </dep>
          <dep type="nsubj">
            <governor idx="15">liked</governor>
            <dependent idx="12">I</dependent>
          </dep>
          <dep type="aux">
            <governor idx="15">liked</governor>
            <dependent idx="13">would</dependent>
          </dep>
          <dep type="aux">
            <governor idx="15">liked</governor>
            <dependent idx="14">have</dependent>
          </dep>
          <dep type="ccomp">
            <governor idx="11">felt</governor>
            <dependent idx="15">liked</dependent>
          </dep>
          <dep type="mark">
            <governor idx="17">see</governor>
            <dependent idx="16">to</dependent>
          </dep>
          <dep type="xcomp">
            <governor idx="15">liked</governor>
            <dependent idx="17">see</dependent>
          </dep>
          <dep type="nsubj">
            <governor idx="19">contribute</governor>
            <dependent idx="18">myself</dependent>
          </dep>
          <dep type="ccomp">
            <governor idx="17">see</governor>
            <dependent idx="19">contribute</dependent>
          </dep>
          <dep type="advmod">
            <governor idx="19">contribute</governor>
            <dependent idx="20">verbally</dependent>
          </dep>
          <dep type="advmod">
            <governor idx="25">class</governor>
            <dependent idx="21">more</dependent>
          </dep>
          <dep type="case">
            <governor idx="25">class</governor>
            <dependent idx="22">to</dependent>
          </dep>
          <dep type="det">
            <governor idx="25">class</governor>
            <dependent idx="23">the</dependent>
          </dep>
          <dep type="amod">
            <governor idx="25">class</governor>
            <dependent idx="24">wider</dependent>
          </dep>
          <dep type="nmod">
            <governor idx="19">contribute</governor>
            <dependent idx="25">class</dependent>
          </dep>
          <dep type="punct">
            <governor idx="1">Reflecting</governor>
            <dependent idx="26">.</dependent>
          </dep>
        </dependencies>
        <dependencies type="collapsed-dependencies">
          <dep type="root">
            <governor idx="0">ROOT</governor>
            <dependent idx="1">Reflecting</dependent>
          </dep>
          <dep type="advmod">
            <governor idx="1">Reflecting</governor>
            <dependent idx="2">back</dependent>
          </dep>
          <dep type="case">
            <governor idx="6">subject</governor>
            <dependent idx="3">on</dependent>
          </dep>
          <dep type="det">
            <governor idx="6">subject</governor>
            <dependent idx="4">the</dependent>
          </dep>
          <dep type="amod">
            <governor idx="6">subject</governor>
            <dependent idx="5">entire</dependent>
          </dep>
          <dep type="nmod:on">
            <governor idx="1">Reflecting</governor>
            <dependent idx="6">subject</dependent>
          </dep>
          <dep type="punct">
            <governor idx="1">Reflecting</governor>
            <dependent idx="7">,</dependent>
          </dep>
          <dep type="dep">
            <governor idx="11">felt</governor>
            <dependent idx="8">I</dependent>
          </dep>
          <dep type="nsubj">
            <governor idx="11">felt</governor>
            <dependent idx="9">myself</dependent>
          </dep>
          <dep type="advmod">
            <governor idx="11">felt</governor>
            <dependent idx="10">personally</dependent>
          </dep>
          <dep type="parataxis">
            <governor idx="1">Reflecting</governor>
            <dependent idx="11">felt</dependent>
          </dep>
          <dep type="nsubj">
            <governor idx="15">liked</governor>
            <dependent idx="12">I</dependent>
          </dep>
          <dep type="aux">
            <governor idx="15">liked</governor>
            <dependent idx="13">would</dependent>
          </dep>
          <dep type="aux">
            <governor idx="15">liked</governor>
            <dependent idx="14">have</dependent>
          </dep>
          <dep type="ccomp">
            <governor idx="11">felt</governor>
            <dependent idx="15">liked</dependent>
          </dep>
          <dep type="mark">
            <governor idx="17">see</governor>
            <dependent idx="16">to</dependent>
          </dep>
          <dep type="xcomp">
            <governor idx="15">liked</governor>
            <dependent idx="17">see</dependent>
          </dep>
          <dep type="nsubj">
            <governor idx="19">contribute</governor>
            <dependent idx="18">myself</dependent>
          </dep>
          <dep type="ccomp">
            <governor idx="17">see</governor>
            <dependent idx="19">contribute</dependent>
          </dep>
          <dep type="advmod">
            <governor idx="19">contribute</governor>
            <dependent idx="20">verbally</dependent>
          </dep>
          <dep type="advmod">
            <governor idx="25">class</governor>
            <dependent idx="21">more</dependent>
          </dep>
          <dep type="case">
            <governor idx="25">class</governor>
            <dependent idx="22">to</dependent>
          </dep>
          <dep type="det">
            <governor idx="25">class</governor>
            <dependent idx="23">the</dependent>
          </dep>
          <dep type="amod">
            <governor idx="25">class</governor>
            <dependent idx="24">wider</dependent>
          </dep>
          <dep type="nmod:to">
            <governor idx="19">contribute</governor>
            <dependent idx="25">class</dependent>
          </dep>
          <dep type="punct">
            <governor idx="1">Reflecting</governor>
            <dependent idx="26">.</dependent>
          </dep>
        </dependencies>
        <dependencies type="collapsed-ccprocessed-dependencies">
          <dep type="root">
            <governor idx="0">ROOT</governor>
            <dependent idx="1">Reflecting</dependent>
          </dep>
          <dep type="advmod">
            <governor idx="1">Reflecting</governor>
            <dependent idx="2">back</dependent>
          </dep>
          <dep type="case">
            <governor idx="6">subject</governor>
            <dependent idx="3">on</dependent>
          </dep>
          <dep type="det">
            <governor idx="6">subject</governor>
            <dependent idx="4">the</dependent>
          </dep>
          <dep type="amod">
            <governor idx="6">subject</governor>
            <dependent idx="5">entire</dependent>
          </dep>
          <dep type="nmod:on">
            <governor idx="1">Reflecting</governor>
            <dependent idx="6">subject</dependent>
          </dep>
          <dep type="punct">
            <governor idx="1">Reflecting</governor>
            <dependent idx="7">,</dependent>
          </dep>
          <dep type="dep">
            <governor idx="11">felt</governor>
            <dependent idx="8">I</dependent>
          </dep>
          <dep type="nsubj">
            <governor idx="11">felt</governor>
            <dependent idx="9">myself</dependent>
          </dep>
          <dep type="advmod">
            <governor idx="11">felt</governor>
            <dependent idx="10">personally</dependent>
          </dep>
          <dep type="parataxis">
            <governor idx="1">Reflecting</governor>
            <dependent idx="11">felt</dependent>
          </dep>
          <dep type="nsubj">
            <governor idx="15">liked</governor>
            <dependent idx="12">I</dependent>
          </dep>
          <dep type="aux">
            <governor idx="15">liked</governor>
            <dependent idx="13">would</dependent>
          </dep>
          <dep type="aux">
            <governor idx="15">liked</governor>
            <dependent idx="14">have</dependent>
          </dep>
          <dep type="ccomp">
            <governor idx="11">felt</governor>
            <dependent idx="15">liked</dependent>
          </dep>
          <dep type="mark">
            <governor idx="17">see</governor>
            <dependent idx="16">to</dependent>
          </dep>
          <dep type="xcomp">
            <governor idx="15">liked</governor>
            <dependent idx="17">see</dependent>
          </dep>
          <dep type="nsubj">
            <governor idx="19">contribute</governor>
            <dependent idx="18">myself</dependent>
          </dep>
          <dep type="ccomp">
            <governor idx="17">see</governor>
            <dependent idx="19">contribute</dependent>
          </dep>
          <dep type="advmod">
            <governor idx="19">contribute</governor>
            <dependent idx="20">verbally</dependent>
          </dep>
          <dep type="advmod">
            <governor idx="25">class</governor>
            <dependent idx="21">more</dependent>
          </dep>
          <dep type="case">
            <governor idx="25">class</governor>
            <dependent idx="22">to</dependent>
          </dep>
          <dep type="det">
            <governor idx="25">class</governor>
            <dependent idx="23">the</dependent>
          </dep>
          <dep type="amod">
            <governor idx="25">class</governor>
            <dependent idx="24">wider</dependent>
          </dep>
          <dep type="nmod:to">
            <governor idx="19">contribute</governor>
            <dependent idx="25">class</dependent>
          </dep>
          <dep type="punct">
            <governor idx="1">Reflecting</governor>
            <dependent idx="26">.</dependent>
          </dep>
        </dependencies>
      </sentence>
      <sentence id="125">
        <tokens>
          <token id="1">
            <word>I</word>
            <lemma>I</lemma>
            <CharacterOffsetBegin>13228</CharacterOffsetBegin>
            <CharacterOffsetEnd>13229</CharacterOffsetEnd>
            <POS>PRP</POS>
            <NER>O</NER>
            <Speaker>PER0</Speaker>
          </token>
          <token id="2">
            <word>have</word>
            <lemma>have</lemma>
            <CharacterOffsetBegin>13230</CharacterOffsetBegin>
            <CharacterOffsetEnd>13234</CharacterOffsetEnd>
            <POS>VBP</POS>
            <NER>O</NER>
            <Speaker>PER0</Speaker>
          </token>
          <token id="3">
            <word>no</word>
            <lemma>no</lemma>
            <CharacterOffsetBegin>13235</CharacterOffsetBegin>
            <CharacterOffsetEnd>13237</CharacterOffsetEnd>
            <POS>DT</POS>
            <NER>O</NER>
            <Speaker>PER0</Speaker>
          </token>
          <token id="4">
            <word>idea</word>
            <lemma>idea</lemma>
            <CharacterOffsetBegin>13238</CharacterOffsetBegin>
            <CharacterOffsetEnd>13242</CharacterOffsetEnd>
            <POS>NN</POS>
            <NER>O</NER>
            <Speaker>PER0</Speaker>
          </token>
          <token id="5">
            <word>why</word>
            <lemma>why</lemma>
            <CharacterOffsetBegin>13243</CharacterOffsetBegin>
            <CharacterOffsetEnd>13246</CharacterOffsetEnd>
            <POS>WRB</POS>
            <NER>O</NER>
            <Speaker>PER0</Speaker>
          </token>
          <token id="6">
            <word>I</word>
            <lemma>I</lemma>
            <CharacterOffsetBegin>13247</CharacterOffsetBegin>
            <CharacterOffsetEnd>13248</CharacterOffsetEnd>
            <POS>PRP</POS>
            <NER>O</NER>
            <Speaker>PER0</Speaker>
          </token>
          <token id="7">
            <word>do</word>
            <lemma>do</lemma>
            <CharacterOffsetBegin>13249</CharacterOffsetBegin>
            <CharacterOffsetEnd>13251</CharacterOffsetEnd>
            <POS>VBP</POS>
            <NER>O</NER>
            <Speaker>PER0</Speaker>
          </token>
          <token id="8">
            <word>n't</word>
            <lemma>not</lemma>
            <CharacterOffsetBegin>13251</CharacterOffsetBegin>
            <CharacterOffsetEnd>13254</CharacterOffsetEnd>
            <POS>RB</POS>
            <NER>O</NER>
            <Speaker>PER0</Speaker>
          </token>
          <token id="9">
            <word>,</word>
            <lemma>,</lemma>
            <CharacterOffsetBegin>13254</CharacterOffsetBegin>
            <CharacterOffsetEnd>13255</CharacterOffsetEnd>
            <POS>,</POS>
            <NER>O</NER>
            <Speaker>PER0</Speaker>
          </token>
          <token id="10">
            <word>but</word>
            <lemma>but</lemma>
            <CharacterOffsetBegin>13256</CharacterOffsetBegin>
            <CharacterOffsetEnd>13259</CharacterOffsetEnd>
            <POS>CC</POS>
            <NER>O</NER>
            <Speaker>PER0</Speaker>
          </token>
          <token id="11">
            <word>most</word>
            <lemma>most</lemma>
            <CharacterOffsetBegin>13260</CharacterOffsetBegin>
            <CharacterOffsetEnd>13264</CharacterOffsetEnd>
            <POS>JJS</POS>
            <NER>O</NER>
            <Speaker>PER0</Speaker>
          </token>
          <token id="12">
            <word>of</word>
            <lemma>of</lemma>
            <CharacterOffsetBegin>13265</CharacterOffsetBegin>
            <CharacterOffsetEnd>13267</CharacterOffsetEnd>
            <POS>IN</POS>
            <NER>O</NER>
            <Speaker>PER0</Speaker>
          </token>
          <token id="13">
            <word>the</word>
            <lemma>the</lemma>
            <CharacterOffsetBegin>13268</CharacterOffsetBegin>
            <CharacterOffsetEnd>13271</CharacterOffsetEnd>
            <POS>DT</POS>
            <NER>O</NER>
            <Speaker>PER0</Speaker>
          </token>
          <token id="14">
            <word>times</word>
            <lemma>time</lemma>
            <CharacterOffsetBegin>13272</CharacterOffsetBegin>
            <CharacterOffsetEnd>13277</CharacterOffsetEnd>
            <POS>NNS</POS>
            <NER>O</NER>
            <Speaker>PER0</Speaker>
          </token>
          <token id="15">
            <word>I</word>
            <lemma>I</lemma>
            <CharacterOffsetBegin>13278</CharacterOffsetBegin>
            <CharacterOffsetEnd>13279</CharacterOffsetEnd>
            <POS>PRP</POS>
            <NER>O</NER>
            <Speaker>PER0</Speaker>
          </token>
          <token id="16">
            <word>prefer</word>
            <lemma>prefer</lemma>
            <CharacterOffsetBegin>13280</CharacterOffsetBegin>
            <CharacterOffsetEnd>13286</CharacterOffsetEnd>
            <POS>VBP</POS>
            <NER>O</NER>
            <Speaker>PER0</Speaker>
          </token>
          <token id="17">
            <word>to</word>
            <lemma>to</lemma>
            <CharacterOffsetBegin>13287</CharacterOffsetBegin>
            <CharacterOffsetEnd>13289</CharacterOffsetEnd>
            <POS>TO</POS>
            <NER>O</NER>
            <Speaker>PER0</Speaker>
          </token>
          <token id="18">
            <word>sit</word>
            <lemma>sit</lemma>
            <CharacterOffsetBegin>13290</CharacterOffsetBegin>
            <CharacterOffsetEnd>13293</CharacterOffsetEnd>
            <POS>VB</POS>
            <NER>O</NER>
            <Speaker>PER0</Speaker>
          </token>
          <token id="19">
            <word>quietly</word>
            <lemma>quietly</lemma>
            <CharacterOffsetBegin>13294</CharacterOffsetBegin>
            <CharacterOffsetEnd>13301</CharacterOffsetEnd>
            <POS>RB</POS>
            <NER>O</NER>
            <Speaker>PER0</Speaker>
          </token>
          <token id="20">
            <word>,</word>
            <lemma>,</lemma>
            <CharacterOffsetBegin>13301</CharacterOffsetBegin>
            <CharacterOffsetEnd>13302</CharacterOffsetEnd>
            <POS>,</POS>
            <NER>O</NER>
            <Speaker>PER0</Speaker>
          </token>
          <token id="21">
            <word>listen</word>
            <lemma>listen</lemma>
            <CharacterOffsetBegin>13303</CharacterOffsetBegin>
            <CharacterOffsetEnd>13309</CharacterOffsetEnd>
            <POS>VBP</POS>
            <NER>O</NER>
            <Speaker>PER0</Speaker>
          </token>
          <token id="22">
            <word>,</word>
            <lemma>,</lemma>
            <CharacterOffsetBegin>13309</CharacterOffsetBegin>
            <CharacterOffsetEnd>13310</CharacterOffsetEnd>
            <POS>,</POS>
            <NER>O</NER>
            <Speaker>PER0</Speaker>
          </token>
          <token id="23">
            <word>reflect</word>
            <lemma>reflect</lemma>
            <CharacterOffsetBegin>13311</CharacterOffsetBegin>
            <CharacterOffsetEnd>13318</CharacterOffsetEnd>
            <POS>VBP</POS>
            <NER>O</NER>
            <Speaker>PER0</Speaker>
          </token>
          <token id="24">
            <word>and</word>
            <lemma>and</lemma>
            <CharacterOffsetBegin>13319</CharacterOffsetBegin>
            <CharacterOffsetEnd>13322</CharacterOffsetEnd>
            <POS>CC</POS>
            <NER>O</NER>
            <Speaker>PER0</Speaker>
          </token>
          <token id="25">
            <word>then</word>
            <lemma>then</lemma>
            <CharacterOffsetBegin>13323</CharacterOffsetBegin>
            <CharacterOffsetEnd>13327</CharacterOffsetEnd>
            <POS>RB</POS>
            <NER>O</NER>
            <Speaker>PER0</Speaker>
          </token>
          <token id="26">
            <word>contribute</word>
            <lemma>contribute</lemma>
            <CharacterOffsetBegin>13328</CharacterOffsetBegin>
            <CharacterOffsetEnd>13338</CharacterOffsetEnd>
            <POS>VBP</POS>
            <NER>O</NER>
            <Speaker>PER0</Speaker>
          </token>
          <token id="27">
            <word>.</word>
            <lemma>.</lemma>
            <CharacterOffsetBegin>13338</CharacterOffsetBegin>
            <CharacterOffsetEnd>13339</CharacterOffsetEnd>
            <POS>.</POS>
            <NER>O</NER>
            <Speaker>PER0</Speaker>
          </token>
        </tokens>
        <parse>(ROOT (S (S (NP (PRP I)) (VP (VBP have) (NP (NP (DT no) (NN idea)) (SBAR (WHADVP (WRB why)) (S (NP (PRP I)) (VP (VBP do) (RB n't))))))) (, ,) (CC but) (S (NP (NP (JJS most)) (PP (IN of) (NP (DT the) (NNS times)))) (PRN (S (NP (PRP I)) (VP (VBP prefer) (S (VP (TO to) (VP (VB sit) (ADVP (RB quietly))))))) (, ,)) (VP (VP (VBP listen)) (, ,) (VP (VBP reflect)) (CC and) (VP (ADVP (RB then)) (VBP contribute)))) (. .))) </parse>
        <dependencies type="basic-dependencies">
          <dep type="root">
            <governor idx="0">ROOT</governor>
            <dependent idx="2">have</dependent>
          </dep>
          <dep type="nsubj">
            <governor idx="2">have</governor>
            <dependent idx="1">I</dependent>
          </dep>
          <dep type="neg">
            <governor idx="4">idea</governor>
            <dependent idx="3">no</dependent>
          </dep>
          <dep type="dobj">
            <governor idx="2">have</governor>
            <dependent idx="4">idea</dependent>
          </dep>
          <dep type="advmod">
            <governor idx="7">do</governor>
            <dependent idx="5">why</dependent>
          </dep>
          <dep type="nsubj">
            <governor idx="7">do</governor>
            <dependent idx="6">I</dependent>
          </dep>
          <dep type="acl:relcl">
            <governor idx="4">idea</governor>
            <dependent idx="7">do</dependent>
          </dep>
          <dep type="neg">
            <governor idx="7">do</governor>
            <dependent idx="8">n't</dependent>
          </dep>
          <dep type="punct">
            <governor idx="2">have</governor>
            <dependent idx="9">,</dependent>
          </dep>
          <dep type="cc">
            <governor idx="2">have</governor>
            <dependent idx="10">but</dependent>
          </dep>
          <dep type="nsubj">
            <governor idx="21">listen</governor>
            <dependent idx="11">most</dependent>
          </dep>
          <dep type="case">
            <governor idx="14">times</governor>
            <dependent idx="12">of</dependent>
          </dep>
          <dep type="det">
            <governor idx="14">times</governor>
            <dependent idx="13">the</dependent>
          </dep>
          <dep type="nmod">
            <governor idx="11">most</governor>
            <dependent idx="14">times</dependent>
          </dep>
          <dep type="nsubj">
            <governor idx="16">prefer</governor>
            <dependent idx="15">I</dependent>
          </dep>
          <dep type="parataxis">
            <governor idx="21">listen</governor>
            <dependent idx="16">prefer</dependent>
          </dep>
          <dep type="mark">
            <governor idx="18">sit</governor>
            <dependent idx="17">to</dependent>
          </dep>
          <dep type="xcomp">
            <governor idx="16">prefer</governor>
            <dependent idx="18">sit</dependent>
          </dep>
          <dep type="advmod">
            <governor idx="18">sit</governor>
            <dependent idx="19">quietly</dependent>
          </dep>
          <dep type="punct">
            <governor idx="16">prefer</governor>
            <dependent idx="20">,</dependent>
          </dep>
          <dep type="conj">
            <governor idx="2">have</governor>
            <dependent idx="21">listen</dependent>
          </dep>
          <dep type="punct">
            <governor idx="21">listen</governor>
            <dependent idx="22">,</dependent>
          </dep>
          <dep type="conj">
            <governor idx="21">listen</governor>
            <dependent idx="23">reflect</dependent>
          </dep>
          <dep type="cc">
            <governor idx="21">listen</governor>
            <dependent idx="24">and</dependent>
          </dep>
          <dep type="advmod">
            <governor idx="26">contribute</governor>
            <dependent idx="25">then</dependent>
          </dep>
          <dep type="conj">
            <governor idx="21">listen</governor>
            <dependent idx="26">contribute</dependent>
          </dep>
          <dep type="punct">
            <governor idx="2">have</governor>
            <dependent idx="27">.</dependent>
          </dep>
        </dependencies>
        <dependencies type="collapsed-dependencies">
          <dep type="root">
            <governor idx="0">ROOT</governor>
            <dependent idx="2">have</dependent>
          </dep>
          <dep type="nsubj">
            <governor idx="2">have</governor>
            <dependent idx="1">I</dependent>
          </dep>
          <dep type="neg">
            <governor idx="4">idea</governor>
            <dependent idx="3">no</dependent>
          </dep>
          <dep type="dobj">
            <governor idx="2">have</governor>
            <dependent idx="4">idea</dependent>
          </dep>
          <dep type="advmod">
            <governor idx="7">do</governor>
            <dependent idx="5">why</dependent>
          </dep>
          <dep type="nsubj">
            <governor idx="7">do</governor>
            <dependent idx="6">I</dependent>
          </dep>
          <dep type="acl:relcl">
            <governor idx="4">idea</governor>
            <dependent idx="7">do</dependent>
          </dep>
          <dep type="neg">
            <governor idx="7">do</governor>
            <dependent idx="8">n't</dependent>
          </dep>
          <dep type="punct">
            <governor idx="2">have</governor>
            <dependent idx="9">,</dependent>
          </dep>
          <dep type="cc">
            <governor idx="2">have</governor>
            <dependent idx="10">but</dependent>
          </dep>
          <dep type="nsubj">
            <governor idx="21">listen</governor>
            <dependent idx="11">most</dependent>
          </dep>
          <dep type="case">
            <governor idx="14">times</governor>
            <dependent idx="12">of</dependent>
          </dep>
          <dep type="det">
            <governor idx="14">times</governor>
            <dependent idx="13">the</dependent>
          </dep>
          <dep type="nmod:of">
            <governor idx="11">most</governor>
            <dependent idx="14">times</dependent>
          </dep>
          <dep type="nsubj">
            <governor idx="16">prefer</governor>
            <dependent idx="15">I</dependent>
          </dep>
          <dep type="parataxis">
            <governor idx="21">listen</governor>
            <dependent idx="16">prefer</dependent>
          </dep>
          <dep type="mark">
            <governor idx="18">sit</governor>
            <dependent idx="17">to</dependent>
          </dep>
          <dep type="xcomp">
            <governor idx="16">prefer</governor>
            <dependent idx="18">sit</dependent>
          </dep>
          <dep type="advmod">
            <governor idx="18">sit</governor>
            <dependent idx="19">quietly</dependent>
          </dep>
          <dep type="punct">
            <governor idx="16">prefer</governor>
            <dependent idx="20">,</dependent>
          </dep>
          <dep type="conj:but">
            <governor idx="2">have</governor>
            <dependent idx="21">listen</dependent>
          </dep>
          <dep type="punct">
            <governor idx="21">listen</governor>
            <dependent idx="22">,</dependent>
          </dep>
          <dep type="conj:and">
            <governor idx="21">listen</governor>
            <dependent idx="23">reflect</dependent>
          </dep>
          <dep type="cc">
            <governor idx="21">listen</governor>
            <dependent idx="24">and</dependent>
          </dep>
          <dep type="advmod">
            <governor idx="26">contribute</governor>
            <dependent idx="25">then</dependent>
          </dep>
          <dep type="conj:and">
            <governor idx="21">listen</governor>
            <dependent idx="26">contribute</dependent>
          </dep>
          <dep type="punct">
            <governor idx="2">have</governor>
            <dependent idx="27">.</dependent>
          </dep>
        </dependencies>
        <dependencies type="collapsed-ccprocessed-dependencies">
          <dep type="root">
            <governor idx="0">ROOT</governor>
            <dependent idx="2">have</dependent>
          </dep>
          <dep type="nsubj">
            <governor idx="2">have</governor>
            <dependent idx="1">I</dependent>
          </dep>
          <dep type="neg">
            <governor idx="4">idea</governor>
            <dependent idx="3">no</dependent>
          </dep>
          <dep type="dobj">
            <governor idx="2">have</governor>
            <dependent idx="4">idea</dependent>
          </dep>
          <dep type="advmod">
            <governor idx="7">do</governor>
            <dependent idx="5">why</dependent>
          </dep>
          <dep type="nsubj">
            <governor idx="7">do</governor>
            <dependent idx="6">I</dependent>
          </dep>
          <dep type="acl:relcl">
            <governor idx="4">idea</governor>
            <dependent idx="7">do</dependent>
          </dep>
          <dep type="neg">
            <governor idx="7">do</governor>
            <dependent idx="8">n't</dependent>
          </dep>
          <dep type="punct">
            <governor idx="2">have</governor>
            <dependent idx="9">,</dependent>
          </dep>
          <dep type="cc">
            <governor idx="2">have</governor>
            <dependent idx="10">but</dependent>
          </dep>
          <dep type="nsubj">
            <governor idx="21">listen</governor>
            <dependent idx="11">most</dependent>
          </dep>
          <dep type="nsubj" extra="true">
            <governor idx="23">reflect</governor>
            <dependent idx="11">most</dependent>
          </dep>
          <dep type="nsubj" extra="true">
            <governor idx="26">contribute</governor>
            <dependent idx="11">most</dependent>
          </dep>
          <dep type="case">
            <governor idx="14">times</governor>
            <dependent idx="12">of</dependent>
          </dep>
          <dep type="det">
            <governor idx="14">times</governor>
            <dependent idx="13">the</dependent>
          </dep>
          <dep type="nmod:of">
            <governor idx="11">most</governor>
            <dependent idx="14">times</dependent>
          </dep>
          <dep type="nsubj">
            <governor idx="16">prefer</governor>
            <dependent idx="15">I</dependent>
          </dep>
          <dep type="parataxis">
            <governor idx="21">listen</governor>
            <dependent idx="16">prefer</dependent>
          </dep>
          <dep type="mark">
            <governor idx="18">sit</governor>
            <dependent idx="17">to</dependent>
          </dep>
          <dep type="xcomp">
            <governor idx="16">prefer</governor>
            <dependent idx="18">sit</dependent>
          </dep>
          <dep type="advmod">
            <governor idx="18">sit</governor>
            <dependent idx="19">quietly</dependent>
          </dep>
          <dep type="punct">
            <governor idx="16">prefer</governor>
            <dependent idx="20">,</dependent>
          </dep>
          <dep type="conj:but">
            <governor idx="2">have</governor>
            <dependent idx="21">listen</dependent>
          </dep>
          <dep type="punct">
            <governor idx="21">listen</governor>
            <dependent idx="22">,</dependent>
          </dep>
          <dep type="conj:but" extra="true">
            <governor idx="2">have</governor>
            <dependent idx="23">reflect</dependent>
          </dep>
          <dep type="conj:and">
            <governor idx="21">listen</governor>
            <dependent idx="23">reflect</dependent>
          </dep>
          <dep type="cc">
            <governor idx="21">listen</governor>
            <dependent idx="24">and</dependent>
          </dep>
          <dep type="advmod">
            <governor idx="26">contribute</governor>
            <dependent idx="25">then</dependent>
          </dep>
          <dep type="conj:but" extra="true">
            <governor idx="2">have</governor>
            <dependent idx="26">contribute</dependent>
          </dep>
          <dep type="conj:and">
            <governor idx="21">listen</governor>
            <dependent idx="26">contribute</dependent>
          </dep>
          <dep type="punct">
            <governor idx="2">have</governor>
            <dependent idx="27">.</dependent>
          </dep>
        </dependencies>
      </sentence>
      <sentence id="126">
        <tokens>
          <token id="1">
            <word>I</word>
            <lemma>I</lemma>
            <CharacterOffsetBegin>13341</CharacterOffsetBegin>
            <CharacterOffsetEnd>13342</CharacterOffsetEnd>
            <POS>PRP</POS>
            <NER>O</NER>
            <Speaker>PER0</Speaker>
          </token>
          <token id="2">
            <word>really</word>
            <lemma>really</lemma>
            <CharacterOffsetBegin>13343</CharacterOffsetBegin>
            <CharacterOffsetEnd>13349</CharacterOffsetEnd>
            <POS>RB</POS>
            <NER>O</NER>
            <Speaker>PER0</Speaker>
          </token>
          <token id="3">
            <word>respected</word>
            <lemma>respect</lemma>
            <CharacterOffsetBegin>13350</CharacterOffsetBegin>
            <CharacterOffsetEnd>13359</CharacterOffsetEnd>
            <POS>VBD</POS>
            <NER>O</NER>
            <Speaker>PER0</Speaker>
          </token>
          <token id="4">
            <word>the</word>
            <lemma>the</lemma>
            <CharacterOffsetBegin>13360</CharacterOffsetBegin>
            <CharacterOffsetEnd>13363</CharacterOffsetEnd>
            <POS>DT</POS>
            <NER>O</NER>
            <Speaker>PER0</Speaker>
          </token>
          <token id="5">
            <word>subject</word>
            <lemma>subject</lemma>
            <CharacterOffsetBegin>13364</CharacterOffsetBegin>
            <CharacterOffsetEnd>13371</CharacterOffsetEnd>
            <POS>JJ</POS>
            <NER>O</NER>
            <Speaker>PER0</Speaker>
          </token>
          <token id="6">
            <word>content</word>
            <lemma>content</lemma>
            <CharacterOffsetBegin>13372</CharacterOffsetBegin>
            <CharacterOffsetEnd>13379</CharacterOffsetEnd>
            <POS>NN</POS>
            <NER>O</NER>
            <Speaker>PER0</Speaker>
          </token>
          <token id="7">
            <word>as</word>
            <lemma>as</lemma>
            <CharacterOffsetBegin>13380</CharacterOffsetBegin>
            <CharacterOffsetEnd>13382</CharacterOffsetEnd>
            <POS>IN</POS>
            <NER>O</NER>
            <Speaker>PER0</Speaker>
          </token>
          <token id="8">
            <word>it</word>
            <lemma>it</lemma>
            <CharacterOffsetBegin>13383</CharacterOffsetBegin>
            <CharacterOffsetEnd>13385</CharacterOffsetEnd>
            <POS>PRP</POS>
            <NER>O</NER>
            <Speaker>PER0</Speaker>
          </token>
          <token id="9">
            <word>felt</word>
            <lemma>feel</lemma>
            <CharacterOffsetBegin>13386</CharacterOffsetBegin>
            <CharacterOffsetEnd>13390</CharacterOffsetEnd>
            <POS>VBD</POS>
            <NER>O</NER>
            <Speaker>PER0</Speaker>
          </token>
          <token id="10">
            <word>authentic</word>
            <lemma>authentic</lemma>
            <CharacterOffsetBegin>13391</CharacterOffsetBegin>
            <CharacterOffsetEnd>13400</CharacterOffsetEnd>
            <POS>JJ</POS>
            <NER>O</NER>
            <Speaker>PER0</Speaker>
          </token>
          <token id="11">
            <word>and</word>
            <lemma>and</lemma>
            <CharacterOffsetBegin>13401</CharacterOffsetBegin>
            <CharacterOffsetEnd>13404</CharacterOffsetEnd>
            <POS>CC</POS>
            <NER>O</NER>
            <Speaker>PER0</Speaker>
          </token>
          <token id="12">
            <word>that</word>
            <lemma>that</lemma>
            <CharacterOffsetBegin>13405</CharacterOffsetBegin>
            <CharacterOffsetEnd>13409</CharacterOffsetEnd>
            <POS>IN</POS>
            <NER>O</NER>
            <Speaker>PER0</Speaker>
          </token>
          <token id="13">
            <word>aligned</word>
            <lemma>align</lemma>
            <CharacterOffsetBegin>13410</CharacterOffsetBegin>
            <CharacterOffsetEnd>13417</CharacterOffsetEnd>
            <POS>VBN</POS>
            <NER>O</NER>
            <Speaker>PER0</Speaker>
          </token>
          <token id="14">
            <word>to</word>
            <lemma>to</lemma>
            <CharacterOffsetBegin>13418</CharacterOffsetBegin>
            <CharacterOffsetEnd>13420</CharacterOffsetEnd>
            <POS>TO</POS>
            <NER>O</NER>
            <Speaker>PER0</Speaker>
          </token>
          <token id="15">
            <word>my</word>
            <lemma>my</lemma>
            <CharacterOffsetBegin>13421</CharacterOffsetBegin>
            <CharacterOffsetEnd>13423</CharacterOffsetEnd>
            <POS>PRP$</POS>
            <NER>O</NER>
            <Speaker>PER0</Speaker>
          </token>
          <token id="16">
            <word>personal</word>
            <lemma>personal</lemma>
            <CharacterOffsetBegin>13424</CharacterOffsetBegin>
            <CharacterOffsetEnd>13432</CharacterOffsetEnd>
            <POS>JJ</POS>
            <NER>O</NER>
            <Speaker>PER0</Speaker>
          </token>
          <token id="17">
            <word>values</word>
            <lemma>value</lemma>
            <CharacterOffsetBegin>13433</CharacterOffsetBegin>
            <CharacterOffsetEnd>13439</CharacterOffsetEnd>
            <POS>NNS</POS>
            <NER>O</NER>
            <Speaker>PER0</Speaker>
          </token>
          <token id="18">
            <word>and</word>
            <lemma>and</lemma>
            <CharacterOffsetBegin>13440</CharacterOffsetBegin>
            <CharacterOffsetEnd>13443</CharacterOffsetEnd>
            <POS>CC</POS>
            <NER>O</NER>
            <Speaker>PER0</Speaker>
          </token>
          <token id="19">
            <word>how</word>
            <lemma>how</lemma>
            <CharacterOffsetBegin>13444</CharacterOffsetBegin>
            <CharacterOffsetEnd>13447</CharacterOffsetEnd>
            <POS>WRB</POS>
            <NER>O</NER>
            <Speaker>PER0</Speaker>
          </token>
          <token id="20">
            <word>I</word>
            <lemma>I</lemma>
            <CharacterOffsetBegin>13448</CharacterOffsetBegin>
            <CharacterOffsetEnd>13449</CharacterOffsetEnd>
            <POS>PRP</POS>
            <NER>O</NER>
            <Speaker>PER0</Speaker>
          </token>
          <token id="21">
            <word>operate</word>
            <lemma>operate</lemma>
            <CharacterOffsetBegin>13450</CharacterOffsetBegin>
            <CharacterOffsetEnd>13457</CharacterOffsetEnd>
            <POS>VBP</POS>
            <NER>O</NER>
            <Speaker>PER0</Speaker>
          </token>
          <token id="22">
            <word>as</word>
            <lemma>as</lemma>
            <CharacterOffsetBegin>13458</CharacterOffsetBegin>
            <CharacterOffsetEnd>13460</CharacterOffsetEnd>
            <POS>IN</POS>
            <NER>O</NER>
            <Speaker>PER0</Speaker>
          </token>
          <token id="23">
            <word>a</word>
            <lemma>a</lemma>
            <CharacterOffsetBegin>13461</CharacterOffsetBegin>
            <CharacterOffsetEnd>13462</CharacterOffsetEnd>
            <POS>DT</POS>
            <NER>O</NER>
            <Speaker>PER0</Speaker>
          </token>
          <token id="24">
            <word>human</word>
            <lemma>human</lemma>
            <CharacterOffsetBegin>13463</CharacterOffsetBegin>
            <CharacterOffsetEnd>13468</CharacterOffsetEnd>
            <POS>JJ</POS>
            <NER>O</NER>
            <Speaker>PER0</Speaker>
          </token>
          <token id="25">
            <word>being</word>
            <lemma>being</lemma>
            <CharacterOffsetBegin>13469</CharacterOffsetBegin>
            <CharacterOffsetEnd>13474</CharacterOffsetEnd>
            <POS>NN</POS>
            <NER>O</NER>
            <Speaker>PER0</Speaker>
          </token>
          <token id="26">
            <word>.</word>
            <lemma>.</lemma>
            <CharacterOffsetBegin>13474</CharacterOffsetBegin>
            <CharacterOffsetEnd>13475</CharacterOffsetEnd>
            <POS>.</POS>
            <NER>O</NER>
            <Speaker>PER0</Speaker>
          </token>
        </tokens>
        <parse>(ROOT (S (NP (PRP I)) (ADVP (RB really)) (VP (VBD respected) (NP (DT the) (JJ subject) (NN content)) (SBAR (SBAR (IN as) (S (NP (PRP it)) (VP (VBD felt) (NP (JJ authentic))))) (CC and) (SBAR (SBAR (IN that) (S (VP (VBN aligned) (PP (TO to) (NP (PRP$ my) (JJ personal) (NNS values)))))) (CC and) (SBAR (WHADVP (WRB how)) (S (NP (PRP I)) (VP (VBP operate) (PP (IN as) (NP (DT a) (JJ human) (NN being))))))))) (. .))) </parse>
        <dependencies type="basic-dependencies">
          <dep type="root">
            <governor idx="0">ROOT</governor>
            <dependent idx="3">respected</dependent>
          </dep>
          <dep type="nsubj">
            <governor idx="3">respected</governor>
            <dependent idx="1">I</dependent>
          </dep>
          <dep type="advmod">
            <governor idx="3">respected</governor>
            <dependent idx="2">really</dependent>
          </dep>
          <dep type="det">
            <governor idx="6">content</governor>
            <dependent idx="4">the</dependent>
          </dep>
          <dep type="amod">
            <governor idx="6">content</governor>
            <dependent idx="5">subject</dependent>
          </dep>
          <dep type="dobj">
            <governor idx="3">respected</governor>
            <dependent idx="6">content</dependent>
          </dep>
          <dep type="mark">
            <governor idx="9">felt</governor>
            <dependent idx="7">as</dependent>
          </dep>
          <dep type="nsubj">
            <governor idx="9">felt</governor>
            <dependent idx="8">it</dependent>
          </dep>
          <dep type="advcl">
            <governor idx="3">respected</governor>
            <dependent idx="9">felt</dependent>
          </dep>
          <dep type="dobj">
            <governor idx="9">felt</governor>
            <dependent idx="10">authentic</dependent>
          </dep>
          <dep type="cc">
            <governor idx="9">felt</governor>
            <dependent idx="11">and</dependent>
          </dep>
          <dep type="mark">
            <governor idx="13">aligned</governor>
            <dependent idx="12">that</dependent>
          </dep>
          <dep type="conj">
            <governor idx="9">felt</governor>
            <dependent idx="13">aligned</dependent>
          </dep>
          <dep type="case">
            <governor idx="17">values</governor>
            <dependent idx="14">to</dependent>
          </dep>
          <dep type="nmod:poss">
            <governor idx="17">values</governor>
            <dependent idx="15">my</dependent>
          </dep>
          <dep type="amod">
            <governor idx="17">values</governor>
            <dependent idx="16">personal</dependent>
          </dep>
          <dep type="nmod">
            <governor idx="13">aligned</governor>
            <dependent idx="17">values</dependent>
          </dep>
          <dep type="cc">
            <governor idx="13">aligned</governor>
            <dependent idx="18">and</dependent>
          </dep>
          <dep type="advmod">
            <governor idx="21">operate</governor>
            <dependent idx="19">how</dependent>
          </dep>
          <dep type="nsubj">
            <governor idx="21">operate</governor>
            <dependent idx="20">I</dependent>
          </dep>
          <dep type="conj">
            <governor idx="13">aligned</governor>
            <dependent idx="21">operate</dependent>
          </dep>
          <dep type="case">
            <governor idx="25">being</governor>
            <dependent idx="22">as</dependent>
          </dep>
          <dep type="det">
            <governor idx="25">being</governor>
            <dependent idx="23">a</dependent>
          </dep>
          <dep type="amod">
            <governor idx="25">being</governor>
            <dependent idx="24">human</dependent>
          </dep>
          <dep type="nmod">
            <governor idx="21">operate</governor>
            <dependent idx="25">being</dependent>
          </dep>
          <dep type="punct">
            <governor idx="3">respected</governor>
            <dependent idx="26">.</dependent>
          </dep>
        </dependencies>
        <dependencies type="collapsed-dependencies">
          <dep type="root">
            <governor idx="0">ROOT</governor>
            <dependent idx="3">respected</dependent>
          </dep>
          <dep type="nsubj">
            <governor idx="3">respected</governor>
            <dependent idx="1">I</dependent>
          </dep>
          <dep type="advmod">
            <governor idx="3">respected</governor>
            <dependent idx="2">really</dependent>
          </dep>
          <dep type="det">
            <governor idx="6">content</governor>
            <dependent idx="4">the</dependent>
          </dep>
          <dep type="amod">
            <governor idx="6">content</governor>
            <dependent idx="5">subject</dependent>
          </dep>
          <dep type="dobj">
            <governor idx="3">respected</governor>
            <dependent idx="6">content</dependent>
          </dep>
          <dep type="mark">
            <governor idx="9">felt</governor>
            <dependent idx="7">as</dependent>
          </dep>
          <dep type="nsubj">
            <governor idx="9">felt</governor>
            <dependent idx="8">it</dependent>
          </dep>
          <dep type="advcl">
            <governor idx="3">respected</governor>
            <dependent idx="9">felt</dependent>
          </dep>
          <dep type="dobj">
            <governor idx="9">felt</governor>
            <dependent idx="10">authentic</dependent>
          </dep>
          <dep type="cc">
            <governor idx="9">felt</governor>
            <dependent idx="11">and</dependent>
          </dep>
          <dep type="mark">
            <governor idx="13">aligned</governor>
            <dependent idx="12">that</dependent>
          </dep>
          <dep type="conj:and">
            <governor idx="9">felt</governor>
            <dependent idx="13">aligned</dependent>
          </dep>
          <dep type="case">
            <governor idx="17">values</governor>
            <dependent idx="14">to</dependent>
          </dep>
          <dep type="nmod:poss">
            <governor idx="17">values</governor>
            <dependent idx="15">my</dependent>
          </dep>
          <dep type="amod">
            <governor idx="17">values</governor>
            <dependent idx="16">personal</dependent>
          </dep>
          <dep type="nmod:to">
            <governor idx="13">aligned</governor>
            <dependent idx="17">values</dependent>
          </dep>
          <dep type="cc">
            <governor idx="13">aligned</governor>
            <dependent idx="18">and</dependent>
          </dep>
          <dep type="advmod">
            <governor idx="21">operate</governor>
            <dependent idx="19">how</dependent>
          </dep>
          <dep type="nsubj">
            <governor idx="21">operate</governor>
            <dependent idx="20">I</dependent>
          </dep>
          <dep type="conj:and">
            <governor idx="13">aligned</governor>
            <dependent idx="21">operate</dependent>
          </dep>
          <dep type="case">
            <governor idx="25">being</governor>
            <dependent idx="22">as</dependent>
          </dep>
          <dep type="det">
            <governor idx="25">being</governor>
            <dependent idx="23">a</dependent>
          </dep>
          <dep type="amod">
            <governor idx="25">being</governor>
            <dependent idx="24">human</dependent>
          </dep>
          <dep type="nmod:as">
            <governor idx="21">operate</governor>
            <dependent idx="25">being</dependent>
          </dep>
          <dep type="punct">
            <governor idx="3">respected</governor>
            <dependent idx="26">.</dependent>
          </dep>
        </dependencies>
        <dependencies type="collapsed-ccprocessed-dependencies">
          <dep type="root">
            <governor idx="0">ROOT</governor>
            <dependent idx="3">respected</dependent>
          </dep>
          <dep type="nsubj">
            <governor idx="3">respected</governor>
            <dependent idx="1">I</dependent>
          </dep>
          <dep type="advmod">
            <governor idx="3">respected</governor>
            <dependent idx="2">really</dependent>
          </dep>
          <dep type="det">
            <governor idx="6">content</governor>
            <dependent idx="4">the</dependent>
          </dep>
          <dep type="amod">
            <governor idx="6">content</governor>
            <dependent idx="5">subject</dependent>
          </dep>
          <dep type="dobj">
            <governor idx="3">respected</governor>
            <dependent idx="6">content</dependent>
          </dep>
          <dep type="mark">
            <governor idx="9">felt</governor>
            <dependent idx="7">as</dependent>
          </dep>
          <dep type="nsubj">
            <governor idx="9">felt</governor>
            <dependent idx="8">it</dependent>
          </dep>
          <dep type="nsubj" extra="true">
            <governor idx="13">aligned</governor>
            <dependent idx="8">it</dependent>
          </dep>
          <dep type="advcl">
            <governor idx="3">respected</governor>
            <dependent idx="9">felt</dependent>
          </dep>
          <dep type="dobj">
            <governor idx="9">felt</governor>
            <dependent idx="10">authentic</dependent>
          </dep>
          <dep type="cc">
            <governor idx="9">felt</governor>
            <dependent idx="11">and</dependent>
          </dep>
          <dep type="mark">
            <governor idx="13">aligned</governor>
            <dependent idx="12">that</dependent>
          </dep>
          <dep type="advcl" extra="true">
            <governor idx="3">respected</governor>
            <dependent idx="13">aligned</dependent>
          </dep>
          <dep type="conj:and">
            <governor idx="9">felt</governor>
            <dependent idx="13">aligned</dependent>
          </dep>
          <dep type="case">
            <governor idx="17">values</governor>
            <dependent idx="14">to</dependent>
          </dep>
          <dep type="nmod:poss">
            <governor idx="17">values</governor>
            <dependent idx="15">my</dependent>
          </dep>
          <dep type="amod">
            <governor idx="17">values</governor>
            <dependent idx="16">personal</dependent>
          </dep>
          <dep type="nmod:to">
            <governor idx="13">aligned</governor>
            <dependent idx="17">values</dependent>
          </dep>
          <dep type="cc">
            <governor idx="13">aligned</governor>
            <dependent idx="18">and</dependent>
          </dep>
          <dep type="advmod">
            <governor idx="21">operate</governor>
            <dependent idx="19">how</dependent>
          </dep>
          <dep type="nsubj">
            <governor idx="21">operate</governor>
            <dependent idx="20">I</dependent>
          </dep>
          <dep type="conj:and" extra="true">
            <governor idx="9">felt</governor>
            <dependent idx="21">operate</dependent>
          </dep>
          <dep type="conj:and">
            <governor idx="13">aligned</governor>
            <dependent idx="21">operate</dependent>
          </dep>
          <dep type="case">
            <governor idx="25">being</governor>
            <dependent idx="22">as</dependent>
          </dep>
          <dep type="det">
            <governor idx="25">being</governor>
            <dependent idx="23">a</dependent>
          </dep>
          <dep type="amod">
            <governor idx="25">being</governor>
            <dependent idx="24">human</dependent>
          </dep>
          <dep type="nmod:as">
            <governor idx="21">operate</governor>
            <dependent idx="25">being</dependent>
          </dep>
          <dep type="punct">
            <governor idx="3">respected</governor>
            <dependent idx="26">.</dependent>
          </dep>
        </dependencies>
      </sentence>
      <sentence id="127">
        <tokens>
          <token id="1">
            <word>This</word>
            <lemma>this</lemma>
            <CharacterOffsetBegin>13476</CharacterOffsetBegin>
            <CharacterOffsetEnd>13480</CharacterOffsetEnd>
            <POS>DT</POS>
            <NER>O</NER>
            <Speaker>PER0</Speaker>
          </token>
          <token id="2">
            <word>led</word>
            <lemma>lead</lemma>
            <CharacterOffsetBegin>13481</CharacterOffsetBegin>
            <CharacterOffsetEnd>13484</CharacterOffsetEnd>
            <POS>VBD</POS>
            <NER>O</NER>
            <Speaker>PER0</Speaker>
          </token>
          <token id="3">
            <word>me</word>
            <lemma>I</lemma>
            <CharacterOffsetBegin>13485</CharacterOffsetBegin>
            <CharacterOffsetEnd>13487</CharacterOffsetEnd>
            <POS>PRP</POS>
            <NER>O</NER>
            <Speaker>PER0</Speaker>
          </token>
          <token id="4">
            <word>to</word>
            <lemma>to</lemma>
            <CharacterOffsetBegin>13488</CharacterOffsetBegin>
            <CharacterOffsetEnd>13490</CharacterOffsetEnd>
            <POS>TO</POS>
            <NER>O</NER>
            <Speaker>PER0</Speaker>
          </token>
          <token id="5">
            <word>think</word>
            <lemma>think</lemma>
            <CharacterOffsetBegin>13491</CharacterOffsetBegin>
            <CharacterOffsetEnd>13496</CharacterOffsetEnd>
            <POS>VB</POS>
            <NER>O</NER>
            <Speaker>PER0</Speaker>
          </token>
          <token id="6">
            <word>about</word>
            <lemma>about</lemma>
            <CharacterOffsetBegin>13497</CharacterOffsetBegin>
            <CharacterOffsetEnd>13502</CharacterOffsetEnd>
            <POS>IN</POS>
            <NER>O</NER>
            <Speaker>PER0</Speaker>
          </token>
          <token id="7">
            <word>authentic</word>
            <lemma>authentic</lemma>
            <CharacterOffsetBegin>13503</CharacterOffsetBegin>
            <CharacterOffsetEnd>13512</CharacterOffsetEnd>
            <POS>JJ</POS>
            <NER>O</NER>
            <Speaker>PER0</Speaker>
          </token>
          <token id="8">
            <word>leadership</word>
            <lemma>leadership</lemma>
            <CharacterOffsetBegin>13513</CharacterOffsetBegin>
            <CharacterOffsetEnd>13523</CharacterOffsetEnd>
            <POS>NN</POS>
            <NER>O</NER>
            <Speaker>PER0</Speaker>
          </token>
          <token id="9">
            <word>,</word>
            <lemma>,</lemma>
            <CharacterOffsetBegin>13523</CharacterOffsetBegin>
            <CharacterOffsetEnd>13524</CharacterOffsetEnd>
            <POS>,</POS>
            <NER>O</NER>
            <Speaker>PER0</Speaker>
          </token>
          <token id="10">
            <word>you</word>
            <lemma>you</lemma>
            <CharacterOffsetBegin>13525</CharacterOffsetBegin>
            <CharacterOffsetEnd>13528</CharacterOffsetEnd>
            <POS>PRP</POS>
            <NER>O</NER>
            <Speaker>PER0</Speaker>
          </token>
          <token id="11">
            <word>ca</word>
            <lemma>can</lemma>
            <CharacterOffsetBegin>13529</CharacterOffsetBegin>
            <CharacterOffsetEnd>13531</CharacterOffsetEnd>
            <POS>MD</POS>
            <NER>O</NER>
            <Speaker>PER0</Speaker>
          </token>
          <token id="12">
            <word>n't</word>
            <lemma>not</lemma>
            <CharacterOffsetBegin>13531</CharacterOffsetBegin>
            <CharacterOffsetEnd>13534</CharacterOffsetEnd>
            <POS>RB</POS>
            <NER>O</NER>
            <Speaker>PER0</Speaker>
          </token>
          <token id="13">
            <word>buy</word>
            <lemma>buy</lemma>
            <CharacterOffsetBegin>13535</CharacterOffsetBegin>
            <CharacterOffsetEnd>13538</CharacterOffsetEnd>
            <POS>VB</POS>
            <NER>O</NER>
            <Speaker>PER0</Speaker>
          </token>
          <token id="14">
            <word>that</word>
            <lemma>that</lemma>
            <CharacterOffsetBegin>13539</CharacterOffsetBegin>
            <CharacterOffsetEnd>13543</CharacterOffsetEnd>
            <POS>IN</POS>
            <NER>O</NER>
            <Speaker>PER0</Speaker>
          </token>
          <token id="15">
            <word>,</word>
            <lemma>,</lemma>
            <CharacterOffsetBegin>13543</CharacterOffsetBegin>
            <CharacterOffsetEnd>13544</CharacterOffsetEnd>
            <POS>,</POS>
            <NER>O</NER>
            <Speaker>PER0</Speaker>
          </token>
          <token id="16">
            <word>its</word>
            <lemma>its</lemma>
            <CharacterOffsetBegin>13545</CharacterOffsetBegin>
            <CharacterOffsetEnd>13548</CharacterOffsetEnd>
            <POS>PRP$</POS>
            <NER>O</NER>
            <Speaker>PER0</Speaker>
          </token>
          <token id="17">
            <word>genuine</word>
            <lemma>genuine</lemma>
            <CharacterOffsetBegin>13549</CharacterOffsetBegin>
            <CharacterOffsetEnd>13556</CharacterOffsetEnd>
            <POS>JJ</POS>
            <NER>O</NER>
            <Speaker>PER0</Speaker>
          </token>
          <token id="18">
            <word>and</word>
            <lemma>and</lemma>
            <CharacterOffsetBegin>13557</CharacterOffsetBegin>
            <CharacterOffsetEnd>13560</CharacterOffsetEnd>
            <POS>CC</POS>
            <NER>O</NER>
            <Speaker>PER0</Speaker>
          </token>
          <token id="19">
            <word>you</word>
            <lemma>you</lemma>
            <CharacterOffsetBegin>13561</CharacterOffsetBegin>
            <CharacterOffsetEnd>13564</CharacterOffsetEnd>
            <POS>PRP</POS>
            <NER>O</NER>
            <Speaker>PER0</Speaker>
          </token>
          <token id="20">
            <word>ca</word>
            <lemma>can</lemma>
            <CharacterOffsetBegin>13565</CharacterOffsetBegin>
            <CharacterOffsetEnd>13567</CharacterOffsetEnd>
            <POS>MD</POS>
            <NER>O</NER>
            <Speaker>PER0</Speaker>
          </token>
          <token id="21">
            <word>n't</word>
            <lemma>not</lemma>
            <CharacterOffsetBegin>13567</CharacterOffsetBegin>
            <CharacterOffsetEnd>13570</CharacterOffsetEnd>
            <POS>RB</POS>
            <NER>O</NER>
            <Speaker>PER0</Speaker>
          </token>
          <token id="22">
            <word>fake</word>
            <lemma>fake</lemma>
            <CharacterOffsetBegin>13571</CharacterOffsetBegin>
            <CharacterOffsetEnd>13575</CharacterOffsetEnd>
            <POS>JJ</POS>
            <NER>O</NER>
            <Speaker>PER0</Speaker>
          </token>
          <token id="23">
            <word>it</word>
            <lemma>it</lemma>
            <CharacterOffsetBegin>13576</CharacterOffsetBegin>
            <CharacterOffsetEnd>13578</CharacterOffsetEnd>
            <POS>PRP</POS>
            <NER>O</NER>
            <Speaker>PER0</Speaker>
          </token>
          <token id="24">
            <word>.</word>
            <lemma>.</lemma>
            <CharacterOffsetBegin>13578</CharacterOffsetBegin>
            <CharacterOffsetEnd>13579</CharacterOffsetEnd>
            <POS>.</POS>
            <NER>O</NER>
            <Speaker>PER0</Speaker>
          </token>
        </tokens>
        <parse>(ROOT (S (S (NP (DT This)) (VP (VBD led) (S (NP (PRP me)) (VP (TO to) (VP (VB think) (PP (IN about) (NP (JJ authentic) (NN leadership)))))))) (, ,) (NP (PRP you)) (VP (MD ca) (RB n't) (VP (VB buy) (SBAR (IN that) (, ,) (S (NP (NP (PRP$ its) (JJ genuine)) (CC and) (NP (PRP you))) (VP (MD ca) (VP (RB n't) (ADJP (JJ fake) (NP (PRP it))))))))) (. .))) </parse>
        <dependencies type="basic-dependencies">
          <dep type="root">
            <governor idx="0">ROOT</governor>
            <dependent idx="13">buy</dependent>
          </dep>
          <dep type="nsubj">
            <governor idx="2">led</governor>
            <dependent idx="1">This</dependent>
          </dep>
          <dep type="ccomp">
            <governor idx="13">buy</governor>
            <dependent idx="2">led</dependent>
          </dep>
          <dep type="dobj">
            <governor idx="2">led</governor>
            <dependent idx="3">me</dependent>
          </dep>
          <dep type="mark">
            <governor idx="5">think</governor>
            <dependent idx="4">to</dependent>
          </dep>
          <dep type="xcomp">
            <governor idx="2">led</governor>
            <dependent idx="5">think</dependent>
          </dep>
          <dep type="case">
            <governor idx="8">leadership</governor>
            <dependent idx="6">about</dependent>
          </dep>
          <dep type="amod">
            <governor idx="8">leadership</governor>
            <dependent idx="7">authentic</dependent>
          </dep>
          <dep type="nmod">
            <governor idx="5">think</governor>
            <dependent idx="8">leadership</dependent>
          </dep>
          <dep type="punct">
            <governor idx="13">buy</governor>
            <dependent idx="9">,</dependent>
          </dep>
          <dep type="nsubj">
            <governor idx="13">buy</governor>
            <dependent idx="10">you</dependent>
          </dep>
          <dep type="aux">
            <governor idx="13">buy</governor>
            <dependent idx="11">ca</dependent>
          </dep>
          <dep type="neg">
            <governor idx="13">buy</governor>
            <dependent idx="12">n't</dependent>
          </dep>
          <dep type="mark">
            <governor idx="22">fake</governor>
            <dependent idx="14">that</dependent>
          </dep>
          <dep type="punct">
            <governor idx="22">fake</governor>
            <dependent idx="15">,</dependent>
          </dep>
          <dep type="nmod:poss">
            <governor idx="17">genuine</governor>
            <dependent idx="16">its</dependent>
          </dep>
          <dep type="nsubj">
            <governor idx="22">fake</governor>
            <dependent idx="17">genuine</dependent>
          </dep>
          <dep type="cc">
            <governor idx="17">genuine</governor>
            <dependent idx="18">and</dependent>
          </dep>
          <dep type="conj">
            <governor idx="17">genuine</governor>
            <dependent idx="19">you</dependent>
          </dep>
          <dep type="aux">
            <governor idx="22">fake</governor>
            <dependent idx="20">ca</dependent>
          </dep>
          <dep type="neg">
            <governor idx="22">fake</governor>
            <dependent idx="21">n't</dependent>
          </dep>
          <dep type="ccomp">
            <governor idx="13">buy</governor>
            <dependent idx="22">fake</dependent>
          </dep>
          <dep type="dep">
            <governor idx="22">fake</governor>
            <dependent idx="23">it</dependent>
          </dep>
          <dep type="punct">
            <governor idx="13">buy</governor>
            <dependent idx="24">.</dependent>
          </dep>
        </dependencies>
        <dependencies type="collapsed-dependencies">
          <dep type="root">
            <governor idx="0">ROOT</governor>
            <dependent idx="13">buy</dependent>
          </dep>
          <dep type="nsubj">
            <governor idx="2">led</governor>
            <dependent idx="1">This</dependent>
          </dep>
          <dep type="ccomp">
            <governor idx="13">buy</governor>
            <dependent idx="2">led</dependent>
          </dep>
          <dep type="dobj">
            <governor idx="2">led</governor>
            <dependent idx="3">me</dependent>
          </dep>
          <dep type="mark">
            <governor idx="5">think</governor>
            <dependent idx="4">to</dependent>
          </dep>
          <dep type="xcomp">
            <governor idx="2">led</governor>
            <dependent idx="5">think</dependent>
          </dep>
          <dep type="case">
            <governor idx="8">leadership</governor>
            <dependent idx="6">about</dependent>
          </dep>
          <dep type="amod">
            <governor idx="8">leadership</governor>
            <dependent idx="7">authentic</dependent>
          </dep>
          <dep type="nmod:about">
            <governor idx="5">think</governor>
            <dependent idx="8">leadership</dependent>
          </dep>
          <dep type="punct">
            <governor idx="13">buy</governor>
            <dependent idx="9">,</dependent>
          </dep>
          <dep type="nsubj">
            <governor idx="13">buy</governor>
            <dependent idx="10">you</dependent>
          </dep>
          <dep type="aux">
            <governor idx="13">buy</governor>
            <dependent idx="11">ca</dependent>
          </dep>
          <dep type="neg">
            <governor idx="13">buy</governor>
            <dependent idx="12">n't</dependent>
          </dep>
          <dep type="mark">
            <governor idx="22">fake</governor>
            <dependent idx="14">that</dependent>
          </dep>
          <dep type="punct">
            <governor idx="22">fake</governor>
            <dependent idx="15">,</dependent>
          </dep>
          <dep type="nmod:poss">
            <governor idx="17">genuine</governor>
            <dependent idx="16">its</dependent>
          </dep>
          <dep type="nsubj">
            <governor idx="22">fake</governor>
            <dependent idx="17">genuine</dependent>
          </dep>
          <dep type="cc">
            <governor idx="17">genuine</governor>
            <dependent idx="18">and</dependent>
          </dep>
          <dep type="conj:and">
            <governor idx="17">genuine</governor>
            <dependent idx="19">you</dependent>
          </dep>
          <dep type="aux">
            <governor idx="22">fake</governor>
            <dependent idx="20">ca</dependent>
          </dep>
          <dep type="neg">
            <governor idx="22">fake</governor>
            <dependent idx="21">n't</dependent>
          </dep>
          <dep type="ccomp">
            <governor idx="13">buy</governor>
            <dependent idx="22">fake</dependent>
          </dep>
          <dep type="dep">
            <governor idx="22">fake</governor>
            <dependent idx="23">it</dependent>
          </dep>
          <dep type="punct">
            <governor idx="13">buy</governor>
            <dependent idx="24">.</dependent>
          </dep>
        </dependencies>
        <dependencies type="collapsed-ccprocessed-dependencies">
          <dep type="root">
            <governor idx="0">ROOT</governor>
            <dependent idx="13">buy</dependent>
          </dep>
          <dep type="nsubj">
            <governor idx="2">led</governor>
            <dependent idx="1">This</dependent>
          </dep>
          <dep type="ccomp">
            <governor idx="13">buy</governor>
            <dependent idx="2">led</dependent>
          </dep>
          <dep type="dobj">
            <governor idx="2">led</governor>
            <dependent idx="3">me</dependent>
          </dep>
          <dep type="mark">
            <governor idx="5">think</governor>
            <dependent idx="4">to</dependent>
          </dep>
          <dep type="xcomp">
            <governor idx="2">led</governor>
            <dependent idx="5">think</dependent>
          </dep>
          <dep type="case">
            <governor idx="8">leadership</governor>
            <dependent idx="6">about</dependent>
          </dep>
          <dep type="amod">
            <governor idx="8">leadership</governor>
            <dependent idx="7">authentic</dependent>
          </dep>
          <dep type="nmod:about">
            <governor idx="5">think</governor>
            <dependent idx="8">leadership</dependent>
          </dep>
          <dep type="punct">
            <governor idx="13">buy</governor>
            <dependent idx="9">,</dependent>
          </dep>
          <dep type="nsubj">
            <governor idx="13">buy</governor>
            <dependent idx="10">you</dependent>
          </dep>
          <dep type="aux">
            <governor idx="13">buy</governor>
            <dependent idx="11">ca</dependent>
          </dep>
          <dep type="neg">
            <governor idx="13">buy</governor>
            <dependent idx="12">n't</dependent>
          </dep>
          <dep type="mark">
            <governor idx="22">fake</governor>
            <dependent idx="14">that</dependent>
          </dep>
          <dep type="punct">
            <governor idx="22">fake</governor>
            <dependent idx="15">,</dependent>
          </dep>
          <dep type="nmod:poss">
            <governor idx="17">genuine</governor>
            <dependent idx="16">its</dependent>
          </dep>
          <dep type="nsubj">
            <governor idx="22">fake</governor>
            <dependent idx="17">genuine</dependent>
          </dep>
          <dep type="cc">
            <governor idx="17">genuine</governor>
            <dependent idx="18">and</dependent>
          </dep>
          <dep type="conj:and">
            <governor idx="17">genuine</governor>
            <dependent idx="19">you</dependent>
          </dep>
          <dep type="nsubj" extra="true">
            <governor idx="22">fake</governor>
            <dependent idx="19">you</dependent>
          </dep>
          <dep type="aux">
            <governor idx="22">fake</governor>
            <dependent idx="20">ca</dependent>
          </dep>
          <dep type="neg">
            <governor idx="22">fake</governor>
            <dependent idx="21">n't</dependent>
          </dep>
          <dep type="ccomp">
            <governor idx="13">buy</governor>
            <dependent idx="22">fake</dependent>
          </dep>
          <dep type="dep">
            <governor idx="22">fake</governor>
            <dependent idx="23">it</dependent>
          </dep>
          <dep type="punct">
            <governor idx="13">buy</governor>
            <dependent idx="24">.</dependent>
          </dep>
        </dependencies>
      </sentence>
      <sentence id="128">
        <tokens>
          <token id="1">
            <word>This</word>
            <lemma>this</lemma>
            <CharacterOffsetBegin>13580</CharacterOffsetBegin>
            <CharacterOffsetEnd>13584</CharacterOffsetEnd>
            <POS>DT</POS>
            <NER>O</NER>
            <Speaker>PER0</Speaker>
          </token>
          <token id="2">
            <word>was</word>
            <lemma>be</lemma>
            <CharacterOffsetBegin>13585</CharacterOffsetBegin>
            <CharacterOffsetEnd>13588</CharacterOffsetEnd>
            <POS>VBD</POS>
            <NER>O</NER>
            <Speaker>PER0</Speaker>
          </token>
          <token id="3">
            <word>the</word>
            <lemma>the</lemma>
            <CharacterOffsetBegin>13589</CharacterOffsetBegin>
            <CharacterOffsetEnd>13592</CharacterOffsetEnd>
            <POS>DT</POS>
            <NER>O</NER>
            <Speaker>PER0</Speaker>
          </token>
          <token id="4">
            <word>type</word>
            <lemma>type</lemma>
            <CharacterOffsetBegin>13593</CharacterOffsetBegin>
            <CharacterOffsetEnd>13597</CharacterOffsetEnd>
            <POS>NN</POS>
            <NER>O</NER>
            <Speaker>PER0</Speaker>
          </token>
          <token id="5">
            <word>of</word>
            <lemma>of</lemma>
            <CharacterOffsetBegin>13598</CharacterOffsetBegin>
            <CharacterOffsetEnd>13600</CharacterOffsetEnd>
            <POS>IN</POS>
            <NER>O</NER>
            <Speaker>PER0</Speaker>
          </token>
          <token id="6">
            <word>leader</word>
            <lemma>leader</lemma>
            <CharacterOffsetBegin>13601</CharacterOffsetBegin>
            <CharacterOffsetEnd>13607</CharacterOffsetEnd>
            <POS>NN</POS>
            <NER>O</NER>
            <Speaker>PER0</Speaker>
          </token>
          <token id="7">
            <word>I</word>
            <lemma>I</lemma>
            <CharacterOffsetBegin>13608</CharacterOffsetBegin>
            <CharacterOffsetEnd>13609</CharacterOffsetEnd>
            <POS>PRP</POS>
            <NER>O</NER>
            <Speaker>PER0</Speaker>
          </token>
          <token id="8">
            <word>will</word>
            <lemma>will</lemma>
            <CharacterOffsetBegin>13610</CharacterOffsetBegin>
            <CharacterOffsetEnd>13614</CharacterOffsetEnd>
            <POS>MD</POS>
            <NER>O</NER>
            <Speaker>PER0</Speaker>
          </token>
          <token id="9">
            <word>be</word>
            <lemma>be</lemma>
            <CharacterOffsetBegin>13615</CharacterOffsetBegin>
            <CharacterOffsetEnd>13617</CharacterOffsetEnd>
            <POS>VB</POS>
            <NER>O</NER>
            <Speaker>PER0</Speaker>
          </token>
          <token id="10">
            <word>.</word>
            <lemma>.</lemma>
            <CharacterOffsetBegin>13617</CharacterOffsetBegin>
            <CharacterOffsetEnd>13618</CharacterOffsetEnd>
            <POS>.</POS>
            <NER>O</NER>
            <Speaker>PER0</Speaker>
          </token>
        </tokens>
        <parse>(ROOT (S (NP (DT This)) (VP (VBD was) (NP (NP (DT the) (NN type)) (PP (IN of) (NP (NN leader))) (SBAR (S (NP (PRP I)) (VP (MD will) (VP (VB be))))))) (. .))) </parse>
        <dependencies type="basic-dependencies">
          <dep type="root">
            <governor idx="0">ROOT</governor>
            <dependent idx="4">type</dependent>
          </dep>
          <dep type="nsubj">
            <governor idx="4">type</governor>
            <dependent idx="1">This</dependent>
          </dep>
          <dep type="cop">
            <governor idx="4">type</governor>
            <dependent idx="2">was</dependent>
          </dep>
          <dep type="det">
            <governor idx="4">type</governor>
            <dependent idx="3">the</dependent>
          </dep>
          <dep type="case">
            <governor idx="6">leader</governor>
            <dependent idx="5">of</dependent>
          </dep>
          <dep type="nmod">
            <governor idx="4">type</governor>
            <dependent idx="6">leader</dependent>
          </dep>
          <dep type="nsubj">
            <governor idx="9">be</governor>
            <dependent idx="7">I</dependent>
          </dep>
          <dep type="aux">
            <governor idx="9">be</governor>
            <dependent idx="8">will</dependent>
          </dep>
          <dep type="acl:relcl">
            <governor idx="4">type</governor>
            <dependent idx="9">be</dependent>
          </dep>
          <dep type="punct">
            <governor idx="4">type</governor>
            <dependent idx="10">.</dependent>
          </dep>
        </dependencies>
        <dependencies type="collapsed-dependencies">
          <dep type="root">
            <governor idx="0">ROOT</governor>
            <dependent idx="4">type</dependent>
          </dep>
          <dep type="nsubj">
            <governor idx="4">type</governor>
            <dependent idx="1">This</dependent>
          </dep>
          <dep type="cop">
            <governor idx="4">type</governor>
            <dependent idx="2">was</dependent>
          </dep>
          <dep type="det">
            <governor idx="4">type</governor>
            <dependent idx="3">the</dependent>
          </dep>
          <dep type="case">
            <governor idx="6">leader</governor>
            <dependent idx="5">of</dependent>
          </dep>
          <dep type="nmod:of">
            <governor idx="4">type</governor>
            <dependent idx="6">leader</dependent>
          </dep>
          <dep type="nsubj">
            <governor idx="9">be</governor>
            <dependent idx="7">I</dependent>
          </dep>
          <dep type="aux">
            <governor idx="9">be</governor>
            <dependent idx="8">will</dependent>
          </dep>
          <dep type="acl:relcl">
            <governor idx="4">type</governor>
            <dependent idx="9">be</dependent>
          </dep>
          <dep type="punct">
            <governor idx="4">type</governor>
            <dependent idx="10">.</dependent>
          </dep>
        </dependencies>
        <dependencies type="collapsed-ccprocessed-dependencies">
          <dep type="root">
            <governor idx="0">ROOT</governor>
            <dependent idx="4">type</dependent>
          </dep>
          <dep type="nsubj">
            <governor idx="4">type</governor>
            <dependent idx="1">This</dependent>
          </dep>
          <dep type="cop">
            <governor idx="4">type</governor>
            <dependent idx="2">was</dependent>
          </dep>
          <dep type="det">
            <governor idx="4">type</governor>
            <dependent idx="3">the</dependent>
          </dep>
          <dep type="case">
            <governor idx="6">leader</governor>
            <dependent idx="5">of</dependent>
          </dep>
          <dep type="nmod:of">
            <governor idx="4">type</governor>
            <dependent idx="6">leader</dependent>
          </dep>
          <dep type="nsubj">
            <governor idx="9">be</governor>
            <dependent idx="7">I</dependent>
          </dep>
          <dep type="aux">
            <governor idx="9">be</governor>
            <dependent idx="8">will</dependent>
          </dep>
          <dep type="acl:relcl">
            <governor idx="4">type</governor>
            <dependent idx="9">be</dependent>
          </dep>
          <dep type="punct">
            <governor idx="4">type</governor>
            <dependent idx="10">.</dependent>
          </dep>
        </dependencies>
      </sentence>
      <sentence id="129">
        <tokens>
          <token id="1">
            <word>I</word>
            <lemma>I</lemma>
            <CharacterOffsetBegin>13619</CharacterOffsetBegin>
            <CharacterOffsetEnd>13620</CharacterOffsetEnd>
            <POS>PRP</POS>
            <NER>O</NER>
            <Speaker>PER0</Speaker>
          </token>
          <token id="2">
            <word>reflected</word>
            <lemma>reflect</lemma>
            <CharacterOffsetBegin>13621</CharacterOffsetBegin>
            <CharacterOffsetEnd>13630</CharacterOffsetEnd>
            <POS>VBD</POS>
            <NER>O</NER>
            <Speaker>PER0</Speaker>
          </token>
          <token id="3">
            <word>back</word>
            <lemma>back</lemma>
            <CharacterOffsetBegin>13631</CharacterOffsetBegin>
            <CharacterOffsetEnd>13635</CharacterOffsetEnd>
            <POS>RB</POS>
            <NER>O</NER>
            <Speaker>PER0</Speaker>
          </token>
          <token id="4">
            <word>to</word>
            <lemma>to</lemma>
            <CharacterOffsetBegin>13636</CharacterOffsetBegin>
            <CharacterOffsetEnd>13638</CharacterOffsetEnd>
            <POS>TO</POS>
            <NER>O</NER>
            <Speaker>PER0</Speaker>
          </token>
          <token id="5">
            <word>my</word>
            <lemma>my</lemma>
            <CharacterOffsetBegin>13639</CharacterOffsetBegin>
            <CharacterOffsetEnd>13641</CharacterOffsetEnd>
            <POS>PRP$</POS>
            <NER>O</NER>
            <Speaker>PER0</Speaker>
          </token>
          <token id="6">
            <word>workplace</word>
            <lemma>workplace</lemma>
            <CharacterOffsetBegin>13642</CharacterOffsetBegin>
            <CharacterOffsetEnd>13651</CharacterOffsetEnd>
            <POS>NN</POS>
            <NER>O</NER>
            <Speaker>PER0</Speaker>
          </token>
          <token id="7">
            <word>and</word>
            <lemma>and</lemma>
            <CharacterOffsetBegin>13652</CharacterOffsetBegin>
            <CharacterOffsetEnd>13655</CharacterOffsetEnd>
            <POS>CC</POS>
            <NER>O</NER>
            <Speaker>PER0</Speaker>
          </token>
          <token id="8">
            <word>we</word>
            <lemma>we</lemma>
            <CharacterOffsetBegin>13656</CharacterOffsetBegin>
            <CharacterOffsetEnd>13658</CharacterOffsetEnd>
            <POS>PRP</POS>
            <NER>O</NER>
            <Speaker>PER0</Speaker>
          </token>
          <token id="9">
            <word>recently</word>
            <lemma>recently</lemma>
            <CharacterOffsetBegin>13659</CharacterOffsetBegin>
            <CharacterOffsetEnd>13667</CharacterOffsetEnd>
            <POS>RB</POS>
            <NER>DATE</NER>
            <NormalizedNER>PAST_REF</NormalizedNER>
            <Speaker>PER0</Speaker>
            <Timex tid="t16" type="DATE">PAST_REF</Timex>
          </token>
          <token id="10">
            <word>had</word>
            <lemma>have</lemma>
            <CharacterOffsetBegin>13668</CharacterOffsetBegin>
            <CharacterOffsetEnd>13671</CharacterOffsetEnd>
            <POS>VBD</POS>
            <NER>O</NER>
            <Speaker>PER0</Speaker>
          </token>
          <token id="11">
            <word>a</word>
            <lemma>a</lemma>
            <CharacterOffsetBegin>13672</CharacterOffsetBegin>
            <CharacterOffsetEnd>13673</CharacterOffsetEnd>
            <POS>DT</POS>
            <NER>O</NER>
            <Speaker>PER0</Speaker>
          </token>
          <token id="12">
            <word>visit</word>
            <lemma>visit</lemma>
            <CharacterOffsetBegin>13674</CharacterOffsetBegin>
            <CharacterOffsetEnd>13679</CharacterOffsetEnd>
            <POS>NN</POS>
            <NER>O</NER>
            <Speaker>PER0</Speaker>
          </token>
          <token id="13">
            <word>from</word>
            <lemma>from</lemma>
            <CharacterOffsetBegin>13680</CharacterOffsetBegin>
            <CharacterOffsetEnd>13684</CharacterOffsetEnd>
            <POS>IN</POS>
            <NER>O</NER>
            <Speaker>PER0</Speaker>
          </token>
          <token id="14">
            <word>the</word>
            <lemma>the</lemma>
            <CharacterOffsetBegin>13685</CharacterOffsetBegin>
            <CharacterOffsetEnd>13688</CharacterOffsetEnd>
            <POS>DT</POS>
            <NER>O</NER>
            <Speaker>PER0</Speaker>
          </token>
          <token id="15">
            <word>Executive</word>
            <lemma>Executive</lemma>
            <CharacterOffsetBegin>13689</CharacterOffsetBegin>
            <CharacterOffsetEnd>13698</CharacterOffsetEnd>
            <POS>NNP</POS>
            <NER>O</NER>
            <Speaker>PER0</Speaker>
          </token>
          <token id="16">
            <word>Vice</word>
            <lemma>Vice</lemma>
            <CharacterOffsetBegin>13699</CharacterOffsetBegin>
            <CharacterOffsetEnd>13703</CharacterOffsetEnd>
            <POS>NNP</POS>
            <NER>O</NER>
            <Speaker>PER0</Speaker>
          </token>
          <token id="17">
            <word>President</word>
            <lemma>President</lemma>
            <CharacterOffsetBegin>13704</CharacterOffsetBegin>
            <CharacterOffsetEnd>13713</CharacterOffsetEnd>
            <POS>NNP</POS>
            <NER>O</NER>
            <Speaker>PER0</Speaker>
          </token>
          <token id="18">
            <word>of</word>
            <lemma>of</lemma>
            <CharacterOffsetBegin>13714</CharacterOffsetBegin>
            <CharacterOffsetEnd>13716</CharacterOffsetEnd>
            <POS>IN</POS>
            <NER>O</NER>
            <Speaker>PER0</Speaker>
          </token>
          <token id="19">
            <word>EMEA</word>
            <lemma>EMEA</lemma>
            <CharacterOffsetBegin>13717</CharacterOffsetBegin>
            <CharacterOffsetEnd>13721</CharacterOffsetEnd>
            <POS>NNP</POS>
            <NER>ORGANIZATION</NER>
            <Speaker>PER0</Speaker>
          </token>
          <token id="20">
            <word>and</word>
            <lemma>and</lemma>
            <CharacterOffsetBegin>13722</CharacterOffsetBegin>
            <CharacterOffsetEnd>13725</CharacterOffsetEnd>
            <POS>CC</POS>
            <NER>O</NER>
            <Speaker>PER0</Speaker>
          </token>
          <token id="21">
            <word>APAC</word>
            <lemma>APAC</lemma>
            <CharacterOffsetBegin>13726</CharacterOffsetBegin>
            <CharacterOffsetEnd>13730</CharacterOffsetEnd>
            <POS>NNP</POS>
            <NER>ORGANIZATION</NER>
            <Speaker>PER0</Speaker>
          </token>
          <token id="22">
            <word>,</word>
            <lemma>,</lemma>
            <CharacterOffsetBegin>13730</CharacterOffsetBegin>
            <CharacterOffsetEnd>13731</CharacterOffsetEnd>
            <POS>,</POS>
            <NER>O</NER>
            <Speaker>PER0</Speaker>
          </token>
          <token id="23">
            <word>I</word>
            <lemma>I</lemma>
            <CharacterOffsetBegin>13732</CharacterOffsetBegin>
            <CharacterOffsetEnd>13733</CharacterOffsetEnd>
            <POS>PRP</POS>
            <NER>O</NER>
            <Speaker>PER0</Speaker>
          </token>
          <token id="24">
            <word>observed</word>
            <lemma>observe</lemma>
            <CharacterOffsetBegin>13734</CharacterOffsetBegin>
            <CharacterOffsetEnd>13742</CharacterOffsetEnd>
            <POS>VBD</POS>
            <NER>O</NER>
            <Speaker>PER0</Speaker>
          </token>
          <token id="25">
            <word>his</word>
            <lemma>he</lemma>
            <CharacterOffsetBegin>13743</CharacterOffsetBegin>
            <CharacterOffsetEnd>13746</CharacterOffsetEnd>
            <POS>PRP$</POS>
            <NER>O</NER>
            <Speaker>PER0</Speaker>
          </token>
          <token id="26">
            <word>behaviour</word>
            <lemma>behaviour</lemma>
            <CharacterOffsetBegin>13747</CharacterOffsetBegin>
            <CharacterOffsetEnd>13756</CharacterOffsetEnd>
            <POS>NN</POS>
            <NER>O</NER>
            <Speaker>PER0</Speaker>
          </token>
          <token id="27">
            <word>in</word>
            <lemma>in</lemma>
            <CharacterOffsetBegin>13757</CharacterOffsetBegin>
            <CharacterOffsetEnd>13759</CharacterOffsetEnd>
            <POS>IN</POS>
            <NER>O</NER>
            <Speaker>PER0</Speaker>
          </token>
          <token id="28">
            <word>the</word>
            <lemma>the</lemma>
            <CharacterOffsetBegin>13760</CharacterOffsetBegin>
            <CharacterOffsetEnd>13763</CharacterOffsetEnd>
            <POS>DT</POS>
            <NER>O</NER>
            <Speaker>PER0</Speaker>
          </token>
          <token id="29">
            <word>town</word>
            <lemma>town</lemma>
            <CharacterOffsetBegin>13764</CharacterOffsetBegin>
            <CharacterOffsetEnd>13768</CharacterOffsetEnd>
            <POS>NN</POS>
            <NER>O</NER>
            <Speaker>PER0</Speaker>
          </token>
          <token id="30">
            <word>hall</word>
            <lemma>hall</lemma>
            <CharacterOffsetBegin>13769</CharacterOffsetBegin>
            <CharacterOffsetEnd>13773</CharacterOffsetEnd>
            <POS>NN</POS>
            <NER>O</NER>
            <Speaker>PER0</Speaker>
          </token>
          <token id="31">
            <word>meeting</word>
            <lemma>meeting</lemma>
            <CharacterOffsetBegin>13774</CharacterOffsetBegin>
            <CharacterOffsetEnd>13781</CharacterOffsetEnd>
            <POS>NN</POS>
            <NER>O</NER>
            <Speaker>PER0</Speaker>
          </token>
          <token id="32">
            <word>.</word>
            <lemma>.</lemma>
            <CharacterOffsetBegin>13781</CharacterOffsetBegin>
            <CharacterOffsetEnd>13782</CharacterOffsetEnd>
            <POS>.</POS>
            <NER>O</NER>
            <Speaker>PER0</Speaker>
          </token>
        </tokens>
        <parse>(ROOT (S (S (S (NP (PRP I)) (VP (VBD reflected) (ADVP (RB back)) (PP (TO to) (NP (PRP$ my) (NN workplace))))) (CC and) (S (NP (PRP we)) (ADVP (RB recently)) (VP (VBD had) (NP (NP (DT a) (NN visit)) (PP (IN from) (NP (NP (DT the) (NNP Executive) (NNP Vice) (NNP President)) (PP (IN of) (NP (NNP EMEA) (CC and) (NNP APAC))))))))) (, ,) (NP (PRP I)) (VP (VBD observed) (NP (PRP$ his) (NN behaviour)) (PP (IN in) (NP (DT the) (NN town) (NN hall) (NN meeting)))) (. .))) </parse>
        <dependencies type="basic-dependencies">
          <dep type="root">
            <governor idx="0">ROOT</governor>
            <dependent idx="24">observed</dependent>
          </dep>
          <dep type="nsubj">
            <governor idx="2">reflected</governor>
            <dependent idx="1">I</dependent>
          </dep>
          <dep type="ccomp">
            <governor idx="24">observed</governor>
            <dependent idx="2">reflected</dependent>
          </dep>
          <dep type="advmod">
            <governor idx="2">reflected</governor>
            <dependent idx="3">back</dependent>
          </dep>
          <dep type="case">
            <governor idx="6">workplace</governor>
            <dependent idx="4">to</dependent>
          </dep>
          <dep type="nmod:poss">
            <governor idx="6">workplace</governor>
            <dependent idx="5">my</dependent>
          </dep>
          <dep type="nmod">
            <governor idx="2">reflected</governor>
            <dependent idx="6">workplace</dependent>
          </dep>
          <dep type="cc">
            <governor idx="2">reflected</governor>
            <dependent idx="7">and</dependent>
          </dep>
          <dep type="nsubj">
            <governor idx="10">had</governor>
            <dependent idx="8">we</dependent>
          </dep>
          <dep type="advmod">
            <governor idx="10">had</governor>
            <dependent idx="9">recently</dependent>
          </dep>
          <dep type="conj">
            <governor idx="2">reflected</governor>
            <dependent idx="10">had</dependent>
          </dep>
          <dep type="det">
            <governor idx="12">visit</governor>
            <dependent idx="11">a</dependent>
          </dep>
          <dep type="dobj">
            <governor idx="10">had</governor>
            <dependent idx="12">visit</dependent>
          </dep>
          <dep type="case">
            <governor idx="17">President</governor>
            <dependent idx="13">from</dependent>
          </dep>
          <dep type="det">
            <governor idx="17">President</governor>
            <dependent idx="14">the</dependent>
          </dep>
          <dep type="compound">
            <governor idx="17">President</governor>
            <dependent idx="15">Executive</dependent>
          </dep>
          <dep type="compound">
            <governor idx="17">President</governor>
            <dependent idx="16">Vice</dependent>
          </dep>
          <dep type="nmod">
            <governor idx="12">visit</governor>
            <dependent idx="17">President</dependent>
          </dep>
          <dep type="case">
            <governor idx="19">EMEA</governor>
            <dependent idx="18">of</dependent>
          </dep>
          <dep type="nmod">
            <governor idx="17">President</governor>
            <dependent idx="19">EMEA</dependent>
          </dep>
          <dep type="cc">
            <governor idx="19">EMEA</governor>
            <dependent idx="20">and</dependent>
          </dep>
          <dep type="conj">
            <governor idx="19">EMEA</governor>
            <dependent idx="21">APAC</dependent>
          </dep>
          <dep type="punct">
            <governor idx="24">observed</governor>
            <dependent idx="22">,</dependent>
          </dep>
          <dep type="nsubj">
            <governor idx="24">observed</governor>
            <dependent idx="23">I</dependent>
          </dep>
          <dep type="nmod:poss">
            <governor idx="26">behaviour</governor>
            <dependent idx="25">his</dependent>
          </dep>
          <dep type="dobj">
            <governor idx="24">observed</governor>
            <dependent idx="26">behaviour</dependent>
          </dep>
          <dep type="case">
            <governor idx="31">meeting</governor>
            <dependent idx="27">in</dependent>
          </dep>
          <dep type="det">
            <governor idx="31">meeting</governor>
            <dependent idx="28">the</dependent>
          </dep>
          <dep type="compound">
            <governor idx="31">meeting</governor>
            <dependent idx="29">town</dependent>
          </dep>
          <dep type="compound">
            <governor idx="31">meeting</governor>
            <dependent idx="30">hall</dependent>
          </dep>
          <dep type="nmod">
            <governor idx="24">observed</governor>
            <dependent idx="31">meeting</dependent>
          </dep>
          <dep type="punct">
            <governor idx="24">observed</governor>
            <dependent idx="32">.</dependent>
          </dep>
        </dependencies>
        <dependencies type="collapsed-dependencies">
          <dep type="root">
            <governor idx="0">ROOT</governor>
            <dependent idx="24">observed</dependent>
          </dep>
          <dep type="nsubj">
            <governor idx="2">reflected</governor>
            <dependent idx="1">I</dependent>
          </dep>
          <dep type="ccomp">
            <governor idx="24">observed</governor>
            <dependent idx="2">reflected</dependent>
          </dep>
          <dep type="advmod">
            <governor idx="2">reflected</governor>
            <dependent idx="3">back</dependent>
          </dep>
          <dep type="case">
            <governor idx="6">workplace</governor>
            <dependent idx="4">to</dependent>
          </dep>
          <dep type="nmod:poss">
            <governor idx="6">workplace</governor>
            <dependent idx="5">my</dependent>
          </dep>
          <dep type="nmod:to">
            <governor idx="2">reflected</governor>
            <dependent idx="6">workplace</dependent>
          </dep>
          <dep type="cc">
            <governor idx="2">reflected</governor>
            <dependent idx="7">and</dependent>
          </dep>
          <dep type="nsubj">
            <governor idx="10">had</governor>
            <dependent idx="8">we</dependent>
          </dep>
          <dep type="advmod">
            <governor idx="10">had</governor>
            <dependent idx="9">recently</dependent>
          </dep>
          <dep type="conj:and">
            <governor idx="2">reflected</governor>
            <dependent idx="10">had</dependent>
          </dep>
          <dep type="det">
            <governor idx="12">visit</governor>
            <dependent idx="11">a</dependent>
          </dep>
          <dep type="dobj">
            <governor idx="10">had</governor>
            <dependent idx="12">visit</dependent>
          </dep>
          <dep type="case">
            <governor idx="17">President</governor>
            <dependent idx="13">from</dependent>
          </dep>
          <dep type="det">
            <governor idx="17">President</governor>
            <dependent idx="14">the</dependent>
          </dep>
          <dep type="compound">
            <governor idx="17">President</governor>
            <dependent idx="15">Executive</dependent>
          </dep>
          <dep type="compound">
            <governor idx="17">President</governor>
            <dependent idx="16">Vice</dependent>
          </dep>
          <dep type="nmod:from">
            <governor idx="12">visit</governor>
            <dependent idx="17">President</dependent>
          </dep>
          <dep type="case">
            <governor idx="19">EMEA</governor>
            <dependent idx="18">of</dependent>
          </dep>
          <dep type="nmod:of">
            <governor idx="17">President</governor>
            <dependent idx="19">EMEA</dependent>
          </dep>
          <dep type="cc">
            <governor idx="19">EMEA</governor>
            <dependent idx="20">and</dependent>
          </dep>
          <dep type="conj:and">
            <governor idx="19">EMEA</governor>
            <dependent idx="21">APAC</dependent>
          </dep>
          <dep type="punct">
            <governor idx="24">observed</governor>
            <dependent idx="22">,</dependent>
          </dep>
          <dep type="nsubj">
            <governor idx="24">observed</governor>
            <dependent idx="23">I</dependent>
          </dep>
          <dep type="nmod:poss">
            <governor idx="26">behaviour</governor>
            <dependent idx="25">his</dependent>
          </dep>
          <dep type="dobj">
            <governor idx="24">observed</governor>
            <dependent idx="26">behaviour</dependent>
          </dep>
          <dep type="case">
            <governor idx="31">meeting</governor>
            <dependent idx="27">in</dependent>
          </dep>
          <dep type="det">
            <governor idx="31">meeting</governor>
            <dependent idx="28">the</dependent>
          </dep>
          <dep type="compound">
            <governor idx="31">meeting</governor>
            <dependent idx="29">town</dependent>
          </dep>
          <dep type="compound">
            <governor idx="31">meeting</governor>
            <dependent idx="30">hall</dependent>
          </dep>
          <dep type="nmod:in">
            <governor idx="24">observed</governor>
            <dependent idx="31">meeting</dependent>
          </dep>
          <dep type="punct">
            <governor idx="24">observed</governor>
            <dependent idx="32">.</dependent>
          </dep>
        </dependencies>
        <dependencies type="collapsed-ccprocessed-dependencies">
          <dep type="root">
            <governor idx="0">ROOT</governor>
            <dependent idx="24">observed</dependent>
          </dep>
          <dep type="nsubj">
            <governor idx="2">reflected</governor>
            <dependent idx="1">I</dependent>
          </dep>
          <dep type="ccomp">
            <governor idx="24">observed</governor>
            <dependent idx="2">reflected</dependent>
          </dep>
          <dep type="advmod">
            <governor idx="2">reflected</governor>
            <dependent idx="3">back</dependent>
          </dep>
          <dep type="case">
            <governor idx="6">workplace</governor>
            <dependent idx="4">to</dependent>
          </dep>
          <dep type="nmod:poss">
            <governor idx="6">workplace</governor>
            <dependent idx="5">my</dependent>
          </dep>
          <dep type="nmod:to">
            <governor idx="2">reflected</governor>
            <dependent idx="6">workplace</dependent>
          </dep>
          <dep type="cc">
            <governor idx="2">reflected</governor>
            <dependent idx="7">and</dependent>
          </dep>
          <dep type="nsubj">
            <governor idx="10">had</governor>
            <dependent idx="8">we</dependent>
          </dep>
          <dep type="advmod">
            <governor idx="10">had</governor>
            <dependent idx="9">recently</dependent>
          </dep>
          <dep type="conj:and">
            <governor idx="2">reflected</governor>
            <dependent idx="10">had</dependent>
          </dep>
          <dep type="ccomp" extra="true">
            <governor idx="24">observed</governor>
            <dependent idx="10">had</dependent>
          </dep>
          <dep type="det">
            <governor idx="12">visit</governor>
            <dependent idx="11">a</dependent>
          </dep>
          <dep type="dobj">
            <governor idx="10">had</governor>
            <dependent idx="12">visit</dependent>
          </dep>
          <dep type="case">
            <governor idx="17">President</governor>
            <dependent idx="13">from</dependent>
          </dep>
          <dep type="det">
            <governor idx="17">President</governor>
            <dependent idx="14">the</dependent>
          </dep>
          <dep type="compound">
            <governor idx="17">President</governor>
            <dependent idx="15">Executive</dependent>
          </dep>
          <dep type="compound">
            <governor idx="17">President</governor>
            <dependent idx="16">Vice</dependent>
          </dep>
          <dep type="nmod:from">
            <governor idx="12">visit</governor>
            <dependent idx="17">President</dependent>
          </dep>
          <dep type="case">
            <governor idx="19">EMEA</governor>
            <dependent idx="18">of</dependent>
          </dep>
          <dep type="nmod:of">
            <governor idx="17">President</governor>
            <dependent idx="19">EMEA</dependent>
          </dep>
          <dep type="cc">
            <governor idx="19">EMEA</governor>
            <dependent idx="20">and</dependent>
          </dep>
          <dep type="nmod:of" extra="true">
            <governor idx="17">President</governor>
            <dependent idx="21">APAC</dependent>
          </dep>
          <dep type="conj:and">
            <governor idx="19">EMEA</governor>
            <dependent idx="21">APAC</dependent>
          </dep>
          <dep type="punct">
            <governor idx="24">observed</governor>
            <dependent idx="22">,</dependent>
          </dep>
          <dep type="nsubj">
            <governor idx="24">observed</governor>
            <dependent idx="23">I</dependent>
          </dep>
          <dep type="nmod:poss">
            <governor idx="26">behaviour</governor>
            <dependent idx="25">his</dependent>
          </dep>
          <dep type="dobj">
            <governor idx="24">observed</governor>
            <dependent idx="26">behaviour</dependent>
          </dep>
          <dep type="case">
            <governor idx="31">meeting</governor>
            <dependent idx="27">in</dependent>
          </dep>
          <dep type="det">
            <governor idx="31">meeting</governor>
            <dependent idx="28">the</dependent>
          </dep>
          <dep type="compound">
            <governor idx="31">meeting</governor>
            <dependent idx="29">town</dependent>
          </dep>
          <dep type="compound">
            <governor idx="31">meeting</governor>
            <dependent idx="30">hall</dependent>
          </dep>
          <dep type="nmod:in">
            <governor idx="24">observed</governor>
            <dependent idx="31">meeting</dependent>
          </dep>
          <dep type="punct">
            <governor idx="24">observed</governor>
            <dependent idx="32">.</dependent>
          </dep>
        </dependencies>
      </sentence>
      <sentence id="130">
        <tokens>
          <token id="1">
            <word>I</word>
            <lemma>I</lemma>
            <CharacterOffsetBegin>13783</CharacterOffsetBegin>
            <CharacterOffsetEnd>13784</CharacterOffsetEnd>
            <POS>PRP</POS>
            <NER>O</NER>
            <Speaker>PER0</Speaker>
          </token>
          <token id="2">
            <word>found</word>
            <lemma>find</lemma>
            <CharacterOffsetBegin>13785</CharacterOffsetBegin>
            <CharacterOffsetEnd>13790</CharacterOffsetEnd>
            <POS>VBD</POS>
            <NER>O</NER>
            <Speaker>PER0</Speaker>
          </token>
          <token id="3">
            <word>him</word>
            <lemma>he</lemma>
            <CharacterOffsetBegin>13791</CharacterOffsetBegin>
            <CharacterOffsetEnd>13794</CharacterOffsetEnd>
            <POS>PRP</POS>
            <NER>O</NER>
            <Speaker>PER0</Speaker>
          </token>
          <token id="4">
            <word>to</word>
            <lemma>to</lemma>
            <CharacterOffsetBegin>13795</CharacterOffsetBegin>
            <CharacterOffsetEnd>13797</CharacterOffsetEnd>
            <POS>TO</POS>
            <NER>O</NER>
            <Speaker>PER0</Speaker>
          </token>
          <token id="5">
            <word>be</word>
            <lemma>be</lemma>
            <CharacterOffsetBegin>13798</CharacterOffsetBegin>
            <CharacterOffsetEnd>13800</CharacterOffsetEnd>
            <POS>VB</POS>
            <NER>O</NER>
            <Speaker>PER0</Speaker>
          </token>
          <token id="6">
            <word>such</word>
            <lemma>such</lemma>
            <CharacterOffsetBegin>13801</CharacterOffsetBegin>
            <CharacterOffsetEnd>13805</CharacterOffsetEnd>
            <POS>JJ</POS>
            <NER>O</NER>
            <Speaker>PER0</Speaker>
          </token>
          <token id="7">
            <word>an</word>
            <lemma>a</lemma>
            <CharacterOffsetBegin>13806</CharacterOffsetBegin>
            <CharacterOffsetEnd>13808</CharacterOffsetEnd>
            <POS>DT</POS>
            <NER>O</NER>
            <Speaker>PER0</Speaker>
          </token>
          <token id="8">
            <word>interesting</word>
            <lemma>interesting</lemma>
            <CharacterOffsetBegin>13809</CharacterOffsetBegin>
            <CharacterOffsetEnd>13820</CharacterOffsetEnd>
            <POS>JJ</POS>
            <NER>O</NER>
            <Speaker>PER0</Speaker>
          </token>
          <token id="9">
            <word>and</word>
            <lemma>and</lemma>
            <CharacterOffsetBegin>13821</CharacterOffsetBegin>
            <CharacterOffsetEnd>13824</CharacterOffsetEnd>
            <POS>CC</POS>
            <NER>O</NER>
            <Speaker>PER0</Speaker>
          </token>
          <token id="10">
            <word>confident</word>
            <lemma>confident</lemma>
            <CharacterOffsetBegin>13825</CharacterOffsetBegin>
            <CharacterOffsetEnd>13834</CharacterOffsetEnd>
            <POS>JJ</POS>
            <NER>O</NER>
            <Speaker>PER0</Speaker>
          </token>
          <token id="11">
            <word>Executive</word>
            <lemma>Executive</lemma>
            <CharacterOffsetBegin>13835</CharacterOffsetBegin>
            <CharacterOffsetEnd>13844</CharacterOffsetEnd>
            <POS>NNP</POS>
            <NER>O</NER>
            <Speaker>PER0</Speaker>
          </token>
          <token id="12">
            <word>Vice</word>
            <lemma>Vice</lemma>
            <CharacterOffsetBegin>13845</CharacterOffsetBegin>
            <CharacterOffsetEnd>13849</CharacterOffsetEnd>
            <POS>NNP</POS>
            <NER>O</NER>
            <Speaker>PER0</Speaker>
          </token>
          <token id="13">
            <word>President</word>
            <lemma>President</lemma>
            <CharacterOffsetBegin>13850</CharacterOffsetBegin>
            <CharacterOffsetEnd>13859</CharacterOffsetEnd>
            <POS>NNP</POS>
            <NER>O</NER>
            <Speaker>PER0</Speaker>
          </token>
          <token id="14">
            <word>,</word>
            <lemma>,</lemma>
            <CharacterOffsetBegin>13859</CharacterOffsetBegin>
            <CharacterOffsetEnd>13860</CharacterOffsetEnd>
            <POS>,</POS>
            <NER>O</NER>
            <Speaker>PER0</Speaker>
          </token>
          <token id="15">
            <word>he</word>
            <lemma>he</lemma>
            <CharacterOffsetBegin>13861</CharacterOffsetBegin>
            <CharacterOffsetEnd>13863</CharacterOffsetEnd>
            <POS>PRP</POS>
            <NER>O</NER>
            <Speaker>PER0</Speaker>
          </token>
          <token id="16">
            <word>was</word>
            <lemma>be</lemma>
            <CharacterOffsetBegin>13864</CharacterOffsetBegin>
            <CharacterOffsetEnd>13867</CharacterOffsetEnd>
            <POS>VBD</POS>
            <NER>O</NER>
            <Speaker>PER0</Speaker>
          </token>
          <token id="17">
            <word>n't</word>
            <lemma>not</lemma>
            <CharacterOffsetBegin>13867</CharacterOffsetBegin>
            <CharacterOffsetEnd>13870</CharacterOffsetEnd>
            <POS>RB</POS>
            <NER>O</NER>
            <Speaker>PER0</Speaker>
          </token>
          <token id="18">
            <word>like</word>
            <lemma>like</lemma>
            <CharacterOffsetBegin>13871</CharacterOffsetBegin>
            <CharacterOffsetEnd>13875</CharacterOffsetEnd>
            <POS>VB</POS>
            <NER>O</NER>
            <Speaker>PER0</Speaker>
          </token>
          <token id="19">
            <word>the</word>
            <lemma>the</lemma>
            <CharacterOffsetBegin>13876</CharacterOffsetBegin>
            <CharacterOffsetEnd>13879</CharacterOffsetEnd>
            <POS>DT</POS>
            <NER>O</NER>
            <Speaker>PER0</Speaker>
          </token>
          <token id="20">
            <word>other</word>
            <lemma>other</lemma>
            <CharacterOffsetBegin>13880</CharacterOffsetBegin>
            <CharacterOffsetEnd>13885</CharacterOffsetEnd>
            <POS>JJ</POS>
            <NER>O</NER>
            <Speaker>PER0</Speaker>
          </token>
          <token id="21">
            <word>three</word>
            <lemma>three</lemma>
            <CharacterOffsetBegin>13886</CharacterOffsetBegin>
            <CharacterOffsetEnd>13891</CharacterOffsetEnd>
            <POS>CD</POS>
            <NER>NUMBER</NER>
            <NormalizedNER>3.0</NormalizedNER>
            <Speaker>PER0</Speaker>
          </token>
          <token id="22">
            <word>leaders</word>
            <lemma>leader</lemma>
            <CharacterOffsetBegin>13892</CharacterOffsetBegin>
            <CharacterOffsetEnd>13899</CharacterOffsetEnd>
            <POS>NNS</POS>
            <NER>O</NER>
            <Speaker>PER0</Speaker>
          </token>
          <token id="23">
            <word>that</word>
            <lemma>that</lemma>
            <CharacterOffsetBegin>13900</CharacterOffsetBegin>
            <CharacterOffsetEnd>13904</CharacterOffsetEnd>
            <POS>IN</POS>
            <NER>O</NER>
            <Speaker>PER0</Speaker>
          </token>
          <token id="24">
            <word>I</word>
            <lemma>I</lemma>
            <CharacterOffsetBegin>13905</CharacterOffsetBegin>
            <CharacterOffsetEnd>13906</CharacterOffsetEnd>
            <POS>PRP</POS>
            <NER>O</NER>
            <Speaker>PER0</Speaker>
          </token>
          <token id="25">
            <word>had</word>
            <lemma>have</lemma>
            <CharacterOffsetBegin>13907</CharacterOffsetBegin>
            <CharacterOffsetEnd>13910</CharacterOffsetEnd>
            <POS>VBD</POS>
            <NER>O</NER>
            <Speaker>PER0</Speaker>
          </token>
          <token id="26">
            <word>observed</word>
            <lemma>observe</lemma>
            <CharacterOffsetBegin>13911</CharacterOffsetBegin>
            <CharacterOffsetEnd>13919</CharacterOffsetEnd>
            <POS>VBN</POS>
            <NER>O</NER>
            <Speaker>PER0</Speaker>
          </token>
          <token id="27">
            <word>before</word>
            <lemma>before</lemma>
            <CharacterOffsetBegin>13920</CharacterOffsetBegin>
            <CharacterOffsetEnd>13926</CharacterOffsetEnd>
            <POS>IN</POS>
            <NER>O</NER>
            <Speaker>PER0</Speaker>
          </token>
          <token id="28">
            <word>and</word>
            <lemma>and</lemma>
            <CharacterOffsetBegin>13927</CharacterOffsetBegin>
            <CharacterOffsetEnd>13930</CharacterOffsetEnd>
            <POS>CC</POS>
            <NER>O</NER>
            <Speaker>PER0</Speaker>
          </token>
          <token id="29">
            <word>the</word>
            <lemma>the</lemma>
            <CharacterOffsetBegin>13931</CharacterOffsetBegin>
            <CharacterOffsetEnd>13934</CharacterOffsetEnd>
            <POS>DT</POS>
            <NER>O</NER>
            <Speaker>PER0</Speaker>
          </token>
          <token id="30">
            <word>difference</word>
            <lemma>difference</lemma>
            <CharacterOffsetBegin>13935</CharacterOffsetBegin>
            <CharacterOffsetEnd>13945</CharacterOffsetEnd>
            <POS>NN</POS>
            <NER>O</NER>
            <Speaker>PER0</Speaker>
          </token>
          <token id="31">
            <word>was</word>
            <lemma>be</lemma>
            <CharacterOffsetBegin>13946</CharacterOffsetBegin>
            <CharacterOffsetEnd>13949</CharacterOffsetEnd>
            <POS>VBD</POS>
            <NER>O</NER>
            <Speaker>PER0</Speaker>
          </token>
          <token id="32">
            <word>authenticity</word>
            <lemma>authenticity</lemma>
            <CharacterOffsetBegin>13950</CharacterOffsetBegin>
            <CharacterOffsetEnd>13962</CharacterOffsetEnd>
            <POS>NN</POS>
            <NER>O</NER>
            <Speaker>PER0</Speaker>
          </token>
          <token id="33">
            <word>.</word>
            <lemma>.</lemma>
            <CharacterOffsetBegin>13962</CharacterOffsetBegin>
            <CharacterOffsetEnd>13963</CharacterOffsetEnd>
            <POS>.</POS>
            <NER>O</NER>
            <Speaker>PER0</Speaker>
          </token>
        </tokens>
        <parse>(ROOT (S (NP (PRP I)) (VP (VBD found) (S (NP (PRP him)) (VP (TO to) (VP (VB be) (ADJP (JJ such) (SBAR (S (S (S (NP (DT an) (ADJP (JJ interesting) (CC and) (JJ confident)) (NNP Executive) (NNP Vice) (NNP President))) (, ,) (NP (PRP he)) (VP (VBD was) (RB n't) (VP (VB like) (NP (DT the) (JJ other) (CD three) (NNS leaders)) (SBAR (IN that) (S (NP (PRP I)) (VP (VBD had) (VP (VBN observed) (PP (IN before))))))))) (CC and) (S (NP (DT the) (NN difference)) (VP (VBD was) (NP (NN authenticity))))))))))) (. .))) </parse>
        <dependencies type="basic-dependencies">
          <dep type="root">
            <governor idx="0">ROOT</governor>
            <dependent idx="2">found</dependent>
          </dep>
          <dep type="nsubj">
            <governor idx="2">found</governor>
            <dependent idx="1">I</dependent>
          </dep>
          <dep type="dobj">
            <governor idx="2">found</governor>
            <dependent idx="3">him</dependent>
          </dep>
          <dep type="mark">
            <governor idx="6">such</governor>
            <dependent idx="4">to</dependent>
          </dep>
          <dep type="cop">
            <governor idx="6">such</governor>
            <dependent idx="5">be</dependent>
          </dep>
          <dep type="xcomp">
            <governor idx="2">found</governor>
            <dependent idx="6">such</dependent>
          </dep>
          <dep type="det">
            <governor idx="13">President</governor>
            <dependent idx="7">an</dependent>
          </dep>
          <dep type="amod">
            <governor idx="13">President</governor>
            <dependent idx="8">interesting</dependent>
          </dep>
          <dep type="cc">
            <governor idx="8">interesting</governor>
            <dependent idx="9">and</dependent>
          </dep>
          <dep type="conj">
            <governor idx="8">interesting</governor>
            <dependent idx="10">confident</dependent>
          </dep>
          <dep type="compound">
            <governor idx="13">President</governor>
            <dependent idx="11">Executive</dependent>
          </dep>
          <dep type="compound">
            <governor idx="13">President</governor>
            <dependent idx="12">Vice</dependent>
          </dep>
          <dep type="ccomp">
            <governor idx="18">like</governor>
            <dependent idx="13">President</dependent>
          </dep>
          <dep type="punct">
            <governor idx="18">like</governor>
            <dependent idx="14">,</dependent>
          </dep>
          <dep type="nsubj">
            <governor idx="18">like</governor>
            <dependent idx="15">he</dependent>
          </dep>
          <dep type="aux">
            <governor idx="18">like</governor>
            <dependent idx="16">was</dependent>
          </dep>
          <dep type="neg">
            <governor idx="18">like</governor>
            <dependent idx="17">n't</dependent>
          </dep>
          <dep type="ccomp">
            <governor idx="6">such</governor>
            <dependent idx="18">like</dependent>
          </dep>
          <dep type="det">
            <governor idx="22">leaders</governor>
            <dependent idx="19">the</dependent>
          </dep>
          <dep type="amod">
            <governor idx="22">leaders</governor>
            <dependent idx="20">other</dependent>
          </dep>
          <dep type="nummod">
            <governor idx="22">leaders</governor>
            <dependent idx="21">three</dependent>
          </dep>
          <dep type="dobj">
            <governor idx="18">like</governor>
            <dependent idx="22">leaders</dependent>
          </dep>
          <dep type="mark">
            <governor idx="26">observed</governor>
            <dependent idx="23">that</dependent>
          </dep>
          <dep type="nsubj">
            <governor idx="26">observed</governor>
            <dependent idx="24">I</dependent>
          </dep>
          <dep type="aux">
            <governor idx="26">observed</governor>
            <dependent idx="25">had</dependent>
          </dep>
          <dep type="ccomp">
            <governor idx="18">like</governor>
            <dependent idx="26">observed</dependent>
          </dep>
          <dep type="nmod">
            <governor idx="26">observed</governor>
            <dependent idx="27">before</dependent>
          </dep>
          <dep type="cc">
            <governor idx="18">like</governor>
            <dependent idx="28">and</dependent>
          </dep>
          <dep type="det">
            <governor idx="30">difference</governor>
            <dependent idx="29">the</dependent>
          </dep>
          <dep type="nsubj">
            <governor idx="32">authenticity</governor>
            <dependent idx="30">difference</dependent>
          </dep>
          <dep type="cop">
            <governor idx="32">authenticity</governor>
            <dependent idx="31">was</dependent>
          </dep>
          <dep type="conj">
            <governor idx="18">like</governor>
            <dependent idx="32">authenticity</dependent>
          </dep>
          <dep type="punct">
            <governor idx="2">found</governor>
            <dependent idx="33">.</dependent>
          </dep>
        </dependencies>
        <dependencies type="collapsed-dependencies">
          <dep type="root">
            <governor idx="0">ROOT</governor>
            <dependent idx="2">found</dependent>
          </dep>
          <dep type="nsubj">
            <governor idx="2">found</governor>
            <dependent idx="1">I</dependent>
          </dep>
          <dep type="dobj">
            <governor idx="2">found</governor>
            <dependent idx="3">him</dependent>
          </dep>
          <dep type="mark">
            <governor idx="6">such</governor>
            <dependent idx="4">to</dependent>
          </dep>
          <dep type="cop">
            <governor idx="6">such</governor>
            <dependent idx="5">be</dependent>
          </dep>
          <dep type="xcomp">
            <governor idx="2">found</governor>
            <dependent idx="6">such</dependent>
          </dep>
          <dep type="det">
            <governor idx="13">President</governor>
            <dependent idx="7">an</dependent>
          </dep>
          <dep type="amod">
            <governor idx="13">President</governor>
            <dependent idx="8">interesting</dependent>
          </dep>
          <dep type="cc">
            <governor idx="8">interesting</governor>
            <dependent idx="9">and</dependent>
          </dep>
          <dep type="conj:and">
            <governor idx="8">interesting</governor>
            <dependent idx="10">confident</dependent>
          </dep>
          <dep type="compound">
            <governor idx="13">President</governor>
            <dependent idx="11">Executive</dependent>
          </dep>
          <dep type="compound">
            <governor idx="13">President</governor>
            <dependent idx="12">Vice</dependent>
          </dep>
          <dep type="ccomp">
            <governor idx="18">like</governor>
            <dependent idx="13">President</dependent>
          </dep>
          <dep type="punct">
            <governor idx="18">like</governor>
            <dependent idx="14">,</dependent>
          </dep>
          <dep type="nsubj">
            <governor idx="18">like</governor>
            <dependent idx="15">he</dependent>
          </dep>
          <dep type="aux">
            <governor idx="18">like</governor>
            <dependent idx="16">was</dependent>
          </dep>
          <dep type="neg">
            <governor idx="18">like</governor>
            <dependent idx="17">n't</dependent>
          </dep>
          <dep type="ccomp">
            <governor idx="6">such</governor>
            <dependent idx="18">like</dependent>
          </dep>
          <dep type="det">
            <governor idx="22">leaders</governor>
            <dependent idx="19">the</dependent>
          </dep>
          <dep type="amod">
            <governor idx="22">leaders</governor>
            <dependent idx="20">other</dependent>
          </dep>
          <dep type="nummod">
            <governor idx="22">leaders</governor>
            <dependent idx="21">three</dependent>
          </dep>
          <dep type="dobj">
            <governor idx="18">like</governor>
            <dependent idx="22">leaders</dependent>
          </dep>
          <dep type="mark">
            <governor idx="26">observed</governor>
            <dependent idx="23">that</dependent>
          </dep>
          <dep type="nsubj">
            <governor idx="26">observed</governor>
            <dependent idx="24">I</dependent>
          </dep>
          <dep type="aux">
            <governor idx="26">observed</governor>
            <dependent idx="25">had</dependent>
          </dep>
          <dep type="ccomp">
            <governor idx="18">like</governor>
            <dependent idx="26">observed</dependent>
          </dep>
          <dep type="nmod">
            <governor idx="26">observed</governor>
            <dependent idx="27">before</dependent>
          </dep>
          <dep type="cc">
            <governor idx="18">like</governor>
            <dependent idx="28">and</dependent>
          </dep>
          <dep type="det">
            <governor idx="30">difference</governor>
            <dependent idx="29">the</dependent>
          </dep>
          <dep type="nsubj">
            <governor idx="32">authenticity</governor>
            <dependent idx="30">difference</dependent>
          </dep>
          <dep type="cop">
            <governor idx="32">authenticity</governor>
            <dependent idx="31">was</dependent>
          </dep>
          <dep type="conj:and">
            <governor idx="18">like</governor>
            <dependent idx="32">authenticity</dependent>
          </dep>
          <dep type="punct">
            <governor idx="2">found</governor>
            <dependent idx="33">.</dependent>
          </dep>
        </dependencies>
        <dependencies type="collapsed-ccprocessed-dependencies">
          <dep type="root">
            <governor idx="0">ROOT</governor>
            <dependent idx="2">found</dependent>
          </dep>
          <dep type="nsubj">
            <governor idx="2">found</governor>
            <dependent idx="1">I</dependent>
          </dep>
          <dep type="dobj">
            <governor idx="2">found</governor>
            <dependent idx="3">him</dependent>
          </dep>
          <dep type="mark">
            <governor idx="6">such</governor>
            <dependent idx="4">to</dependent>
          </dep>
          <dep type="cop">
            <governor idx="6">such</governor>
            <dependent idx="5">be</dependent>
          </dep>
          <dep type="xcomp">
            <governor idx="2">found</governor>
            <dependent idx="6">such</dependent>
          </dep>
          <dep type="det">
            <governor idx="13">President</governor>
            <dependent idx="7">an</dependent>
          </dep>
          <dep type="amod">
            <governor idx="13">President</governor>
            <dependent idx="8">interesting</dependent>
          </dep>
          <dep type="cc">
            <governor idx="8">interesting</governor>
            <dependent idx="9">and</dependent>
          </dep>
          <dep type="conj:and">
            <governor idx="8">interesting</governor>
            <dependent idx="10">confident</dependent>
          </dep>
          <dep type="amod" extra="true">
            <governor idx="13">President</governor>
            <dependent idx="10">confident</dependent>
          </dep>
          <dep type="compound">
            <governor idx="13">President</governor>
            <dependent idx="11">Executive</dependent>
          </dep>
          <dep type="compound">
            <governor idx="13">President</governor>
            <dependent idx="12">Vice</dependent>
          </dep>
          <dep type="ccomp">
            <governor idx="18">like</governor>
            <dependent idx="13">President</dependent>
          </dep>
          <dep type="punct">
            <governor idx="18">like</governor>
            <dependent idx="14">,</dependent>
          </dep>
          <dep type="nsubj">
            <governor idx="18">like</governor>
            <dependent idx="15">he</dependent>
          </dep>
          <dep type="aux">
            <governor idx="18">like</governor>
            <dependent idx="16">was</dependent>
          </dep>
          <dep type="neg">
            <governor idx="18">like</governor>
            <dependent idx="17">n't</dependent>
          </dep>
          <dep type="ccomp">
            <governor idx="6">such</governor>
            <dependent idx="18">like</dependent>
          </dep>
          <dep type="det">
            <governor idx="22">leaders</governor>
            <dependent idx="19">the</dependent>
          </dep>
          <dep type="amod">
            <governor idx="22">leaders</governor>
            <dependent idx="20">other</dependent>
          </dep>
          <dep type="nummod">
            <governor idx="22">leaders</governor>
            <dependent idx="21">three</dependent>
          </dep>
          <dep type="dobj">
            <governor idx="18">like</governor>
            <dependent idx="22">leaders</dependent>
          </dep>
          <dep type="mark">
            <governor idx="26">observed</governor>
            <dependent idx="23">that</dependent>
          </dep>
          <dep type="nsubj">
            <governor idx="26">observed</governor>
            <dependent idx="24">I</dependent>
          </dep>
          <dep type="aux">
            <governor idx="26">observed</governor>
            <dependent idx="25">had</dependent>
          </dep>
          <dep type="ccomp">
            <governor idx="18">like</governor>
            <dependent idx="26">observed</dependent>
          </dep>
          <dep type="nmod">
            <governor idx="26">observed</governor>
            <dependent idx="27">before</dependent>
          </dep>
          <dep type="cc">
            <governor idx="18">like</governor>
            <dependent idx="28">and</dependent>
          </dep>
          <dep type="det">
            <governor idx="30">difference</governor>
            <dependent idx="29">the</dependent>
          </dep>
          <dep type="nsubj">
            <governor idx="32">authenticity</governor>
            <dependent idx="30">difference</dependent>
          </dep>
          <dep type="cop">
            <governor idx="32">authenticity</governor>
            <dependent idx="31">was</dependent>
          </dep>
          <dep type="ccomp" extra="true">
            <governor idx="6">such</governor>
            <dependent idx="32">authenticity</dependent>
          </dep>
          <dep type="conj:and">
            <governor idx="18">like</governor>
            <dependent idx="32">authenticity</dependent>
          </dep>
          <dep type="punct">
            <governor idx="2">found</governor>
            <dependent idx="33">.</dependent>
          </dep>
        </dependencies>
      </sentence>
      <sentence id="131">
        <tokens>
          <token id="1">
            <word>He</word>
            <lemma>he</lemma>
            <CharacterOffsetBegin>13964</CharacterOffsetBegin>
            <CharacterOffsetEnd>13966</CharacterOffsetEnd>
            <POS>PRP</POS>
            <NER>O</NER>
            <Speaker>PER0</Speaker>
          </token>
          <token id="2">
            <word>did</word>
            <lemma>do</lemma>
            <CharacterOffsetBegin>13967</CharacterOffsetBegin>
            <CharacterOffsetEnd>13970</CharacterOffsetEnd>
            <POS>VBD</POS>
            <NER>O</NER>
            <Speaker>PER0</Speaker>
          </token>
          <token id="3">
            <word>n't</word>
            <lemma>not</lemma>
            <CharacterOffsetBegin>13970</CharacterOffsetBegin>
            <CharacterOffsetEnd>13973</CharacterOffsetEnd>
            <POS>RB</POS>
            <NER>O</NER>
            <Speaker>PER0</Speaker>
          </token>
          <token id="4">
            <word>turn</word>
            <lemma>turn</lemma>
            <CharacterOffsetBegin>13974</CharacterOffsetBegin>
            <CharacterOffsetEnd>13978</CharacterOffsetEnd>
            <POS>VB</POS>
            <NER>O</NER>
            <Speaker>PER0</Speaker>
          </token>
          <token id="5">
            <word>up</word>
            <lemma>up</lemma>
            <CharacterOffsetBegin>13979</CharacterOffsetBegin>
            <CharacterOffsetEnd>13981</CharacterOffsetEnd>
            <POS>RP</POS>
            <NER>O</NER>
            <Speaker>PER0</Speaker>
          </token>
          <token id="6">
            <word>to</word>
            <lemma>to</lemma>
            <CharacterOffsetBegin>13982</CharacterOffsetBegin>
            <CharacterOffsetEnd>13984</CharacterOffsetEnd>
            <POS>TO</POS>
            <NER>O</NER>
            <Speaker>PER0</Speaker>
          </token>
          <token id="7">
            <word>the</word>
            <lemma>the</lemma>
            <CharacterOffsetBegin>13985</CharacterOffsetBegin>
            <CharacterOffsetEnd>13988</CharacterOffsetEnd>
            <POS>DT</POS>
            <NER>O</NER>
            <Speaker>PER0</Speaker>
          </token>
          <token id="8">
            <word>meeting</word>
            <lemma>meeting</lemma>
            <CharacterOffsetBegin>13989</CharacterOffsetBegin>
            <CharacterOffsetEnd>13996</CharacterOffsetEnd>
            <POS>NN</POS>
            <NER>O</NER>
            <Speaker>PER0</Speaker>
          </token>
          <token id="9">
            <word>with</word>
            <lemma>with</lemma>
            <CharacterOffsetBegin>13997</CharacterOffsetBegin>
            <CharacterOffsetEnd>14001</CharacterOffsetEnd>
            <POS>IN</POS>
            <NER>O</NER>
            <Speaker>PER0</Speaker>
          </token>
          <token id="10">
            <word>PowerPoint</word>
            <lemma>PowerPoint</lemma>
            <CharacterOffsetBegin>14002</CharacterOffsetBegin>
            <CharacterOffsetEnd>14012</CharacterOffsetEnd>
            <POS>NNP</POS>
            <NER>O</NER>
            <Speaker>PER0</Speaker>
          </token>
          <token id="11">
            <word>slides</word>
            <lemma>slide</lemma>
            <CharacterOffsetBegin>14013</CharacterOffsetBegin>
            <CharacterOffsetEnd>14019</CharacterOffsetEnd>
            <POS>NNS</POS>
            <NER>O</NER>
            <Speaker>PER0</Speaker>
          </token>
          <token id="12">
            <word>to</word>
            <lemma>to</lemma>
            <CharacterOffsetBegin>14020</CharacterOffsetBegin>
            <CharacterOffsetEnd>14022</CharacterOffsetEnd>
            <POS>TO</POS>
            <NER>O</NER>
            <Speaker>PER0</Speaker>
          </token>
          <token id="13">
            <word>talk</word>
            <lemma>talk</lemma>
            <CharacterOffsetBegin>14023</CharacterOffsetBegin>
            <CharacterOffsetEnd>14027</CharacterOffsetEnd>
            <POS>VB</POS>
            <NER>O</NER>
            <Speaker>PER0</Speaker>
          </token>
          <token id="14">
            <word>at</word>
            <lemma>at</lemma>
            <CharacterOffsetBegin>14028</CharacterOffsetBegin>
            <CharacterOffsetEnd>14030</CharacterOffsetEnd>
            <POS>IN</POS>
            <NER>O</NER>
            <Speaker>PER0</Speaker>
          </token>
          <token id="15">
            <word>the</word>
            <lemma>the</lemma>
            <CharacterOffsetBegin>14031</CharacterOffsetBegin>
            <CharacterOffsetEnd>14034</CharacterOffsetEnd>
            <POS>DT</POS>
            <NER>O</NER>
            <Speaker>PER0</Speaker>
          </token>
          <token id="16">
            <word>company</word>
            <lemma>company</lemma>
            <CharacterOffsetBegin>14035</CharacterOffsetBegin>
            <CharacterOffsetEnd>14042</CharacterOffsetEnd>
            <POS>NN</POS>
            <NER>O</NER>
            <Speaker>PER0</Speaker>
          </token>
          <token id="17">
            <word>'s</word>
            <lemma>'s</lemma>
            <CharacterOffsetBegin>14042</CharacterOffsetBegin>
            <CharacterOffsetEnd>14044</CharacterOffsetEnd>
            <POS>POS</POS>
            <NER>O</NER>
            <Speaker>PER0</Speaker>
          </token>
          <token id="18">
            <word>performance</word>
            <lemma>performance</lemma>
            <CharacterOffsetBegin>14045</CharacterOffsetBegin>
            <CharacterOffsetEnd>14056</CharacterOffsetEnd>
            <POS>NN</POS>
            <NER>O</NER>
            <Speaker>PER0</Speaker>
          </token>
          <token id="19">
            <word>.</word>
            <lemma>.</lemma>
            <CharacterOffsetBegin>14056</CharacterOffsetBegin>
            <CharacterOffsetEnd>14057</CharacterOffsetEnd>
            <POS>.</POS>
            <NER>O</NER>
            <Speaker>PER0</Speaker>
          </token>
        </tokens>
        <parse>(ROOT (S (NP (PRP He)) (VP (VBD did) (RB n't) (VP (VB turn) (PRT (RP up)) (PP (TO to) (NP (NP (DT the) (NN meeting)) (PP (IN with) (NP (NNP PowerPoint) (NNS slides))))) (S (VP (TO to) (VP (VB talk) (PP (IN at) (NP (NP (DT the) (NN company) (POS 's)) (NN performance)))))))) (. .))) </parse>
        <dependencies type="basic-dependencies">
          <dep type="root">
            <governor idx="0">ROOT</governor>
            <dependent idx="4">turn</dependent>
          </dep>
          <dep type="nsubj">
            <governor idx="4">turn</governor>
            <dependent idx="1">He</dependent>
          </dep>
          <dep type="aux">
            <governor idx="4">turn</governor>
            <dependent idx="2">did</dependent>
          </dep>
          <dep type="neg">
            <governor idx="4">turn</governor>
            <dependent idx="3">n't</dependent>
          </dep>
          <dep type="compound:prt">
            <governor idx="4">turn</governor>
            <dependent idx="5">up</dependent>
          </dep>
          <dep type="case">
            <governor idx="8">meeting</governor>
            <dependent idx="6">to</dependent>
          </dep>
          <dep type="det">
            <governor idx="8">meeting</governor>
            <dependent idx="7">the</dependent>
          </dep>
          <dep type="nmod">
            <governor idx="4">turn</governor>
            <dependent idx="8">meeting</dependent>
          </dep>
          <dep type="case">
            <governor idx="11">slides</governor>
            <dependent idx="9">with</dependent>
          </dep>
          <dep type="compound">
            <governor idx="11">slides</governor>
            <dependent idx="10">PowerPoint</dependent>
          </dep>
          <dep type="nmod">
            <governor idx="8">meeting</governor>
            <dependent idx="11">slides</dependent>
          </dep>
          <dep type="mark">
            <governor idx="13">talk</governor>
            <dependent idx="12">to</dependent>
          </dep>
          <dep type="xcomp">
            <governor idx="4">turn</governor>
            <dependent idx="13">talk</dependent>
          </dep>
          <dep type="case">
            <governor idx="18">performance</governor>
            <dependent idx="14">at</dependent>
          </dep>
          <dep type="det">
            <governor idx="16">company</governor>
            <dependent idx="15">the</dependent>
          </dep>
          <dep type="nmod:poss">
            <governor idx="18">performance</governor>
            <dependent idx="16">company</dependent>
          </dep>
          <dep type="case">
            <governor idx="16">company</governor>
            <dependent idx="17">'s</dependent>
          </dep>
          <dep type="nmod">
            <governor idx="13">talk</governor>
            <dependent idx="18">performance</dependent>
          </dep>
          <dep type="punct">
            <governor idx="4">turn</governor>
            <dependent idx="19">.</dependent>
          </dep>
        </dependencies>
        <dependencies type="collapsed-dependencies">
          <dep type="root">
            <governor idx="0">ROOT</governor>
            <dependent idx="4">turn</dependent>
          </dep>
          <dep type="nsubj">
            <governor idx="4">turn</governor>
            <dependent idx="1">He</dependent>
          </dep>
          <dep type="aux">
            <governor idx="4">turn</governor>
            <dependent idx="2">did</dependent>
          </dep>
          <dep type="neg">
            <governor idx="4">turn</governor>
            <dependent idx="3">n't</dependent>
          </dep>
          <dep type="compound:prt">
            <governor idx="4">turn</governor>
            <dependent idx="5">up</dependent>
          </dep>
          <dep type="case">
            <governor idx="8">meeting</governor>
            <dependent idx="6">to</dependent>
          </dep>
          <dep type="det">
            <governor idx="8">meeting</governor>
            <dependent idx="7">the</dependent>
          </dep>
          <dep type="nmod:to">
            <governor idx="4">turn</governor>
            <dependent idx="8">meeting</dependent>
          </dep>
          <dep type="case">
            <governor idx="11">slides</governor>
            <dependent idx="9">with</dependent>
          </dep>
          <dep type="compound">
            <governor idx="11">slides</governor>
            <dependent idx="10">PowerPoint</dependent>
          </dep>
          <dep type="nmod:with">
            <governor idx="8">meeting</governor>
            <dependent idx="11">slides</dependent>
          </dep>
          <dep type="mark">
            <governor idx="13">talk</governor>
            <dependent idx="12">to</dependent>
          </dep>
          <dep type="xcomp">
            <governor idx="4">turn</governor>
            <dependent idx="13">talk</dependent>
          </dep>
          <dep type="case">
            <governor idx="18">performance</governor>
            <dependent idx="14">at</dependent>
          </dep>
          <dep type="det">
            <governor idx="16">company</governor>
            <dependent idx="15">the</dependent>
          </dep>
          <dep type="nmod:poss">
            <governor idx="18">performance</governor>
            <dependent idx="16">company</dependent>
          </dep>
          <dep type="case">
            <governor idx="16">company</governor>
            <dependent idx="17">'s</dependent>
          </dep>
          <dep type="nmod:at">
            <governor idx="13">talk</governor>
            <dependent idx="18">performance</dependent>
          </dep>
          <dep type="punct">
            <governor idx="4">turn</governor>
            <dependent idx="19">.</dependent>
          </dep>
        </dependencies>
        <dependencies type="collapsed-ccprocessed-dependencies">
          <dep type="root">
            <governor idx="0">ROOT</governor>
            <dependent idx="4">turn</dependent>
          </dep>
          <dep type="nsubj">
            <governor idx="4">turn</governor>
            <dependent idx="1">He</dependent>
          </dep>
          <dep type="aux">
            <governor idx="4">turn</governor>
            <dependent idx="2">did</dependent>
          </dep>
          <dep type="neg">
            <governor idx="4">turn</governor>
            <dependent idx="3">n't</dependent>
          </dep>
          <dep type="compound:prt">
            <governor idx="4">turn</governor>
            <dependent idx="5">up</dependent>
          </dep>
          <dep type="case">
            <governor idx="8">meeting</governor>
            <dependent idx="6">to</dependent>
          </dep>
          <dep type="det">
            <governor idx="8">meeting</governor>
            <dependent idx="7">the</dependent>
          </dep>
          <dep type="nmod:to">
            <governor idx="4">turn</governor>
            <dependent idx="8">meeting</dependent>
          </dep>
          <dep type="case">
            <governor idx="11">slides</governor>
            <dependent idx="9">with</dependent>
          </dep>
          <dep type="compound">
            <governor idx="11">slides</governor>
            <dependent idx="10">PowerPoint</dependent>
          </dep>
          <dep type="nmod:with">
            <governor idx="8">meeting</governor>
            <dependent idx="11">slides</dependent>
          </dep>
          <dep type="mark">
            <governor idx="13">talk</governor>
            <dependent idx="12">to</dependent>
          </dep>
          <dep type="xcomp">
            <governor idx="4">turn</governor>
            <dependent idx="13">talk</dependent>
          </dep>
          <dep type="case">
            <governor idx="18">performance</governor>
            <dependent idx="14">at</dependent>
          </dep>
          <dep type="det">
            <governor idx="16">company</governor>
            <dependent idx="15">the</dependent>
          </dep>
          <dep type="nmod:poss">
            <governor idx="18">performance</governor>
            <dependent idx="16">company</dependent>
          </dep>
          <dep type="case">
            <governor idx="16">company</governor>
            <dependent idx="17">'s</dependent>
          </dep>
          <dep type="nmod:at">
            <governor idx="13">talk</governor>
            <dependent idx="18">performance</dependent>
          </dep>
          <dep type="punct">
            <governor idx="4">turn</governor>
            <dependent idx="19">.</dependent>
          </dep>
        </dependencies>
      </sentence>
      <sentence id="132">
        <tokens>
          <token id="1">
            <word>He</word>
            <lemma>he</lemma>
            <CharacterOffsetBegin>14058</CharacterOffsetBegin>
            <CharacterOffsetEnd>14060</CharacterOffsetEnd>
            <POS>PRP</POS>
            <NER>O</NER>
            <Speaker>PER0</Speaker>
          </token>
          <token id="2">
            <word>just</word>
            <lemma>just</lemma>
            <CharacterOffsetBegin>14061</CharacterOffsetBegin>
            <CharacterOffsetEnd>14065</CharacterOffsetEnd>
            <POS>RB</POS>
            <NER>O</NER>
            <Speaker>PER0</Speaker>
          </token>
          <token id="3">
            <word>stood</word>
            <lemma>stand</lemma>
            <CharacterOffsetBegin>14066</CharacterOffsetBegin>
            <CharacterOffsetEnd>14071</CharacterOffsetEnd>
            <POS>VBD</POS>
            <NER>O</NER>
            <Speaker>PER0</Speaker>
          </token>
          <token id="4">
            <word>in</word>
            <lemma>in</lemma>
            <CharacterOffsetBegin>14072</CharacterOffsetBegin>
            <CharacterOffsetEnd>14074</CharacterOffsetEnd>
            <POS>IN</POS>
            <NER>O</NER>
            <Speaker>PER0</Speaker>
          </token>
          <token id="5">
            <word>front</word>
            <lemma>front</lemma>
            <CharacterOffsetBegin>14075</CharacterOffsetBegin>
            <CharacterOffsetEnd>14080</CharacterOffsetEnd>
            <POS>NN</POS>
            <NER>O</NER>
            <Speaker>PER0</Speaker>
          </token>
          <token id="6">
            <word>of</word>
            <lemma>of</lemma>
            <CharacterOffsetBegin>14081</CharacterOffsetBegin>
            <CharacterOffsetEnd>14083</CharacterOffsetEnd>
            <POS>IN</POS>
            <NER>O</NER>
            <Speaker>PER0</Speaker>
          </token>
          <token id="7">
            <word>a</word>
            <lemma>a</lemma>
            <CharacterOffsetBegin>14084</CharacterOffsetBegin>
            <CharacterOffsetEnd>14085</CharacterOffsetEnd>
            <POS>DT</POS>
            <NER>O</NER>
            <Speaker>PER0</Speaker>
          </token>
          <token id="8">
            <word>mass</word>
            <lemma>mass</lemma>
            <CharacterOffsetBegin>14086</CharacterOffsetBegin>
            <CharacterOffsetEnd>14090</CharacterOffsetEnd>
            <POS>NN</POS>
            <NER>O</NER>
            <Speaker>PER0</Speaker>
          </token>
          <token id="9">
            <word>audience</word>
            <lemma>audience</lemma>
            <CharacterOffsetBegin>14091</CharacterOffsetBegin>
            <CharacterOffsetEnd>14099</CharacterOffsetEnd>
            <POS>NN</POS>
            <NER>O</NER>
            <Speaker>PER0</Speaker>
          </token>
          <token id="10">
            <word>and</word>
            <lemma>and</lemma>
            <CharacterOffsetBegin>14100</CharacterOffsetBegin>
            <CharacterOffsetEnd>14103</CharacterOffsetEnd>
            <POS>CC</POS>
            <NER>O</NER>
            <Speaker>PER0</Speaker>
          </token>
          <token id="11">
            <word>started</word>
            <lemma>start</lemma>
            <CharacterOffsetBegin>14104</CharacterOffsetBegin>
            <CharacterOffsetEnd>14111</CharacterOffsetEnd>
            <POS>VBD</POS>
            <NER>O</NER>
            <Speaker>PER0</Speaker>
          </token>
          <token id="12">
            <word>with</word>
            <lemma>with</lemma>
            <CharacterOffsetBegin>14112</CharacterOffsetBegin>
            <CharacterOffsetEnd>14116</CharacterOffsetEnd>
            <POS>IN</POS>
            <NER>O</NER>
            <Speaker>PER0</Speaker>
          </token>
          <token id="13">
            <word>introducing</word>
            <lemma>introduce</lemma>
            <CharacterOffsetBegin>14117</CharacterOffsetBegin>
            <CharacterOffsetEnd>14128</CharacterOffsetEnd>
            <POS>VBG</POS>
            <NER>O</NER>
            <Speaker>PER0</Speaker>
          </token>
          <token id="14">
            <word>himself</word>
            <lemma>himself</lemma>
            <CharacterOffsetBegin>14129</CharacterOffsetBegin>
            <CharacterOffsetEnd>14136</CharacterOffsetEnd>
            <POS>PRP</POS>
            <NER>O</NER>
            <Speaker>PER0</Speaker>
          </token>
          <token id="15">
            <word>,</word>
            <lemma>,</lemma>
            <CharacterOffsetBegin>14136</CharacterOffsetBegin>
            <CharacterOffsetEnd>14137</CharacterOffsetEnd>
            <POS>,</POS>
            <NER>O</NER>
            <Speaker>PER0</Speaker>
          </token>
          <token id="16">
            <word>he</word>
            <lemma>he</lemma>
            <CharacterOffsetBegin>14138</CharacterOffsetBegin>
            <CharacterOffsetEnd>14140</CharacterOffsetEnd>
            <POS>PRP</POS>
            <NER>O</NER>
            <Speaker>PER0</Speaker>
          </token>
          <token id="17">
            <word>then</word>
            <lemma>then</lemma>
            <CharacterOffsetBegin>14141</CharacterOffsetBegin>
            <CharacterOffsetEnd>14145</CharacterOffsetEnd>
            <POS>RB</POS>
            <NER>O</NER>
            <Speaker>PER0</Speaker>
          </token>
          <token id="18">
            <word>opened</word>
            <lemma>open</lemma>
            <CharacterOffsetBegin>14146</CharacterOffsetBegin>
            <CharacterOffsetEnd>14152</CharacterOffsetEnd>
            <POS>VBD</POS>
            <NER>O</NER>
            <Speaker>PER0</Speaker>
          </token>
          <token id="19">
            <word>up</word>
            <lemma>up</lemma>
            <CharacterOffsetBegin>14153</CharacterOffsetBegin>
            <CharacterOffsetEnd>14155</CharacterOffsetEnd>
            <POS>RP</POS>
            <NER>O</NER>
            <Speaker>PER0</Speaker>
          </token>
          <token id="20">
            <word>to</word>
            <lemma>to</lemma>
            <CharacterOffsetBegin>14156</CharacterOffsetBegin>
            <CharacterOffsetEnd>14158</CharacterOffsetEnd>
            <POS>TO</POS>
            <NER>O</NER>
            <Speaker>PER0</Speaker>
          </token>
          <token id="21">
            <word>the</word>
            <lemma>the</lemma>
            <CharacterOffsetBegin>14159</CharacterOffsetBegin>
            <CharacterOffsetEnd>14162</CharacterOffsetEnd>
            <POS>DT</POS>
            <NER>O</NER>
            <Speaker>PER0</Speaker>
          </token>
          <token id="22">
            <word>floor</word>
            <lemma>floor</lemma>
            <CharacterOffsetBegin>14163</CharacterOffsetBegin>
            <CharacterOffsetEnd>14168</CharacterOffsetEnd>
            <POS>NN</POS>
            <NER>O</NER>
            <Speaker>PER0</Speaker>
          </token>
          <token id="23">
            <word>after</word>
            <lemma>after</lemma>
            <CharacterOffsetBegin>14169</CharacterOffsetBegin>
            <CharacterOffsetEnd>14174</CharacterOffsetEnd>
            <POS>IN</POS>
            <NER>O</NER>
            <Speaker>PER0</Speaker>
          </token>
          <token id="24">
            <word>a</word>
            <lemma>a</lemma>
            <CharacterOffsetBegin>14175</CharacterOffsetBegin>
            <CharacterOffsetEnd>14176</CharacterOffsetEnd>
            <POS>DT</POS>
            <NER>O</NER>
            <Speaker>PER0</Speaker>
          </token>
          <token id="25">
            <word>short</word>
            <lemma>short</lemma>
            <CharacterOffsetBegin>14177</CharacterOffsetBegin>
            <CharacterOffsetEnd>14182</CharacterOffsetEnd>
            <POS>JJ</POS>
            <NER>O</NER>
            <Speaker>PER0</Speaker>
          </token>
          <token id="26">
            <word>introduction</word>
            <lemma>introduction</lemma>
            <CharacterOffsetBegin>14183</CharacterOffsetBegin>
            <CharacterOffsetEnd>14195</CharacterOffsetEnd>
            <POS>NN</POS>
            <NER>O</NER>
            <Speaker>PER0</Speaker>
          </token>
          <token id="27">
            <word>and</word>
            <lemma>and</lemma>
            <CharacterOffsetBegin>14196</CharacterOffsetBegin>
            <CharacterOffsetEnd>14199</CharacterOffsetEnd>
            <POS>CC</POS>
            <NER>O</NER>
            <Speaker>PER0</Speaker>
          </token>
          <token id="28">
            <word>stating</word>
            <lemma>state</lemma>
            <CharacterOffsetBegin>14200</CharacterOffsetBegin>
            <CharacterOffsetEnd>14207</CharacterOffsetEnd>
            <POS>VBG</POS>
            <NER>O</NER>
            <Speaker>PER0</Speaker>
          </token>
          <token id="29">
            <word>that</word>
            <lemma>that</lemma>
            <CharacterOffsetBegin>14208</CharacterOffsetBegin>
            <CharacterOffsetEnd>14212</CharacterOffsetEnd>
            <POS>IN</POS>
            <NER>O</NER>
            <Speaker>PER0</Speaker>
          </token>
          <token id="30">
            <word>this</word>
            <lemma>this</lemma>
            <CharacterOffsetBegin>14213</CharacterOffsetBegin>
            <CharacterOffsetEnd>14217</CharacterOffsetEnd>
            <POS>DT</POS>
            <NER>O</NER>
            <Speaker>PER0</Speaker>
          </token>
          <token id="31">
            <word>time</word>
            <lemma>time</lemma>
            <CharacterOffsetBegin>14218</CharacterOffsetBegin>
            <CharacterOffsetEnd>14222</CharacterOffsetEnd>
            <POS>NN</POS>
            <NER>O</NER>
            <Speaker>PER0</Speaker>
          </token>
          <token id="32">
            <word>was</word>
            <lemma>be</lemma>
            <CharacterOffsetBegin>14223</CharacterOffsetBegin>
            <CharacterOffsetEnd>14226</CharacterOffsetEnd>
            <POS>VBD</POS>
            <NER>O</NER>
            <Speaker>PER0</Speaker>
          </token>
          <token id="33">
            <word>dedicated</word>
            <lemma>dedicate</lemma>
            <CharacterOffsetBegin>14227</CharacterOffsetBegin>
            <CharacterOffsetEnd>14236</CharacterOffsetEnd>
            <POS>VBN</POS>
            <NER>O</NER>
            <Speaker>PER0</Speaker>
          </token>
          <token id="34">
            <word>to</word>
            <lemma>to</lemma>
            <CharacterOffsetBegin>14237</CharacterOffsetBegin>
            <CharacterOffsetEnd>14239</CharacterOffsetEnd>
            <POS>TO</POS>
            <NER>O</NER>
            <Speaker>PER0</Speaker>
          </token>
          <token id="35">
            <word>you</word>
            <lemma>you</lemma>
            <CharacterOffsetBegin>14240</CharacterOffsetBegin>
            <CharacterOffsetEnd>14243</CharacterOffsetEnd>
            <POS>PRP</POS>
            <NER>O</NER>
            <Speaker>PER0</Speaker>
          </token>
          <token id="36">
            <word>.</word>
            <lemma>.</lemma>
            <CharacterOffsetBegin>14243</CharacterOffsetBegin>
            <CharacterOffsetEnd>14244</CharacterOffsetEnd>
            <POS>.</POS>
            <NER>O</NER>
            <Speaker>PER0</Speaker>
          </token>
        </tokens>
        <parse>(ROOT (S (NP (PRP He)) (ADVP (RB just)) (VP (VP (VBD stood) (PP (IN in) (NP (NP (NN front)) (PP (IN of) (NP (DT a) (NN mass) (NN audience)))))) (CC and) (VP (VBD started) (PP (IN with) (S (VP (VP (VBG introducing) (S (NP (PRP himself)) (, ,) (NP (PRP he)) (ADVP (RB then)) (VP (VBD opened) (PRT (RP up)) (PP (TO to) (NP (DT the) (NN floor))) (PP (IN after) (NP (DT a) (JJ short) (NN introduction)))))) (CC and) (VP (VBG stating) (SBAR (IN that) (S (NP (DT this) (NN time)) (VP (VBD was) (VP (VBN dedicated) (PP (TO to) (NP (PRP you))))))))))))) (. .))) </parse>
        <dependencies type="basic-dependencies">
          <dep type="root">
            <governor idx="0">ROOT</governor>
            <dependent idx="3">stood</dependent>
          </dep>
          <dep type="nsubj">
            <governor idx="3">stood</governor>
            <dependent idx="1">He</dependent>
          </dep>
          <dep type="advmod">
            <governor idx="3">stood</governor>
            <dependent idx="2">just</dependent>
          </dep>
          <dep type="case">
            <governor idx="5">front</governor>
            <dependent idx="4">in</dependent>
          </dep>
          <dep type="nmod">
            <governor idx="3">stood</governor>
            <dependent idx="5">front</dependent>
          </dep>
          <dep type="case">
            <governor idx="9">audience</governor>
            <dependent idx="6">of</dependent>
          </dep>
          <dep type="det">
            <governor idx="9">audience</governor>
            <dependent idx="7">a</dependent>
          </dep>
          <dep type="compound">
            <governor idx="9">audience</governor>
            <dependent idx="8">mass</dependent>
          </dep>
          <dep type="nmod">
            <governor idx="5">front</governor>
            <dependent idx="9">audience</dependent>
          </dep>
          <dep type="cc">
            <governor idx="3">stood</governor>
            <dependent idx="10">and</dependent>
          </dep>
          <dep type="conj">
            <governor idx="3">stood</governor>
            <dependent idx="11">started</dependent>
          </dep>
          <dep type="mark">
            <governor idx="13">introducing</governor>
            <dependent idx="12">with</dependent>
          </dep>
          <dep type="advcl">
            <governor idx="11">started</governor>
            <dependent idx="13">introducing</dependent>
          </dep>
          <dep type="nsubj">
            <governor idx="18">opened</governor>
            <dependent idx="14">himself</dependent>
          </dep>
          <dep type="punct">
            <governor idx="18">opened</governor>
            <dependent idx="15">,</dependent>
          </dep>
          <dep type="nsubj">
            <governor idx="18">opened</governor>
            <dependent idx="16">he</dependent>
          </dep>
          <dep type="advmod">
            <governor idx="18">opened</governor>
            <dependent idx="17">then</dependent>
          </dep>
          <dep type="ccomp">
            <governor idx="13">introducing</governor>
            <dependent idx="18">opened</dependent>
          </dep>
          <dep type="compound:prt">
            <governor idx="18">opened</governor>
            <dependent idx="19">up</dependent>
          </dep>
          <dep type="case">
            <governor idx="22">floor</governor>
            <dependent idx="20">to</dependent>
          </dep>
          <dep type="det">
            <governor idx="22">floor</governor>
            <dependent idx="21">the</dependent>
          </dep>
          <dep type="nmod">
            <governor idx="18">opened</governor>
            <dependent idx="22">floor</dependent>
          </dep>
          <dep type="case">
            <governor idx="26">introduction</governor>
            <dependent idx="23">after</dependent>
          </dep>
          <dep type="det">
            <governor idx="26">introduction</governor>
            <dependent idx="24">a</dependent>
          </dep>
          <dep type="amod">
            <governor idx="26">introduction</governor>
            <dependent idx="25">short</dependent>
          </dep>
          <dep type="nmod">
            <governor idx="18">opened</governor>
            <dependent idx="26">introduction</dependent>
          </dep>
          <dep type="cc">
            <governor idx="13">introducing</governor>
            <dependent idx="27">and</dependent>
          </dep>
          <dep type="conj">
            <governor idx="13">introducing</governor>
            <dependent idx="28">stating</dependent>
          </dep>
          <dep type="mark">
            <governor idx="33">dedicated</governor>
            <dependent idx="29">that</dependent>
          </dep>
          <dep type="det">
            <governor idx="31">time</governor>
            <dependent idx="30">this</dependent>
          </dep>
          <dep type="nsubjpass">
            <governor idx="33">dedicated</governor>
            <dependent idx="31">time</dependent>
          </dep>
          <dep type="auxpass">
            <governor idx="33">dedicated</governor>
            <dependent idx="32">was</dependent>
          </dep>
          <dep type="ccomp">
            <governor idx="28">stating</governor>
            <dependent idx="33">dedicated</dependent>
          </dep>
          <dep type="case">
            <governor idx="35">you</governor>
            <dependent idx="34">to</dependent>
          </dep>
          <dep type="nmod">
            <governor idx="33">dedicated</governor>
            <dependent idx="35">you</dependent>
          </dep>
          <dep type="punct">
            <governor idx="3">stood</governor>
            <dependent idx="36">.</dependent>
          </dep>
        </dependencies>
        <dependencies type="collapsed-dependencies">
          <dep type="root">
            <governor idx="0">ROOT</governor>
            <dependent idx="3">stood</dependent>
          </dep>
          <dep type="nsubj">
            <governor idx="3">stood</governor>
            <dependent idx="1">He</dependent>
          </dep>
          <dep type="advmod">
            <governor idx="3">stood</governor>
            <dependent idx="2">just</dependent>
          </dep>
          <dep type="case">
            <governor idx="9">audience</governor>
            <dependent idx="4">in</dependent>
          </dep>
          <dep type="mwe">
            <governor idx="4">in</governor>
            <dependent idx="5">front</dependent>
          </dep>
          <dep type="mwe">
            <governor idx="4">in</governor>
            <dependent idx="6">of</dependent>
          </dep>
          <dep type="det">
            <governor idx="9">audience</governor>
            <dependent idx="7">a</dependent>
          </dep>
          <dep type="compound">
            <governor idx="9">audience</governor>
            <dependent idx="8">mass</dependent>
          </dep>
          <dep type="nmod:in_front_of">
            <governor idx="3">stood</governor>
            <dependent idx="9">audience</dependent>
          </dep>
          <dep type="cc">
            <governor idx="3">stood</governor>
            <dependent idx="10">and</dependent>
          </dep>
          <dep type="conj:and">
            <governor idx="3">stood</governor>
            <dependent idx="11">started</dependent>
          </dep>
          <dep type="mark">
            <governor idx="13">introducing</governor>
            <dependent idx="12">with</dependent>
          </dep>
          <dep type="advcl">
            <governor idx="11">started</governor>
            <dependent idx="13">introducing</dependent>
          </dep>
          <dep type="nsubj">
            <governor idx="18">opened</governor>
            <dependent idx="14">himself</dependent>
          </dep>
          <dep type="punct">
            <governor idx="18">opened</governor>
            <dependent idx="15">,</dependent>
          </dep>
          <dep type="nsubj">
            <governor idx="18">opened</governor>
            <dependent idx="16">he</dependent>
          </dep>
          <dep type="advmod">
            <governor idx="18">opened</governor>
            <dependent idx="17">then</dependent>
          </dep>
          <dep type="ccomp">
            <governor idx="13">introducing</governor>
            <dependent idx="18">opened</dependent>
          </dep>
          <dep type="compound:prt">
            <governor idx="18">opened</governor>
            <dependent idx="19">up</dependent>
          </dep>
          <dep type="case">
            <governor idx="22">floor</governor>
            <dependent idx="20">to</dependent>
          </dep>
          <dep type="det">
            <governor idx="22">floor</governor>
            <dependent idx="21">the</dependent>
          </dep>
          <dep type="nmod:to">
            <governor idx="18">opened</governor>
            <dependent idx="22">floor</dependent>
          </dep>
          <dep type="case">
            <governor idx="26">introduction</governor>
            <dependent idx="23">after</dependent>
          </dep>
          <dep type="det">
            <governor idx="26">introduction</governor>
            <dependent idx="24">a</dependent>
          </dep>
          <dep type="amod">
            <governor idx="26">introduction</governor>
            <dependent idx="25">short</dependent>
          </dep>
          <dep type="nmod:after">
            <governor idx="18">opened</governor>
            <dependent idx="26">introduction</dependent>
          </dep>
          <dep type="cc">
            <governor idx="13">introducing</governor>
            <dependent idx="27">and</dependent>
          </dep>
          <dep type="conj:and">
            <governor idx="13">introducing</governor>
            <dependent idx="28">stating</dependent>
          </dep>
          <dep type="mark">
            <governor idx="33">dedicated</governor>
            <dependent idx="29">that</dependent>
          </dep>
          <dep type="det">
            <governor idx="31">time</governor>
            <dependent idx="30">this</dependent>
          </dep>
          <dep type="nsubjpass">
            <governor idx="33">dedicated</governor>
            <dependent idx="31">time</dependent>
          </dep>
          <dep type="auxpass">
            <governor idx="33">dedicated</governor>
            <dependent idx="32">was</dependent>
          </dep>
          <dep type="ccomp">
            <governor idx="28">stating</governor>
            <dependent idx="33">dedicated</dependent>
          </dep>
          <dep type="case">
            <governor idx="35">you</governor>
            <dependent idx="34">to</dependent>
          </dep>
          <dep type="nmod:to">
            <governor idx="33">dedicated</governor>
            <dependent idx="35">you</dependent>
          </dep>
          <dep type="punct">
            <governor idx="3">stood</governor>
            <dependent idx="36">.</dependent>
          </dep>
        </dependencies>
        <dependencies type="collapsed-ccprocessed-dependencies">
          <dep type="root">
            <governor idx="0">ROOT</governor>
            <dependent idx="3">stood</dependent>
          </dep>
          <dep type="nsubj">
            <governor idx="3">stood</governor>
            <dependent idx="1">He</dependent>
          </dep>
          <dep type="nsubj" extra="true">
            <governor idx="11">started</governor>
            <dependent idx="1">He</dependent>
          </dep>
          <dep type="advmod">
            <governor idx="3">stood</governor>
            <dependent idx="2">just</dependent>
          </dep>
          <dep type="case">
            <governor idx="9">audience</governor>
            <dependent idx="4">in</dependent>
          </dep>
          <dep type="mwe">
            <governor idx="4">in</governor>
            <dependent idx="5">front</dependent>
          </dep>
          <dep type="mwe">
            <governor idx="4">in</governor>
            <dependent idx="6">of</dependent>
          </dep>
          <dep type="det">
            <governor idx="9">audience</governor>
            <dependent idx="7">a</dependent>
          </dep>
          <dep type="compound">
            <governor idx="9">audience</governor>
            <dependent idx="8">mass</dependent>
          </dep>
          <dep type="nmod:in_front_of">
            <governor idx="3">stood</governor>
            <dependent idx="9">audience</dependent>
          </dep>
          <dep type="cc">
            <governor idx="3">stood</governor>
            <dependent idx="10">and</dependent>
          </dep>
          <dep type="conj:and">
            <governor idx="3">stood</governor>
            <dependent idx="11">started</dependent>
          </dep>
          <dep type="mark">
            <governor idx="13">introducing</governor>
            <dependent idx="12">with</dependent>
          </dep>
          <dep type="advcl">
            <governor idx="11">started</governor>
            <dependent idx="13">introducing</dependent>
          </dep>
          <dep type="nsubj">
            <governor idx="18">opened</governor>
            <dependent idx="14">himself</dependent>
          </dep>
          <dep type="punct">
            <governor idx="18">opened</governor>
            <dependent idx="15">,</dependent>
          </dep>
          <dep type="nsubj">
            <governor idx="18">opened</governor>
            <dependent idx="16">he</dependent>
          </dep>
          <dep type="advmod">
            <governor idx="18">opened</governor>
            <dependent idx="17">then</dependent>
          </dep>
          <dep type="ccomp">
            <governor idx="13">introducing</governor>
            <dependent idx="18">opened</dependent>
          </dep>
          <dep type="compound:prt">
            <governor idx="18">opened</governor>
            <dependent idx="19">up</dependent>
          </dep>
          <dep type="case">
            <governor idx="22">floor</governor>
            <dependent idx="20">to</dependent>
          </dep>
          <dep type="det">
            <governor idx="22">floor</governor>
            <dependent idx="21">the</dependent>
          </dep>
          <dep type="nmod:to">
            <governor idx="18">opened</governor>
            <dependent idx="22">floor</dependent>
          </dep>
          <dep type="case">
            <governor idx="26">introduction</governor>
            <dependent idx="23">after</dependent>
          </dep>
          <dep type="det">
            <governor idx="26">introduction</governor>
            <dependent idx="24">a</dependent>
          </dep>
          <dep type="amod">
            <governor idx="26">introduction</governor>
            <dependent idx="25">short</dependent>
          </dep>
          <dep type="nmod:after">
            <governor idx="18">opened</governor>
            <dependent idx="26">introduction</dependent>
          </dep>
          <dep type="cc">
            <governor idx="13">introducing</governor>
            <dependent idx="27">and</dependent>
          </dep>
          <dep type="advcl" extra="true">
            <governor idx="11">started</governor>
            <dependent idx="28">stating</dependent>
          </dep>
          <dep type="conj:and">
            <governor idx="13">introducing</governor>
            <dependent idx="28">stating</dependent>
          </dep>
          <dep type="mark">
            <governor idx="33">dedicated</governor>
            <dependent idx="29">that</dependent>
          </dep>
          <dep type="det">
            <governor idx="31">time</governor>
            <dependent idx="30">this</dependent>
          </dep>
          <dep type="nsubjpass">
            <governor idx="33">dedicated</governor>
            <dependent idx="31">time</dependent>
          </dep>
          <dep type="auxpass">
            <governor idx="33">dedicated</governor>
            <dependent idx="32">was</dependent>
          </dep>
          <dep type="ccomp">
            <governor idx="28">stating</governor>
            <dependent idx="33">dedicated</dependent>
          </dep>
          <dep type="case">
            <governor idx="35">you</governor>
            <dependent idx="34">to</dependent>
          </dep>
          <dep type="nmod:to">
            <governor idx="33">dedicated</governor>
            <dependent idx="35">you</dependent>
          </dep>
          <dep type="punct">
            <governor idx="3">stood</governor>
            <dependent idx="36">.</dependent>
          </dep>
        </dependencies>
      </sentence>
      <sentence id="133">
        <tokens>
          <token id="1">
            <word>He</word>
            <lemma>he</lemma>
            <CharacterOffsetBegin>14245</CharacterOffsetBegin>
            <CharacterOffsetEnd>14247</CharacterOffsetEnd>
            <POS>PRP</POS>
            <NER>O</NER>
            <Speaker>PER0</Speaker>
          </token>
          <token id="2">
            <word>responded</word>
            <lemma>respond</lemma>
            <CharacterOffsetBegin>14248</CharacterOffsetBegin>
            <CharacterOffsetEnd>14257</CharacterOffsetEnd>
            <POS>VBD</POS>
            <NER>O</NER>
            <Speaker>PER0</Speaker>
          </token>
          <token id="3">
            <word>to</word>
            <lemma>to</lemma>
            <CharacterOffsetBegin>14258</CharacterOffsetBegin>
            <CharacterOffsetEnd>14260</CharacterOffsetEnd>
            <POS>TO</POS>
            <NER>O</NER>
            <Speaker>PER0</Speaker>
          </token>
          <token id="4">
            <word>every</word>
            <lemma>every</lemma>
            <CharacterOffsetBegin>14261</CharacterOffsetBegin>
            <CharacterOffsetEnd>14266</CharacterOffsetEnd>
            <POS>DT</POS>
            <NER>O</NER>
            <Speaker>PER0</Speaker>
          </token>
          <token id="5">
            <word>query</word>
            <lemma>query</lemma>
            <CharacterOffsetBegin>14267</CharacterOffsetBegin>
            <CharacterOffsetEnd>14272</CharacterOffsetEnd>
            <POS>NN</POS>
            <NER>O</NER>
            <Speaker>PER0</Speaker>
          </token>
          <token id="6">
            <word>that</word>
            <lemma>that</lemma>
            <CharacterOffsetBegin>14273</CharacterOffsetBegin>
            <CharacterOffsetEnd>14277</CharacterOffsetEnd>
            <POS>WDT</POS>
            <NER>O</NER>
            <Speaker>PER0</Speaker>
          </token>
          <token id="7">
            <word>was</word>
            <lemma>be</lemma>
            <CharacterOffsetBegin>14278</CharacterOffsetBegin>
            <CharacterOffsetEnd>14281</CharacterOffsetEnd>
            <POS>VBD</POS>
            <NER>O</NER>
            <Speaker>PER0</Speaker>
          </token>
          <token id="8">
            <word>asked</word>
            <lemma>ask</lemma>
            <CharacterOffsetBegin>14282</CharacterOffsetBegin>
            <CharacterOffsetEnd>14287</CharacterOffsetEnd>
            <POS>VBN</POS>
            <NER>O</NER>
            <Speaker>PER0</Speaker>
          </token>
          <token id="9">
            <word>of</word>
            <lemma>of</lemma>
            <CharacterOffsetBegin>14288</CharacterOffsetBegin>
            <CharacterOffsetEnd>14290</CharacterOffsetEnd>
            <POS>IN</POS>
            <NER>O</NER>
            <Speaker>PER0</Speaker>
          </token>
          <token id="10">
            <word>him</word>
            <lemma>he</lemma>
            <CharacterOffsetBegin>14291</CharacterOffsetBegin>
            <CharacterOffsetEnd>14294</CharacterOffsetEnd>
            <POS>PRP</POS>
            <NER>O</NER>
            <Speaker>PER0</Speaker>
          </token>
          <token id="11">
            <word>.</word>
            <lemma>.</lemma>
            <CharacterOffsetBegin>14294</CharacterOffsetBegin>
            <CharacterOffsetEnd>14295</CharacterOffsetEnd>
            <POS>.</POS>
            <NER>O</NER>
            <Speaker>PER0</Speaker>
          </token>
        </tokens>
        <parse>(ROOT (S (NP (PRP He)) (VP (VBD responded) (PP (TO to) (NP (NP (DT every) (NN query)) (SBAR (WHNP (WDT that)) (S (VP (VBD was) (VP (VBN asked) (PP (IN of) (NP (PRP him)))))))))) (. .))) </parse>
        <dependencies type="basic-dependencies">
          <dep type="root">
            <governor idx="0">ROOT</governor>
            <dependent idx="2">responded</dependent>
          </dep>
          <dep type="nsubj">
            <governor idx="2">responded</governor>
            <dependent idx="1">He</dependent>
          </dep>
          <dep type="case">
            <governor idx="5">query</governor>
            <dependent idx="3">to</dependent>
          </dep>
          <dep type="det">
            <governor idx="5">query</governor>
            <dependent idx="4">every</dependent>
          </dep>
          <dep type="nmod">
            <governor idx="2">responded</governor>
            <dependent idx="5">query</dependent>
          </dep>
          <dep type="nsubjpass">
            <governor idx="8">asked</governor>
            <dependent idx="6">that</dependent>
          </dep>
          <dep type="auxpass">
            <governor idx="8">asked</governor>
            <dependent idx="7">was</dependent>
          </dep>
          <dep type="acl:relcl">
            <governor idx="5">query</governor>
            <dependent idx="8">asked</dependent>
          </dep>
          <dep type="case">
            <governor idx="10">him</governor>
            <dependent idx="9">of</dependent>
          </dep>
          <dep type="nmod">
            <governor idx="8">asked</governor>
            <dependent idx="10">him</dependent>
          </dep>
          <dep type="punct">
            <governor idx="2">responded</governor>
            <dependent idx="11">.</dependent>
          </dep>
        </dependencies>
        <dependencies type="collapsed-dependencies">
          <dep type="root">
            <governor idx="0">ROOT</governor>
            <dependent idx="2">responded</dependent>
          </dep>
          <dep type="nsubj">
            <governor idx="2">responded</governor>
            <dependent idx="1">He</dependent>
          </dep>
          <dep type="case">
            <governor idx="5">query</governor>
            <dependent idx="3">to</dependent>
          </dep>
          <dep type="det">
            <governor idx="5">query</governor>
            <dependent idx="4">every</dependent>
          </dep>
          <dep type="nmod:to">
            <governor idx="2">responded</governor>
            <dependent idx="5">query</dependent>
          </dep>
          <dep type="nsubjpass">
            <governor idx="8">asked</governor>
            <dependent idx="6">that</dependent>
          </dep>
          <dep type="auxpass">
            <governor idx="8">asked</governor>
            <dependent idx="7">was</dependent>
          </dep>
          <dep type="acl:relcl">
            <governor idx="5">query</governor>
            <dependent idx="8">asked</dependent>
          </dep>
          <dep type="case">
            <governor idx="10">him</governor>
            <dependent idx="9">of</dependent>
          </dep>
          <dep type="nmod:of">
            <governor idx="8">asked</governor>
            <dependent idx="10">him</dependent>
          </dep>
          <dep type="punct">
            <governor idx="2">responded</governor>
            <dependent idx="11">.</dependent>
          </dep>
        </dependencies>
        <dependencies type="collapsed-ccprocessed-dependencies">
          <dep type="root">
            <governor idx="0">ROOT</governor>
            <dependent idx="2">responded</dependent>
          </dep>
          <dep type="nsubj">
            <governor idx="2">responded</governor>
            <dependent idx="1">He</dependent>
          </dep>
          <dep type="case">
            <governor idx="5">query</governor>
            <dependent idx="3">to</dependent>
          </dep>
          <dep type="det">
            <governor idx="5">query</governor>
            <dependent idx="4">every</dependent>
          </dep>
          <dep type="nmod:to">
            <governor idx="2">responded</governor>
            <dependent idx="5">query</dependent>
          </dep>
          <dep type="nsubjpass">
            <governor idx="8">asked</governor>
            <dependent idx="6">that</dependent>
          </dep>
          <dep type="auxpass">
            <governor idx="8">asked</governor>
            <dependent idx="7">was</dependent>
          </dep>
          <dep type="acl:relcl">
            <governor idx="5">query</governor>
            <dependent idx="8">asked</dependent>
          </dep>
          <dep type="case">
            <governor idx="10">him</governor>
            <dependent idx="9">of</dependent>
          </dep>
          <dep type="nmod:of">
            <governor idx="8">asked</governor>
            <dependent idx="10">him</dependent>
          </dep>
          <dep type="punct">
            <governor idx="2">responded</governor>
            <dependent idx="11">.</dependent>
          </dep>
        </dependencies>
      </sentence>
      <sentence id="134">
        <tokens>
          <token id="1">
            <word>He</word>
            <lemma>he</lemma>
            <CharacterOffsetBegin>14296</CharacterOffsetBegin>
            <CharacterOffsetEnd>14298</CharacterOffsetEnd>
            <POS>PRP</POS>
            <NER>O</NER>
            <Speaker>PER0</Speaker>
          </token>
          <token id="2">
            <word>stated</word>
            <lemma>state</lemma>
            <CharacterOffsetBegin>14299</CharacterOffsetBegin>
            <CharacterOffsetEnd>14305</CharacterOffsetEnd>
            <POS>VBD</POS>
            <NER>O</NER>
            <Speaker>PER0</Speaker>
          </token>
          <token id="3">
            <word>that</word>
            <lemma>that</lemma>
            <CharacterOffsetBegin>14306</CharacterOffsetBegin>
            <CharacterOffsetEnd>14310</CharacterOffsetEnd>
            <POS>IN</POS>
            <NER>O</NER>
            <Speaker>PER0</Speaker>
          </token>
          <token id="4">
            <word>he</word>
            <lemma>he</lemma>
            <CharacterOffsetBegin>14311</CharacterOffsetBegin>
            <CharacterOffsetEnd>14313</CharacterOffsetEnd>
            <POS>PRP</POS>
            <NER>O</NER>
            <Speaker>PER0</Speaker>
          </token>
          <token id="5">
            <word>can</word>
            <lemma>can</lemma>
            <CharacterOffsetBegin>14314</CharacterOffsetBegin>
            <CharacterOffsetEnd>14317</CharacterOffsetEnd>
            <POS>MD</POS>
            <NER>O</NER>
            <Speaker>PER0</Speaker>
          </token>
          <token id="6">
            <word>see</word>
            <lemma>see</lemma>
            <CharacterOffsetBegin>14318</CharacterOffsetBegin>
            <CharacterOffsetEnd>14321</CharacterOffsetEnd>
            <POS>VB</POS>
            <NER>O</NER>
            <Speaker>PER0</Speaker>
          </token>
          <token id="7">
            <word>that</word>
            <lemma>that</lemma>
            <CharacterOffsetBegin>14322</CharacterOffsetBegin>
            <CharacterOffsetEnd>14326</CharacterOffsetEnd>
            <POS>IN</POS>
            <NER>O</NER>
            <Speaker>PER0</Speaker>
          </token>
          <token id="8">
            <word>the</word>
            <lemma>the</lemma>
            <CharacterOffsetBegin>14327</CharacterOffsetBegin>
            <CharacterOffsetEnd>14330</CharacterOffsetEnd>
            <POS>DT</POS>
            <NER>O</NER>
            <Speaker>PER0</Speaker>
          </token>
          <token id="9">
            <word>challenge</word>
            <lemma>challenge</lemma>
            <CharacterOffsetBegin>14331</CharacterOffsetBegin>
            <CharacterOffsetEnd>14340</CharacterOffsetEnd>
            <POS>NN</POS>
            <NER>O</NER>
            <Speaker>PER0</Speaker>
          </token>
          <token id="10">
            <word>for</word>
            <lemma>for</lemma>
            <CharacterOffsetBegin>14341</CharacterOffsetBegin>
            <CharacterOffsetEnd>14344</CharacterOffsetEnd>
            <POS>IN</POS>
            <NER>O</NER>
            <Speaker>PER0</Speaker>
          </token>
          <token id="11">
            <word>ANZ</word>
            <lemma>ANZ</lemma>
            <CharacterOffsetBegin>14345</CharacterOffsetBegin>
            <CharacterOffsetEnd>14348</CharacterOffsetEnd>
            <POS>NNP</POS>
            <NER>ORGANIZATION</NER>
            <Speaker>PER0</Speaker>
          </token>
          <token id="12">
            <word>is</word>
            <lemma>be</lemma>
            <CharacterOffsetBegin>14349</CharacterOffsetBegin>
            <CharacterOffsetEnd>14351</CharacterOffsetEnd>
            <POS>VBZ</POS>
            <NER>O</NER>
            <Speaker>PER0</Speaker>
          </token>
          <token id="13">
            <word>the</word>
            <lemma>the</lemma>
            <CharacterOffsetBegin>14352</CharacterOffsetBegin>
            <CharacterOffsetEnd>14355</CharacterOffsetEnd>
            <POS>DT</POS>
            <NER>O</NER>
            <Speaker>PER0</Speaker>
          </token>
          <token id="14">
            <word>Key</word>
            <lemma>Key</lemma>
            <CharacterOffsetBegin>14356</CharacterOffsetBegin>
            <CharacterOffsetEnd>14359</CharacterOffsetEnd>
            <POS>NNP</POS>
            <NER>O</NER>
            <Speaker>PER0</Speaker>
          </token>
          <token id="15">
            <word>Accounts</word>
            <lemma>Accounts</lemma>
            <CharacterOffsetBegin>14360</CharacterOffsetBegin>
            <CharacterOffsetEnd>14368</CharacterOffsetEnd>
            <POS>NNPS</POS>
            <NER>O</NER>
            <Speaker>PER0</Speaker>
          </token>
          <token id="16">
            <word>and</word>
            <lemma>and</lemma>
            <CharacterOffsetBegin>14369</CharacterOffsetBegin>
            <CharacterOffsetEnd>14372</CharacterOffsetEnd>
            <POS>CC</POS>
            <NER>O</NER>
            <Speaker>PER0</Speaker>
          </token>
          <token id="17">
            <word>he</word>
            <lemma>he</lemma>
            <CharacterOffsetBegin>14373</CharacterOffsetBegin>
            <CharacterOffsetEnd>14375</CharacterOffsetEnd>
            <POS>PRP</POS>
            <NER>O</NER>
            <Speaker>PER0</Speaker>
          </token>
          <token id="18">
            <word>stated</word>
            <lemma>state</lemma>
            <CharacterOffsetBegin>14376</CharacterOffsetBegin>
            <CharacterOffsetEnd>14382</CharacterOffsetEnd>
            <POS>VBD</POS>
            <NER>O</NER>
            <Speaker>PER0</Speaker>
          </token>
          <token id="19">
            <word>`</word>
            <lemma>`</lemma>
            <CharacterOffsetBegin>14383</CharacterOffsetBegin>
            <CharacterOffsetEnd>14384</CharacterOffsetEnd>
            <POS>``</POS>
            <NER>O</NER>
            <Speaker>PER0</Speaker>
          </token>
          <token id="20">
            <word>let</word>
            <lemma>let</lemma>
            <CharacterOffsetBegin>14384</CharacterOffsetBegin>
            <CharacterOffsetEnd>14387</CharacterOffsetEnd>
            <POS>VB</POS>
            <NER>O</NER>
            <Speaker>PER0</Speaker>
          </token>
          <token id="21">
            <word>me</word>
            <lemma>I</lemma>
            <CharacterOffsetBegin>14388</CharacterOffsetBegin>
            <CharacterOffsetEnd>14390</CharacterOffsetEnd>
            <POS>PRP</POS>
            <NER>O</NER>
            <Speaker>PER0</Speaker>
          </token>
          <token id="22">
            <word>come</word>
            <lemma>come</lemma>
            <CharacterOffsetBegin>14391</CharacterOffsetBegin>
            <CharacterOffsetEnd>14395</CharacterOffsetEnd>
            <POS>VB</POS>
            <NER>O</NER>
            <Speaker>PER0</Speaker>
          </token>
          <token id="23">
            <word>and</word>
            <lemma>and</lemma>
            <CharacterOffsetBegin>14396</CharacterOffsetBegin>
            <CharacterOffsetEnd>14399</CharacterOffsetEnd>
            <POS>CC</POS>
            <NER>O</NER>
            <Speaker>PER0</Speaker>
          </token>
          <token id="24">
            <word>help</word>
            <lemma>help</lemma>
            <CharacterOffsetBegin>14400</CharacterOffsetBegin>
            <CharacterOffsetEnd>14404</CharacterOffsetEnd>
            <POS>VB</POS>
            <NER>O</NER>
            <Speaker>PER0</Speaker>
          </token>
          <token id="25">
            <word>you</word>
            <lemma>you</lemma>
            <CharacterOffsetBegin>14405</CharacterOffsetBegin>
            <CharacterOffsetEnd>14408</CharacterOffsetEnd>
            <POS>PRP</POS>
            <NER>O</NER>
            <Speaker>PER0</Speaker>
          </token>
          <token id="26">
            <word>'</word>
            <lemma>'</lemma>
            <CharacterOffsetBegin>14408</CharacterOffsetBegin>
            <CharacterOffsetEnd>14409</CharacterOffsetEnd>
            <POS>''</POS>
            <NER>O</NER>
            <Speaker>PER0</Speaker>
          </token>
          <token id="27">
            <word>it</word>
            <lemma>it</lemma>
            <CharacterOffsetBegin>14410</CharacterOffsetBegin>
            <CharacterOffsetEnd>14412</CharacterOffsetEnd>
            <POS>PRP</POS>
            <NER>O</NER>
            <Speaker>PER0</Speaker>
          </token>
          <token id="28">
            <word>was</word>
            <lemma>be</lemma>
            <CharacterOffsetBegin>14413</CharacterOffsetBegin>
            <CharacterOffsetEnd>14416</CharacterOffsetEnd>
            <POS>VBD</POS>
            <NER>O</NER>
            <Speaker>PER0</Speaker>
          </token>
          <token id="29">
            <word>rare</word>
            <lemma>rare</lemma>
            <CharacterOffsetBegin>14417</CharacterOffsetBegin>
            <CharacterOffsetEnd>14421</CharacterOffsetEnd>
            <POS>JJ</POS>
            <NER>O</NER>
            <Speaker>PER0</Speaker>
          </token>
          <token id="30">
            <word>for</word>
            <lemma>for</lemma>
            <CharacterOffsetBegin>14422</CharacterOffsetBegin>
            <CharacterOffsetEnd>14425</CharacterOffsetEnd>
            <POS>IN</POS>
            <NER>O</NER>
            <Speaker>PER0</Speaker>
          </token>
          <token id="31">
            <word>me</word>
            <lemma>I</lemma>
            <CharacterOffsetBegin>14426</CharacterOffsetBegin>
            <CharacterOffsetEnd>14428</CharacterOffsetEnd>
            <POS>PRP</POS>
            <NER>O</NER>
            <Speaker>PER0</Speaker>
          </token>
          <token id="32">
            <word>to</word>
            <lemma>to</lemma>
            <CharacterOffsetBegin>14429</CharacterOffsetBegin>
            <CharacterOffsetEnd>14431</CharacterOffsetEnd>
            <POS>TO</POS>
            <NER>O</NER>
            <Speaker>PER0</Speaker>
          </token>
          <token id="33">
            <word>hear</word>
            <lemma>hear</lemma>
            <CharacterOffsetBegin>14432</CharacterOffsetBegin>
            <CharacterOffsetEnd>14436</CharacterOffsetEnd>
            <POS>VB</POS>
            <NER>O</NER>
            <Speaker>PER0</Speaker>
          </token>
          <token id="34">
            <word>that</word>
            <lemma>that</lemma>
            <CharacterOffsetBegin>14437</CharacterOffsetBegin>
            <CharacterOffsetEnd>14441</CharacterOffsetEnd>
            <POS>IN</POS>
            <NER>O</NER>
            <Speaker>PER0</Speaker>
          </token>
          <token id="35">
            <word>type</word>
            <lemma>type</lemma>
            <CharacterOffsetBegin>14442</CharacterOffsetBegin>
            <CharacterOffsetEnd>14446</CharacterOffsetEnd>
            <POS>NN</POS>
            <NER>O</NER>
            <Speaker>PER0</Speaker>
          </token>
          <token id="36">
            <word>of</word>
            <lemma>of</lemma>
            <CharacterOffsetBegin>14447</CharacterOffsetBegin>
            <CharacterOffsetEnd>14449</CharacterOffsetEnd>
            <POS>IN</POS>
            <NER>O</NER>
            <Speaker>PER0</Speaker>
          </token>
          <token id="37">
            <word>commitment</word>
            <lemma>commitment</lemma>
            <CharacterOffsetBegin>14450</CharacterOffsetBegin>
            <CharacterOffsetEnd>14460</CharacterOffsetEnd>
            <POS>NN</POS>
            <NER>O</NER>
            <Speaker>PER0</Speaker>
          </token>
          <token id="38">
            <word>from</word>
            <lemma>from</lemma>
            <CharacterOffsetBegin>14461</CharacterOffsetBegin>
            <CharacterOffsetEnd>14465</CharacterOffsetEnd>
            <POS>IN</POS>
            <NER>O</NER>
            <Speaker>PER0</Speaker>
          </token>
          <token id="39">
            <word>such</word>
            <lemma>such</lemma>
            <CharacterOffsetBegin>14466</CharacterOffsetBegin>
            <CharacterOffsetEnd>14470</CharacterOffsetEnd>
            <POS>JJ</POS>
            <NER>O</NER>
            <Speaker>PER0</Speaker>
          </token>
          <token id="40">
            <word>a</word>
            <lemma>a</lemma>
            <CharacterOffsetBegin>14471</CharacterOffsetBegin>
            <CharacterOffsetEnd>14472</CharacterOffsetEnd>
            <POS>DT</POS>
            <NER>O</NER>
            <Speaker>PER0</Speaker>
          </token>
          <token id="41">
            <word>high</word>
            <lemma>high</lemma>
            <CharacterOffsetBegin>14473</CharacterOffsetBegin>
            <CharacterOffsetEnd>14477</CharacterOffsetEnd>
            <POS>JJ</POS>
            <NER>O</NER>
            <Speaker>PER0</Speaker>
          </token>
          <token id="42">
            <word>up</word>
            <lemma>up</lemma>
            <CharacterOffsetBegin>14478</CharacterOffsetBegin>
            <CharacterOffsetEnd>14480</CharacterOffsetEnd>
            <POS>IN</POS>
            <NER>O</NER>
            <Speaker>PER0</Speaker>
          </token>
          <token id="43">
            <word>leader</word>
            <lemma>leader</lemma>
            <CharacterOffsetBegin>14481</CharacterOffsetBegin>
            <CharacterOffsetEnd>14487</CharacterOffsetEnd>
            <POS>NN</POS>
            <NER>O</NER>
            <Speaker>PER0</Speaker>
          </token>
          <token id="44">
            <word>and</word>
            <lemma>and</lemma>
            <CharacterOffsetBegin>14488</CharacterOffsetBegin>
            <CharacterOffsetEnd>14491</CharacterOffsetEnd>
            <POS>CC</POS>
            <NER>O</NER>
            <Speaker>PER0</Speaker>
          </token>
          <token id="45">
            <word>you</word>
            <lemma>you</lemma>
            <CharacterOffsetBegin>14492</CharacterOffsetBegin>
            <CharacterOffsetEnd>14495</CharacterOffsetEnd>
            <POS>PRP</POS>
            <NER>O</NER>
            <Speaker>PER0</Speaker>
          </token>
          <token id="46">
            <word>could</word>
            <lemma>could</lemma>
            <CharacterOffsetBegin>14496</CharacterOffsetBegin>
            <CharacterOffsetEnd>14501</CharacterOffsetEnd>
            <POS>MD</POS>
            <NER>O</NER>
            <Speaker>PER0</Speaker>
          </token>
          <token id="47">
            <word>feel</word>
            <lemma>feel</lemma>
            <CharacterOffsetBegin>14502</CharacterOffsetBegin>
            <CharacterOffsetEnd>14506</CharacterOffsetEnd>
            <POS>VB</POS>
            <NER>O</NER>
            <Speaker>PER0</Speaker>
          </token>
          <token id="48">
            <word>it</word>
            <lemma>it</lemma>
            <CharacterOffsetBegin>14507</CharacterOffsetBegin>
            <CharacterOffsetEnd>14509</CharacterOffsetEnd>
            <POS>PRP</POS>
            <NER>O</NER>
            <Speaker>PER0</Speaker>
          </token>
          <token id="49">
            <word>was</word>
            <lemma>be</lemma>
            <CharacterOffsetBegin>14510</CharacterOffsetBegin>
            <CharacterOffsetEnd>14513</CharacterOffsetEnd>
            <POS>VBD</POS>
            <NER>O</NER>
            <Speaker>PER0</Speaker>
          </token>
          <token id="50">
            <word>genuine</word>
            <lemma>genuine</lemma>
            <CharacterOffsetBegin>14514</CharacterOffsetBegin>
            <CharacterOffsetEnd>14521</CharacterOffsetEnd>
            <POS>JJ</POS>
            <NER>O</NER>
            <Speaker>PER0</Speaker>
          </token>
          <token id="51">
            <word>.</word>
            <lemma>.</lemma>
            <CharacterOffsetBegin>14521</CharacterOffsetBegin>
            <CharacterOffsetEnd>14522</CharacterOffsetEnd>
            <POS>.</POS>
            <NER>O</NER>
            <Speaker>PER0</Speaker>
          </token>
        </tokens>
        <parse>(ROOT (S (NP (PRP He)) (VP (VBD stated) (SBAR (IN that) (S (NP (PRP he)) (VP (MD can) (VP (VB see) (SBAR (IN that) (S (S (NP (NP (DT the) (NN challenge)) (PP (IN for) (NP (NNP ANZ)))) (VP (VBZ is) (NP (DT the) (NNP Key) (NNPS Accounts)))) (CC and) (S (NP (PRP he)) (VP (VBD stated) (SBAR (S (`` `) (S (VP (VB let) (S (NP (PRP me)) (VP (VB come) (CC and) (VB help) (NP (PRP you)))))) ('' ') (NP (PRP it)) (VP (VBD was) (ADJP (JJ rare) (PP (IN for) (NP (PRP me)))) (S (VP (TO to) (VP (VB hear) (SBAR (IN that) (S (NP (NP (NN type)) (PP (IN of) (NP (NP (NN commitment)) (PP (IN from) (NP (NP (JJ such) (DT a) (ADJP (JJ high) (PRT (IN up))) (NN leader)) (CC and) (NP (PRP you))))))) (VP (MD could) (VP (VB feel) (SBAR (S (NP (PRP it)) (VP (VBD was) (ADJP (JJ genuine)))))))))))))))))))))))) (. .))) </parse>
        <dependencies type="basic-dependencies">
          <dep type="root">
            <governor idx="0">ROOT</governor>
            <dependent idx="2">stated</dependent>
          </dep>
          <dep type="nsubj">
            <governor idx="2">stated</governor>
            <dependent idx="1">He</dependent>
          </dep>
          <dep type="mark">
            <governor idx="6">see</governor>
            <dependent idx="3">that</dependent>
          </dep>
          <dep type="nsubj">
            <governor idx="6">see</governor>
            <dependent idx="4">he</dependent>
          </dep>
          <dep type="aux">
            <governor idx="6">see</governor>
            <dependent idx="5">can</dependent>
          </dep>
          <dep type="ccomp">
            <governor idx="2">stated</governor>
            <dependent idx="6">see</dependent>
          </dep>
          <dep type="mark">
            <governor idx="15">Accounts</governor>
            <dependent idx="7">that</dependent>
          </dep>
          <dep type="det">
            <governor idx="9">challenge</governor>
            <dependent idx="8">the</dependent>
          </dep>
          <dep type="nsubj">
            <governor idx="15">Accounts</governor>
            <dependent idx="9">challenge</dependent>
          </dep>
          <dep type="case">
            <governor idx="11">ANZ</governor>
            <dependent idx="10">for</dependent>
          </dep>
          <dep type="nmod">
            <governor idx="9">challenge</governor>
            <dependent idx="11">ANZ</dependent>
          </dep>
          <dep type="cop">
            <governor idx="15">Accounts</governor>
            <dependent idx="12">is</dependent>
          </dep>
          <dep type="det">
            <governor idx="15">Accounts</governor>
            <dependent idx="13">the</dependent>
          </dep>
          <dep type="compound">
            <governor idx="15">Accounts</governor>
            <dependent idx="14">Key</dependent>
          </dep>
          <dep type="ccomp">
            <governor idx="6">see</governor>
            <dependent idx="15">Accounts</dependent>
          </dep>
          <dep type="cc">
            <governor idx="15">Accounts</governor>
            <dependent idx="16">and</dependent>
          </dep>
          <dep type="nsubj">
            <governor idx="18">stated</governor>
            <dependent idx="17">he</dependent>
          </dep>
          <dep type="conj">
            <governor idx="15">Accounts</governor>
            <dependent idx="18">stated</dependent>
          </dep>
          <dep type="punct">
            <governor idx="29">rare</governor>
            <dependent idx="19">`</dependent>
          </dep>
          <dep type="ccomp">
            <governor idx="29">rare</governor>
            <dependent idx="20">let</dependent>
          </dep>
          <dep type="nsubj">
            <governor idx="22">come</governor>
            <dependent idx="21">me</dependent>
          </dep>
          <dep type="ccomp">
            <governor idx="20">let</governor>
            <dependent idx="22">come</dependent>
          </dep>
          <dep type="cc">
            <governor idx="22">come</governor>
            <dependent idx="23">and</dependent>
          </dep>
          <dep type="conj">
            <governor idx="22">come</governor>
            <dependent idx="24">help</dependent>
          </dep>
          <dep type="dobj">
            <governor idx="22">come</governor>
            <dependent idx="25">you</dependent>
          </dep>
          <dep type="punct">
            <governor idx="29">rare</governor>
            <dependent idx="26">'</dependent>
          </dep>
          <dep type="nsubj">
            <governor idx="29">rare</governor>
            <dependent idx="27">it</dependent>
          </dep>
          <dep type="cop">
            <governor idx="29">rare</governor>
            <dependent idx="28">was</dependent>
          </dep>
          <dep type="ccomp">
            <governor idx="18">stated</governor>
            <dependent idx="29">rare</dependent>
          </dep>
          <dep type="case">
            <governor idx="31">me</governor>
            <dependent idx="30">for</dependent>
          </dep>
          <dep type="nmod">
            <governor idx="29">rare</governor>
            <dependent idx="31">me</dependent>
          </dep>
          <dep type="mark">
            <governor idx="33">hear</governor>
            <dependent idx="32">to</dependent>
          </dep>
          <dep type="xcomp">
            <governor idx="29">rare</governor>
            <dependent idx="33">hear</dependent>
          </dep>
          <dep type="mark">
            <governor idx="47">feel</governor>
            <dependent idx="34">that</dependent>
          </dep>
          <dep type="nsubj">
            <governor idx="47">feel</governor>
            <dependent idx="35">type</dependent>
          </dep>
          <dep type="case">
            <governor idx="37">commitment</governor>
            <dependent idx="36">of</dependent>
          </dep>
          <dep type="nmod">
            <governor idx="35">type</governor>
            <dependent idx="37">commitment</dependent>
          </dep>
          <dep type="case">
            <governor idx="43">leader</governor>
            <dependent idx="38">from</dependent>
          </dep>
          <dep type="amod">
            <governor idx="43">leader</governor>
            <dependent idx="39">such</dependent>
          </dep>
          <dep type="det">
            <governor idx="43">leader</governor>
            <dependent idx="40">a</dependent>
          </dep>
          <dep type="amod">
            <governor idx="43">leader</governor>
            <dependent idx="41">high</dependent>
          </dep>
          <dep type="dep">
            <governor idx="41">high</governor>
            <dependent idx="42">up</dependent>
          </dep>
          <dep type="nmod">
            <governor idx="37">commitment</governor>
            <dependent idx="43">leader</dependent>
          </dep>
          <dep type="cc">
            <governor idx="43">leader</governor>
            <dependent idx="44">and</dependent>
          </dep>
          <dep type="conj">
            <governor idx="43">leader</governor>
            <dependent idx="45">you</dependent>
          </dep>
          <dep type="aux">
            <governor idx="47">feel</governor>
            <dependent idx="46">could</dependent>
          </dep>
          <dep type="ccomp">
            <governor idx="33">hear</governor>
            <dependent idx="47">feel</dependent>
          </dep>
          <dep type="nsubj">
            <governor idx="50">genuine</governor>
            <dependent idx="48">it</dependent>
          </dep>
          <dep type="cop">
            <governor idx="50">genuine</governor>
            <dependent idx="49">was</dependent>
          </dep>
          <dep type="ccomp">
            <governor idx="47">feel</governor>
            <dependent idx="50">genuine</dependent>
          </dep>
          <dep type="punct">
            <governor idx="2">stated</governor>
            <dependent idx="51">.</dependent>
          </dep>
        </dependencies>
        <dependencies type="collapsed-dependencies">
          <dep type="root">
            <governor idx="0">ROOT</governor>
            <dependent idx="2">stated</dependent>
          </dep>
          <dep type="nsubj">
            <governor idx="2">stated</governor>
            <dependent idx="1">He</dependent>
          </dep>
          <dep type="mark">
            <governor idx="6">see</governor>
            <dependent idx="3">that</dependent>
          </dep>
          <dep type="nsubj">
            <governor idx="6">see</governor>
            <dependent idx="4">he</dependent>
          </dep>
          <dep type="aux">
            <governor idx="6">see</governor>
            <dependent idx="5">can</dependent>
          </dep>
          <dep type="ccomp">
            <governor idx="2">stated</governor>
            <dependent idx="6">see</dependent>
          </dep>
          <dep type="mark">
            <governor idx="15">Accounts</governor>
            <dependent idx="7">that</dependent>
          </dep>
          <dep type="det">
            <governor idx="9">challenge</governor>
            <dependent idx="8">the</dependent>
          </dep>
          <dep type="nsubj">
            <governor idx="15">Accounts</governor>
            <dependent idx="9">challenge</dependent>
          </dep>
          <dep type="case">
            <governor idx="11">ANZ</governor>
            <dependent idx="10">for</dependent>
          </dep>
          <dep type="nmod:for">
            <governor idx="9">challenge</governor>
            <dependent idx="11">ANZ</dependent>
          </dep>
          <dep type="cop">
            <governor idx="15">Accounts</governor>
            <dependent idx="12">is</dependent>
          </dep>
          <dep type="det">
            <governor idx="15">Accounts</governor>
            <dependent idx="13">the</dependent>
          </dep>
          <dep type="compound">
            <governor idx="15">Accounts</governor>
            <dependent idx="14">Key</dependent>
          </dep>
          <dep type="ccomp">
            <governor idx="6">see</governor>
            <dependent idx="15">Accounts</dependent>
          </dep>
          <dep type="cc">
            <governor idx="15">Accounts</governor>
            <dependent idx="16">and</dependent>
          </dep>
          <dep type="nsubj">
            <governor idx="18">stated</governor>
            <dependent idx="17">he</dependent>
          </dep>
          <dep type="conj:and">
            <governor idx="15">Accounts</governor>
            <dependent idx="18">stated</dependent>
          </dep>
          <dep type="punct">
            <governor idx="29">rare</governor>
            <dependent idx="19">`</dependent>
          </dep>
          <dep type="ccomp">
            <governor idx="29">rare</governor>
            <dependent idx="20">let</dependent>
          </dep>
          <dep type="nsubj">
            <governor idx="22">come</governor>
            <dependent idx="21">me</dependent>
          </dep>
          <dep type="ccomp">
            <governor idx="20">let</governor>
            <dependent idx="22">come</dependent>
          </dep>
          <dep type="cc">
            <governor idx="22">come</governor>
            <dependent idx="23">and</dependent>
          </dep>
          <dep type="conj:and">
            <governor idx="22">come</governor>
            <dependent idx="24">help</dependent>
          </dep>
          <dep type="dobj">
            <governor idx="22">come</governor>
            <dependent idx="25">you</dependent>
          </dep>
          <dep type="punct">
            <governor idx="29">rare</governor>
            <dependent idx="26">'</dependent>
          </dep>
          <dep type="nsubj">
            <governor idx="29">rare</governor>
            <dependent idx="27">it</dependent>
          </dep>
          <dep type="cop">
            <governor idx="29">rare</governor>
            <dependent idx="28">was</dependent>
          </dep>
          <dep type="ccomp">
            <governor idx="18">stated</governor>
            <dependent idx="29">rare</dependent>
          </dep>
          <dep type="case">
            <governor idx="31">me</governor>
            <dependent idx="30">for</dependent>
          </dep>
          <dep type="nmod:for">
            <governor idx="29">rare</governor>
            <dependent idx="31">me</dependent>
          </dep>
          <dep type="mark">
            <governor idx="33">hear</governor>
            <dependent idx="32">to</dependent>
          </dep>
          <dep type="xcomp">
            <governor idx="29">rare</governor>
            <dependent idx="33">hear</dependent>
          </dep>
          <dep type="mark">
            <governor idx="47">feel</governor>
            <dependent idx="34">that</dependent>
          </dep>
          <dep type="nsubj">
            <governor idx="47">feel</governor>
            <dependent idx="35">type</dependent>
          </dep>
          <dep type="case">
            <governor idx="37">commitment</governor>
            <dependent idx="36">of</dependent>
          </dep>
          <dep type="nmod:of">
            <governor idx="35">type</governor>
            <dependent idx="37">commitment</dependent>
          </dep>
          <dep type="case">
            <governor idx="43">leader</governor>
            <dependent idx="38">from</dependent>
          </dep>
          <dep type="amod">
            <governor idx="43">leader</governor>
            <dependent idx="39">such</dependent>
          </dep>
          <dep type="det">
            <governor idx="43">leader</governor>
            <dependent idx="40">a</dependent>
          </dep>
          <dep type="amod">
            <governor idx="43">leader</governor>
            <dependent idx="41">high</dependent>
          </dep>
          <dep type="dep">
            <governor idx="41">high</governor>
            <dependent idx="42">up</dependent>
          </dep>
          <dep type="nmod:from">
            <governor idx="37">commitment</governor>
            <dependent idx="43">leader</dependent>
          </dep>
          <dep type="cc">
            <governor idx="43">leader</governor>
            <dependent idx="44">and</dependent>
          </dep>
          <dep type="conj:and">
            <governor idx="43">leader</governor>
            <dependent idx="45">you</dependent>
          </dep>
          <dep type="aux">
            <governor idx="47">feel</governor>
            <dependent idx="46">could</dependent>
          </dep>
          <dep type="ccomp">
            <governor idx="33">hear</governor>
            <dependent idx="47">feel</dependent>
          </dep>
          <dep type="nsubj">
            <governor idx="50">genuine</governor>
            <dependent idx="48">it</dependent>
          </dep>
          <dep type="cop">
            <governor idx="50">genuine</governor>
            <dependent idx="49">was</dependent>
          </dep>
          <dep type="ccomp">
            <governor idx="47">feel</governor>
            <dependent idx="50">genuine</dependent>
          </dep>
          <dep type="punct">
            <governor idx="2">stated</governor>
            <dependent idx="51">.</dependent>
          </dep>
        </dependencies>
        <dependencies type="collapsed-ccprocessed-dependencies">
          <dep type="root">
            <governor idx="0">ROOT</governor>
            <dependent idx="2">stated</dependent>
          </dep>
          <dep type="nsubj">
            <governor idx="2">stated</governor>
            <dependent idx="1">He</dependent>
          </dep>
          <dep type="mark">
            <governor idx="6">see</governor>
            <dependent idx="3">that</dependent>
          </dep>
          <dep type="nsubj">
            <governor idx="6">see</governor>
            <dependent idx="4">he</dependent>
          </dep>
          <dep type="aux">
            <governor idx="6">see</governor>
            <dependent idx="5">can</dependent>
          </dep>
          <dep type="ccomp">
            <governor idx="2">stated</governor>
            <dependent idx="6">see</dependent>
          </dep>
          <dep type="mark">
            <governor idx="15">Accounts</governor>
            <dependent idx="7">that</dependent>
          </dep>
          <dep type="det">
            <governor idx="9">challenge</governor>
            <dependent idx="8">the</dependent>
          </dep>
          <dep type="nsubj">
            <governor idx="15">Accounts</governor>
            <dependent idx="9">challenge</dependent>
          </dep>
          <dep type="case">
            <governor idx="11">ANZ</governor>
            <dependent idx="10">for</dependent>
          </dep>
          <dep type="nmod:for">
            <governor idx="9">challenge</governor>
            <dependent idx="11">ANZ</dependent>
          </dep>
          <dep type="cop">
            <governor idx="15">Accounts</governor>
            <dependent idx="12">is</dependent>
          </dep>
          <dep type="det">
            <governor idx="15">Accounts</governor>
            <dependent idx="13">the</dependent>
          </dep>
          <dep type="compound">
            <governor idx="15">Accounts</governor>
            <dependent idx="14">Key</dependent>
          </dep>
          <dep type="ccomp">
            <governor idx="6">see</governor>
            <dependent idx="15">Accounts</dependent>
          </dep>
          <dep type="cc">
            <governor idx="15">Accounts</governor>
            <dependent idx="16">and</dependent>
          </dep>
          <dep type="nsubj">
            <governor idx="18">stated</governor>
            <dependent idx="17">he</dependent>
          </dep>
          <dep type="ccomp" extra="true">
            <governor idx="6">see</governor>
            <dependent idx="18">stated</dependent>
          </dep>
          <dep type="conj:and">
            <governor idx="15">Accounts</governor>
            <dependent idx="18">stated</dependent>
          </dep>
          <dep type="punct">
            <governor idx="29">rare</governor>
            <dependent idx="19">`</dependent>
          </dep>
          <dep type="ccomp">
            <governor idx="29">rare</governor>
            <dependent idx="20">let</dependent>
          </dep>
          <dep type="nsubj">
            <governor idx="22">come</governor>
            <dependent idx="21">me</dependent>
          </dep>
          <dep type="nsubj" extra="true">
            <governor idx="24">help</governor>
            <dependent idx="21">me</dependent>
          </dep>
          <dep type="ccomp">
            <governor idx="20">let</governor>
            <dependent idx="22">come</dependent>
          </dep>
          <dep type="cc">
            <governor idx="22">come</governor>
            <dependent idx="23">and</dependent>
          </dep>
          <dep type="ccomp" extra="true">
            <governor idx="20">let</governor>
            <dependent idx="24">help</dependent>
          </dep>
          <dep type="conj:and">
            <governor idx="22">come</governor>
            <dependent idx="24">help</dependent>
          </dep>
          <dep type="dobj">
            <governor idx="22">come</governor>
            <dependent idx="25">you</dependent>
          </dep>
          <dep type="punct">
            <governor idx="29">rare</governor>
            <dependent idx="26">'</dependent>
          </dep>
          <dep type="nsubj">
            <governor idx="29">rare</governor>
            <dependent idx="27">it</dependent>
          </dep>
          <dep type="cop">
            <governor idx="29">rare</governor>
            <dependent idx="28">was</dependent>
          </dep>
          <dep type="ccomp">
            <governor idx="18">stated</governor>
            <dependent idx="29">rare</dependent>
          </dep>
          <dep type="case">
            <governor idx="31">me</governor>
            <dependent idx="30">for</dependent>
          </dep>
          <dep type="nmod:for">
            <governor idx="29">rare</governor>
            <dependent idx="31">me</dependent>
          </dep>
          <dep type="mark">
            <governor idx="33">hear</governor>
            <dependent idx="32">to</dependent>
          </dep>
          <dep type="xcomp">
            <governor idx="29">rare</governor>
            <dependent idx="33">hear</dependent>
          </dep>
          <dep type="mark">
            <governor idx="47">feel</governor>
            <dependent idx="34">that</dependent>
          </dep>
          <dep type="nsubj">
            <governor idx="47">feel</governor>
            <dependent idx="35">type</dependent>
          </dep>
          <dep type="case">
            <governor idx="37">commitment</governor>
            <dependent idx="36">of</dependent>
          </dep>
          <dep type="nmod:of">
            <governor idx="35">type</governor>
            <dependent idx="37">commitment</dependent>
          </dep>
          <dep type="case">
            <governor idx="43">leader</governor>
            <dependent idx="38">from</dependent>
          </dep>
          <dep type="amod">
            <governor idx="43">leader</governor>
            <dependent idx="39">such</dependent>
          </dep>
          <dep type="det">
            <governor idx="43">leader</governor>
            <dependent idx="40">a</dependent>
          </dep>
          <dep type="amod">
            <governor idx="43">leader</governor>
            <dependent idx="41">high</dependent>
          </dep>
          <dep type="dep">
            <governor idx="41">high</governor>
            <dependent idx="42">up</dependent>
          </dep>
          <dep type="nmod:from">
            <governor idx="37">commitment</governor>
            <dependent idx="43">leader</dependent>
          </dep>
          <dep type="cc">
            <governor idx="43">leader</governor>
            <dependent idx="44">and</dependent>
          </dep>
          <dep type="nmod:from" extra="true">
            <governor idx="37">commitment</governor>
            <dependent idx="45">you</dependent>
          </dep>
          <dep type="conj:and">
            <governor idx="43">leader</governor>
            <dependent idx="45">you</dependent>
          </dep>
          <dep type="aux">
            <governor idx="47">feel</governor>
            <dependent idx="46">could</dependent>
          </dep>
          <dep type="ccomp">
            <governor idx="33">hear</governor>
            <dependent idx="47">feel</dependent>
          </dep>
          <dep type="nsubj">
            <governor idx="50">genuine</governor>
            <dependent idx="48">it</dependent>
          </dep>
          <dep type="cop">
            <governor idx="50">genuine</governor>
            <dependent idx="49">was</dependent>
          </dep>
          <dep type="ccomp">
            <governor idx="47">feel</governor>
            <dependent idx="50">genuine</dependent>
          </dep>
          <dep type="punct">
            <governor idx="2">stated</governor>
            <dependent idx="51">.</dependent>
          </dep>
        </dependencies>
      </sentence>
      <sentence id="135">
        <tokens>
          <token id="1">
            <word>There</word>
            <lemma>there</lemma>
            <CharacterOffsetBegin>14523</CharacterOffsetBegin>
            <CharacterOffsetEnd>14528</CharacterOffsetEnd>
            <POS>EX</POS>
            <NER>O</NER>
            <Speaker>PER0</Speaker>
          </token>
          <token id="2">
            <word>was</word>
            <lemma>be</lemma>
            <CharacterOffsetBegin>14529</CharacterOffsetBegin>
            <CharacterOffsetEnd>14532</CharacterOffsetEnd>
            <POS>VBD</POS>
            <NER>O</NER>
            <Speaker>PER0</Speaker>
          </token>
          <token id="3">
            <word>nothing</word>
            <lemma>nothing</lemma>
            <CharacterOffsetBegin>14533</CharacterOffsetBegin>
            <CharacterOffsetEnd>14540</CharacterOffsetEnd>
            <POS>NN</POS>
            <NER>O</NER>
            <Speaker>PER0</Speaker>
          </token>
          <token id="4">
            <word>exciting</word>
            <lemma>exciting</lemma>
            <CharacterOffsetBegin>14541</CharacterOffsetBegin>
            <CharacterOffsetEnd>14549</CharacterOffsetEnd>
            <POS>JJ</POS>
            <NER>O</NER>
            <Speaker>PER0</Speaker>
          </token>
          <token id="5">
            <word>about</word>
            <lemma>about</lemma>
            <CharacterOffsetBegin>14550</CharacterOffsetBegin>
            <CharacterOffsetEnd>14555</CharacterOffsetEnd>
            <POS>IN</POS>
            <NER>O</NER>
            <Speaker>PER0</Speaker>
          </token>
          <token id="6">
            <word>the</word>
            <lemma>the</lemma>
            <CharacterOffsetBegin>14556</CharacterOffsetBegin>
            <CharacterOffsetEnd>14559</CharacterOffsetEnd>
            <POS>DT</POS>
            <NER>O</NER>
            <Speaker>PER0</Speaker>
          </token>
          <token id="7">
            <word>meeting</word>
            <lemma>meeting</lemma>
            <CharacterOffsetBegin>14560</CharacterOffsetBegin>
            <CharacterOffsetEnd>14567</CharacterOffsetEnd>
            <POS>NN</POS>
            <NER>O</NER>
            <Speaker>PER0</Speaker>
          </token>
          <token id="8">
            <word>it</word>
            <lemma>it</lemma>
            <CharacterOffsetBegin>14568</CharacterOffsetBegin>
            <CharacterOffsetEnd>14570</CharacterOffsetEnd>
            <POS>PRP</POS>
            <NER>O</NER>
            <Speaker>PER0</Speaker>
          </token>
          <token id="9">
            <word>was</word>
            <lemma>be</lemma>
            <CharacterOffsetBegin>14571</CharacterOffsetBegin>
            <CharacterOffsetEnd>14574</CharacterOffsetEnd>
            <POS>VBD</POS>
            <NER>O</NER>
            <Speaker>PER0</Speaker>
          </token>
          <token id="10">
            <word>like</word>
            <lemma>like</lemma>
            <CharacterOffsetBegin>14575</CharacterOffsetBegin>
            <CharacterOffsetEnd>14579</CharacterOffsetEnd>
            <POS>IN</POS>
            <NER>O</NER>
            <Speaker>PER0</Speaker>
          </token>
          <token id="11">
            <word>a</word>
            <lemma>a</lemma>
            <CharacterOffsetBegin>14580</CharacterOffsetBegin>
            <CharacterOffsetEnd>14581</CharacterOffsetEnd>
            <POS>DT</POS>
            <NER>O</NER>
            <Speaker>PER0</Speaker>
          </token>
          <token id="12">
            <word>casual</word>
            <lemma>casual</lemma>
            <CharacterOffsetBegin>14582</CharacterOffsetBegin>
            <CharacterOffsetEnd>14588</CharacterOffsetEnd>
            <POS>JJ</POS>
            <NER>O</NER>
            <Speaker>PER0</Speaker>
          </token>
          <token id="13">
            <word>conversation</word>
            <lemma>conversation</lemma>
            <CharacterOffsetBegin>14589</CharacterOffsetBegin>
            <CharacterOffsetEnd>14601</CharacterOffsetEnd>
            <POS>NN</POS>
            <NER>O</NER>
            <Speaker>PER0</Speaker>
          </token>
          <token id="14">
            <word>between</word>
            <lemma>between</lemma>
            <CharacterOffsetBegin>14602</CharacterOffsetBegin>
            <CharacterOffsetEnd>14609</CharacterOffsetEnd>
            <POS>IN</POS>
            <NER>O</NER>
            <Speaker>PER0</Speaker>
          </token>
          <token id="15">
            <word>people</word>
            <lemma>people</lemma>
            <CharacterOffsetBegin>14610</CharacterOffsetBegin>
            <CharacterOffsetEnd>14616</CharacterOffsetEnd>
            <POS>NNS</POS>
            <NER>O</NER>
            <Speaker>PER0</Speaker>
          </token>
          <token id="16">
            <word>,</word>
            <lemma>,</lemma>
            <CharacterOffsetBegin>14616</CharacterOffsetBegin>
            <CharacterOffsetEnd>14617</CharacterOffsetEnd>
            <POS>,</POS>
            <NER>O</NER>
            <Speaker>PER0</Speaker>
          </token>
          <token id="17">
            <word>it</word>
            <lemma>it</lemma>
            <CharacterOffsetBegin>14618</CharacterOffsetBegin>
            <CharacterOffsetEnd>14620</CharacterOffsetEnd>
            <POS>PRP</POS>
            <NER>O</NER>
            <Speaker>PER0</Speaker>
          </token>
          <token id="18">
            <word>felt</word>
            <lemma>feel</lemma>
            <CharacterOffsetBegin>14621</CharacterOffsetBegin>
            <CharacterOffsetEnd>14625</CharacterOffsetEnd>
            <POS>VBD</POS>
            <NER>O</NER>
            <Speaker>PER0</Speaker>
          </token>
          <token id="19">
            <word>real</word>
            <lemma>real</lemma>
            <CharacterOffsetBegin>14626</CharacterOffsetBegin>
            <CharacterOffsetEnd>14630</CharacterOffsetEnd>
            <POS>JJ</POS>
            <NER>O</NER>
            <Speaker>PER0</Speaker>
          </token>
          <token id="20">
            <word>and</word>
            <lemma>and</lemma>
            <CharacterOffsetBegin>14631</CharacterOffsetBegin>
            <CharacterOffsetEnd>14634</CharacterOffsetEnd>
            <POS>CC</POS>
            <NER>O</NER>
            <Speaker>PER0</Speaker>
          </token>
          <token id="21">
            <word>for</word>
            <lemma>for</lemma>
            <CharacterOffsetBegin>14635</CharacterOffsetBegin>
            <CharacterOffsetEnd>14638</CharacterOffsetEnd>
            <POS>IN</POS>
            <NER>O</NER>
            <Speaker>PER0</Speaker>
          </token>
          <token id="22">
            <word>that</word>
            <lemma>that</lemma>
            <CharacterOffsetBegin>14639</CharacterOffsetBegin>
            <CharacterOffsetEnd>14643</CharacterOffsetEnd>
            <POS>DT</POS>
            <NER>O</NER>
            <Speaker>PER0</Speaker>
          </token>
          <token id="23">
            <word>reason</word>
            <lemma>reason</lemma>
            <CharacterOffsetBegin>14644</CharacterOffsetBegin>
            <CharacterOffsetEnd>14650</CharacterOffsetEnd>
            <POS>NN</POS>
            <NER>O</NER>
            <Speaker>PER0</Speaker>
          </token>
          <token id="24">
            <word>I</word>
            <lemma>I</lemma>
            <CharacterOffsetBegin>14651</CharacterOffsetBegin>
            <CharacterOffsetEnd>14652</CharacterOffsetEnd>
            <POS>PRP</POS>
            <NER>O</NER>
            <Speaker>PER0</Speaker>
          </token>
          <token id="25">
            <word>found</word>
            <lemma>find</lemma>
            <CharacterOffsetBegin>14653</CharacterOffsetBegin>
            <CharacterOffsetEnd>14658</CharacterOffsetEnd>
            <POS>VBD</POS>
            <NER>O</NER>
            <Speaker>PER0</Speaker>
          </token>
          <token id="26">
            <word>it</word>
            <lemma>it</lemma>
            <CharacterOffsetBegin>14659</CharacterOffsetBegin>
            <CharacterOffsetEnd>14661</CharacterOffsetEnd>
            <POS>PRP</POS>
            <NER>O</NER>
            <Speaker>PER0</Speaker>
          </token>
          <token id="27">
            <word>inspirational</word>
            <lemma>inspirational</lemma>
            <CharacterOffsetBegin>14662</CharacterOffsetBegin>
            <CharacterOffsetEnd>14675</CharacterOffsetEnd>
            <POS>JJ</POS>
            <NER>O</NER>
            <Speaker>PER0</Speaker>
          </token>
          <token id="28">
            <word>.</word>
            <lemma>.</lemma>
            <CharacterOffsetBegin>14675</CharacterOffsetBegin>
            <CharacterOffsetEnd>14676</CharacterOffsetEnd>
            <POS>.</POS>
            <NER>O</NER>
            <Speaker>PER0</Speaker>
          </token>
        </tokens>
        <parse>(ROOT (S (S (NP (EX There)) (VP (VBD was) (ADJP (NN nothing) (JJ exciting)) (PP (IN about) (NP (NP (DT the) (NN meeting)) (SBAR (S (NP (PRP it)) (VP (VBD was) (PP (IN like) (NP (NP (DT a) (JJ casual) (NN conversation)) (PP (IN between) (NP (NNS people)))))))))))) (, ,) (S (NP (PRP it)) (VP (VBD felt) (ADJP (JJ real)))) (CC and) (S (PP (IN for) (NP (DT that) (NN reason))) (NP (PRP I)) (VP (VBD found) (S (NP (PRP it)) (ADJP (JJ inspirational))))) (. .))) </parse>
        <dependencies type="basic-dependencies">
          <dep type="root">
            <governor idx="0">ROOT</governor>
            <dependent idx="2">was</dependent>
          </dep>
          <dep type="expl">
            <governor idx="2">was</governor>
            <dependent idx="1">There</dependent>
          </dep>
          <dep type="nmod:npmod">
            <governor idx="4">exciting</governor>
            <dependent idx="3">nothing</dependent>
          </dep>
          <dep type="xcomp">
            <governor idx="2">was</governor>
            <dependent idx="4">exciting</dependent>
          </dep>
          <dep type="case">
            <governor idx="7">meeting</governor>
            <dependent idx="5">about</dependent>
          </dep>
          <dep type="det">
            <governor idx="7">meeting</governor>
            <dependent idx="6">the</dependent>
          </dep>
          <dep type="nmod">
            <governor idx="2">was</governor>
            <dependent idx="7">meeting</dependent>
          </dep>
          <dep type="nsubj">
            <governor idx="13">conversation</governor>
            <dependent idx="8">it</dependent>
          </dep>
          <dep type="cop">
            <governor idx="13">conversation</governor>
            <dependent idx="9">was</dependent>
          </dep>
          <dep type="case">
            <governor idx="13">conversation</governor>
            <dependent idx="10">like</dependent>
          </dep>
          <dep type="det">
            <governor idx="13">conversation</governor>
            <dependent idx="11">a</dependent>
          </dep>
          <dep type="amod">
            <governor idx="13">conversation</governor>
            <dependent idx="12">casual</dependent>
          </dep>
          <dep type="acl:relcl">
            <governor idx="7">meeting</governor>
            <dependent idx="13">conversation</dependent>
          </dep>
          <dep type="case">
            <governor idx="15">people</governor>
            <dependent idx="14">between</dependent>
          </dep>
          <dep type="nmod">
            <governor idx="13">conversation</governor>
            <dependent idx="15">people</dependent>
          </dep>
          <dep type="punct">
            <governor idx="2">was</governor>
            <dependent idx="16">,</dependent>
          </dep>
          <dep type="nsubj">
            <governor idx="18">felt</governor>
            <dependent idx="17">it</dependent>
          </dep>
          <dep type="conj">
            <governor idx="2">was</governor>
            <dependent idx="18">felt</dependent>
          </dep>
          <dep type="xcomp">
            <governor idx="18">felt</governor>
            <dependent idx="19">real</dependent>
          </dep>
          <dep type="cc">
            <governor idx="2">was</governor>
            <dependent idx="20">and</dependent>
          </dep>
          <dep type="case">
            <governor idx="23">reason</governor>
            <dependent idx="21">for</dependent>
          </dep>
          <dep type="det">
            <governor idx="23">reason</governor>
            <dependent idx="22">that</dependent>
          </dep>
          <dep type="nmod">
            <governor idx="25">found</governor>
            <dependent idx="23">reason</dependent>
          </dep>
          <dep type="nsubj">
            <governor idx="25">found</governor>
            <dependent idx="24">I</dependent>
          </dep>
          <dep type="conj">
            <governor idx="2">was</governor>
            <dependent idx="25">found</dependent>
          </dep>
          <dep type="nsubj">
            <governor idx="27">inspirational</governor>
            <dependent idx="26">it</dependent>
          </dep>
          <dep type="xcomp">
            <governor idx="25">found</governor>
            <dependent idx="27">inspirational</dependent>
          </dep>
          <dep type="punct">
            <governor idx="2">was</governor>
            <dependent idx="28">.</dependent>
          </dep>
        </dependencies>
        <dependencies type="collapsed-dependencies">
          <dep type="root">
            <governor idx="0">ROOT</governor>
            <dependent idx="2">was</dependent>
          </dep>
          <dep type="expl">
            <governor idx="2">was</governor>
            <dependent idx="1">There</dependent>
          </dep>
          <dep type="nmod:npmod">
            <governor idx="4">exciting</governor>
            <dependent idx="3">nothing</dependent>
          </dep>
          <dep type="xcomp">
            <governor idx="2">was</governor>
            <dependent idx="4">exciting</dependent>
          </dep>
          <dep type="case">
            <governor idx="7">meeting</governor>
            <dependent idx="5">about</dependent>
          </dep>
          <dep type="det">
            <governor idx="7">meeting</governor>
            <dependent idx="6">the</dependent>
          </dep>
          <dep type="nmod:about">
            <governor idx="2">was</governor>
            <dependent idx="7">meeting</dependent>
          </dep>
          <dep type="nsubj">
            <governor idx="13">conversation</governor>
            <dependent idx="8">it</dependent>
          </dep>
          <dep type="cop">
            <governor idx="13">conversation</governor>
            <dependent idx="9">was</dependent>
          </dep>
          <dep type="case">
            <governor idx="13">conversation</governor>
            <dependent idx="10">like</dependent>
          </dep>
          <dep type="det">
            <governor idx="13">conversation</governor>
            <dependent idx="11">a</dependent>
          </dep>
          <dep type="amod">
            <governor idx="13">conversation</governor>
            <dependent idx="12">casual</dependent>
          </dep>
          <dep type="acl:relcl">
            <governor idx="7">meeting</governor>
            <dependent idx="13">conversation</dependent>
          </dep>
          <dep type="case">
            <governor idx="15">people</governor>
            <dependent idx="14">between</dependent>
          </dep>
          <dep type="nmod:between">
            <governor idx="13">conversation</governor>
            <dependent idx="15">people</dependent>
          </dep>
          <dep type="punct">
            <governor idx="2">was</governor>
            <dependent idx="16">,</dependent>
          </dep>
          <dep type="nsubj">
            <governor idx="18">felt</governor>
            <dependent idx="17">it</dependent>
          </dep>
          <dep type="conj:and">
            <governor idx="2">was</governor>
            <dependent idx="18">felt</dependent>
          </dep>
          <dep type="xcomp">
            <governor idx="18">felt</governor>
            <dependent idx="19">real</dependent>
          </dep>
          <dep type="cc">
            <governor idx="2">was</governor>
            <dependent idx="20">and</dependent>
          </dep>
          <dep type="case">
            <governor idx="23">reason</governor>
            <dependent idx="21">for</dependent>
          </dep>
          <dep type="det">
            <governor idx="23">reason</governor>
            <dependent idx="22">that</dependent>
          </dep>
          <dep type="nmod:for">
            <governor idx="25">found</governor>
            <dependent idx="23">reason</dependent>
          </dep>
          <dep type="nsubj">
            <governor idx="25">found</governor>
            <dependent idx="24">I</dependent>
          </dep>
          <dep type="conj:and">
            <governor idx="2">was</governor>
            <dependent idx="25">found</dependent>
          </dep>
          <dep type="nsubj">
            <governor idx="27">inspirational</governor>
            <dependent idx="26">it</dependent>
          </dep>
          <dep type="xcomp">
            <governor idx="25">found</governor>
            <dependent idx="27">inspirational</dependent>
          </dep>
          <dep type="punct">
            <governor idx="2">was</governor>
            <dependent idx="28">.</dependent>
          </dep>
        </dependencies>
        <dependencies type="collapsed-ccprocessed-dependencies">
          <dep type="root">
            <governor idx="0">ROOT</governor>
            <dependent idx="2">was</dependent>
          </dep>
          <dep type="expl">
            <governor idx="2">was</governor>
            <dependent idx="1">There</dependent>
          </dep>
          <dep type="nmod:npmod">
            <governor idx="4">exciting</governor>
            <dependent idx="3">nothing</dependent>
          </dep>
          <dep type="xcomp">
            <governor idx="2">was</governor>
            <dependent idx="4">exciting</dependent>
          </dep>
          <dep type="case">
            <governor idx="7">meeting</governor>
            <dependent idx="5">about</dependent>
          </dep>
          <dep type="det">
            <governor idx="7">meeting</governor>
            <dependent idx="6">the</dependent>
          </dep>
          <dep type="nmod:about">
            <governor idx="2">was</governor>
            <dependent idx="7">meeting</dependent>
          </dep>
          <dep type="nsubj">
            <governor idx="13">conversation</governor>
            <dependent idx="8">it</dependent>
          </dep>
          <dep type="cop">
            <governor idx="13">conversation</governor>
            <dependent idx="9">was</dependent>
          </dep>
          <dep type="case">
            <governor idx="13">conversation</governor>
            <dependent idx="10">like</dependent>
          </dep>
          <dep type="det">
            <governor idx="13">conversation</governor>
            <dependent idx="11">a</dependent>
          </dep>
          <dep type="amod">
            <governor idx="13">conversation</governor>
            <dependent idx="12">casual</dependent>
          </dep>
          <dep type="acl:relcl">
            <governor idx="7">meeting</governor>
            <dependent idx="13">conversation</dependent>
          </dep>
          <dep type="case">
            <governor idx="15">people</governor>
            <dependent idx="14">between</dependent>
          </dep>
          <dep type="nmod:between">
            <governor idx="13">conversation</governor>
            <dependent idx="15">people</dependent>
          </dep>
          <dep type="punct">
            <governor idx="2">was</governor>
            <dependent idx="16">,</dependent>
          </dep>
          <dep type="nsubj">
            <governor idx="18">felt</governor>
            <dependent idx="17">it</dependent>
          </dep>
          <dep type="conj:and">
            <governor idx="2">was</governor>
            <dependent idx="18">felt</dependent>
          </dep>
          <dep type="xcomp">
            <governor idx="18">felt</governor>
            <dependent idx="19">real</dependent>
          </dep>
          <dep type="cc">
            <governor idx="2">was</governor>
            <dependent idx="20">and</dependent>
          </dep>
          <dep type="case">
            <governor idx="23">reason</governor>
            <dependent idx="21">for</dependent>
          </dep>
          <dep type="det">
            <governor idx="23">reason</governor>
            <dependent idx="22">that</dependent>
          </dep>
          <dep type="nmod:for">
            <governor idx="25">found</governor>
            <dependent idx="23">reason</dependent>
          </dep>
          <dep type="nsubj">
            <governor idx="25">found</governor>
            <dependent idx="24">I</dependent>
          </dep>
          <dep type="conj:and">
            <governor idx="2">was</governor>
            <dependent idx="25">found</dependent>
          </dep>
          <dep type="nsubj">
            <governor idx="27">inspirational</governor>
            <dependent idx="26">it</dependent>
          </dep>
          <dep type="xcomp">
            <governor idx="25">found</governor>
            <dependent idx="27">inspirational</dependent>
          </dep>
          <dep type="punct">
            <governor idx="2">was</governor>
            <dependent idx="28">.</dependent>
          </dep>
        </dependencies>
      </sentence>
      <sentence id="136">
        <tokens>
          <token id="1">
            <word>This</word>
            <lemma>this</lemma>
            <CharacterOffsetBegin>14677</CharacterOffsetBegin>
            <CharacterOffsetEnd>14681</CharacterOffsetEnd>
            <POS>DT</POS>
            <NER>O</NER>
            <Speaker>PER0</Speaker>
          </token>
          <token id="2">
            <word>has</word>
            <lemma>have</lemma>
            <CharacterOffsetBegin>14682</CharacterOffsetBegin>
            <CharacterOffsetEnd>14685</CharacterOffsetEnd>
            <POS>VBZ</POS>
            <NER>O</NER>
            <Speaker>PER0</Speaker>
          </token>
          <token id="3">
            <word>been</word>
            <lemma>be</lemma>
            <CharacterOffsetBegin>14686</CharacterOffsetBegin>
            <CharacterOffsetEnd>14690</CharacterOffsetEnd>
            <POS>VBN</POS>
            <NER>O</NER>
            <Speaker>PER0</Speaker>
          </token>
          <token id="4">
            <word>the</word>
            <lemma>the</lemma>
            <CharacterOffsetBegin>14691</CharacterOffsetBegin>
            <CharacterOffsetEnd>14694</CharacterOffsetEnd>
            <POS>DT</POS>
            <NER>O</NER>
            <Speaker>PER0</Speaker>
          </token>
          <token id="5">
            <word>only</word>
            <lemma>only</lemma>
            <CharacterOffsetBegin>14695</CharacterOffsetBegin>
            <CharacterOffsetEnd>14699</CharacterOffsetEnd>
            <POS>JJ</POS>
            <NER>O</NER>
            <Speaker>PER0</Speaker>
          </token>
          <token id="6">
            <word>time</word>
            <lemma>time</lemma>
            <CharacterOffsetBegin>14700</CharacterOffsetBegin>
            <CharacterOffsetEnd>14704</CharacterOffsetEnd>
            <POS>NN</POS>
            <NER>O</NER>
            <Speaker>PER0</Speaker>
          </token>
          <token id="7">
            <word>I</word>
            <lemma>I</lemma>
            <CharacterOffsetBegin>14705</CharacterOffsetBegin>
            <CharacterOffsetEnd>14706</CharacterOffsetEnd>
            <POS>PRP</POS>
            <NER>O</NER>
            <Speaker>PER0</Speaker>
          </token>
          <token id="8">
            <word>have</word>
            <lemma>have</lemma>
            <CharacterOffsetBegin>14707</CharacterOffsetBegin>
            <CharacterOffsetEnd>14711</CharacterOffsetEnd>
            <POS>VBP</POS>
            <NER>O</NER>
            <Speaker>PER0</Speaker>
          </token>
          <token id="9">
            <word>felt</word>
            <lemma>feel</lemma>
            <CharacterOffsetBegin>14712</CharacterOffsetBegin>
            <CharacterOffsetEnd>14716</CharacterOffsetEnd>
            <POS>VBN</POS>
            <NER>O</NER>
            <Speaker>PER0</Speaker>
          </token>
          <token id="10">
            <word>inspired</word>
            <lemma>inspired</lemma>
            <CharacterOffsetBegin>14717</CharacterOffsetBegin>
            <CharacterOffsetEnd>14725</CharacterOffsetEnd>
            <POS>JJ</POS>
            <NER>O</NER>
            <Speaker>PER0</Speaker>
          </token>
          <token id="11">
            <word>working</word>
            <lemma>work</lemma>
            <CharacterOffsetBegin>14726</CharacterOffsetBegin>
            <CharacterOffsetEnd>14733</CharacterOffsetEnd>
            <POS>VBG</POS>
            <NER>O</NER>
            <Speaker>PER0</Speaker>
          </token>
          <token id="12">
            <word>for</word>
            <lemma>for</lemma>
            <CharacterOffsetBegin>14734</CharacterOffsetBegin>
            <CharacterOffsetEnd>14737</CharacterOffsetEnd>
            <POS>IN</POS>
            <NER>O</NER>
            <Speaker>PER0</Speaker>
          </token>
          <token id="13">
            <word>this</word>
            <lemma>this</lemma>
            <CharacterOffsetBegin>14738</CharacterOffsetBegin>
            <CharacterOffsetEnd>14742</CharacterOffsetEnd>
            <POS>DT</POS>
            <NER>O</NER>
            <Speaker>PER0</Speaker>
          </token>
          <token id="14">
            <word>organisation</word>
            <lemma>organisation</lemma>
            <CharacterOffsetBegin>14743</CharacterOffsetBegin>
            <CharacterOffsetEnd>14755</CharacterOffsetEnd>
            <POS>NN</POS>
            <NER>O</NER>
            <Speaker>PER0</Speaker>
          </token>
          <token id="15">
            <word>.</word>
            <lemma>.</lemma>
            <CharacterOffsetBegin>14755</CharacterOffsetBegin>
            <CharacterOffsetEnd>14756</CharacterOffsetEnd>
            <POS>.</POS>
            <NER>O</NER>
            <Speaker>PER0</Speaker>
          </token>
        </tokens>
        <parse>(ROOT (S (NP (DT This)) (VP (VBZ has) (VP (VBN been) (NP (NP (DT the) (JJ only) (NN time)) (SBAR (S (NP (PRP I)) (VP (VBP have) (VP (VBN felt) (S (ADJP (JJ inspired))) (S (VP (VBG working) (PP (IN for) (NP (DT this) (NN organisation)))))))))))) (. .))) </parse>
        <dependencies type="basic-dependencies">
          <dep type="root">
            <governor idx="0">ROOT</governor>
            <dependent idx="6">time</dependent>
          </dep>
          <dep type="nsubj">
            <governor idx="6">time</governor>
            <dependent idx="1">This</dependent>
          </dep>
          <dep type="aux">
            <governor idx="6">time</governor>
            <dependent idx="2">has</dependent>
          </dep>
          <dep type="cop">
            <governor idx="6">time</governor>
            <dependent idx="3">been</dependent>
          </dep>
          <dep type="det">
            <governor idx="6">time</governor>
            <dependent idx="4">the</dependent>
          </dep>
          <dep type="amod">
            <governor idx="6">time</governor>
            <dependent idx="5">only</dependent>
          </dep>
          <dep type="nsubj">
            <governor idx="9">felt</governor>
            <dependent idx="7">I</dependent>
          </dep>
          <dep type="aux">
            <governor idx="9">felt</governor>
            <dependent idx="8">have</dependent>
          </dep>
          <dep type="acl:relcl">
            <governor idx="6">time</governor>
            <dependent idx="9">felt</dependent>
          </dep>
          <dep type="xcomp">
            <governor idx="9">felt</governor>
            <dependent idx="10">inspired</dependent>
          </dep>
          <dep type="xcomp">
            <governor idx="9">felt</governor>
            <dependent idx="11">working</dependent>
          </dep>
          <dep type="case">
            <governor idx="14">organisation</governor>
            <dependent idx="12">for</dependent>
          </dep>
          <dep type="det">
            <governor idx="14">organisation</governor>
            <dependent idx="13">this</dependent>
          </dep>
          <dep type="nmod">
            <governor idx="11">working</governor>
            <dependent idx="14">organisation</dependent>
          </dep>
          <dep type="punct">
            <governor idx="6">time</governor>
            <dependent idx="15">.</dependent>
          </dep>
        </dependencies>
        <dependencies type="collapsed-dependencies">
          <dep type="root">
            <governor idx="0">ROOT</governor>
            <dependent idx="6">time</dependent>
          </dep>
          <dep type="nsubj">
            <governor idx="6">time</governor>
            <dependent idx="1">This</dependent>
          </dep>
          <dep type="aux">
            <governor idx="6">time</governor>
            <dependent idx="2">has</dependent>
          </dep>
          <dep type="cop">
            <governor idx="6">time</governor>
            <dependent idx="3">been</dependent>
          </dep>
          <dep type="det">
            <governor idx="6">time</governor>
            <dependent idx="4">the</dependent>
          </dep>
          <dep type="amod">
            <governor idx="6">time</governor>
            <dependent idx="5">only</dependent>
          </dep>
          <dep type="nsubj">
            <governor idx="9">felt</governor>
            <dependent idx="7">I</dependent>
          </dep>
          <dep type="aux">
            <governor idx="9">felt</governor>
            <dependent idx="8">have</dependent>
          </dep>
          <dep type="acl:relcl">
            <governor idx="6">time</governor>
            <dependent idx="9">felt</dependent>
          </dep>
          <dep type="xcomp">
            <governor idx="9">felt</governor>
            <dependent idx="10">inspired</dependent>
          </dep>
          <dep type="xcomp">
            <governor idx="9">felt</governor>
            <dependent idx="11">working</dependent>
          </dep>
          <dep type="case">
            <governor idx="14">organisation</governor>
            <dependent idx="12">for</dependent>
          </dep>
          <dep type="det">
            <governor idx="14">organisation</governor>
            <dependent idx="13">this</dependent>
          </dep>
          <dep type="nmod:for">
            <governor idx="11">working</governor>
            <dependent idx="14">organisation</dependent>
          </dep>
          <dep type="punct">
            <governor idx="6">time</governor>
            <dependent idx="15">.</dependent>
          </dep>
        </dependencies>
        <dependencies type="collapsed-ccprocessed-dependencies">
          <dep type="root">
            <governor idx="0">ROOT</governor>
            <dependent idx="6">time</dependent>
          </dep>
          <dep type="nsubj">
            <governor idx="6">time</governor>
            <dependent idx="1">This</dependent>
          </dep>
          <dep type="aux">
            <governor idx="6">time</governor>
            <dependent idx="2">has</dependent>
          </dep>
          <dep type="cop">
            <governor idx="6">time</governor>
            <dependent idx="3">been</dependent>
          </dep>
          <dep type="det">
            <governor idx="6">time</governor>
            <dependent idx="4">the</dependent>
          </dep>
          <dep type="amod">
            <governor idx="6">time</governor>
            <dependent idx="5">only</dependent>
          </dep>
          <dep type="nsubj">
            <governor idx="9">felt</governor>
            <dependent idx="7">I</dependent>
          </dep>
          <dep type="aux">
            <governor idx="9">felt</governor>
            <dependent idx="8">have</dependent>
          </dep>
          <dep type="acl:relcl">
            <governor idx="6">time</governor>
            <dependent idx="9">felt</dependent>
          </dep>
          <dep type="xcomp">
            <governor idx="9">felt</governor>
            <dependent idx="10">inspired</dependent>
          </dep>
          <dep type="xcomp">
            <governor idx="9">felt</governor>
            <dependent idx="11">working</dependent>
          </dep>
          <dep type="case">
            <governor idx="14">organisation</governor>
            <dependent idx="12">for</dependent>
          </dep>
          <dep type="det">
            <governor idx="14">organisation</governor>
            <dependent idx="13">this</dependent>
          </dep>
          <dep type="nmod:for">
            <governor idx="11">working</governor>
            <dependent idx="14">organisation</dependent>
          </dep>
          <dep type="punct">
            <governor idx="6">time</governor>
            <dependent idx="15">.</dependent>
          </dep>
        </dependencies>
      </sentence>
      <sentence id="137">
        <tokens>
          <token id="1">
            <word>Since</word>
            <lemma>since</lemma>
            <CharacterOffsetBegin>14757</CharacterOffsetBegin>
            <CharacterOffsetEnd>14762</CharacterOffsetEnd>
            <POS>IN</POS>
            <NER>O</NER>
            <Speaker>PER0</Speaker>
          </token>
          <token id="2">
            <word>his</word>
            <lemma>he</lemma>
            <CharacterOffsetBegin>14763</CharacterOffsetBegin>
            <CharacterOffsetEnd>14766</CharacterOffsetEnd>
            <POS>PRP$</POS>
            <NER>O</NER>
            <Speaker>PER0</Speaker>
          </token>
          <token id="3">
            <word>departure</word>
            <lemma>departure</lemma>
            <CharacterOffsetBegin>14767</CharacterOffsetBegin>
            <CharacterOffsetEnd>14776</CharacterOffsetEnd>
            <POS>NN</POS>
            <NER>O</NER>
            <Speaker>PER0</Speaker>
          </token>
          <token id="4">
            <word>work/life</word>
            <lemma>work/life</lemma>
            <CharacterOffsetBegin>14777</CharacterOffsetBegin>
            <CharacterOffsetEnd>14786</CharacterOffsetEnd>
            <POS>NN</POS>
            <NER>O</NER>
            <Speaker>PER0</Speaker>
          </token>
          <token id="5">
            <word>has</word>
            <lemma>have</lemma>
            <CharacterOffsetBegin>14787</CharacterOffsetBegin>
            <CharacterOffsetEnd>14790</CharacterOffsetEnd>
            <POS>VBZ</POS>
            <NER>O</NER>
            <Speaker>PER0</Speaker>
          </token>
          <token id="6">
            <word>gone</word>
            <lemma>go</lemma>
            <CharacterOffsetBegin>14791</CharacterOffsetBegin>
            <CharacterOffsetEnd>14795</CharacterOffsetEnd>
            <POS>VBN</POS>
            <NER>O</NER>
            <Speaker>PER0</Speaker>
          </token>
          <token id="7">
            <word>back</word>
            <lemma>back</lemma>
            <CharacterOffsetBegin>14796</CharacterOffsetBegin>
            <CharacterOffsetEnd>14800</CharacterOffsetEnd>
            <POS>RB</POS>
            <NER>O</NER>
            <Speaker>PER0</Speaker>
          </token>
          <token id="8">
            <word>to</word>
            <lemma>to</lemma>
            <CharacterOffsetBegin>14801</CharacterOffsetBegin>
            <CharacterOffsetEnd>14803</CharacterOffsetEnd>
            <POS>TO</POS>
            <NER>O</NER>
            <Speaker>PER0</Speaker>
          </token>
          <token id="9">
            <word>the</word>
            <lemma>the</lemma>
            <CharacterOffsetBegin>14804</CharacterOffsetBegin>
            <CharacterOffsetEnd>14807</CharacterOffsetEnd>
            <POS>DT</POS>
            <NER>O</NER>
            <Speaker>PER0</Speaker>
          </token>
          <token id="10">
            <word>norm</word>
            <lemma>norm</lemma>
            <CharacterOffsetBegin>14808</CharacterOffsetBegin>
            <CharacterOffsetEnd>14812</CharacterOffsetEnd>
            <POS>NN</POS>
            <NER>O</NER>
            <Speaker>PER0</Speaker>
          </token>
          <token id="11">
            <word>.</word>
            <lemma>.</lemma>
            <CharacterOffsetBegin>14812</CharacterOffsetBegin>
            <CharacterOffsetEnd>14813</CharacterOffsetEnd>
            <POS>.</POS>
            <NER>O</NER>
            <Speaker>PER0</Speaker>
          </token>
        </tokens>
        <parse>(ROOT (S (PP (IN Since) (NP (PRP$ his) (NN departure))) (NP (NN work/life)) (VP (VBZ has) (VP (VBN gone) (ADVP (RB back)) (PP (TO to) (NP (DT the) (NN norm))))) (. .))) </parse>
        <dependencies type="basic-dependencies">
          <dep type="root">
            <governor idx="0">ROOT</governor>
            <dependent idx="6">gone</dependent>
          </dep>
          <dep type="case">
            <governor idx="3">departure</governor>
            <dependent idx="1">Since</dependent>
          </dep>
          <dep type="nmod:poss">
            <governor idx="3">departure</governor>
            <dependent idx="2">his</dependent>
          </dep>
          <dep type="nmod">
            <governor idx="6">gone</governor>
            <dependent idx="3">departure</dependent>
          </dep>
          <dep type="nsubj">
            <governor idx="6">gone</governor>
            <dependent idx="4">work/life</dependent>
          </dep>
          <dep type="aux">
            <governor idx="6">gone</governor>
            <dependent idx="5">has</dependent>
          </dep>
          <dep type="advmod">
            <governor idx="6">gone</governor>
            <dependent idx="7">back</dependent>
          </dep>
          <dep type="case">
            <governor idx="10">norm</governor>
            <dependent idx="8">to</dependent>
          </dep>
          <dep type="det">
            <governor idx="10">norm</governor>
            <dependent idx="9">the</dependent>
          </dep>
          <dep type="nmod">
            <governor idx="6">gone</governor>
            <dependent idx="10">norm</dependent>
          </dep>
          <dep type="punct">
            <governor idx="6">gone</governor>
            <dependent idx="11">.</dependent>
          </dep>
        </dependencies>
        <dependencies type="collapsed-dependencies">
          <dep type="root">
            <governor idx="0">ROOT</governor>
            <dependent idx="6">gone</dependent>
          </dep>
          <dep type="case">
            <governor idx="3">departure</governor>
            <dependent idx="1">Since</dependent>
          </dep>
          <dep type="nmod:poss">
            <governor idx="3">departure</governor>
            <dependent idx="2">his</dependent>
          </dep>
          <dep type="nmod:since">
            <governor idx="6">gone</governor>
            <dependent idx="3">departure</dependent>
          </dep>
          <dep type="nsubj">
            <governor idx="6">gone</governor>
            <dependent idx="4">work/life</dependent>
          </dep>
          <dep type="aux">
            <governor idx="6">gone</governor>
            <dependent idx="5">has</dependent>
          </dep>
          <dep type="advmod">
            <governor idx="6">gone</governor>
            <dependent idx="7">back</dependent>
          </dep>
          <dep type="case">
            <governor idx="10">norm</governor>
            <dependent idx="8">to</dependent>
          </dep>
          <dep type="det">
            <governor idx="10">norm</governor>
            <dependent idx="9">the</dependent>
          </dep>
          <dep type="nmod:to">
            <governor idx="6">gone</governor>
            <dependent idx="10">norm</dependent>
          </dep>
          <dep type="punct">
            <governor idx="6">gone</governor>
            <dependent idx="11">.</dependent>
          </dep>
        </dependencies>
        <dependencies type="collapsed-ccprocessed-dependencies">
          <dep type="root">
            <governor idx="0">ROOT</governor>
            <dependent idx="6">gone</dependent>
          </dep>
          <dep type="case">
            <governor idx="3">departure</governor>
            <dependent idx="1">Since</dependent>
          </dep>
          <dep type="nmod:poss">
            <governor idx="3">departure</governor>
            <dependent idx="2">his</dependent>
          </dep>
          <dep type="nmod:since">
            <governor idx="6">gone</governor>
            <dependent idx="3">departure</dependent>
          </dep>
          <dep type="nsubj">
            <governor idx="6">gone</governor>
            <dependent idx="4">work/life</dependent>
          </dep>
          <dep type="aux">
            <governor idx="6">gone</governor>
            <dependent idx="5">has</dependent>
          </dep>
          <dep type="advmod">
            <governor idx="6">gone</governor>
            <dependent idx="7">back</dependent>
          </dep>
          <dep type="case">
            <governor idx="10">norm</governor>
            <dependent idx="8">to</dependent>
          </dep>
          <dep type="det">
            <governor idx="10">norm</governor>
            <dependent idx="9">the</dependent>
          </dep>
          <dep type="nmod:to">
            <governor idx="6">gone</governor>
            <dependent idx="10">norm</dependent>
          </dep>
          <dep type="punct">
            <governor idx="6">gone</governor>
            <dependent idx="11">.</dependent>
          </dep>
        </dependencies>
      </sentence>
      <sentence id="138">
        <tokens>
          <token id="1">
            <word>This</word>
            <lemma>this</lemma>
            <CharacterOffsetBegin>14814</CharacterOffsetBegin>
            <CharacterOffsetEnd>14818</CharacterOffsetEnd>
            <POS>DT</POS>
            <NER>O</NER>
            <Speaker>PER0</Speaker>
          </token>
          <token id="2">
            <word>reaffirmed</word>
            <lemma>reaffirm</lemma>
            <CharacterOffsetBegin>14819</CharacterOffsetBegin>
            <CharacterOffsetEnd>14829</CharacterOffsetEnd>
            <POS>VBD</POS>
            <NER>O</NER>
            <Speaker>PER0</Speaker>
          </token>
          <token id="3">
            <word>that</word>
            <lemma>that</lemma>
            <CharacterOffsetBegin>14830</CharacterOffsetBegin>
            <CharacterOffsetEnd>14834</CharacterOffsetEnd>
            <POS>IN</POS>
            <NER>O</NER>
            <Speaker>PER0</Speaker>
          </token>
          <token id="4">
            <word>maybe</word>
            <lemma>maybe</lemma>
            <CharacterOffsetBegin>14835</CharacterOffsetBegin>
            <CharacterOffsetEnd>14840</CharacterOffsetEnd>
            <POS>RB</POS>
            <NER>O</NER>
            <Speaker>PER0</Speaker>
          </token>
          <token id="5">
            <word>this</word>
            <lemma>this</lemma>
            <CharacterOffsetBegin>14841</CharacterOffsetBegin>
            <CharacterOffsetEnd>14845</CharacterOffsetEnd>
            <POS>DT</POS>
            <NER>O</NER>
            <Speaker>PER0</Speaker>
          </token>
          <token id="6">
            <word>workplace</word>
            <lemma>workplace</lemma>
            <CharacterOffsetBegin>14846</CharacterOffsetBegin>
            <CharacterOffsetEnd>14855</CharacterOffsetEnd>
            <POS>NN</POS>
            <NER>O</NER>
            <Speaker>PER0</Speaker>
          </token>
          <token id="7">
            <word>was</word>
            <lemma>be</lemma>
            <CharacterOffsetBegin>14856</CharacterOffsetBegin>
            <CharacterOffsetEnd>14859</CharacterOffsetEnd>
            <POS>VBD</POS>
            <NER>O</NER>
            <Speaker>PER0</Speaker>
          </token>
          <token id="8">
            <word>n't</word>
            <lemma>not</lemma>
            <CharacterOffsetBegin>14859</CharacterOffsetBegin>
            <CharacterOffsetEnd>14862</CharacterOffsetEnd>
            <POS>RB</POS>
            <NER>O</NER>
            <Speaker>PER0</Speaker>
          </token>
          <token id="9">
            <word>aligned</word>
            <lemma>align</lemma>
            <CharacterOffsetBegin>14863</CharacterOffsetBegin>
            <CharacterOffsetEnd>14870</CharacterOffsetEnd>
            <POS>VBN</POS>
            <NER>O</NER>
            <Speaker>PER0</Speaker>
          </token>
          <token id="10">
            <word>to</word>
            <lemma>to</lemma>
            <CharacterOffsetBegin>14871</CharacterOffsetBegin>
            <CharacterOffsetEnd>14873</CharacterOffsetEnd>
            <POS>TO</POS>
            <NER>O</NER>
            <Speaker>PER0</Speaker>
          </token>
          <token id="11">
            <word>my</word>
            <lemma>my</lemma>
            <CharacterOffsetBegin>14874</CharacterOffsetBegin>
            <CharacterOffsetEnd>14876</CharacterOffsetEnd>
            <POS>PRP$</POS>
            <NER>O</NER>
            <Speaker>PER0</Speaker>
          </token>
          <token id="12">
            <word>values</word>
            <lemma>value</lemma>
            <CharacterOffsetBegin>14877</CharacterOffsetBegin>
            <CharacterOffsetEnd>14883</CharacterOffsetEnd>
            <POS>NNS</POS>
            <NER>O</NER>
            <Speaker>PER0</Speaker>
          </token>
          <token id="13">
            <word>and</word>
            <lemma>and</lemma>
            <CharacterOffsetBegin>14884</CharacterOffsetBegin>
            <CharacterOffsetEnd>14887</CharacterOffsetEnd>
            <POS>CC</POS>
            <NER>O</NER>
            <Speaker>PER0</Speaker>
          </token>
          <token id="14">
            <word>this</word>
            <lemma>this</lemma>
            <CharacterOffsetBegin>14888</CharacterOffsetBegin>
            <CharacterOffsetEnd>14892</CharacterOffsetEnd>
            <POS>DT</POS>
            <NER>O</NER>
            <Speaker>PER0</Speaker>
          </token>
          <token id="15">
            <word>workplace</word>
            <lemma>workplace</lemma>
            <CharacterOffsetBegin>14893</CharacterOffsetBegin>
            <CharacterOffsetEnd>14902</CharacterOffsetEnd>
            <POS>NN</POS>
            <NER>O</NER>
            <Speaker>PER0</Speaker>
          </token>
          <token id="16">
            <word>was</word>
            <lemma>be</lemma>
            <CharacterOffsetBegin>14903</CharacterOffsetBegin>
            <CharacterOffsetEnd>14906</CharacterOffsetEnd>
            <POS>VBD</POS>
            <NER>O</NER>
            <Speaker>PER0</Speaker>
          </token>
          <token id="17">
            <word>just</word>
            <lemma>just</lemma>
            <CharacterOffsetBegin>14907</CharacterOffsetBegin>
            <CharacterOffsetEnd>14911</CharacterOffsetEnd>
            <POS>RB</POS>
            <NER>O</NER>
            <Speaker>PER0</Speaker>
          </token>
          <token id="18">
            <word>a</word>
            <lemma>a</lemma>
            <CharacterOffsetBegin>14912</CharacterOffsetBegin>
            <CharacterOffsetEnd>14913</CharacterOffsetEnd>
            <POS>DT</POS>
            <NER>O</NER>
            <Speaker>PER0</Speaker>
          </token>
          <token id="19">
            <word>stepping</word>
            <lemma>step</lemma>
            <CharacterOffsetBegin>14914</CharacterOffsetBegin>
            <CharacterOffsetEnd>14922</CharacterOffsetEnd>
            <POS>VBG</POS>
            <NER>O</NER>
            <Speaker>PER0</Speaker>
          </token>
          <token id="20">
            <word>stone</word>
            <lemma>stone</lemma>
            <CharacterOffsetBegin>14923</CharacterOffsetBegin>
            <CharacterOffsetEnd>14928</CharacterOffsetEnd>
            <POS>NN</POS>
            <NER>O</NER>
            <Speaker>PER0</Speaker>
          </token>
          <token id="21">
            <word>into</word>
            <lemma>into</lemma>
            <CharacterOffsetBegin>14929</CharacterOffsetBegin>
            <CharacterOffsetEnd>14933</CharacterOffsetEnd>
            <POS>IN</POS>
            <NER>O</NER>
            <Speaker>PER0</Speaker>
          </token>
          <token id="22">
            <word>finding</word>
            <lemma>find</lemma>
            <CharacterOffsetBegin>14934</CharacterOffsetBegin>
            <CharacterOffsetEnd>14941</CharacterOffsetEnd>
            <POS>VBG</POS>
            <NER>O</NER>
            <Speaker>PER0</Speaker>
          </token>
          <token id="23">
            <word>a</word>
            <lemma>a</lemma>
            <CharacterOffsetBegin>14942</CharacterOffsetBegin>
            <CharacterOffsetEnd>14943</CharacterOffsetEnd>
            <POS>DT</POS>
            <NER>O</NER>
            <Speaker>PER0</Speaker>
          </token>
          <token id="24">
            <word>workplace</word>
            <lemma>workplace</lemma>
            <CharacterOffsetBegin>14944</CharacterOffsetBegin>
            <CharacterOffsetEnd>14953</CharacterOffsetEnd>
            <POS>NN</POS>
            <NER>O</NER>
            <Speaker>PER0</Speaker>
          </token>
          <token id="25">
            <word>I</word>
            <lemma>I</lemma>
            <CharacterOffsetBegin>14954</CharacterOffsetBegin>
            <CharacterOffsetEnd>14955</CharacterOffsetEnd>
            <POS>PRP</POS>
            <NER>O</NER>
            <Speaker>PER0</Speaker>
          </token>
          <token id="26">
            <word>felt</word>
            <lemma>feel</lemma>
            <CharacterOffsetBegin>14956</CharacterOffsetBegin>
            <CharacterOffsetEnd>14960</CharacterOffsetEnd>
            <POS>VBD</POS>
            <NER>O</NER>
            <Speaker>PER0</Speaker>
          </token>
          <token id="27">
            <word>I</word>
            <lemma>I</lemma>
            <CharacterOffsetBegin>14961</CharacterOffsetBegin>
            <CharacterOffsetEnd>14962</CharacterOffsetEnd>
            <POS>PRP</POS>
            <NER>O</NER>
            <Speaker>PER0</Speaker>
          </token>
          <token id="28">
            <word>made</word>
            <lemma>make</lemma>
            <CharacterOffsetBegin>14963</CharacterOffsetBegin>
            <CharacterOffsetEnd>14967</CharacterOffsetEnd>
            <POS>VBD</POS>
            <NER>O</NER>
            <Speaker>PER0</Speaker>
          </token>
          <token id="29">
            <word>valuable</word>
            <lemma>valuable</lemma>
            <CharacterOffsetBegin>14968</CharacterOffsetBegin>
            <CharacterOffsetEnd>14976</CharacterOffsetEnd>
            <POS>JJ</POS>
            <NER>O</NER>
            <Speaker>PER0</Speaker>
          </token>
          <token id="30">
            <word>contributions</word>
            <lemma>contribution</lemma>
            <CharacterOffsetBegin>14977</CharacterOffsetBegin>
            <CharacterOffsetEnd>14990</CharacterOffsetEnd>
            <POS>NNS</POS>
            <NER>O</NER>
            <Speaker>PER0</Speaker>
          </token>
          <token id="31">
            <word>towards</word>
            <lemma>towards</lemma>
            <CharacterOffsetBegin>14991</CharacterOffsetBegin>
            <CharacterOffsetEnd>14998</CharacterOffsetEnd>
            <POS>IN</POS>
            <NER>O</NER>
            <Speaker>PER0</Speaker>
          </token>
          <token id="32">
            <word>.</word>
            <lemma>.</lemma>
            <CharacterOffsetBegin>14998</CharacterOffsetBegin>
            <CharacterOffsetEnd>14999</CharacterOffsetEnd>
            <POS>.</POS>
            <NER>O</NER>
            <Speaker>PER0</Speaker>
          </token>
        </tokens>
        <parse>(ROOT (S (NP (DT This)) (VP (VBD reaffirmed) (SBAR (IN that) (S (S (ADVP (RB maybe)) (NP (DT this) (NN workplace)) (VP (VBD was) (RB n't) (VP (VBN aligned) (PP (TO to) (NP (PRP$ my) (NNS values)))))) (CC and) (S (NP (DT this) (NN workplace)) (VP (VBD was) (NP (NP (RB just) (DT a)) (VP (VBG stepping) (NP (NN stone)) (PP (IN into) (S (VP (VBG finding) (NP (NP (DT a) (NN workplace)) (SBAR (S (NP (PRP I)) (VP (VBD felt) (SBAR (S (NP (PRP I)) (VP (VBD made) (NP (JJ valuable) (NNS contributions)) (PP (IN towards))))))))))))))))))) (. .))) </parse>
        <dependencies type="basic-dependencies">
          <dep type="root">
            <governor idx="0">ROOT</governor>
            <dependent idx="2">reaffirmed</dependent>
          </dep>
          <dep type="nsubj">
            <governor idx="2">reaffirmed</governor>
            <dependent idx="1">This</dependent>
          </dep>
          <dep type="mark">
            <governor idx="9">aligned</governor>
            <dependent idx="3">that</dependent>
          </dep>
          <dep type="advmod">
            <governor idx="9">aligned</governor>
            <dependent idx="4">maybe</dependent>
          </dep>
          <dep type="det">
            <governor idx="6">workplace</governor>
            <dependent idx="5">this</dependent>
          </dep>
          <dep type="nsubjpass">
            <governor idx="9">aligned</governor>
            <dependent idx="6">workplace</dependent>
          </dep>
          <dep type="auxpass">
            <governor idx="9">aligned</governor>
            <dependent idx="7">was</dependent>
          </dep>
          <dep type="neg">
            <governor idx="9">aligned</governor>
            <dependent idx="8">n't</dependent>
          </dep>
          <dep type="ccomp">
            <governor idx="2">reaffirmed</governor>
            <dependent idx="9">aligned</dependent>
          </dep>
          <dep type="case">
            <governor idx="12">values</governor>
            <dependent idx="10">to</dependent>
          </dep>
          <dep type="nmod:poss">
            <governor idx="12">values</governor>
            <dependent idx="11">my</dependent>
          </dep>
          <dep type="nmod">
            <governor idx="9">aligned</governor>
            <dependent idx="12">values</dependent>
          </dep>
          <dep type="cc">
            <governor idx="9">aligned</governor>
            <dependent idx="13">and</dependent>
          </dep>
          <dep type="det">
            <governor idx="15">workplace</governor>
            <dependent idx="14">this</dependent>
          </dep>
          <dep type="nsubj">
            <governor idx="18">a</governor>
            <dependent idx="15">workplace</dependent>
          </dep>
          <dep type="cop">
            <governor idx="18">a</governor>
            <dependent idx="16">was</dependent>
          </dep>
          <dep type="advmod">
            <governor idx="18">a</governor>
            <dependent idx="17">just</dependent>
          </dep>
          <dep type="conj">
            <governor idx="9">aligned</governor>
            <dependent idx="18">a</dependent>
          </dep>
          <dep type="acl">
            <governor idx="18">a</governor>
            <dependent idx="19">stepping</dependent>
          </dep>
          <dep type="dobj">
            <governor idx="19">stepping</governor>
            <dependent idx="20">stone</dependent>
          </dep>
          <dep type="mark">
            <governor idx="22">finding</governor>
            <dependent idx="21">into</dependent>
          </dep>
          <dep type="advcl">
            <governor idx="19">stepping</governor>
            <dependent idx="22">finding</dependent>
          </dep>
          <dep type="det">
            <governor idx="24">workplace</governor>
            <dependent idx="23">a</dependent>
          </dep>
          <dep type="dobj">
            <governor idx="22">finding</governor>
            <dependent idx="24">workplace</dependent>
          </dep>
          <dep type="nsubj">
            <governor idx="26">felt</governor>
            <dependent idx="25">I</dependent>
          </dep>
          <dep type="acl:relcl">
            <governor idx="24">workplace</governor>
            <dependent idx="26">felt</dependent>
          </dep>
          <dep type="nsubj">
            <governor idx="28">made</governor>
            <dependent idx="27">I</dependent>
          </dep>
          <dep type="ccomp">
            <governor idx="26">felt</governor>
            <dependent idx="28">made</dependent>
          </dep>
          <dep type="amod">
            <governor idx="30">contributions</governor>
            <dependent idx="29">valuable</dependent>
          </dep>
          <dep type="dobj">
            <governor idx="28">made</governor>
            <dependent idx="30">contributions</dependent>
          </dep>
          <dep type="nmod">
            <governor idx="28">made</governor>
            <dependent idx="31">towards</dependent>
          </dep>
          <dep type="punct">
            <governor idx="2">reaffirmed</governor>
            <dependent idx="32">.</dependent>
          </dep>
        </dependencies>
        <dependencies type="collapsed-dependencies">
          <dep type="root">
            <governor idx="0">ROOT</governor>
            <dependent idx="2">reaffirmed</dependent>
          </dep>
          <dep type="nsubj">
            <governor idx="2">reaffirmed</governor>
            <dependent idx="1">This</dependent>
          </dep>
          <dep type="mark">
            <governor idx="9">aligned</governor>
            <dependent idx="3">that</dependent>
          </dep>
          <dep type="advmod">
            <governor idx="9">aligned</governor>
            <dependent idx="4">maybe</dependent>
          </dep>
          <dep type="det">
            <governor idx="6">workplace</governor>
            <dependent idx="5">this</dependent>
          </dep>
          <dep type="nsubjpass">
            <governor idx="9">aligned</governor>
            <dependent idx="6">workplace</dependent>
          </dep>
          <dep type="auxpass">
            <governor idx="9">aligned</governor>
            <dependent idx="7">was</dependent>
          </dep>
          <dep type="neg">
            <governor idx="9">aligned</governor>
            <dependent idx="8">n't</dependent>
          </dep>
          <dep type="ccomp">
            <governor idx="2">reaffirmed</governor>
            <dependent idx="9">aligned</dependent>
          </dep>
          <dep type="case">
            <governor idx="12">values</governor>
            <dependent idx="10">to</dependent>
          </dep>
          <dep type="nmod:poss">
            <governor idx="12">values</governor>
            <dependent idx="11">my</dependent>
          </dep>
          <dep type="nmod:to">
            <governor idx="9">aligned</governor>
            <dependent idx="12">values</dependent>
          </dep>
          <dep type="cc">
            <governor idx="9">aligned</governor>
            <dependent idx="13">and</dependent>
          </dep>
          <dep type="det">
            <governor idx="15">workplace</governor>
            <dependent idx="14">this</dependent>
          </dep>
          <dep type="nsubj">
            <governor idx="18">a</governor>
            <dependent idx="15">workplace</dependent>
          </dep>
          <dep type="cop">
            <governor idx="18">a</governor>
            <dependent idx="16">was</dependent>
          </dep>
          <dep type="advmod">
            <governor idx="18">a</governor>
            <dependent idx="17">just</dependent>
          </dep>
          <dep type="conj:and">
            <governor idx="9">aligned</governor>
            <dependent idx="18">a</dependent>
          </dep>
          <dep type="acl">
            <governor idx="18">a</governor>
            <dependent idx="19">stepping</dependent>
          </dep>
          <dep type="dobj">
            <governor idx="19">stepping</governor>
            <dependent idx="20">stone</dependent>
          </dep>
          <dep type="mark">
            <governor idx="22">finding</governor>
            <dependent idx="21">into</dependent>
          </dep>
          <dep type="advcl">
            <governor idx="19">stepping</governor>
            <dependent idx="22">finding</dependent>
          </dep>
          <dep type="det">
            <governor idx="24">workplace</governor>
            <dependent idx="23">a</dependent>
          </dep>
          <dep type="dobj">
            <governor idx="22">finding</governor>
            <dependent idx="24">workplace</dependent>
          </dep>
          <dep type="nsubj">
            <governor idx="26">felt</governor>
            <dependent idx="25">I</dependent>
          </dep>
          <dep type="acl:relcl">
            <governor idx="24">workplace</governor>
            <dependent idx="26">felt</dependent>
          </dep>
          <dep type="nsubj">
            <governor idx="28">made</governor>
            <dependent idx="27">I</dependent>
          </dep>
          <dep type="ccomp">
            <governor idx="26">felt</governor>
            <dependent idx="28">made</dependent>
          </dep>
          <dep type="amod">
            <governor idx="30">contributions</governor>
            <dependent idx="29">valuable</dependent>
          </dep>
          <dep type="dobj">
            <governor idx="28">made</governor>
            <dependent idx="30">contributions</dependent>
          </dep>
          <dep type="nmod">
            <governor idx="28">made</governor>
            <dependent idx="31">towards</dependent>
          </dep>
          <dep type="punct">
            <governor idx="2">reaffirmed</governor>
            <dependent idx="32">.</dependent>
          </dep>
        </dependencies>
        <dependencies type="collapsed-ccprocessed-dependencies">
          <dep type="root">
            <governor idx="0">ROOT</governor>
            <dependent idx="2">reaffirmed</dependent>
          </dep>
          <dep type="nsubj">
            <governor idx="2">reaffirmed</governor>
            <dependent idx="1">This</dependent>
          </dep>
          <dep type="mark">
            <governor idx="9">aligned</governor>
            <dependent idx="3">that</dependent>
          </dep>
          <dep type="advmod">
            <governor idx="9">aligned</governor>
            <dependent idx="4">maybe</dependent>
          </dep>
          <dep type="det">
            <governor idx="6">workplace</governor>
            <dependent idx="5">this</dependent>
          </dep>
          <dep type="nsubjpass">
            <governor idx="9">aligned</governor>
            <dependent idx="6">workplace</dependent>
          </dep>
          <dep type="auxpass">
            <governor idx="9">aligned</governor>
            <dependent idx="7">was</dependent>
          </dep>
          <dep type="neg">
            <governor idx="9">aligned</governor>
            <dependent idx="8">n't</dependent>
          </dep>
          <dep type="ccomp">
            <governor idx="2">reaffirmed</governor>
            <dependent idx="9">aligned</dependent>
          </dep>
          <dep type="case">
            <governor idx="12">values</governor>
            <dependent idx="10">to</dependent>
          </dep>
          <dep type="nmod:poss">
            <governor idx="12">values</governor>
            <dependent idx="11">my</dependent>
          </dep>
          <dep type="nmod:to">
            <governor idx="9">aligned</governor>
            <dependent idx="12">values</dependent>
          </dep>
          <dep type="cc">
            <governor idx="9">aligned</governor>
            <dependent idx="13">and</dependent>
          </dep>
          <dep type="det">
            <governor idx="15">workplace</governor>
            <dependent idx="14">this</dependent>
          </dep>
          <dep type="nsubj">
            <governor idx="18">a</governor>
            <dependent idx="15">workplace</dependent>
          </dep>
          <dep type="cop">
            <governor idx="18">a</governor>
            <dependent idx="16">was</dependent>
          </dep>
          <dep type="advmod">
            <governor idx="18">a</governor>
            <dependent idx="17">just</dependent>
          </dep>
          <dep type="ccomp" extra="true">
            <governor idx="2">reaffirmed</governor>
            <dependent idx="18">a</dependent>
          </dep>
          <dep type="conj:and">
            <governor idx="9">aligned</governor>
            <dependent idx="18">a</dependent>
          </dep>
          <dep type="acl">
            <governor idx="18">a</governor>
            <dependent idx="19">stepping</dependent>
          </dep>
          <dep type="dobj">
            <governor idx="19">stepping</governor>
            <dependent idx="20">stone</dependent>
          </dep>
          <dep type="mark">
            <governor idx="22">finding</governor>
            <dependent idx="21">into</dependent>
          </dep>
          <dep type="advcl">
            <governor idx="19">stepping</governor>
            <dependent idx="22">finding</dependent>
          </dep>
          <dep type="det">
            <governor idx="24">workplace</governor>
            <dependent idx="23">a</dependent>
          </dep>
          <dep type="dobj">
            <governor idx="22">finding</governor>
            <dependent idx="24">workplace</dependent>
          </dep>
          <dep type="nsubj">
            <governor idx="26">felt</governor>
            <dependent idx="25">I</dependent>
          </dep>
          <dep type="acl:relcl">
            <governor idx="24">workplace</governor>
            <dependent idx="26">felt</dependent>
          </dep>
          <dep type="nsubj">
            <governor idx="28">made</governor>
            <dependent idx="27">I</dependent>
          </dep>
          <dep type="ccomp">
            <governor idx="26">felt</governor>
            <dependent idx="28">made</dependent>
          </dep>
          <dep type="amod">
            <governor idx="30">contributions</governor>
            <dependent idx="29">valuable</dependent>
          </dep>
          <dep type="dobj">
            <governor idx="28">made</governor>
            <dependent idx="30">contributions</dependent>
          </dep>
          <dep type="nmod">
            <governor idx="28">made</governor>
            <dependent idx="31">towards</dependent>
          </dep>
          <dep type="punct">
            <governor idx="2">reaffirmed</governor>
            <dependent idx="32">.</dependent>
          </dep>
        </dependencies>
      </sentence>
      <sentence id="139">
        <tokens>
          <token id="1">
            <word>But</word>
            <lemma>but</lemma>
            <CharacterOffsetBegin>15000</CharacterOffsetBegin>
            <CharacterOffsetEnd>15003</CharacterOffsetEnd>
            <POS>CC</POS>
            <NER>O</NER>
            <Speaker>PER0</Speaker>
          </token>
          <token id="2">
            <word>where</word>
            <lemma>where</lemma>
            <CharacterOffsetBegin>15004</CharacterOffsetBegin>
            <CharacterOffsetEnd>15009</CharacterOffsetEnd>
            <POS>WRB</POS>
            <NER>O</NER>
            <Speaker>PER0</Speaker>
          </token>
          <token id="3">
            <word>there</word>
            <lemma>there</lemma>
            <CharacterOffsetBegin>15010</CharacterOffsetBegin>
            <CharacterOffsetEnd>15015</CharacterOffsetEnd>
            <POS>EX</POS>
            <NER>O</NER>
            <Speaker>PER0</Speaker>
          </token>
          <token id="4">
            <word>any</word>
            <lemma>any</lemma>
            <CharacterOffsetBegin>15016</CharacterOffsetBegin>
            <CharacterOffsetEnd>15019</CharacterOffsetEnd>
            <POS>DT</POS>
            <NER>O</NER>
            <Speaker>PER0</Speaker>
          </token>
          <token id="5">
            <word>workplaces</word>
            <lemma>workplace</lemma>
            <CharacterOffsetBegin>15020</CharacterOffsetBegin>
            <CharacterOffsetEnd>15030</CharacterOffsetEnd>
            <POS>NNS</POS>
            <NER>O</NER>
            <Speaker>PER0</Speaker>
          </token>
          <token id="6">
            <word>that</word>
            <lemma>that</lemma>
            <CharacterOffsetBegin>15031</CharacterOffsetBegin>
            <CharacterOffsetEnd>15035</CharacterOffsetEnd>
            <POS>WDT</POS>
            <NER>O</NER>
            <Speaker>PER0</Speaker>
          </token>
          <token id="7">
            <word>perceived</word>
            <lemma>perceive</lemma>
            <CharacterOffsetBegin>15036</CharacterOffsetBegin>
            <CharacterOffsetEnd>15045</CharacterOffsetEnd>
            <POS>VBN</POS>
            <NER>O</NER>
            <Speaker>PER0</Speaker>
          </token>
          <token id="8">
            <word>employees</word>
            <lemma>employee</lemma>
            <CharacterOffsetBegin>15046</CharacterOffsetBegin>
            <CharacterOffsetEnd>15055</CharacterOffsetEnd>
            <POS>NNS</POS>
            <NER>O</NER>
            <Speaker>PER0</Speaker>
          </token>
          <token id="9">
            <word>as</word>
            <lemma>as</lemma>
            <CharacterOffsetBegin>15056</CharacterOffsetBegin>
            <CharacterOffsetEnd>15058</CharacterOffsetEnd>
            <POS>IN</POS>
            <NER>O</NER>
            <Speaker>PER0</Speaker>
          </token>
          <token id="10">
            <word>assets</word>
            <lemma>asset</lemma>
            <CharacterOffsetBegin>15059</CharacterOffsetBegin>
            <CharacterOffsetEnd>15065</CharacterOffsetEnd>
            <POS>NNS</POS>
            <NER>O</NER>
            <Speaker>PER0</Speaker>
          </token>
          <token id="11">
            <word>and</word>
            <lemma>and</lemma>
            <CharacterOffsetBegin>15066</CharacterOffsetBegin>
            <CharacterOffsetEnd>15069</CharacterOffsetEnd>
            <POS>CC</POS>
            <NER>O</NER>
            <Speaker>PER0</Speaker>
          </token>
          <token id="12">
            <word>thought</word>
            <lemma>thought</lemma>
            <CharacterOffsetBegin>15070</CharacterOffsetBegin>
            <CharacterOffsetEnd>15077</CharacterOffsetEnd>
            <POS>NN</POS>
            <NER>O</NER>
            <Speaker>PER0</Speaker>
          </token>
          <token id="13">
            <word>of</word>
            <lemma>of</lemma>
            <CharacterOffsetBegin>15078</CharacterOffsetBegin>
            <CharacterOffsetEnd>15080</CharacterOffsetEnd>
            <POS>IN</POS>
            <NER>O</NER>
            <Speaker>PER0</Speaker>
          </token>
          <token id="14">
            <word>the</word>
            <lemma>the</lemma>
            <CharacterOffsetBegin>15081</CharacterOffsetBegin>
            <CharacterOffsetEnd>15084</CharacterOffsetEnd>
            <POS>DT</POS>
            <NER>O</NER>
            <Speaker>PER0</Speaker>
          </token>
          <token id="15">
            <word>long</word>
            <lemma>long</lemma>
            <CharacterOffsetBegin>15085</CharacterOffsetBegin>
            <CharacterOffsetEnd>15089</CharacterOffsetEnd>
            <POS>JJ</POS>
            <NER>O</NER>
            <Speaker>PER0</Speaker>
          </token>
          <token id="16">
            <word>term</word>
            <lemma>term</lemma>
            <CharacterOffsetBegin>15090</CharacterOffsetBegin>
            <CharacterOffsetEnd>15094</CharacterOffsetEnd>
            <POS>NN</POS>
            <NER>O</NER>
            <Speaker>PER0</Speaker>
          </token>
          <token id="17">
            <word>future</word>
            <lemma>future</lemma>
            <CharacterOffsetBegin>15095</CharacterOffsetBegin>
            <CharacterOffsetEnd>15101</CharacterOffsetEnd>
            <POS>NN</POS>
            <NER>DATE</NER>
            <NormalizedNER>FUTURE_REF</NormalizedNER>
            <Speaker>PER0</Speaker>
            <Timex tid="t17" type="DATE">FUTURE_REF</Timex>
          </token>
          <token id="18">
            <word>?</word>
            <lemma>?</lemma>
            <CharacterOffsetBegin>15101</CharacterOffsetBegin>
            <CharacterOffsetEnd>15102</CharacterOffsetEnd>
            <POS>.</POS>
            <NER>O</NER>
            <Speaker>PER0</Speaker>
          </token>
        </tokens>
        <parse>(ROOT (FRAG (CC But) (SBAR (WHADVP (WRB where)) (S (NP (EX there)) (VP (NP (NP (DT any) (NNS workplaces)) (SBAR (WHNP (WDT that)) (S (VP (VBN perceived) (NP (NNS employees)) (PP (IN as) (NP (NNS assets))))))) (PRN (CC and) (NP (NP (NN thought)) (PP (IN of) (NP (DT the) (JJ long) (NN term) (NN future)))))))) (. ?))) </parse>
        <dependencies type="basic-dependencies">
          <dep type="root">
            <governor idx="0">ROOT</governor>
            <dependent idx="5">workplaces</dependent>
          </dep>
          <dep type="cc">
            <governor idx="5">workplaces</governor>
            <dependent idx="1">But</dependent>
          </dep>
          <dep type="advmod">
            <governor idx="5">workplaces</governor>
            <dependent idx="2">where</dependent>
          </dep>
          <dep type="expl">
            <governor idx="5">workplaces</governor>
            <dependent idx="3">there</dependent>
          </dep>
          <dep type="det">
            <governor idx="5">workplaces</governor>
            <dependent idx="4">any</dependent>
          </dep>
          <dep type="nsubj">
            <governor idx="7">perceived</governor>
            <dependent idx="6">that</dependent>
          </dep>
          <dep type="acl:relcl">
            <governor idx="5">workplaces</governor>
            <dependent idx="7">perceived</dependent>
          </dep>
          <dep type="dobj">
            <governor idx="7">perceived</governor>
            <dependent idx="8">employees</dependent>
          </dep>
          <dep type="case">
            <governor idx="10">assets</governor>
            <dependent idx="9">as</dependent>
          </dep>
          <dep type="nmod">
            <governor idx="7">perceived</governor>
            <dependent idx="10">assets</dependent>
          </dep>
          <dep type="cc">
            <governor idx="12">thought</governor>
            <dependent idx="11">and</dependent>
          </dep>
          <dep type="dep">
            <governor idx="5">workplaces</governor>
            <dependent idx="12">thought</dependent>
          </dep>
          <dep type="case">
            <governor idx="17">future</governor>
            <dependent idx="13">of</dependent>
          </dep>
          <dep type="det">
            <governor idx="17">future</governor>
            <dependent idx="14">the</dependent>
          </dep>
          <dep type="amod">
            <governor idx="17">future</governor>
            <dependent idx="15">long</dependent>
          </dep>
          <dep type="compound">
            <governor idx="17">future</governor>
            <dependent idx="16">term</dependent>
          </dep>
          <dep type="nmod">
            <governor idx="12">thought</governor>
            <dependent idx="17">future</dependent>
          </dep>
          <dep type="punct">
            <governor idx="5">workplaces</governor>
            <dependent idx="18">?</dependent>
          </dep>
        </dependencies>
        <dependencies type="collapsed-dependencies">
          <dep type="root">
            <governor idx="0">ROOT</governor>
            <dependent idx="5">workplaces</dependent>
          </dep>
          <dep type="cc">
            <governor idx="5">workplaces</governor>
            <dependent idx="1">But</dependent>
          </dep>
          <dep type="advmod">
            <governor idx="5">workplaces</governor>
            <dependent idx="2">where</dependent>
          </dep>
          <dep type="expl">
            <governor idx="5">workplaces</governor>
            <dependent idx="3">there</dependent>
          </dep>
          <dep type="det">
            <governor idx="5">workplaces</governor>
            <dependent idx="4">any</dependent>
          </dep>
          <dep type="nsubj">
            <governor idx="7">perceived</governor>
            <dependent idx="6">that</dependent>
          </dep>
          <dep type="acl:relcl">
            <governor idx="5">workplaces</governor>
            <dependent idx="7">perceived</dependent>
          </dep>
          <dep type="dobj">
            <governor idx="7">perceived</governor>
            <dependent idx="8">employees</dependent>
          </dep>
          <dep type="case">
            <governor idx="10">assets</governor>
            <dependent idx="9">as</dependent>
          </dep>
          <dep type="nmod:as">
            <governor idx="7">perceived</governor>
            <dependent idx="10">assets</dependent>
          </dep>
          <dep type="cc">
            <governor idx="12">thought</governor>
            <dependent idx="11">and</dependent>
          </dep>
          <dep type="dep">
            <governor idx="5">workplaces</governor>
            <dependent idx="12">thought</dependent>
          </dep>
          <dep type="case">
            <governor idx="17">future</governor>
            <dependent idx="13">of</dependent>
          </dep>
          <dep type="det">
            <governor idx="17">future</governor>
            <dependent idx="14">the</dependent>
          </dep>
          <dep type="amod">
            <governor idx="17">future</governor>
            <dependent idx="15">long</dependent>
          </dep>
          <dep type="compound">
            <governor idx="17">future</governor>
            <dependent idx="16">term</dependent>
          </dep>
          <dep type="nmod:of">
            <governor idx="12">thought</governor>
            <dependent idx="17">future</dependent>
          </dep>
          <dep type="punct">
            <governor idx="5">workplaces</governor>
            <dependent idx="18">?</dependent>
          </dep>
        </dependencies>
        <dependencies type="collapsed-ccprocessed-dependencies">
          <dep type="root">
            <governor idx="0">ROOT</governor>
            <dependent idx="5">workplaces</dependent>
          </dep>
          <dep type="cc">
            <governor idx="5">workplaces</governor>
            <dependent idx="1">But</dependent>
          </dep>
          <dep type="advmod">
            <governor idx="5">workplaces</governor>
            <dependent idx="2">where</dependent>
          </dep>
          <dep type="expl">
            <governor idx="5">workplaces</governor>
            <dependent idx="3">there</dependent>
          </dep>
          <dep type="det">
            <governor idx="5">workplaces</governor>
            <dependent idx="4">any</dependent>
          </dep>
          <dep type="nsubj">
            <governor idx="7">perceived</governor>
            <dependent idx="6">that</dependent>
          </dep>
          <dep type="acl:relcl">
            <governor idx="5">workplaces</governor>
            <dependent idx="7">perceived</dependent>
          </dep>
          <dep type="dobj">
            <governor idx="7">perceived</governor>
            <dependent idx="8">employees</dependent>
          </dep>
          <dep type="case">
            <governor idx="10">assets</governor>
            <dependent idx="9">as</dependent>
          </dep>
          <dep type="nmod:as">
            <governor idx="7">perceived</governor>
            <dependent idx="10">assets</dependent>
          </dep>
          <dep type="cc">
            <governor idx="12">thought</governor>
            <dependent idx="11">and</dependent>
          </dep>
          <dep type="dep">
            <governor idx="5">workplaces</governor>
            <dependent idx="12">thought</dependent>
          </dep>
          <dep type="case">
            <governor idx="17">future</governor>
            <dependent idx="13">of</dependent>
          </dep>
          <dep type="det">
            <governor idx="17">future</governor>
            <dependent idx="14">the</dependent>
          </dep>
          <dep type="amod">
            <governor idx="17">future</governor>
            <dependent idx="15">long</dependent>
          </dep>
          <dep type="compound">
            <governor idx="17">future</governor>
            <dependent idx="16">term</dependent>
          </dep>
          <dep type="nmod:of">
            <governor idx="12">thought</governor>
            <dependent idx="17">future</dependent>
          </dep>
          <dep type="punct">
            <governor idx="5">workplaces</governor>
            <dependent idx="18">?</dependent>
          </dep>
        </dependencies>
      </sentence>
      <sentence id="140">
        <tokens>
          <token id="1">
            <word>I</word>
            <lemma>I</lemma>
            <CharacterOffsetBegin>15103</CharacterOffsetBegin>
            <CharacterOffsetEnd>15104</CharacterOffsetEnd>
            <POS>PRP</POS>
            <NER>O</NER>
            <Speaker>PER0</Speaker>
          </token>
          <token id="2">
            <word>was</word>
            <lemma>be</lemma>
            <CharacterOffsetBegin>15105</CharacterOffsetBegin>
            <CharacterOffsetEnd>15108</CharacterOffsetEnd>
            <POS>VBD</POS>
            <NER>O</NER>
            <Speaker>PER0</Speaker>
          </token>
          <token id="3">
            <word>scrawling</word>
            <lemma>scrawl</lemma>
            <CharacterOffsetBegin>15109</CharacterOffsetBegin>
            <CharacterOffsetEnd>15118</CharacterOffsetEnd>
            <POS>VBG</POS>
            <NER>O</NER>
            <Speaker>PER0</Speaker>
          </token>
          <token id="4">
            <word>through</word>
            <lemma>through</lemma>
            <CharacterOffsetBegin>15119</CharacterOffsetBegin>
            <CharacterOffsetEnd>15126</CharacterOffsetEnd>
            <POS>IN</POS>
            <NER>O</NER>
            <Speaker>PER0</Speaker>
          </token>
          <token id="5">
            <word>some</word>
            <lemma>some</lemma>
            <CharacterOffsetBegin>15127</CharacterOffsetBegin>
            <CharacterOffsetEnd>15131</CharacterOffsetEnd>
            <POS>DT</POS>
            <NER>O</NER>
            <Speaker>PER0</Speaker>
          </token>
          <token id="6">
            <word>current</word>
            <lemma>current</lemma>
            <CharacterOffsetBegin>15132</CharacterOffsetBegin>
            <CharacterOffsetEnd>15139</CharacterOffsetEnd>
            <POS>JJ</POS>
            <NER>DATE</NER>
            <NormalizedNER>PRESENT_REF</NormalizedNER>
            <Speaker>PER0</Speaker>
            <Timex tid="t18" type="DATE">PRESENT_REF</Timex>
          </token>
          <token id="7">
            <word>Harvard</word>
            <lemma>Harvard</lemma>
            <CharacterOffsetBegin>15140</CharacterOffsetBegin>
            <CharacterOffsetEnd>15147</CharacterOffsetEnd>
            <POS>NNP</POS>
            <NER>ORGANIZATION</NER>
            <Speaker>PER0</Speaker>
          </token>
          <token id="8">
            <word>Business</word>
            <lemma>Business</lemma>
            <CharacterOffsetBegin>15148</CharacterOffsetBegin>
            <CharacterOffsetEnd>15156</CharacterOffsetEnd>
            <POS>NNP</POS>
            <NER>ORGANIZATION</NER>
            <Speaker>PER0</Speaker>
          </token>
          <token id="9">
            <word>Review</word>
            <lemma>Review</lemma>
            <CharacterOffsetBegin>15157</CharacterOffsetBegin>
            <CharacterOffsetEnd>15163</CharacterOffsetEnd>
            <POS>NNP</POS>
            <NER>ORGANIZATION</NER>
            <Speaker>PER0</Speaker>
          </token>
          <token id="10">
            <word>Jan-Feb</word>
            <lemma>Jan-Feb</lemma>
            <CharacterOffsetBegin>15164</CharacterOffsetBegin>
            <CharacterOffsetEnd>15171</CharacterOffsetEnd>
            <POS>NNP</POS>
            <NER>O</NER>
            <Speaker>PER0</Speaker>
          </token>
          <token id="11">
            <word>and</word>
            <lemma>and</lemma>
            <CharacterOffsetBegin>15172</CharacterOffsetBegin>
            <CharacterOffsetEnd>15175</CharacterOffsetEnd>
            <POS>CC</POS>
            <NER>O</NER>
            <Speaker>PER0</Speaker>
          </token>
          <token id="12">
            <word>March</word>
            <lemma>March</lemma>
            <CharacterOffsetBegin>15176</CharacterOffsetBegin>
            <CharacterOffsetEnd>15181</CharacterOffsetEnd>
            <POS>NNP</POS>
            <NER>DATE</NER>
            <NormalizedNER>2015-03</NormalizedNER>
            <Speaker>PER0</Speaker>
            <Timex tid="t19" type="DATE">2015-03</Timex>
          </token>
          <token id="13">
            <word>2015</word>
            <lemma>2015</lemma>
            <CharacterOffsetBegin>15182</CharacterOffsetBegin>
            <CharacterOffsetEnd>15186</CharacterOffsetEnd>
            <POS>CD</POS>
            <NER>DATE</NER>
            <NormalizedNER>2015-03</NormalizedNER>
            <Speaker>PER0</Speaker>
            <Timex tid="t19" type="DATE">2015-03</Timex>
          </token>
          <token id="14">
            <word>issues</word>
            <lemma>issue</lemma>
            <CharacterOffsetBegin>15187</CharacterOffsetBegin>
            <CharacterOffsetEnd>15193</CharacterOffsetEnd>
            <POS>NNS</POS>
            <NER>O</NER>
            <Speaker>PER0</Speaker>
          </token>
          <token id="15">
            <word>.</word>
            <lemma>.</lemma>
            <CharacterOffsetBegin>15193</CharacterOffsetBegin>
            <CharacterOffsetEnd>15194</CharacterOffsetEnd>
            <POS>.</POS>
            <NER>O</NER>
            <Speaker>PER0</Speaker>
          </token>
        </tokens>
        <parse>(ROOT (S (NP (PRP I)) (VP (VBD was) (VP (VBG scrawling) (PP (IN through) (NP (DT some) (JJ current) (NNP Harvard) (NNP Business) (NNP Review) (NNP Jan-Feb) (CC and) (NNP March) (CD 2015) (NNS issues))))) (. .))) </parse>
        <dependencies type="basic-dependencies">
          <dep type="root">
            <governor idx="0">ROOT</governor>
            <dependent idx="3">scrawling</dependent>
          </dep>
          <dep type="nsubj">
            <governor idx="3">scrawling</governor>
            <dependent idx="1">I</dependent>
          </dep>
          <dep type="aux">
            <governor idx="3">scrawling</governor>
            <dependent idx="2">was</dependent>
          </dep>
          <dep type="case">
            <governor idx="10">Jan-Feb</governor>
            <dependent idx="4">through</dependent>
          </dep>
          <dep type="det">
            <governor idx="10">Jan-Feb</governor>
            <dependent idx="5">some</dependent>
          </dep>
          <dep type="amod">
            <governor idx="10">Jan-Feb</governor>
            <dependent idx="6">current</dependent>
          </dep>
          <dep type="compound">
            <governor idx="10">Jan-Feb</governor>
            <dependent idx="7">Harvard</dependent>
          </dep>
          <dep type="compound">
            <governor idx="10">Jan-Feb</governor>
            <dependent idx="8">Business</dependent>
          </dep>
          <dep type="compound">
            <governor idx="10">Jan-Feb</governor>
            <dependent idx="9">Review</dependent>
          </dep>
          <dep type="nmod">
            <governor idx="3">scrawling</governor>
            <dependent idx="10">Jan-Feb</dependent>
          </dep>
          <dep type="cc">
            <governor idx="10">Jan-Feb</governor>
            <dependent idx="11">and</dependent>
          </dep>
          <dep type="compound">
            <governor idx="14">issues</governor>
            <dependent idx="12">March</dependent>
          </dep>
          <dep type="nummod">
            <governor idx="14">issues</governor>
            <dependent idx="13">2015</dependent>
          </dep>
          <dep type="conj">
            <governor idx="10">Jan-Feb</governor>
            <dependent idx="14">issues</dependent>
          </dep>
          <dep type="punct">
            <governor idx="3">scrawling</governor>
            <dependent idx="15">.</dependent>
          </dep>
        </dependencies>
        <dependencies type="collapsed-dependencies">
          <dep type="root">
            <governor idx="0">ROOT</governor>
            <dependent idx="3">scrawling</dependent>
          </dep>
          <dep type="nsubj">
            <governor idx="3">scrawling</governor>
            <dependent idx="1">I</dependent>
          </dep>
          <dep type="aux">
            <governor idx="3">scrawling</governor>
            <dependent idx="2">was</dependent>
          </dep>
          <dep type="case">
            <governor idx="10">Jan-Feb</governor>
            <dependent idx="4">through</dependent>
          </dep>
          <dep type="det">
            <governor idx="10">Jan-Feb</governor>
            <dependent idx="5">some</dependent>
          </dep>
          <dep type="amod">
            <governor idx="10">Jan-Feb</governor>
            <dependent idx="6">current</dependent>
          </dep>
          <dep type="compound">
            <governor idx="10">Jan-Feb</governor>
            <dependent idx="7">Harvard</dependent>
          </dep>
          <dep type="compound">
            <governor idx="10">Jan-Feb</governor>
            <dependent idx="8">Business</dependent>
          </dep>
          <dep type="compound">
            <governor idx="10">Jan-Feb</governor>
            <dependent idx="9">Review</dependent>
          </dep>
          <dep type="nmod:through">
            <governor idx="3">scrawling</governor>
            <dependent idx="10">Jan-Feb</dependent>
          </dep>
          <dep type="cc">
            <governor idx="10">Jan-Feb</governor>
            <dependent idx="11">and</dependent>
          </dep>
          <dep type="compound">
            <governor idx="14">issues</governor>
            <dependent idx="12">March</dependent>
          </dep>
          <dep type="nummod">
            <governor idx="14">issues</governor>
            <dependent idx="13">2015</dependent>
          </dep>
          <dep type="conj:and">
            <governor idx="10">Jan-Feb</governor>
            <dependent idx="14">issues</dependent>
          </dep>
          <dep type="punct">
            <governor idx="3">scrawling</governor>
            <dependent idx="15">.</dependent>
          </dep>
        </dependencies>
        <dependencies type="collapsed-ccprocessed-dependencies">
          <dep type="root">
            <governor idx="0">ROOT</governor>
            <dependent idx="3">scrawling</dependent>
          </dep>
          <dep type="nsubj">
            <governor idx="3">scrawling</governor>
            <dependent idx="1">I</dependent>
          </dep>
          <dep type="aux">
            <governor idx="3">scrawling</governor>
            <dependent idx="2">was</dependent>
          </dep>
          <dep type="case">
            <governor idx="10">Jan-Feb</governor>
            <dependent idx="4">through</dependent>
          </dep>
          <dep type="det">
            <governor idx="10">Jan-Feb</governor>
            <dependent idx="5">some</dependent>
          </dep>
          <dep type="amod">
            <governor idx="10">Jan-Feb</governor>
            <dependent idx="6">current</dependent>
          </dep>
          <dep type="compound">
            <governor idx="10">Jan-Feb</governor>
            <dependent idx="7">Harvard</dependent>
          </dep>
          <dep type="compound">
            <governor idx="10">Jan-Feb</governor>
            <dependent idx="8">Business</dependent>
          </dep>
          <dep type="compound">
            <governor idx="10">Jan-Feb</governor>
            <dependent idx="9">Review</dependent>
          </dep>
          <dep type="nmod:through">
            <governor idx="3">scrawling</governor>
            <dependent idx="10">Jan-Feb</dependent>
          </dep>
          <dep type="cc">
            <governor idx="10">Jan-Feb</governor>
            <dependent idx="11">and</dependent>
          </dep>
          <dep type="compound">
            <governor idx="14">issues</governor>
            <dependent idx="12">March</dependent>
          </dep>
          <dep type="nummod">
            <governor idx="14">issues</governor>
            <dependent idx="13">2015</dependent>
          </dep>
          <dep type="nmod:through" extra="true">
            <governor idx="3">scrawling</governor>
            <dependent idx="14">issues</dependent>
          </dep>
          <dep type="conj:and">
            <governor idx="10">Jan-Feb</governor>
            <dependent idx="14">issues</dependent>
          </dep>
          <dep type="punct">
            <governor idx="3">scrawling</governor>
            <dependent idx="15">.</dependent>
          </dep>
        </dependencies>
      </sentence>
      <sentence id="141">
        <tokens>
          <token id="1">
            <word>The</word>
            <lemma>the</lemma>
            <CharacterOffsetBegin>15195</CharacterOffsetBegin>
            <CharacterOffsetEnd>15198</CharacterOffsetEnd>
            <POS>DT</POS>
            <NER>O</NER>
            <Speaker>PER0</Speaker>
          </token>
          <token id="2">
            <word>Jan-Feb</word>
            <lemma>Jan-Feb</lemma>
            <CharacterOffsetBegin>15199</CharacterOffsetBegin>
            <CharacterOffsetEnd>15206</CharacterOffsetEnd>
            <POS>NNP</POS>
            <NER>O</NER>
            <Speaker>PER0</Speaker>
          </token>
          <token id="3">
            <word>2015</word>
            <lemma>2015</lemma>
            <CharacterOffsetBegin>15207</CharacterOffsetBegin>
            <CharacterOffsetEnd>15211</CharacterOffsetEnd>
            <POS>CD</POS>
            <NER>DATE</NER>
            <NormalizedNER>2015</NormalizedNER>
            <Speaker>PER0</Speaker>
            <Timex tid="t20" type="DATE">2015</Timex>
          </token>
          <token id="4">
            <word>article</word>
            <lemma>article</lemma>
            <CharacterOffsetBegin>15212</CharacterOffsetBegin>
            <CharacterOffsetEnd>15219</CharacterOffsetEnd>
            <POS>NN</POS>
            <NER>O</NER>
            <Speaker>PER0</Speaker>
          </token>
          <token id="5">
            <word>`</word>
            <lemma>`</lemma>
            <CharacterOffsetBegin>15220</CharacterOffsetBegin>
            <CharacterOffsetEnd>15221</CharacterOffsetEnd>
            <POS>``</POS>
            <NER>O</NER>
            <Speaker>PER0</Speaker>
          </token>
          <token id="6">
            <word>Where</word>
            <lemma>where</lemma>
            <CharacterOffsetBegin>15221</CharacterOffsetBegin>
            <CharacterOffsetEnd>15226</CharacterOffsetEnd>
            <POS>WRB</POS>
            <NER>O</NER>
            <Speaker>PER0</Speaker>
          </token>
          <token id="7">
            <word>Boards</word>
            <lemma>board</lemma>
            <CharacterOffsetBegin>15227</CharacterOffsetBegin>
            <CharacterOffsetEnd>15233</CharacterOffsetEnd>
            <POS>NNS</POS>
            <NER>O</NER>
            <Speaker>PER0</Speaker>
          </token>
          <token id="8">
            <word>Fall</word>
            <lemma>fall</lemma>
            <CharacterOffsetBegin>15234</CharacterOffsetBegin>
            <CharacterOffsetEnd>15238</CharacterOffsetEnd>
            <POS>NN</POS>
            <NER>DATE</NER>
            <NormalizedNER>XXXX-FA</NormalizedNER>
            <Speaker>PER0</Speaker>
            <Timex tid="t21" type="DATE">XXXX-FA</Timex>
          </token>
          <token id="9">
            <word>Short</word>
            <lemma>Short</lemma>
            <CharacterOffsetBegin>15239</CharacterOffsetBegin>
            <CharacterOffsetEnd>15244</CharacterOffsetEnd>
            <POS>NNP</POS>
            <NER>O</NER>
            <Speaker>PER0</Speaker>
          </token>
          <token id="10">
            <word>'</word>
            <lemma>'</lemma>
            <CharacterOffsetBegin>15244</CharacterOffsetBegin>
            <CharacterOffsetEnd>15245</CharacterOffsetEnd>
            <POS>POS</POS>
            <NER>O</NER>
            <Speaker>PER0</Speaker>
          </token>
          <token id="11">
            <word>was</word>
            <lemma>be</lemma>
            <CharacterOffsetBegin>15246</CharacterOffsetBegin>
            <CharacterOffsetEnd>15249</CharacterOffsetEnd>
            <POS>VBD</POS>
            <NER>O</NER>
            <Speaker>PER0</Speaker>
          </token>
          <token id="12">
            <word>an</word>
            <lemma>a</lemma>
            <CharacterOffsetBegin>15250</CharacterOffsetBegin>
            <CharacterOffsetEnd>15252</CharacterOffsetEnd>
            <POS>DT</POS>
            <NER>O</NER>
            <Speaker>PER0</Speaker>
          </token>
          <token id="13">
            <word>article</word>
            <lemma>article</lemma>
            <CharacterOffsetBegin>15253</CharacterOffsetBegin>
            <CharacterOffsetEnd>15260</CharacterOffsetEnd>
            <POS>NN</POS>
            <NER>O</NER>
            <Speaker>PER0</Speaker>
          </token>
          <token id="14">
            <word>highlighting</word>
            <lemma>highlight</lemma>
            <CharacterOffsetBegin>15261</CharacterOffsetBegin>
            <CharacterOffsetEnd>15273</CharacterOffsetEnd>
            <POS>VBG</POS>
            <NER>O</NER>
            <Speaker>PER0</Speaker>
          </token>
          <token id="15">
            <word>that</word>
            <lemma>that</lemma>
            <CharacterOffsetBegin>15274</CharacterOffsetBegin>
            <CharacterOffsetEnd>15278</CharacterOffsetEnd>
            <POS>IN</POS>
            <NER>O</NER>
            <Speaker>PER0</Speaker>
          </token>
          <token id="16">
            <word>Boards</word>
            <lemma>board</lemma>
            <CharacterOffsetBegin>15279</CharacterOffsetBegin>
            <CharacterOffsetEnd>15285</CharacterOffsetEnd>
            <POS>NNS</POS>
            <NER>O</NER>
            <Speaker>PER0</Speaker>
          </token>
          <token id="17">
            <word>are</word>
            <lemma>be</lemma>
            <CharacterOffsetBegin>15286</CharacterOffsetBegin>
            <CharacterOffsetEnd>15289</CharacterOffsetEnd>
            <POS>VBP</POS>
            <NER>O</NER>
            <Speaker>PER0</Speaker>
          </token>
          <token id="18">
            <word>n't</word>
            <lemma>not</lemma>
            <CharacterOffsetBegin>15289</CharacterOffsetBegin>
            <CharacterOffsetEnd>15292</CharacterOffsetEnd>
            <POS>RB</POS>
            <NER>O</NER>
            <Speaker>PER0</Speaker>
          </token>
          <token id="19">
            <word>delivering</word>
            <lemma>deliver</lemma>
            <CharacterOffsetBegin>15293</CharacterOffsetBegin>
            <CharacterOffsetEnd>15303</CharacterOffsetEnd>
            <POS>VBG</POS>
            <NER>O</NER>
            <Speaker>PER0</Speaker>
          </token>
          <token id="20">
            <word>on</word>
            <lemma>on</lemma>
            <CharacterOffsetBegin>15304</CharacterOffsetBegin>
            <CharacterOffsetEnd>15306</CharacterOffsetEnd>
            <POS>IN</POS>
            <NER>O</NER>
            <Speaker>PER0</Speaker>
          </token>
          <token id="21">
            <word>their</word>
            <lemma>they</lemma>
            <CharacterOffsetBegin>15307</CharacterOffsetBegin>
            <CharacterOffsetEnd>15312</CharacterOffsetEnd>
            <POS>PRP$</POS>
            <NER>O</NER>
            <Speaker>PER0</Speaker>
          </token>
          <token id="22">
            <word>core</word>
            <lemma>core</lemma>
            <CharacterOffsetBegin>15313</CharacterOffsetBegin>
            <CharacterOffsetEnd>15317</CharacterOffsetEnd>
            <POS>NN</POS>
            <NER>O</NER>
            <Speaker>PER0</Speaker>
          </token>
          <token id="23">
            <word>mission</word>
            <lemma>mission</lemma>
            <CharacterOffsetBegin>15318</CharacterOffsetBegin>
            <CharacterOffsetEnd>15325</CharacterOffsetEnd>
            <POS>NN</POS>
            <NER>O</NER>
            <Speaker>PER0</Speaker>
          </token>
          <token id="24">
            <word>:</word>
            <lemma>:</lemma>
            <CharacterOffsetBegin>15325</CharacterOffsetBegin>
            <CharacterOffsetEnd>15326</CharacterOffsetEnd>
            <POS>:</POS>
            <NER>O</NER>
            <Speaker>PER0</Speaker>
          </token>
          <token id="25">
            <word>providing</word>
            <lemma>provide</lemma>
            <CharacterOffsetBegin>15327</CharacterOffsetBegin>
            <CharacterOffsetEnd>15336</CharacterOffsetEnd>
            <POS>VBG</POS>
            <NER>O</NER>
            <Speaker>PER0</Speaker>
          </token>
          <token id="26">
            <word>strong</word>
            <lemma>strong</lemma>
            <CharacterOffsetBegin>15337</CharacterOffsetBegin>
            <CharacterOffsetEnd>15343</CharacterOffsetEnd>
            <POS>JJ</POS>
            <NER>O</NER>
            <Speaker>PER0</Speaker>
          </token>
          <token id="27">
            <word>oversight</word>
            <lemma>oversight</lemma>
            <CharacterOffsetBegin>15344</CharacterOffsetBegin>
            <CharacterOffsetEnd>15353</CharacterOffsetEnd>
            <POS>NN</POS>
            <NER>O</NER>
            <Speaker>PER0</Speaker>
          </token>
          <token id="28">
            <word>and</word>
            <lemma>and</lemma>
            <CharacterOffsetBegin>15354</CharacterOffsetBegin>
            <CharacterOffsetEnd>15357</CharacterOffsetEnd>
            <POS>CC</POS>
            <NER>O</NER>
            <Speaker>PER0</Speaker>
          </token>
          <token id="29">
            <word>strategic</word>
            <lemma>strategic</lemma>
            <CharacterOffsetBegin>15358</CharacterOffsetBegin>
            <CharacterOffsetEnd>15367</CharacterOffsetEnd>
            <POS>JJ</POS>
            <NER>O</NER>
            <Speaker>PER0</Speaker>
          </token>
          <token id="30">
            <word>support</word>
            <lemma>support</lemma>
            <CharacterOffsetBegin>15368</CharacterOffsetBegin>
            <CharacterOffsetEnd>15375</CharacterOffsetEnd>
            <POS>NN</POS>
            <NER>O</NER>
            <Speaker>PER0</Speaker>
          </token>
          <token id="31">
            <word>for</word>
            <lemma>for</lemma>
            <CharacterOffsetBegin>15376</CharacterOffsetBegin>
            <CharacterOffsetEnd>15379</CharacterOffsetEnd>
            <POS>IN</POS>
            <NER>O</NER>
            <Speaker>PER0</Speaker>
          </token>
          <token id="32">
            <word>management</word>
            <lemma>management</lemma>
            <CharacterOffsetBegin>15380</CharacterOffsetBegin>
            <CharacterOffsetEnd>15390</CharacterOffsetEnd>
            <POS>NN</POS>
            <NER>O</NER>
            <Speaker>PER0</Speaker>
          </token>
          <token id="33">
            <word>'s</word>
            <lemma>'s</lemma>
            <CharacterOffsetBegin>15390</CharacterOffsetBegin>
            <CharacterOffsetEnd>15392</CharacterOffsetEnd>
            <POS>POS</POS>
            <NER>O</NER>
            <Speaker>PER0</Speaker>
          </token>
          <token id="34">
            <word>efforts</word>
            <lemma>effort</lemma>
            <CharacterOffsetBegin>15393</CharacterOffsetBegin>
            <CharacterOffsetEnd>15400</CharacterOffsetEnd>
            <POS>NNS</POS>
            <NER>O</NER>
            <Speaker>PER0</Speaker>
          </token>
          <token id="35">
            <word>to</word>
            <lemma>to</lemma>
            <CharacterOffsetBegin>15401</CharacterOffsetBegin>
            <CharacterOffsetEnd>15403</CharacterOffsetEnd>
            <POS>TO</POS>
            <NER>O</NER>
            <Speaker>PER0</Speaker>
          </token>
          <token id="36">
            <word>create</word>
            <lemma>create</lemma>
            <CharacterOffsetBegin>15404</CharacterOffsetBegin>
            <CharacterOffsetEnd>15410</CharacterOffsetEnd>
            <POS>VB</POS>
            <NER>O</NER>
            <Speaker>PER0</Speaker>
          </token>
          <token id="37">
            <word>long</word>
            <lemma>long</lemma>
            <CharacterOffsetBegin>15411</CharacterOffsetBegin>
            <CharacterOffsetEnd>15415</CharacterOffsetEnd>
            <POS>JJ</POS>
            <NER>O</NER>
            <Speaker>PER0</Speaker>
          </token>
          <token id="38">
            <word>term</word>
            <lemma>term</lemma>
            <CharacterOffsetBegin>15416</CharacterOffsetBegin>
            <CharacterOffsetEnd>15420</CharacterOffsetEnd>
            <POS>NN</POS>
            <NER>O</NER>
            <Speaker>PER0</Speaker>
          </token>
          <token id="39">
            <word>value</word>
            <lemma>value</lemma>
            <CharacterOffsetBegin>15421</CharacterOffsetBegin>
            <CharacterOffsetEnd>15426</CharacterOffsetEnd>
            <POS>NN</POS>
            <NER>O</NER>
            <Speaker>PER0</Speaker>
          </token>
          <token id="40">
            <word>.</word>
            <lemma>.</lemma>
            <CharacterOffsetBegin>15426</CharacterOffsetBegin>
            <CharacterOffsetEnd>15427</CharacterOffsetEnd>
            <POS>.</POS>
            <NER>O</NER>
            <Speaker>PER0</Speaker>
          </token>
        </tokens>
        <parse>(ROOT (S (VP (NP (NP (DT The) (NNP Jan-Feb) (CD 2015) (NN article)) (`` `) (SBAR (WHADVP (WRB Where) (NP (NP (NNS Boards)) (NP (NN Fall)))) (S (NP (NNP Short) (POS ')) (VP (VBD was) (NP (DT an) (NN article) (S (S (VP (VBG highlighting) (SBAR (IN that) (S (NP (NNS Boards)) (VP (VBP are) (RB n't) (VP (VBG delivering) (PP (IN on) (NP (PRP$ their) (NN core) (NN mission))))))))) (: :) (S (VP (VBG providing) (NP (NP (JJ strong) (NN oversight) (CC and) (JJ strategic) (NN support)) (PP (IN for) (NP (NP (NN management) (POS 's)) (NNS efforts) (S (VP (TO to) (VP (VB create) (NP (JJ long) (NN term) (NN value))))))))))))))))) (. .))) </parse>
        <dependencies type="basic-dependencies">
          <dep type="root">
            <governor idx="0">ROOT</governor>
            <dependent idx="4">article</dependent>
          </dep>
          <dep type="det">
            <governor idx="4">article</governor>
            <dependent idx="1">The</dependent>
          </dep>
          <dep type="compound">
            <governor idx="4">article</governor>
            <dependent idx="2">Jan-Feb</dependent>
          </dep>
          <dep type="nummod">
            <governor idx="4">article</governor>
            <dependent idx="3">2015</dependent>
          </dep>
          <dep type="punct">
            <governor idx="4">article</governor>
            <dependent idx="5">`</dependent>
          </dep>
          <dep type="advmod">
            <governor idx="13">article</governor>
            <dependent idx="6">Where</dependent>
          </dep>
          <dep type="dep">
            <governor idx="6">Where</governor>
            <dependent idx="7">Boards</dependent>
          </dep>
          <dep type="dep">
            <governor idx="7">Boards</governor>
            <dependent idx="8">Fall</dependent>
          </dep>
          <dep type="nsubj">
            <governor idx="13">article</governor>
            <dependent idx="9">Short</dependent>
          </dep>
          <dep type="case">
            <governor idx="9">Short</governor>
            <dependent idx="10">'</dependent>
          </dep>
          <dep type="cop">
            <governor idx="13">article</governor>
            <dependent idx="11">was</dependent>
          </dep>
          <dep type="det">
            <governor idx="13">article</governor>
            <dependent idx="12">an</dependent>
          </dep>
          <dep type="acl:relcl">
            <governor idx="4">article</governor>
            <dependent idx="13">article</dependent>
          </dep>
          <dep type="dep">
            <governor idx="13">article</governor>
            <dependent idx="14">highlighting</dependent>
          </dep>
          <dep type="mark">
            <governor idx="19">delivering</governor>
            <dependent idx="15">that</dependent>
          </dep>
          <dep type="nsubj">
            <governor idx="19">delivering</governor>
            <dependent idx="16">Boards</dependent>
          </dep>
          <dep type="aux">
            <governor idx="19">delivering</governor>
            <dependent idx="17">are</dependent>
          </dep>
          <dep type="neg">
            <governor idx="19">delivering</governor>
            <dependent idx="18">n't</dependent>
          </dep>
          <dep type="ccomp">
            <governor idx="14">highlighting</governor>
            <dependent idx="19">delivering</dependent>
          </dep>
          <dep type="case">
            <governor idx="23">mission</governor>
            <dependent idx="20">on</dependent>
          </dep>
          <dep type="nmod:poss">
            <governor idx="23">mission</governor>
            <dependent idx="21">their</dependent>
          </dep>
          <dep type="compound">
            <governor idx="23">mission</governor>
            <dependent idx="22">core</dependent>
          </dep>
          <dep type="nmod">
            <governor idx="19">delivering</governor>
            <dependent idx="23">mission</dependent>
          </dep>
          <dep type="punct">
            <governor idx="14">highlighting</governor>
            <dependent idx="24">:</dependent>
          </dep>
          <dep type="parataxis">
            <governor idx="14">highlighting</governor>
            <dependent idx="25">providing</dependent>
          </dep>
          <dep type="amod">
            <governor idx="27">oversight</governor>
            <dependent idx="26">strong</dependent>
          </dep>
          <dep type="dobj">
            <governor idx="25">providing</governor>
            <dependent idx="27">oversight</dependent>
          </dep>
          <dep type="cc">
            <governor idx="27">oversight</governor>
            <dependent idx="28">and</dependent>
          </dep>
          <dep type="amod">
            <governor idx="30">support</governor>
            <dependent idx="29">strategic</dependent>
          </dep>
          <dep type="conj">
            <governor idx="27">oversight</governor>
            <dependent idx="30">support</dependent>
          </dep>
          <dep type="case">
            <governor idx="34">efforts</governor>
            <dependent idx="31">for</dependent>
          </dep>
          <dep type="nmod:poss">
            <governor idx="34">efforts</governor>
            <dependent idx="32">management</dependent>
          </dep>
          <dep type="case">
            <governor idx="32">management</governor>
            <dependent idx="33">'s</dependent>
          </dep>
          <dep type="nmod">
            <governor idx="27">oversight</governor>
            <dependent idx="34">efforts</dependent>
          </dep>
          <dep type="mark">
            <governor idx="36">create</governor>
            <dependent idx="35">to</dependent>
          </dep>
          <dep type="acl">
            <governor idx="34">efforts</governor>
            <dependent idx="36">create</dependent>
          </dep>
          <dep type="amod">
            <governor idx="39">value</governor>
            <dependent idx="37">long</dependent>
          </dep>
          <dep type="compound">
            <governor idx="39">value</governor>
            <dependent idx="38">term</dependent>
          </dep>
          <dep type="dobj">
            <governor idx="36">create</governor>
            <dependent idx="39">value</dependent>
          </dep>
          <dep type="punct">
            <governor idx="4">article</governor>
            <dependent idx="40">.</dependent>
          </dep>
        </dependencies>
        <dependencies type="collapsed-dependencies">
          <dep type="root">
            <governor idx="0">ROOT</governor>
            <dependent idx="4">article</dependent>
          </dep>
          <dep type="det">
            <governor idx="4">article</governor>
            <dependent idx="1">The</dependent>
          </dep>
          <dep type="compound">
            <governor idx="4">article</governor>
            <dependent idx="2">Jan-Feb</dependent>
          </dep>
          <dep type="nummod">
            <governor idx="4">article</governor>
            <dependent idx="3">2015</dependent>
          </dep>
          <dep type="punct">
            <governor idx="4">article</governor>
            <dependent idx="5">`</dependent>
          </dep>
          <dep type="advmod">
            <governor idx="13">article</governor>
            <dependent idx="6">Where</dependent>
          </dep>
          <dep type="dep">
            <governor idx="6">Where</governor>
            <dependent idx="7">Boards</dependent>
          </dep>
          <dep type="dep">
            <governor idx="7">Boards</governor>
            <dependent idx="8">Fall</dependent>
          </dep>
          <dep type="nsubj">
            <governor idx="13">article</governor>
            <dependent idx="9">Short</dependent>
          </dep>
          <dep type="case">
            <governor idx="9">Short</governor>
            <dependent idx="10">'</dependent>
          </dep>
          <dep type="cop">
            <governor idx="13">article</governor>
            <dependent idx="11">was</dependent>
          </dep>
          <dep type="det">
            <governor idx="13">article</governor>
            <dependent idx="12">an</dependent>
          </dep>
          <dep type="acl:relcl">
            <governor idx="4">article</governor>
            <dependent idx="13">article</dependent>
          </dep>
          <dep type="dep">
            <governor idx="13">article</governor>
            <dependent idx="14">highlighting</dependent>
          </dep>
          <dep type="mark">
            <governor idx="19">delivering</governor>
            <dependent idx="15">that</dependent>
          </dep>
          <dep type="nsubj">
            <governor idx="19">delivering</governor>
            <dependent idx="16">Boards</dependent>
          </dep>
          <dep type="aux">
            <governor idx="19">delivering</governor>
            <dependent idx="17">are</dependent>
          </dep>
          <dep type="neg">
            <governor idx="19">delivering</governor>
            <dependent idx="18">n't</dependent>
          </dep>
          <dep type="ccomp">
            <governor idx="14">highlighting</governor>
            <dependent idx="19">delivering</dependent>
          </dep>
          <dep type="case">
            <governor idx="23">mission</governor>
            <dependent idx="20">on</dependent>
          </dep>
          <dep type="nmod:poss">
            <governor idx="23">mission</governor>
            <dependent idx="21">their</dependent>
          </dep>
          <dep type="compound">
            <governor idx="23">mission</governor>
            <dependent idx="22">core</dependent>
          </dep>
          <dep type="nmod:on">
            <governor idx="19">delivering</governor>
            <dependent idx="23">mission</dependent>
          </dep>
          <dep type="punct">
            <governor idx="14">highlighting</governor>
            <dependent idx="24">:</dependent>
          </dep>
          <dep type="parataxis">
            <governor idx="14">highlighting</governor>
            <dependent idx="25">providing</dependent>
          </dep>
          <dep type="amod">
            <governor idx="27">oversight</governor>
            <dependent idx="26">strong</dependent>
          </dep>
          <dep type="dobj">
            <governor idx="25">providing</governor>
            <dependent idx="27">oversight</dependent>
          </dep>
          <dep type="cc">
            <governor idx="27">oversight</governor>
            <dependent idx="28">and</dependent>
          </dep>
          <dep type="amod">
            <governor idx="30">support</governor>
            <dependent idx="29">strategic</dependent>
          </dep>
          <dep type="conj:and">
            <governor idx="27">oversight</governor>
            <dependent idx="30">support</dependent>
          </dep>
          <dep type="case">
            <governor idx="34">efforts</governor>
            <dependent idx="31">for</dependent>
          </dep>
          <dep type="nmod:poss">
            <governor idx="34">efforts</governor>
            <dependent idx="32">management</dependent>
          </dep>
          <dep type="case">
            <governor idx="32">management</governor>
            <dependent idx="33">'s</dependent>
          </dep>
          <dep type="nmod:for">
            <governor idx="27">oversight</governor>
            <dependent idx="34">efforts</dependent>
          </dep>
          <dep type="mark">
            <governor idx="36">create</governor>
            <dependent idx="35">to</dependent>
          </dep>
          <dep type="acl">
            <governor idx="34">efforts</governor>
            <dependent idx="36">create</dependent>
          </dep>
          <dep type="amod">
            <governor idx="39">value</governor>
            <dependent idx="37">long</dependent>
          </dep>
          <dep type="compound">
            <governor idx="39">value</governor>
            <dependent idx="38">term</dependent>
          </dep>
          <dep type="dobj">
            <governor idx="36">create</governor>
            <dependent idx="39">value</dependent>
          </dep>
          <dep type="punct">
            <governor idx="4">article</governor>
            <dependent idx="40">.</dependent>
          </dep>
        </dependencies>
        <dependencies type="collapsed-ccprocessed-dependencies">
          <dep type="root">
            <governor idx="0">ROOT</governor>
            <dependent idx="4">article</dependent>
          </dep>
          <dep type="det">
            <governor idx="4">article</governor>
            <dependent idx="1">The</dependent>
          </dep>
          <dep type="compound">
            <governor idx="4">article</governor>
            <dependent idx="2">Jan-Feb</dependent>
          </dep>
          <dep type="nummod">
            <governor idx="4">article</governor>
            <dependent idx="3">2015</dependent>
          </dep>
          <dep type="punct">
            <governor idx="4">article</governor>
            <dependent idx="5">`</dependent>
          </dep>
          <dep type="advmod">
            <governor idx="13">article</governor>
            <dependent idx="6">Where</dependent>
          </dep>
          <dep type="dep">
            <governor idx="6">Where</governor>
            <dependent idx="7">Boards</dependent>
          </dep>
          <dep type="dep">
            <governor idx="7">Boards</governor>
            <dependent idx="8">Fall</dependent>
          </dep>
          <dep type="nsubj">
            <governor idx="13">article</governor>
            <dependent idx="9">Short</dependent>
          </dep>
          <dep type="case">
            <governor idx="9">Short</governor>
            <dependent idx="10">'</dependent>
          </dep>
          <dep type="cop">
            <governor idx="13">article</governor>
            <dependent idx="11">was</dependent>
          </dep>
          <dep type="det">
            <governor idx="13">article</governor>
            <dependent idx="12">an</dependent>
          </dep>
          <dep type="acl:relcl">
            <governor idx="4">article</governor>
            <dependent idx="13">article</dependent>
          </dep>
          <dep type="dep">
            <governor idx="13">article</governor>
            <dependent idx="14">highlighting</dependent>
          </dep>
          <dep type="mark">
            <governor idx="19">delivering</governor>
            <dependent idx="15">that</dependent>
          </dep>
          <dep type="nsubj">
            <governor idx="19">delivering</governor>
            <dependent idx="16">Boards</dependent>
          </dep>
          <dep type="aux">
            <governor idx="19">delivering</governor>
            <dependent idx="17">are</dependent>
          </dep>
          <dep type="neg">
            <governor idx="19">delivering</governor>
            <dependent idx="18">n't</dependent>
          </dep>
          <dep type="ccomp">
            <governor idx="14">highlighting</governor>
            <dependent idx="19">delivering</dependent>
          </dep>
          <dep type="case">
            <governor idx="23">mission</governor>
            <dependent idx="20">on</dependent>
          </dep>
          <dep type="nmod:poss">
            <governor idx="23">mission</governor>
            <dependent idx="21">their</dependent>
          </dep>
          <dep type="compound">
            <governor idx="23">mission</governor>
            <dependent idx="22">core</dependent>
          </dep>
          <dep type="nmod:on">
            <governor idx="19">delivering</governor>
            <dependent idx="23">mission</dependent>
          </dep>
          <dep type="punct">
            <governor idx="14">highlighting</governor>
            <dependent idx="24">:</dependent>
          </dep>
          <dep type="parataxis">
            <governor idx="14">highlighting</governor>
            <dependent idx="25">providing</dependent>
          </dep>
          <dep type="amod">
            <governor idx="27">oversight</governor>
            <dependent idx="26">strong</dependent>
          </dep>
          <dep type="dobj">
            <governor idx="25">providing</governor>
            <dependent idx="27">oversight</dependent>
          </dep>
          <dep type="cc">
            <governor idx="27">oversight</governor>
            <dependent idx="28">and</dependent>
          </dep>
          <dep type="amod">
            <governor idx="30">support</governor>
            <dependent idx="29">strategic</dependent>
          </dep>
          <dep type="dobj" extra="true">
            <governor idx="25">providing</governor>
            <dependent idx="30">support</dependent>
          </dep>
          <dep type="conj:and">
            <governor idx="27">oversight</governor>
            <dependent idx="30">support</dependent>
          </dep>
          <dep type="case">
            <governor idx="34">efforts</governor>
            <dependent idx="31">for</dependent>
          </dep>
          <dep type="nmod:poss">
            <governor idx="34">efforts</governor>
            <dependent idx="32">management</dependent>
          </dep>
          <dep type="case">
            <governor idx="32">management</governor>
            <dependent idx="33">'s</dependent>
          </dep>
          <dep type="nmod:for">
            <governor idx="27">oversight</governor>
            <dependent idx="34">efforts</dependent>
          </dep>
          <dep type="mark">
            <governor idx="36">create</governor>
            <dependent idx="35">to</dependent>
          </dep>
          <dep type="acl">
            <governor idx="34">efforts</governor>
            <dependent idx="36">create</dependent>
          </dep>
          <dep type="amod">
            <governor idx="39">value</governor>
            <dependent idx="37">long</dependent>
          </dep>
          <dep type="compound">
            <governor idx="39">value</governor>
            <dependent idx="38">term</dependent>
          </dep>
          <dep type="dobj">
            <governor idx="36">create</governor>
            <dependent idx="39">value</dependent>
          </dep>
          <dep type="punct">
            <governor idx="4">article</governor>
            <dependent idx="40">.</dependent>
          </dep>
        </dependencies>
      </sentence>
      <sentence id="142">
        <tokens>
          <token id="1">
            <word>This</word>
            <lemma>this</lemma>
            <CharacterOffsetBegin>15428</CharacterOffsetBegin>
            <CharacterOffsetEnd>15432</CharacterOffsetEnd>
            <POS>DT</POS>
            <NER>O</NER>
            <Speaker>PER0</Speaker>
          </token>
          <token id="2">
            <word>article</word>
            <lemma>article</lemma>
            <CharacterOffsetBegin>15433</CharacterOffsetBegin>
            <CharacterOffsetEnd>15440</CharacterOffsetEnd>
            <POS>NN</POS>
            <NER>O</NER>
            <Speaker>PER0</Speaker>
          </token>
          <token id="3">
            <word>identifies</word>
            <lemma>identify</lemma>
            <CharacterOffsetBegin>15441</CharacterOffsetBegin>
            <CharacterOffsetEnd>15451</CharacterOffsetEnd>
            <POS>VBZ</POS>
            <NER>O</NER>
            <Speaker>PER0</Speaker>
          </token>
          <token id="4">
            <word>that</word>
            <lemma>that</lemma>
            <CharacterOffsetBegin>15452</CharacterOffsetBegin>
            <CharacterOffsetEnd>15456</CharacterOffsetEnd>
            <POS>IN</POS>
            <NER>O</NER>
            <Speaker>PER0</Speaker>
          </token>
          <token id="5">
            <word>there</word>
            <lemma>there</lemma>
            <CharacterOffsetBegin>15457</CharacterOffsetBegin>
            <CharacterOffsetEnd>15462</CharacterOffsetEnd>
            <POS>EX</POS>
            <NER>O</NER>
            <Speaker>PER0</Speaker>
          </token>
          <token id="6">
            <word>is</word>
            <lemma>be</lemma>
            <CharacterOffsetBegin>15463</CharacterOffsetBegin>
            <CharacterOffsetEnd>15465</CharacterOffsetEnd>
            <POS>VBZ</POS>
            <NER>O</NER>
            <Speaker>PER0</Speaker>
          </token>
          <token id="7">
            <word>a</word>
            <lemma>a</lemma>
            <CharacterOffsetBegin>15466</CharacterOffsetBegin>
            <CharacterOffsetEnd>15467</CharacterOffsetEnd>
            <POS>DT</POS>
            <NER>O</NER>
            <Speaker>PER0</Speaker>
          </token>
          <token id="8">
            <word>problem</word>
            <lemma>problem</lemma>
            <CharacterOffsetBegin>15468</CharacterOffsetBegin>
            <CharacterOffsetEnd>15475</CharacterOffsetEnd>
            <POS>NN</POS>
            <NER>O</NER>
            <Speaker>PER0</Speaker>
          </token>
          <token id="9">
            <word>`</word>
            <lemma>`</lemma>
            <CharacterOffsetBegin>15476</CharacterOffsetBegin>
            <CharacterOffsetEnd>15477</CharacterOffsetEnd>
            <POS>``</POS>
            <NER>O</NER>
            <Speaker>PER0</Speaker>
          </token>
          <token id="10">
            <word>focus</word>
            <lemma>focus</lemma>
            <CharacterOffsetBegin>15477</CharacterOffsetBegin>
            <CharacterOffsetEnd>15482</CharacterOffsetEnd>
            <POS>VB</POS>
            <NER>O</NER>
            <Speaker>PER0</Speaker>
          </token>
          <token id="11">
            <word>too</word>
            <lemma>too</lemma>
            <CharacterOffsetBegin>15483</CharacterOffsetBegin>
            <CharacterOffsetEnd>15486</CharacterOffsetEnd>
            <POS>RB</POS>
            <NER>O</NER>
            <Speaker>PER0</Speaker>
          </token>
          <token id="12">
            <word>much</word>
            <lemma>much</lemma>
            <CharacterOffsetBegin>15487</CharacterOffsetBegin>
            <CharacterOffsetEnd>15491</CharacterOffsetEnd>
            <POS>JJ</POS>
            <NER>O</NER>
            <Speaker>PER0</Speaker>
          </token>
          <token id="13">
            <word>on</word>
            <lemma>on</lemma>
            <CharacterOffsetBegin>15492</CharacterOffsetBegin>
            <CharacterOffsetEnd>15494</CharacterOffsetEnd>
            <POS>IN</POS>
            <NER>O</NER>
            <Speaker>PER0</Speaker>
          </token>
          <token id="14">
            <word>maximizing</word>
            <lemma>maximize</lemma>
            <CharacterOffsetBegin>15495</CharacterOffsetBegin>
            <CharacterOffsetEnd>15505</CharacterOffsetEnd>
            <POS>VBG</POS>
            <NER>O</NER>
            <Speaker>PER0</Speaker>
          </token>
          <token id="15">
            <word>short</word>
            <lemma>short</lemma>
            <CharacterOffsetBegin>15506</CharacterOffsetBegin>
            <CharacterOffsetEnd>15511</CharacterOffsetEnd>
            <POS>JJ</POS>
            <NER>O</NER>
            <Speaker>PER0</Speaker>
          </token>
          <token id="16">
            <word>term</word>
            <lemma>term</lemma>
            <CharacterOffsetBegin>15512</CharacterOffsetBegin>
            <CharacterOffsetEnd>15516</CharacterOffsetEnd>
            <POS>NN</POS>
            <NER>O</NER>
            <Speaker>PER0</Speaker>
          </token>
          <token id="17">
            <word>results</word>
            <lemma>result</lemma>
            <CharacterOffsetBegin>15517</CharacterOffsetBegin>
            <CharacterOffsetEnd>15524</CharacterOffsetEnd>
            <POS>NNS</POS>
            <NER>O</NER>
            <Speaker>PER0</Speaker>
          </token>
          <token id="18">
            <word>'</word>
            <lemma>'</lemma>
            <CharacterOffsetBegin>15524</CharacterOffsetBegin>
            <CharacterOffsetEnd>15525</CharacterOffsetEnd>
            <POS>POS</POS>
            <NER>O</NER>
            <Speaker>PER0</Speaker>
          </token>
          <token id="19">
            <word>.</word>
            <lemma>.</lemma>
            <CharacterOffsetBegin>15525</CharacterOffsetBegin>
            <CharacterOffsetEnd>15526</CharacterOffsetEnd>
            <POS>.</POS>
            <NER>O</NER>
            <Speaker>PER0</Speaker>
          </token>
        </tokens>
        <parse>(ROOT (S (NP (DT This) (NN article)) (VP (VBZ identifies) (SBAR (IN that) (S (NP (EX there)) (VP (VBZ is) (NP (DT a) (NN problem) (S (`` `) (VP (VB focus) (ADJP (RB too) (JJ much) (PP (IN on) (S (VP (VBG maximizing) (NP (JJ short) (NP (NP (NN term)) (NP (NNS results) (POS '))))))))))))))) (. .))) </parse>
        <dependencies type="basic-dependencies">
          <dep type="root">
            <governor idx="0">ROOT</governor>
            <dependent idx="3">identifies</dependent>
          </dep>
          <dep type="det">
            <governor idx="2">article</governor>
            <dependent idx="1">This</dependent>
          </dep>
          <dep type="nsubj">
            <governor idx="3">identifies</governor>
            <dependent idx="2">article</dependent>
          </dep>
          <dep type="mark">
            <governor idx="6">is</governor>
            <dependent idx="4">that</dependent>
          </dep>
          <dep type="expl">
            <governor idx="6">is</governor>
            <dependent idx="5">there</dependent>
          </dep>
          <dep type="ccomp">
            <governor idx="3">identifies</governor>
            <dependent idx="6">is</dependent>
          </dep>
          <dep type="det">
            <governor idx="8">problem</governor>
            <dependent idx="7">a</dependent>
          </dep>
          <dep type="nsubj">
            <governor idx="6">is</governor>
            <dependent idx="8">problem</dependent>
          </dep>
          <dep type="punct">
            <governor idx="10">focus</governor>
            <dependent idx="9">`</dependent>
          </dep>
          <dep type="dep">
            <governor idx="8">problem</governor>
            <dependent idx="10">focus</dependent>
          </dep>
          <dep type="advmod">
            <governor idx="12">much</governor>
            <dependent idx="11">too</dependent>
          </dep>
          <dep type="xcomp">
            <governor idx="10">focus</governor>
            <dependent idx="12">much</dependent>
          </dep>
          <dep type="mark">
            <governor idx="14">maximizing</governor>
            <dependent idx="13">on</dependent>
          </dep>
          <dep type="advcl">
            <governor idx="12">much</governor>
            <dependent idx="14">maximizing</dependent>
          </dep>
          <dep type="amod">
            <governor idx="16">term</governor>
            <dependent idx="15">short</dependent>
          </dep>
          <dep type="dobj">
            <governor idx="14">maximizing</governor>
            <dependent idx="16">term</dependent>
          </dep>
          <dep type="nmod:poss">
            <governor idx="16">term</governor>
            <dependent idx="17">results</dependent>
          </dep>
          <dep type="case">
            <governor idx="17">results</governor>
            <dependent idx="18">'</dependent>
          </dep>
          <dep type="punct">
            <governor idx="3">identifies</governor>
            <dependent idx="19">.</dependent>
          </dep>
        </dependencies>
        <dependencies type="collapsed-dependencies">
          <dep type="root">
            <governor idx="0">ROOT</governor>
            <dependent idx="3">identifies</dependent>
          </dep>
          <dep type="det">
            <governor idx="2">article</governor>
            <dependent idx="1">This</dependent>
          </dep>
          <dep type="nsubj">
            <governor idx="3">identifies</governor>
            <dependent idx="2">article</dependent>
          </dep>
          <dep type="mark">
            <governor idx="6">is</governor>
            <dependent idx="4">that</dependent>
          </dep>
          <dep type="expl">
            <governor idx="6">is</governor>
            <dependent idx="5">there</dependent>
          </dep>
          <dep type="ccomp">
            <governor idx="3">identifies</governor>
            <dependent idx="6">is</dependent>
          </dep>
          <dep type="det">
            <governor idx="8">problem</governor>
            <dependent idx="7">a</dependent>
          </dep>
          <dep type="nsubj">
            <governor idx="6">is</governor>
            <dependent idx="8">problem</dependent>
          </dep>
          <dep type="punct">
            <governor idx="10">focus</governor>
            <dependent idx="9">`</dependent>
          </dep>
          <dep type="dep">
            <governor idx="8">problem</governor>
            <dependent idx="10">focus</dependent>
          </dep>
          <dep type="advmod">
            <governor idx="12">much</governor>
            <dependent idx="11">too</dependent>
          </dep>
          <dep type="xcomp">
            <governor idx="10">focus</governor>
            <dependent idx="12">much</dependent>
          </dep>
          <dep type="mark">
            <governor idx="14">maximizing</governor>
            <dependent idx="13">on</dependent>
          </dep>
          <dep type="advcl">
            <governor idx="12">much</governor>
            <dependent idx="14">maximizing</dependent>
          </dep>
          <dep type="amod">
            <governor idx="16">term</governor>
            <dependent idx="15">short</dependent>
          </dep>
          <dep type="dobj">
            <governor idx="14">maximizing</governor>
            <dependent idx="16">term</dependent>
          </dep>
          <dep type="nmod:poss">
            <governor idx="16">term</governor>
            <dependent idx="17">results</dependent>
          </dep>
          <dep type="case">
            <governor idx="17">results</governor>
            <dependent idx="18">'</dependent>
          </dep>
          <dep type="punct">
            <governor idx="3">identifies</governor>
            <dependent idx="19">.</dependent>
          </dep>
        </dependencies>
        <dependencies type="collapsed-ccprocessed-dependencies">
          <dep type="root">
            <governor idx="0">ROOT</governor>
            <dependent idx="3">identifies</dependent>
          </dep>
          <dep type="det">
            <governor idx="2">article</governor>
            <dependent idx="1">This</dependent>
          </dep>
          <dep type="nsubj">
            <governor idx="3">identifies</governor>
            <dependent idx="2">article</dependent>
          </dep>
          <dep type="mark">
            <governor idx="6">is</governor>
            <dependent idx="4">that</dependent>
          </dep>
          <dep type="expl">
            <governor idx="6">is</governor>
            <dependent idx="5">there</dependent>
          </dep>
          <dep type="ccomp">
            <governor idx="3">identifies</governor>
            <dependent idx="6">is</dependent>
          </dep>
          <dep type="det">
            <governor idx="8">problem</governor>
            <dependent idx="7">a</dependent>
          </dep>
          <dep type="nsubj">
            <governor idx="6">is</governor>
            <dependent idx="8">problem</dependent>
          </dep>
          <dep type="punct">
            <governor idx="10">focus</governor>
            <dependent idx="9">`</dependent>
          </dep>
          <dep type="dep">
            <governor idx="8">problem</governor>
            <dependent idx="10">focus</dependent>
          </dep>
          <dep type="advmod">
            <governor idx="12">much</governor>
            <dependent idx="11">too</dependent>
          </dep>
          <dep type="xcomp">
            <governor idx="10">focus</governor>
            <dependent idx="12">much</dependent>
          </dep>
          <dep type="mark">
            <governor idx="14">maximizing</governor>
            <dependent idx="13">on</dependent>
          </dep>
          <dep type="advcl">
            <governor idx="12">much</governor>
            <dependent idx="14">maximizing</dependent>
          </dep>
          <dep type="amod">
            <governor idx="16">term</governor>
            <dependent idx="15">short</dependent>
          </dep>
          <dep type="dobj">
            <governor idx="14">maximizing</governor>
            <dependent idx="16">term</dependent>
          </dep>
          <dep type="nmod:poss">
            <governor idx="16">term</governor>
            <dependent idx="17">results</dependent>
          </dep>
          <dep type="case">
            <governor idx="17">results</governor>
            <dependent idx="18">'</dependent>
          </dep>
          <dep type="punct">
            <governor idx="3">identifies</governor>
            <dependent idx="19">.</dependent>
          </dep>
        </dependencies>
      </sentence>
      <sentence id="143">
        <tokens>
          <token id="1">
            <word>This</word>
            <lemma>this</lemma>
            <CharacterOffsetBegin>15527</CharacterOffsetBegin>
            <CharacterOffsetEnd>15531</CharacterOffsetEnd>
            <POS>DT</POS>
            <NER>O</NER>
            <Speaker>PER0</Speaker>
          </token>
          <token id="2">
            <word>was</word>
            <lemma>be</lemma>
            <CharacterOffsetBegin>15532</CharacterOffsetBegin>
            <CharacterOffsetEnd>15535</CharacterOffsetEnd>
            <POS>VBD</POS>
            <NER>O</NER>
            <Speaker>PER0</Speaker>
          </token>
          <token id="3">
            <word>such</word>
            <lemma>such</lemma>
            <CharacterOffsetBegin>15536</CharacterOffsetBegin>
            <CharacterOffsetEnd>15540</CharacterOffsetEnd>
            <POS>JJ</POS>
            <NER>O</NER>
            <Speaker>PER0</Speaker>
          </token>
          <token id="4">
            <word>a</word>
            <lemma>a</lemma>
            <CharacterOffsetBegin>15541</CharacterOffsetBegin>
            <CharacterOffsetEnd>15542</CharacterOffsetEnd>
            <POS>DT</POS>
            <NER>O</NER>
            <Speaker>PER0</Speaker>
          </token>
          <token id="5">
            <word>refreshing</word>
            <lemma>refreshing</lemma>
            <CharacterOffsetBegin>15543</CharacterOffsetBegin>
            <CharacterOffsetEnd>15553</CharacterOffsetEnd>
            <POS>JJ</POS>
            <NER>O</NER>
            <Speaker>PER0</Speaker>
          </token>
          <token id="6">
            <word>article</word>
            <lemma>article</lemma>
            <CharacterOffsetBegin>15554</CharacterOffsetBegin>
            <CharacterOffsetEnd>15561</CharacterOffsetEnd>
            <POS>NN</POS>
            <NER>O</NER>
            <Speaker>PER0</Speaker>
          </token>
          <token id="7">
            <word>to</word>
            <lemma>to</lemma>
            <CharacterOffsetBegin>15562</CharacterOffsetBegin>
            <CharacterOffsetEnd>15564</CharacterOffsetEnd>
            <POS>TO</POS>
            <NER>O</NER>
            <Speaker>PER0</Speaker>
          </token>
          <token id="8">
            <word>read</word>
            <lemma>read</lemma>
            <CharacterOffsetBegin>15565</CharacterOffsetBegin>
            <CharacterOffsetEnd>15569</CharacterOffsetEnd>
            <POS>VB</POS>
            <NER>O</NER>
            <Speaker>PER0</Speaker>
          </token>
          <token id="9">
            <word>,</word>
            <lemma>,</lemma>
            <CharacterOffsetBegin>15569</CharacterOffsetBegin>
            <CharacterOffsetEnd>15570</CharacterOffsetEnd>
            <POS>,</POS>
            <NER>O</NER>
            <Speaker>PER0</Speaker>
          </token>
          <token id="10">
            <word>because</word>
            <lemma>because</lemma>
            <CharacterOffsetBegin>15571</CharacterOffsetBegin>
            <CharacterOffsetEnd>15578</CharacterOffsetEnd>
            <POS>IN</POS>
            <NER>O</NER>
            <Speaker>PER0</Speaker>
          </token>
          <token id="11">
            <word>to</word>
            <lemma>to</lemma>
            <CharacterOffsetBegin>15579</CharacterOffsetBegin>
            <CharacterOffsetEnd>15581</CharacterOffsetEnd>
            <POS>TO</POS>
            <NER>O</NER>
            <Speaker>PER0</Speaker>
          </token>
          <token id="12">
            <word>be</word>
            <lemma>be</lemma>
            <CharacterOffsetBegin>15582</CharacterOffsetBegin>
            <CharacterOffsetEnd>15584</CharacterOffsetEnd>
            <POS>VB</POS>
            <NER>O</NER>
            <Speaker>PER0</Speaker>
          </token>
          <token id="13">
            <word>honest</word>
            <lemma>honest</lemma>
            <CharacterOffsetBegin>15585</CharacterOffsetBegin>
            <CharacterOffsetEnd>15591</CharacterOffsetEnd>
            <POS>JJ</POS>
            <NER>O</NER>
            <Speaker>PER0</Speaker>
          </token>
          <token id="14">
            <word>I</word>
            <lemma>I</lemma>
            <CharacterOffsetBegin>15592</CharacterOffsetBegin>
            <CharacterOffsetEnd>15593</CharacterOffsetEnd>
            <POS>PRP</POS>
            <NER>O</NER>
            <Speaker>PER0</Speaker>
          </token>
          <token id="15">
            <word>was</word>
            <lemma>be</lemma>
            <CharacterOffsetBegin>15594</CharacterOffsetBegin>
            <CharacterOffsetEnd>15597</CharacterOffsetEnd>
            <POS>VBD</POS>
            <NER>O</NER>
            <Speaker>PER0</Speaker>
          </token>
          <token id="16">
            <word>a</word>
            <lemma>a</lemma>
            <CharacterOffsetBegin>15598</CharacterOffsetBegin>
            <CharacterOffsetEnd>15599</CharacterOffsetEnd>
            <POS>DT</POS>
            <NER>O</NER>
            <Speaker>PER0</Speaker>
          </token>
          <token id="17">
            <word>little</word>
            <lemma>little</lemma>
            <CharacterOffsetBegin>15600</CharacterOffsetBegin>
            <CharacterOffsetEnd>15606</CharacterOffsetEnd>
            <POS>JJ</POS>
            <NER>O</NER>
            <Speaker>PER0</Speaker>
          </token>
          <token id="18">
            <word>cynical</word>
            <lemma>cynical</lemma>
            <CharacterOffsetBegin>15607</CharacterOffsetBegin>
            <CharacterOffsetEnd>15614</CharacterOffsetEnd>
            <POS>JJ</POS>
            <NER>O</NER>
            <Speaker>PER0</Speaker>
          </token>
          <token id="19">
            <word>that</word>
            <lemma>that</lemma>
            <CharacterOffsetBegin>15615</CharacterOffsetBegin>
            <CharacterOffsetEnd>15619</CharacterOffsetEnd>
            <POS>IN</POS>
            <NER>O</NER>
            <Speaker>PER0</Speaker>
          </token>
          <token id="20">
            <word>these</word>
            <lemma>these</lemma>
            <CharacterOffsetBegin>15620</CharacterOffsetBegin>
            <CharacterOffsetEnd>15625</CharacterOffsetEnd>
            <POS>DT</POS>
            <NER>O</NER>
            <Speaker>PER0</Speaker>
          </token>
          <token id="21">
            <word>types</word>
            <lemma>type</lemma>
            <CharacterOffsetBegin>15626</CharacterOffsetBegin>
            <CharacterOffsetEnd>15631</CharacterOffsetEnd>
            <POS>NNS</POS>
            <NER>O</NER>
            <Speaker>PER0</Speaker>
          </token>
          <token id="22">
            <word>of</word>
            <lemma>of</lemma>
            <CharacterOffsetBegin>15632</CharacterOffsetBegin>
            <CharacterOffsetEnd>15634</CharacterOffsetEnd>
            <POS>IN</POS>
            <NER>O</NER>
            <Speaker>PER0</Speaker>
          </token>
          <token id="23">
            <word>organisations</word>
            <lemma>organisation</lemma>
            <CharacterOffsetBegin>15635</CharacterOffsetBegin>
            <CharacterOffsetEnd>15648</CharacterOffsetEnd>
            <POS>NNS</POS>
            <NER>O</NER>
            <Speaker>PER0</Speaker>
          </token>
          <token id="24">
            <word>did</word>
            <lemma>do</lemma>
            <CharacterOffsetBegin>15649</CharacterOffsetBegin>
            <CharacterOffsetEnd>15652</CharacterOffsetEnd>
            <POS>VBD</POS>
            <NER>O</NER>
            <Speaker>PER0</Speaker>
          </token>
          <token id="25">
            <word>exist</word>
            <lemma>exist</lemma>
            <CharacterOffsetBegin>15653</CharacterOffsetBegin>
            <CharacterOffsetEnd>15658</CharacterOffsetEnd>
            <POS>VB</POS>
            <NER>O</NER>
            <Speaker>PER0</Speaker>
          </token>
          <token id="26">
            <word>.</word>
            <lemma>.</lemma>
            <CharacterOffsetBegin>15658</CharacterOffsetBegin>
            <CharacterOffsetEnd>15659</CharacterOffsetEnd>
            <POS>.</POS>
            <NER>O</NER>
            <Speaker>PER0</Speaker>
          </token>
        </tokens>
        <parse>(ROOT (S (NP (DT This)) (VP (VBD was) (PP (JJ such) (NP (DT a) (JJ refreshing) (NN article) (S (VP (TO to) (VP (VB read)))))) (, ,) (SBAR (IN because) (S (VP (TO to) (VP (VB be) (ADJP (JJ honest) (SBAR (S (NP (PRP I)) (VP (VBD was) (ADJP (NP (DT a) (JJ little)) (JJ cynical)) (SBAR (IN that) (S (NP (NP (DT these) (NNS types)) (PP (IN of) (NP (NNS organisations)))) (VP (VBD did) (VP (VB exist)))))))))))))) (. .))) </parse>
        <dependencies type="basic-dependencies">
          <dep type="root">
            <governor idx="0">ROOT</governor>
            <dependent idx="6">article</dependent>
          </dep>
          <dep type="nsubj">
            <governor idx="6">article</governor>
            <dependent idx="1">This</dependent>
          </dep>
          <dep type="cop">
            <governor idx="6">article</governor>
            <dependent idx="2">was</dependent>
          </dep>
          <dep type="case">
            <governor idx="6">article</governor>
            <dependent idx="3">such</dependent>
          </dep>
          <dep type="det">
            <governor idx="6">article</governor>
            <dependent idx="4">a</dependent>
          </dep>
          <dep type="amod">
            <governor idx="6">article</governor>
            <dependent idx="5">refreshing</dependent>
          </dep>
          <dep type="mark">
            <governor idx="8">read</governor>
            <dependent idx="7">to</dependent>
          </dep>
          <dep type="acl">
            <governor idx="6">article</governor>
            <dependent idx="8">read</dependent>
          </dep>
          <dep type="punct">
            <governor idx="6">article</governor>
            <dependent idx="9">,</dependent>
          </dep>
          <dep type="mark">
            <governor idx="13">honest</governor>
            <dependent idx="10">because</dependent>
          </dep>
          <dep type="mark">
            <governor idx="13">honest</governor>
            <dependent idx="11">to</dependent>
          </dep>
          <dep type="cop">
            <governor idx="13">honest</governor>
            <dependent idx="12">be</dependent>
          </dep>
          <dep type="advcl">
            <governor idx="6">article</governor>
            <dependent idx="13">honest</dependent>
          </dep>
          <dep type="nsubj">
            <governor idx="18">cynical</governor>
            <dependent idx="14">I</dependent>
          </dep>
          <dep type="cop">
            <governor idx="18">cynical</governor>
            <dependent idx="15">was</dependent>
          </dep>
          <dep type="det">
            <governor idx="17">little</governor>
            <dependent idx="16">a</dependent>
          </dep>
          <dep type="nmod:npmod">
            <governor idx="18">cynical</governor>
            <dependent idx="17">little</dependent>
          </dep>
          <dep type="ccomp">
            <governor idx="13">honest</governor>
            <dependent idx="18">cynical</dependent>
          </dep>
          <dep type="mark">
            <governor idx="25">exist</governor>
            <dependent idx="19">that</dependent>
          </dep>
          <dep type="det">
            <governor idx="21">types</governor>
            <dependent idx="20">these</dependent>
          </dep>
          <dep type="nsubj">
            <governor idx="25">exist</governor>
            <dependent idx="21">types</dependent>
          </dep>
          <dep type="case">
            <governor idx="23">organisations</governor>
            <dependent idx="22">of</dependent>
          </dep>
          <dep type="nmod">
            <governor idx="21">types</governor>
            <dependent idx="23">organisations</dependent>
          </dep>
          <dep type="aux">
            <governor idx="25">exist</governor>
            <dependent idx="24">did</dependent>
          </dep>
          <dep type="ccomp">
            <governor idx="18">cynical</governor>
            <dependent idx="25">exist</dependent>
          </dep>
          <dep type="punct">
            <governor idx="6">article</governor>
            <dependent idx="26">.</dependent>
          </dep>
        </dependencies>
        <dependencies type="collapsed-dependencies">
          <dep type="root">
            <governor idx="0">ROOT</governor>
            <dependent idx="6">article</dependent>
          </dep>
          <dep type="nsubj">
            <governor idx="6">article</governor>
            <dependent idx="1">This</dependent>
          </dep>
          <dep type="cop">
            <governor idx="6">article</governor>
            <dependent idx="2">was</dependent>
          </dep>
          <dep type="case">
            <governor idx="6">article</governor>
            <dependent idx="3">such</dependent>
          </dep>
          <dep type="det">
            <governor idx="6">article</governor>
            <dependent idx="4">a</dependent>
          </dep>
          <dep type="amod">
            <governor idx="6">article</governor>
            <dependent idx="5">refreshing</dependent>
          </dep>
          <dep type="mark">
            <governor idx="8">read</governor>
            <dependent idx="7">to</dependent>
          </dep>
          <dep type="acl">
            <governor idx="6">article</governor>
            <dependent idx="8">read</dependent>
          </dep>
          <dep type="punct">
            <governor idx="6">article</governor>
            <dependent idx="9">,</dependent>
          </dep>
          <dep type="mark">
            <governor idx="13">honest</governor>
            <dependent idx="10">because</dependent>
          </dep>
          <dep type="mark">
            <governor idx="13">honest</governor>
            <dependent idx="11">to</dependent>
          </dep>
          <dep type="cop">
            <governor idx="13">honest</governor>
            <dependent idx="12">be</dependent>
          </dep>
          <dep type="advcl">
            <governor idx="6">article</governor>
            <dependent idx="13">honest</dependent>
          </dep>
          <dep type="nsubj">
            <governor idx="18">cynical</governor>
            <dependent idx="14">I</dependent>
          </dep>
          <dep type="cop">
            <governor idx="18">cynical</governor>
            <dependent idx="15">was</dependent>
          </dep>
          <dep type="det">
            <governor idx="17">little</governor>
            <dependent idx="16">a</dependent>
          </dep>
          <dep type="nmod:npmod">
            <governor idx="18">cynical</governor>
            <dependent idx="17">little</dependent>
          </dep>
          <dep type="ccomp">
            <governor idx="13">honest</governor>
            <dependent idx="18">cynical</dependent>
          </dep>
          <dep type="mark">
            <governor idx="25">exist</governor>
            <dependent idx="19">that</dependent>
          </dep>
          <dep type="det">
            <governor idx="21">types</governor>
            <dependent idx="20">these</dependent>
          </dep>
          <dep type="nsubj">
            <governor idx="25">exist</governor>
            <dependent idx="21">types</dependent>
          </dep>
          <dep type="case">
            <governor idx="23">organisations</governor>
            <dependent idx="22">of</dependent>
          </dep>
          <dep type="nmod:of">
            <governor idx="21">types</governor>
            <dependent idx="23">organisations</dependent>
          </dep>
          <dep type="aux">
            <governor idx="25">exist</governor>
            <dependent idx="24">did</dependent>
          </dep>
          <dep type="ccomp">
            <governor idx="18">cynical</governor>
            <dependent idx="25">exist</dependent>
          </dep>
          <dep type="punct">
            <governor idx="6">article</governor>
            <dependent idx="26">.</dependent>
          </dep>
        </dependencies>
        <dependencies type="collapsed-ccprocessed-dependencies">
          <dep type="root">
            <governor idx="0">ROOT</governor>
            <dependent idx="6">article</dependent>
          </dep>
          <dep type="nsubj">
            <governor idx="6">article</governor>
            <dependent idx="1">This</dependent>
          </dep>
          <dep type="cop">
            <governor idx="6">article</governor>
            <dependent idx="2">was</dependent>
          </dep>
          <dep type="case">
            <governor idx="6">article</governor>
            <dependent idx="3">such</dependent>
          </dep>
          <dep type="det">
            <governor idx="6">article</governor>
            <dependent idx="4">a</dependent>
          </dep>
          <dep type="amod">
            <governor idx="6">article</governor>
            <dependent idx="5">refreshing</dependent>
          </dep>
          <dep type="mark">
            <governor idx="8">read</governor>
            <dependent idx="7">to</dependent>
          </dep>
          <dep type="acl">
            <governor idx="6">article</governor>
            <dependent idx="8">read</dependent>
          </dep>
          <dep type="punct">
            <governor idx="6">article</governor>
            <dependent idx="9">,</dependent>
          </dep>
          <dep type="mark">
            <governor idx="13">honest</governor>
            <dependent idx="10">because</dependent>
          </dep>
          <dep type="mark">
            <governor idx="13">honest</governor>
            <dependent idx="11">to</dependent>
          </dep>
          <dep type="cop">
            <governor idx="13">honest</governor>
            <dependent idx="12">be</dependent>
          </dep>
          <dep type="advcl">
            <governor idx="6">article</governor>
            <dependent idx="13">honest</dependent>
          </dep>
          <dep type="nsubj">
            <governor idx="18">cynical</governor>
            <dependent idx="14">I</dependent>
          </dep>
          <dep type="cop">
            <governor idx="18">cynical</governor>
            <dependent idx="15">was</dependent>
          </dep>
          <dep type="det">
            <governor idx="17">little</governor>
            <dependent idx="16">a</dependent>
          </dep>
          <dep type="nmod:npmod">
            <governor idx="18">cynical</governor>
            <dependent idx="17">little</dependent>
          </dep>
          <dep type="ccomp">
            <governor idx="13">honest</governor>
            <dependent idx="18">cynical</dependent>
          </dep>
          <dep type="mark">
            <governor idx="25">exist</governor>
            <dependent idx="19">that</dependent>
          </dep>
          <dep type="det">
            <governor idx="21">types</governor>
            <dependent idx="20">these</dependent>
          </dep>
          <dep type="nsubj">
            <governor idx="25">exist</governor>
            <dependent idx="21">types</dependent>
          </dep>
          <dep type="case">
            <governor idx="23">organisations</governor>
            <dependent idx="22">of</dependent>
          </dep>
          <dep type="nmod:of">
            <governor idx="21">types</governor>
            <dependent idx="23">organisations</dependent>
          </dep>
          <dep type="aux">
            <governor idx="25">exist</governor>
            <dependent idx="24">did</dependent>
          </dep>
          <dep type="ccomp">
            <governor idx="18">cynical</governor>
            <dependent idx="25">exist</dependent>
          </dep>
          <dep type="punct">
            <governor idx="6">article</governor>
            <dependent idx="26">.</dependent>
          </dep>
        </dependencies>
      </sentence>
      <sentence id="144">
        <tokens>
          <token id="1">
            <word>When</word>
            <lemma>when</lemma>
            <CharacterOffsetBegin>15660</CharacterOffsetBegin>
            <CharacterOffsetEnd>15664</CharacterOffsetEnd>
            <POS>WRB</POS>
            <NER>O</NER>
            <Speaker>PER0</Speaker>
          </token>
          <token id="2">
            <word>I</word>
            <lemma>I</lemma>
            <CharacterOffsetBegin>15665</CharacterOffsetBegin>
            <CharacterOffsetEnd>15666</CharacterOffsetEnd>
            <POS>PRP</POS>
            <NER>O</NER>
            <Speaker>PER0</Speaker>
          </token>
          <token id="3">
            <word>talked</word>
            <lemma>talk</lemma>
            <CharacterOffsetBegin>15667</CharacterOffsetBegin>
            <CharacterOffsetEnd>15673</CharacterOffsetEnd>
            <POS>VBD</POS>
            <NER>O</NER>
            <Speaker>PER0</Speaker>
          </token>
          <token id="4">
            <word>to</word>
            <lemma>to</lemma>
            <CharacterOffsetBegin>15674</CharacterOffsetBegin>
            <CharacterOffsetEnd>15676</CharacterOffsetEnd>
            <POS>TO</POS>
            <NER>O</NER>
            <Speaker>PER0</Speaker>
          </token>
          <token id="5">
            <word>Vice</word>
            <lemma>Vice</lemma>
            <CharacterOffsetBegin>15677</CharacterOffsetBegin>
            <CharacterOffsetEnd>15681</CharacterOffsetEnd>
            <POS>NNP</POS>
            <NER>O</NER>
            <Speaker>PER0</Speaker>
          </token>
          <token id="6">
            <word>Presidents</word>
            <lemma>Presidents</lemma>
            <CharacterOffsetBegin>15682</CharacterOffsetBegin>
            <CharacterOffsetEnd>15692</CharacterOffsetEnd>
            <POS>NNPS</POS>
            <NER>O</NER>
            <Speaker>PER0</Speaker>
          </token>
          <token id="7">
            <word>and</word>
            <lemma>and</lemma>
            <CharacterOffsetBegin>15693</CharacterOffsetBegin>
            <CharacterOffsetEnd>15696</CharacterOffsetEnd>
            <POS>CC</POS>
            <NER>O</NER>
            <Speaker>PER0</Speaker>
          </token>
          <token id="8">
            <word>Directors</word>
            <lemma>director</lemma>
            <CharacterOffsetBegin>15697</CharacterOffsetBegin>
            <CharacterOffsetEnd>15706</CharacterOffsetEnd>
            <POS>NNS</POS>
            <NER>O</NER>
            <Speaker>PER0</Speaker>
          </token>
          <token id="9">
            <word>in</word>
            <lemma>in</lemma>
            <CharacterOffsetBegin>15707</CharacterOffsetBegin>
            <CharacterOffsetEnd>15709</CharacterOffsetEnd>
            <POS>IN</POS>
            <NER>O</NER>
            <Speaker>PER0</Speaker>
          </token>
          <token id="10">
            <word>company</word>
            <lemma>company</lemma>
            <CharacterOffsetBegin>15710</CharacterOffsetBegin>
            <CharacterOffsetEnd>15717</CharacterOffsetEnd>
            <POS>NN</POS>
            <NER>O</NER>
            <Speaker>PER0</Speaker>
          </token>
          <token id="11">
            <word>I</word>
            <lemma>I</lemma>
            <CharacterOffsetBegin>15718</CharacterOffsetBegin>
            <CharacterOffsetEnd>15719</CharacterOffsetEnd>
            <POS>PRP</POS>
            <NER>O</NER>
            <Speaker>PER0</Speaker>
          </token>
          <token id="12">
            <word>asked</word>
            <lemma>ask</lemma>
            <CharacterOffsetBegin>15720</CharacterOffsetBegin>
            <CharacterOffsetEnd>15725</CharacterOffsetEnd>
            <POS>VBD</POS>
            <NER>O</NER>
            <Speaker>PER0</Speaker>
          </token>
          <token id="13">
            <word>casually</word>
            <lemma>casually</lemma>
            <CharacterOffsetBegin>15726</CharacterOffsetBegin>
            <CharacterOffsetEnd>15734</CharacterOffsetEnd>
            <POS>RB</POS>
            <NER>O</NER>
            <Speaker>PER0</Speaker>
          </token>
          <token id="14">
            <word>asked</word>
            <lemma>ask</lemma>
            <CharacterOffsetBegin>15735</CharacterOffsetBegin>
            <CharacterOffsetEnd>15740</CharacterOffsetEnd>
            <POS>VBN</POS>
            <NER>O</NER>
            <Speaker>PER0</Speaker>
          </token>
          <token id="15">
            <word>them</word>
            <lemma>they</lemma>
            <CharacterOffsetBegin>15741</CharacterOffsetBegin>
            <CharacterOffsetEnd>15745</CharacterOffsetEnd>
            <POS>PRP</POS>
            <NER>O</NER>
            <Speaker>PER0</Speaker>
          </token>
          <token id="16">
            <word>why</word>
            <lemma>why</lemma>
            <CharacterOffsetBegin>15746</CharacterOffsetBegin>
            <CharacterOffsetEnd>15749</CharacterOffsetEnd>
            <POS>WRB</POS>
            <NER>O</NER>
            <Speaker>PER0</Speaker>
          </token>
          <token id="17">
            <word>we</word>
            <lemma>we</lemma>
            <CharacterOffsetBegin>15750</CharacterOffsetBegin>
            <CharacterOffsetEnd>15752</CharacterOffsetEnd>
            <POS>PRP</POS>
            <NER>O</NER>
            <Speaker>PER0</Speaker>
          </token>
          <token id="18">
            <word>exist</word>
            <lemma>exist</lemma>
            <CharacterOffsetBegin>15753</CharacterOffsetBegin>
            <CharacterOffsetEnd>15758</CharacterOffsetEnd>
            <POS>VBP</POS>
            <NER>O</NER>
            <Speaker>PER0</Speaker>
          </token>
          <token id="19">
            <word>and</word>
            <lemma>and</lemma>
            <CharacterOffsetBegin>15759</CharacterOffsetBegin>
            <CharacterOffsetEnd>15762</CharacterOffsetEnd>
            <POS>CC</POS>
            <NER>O</NER>
            <Speaker>PER0</Speaker>
          </token>
          <token id="20">
            <word>without</word>
            <lemma>without</lemma>
            <CharacterOffsetBegin>15763</CharacterOffsetBegin>
            <CharacterOffsetEnd>15770</CharacterOffsetEnd>
            <POS>IN</POS>
            <NER>O</NER>
            <Speaker>PER0</Speaker>
          </token>
          <token id="21">
            <word>a</word>
            <lemma>a</lemma>
            <CharacterOffsetBegin>15771</CharacterOffsetBegin>
            <CharacterOffsetEnd>15772</CharacterOffsetEnd>
            <POS>DT</POS>
            <NER>O</NER>
            <Speaker>PER0</Speaker>
          </token>
          <token id="22">
            <word>doubt</word>
            <lemma>doubt</lemma>
            <CharacterOffsetBegin>15773</CharacterOffsetBegin>
            <CharacterOffsetEnd>15778</CharacterOffsetEnd>
            <POS>NN</POS>
            <NER>O</NER>
            <Speaker>PER0</Speaker>
          </token>
          <token id="23">
            <word>most</word>
            <lemma>most</lemma>
            <CharacterOffsetBegin>15779</CharacterOffsetBegin>
            <CharacterOffsetEnd>15783</CharacterOffsetEnd>
            <POS>JJS</POS>
            <NER>O</NER>
            <Speaker>PER0</Speaker>
          </token>
          <token id="24">
            <word>of</word>
            <lemma>of</lemma>
            <CharacterOffsetBegin>15784</CharacterOffsetBegin>
            <CharacterOffsetEnd>15786</CharacterOffsetEnd>
            <POS>IN</POS>
            <NER>O</NER>
            <Speaker>PER0</Speaker>
          </token>
          <token id="25">
            <word>them</word>
            <lemma>they</lemma>
            <CharacterOffsetBegin>15787</CharacterOffsetBegin>
            <CharacterOffsetEnd>15791</CharacterOffsetEnd>
            <POS>PRP</POS>
            <NER>O</NER>
            <Speaker>PER0</Speaker>
          </token>
          <token id="26">
            <word>responded</word>
            <lemma>respond</lemma>
            <CharacterOffsetBegin>15792</CharacterOffsetBegin>
            <CharacterOffsetEnd>15801</CharacterOffsetEnd>
            <POS>VBD</POS>
            <NER>O</NER>
            <Speaker>PER0</Speaker>
          </token>
          <token id="27">
            <word>with</word>
            <lemma>with</lemma>
            <CharacterOffsetBegin>15802</CharacterOffsetBegin>
            <CharacterOffsetEnd>15806</CharacterOffsetEnd>
            <POS>IN</POS>
            <NER>O</NER>
            <Speaker>PER0</Speaker>
          </token>
          <token id="28">
            <word>to</word>
            <lemma>to</lemma>
            <CharacterOffsetBegin>15807</CharacterOffsetBegin>
            <CharacterOffsetEnd>15809</CharacterOffsetEnd>
            <POS>TO</POS>
            <NER>O</NER>
            <Speaker>PER0</Speaker>
          </token>
          <token id="29">
            <word>make</word>
            <lemma>make</lemma>
            <CharacterOffsetBegin>15810</CharacterOffsetBegin>
            <CharacterOffsetEnd>15814</CharacterOffsetEnd>
            <POS>VB</POS>
            <NER>O</NER>
            <Speaker>PER0</Speaker>
          </token>
          <token id="30">
            <word>money</word>
            <lemma>money</lemma>
            <CharacterOffsetBegin>15815</CharacterOffsetBegin>
            <CharacterOffsetEnd>15820</CharacterOffsetEnd>
            <POS>NN</POS>
            <NER>O</NER>
            <Speaker>PER0</Speaker>
          </token>
          <token id="31">
            <word>for</word>
            <lemma>for</lemma>
            <CharacterOffsetBegin>15821</CharacterOffsetBegin>
            <CharacterOffsetEnd>15824</CharacterOffsetEnd>
            <POS>IN</POS>
            <NER>O</NER>
            <Speaker>PER0</Speaker>
          </token>
          <token id="32">
            <word>the</word>
            <lemma>the</lemma>
            <CharacterOffsetBegin>15825</CharacterOffsetBegin>
            <CharacterOffsetEnd>15828</CharacterOffsetEnd>
            <POS>DT</POS>
            <NER>O</NER>
            <Speaker>PER0</Speaker>
          </token>
          <token id="33">
            <word>shareholders</word>
            <lemma>shareholder</lemma>
            <CharacterOffsetBegin>15829</CharacterOffsetBegin>
            <CharacterOffsetEnd>15841</CharacterOffsetEnd>
            <POS>NNS</POS>
            <NER>O</NER>
            <Speaker>PER0</Speaker>
          </token>
          <token id="34">
            <word>.</word>
            <lemma>.</lemma>
            <CharacterOffsetBegin>15841</CharacterOffsetBegin>
            <CharacterOffsetEnd>15842</CharacterOffsetEnd>
            <POS>.</POS>
            <NER>O</NER>
            <Speaker>PER0</Speaker>
          </token>
        </tokens>
        <parse>(ROOT (S (S (SBAR (WHADVP (WRB When)) (S (NP (PRP I)) (VP (VBD talked) (PP (TO to) (NP (NP (NNP Vice) (NNPS Presidents)) (CC and) (NP (NNS Directors)))) (PP (IN in) (NP (NN company)))))) (NP (PRP I)) (VP (VBD asked) (VP (ADVP (RB casually)) (VBN asked) (NP (PRP them)) (SBAR (WHADVP (WRB why)) (S (NP (PRP we)) (VP (VBP exist))))))) (CC and) (S (PP (IN without) (NP (DT a) (NN doubt))) (NP (NP (JJS most)) (PP (IN of) (NP (PRP them)))) (VP (VBD responded) (PP (IN with)) (S (VP (TO to) (VP (VB make) (NP (NN money)) (PP (IN for) (NP (DT the) (NNS shareholders)))))))) (. .))) </parse>
        <dependencies type="basic-dependencies">
          <dep type="root">
            <governor idx="0">ROOT</governor>
            <dependent idx="12">asked</dependent>
          </dep>
          <dep type="advmod">
            <governor idx="3">talked</governor>
            <dependent idx="1">When</dependent>
          </dep>
          <dep type="nsubj">
            <governor idx="3">talked</governor>
            <dependent idx="2">I</dependent>
          </dep>
          <dep type="advcl">
            <governor idx="12">asked</governor>
            <dependent idx="3">talked</dependent>
          </dep>
          <dep type="case">
            <governor idx="6">Presidents</governor>
            <dependent idx="4">to</dependent>
          </dep>
          <dep type="compound">
            <governor idx="6">Presidents</governor>
            <dependent idx="5">Vice</dependent>
          </dep>
          <dep type="nmod">
            <governor idx="3">talked</governor>
            <dependent idx="6">Presidents</dependent>
          </dep>
          <dep type="cc">
            <governor idx="6">Presidents</governor>
            <dependent idx="7">and</dependent>
          </dep>
          <dep type="conj">
            <governor idx="6">Presidents</governor>
            <dependent idx="8">Directors</dependent>
          </dep>
          <dep type="case">
            <governor idx="10">company</governor>
            <dependent idx="9">in</dependent>
          </dep>
          <dep type="nmod">
            <governor idx="3">talked</governor>
            <dependent idx="10">company</dependent>
          </dep>
          <dep type="nsubj">
            <governor idx="12">asked</governor>
            <dependent idx="11">I</dependent>
          </dep>
          <dep type="advmod">
            <governor idx="14">asked</governor>
            <dependent idx="13">casually</dependent>
          </dep>
          <dep type="dep">
            <governor idx="12">asked</governor>
            <dependent idx="14">asked</dependent>
          </dep>
          <dep type="dobj">
            <governor idx="14">asked</governor>
            <dependent idx="15">them</dependent>
          </dep>
          <dep type="advmod">
            <governor idx="18">exist</governor>
            <dependent idx="16">why</dependent>
          </dep>
          <dep type="nsubj">
            <governor idx="18">exist</governor>
            <dependent idx="17">we</dependent>
          </dep>
          <dep type="advcl">
            <governor idx="14">asked</governor>
            <dependent idx="18">exist</dependent>
          </dep>
          <dep type="cc">
            <governor idx="12">asked</governor>
            <dependent idx="19">and</dependent>
          </dep>
          <dep type="case">
            <governor idx="22">doubt</governor>
            <dependent idx="20">without</dependent>
          </dep>
          <dep type="det">
            <governor idx="22">doubt</governor>
            <dependent idx="21">a</dependent>
          </dep>
          <dep type="nmod">
            <governor idx="26">responded</governor>
            <dependent idx="22">doubt</dependent>
          </dep>
          <dep type="nsubj">
            <governor idx="26">responded</governor>
            <dependent idx="23">most</dependent>
          </dep>
          <dep type="case">
            <governor idx="25">them</governor>
            <dependent idx="24">of</dependent>
          </dep>
          <dep type="nmod">
            <governor idx="23">most</governor>
            <dependent idx="25">them</dependent>
          </dep>
          <dep type="conj">
            <governor idx="12">asked</governor>
            <dependent idx="26">responded</dependent>
          </dep>
          <dep type="case">
            <governor idx="22">doubt</governor>
            <dependent idx="27">with</dependent>
          </dep>
          <dep type="mark">
            <governor idx="29">make</governor>
            <dependent idx="28">to</dependent>
          </dep>
          <dep type="xcomp">
            <governor idx="26">responded</governor>
            <dependent idx="29">make</dependent>
          </dep>
          <dep type="dobj">
            <governor idx="29">make</governor>
            <dependent idx="30">money</dependent>
          </dep>
          <dep type="case">
            <governor idx="33">shareholders</governor>
            <dependent idx="31">for</dependent>
          </dep>
          <dep type="det">
            <governor idx="33">shareholders</governor>
            <dependent idx="32">the</dependent>
          </dep>
          <dep type="nmod">
            <governor idx="29">make</governor>
            <dependent idx="33">shareholders</dependent>
          </dep>
          <dep type="punct">
            <governor idx="12">asked</governor>
            <dependent idx="34">.</dependent>
          </dep>
        </dependencies>
        <dependencies type="collapsed-dependencies">
          <dep type="root">
            <governor idx="0">ROOT</governor>
            <dependent idx="12">asked</dependent>
          </dep>
          <dep type="advmod">
            <governor idx="3">talked</governor>
            <dependent idx="1">When</dependent>
          </dep>
          <dep type="nsubj">
            <governor idx="3">talked</governor>
            <dependent idx="2">I</dependent>
          </dep>
          <dep type="advcl">
            <governor idx="12">asked</governor>
            <dependent idx="3">talked</dependent>
          </dep>
          <dep type="case">
            <governor idx="6">Presidents</governor>
            <dependent idx="4">to</dependent>
          </dep>
          <dep type="compound">
            <governor idx="6">Presidents</governor>
            <dependent idx="5">Vice</dependent>
          </dep>
          <dep type="nmod:to">
            <governor idx="3">talked</governor>
            <dependent idx="6">Presidents</dependent>
          </dep>
          <dep type="cc">
            <governor idx="6">Presidents</governor>
            <dependent idx="7">and</dependent>
          </dep>
          <dep type="conj:and">
            <governor idx="6">Presidents</governor>
            <dependent idx="8">Directors</dependent>
          </dep>
          <dep type="case">
            <governor idx="10">company</governor>
            <dependent idx="9">in</dependent>
          </dep>
          <dep type="nmod:in">
            <governor idx="3">talked</governor>
            <dependent idx="10">company</dependent>
          </dep>
          <dep type="nsubj">
            <governor idx="12">asked</governor>
            <dependent idx="11">I</dependent>
          </dep>
          <dep type="advmod">
            <governor idx="14">asked</governor>
            <dependent idx="13">casually</dependent>
          </dep>
          <dep type="dep">
            <governor idx="12">asked</governor>
            <dependent idx="14">asked</dependent>
          </dep>
          <dep type="dobj">
            <governor idx="14">asked</governor>
            <dependent idx="15">them</dependent>
          </dep>
          <dep type="advmod">
            <governor idx="18">exist</governor>
            <dependent idx="16">why</dependent>
          </dep>
          <dep type="nsubj">
            <governor idx="18">exist</governor>
            <dependent idx="17">we</dependent>
          </dep>
          <dep type="advcl">
            <governor idx="14">asked</governor>
            <dependent idx="18">exist</dependent>
          </dep>
          <dep type="cc">
            <governor idx="12">asked</governor>
            <dependent idx="19">and</dependent>
          </dep>
          <dep type="case">
            <governor idx="22">doubt</governor>
            <dependent idx="20">without</dependent>
          </dep>
          <dep type="det">
            <governor idx="22">doubt</governor>
            <dependent idx="21">a</dependent>
          </dep>
          <dep type="nmod:with">
            <governor idx="26">responded</governor>
            <dependent idx="22">doubt</dependent>
          </dep>
          <dep type="nsubj">
            <governor idx="26">responded</governor>
            <dependent idx="23">most</dependent>
          </dep>
          <dep type="case">
            <governor idx="25">them</governor>
            <dependent idx="24">of</dependent>
          </dep>
          <dep type="nmod:of">
            <governor idx="23">most</governor>
            <dependent idx="25">them</dependent>
          </dep>
          <dep type="conj:and">
            <governor idx="12">asked</governor>
            <dependent idx="26">responded</dependent>
          </dep>
          <dep type="case">
            <governor idx="22">doubt</governor>
            <dependent idx="27">with</dependent>
          </dep>
          <dep type="mark">
            <governor idx="29">make</governor>
            <dependent idx="28">to</dependent>
          </dep>
          <dep type="xcomp">
            <governor idx="26">responded</governor>
            <dependent idx="29">make</dependent>
          </dep>
          <dep type="dobj">
            <governor idx="29">make</governor>
            <dependent idx="30">money</dependent>
          </dep>
          <dep type="case">
            <governor idx="33">shareholders</governor>
            <dependent idx="31">for</dependent>
          </dep>
          <dep type="det">
            <governor idx="33">shareholders</governor>
            <dependent idx="32">the</dependent>
          </dep>
          <dep type="nmod:for">
            <governor idx="29">make</governor>
            <dependent idx="33">shareholders</dependent>
          </dep>
          <dep type="punct">
            <governor idx="12">asked</governor>
            <dependent idx="34">.</dependent>
          </dep>
        </dependencies>
        <dependencies type="collapsed-ccprocessed-dependencies">
          <dep type="root">
            <governor idx="0">ROOT</governor>
            <dependent idx="12">asked</dependent>
          </dep>
          <dep type="advmod">
            <governor idx="3">talked</governor>
            <dependent idx="1">When</dependent>
          </dep>
          <dep type="nsubj">
            <governor idx="3">talked</governor>
            <dependent idx="2">I</dependent>
          </dep>
          <dep type="advcl">
            <governor idx="12">asked</governor>
            <dependent idx="3">talked</dependent>
          </dep>
          <dep type="case">
            <governor idx="6">Presidents</governor>
            <dependent idx="4">to</dependent>
          </dep>
          <dep type="compound">
            <governor idx="6">Presidents</governor>
            <dependent idx="5">Vice</dependent>
          </dep>
          <dep type="nmod:to">
            <governor idx="3">talked</governor>
            <dependent idx="6">Presidents</dependent>
          </dep>
          <dep type="cc">
            <governor idx="6">Presidents</governor>
            <dependent idx="7">and</dependent>
          </dep>
          <dep type="nmod:to" extra="true">
            <governor idx="3">talked</governor>
            <dependent idx="8">Directors</dependent>
          </dep>
          <dep type="conj:and">
            <governor idx="6">Presidents</governor>
            <dependent idx="8">Directors</dependent>
          </dep>
          <dep type="case">
            <governor idx="10">company</governor>
            <dependent idx="9">in</dependent>
          </dep>
          <dep type="nmod:in">
            <governor idx="3">talked</governor>
            <dependent idx="10">company</dependent>
          </dep>
          <dep type="nsubj">
            <governor idx="12">asked</governor>
            <dependent idx="11">I</dependent>
          </dep>
          <dep type="advmod">
            <governor idx="14">asked</governor>
            <dependent idx="13">casually</dependent>
          </dep>
          <dep type="dep">
            <governor idx="12">asked</governor>
            <dependent idx="14">asked</dependent>
          </dep>
          <dep type="dobj">
            <governor idx="14">asked</governor>
            <dependent idx="15">them</dependent>
          </dep>
          <dep type="advmod">
            <governor idx="18">exist</governor>
            <dependent idx="16">why</dependent>
          </dep>
          <dep type="nsubj">
            <governor idx="18">exist</governor>
            <dependent idx="17">we</dependent>
          </dep>
          <dep type="advcl">
            <governor idx="14">asked</governor>
            <dependent idx="18">exist</dependent>
          </dep>
          <dep type="cc">
            <governor idx="12">asked</governor>
            <dependent idx="19">and</dependent>
          </dep>
          <dep type="case">
            <governor idx="22">doubt</governor>
            <dependent idx="20">without</dependent>
          </dep>
          <dep type="det">
            <governor idx="22">doubt</governor>
            <dependent idx="21">a</dependent>
          </dep>
          <dep type="nmod:with">
            <governor idx="26">responded</governor>
            <dependent idx="22">doubt</dependent>
          </dep>
          <dep type="nsubj">
            <governor idx="26">responded</governor>
            <dependent idx="23">most</dependent>
          </dep>
          <dep type="case">
            <governor idx="25">them</governor>
            <dependent idx="24">of</dependent>
          </dep>
          <dep type="nmod:of">
            <governor idx="23">most</governor>
            <dependent idx="25">them</dependent>
          </dep>
          <dep type="conj:and">
            <governor idx="12">asked</governor>
            <dependent idx="26">responded</dependent>
          </dep>
          <dep type="case">
            <governor idx="22">doubt</governor>
            <dependent idx="27">with</dependent>
          </dep>
          <dep type="mark">
            <governor idx="29">make</governor>
            <dependent idx="28">to</dependent>
          </dep>
          <dep type="xcomp">
            <governor idx="26">responded</governor>
            <dependent idx="29">make</dependent>
          </dep>
          <dep type="dobj">
            <governor idx="29">make</governor>
            <dependent idx="30">money</dependent>
          </dep>
          <dep type="case">
            <governor idx="33">shareholders</governor>
            <dependent idx="31">for</dependent>
          </dep>
          <dep type="det">
            <governor idx="33">shareholders</governor>
            <dependent idx="32">the</dependent>
          </dep>
          <dep type="nmod:for">
            <governor idx="29">make</governor>
            <dependent idx="33">shareholders</dependent>
          </dep>
          <dep type="punct">
            <governor idx="12">asked</governor>
            <dependent idx="34">.</dependent>
          </dep>
        </dependencies>
      </sentence>
      <sentence id="145">
        <tokens>
          <token id="1">
            <word>The</word>
            <lemma>the</lemma>
            <CharacterOffsetBegin>15843</CharacterOffsetBegin>
            <CharacterOffsetEnd>15846</CharacterOffsetEnd>
            <POS>DT</POS>
            <NER>O</NER>
            <Speaker>PER0</Speaker>
          </token>
          <token id="2">
            <word>article</word>
            <lemma>article</lemma>
            <CharacterOffsetBegin>15847</CharacterOffsetBegin>
            <CharacterOffsetEnd>15854</CharacterOffsetEnd>
            <POS>NN</POS>
            <NER>O</NER>
            <Speaker>PER0</Speaker>
          </token>
          <token id="3">
            <word>states</word>
            <lemma>state</lemma>
            <CharacterOffsetBegin>15855</CharacterOffsetBegin>
            <CharacterOffsetEnd>15861</CharacterOffsetEnd>
            <POS>NNS</POS>
            <NER>O</NER>
            <Speaker>PER0</Speaker>
          </token>
          <token id="4">
            <word>The</word>
            <lemma>the</lemma>
            <CharacterOffsetBegin>15862</CharacterOffsetBegin>
            <CharacterOffsetEnd>15865</CharacterOffsetEnd>
            <POS>DT</POS>
            <NER>O</NER>
            <Speaker>PER0</Speaker>
          </token>
          <token id="5">
            <word>Board</word>
            <lemma>Board</lemma>
            <CharacterOffsetBegin>15866</CharacterOffsetBegin>
            <CharacterOffsetEnd>15871</CharacterOffsetEnd>
            <POS>NNP</POS>
            <NER>O</NER>
            <Speaker>PER0</Speaker>
          </token>
          <token id="6">
            <word>are</word>
            <lemma>be</lemma>
            <CharacterOffsetBegin>15872</CharacterOffsetBegin>
            <CharacterOffsetEnd>15875</CharacterOffsetEnd>
            <POS>VBP</POS>
            <NER>O</NER>
            <Speaker>PER0</Speaker>
          </token>
          <token id="7">
            <word>not</word>
            <lemma>not</lemma>
            <CharacterOffsetBegin>15876</CharacterOffsetBegin>
            <CharacterOffsetEnd>15879</CharacterOffsetEnd>
            <POS>RB</POS>
            <NER>O</NER>
            <Speaker>PER0</Speaker>
          </token>
          <token id="8">
            <word>spending</word>
            <lemma>spend</lemma>
            <CharacterOffsetBegin>15880</CharacterOffsetBegin>
            <CharacterOffsetEnd>15888</CharacterOffsetEnd>
            <POS>VBG</POS>
            <NER>O</NER>
            <Speaker>PER0</Speaker>
          </token>
          <token id="9">
            <word>enough</word>
            <lemma>enough</lemma>
            <CharacterOffsetBegin>15889</CharacterOffsetBegin>
            <CharacterOffsetEnd>15895</CharacterOffsetEnd>
            <POS>JJ</POS>
            <NER>O</NER>
            <Speaker>PER0</Speaker>
          </token>
          <token id="10">
            <word>time</word>
            <lemma>time</lemma>
            <CharacterOffsetBegin>15896</CharacterOffsetBegin>
            <CharacterOffsetEnd>15900</CharacterOffsetEnd>
            <POS>NN</POS>
            <NER>O</NER>
            <Speaker>PER0</Speaker>
          </token>
          <token id="11">
            <word>discussing</word>
            <lemma>discuss</lemma>
            <CharacterOffsetBegin>15901</CharacterOffsetBegin>
            <CharacterOffsetEnd>15911</CharacterOffsetEnd>
            <POS>VBG</POS>
            <NER>O</NER>
            <Speaker>PER0</Speaker>
          </token>
          <token id="12">
            <word>long</word>
            <lemma>long</lemma>
            <CharacterOffsetBegin>15912</CharacterOffsetBegin>
            <CharacterOffsetEnd>15916</CharacterOffsetEnd>
            <POS>JJ</POS>
            <NER>O</NER>
            <Speaker>PER0</Speaker>
          </token>
          <token id="13">
            <word>term</word>
            <lemma>term</lemma>
            <CharacterOffsetBegin>15917</CharacterOffsetBegin>
            <CharacterOffsetEnd>15921</CharacterOffsetEnd>
            <POS>NN</POS>
            <NER>O</NER>
            <Speaker>PER0</Speaker>
          </token>
          <token id="14">
            <word>strategy</word>
            <lemma>strategy</lemma>
            <CharacterOffsetBegin>15922</CharacterOffsetBegin>
            <CharacterOffsetEnd>15930</CharacterOffsetEnd>
            <POS>NN</POS>
            <NER>O</NER>
            <Speaker>PER0</Speaker>
          </token>
          <token id="15">
            <word>and</word>
            <lemma>and</lemma>
            <CharacterOffsetBegin>15931</CharacterOffsetBegin>
            <CharacterOffsetEnd>15934</CharacterOffsetEnd>
            <POS>CC</POS>
            <NER>O</NER>
            <Speaker>PER0</Speaker>
          </token>
          <token id="16">
            <word>having</word>
            <lemma>have</lemma>
            <CharacterOffsetBegin>15935</CharacterOffsetBegin>
            <CharacterOffsetEnd>15941</CharacterOffsetEnd>
            <POS>VBG</POS>
            <NER>O</NER>
            <Speaker>PER0</Speaker>
          </token>
          <token id="17">
            <word>the</word>
            <lemma>the</lemma>
            <CharacterOffsetBegin>15942</CharacterOffsetBegin>
            <CharacterOffsetEnd>15945</CharacterOffsetEnd>
            <POS>DT</POS>
            <NER>O</NER>
            <Speaker>PER0</Speaker>
          </token>
          <token id="18">
            <word>relevant</word>
            <lemma>relevant</lemma>
            <CharacterOffsetBegin>15946</CharacterOffsetBegin>
            <CharacterOffsetEnd>15954</CharacterOffsetEnd>
            <POS>JJ</POS>
            <NER>O</NER>
            <Speaker>PER0</Speaker>
          </token>
          <token id="19">
            <word>expertise</word>
            <lemma>expertise</lemma>
            <CharacterOffsetBegin>15955</CharacterOffsetBegin>
            <CharacterOffsetEnd>15964</CharacterOffsetEnd>
            <POS>NN</POS>
            <NER>O</NER>
            <Speaker>PER0</Speaker>
          </token>
          <token id="20">
            <word>about</word>
            <lemma>about</lemma>
            <CharacterOffsetBegin>15965</CharacterOffsetBegin>
            <CharacterOffsetEnd>15970</CharacterOffsetEnd>
            <POS>IN</POS>
            <NER>O</NER>
            <Speaker>PER0</Speaker>
          </token>
          <token id="21">
            <word>what</word>
            <lemma>what</lemma>
            <CharacterOffsetBegin>15971</CharacterOffsetBegin>
            <CharacterOffsetEnd>15975</CharacterOffsetEnd>
            <POS>WP</POS>
            <NER>O</NER>
            <Speaker>PER0</Speaker>
          </token>
          <token id="22">
            <word>the</word>
            <lemma>the</lemma>
            <CharacterOffsetBegin>15976</CharacterOffsetBegin>
            <CharacterOffsetEnd>15979</CharacterOffsetEnd>
            <POS>DT</POS>
            <NER>O</NER>
            <Speaker>PER0</Speaker>
          </token>
          <token id="23">
            <word>organisation</word>
            <lemma>organisation</lemma>
            <CharacterOffsetBegin>15980</CharacterOffsetBegin>
            <CharacterOffsetEnd>15992</CharacterOffsetEnd>
            <POS>NN</POS>
            <NER>O</NER>
            <Speaker>PER0</Speaker>
          </token>
          <token id="24">
            <word>does</word>
            <lemma>do</lemma>
            <CharacterOffsetBegin>15993</CharacterOffsetBegin>
            <CharacterOffsetEnd>15997</CharacterOffsetEnd>
            <POS>VBZ</POS>
            <NER>O</NER>
            <Speaker>PER0</Speaker>
          </token>
          <token id="25">
            <word>and</word>
            <lemma>and</lemma>
            <CharacterOffsetBegin>15998</CharacterOffsetBegin>
            <CharacterOffsetEnd>16001</CharacterOffsetEnd>
            <POS>CC</POS>
            <NER>O</NER>
            <Speaker>PER0</Speaker>
          </token>
          <token id="26">
            <word>how</word>
            <lemma>how</lemma>
            <CharacterOffsetBegin>16002</CharacterOffsetBegin>
            <CharacterOffsetEnd>16005</CharacterOffsetEnd>
            <POS>WRB</POS>
            <NER>O</NER>
            <Speaker>PER0</Speaker>
          </token>
          <token id="27">
            <word>they</word>
            <lemma>they</lemma>
            <CharacterOffsetBegin>16006</CharacterOffsetBegin>
            <CharacterOffsetEnd>16010</CharacterOffsetEnd>
            <POS>PRP</POS>
            <NER>O</NER>
            <Speaker>PER0</Speaker>
          </token>
          <token id="28">
            <word>do</word>
            <lemma>do</lemma>
            <CharacterOffsetBegin>16011</CharacterOffsetBegin>
            <CharacterOffsetEnd>16013</CharacterOffsetEnd>
            <POS>VBP</POS>
            <NER>O</NER>
            <Speaker>PER0</Speaker>
          </token>
          <token id="29">
            <word>it</word>
            <lemma>it</lemma>
            <CharacterOffsetBegin>16014</CharacterOffsetBegin>
            <CharacterOffsetEnd>16016</CharacterOffsetEnd>
            <POS>PRP</POS>
            <NER>O</NER>
            <Speaker>PER0</Speaker>
          </token>
          <token id="30">
            <word>.</word>
            <lemma>.</lemma>
            <CharacterOffsetBegin>16016</CharacterOffsetBegin>
            <CharacterOffsetEnd>16017</CharacterOffsetEnd>
            <POS>.</POS>
            <NER>O</NER>
            <Speaker>PER0</Speaker>
          </token>
        </tokens>
        <parse>(ROOT (S (NP (NP (DT The) (NN article) (NNS states)) (NP (DT The) (NNP Board))) (VP (VBP are) (RB not) (VP (VBG spending) (NP (JJ enough) (NN time)) (S (VP (VP (VBG discussing) (NP (JJ long) (NN term) (NN strategy))) (CC and) (VP (VBG having) (NP (DT the) (JJ relevant) (NN expertise)) (SBAR (SBAR (WHPP (IN about) (WHNP (WP what))) (S (NP (DT the) (NN organisation)) (VP (VBZ does)))) (CC and) (SBAR (WHADVP (WRB how)) (S (NP (PRP they)) (VP (VBP do) (NP (PRP it))))))))))) (. .))) </parse>
        <dependencies type="basic-dependencies">
          <dep type="root">
            <governor idx="0">ROOT</governor>
            <dependent idx="8">spending</dependent>
          </dep>
          <dep type="det">
            <governor idx="3">states</governor>
            <dependent idx="1">The</dependent>
          </dep>
          <dep type="compound">
            <governor idx="3">states</governor>
            <dependent idx="2">article</dependent>
          </dep>
          <dep type="nsubj">
            <governor idx="8">spending</governor>
            <dependent idx="3">states</dependent>
          </dep>
          <dep type="det">
            <governor idx="5">Board</governor>
            <dependent idx="4">The</dependent>
          </dep>
          <dep type="dep">
            <governor idx="3">states</governor>
            <dependent idx="5">Board</dependent>
          </dep>
          <dep type="aux">
            <governor idx="8">spending</governor>
            <dependent idx="6">are</dependent>
          </dep>
          <dep type="neg">
            <governor idx="8">spending</governor>
            <dependent idx="7">not</dependent>
          </dep>
          <dep type="amod">
            <governor idx="10">time</governor>
            <dependent idx="9">enough</dependent>
          </dep>
          <dep type="dobj">
            <governor idx="8">spending</governor>
            <dependent idx="10">time</dependent>
          </dep>
          <dep type="dep">
            <governor idx="8">spending</governor>
            <dependent idx="11">discussing</dependent>
          </dep>
          <dep type="amod">
            <governor idx="14">strategy</governor>
            <dependent idx="12">long</dependent>
          </dep>
          <dep type="compound">
            <governor idx="14">strategy</governor>
            <dependent idx="13">term</dependent>
          </dep>
          <dep type="dobj">
            <governor idx="11">discussing</governor>
            <dependent idx="14">strategy</dependent>
          </dep>
          <dep type="cc">
            <governor idx="11">discussing</governor>
            <dependent idx="15">and</dependent>
          </dep>
          <dep type="conj">
            <governor idx="11">discussing</governor>
            <dependent idx="16">having</dependent>
          </dep>
          <dep type="det">
            <governor idx="19">expertise</governor>
            <dependent idx="17">the</dependent>
          </dep>
          <dep type="amod">
            <governor idx="19">expertise</governor>
            <dependent idx="18">relevant</dependent>
          </dep>
          <dep type="dobj">
            <governor idx="16">having</governor>
            <dependent idx="19">expertise</dependent>
          </dep>
          <dep type="case">
            <governor idx="21">what</governor>
            <dependent idx="20">about</dependent>
          </dep>
          <dep type="nmod">
            <governor idx="24">does</governor>
            <dependent idx="21">what</dependent>
          </dep>
          <dep type="det">
            <governor idx="23">organisation</governor>
            <dependent idx="22">the</dependent>
          </dep>
          <dep type="nsubj">
            <governor idx="24">does</governor>
            <dependent idx="23">organisation</dependent>
          </dep>
          <dep type="dep">
            <governor idx="16">having</governor>
            <dependent idx="24">does</dependent>
          </dep>
          <dep type="cc">
            <governor idx="24">does</governor>
            <dependent idx="25">and</dependent>
          </dep>
          <dep type="advmod">
            <governor idx="28">do</governor>
            <dependent idx="26">how</dependent>
          </dep>
          <dep type="nsubj">
            <governor idx="28">do</governor>
            <dependent idx="27">they</dependent>
          </dep>
          <dep type="conj">
            <governor idx="24">does</governor>
            <dependent idx="28">do</dependent>
          </dep>
          <dep type="dobj">
            <governor idx="28">do</governor>
            <dependent idx="29">it</dependent>
          </dep>
          <dep type="punct">
            <governor idx="8">spending</governor>
            <dependent idx="30">.</dependent>
          </dep>
        </dependencies>
        <dependencies type="collapsed-dependencies">
          <dep type="root">
            <governor idx="0">ROOT</governor>
            <dependent idx="8">spending</dependent>
          </dep>
          <dep type="det">
            <governor idx="3">states</governor>
            <dependent idx="1">The</dependent>
          </dep>
          <dep type="compound">
            <governor idx="3">states</governor>
            <dependent idx="2">article</dependent>
          </dep>
          <dep type="nsubj">
            <governor idx="8">spending</governor>
            <dependent idx="3">states</dependent>
          </dep>
          <dep type="det">
            <governor idx="5">Board</governor>
            <dependent idx="4">The</dependent>
          </dep>
          <dep type="dep">
            <governor idx="3">states</governor>
            <dependent idx="5">Board</dependent>
          </dep>
          <dep type="aux">
            <governor idx="8">spending</governor>
            <dependent idx="6">are</dependent>
          </dep>
          <dep type="neg">
            <governor idx="8">spending</governor>
            <dependent idx="7">not</dependent>
          </dep>
          <dep type="amod">
            <governor idx="10">time</governor>
            <dependent idx="9">enough</dependent>
          </dep>
          <dep type="dobj">
            <governor idx="8">spending</governor>
            <dependent idx="10">time</dependent>
          </dep>
          <dep type="dep">
            <governor idx="8">spending</governor>
            <dependent idx="11">discussing</dependent>
          </dep>
          <dep type="amod">
            <governor idx="14">strategy</governor>
            <dependent idx="12">long</dependent>
          </dep>
          <dep type="compound">
            <governor idx="14">strategy</governor>
            <dependent idx="13">term</dependent>
          </dep>
          <dep type="dobj">
            <governor idx="11">discussing</governor>
            <dependent idx="14">strategy</dependent>
          </dep>
          <dep type="cc">
            <governor idx="11">discussing</governor>
            <dependent idx="15">and</dependent>
          </dep>
          <dep type="conj:and">
            <governor idx="11">discussing</governor>
            <dependent idx="16">having</dependent>
          </dep>
          <dep type="det">
            <governor idx="19">expertise</governor>
            <dependent idx="17">the</dependent>
          </dep>
          <dep type="amod">
            <governor idx="19">expertise</governor>
            <dependent idx="18">relevant</dependent>
          </dep>
          <dep type="dobj">
            <governor idx="16">having</governor>
            <dependent idx="19">expertise</dependent>
          </dep>
          <dep type="case">
            <governor idx="21">what</governor>
            <dependent idx="20">about</dependent>
          </dep>
          <dep type="nmod:about">
            <governor idx="24">does</governor>
            <dependent idx="21">what</dependent>
          </dep>
          <dep type="det">
            <governor idx="23">organisation</governor>
            <dependent idx="22">the</dependent>
          </dep>
          <dep type="nsubj">
            <governor idx="24">does</governor>
            <dependent idx="23">organisation</dependent>
          </dep>
          <dep type="dep">
            <governor idx="16">having</governor>
            <dependent idx="24">does</dependent>
          </dep>
          <dep type="cc">
            <governor idx="24">does</governor>
            <dependent idx="25">and</dependent>
          </dep>
          <dep type="advmod">
            <governor idx="28">do</governor>
            <dependent idx="26">how</dependent>
          </dep>
          <dep type="nsubj">
            <governor idx="28">do</governor>
            <dependent idx="27">they</dependent>
          </dep>
          <dep type="conj:and">
            <governor idx="24">does</governor>
            <dependent idx="28">do</dependent>
          </dep>
          <dep type="dobj">
            <governor idx="28">do</governor>
            <dependent idx="29">it</dependent>
          </dep>
          <dep type="punct">
            <governor idx="8">spending</governor>
            <dependent idx="30">.</dependent>
          </dep>
        </dependencies>
        <dependencies type="collapsed-ccprocessed-dependencies">
          <dep type="root">
            <governor idx="0">ROOT</governor>
            <dependent idx="8">spending</dependent>
          </dep>
          <dep type="det">
            <governor idx="3">states</governor>
            <dependent idx="1">The</dependent>
          </dep>
          <dep type="compound">
            <governor idx="3">states</governor>
            <dependent idx="2">article</dependent>
          </dep>
          <dep type="nsubj">
            <governor idx="8">spending</governor>
            <dependent idx="3">states</dependent>
          </dep>
          <dep type="det">
            <governor idx="5">Board</governor>
            <dependent idx="4">The</dependent>
          </dep>
          <dep type="dep">
            <governor idx="3">states</governor>
            <dependent idx="5">Board</dependent>
          </dep>
          <dep type="aux">
            <governor idx="8">spending</governor>
            <dependent idx="6">are</dependent>
          </dep>
          <dep type="neg">
            <governor idx="8">spending</governor>
            <dependent idx="7">not</dependent>
          </dep>
          <dep type="amod">
            <governor idx="10">time</governor>
            <dependent idx="9">enough</dependent>
          </dep>
          <dep type="dobj">
            <governor idx="8">spending</governor>
            <dependent idx="10">time</dependent>
          </dep>
          <dep type="dep">
            <governor idx="8">spending</governor>
            <dependent idx="11">discussing</dependent>
          </dep>
          <dep type="amod">
            <governor idx="14">strategy</governor>
            <dependent idx="12">long</dependent>
          </dep>
          <dep type="compound">
            <governor idx="14">strategy</governor>
            <dependent idx="13">term</dependent>
          </dep>
          <dep type="dobj">
            <governor idx="11">discussing</governor>
            <dependent idx="14">strategy</dependent>
          </dep>
          <dep type="cc">
            <governor idx="11">discussing</governor>
            <dependent idx="15">and</dependent>
          </dep>
          <dep type="dep" extra="true">
            <governor idx="8">spending</governor>
            <dependent idx="16">having</dependent>
          </dep>
          <dep type="conj:and">
            <governor idx="11">discussing</governor>
            <dependent idx="16">having</dependent>
          </dep>
          <dep type="det">
            <governor idx="19">expertise</governor>
            <dependent idx="17">the</dependent>
          </dep>
          <dep type="amod">
            <governor idx="19">expertise</governor>
            <dependent idx="18">relevant</dependent>
          </dep>
          <dep type="dobj">
            <governor idx="16">having</governor>
            <dependent idx="19">expertise</dependent>
          </dep>
          <dep type="case">
            <governor idx="21">what</governor>
            <dependent idx="20">about</dependent>
          </dep>
          <dep type="nmod:about">
            <governor idx="24">does</governor>
            <dependent idx="21">what</dependent>
          </dep>
          <dep type="det">
            <governor idx="23">organisation</governor>
            <dependent idx="22">the</dependent>
          </dep>
          <dep type="nsubj">
            <governor idx="24">does</governor>
            <dependent idx="23">organisation</dependent>
          </dep>
          <dep type="dep">
            <governor idx="16">having</governor>
            <dependent idx="24">does</dependent>
          </dep>
          <dep type="cc">
            <governor idx="24">does</governor>
            <dependent idx="25">and</dependent>
          </dep>
          <dep type="advmod">
            <governor idx="28">do</governor>
            <dependent idx="26">how</dependent>
          </dep>
          <dep type="nsubj">
            <governor idx="28">do</governor>
            <dependent idx="27">they</dependent>
          </dep>
          <dep type="dep" extra="true">
            <governor idx="16">having</governor>
            <dependent idx="28">do</dependent>
          </dep>
          <dep type="conj:and">
            <governor idx="24">does</governor>
            <dependent idx="28">do</dependent>
          </dep>
          <dep type="dobj">
            <governor idx="28">do</governor>
            <dependent idx="29">it</dependent>
          </dep>
          <dep type="punct">
            <governor idx="8">spending</governor>
            <dependent idx="30">.</dependent>
          </dep>
        </dependencies>
      </sentence>
      <sentence id="146">
        <tokens>
          <token id="1">
            <word>It</word>
            <lemma>it</lemma>
            <CharacterOffsetBegin>16018</CharacterOffsetBegin>
            <CharacterOffsetEnd>16020</CharacterOffsetEnd>
            <POS>PRP</POS>
            <NER>O</NER>
            <Speaker>PER0</Speaker>
          </token>
          <token id="2">
            <word>recommended</word>
            <lemma>recommend</lemma>
            <CharacterOffsetBegin>16021</CharacterOffsetBegin>
            <CharacterOffsetEnd>16032</CharacterOffsetEnd>
            <POS>VBD</POS>
            <NER>O</NER>
            <Speaker>PER0</Speaker>
          </token>
          <token id="3">
            <word>that</word>
            <lemma>that</lemma>
            <CharacterOffsetBegin>16033</CharacterOffsetBegin>
            <CharacterOffsetEnd>16037</CharacterOffsetEnd>
            <POS>IN</POS>
            <NER>O</NER>
            <Speaker>PER0</Speaker>
          </token>
          <token id="4">
            <word>attracting</word>
            <lemma>attract</lemma>
            <CharacterOffsetBegin>16038</CharacterOffsetBegin>
            <CharacterOffsetEnd>16048</CharacterOffsetEnd>
            <POS>VBG</POS>
            <NER>O</NER>
            <Speaker>PER0</Speaker>
          </token>
          <token id="5">
            <word>the</word>
            <lemma>the</lemma>
            <CharacterOffsetBegin>16049</CharacterOffsetBegin>
            <CharacterOffsetEnd>16052</CharacterOffsetEnd>
            <POS>DT</POS>
            <NER>O</NER>
            <Speaker>PER0</Speaker>
          </token>
          <token id="6">
            <word>right</word>
            <lemma>right</lemma>
            <CharacterOffsetBegin>16053</CharacterOffsetBegin>
            <CharacterOffsetEnd>16058</CharacterOffsetEnd>
            <POS>NN</POS>
            <NER>O</NER>
            <Speaker>PER0</Speaker>
          </token>
          <token id="7">
            <word>Board</word>
            <lemma>Board</lemma>
            <CharacterOffsetBegin>16059</CharacterOffsetBegin>
            <CharacterOffsetEnd>16064</CharacterOffsetEnd>
            <POS>NNP</POS>
            <NER>O</NER>
            <Speaker>PER0</Speaker>
          </token>
          <token id="8">
            <word>members</word>
            <lemma>member</lemma>
            <CharacterOffsetBegin>16065</CharacterOffsetBegin>
            <CharacterOffsetEnd>16072</CharacterOffsetEnd>
            <POS>NNS</POS>
            <NER>O</NER>
            <Speaker>PER0</Speaker>
          </token>
          <token id="9">
            <word>,</word>
            <lemma>,</lemma>
            <CharacterOffsetBegin>16072</CharacterOffsetBegin>
            <CharacterOffsetEnd>16073</CharacterOffsetEnd>
            <POS>,</POS>
            <NER>O</NER>
            <Speaker>PER0</Speaker>
          </token>
          <token id="10">
            <word>paying</word>
            <lemma>pay</lemma>
            <CharacterOffsetBegin>16074</CharacterOffsetBegin>
            <CharacterOffsetEnd>16080</CharacterOffsetEnd>
            <POS>VBG</POS>
            <NER>O</NER>
            <Speaker>PER0</Speaker>
          </token>
          <token id="11">
            <word>the</word>
            <lemma>the</lemma>
            <CharacterOffsetBegin>16081</CharacterOffsetBegin>
            <CharacterOffsetEnd>16084</CharacterOffsetEnd>
            <POS>DT</POS>
            <NER>O</NER>
            <Speaker>PER0</Speaker>
          </token>
          <token id="12">
            <word>directors</word>
            <lemma>director</lemma>
            <CharacterOffsetBegin>16085</CharacterOffsetBegin>
            <CharacterOffsetEnd>16094</CharacterOffsetEnd>
            <POS>NNS</POS>
            <NER>O</NER>
            <Speaker>PER0</Speaker>
          </token>
          <token id="13">
            <word>more</word>
            <lemma>more</lemma>
            <CharacterOffsetBegin>16095</CharacterOffsetBegin>
            <CharacterOffsetEnd>16099</CharacterOffsetEnd>
            <POS>RBR</POS>
            <NER>O</NER>
            <Speaker>PER0</Speaker>
          </token>
          <token id="14">
            <word>and</word>
            <lemma>and</lemma>
            <CharacterOffsetBegin>16100</CharacterOffsetBegin>
            <CharacterOffsetEnd>16103</CharacterOffsetEnd>
            <POS>CC</POS>
            <NER>O</NER>
            <Speaker>PER0</Speaker>
          </token>
          <token id="15">
            <word>then</word>
            <lemma>then</lemma>
            <CharacterOffsetBegin>16104</CharacterOffsetBegin>
            <CharacterOffsetEnd>16108</CharacterOffsetEnd>
            <POS>RB</POS>
            <NER>O</NER>
            <Speaker>PER0</Speaker>
          </token>
          <token id="16">
            <word>having</word>
            <lemma>have</lemma>
            <CharacterOffsetBegin>16109</CharacterOffsetBegin>
            <CharacterOffsetEnd>16115</CharacterOffsetEnd>
            <POS>VBG</POS>
            <NER>O</NER>
            <Speaker>PER0</Speaker>
          </token>
          <token id="17">
            <word>the</word>
            <lemma>the</lemma>
            <CharacterOffsetBegin>16116</CharacterOffsetBegin>
            <CharacterOffsetEnd>16119</CharacterOffsetEnd>
            <POS>DT</POS>
            <NER>O</NER>
            <Speaker>PER0</Speaker>
          </token>
          <token id="18">
            <word>Board</word>
            <lemma>Board</lemma>
            <CharacterOffsetBegin>16120</CharacterOffsetBegin>
            <CharacterOffsetEnd>16125</CharacterOffsetEnd>
            <POS>NNP</POS>
            <NER>O</NER>
            <Speaker>PER0</Speaker>
          </token>
          <token id="19">
            <word>engage</word>
            <lemma>engage</lemma>
            <CharacterOffsetBegin>16126</CharacterOffsetBegin>
            <CharacterOffsetEnd>16132</CharacterOffsetEnd>
            <POS>VB</POS>
            <NER>O</NER>
            <Speaker>PER0</Speaker>
          </token>
          <token id="20">
            <word>in</word>
            <lemma>in</lemma>
            <CharacterOffsetBegin>16133</CharacterOffsetBegin>
            <CharacterOffsetEnd>16135</CharacterOffsetEnd>
            <POS>IN</POS>
            <NER>O</NER>
            <Speaker>PER0</Speaker>
          </token>
          <token id="21">
            <word>more</word>
            <lemma>more</lemma>
            <CharacterOffsetBegin>16136</CharacterOffsetBegin>
            <CharacterOffsetEnd>16140</CharacterOffsetEnd>
            <POS>JJR</POS>
            <NER>O</NER>
            <Speaker>PER0</Speaker>
          </token>
          <token id="22">
            <word>long</word>
            <lemma>long</lemma>
            <CharacterOffsetBegin>16141</CharacterOffsetBegin>
            <CharacterOffsetEnd>16145</CharacterOffsetEnd>
            <POS>JJ</POS>
            <NER>O</NER>
            <Speaker>PER0</Speaker>
          </token>
          <token id="23">
            <word>term</word>
            <lemma>term</lemma>
            <CharacterOffsetBegin>16146</CharacterOffsetBegin>
            <CharacterOffsetEnd>16150</CharacterOffsetEnd>
            <POS>NN</POS>
            <NER>O</NER>
            <Speaker>PER0</Speaker>
          </token>
          <token id="24">
            <word>investors</word>
            <lemma>investor</lemma>
            <CharacterOffsetBegin>16151</CharacterOffsetBegin>
            <CharacterOffsetEnd>16160</CharacterOffsetEnd>
            <POS>NNS</POS>
            <NER>O</NER>
            <Speaker>PER0</Speaker>
          </token>
          <token id="25">
            <word>.</word>
            <lemma>.</lemma>
            <CharacterOffsetBegin>16160</CharacterOffsetBegin>
            <CharacterOffsetEnd>16161</CharacterOffsetEnd>
            <POS>.</POS>
            <NER>O</NER>
            <Speaker>PER0</Speaker>
          </token>
        </tokens>
        <parse>(ROOT (S (NP (PRP It)) (VP (VBD recommended) (SBAR (IN that) (S (S (VP (VP (VBG attracting) (NP (DT the) (NN right)) (NP (NNP Board) (NNS members))) (, ,) (VP (VBG paying) (NP (DT the) (NNS directors)) (ADVP (RBR more))))) (CC and) (S (ADVP (RB then)) (VP (VBG having) (S (NP (DT the) (NNP Board)) (VP (VB engage) (PP (IN in) (NP (ADJP (JJR more) (JJ long)) (NN term) (NNS investors)))))))))) (. .))) </parse>
        <dependencies type="basic-dependencies">
          <dep type="root">
            <governor idx="0">ROOT</governor>
            <dependent idx="2">recommended</dependent>
          </dep>
          <dep type="nsubj">
            <governor idx="2">recommended</governor>
            <dependent idx="1">It</dependent>
          </dep>
          <dep type="mark">
            <governor idx="4">attracting</governor>
            <dependent idx="3">that</dependent>
          </dep>
          <dep type="ccomp">
            <governor idx="2">recommended</governor>
            <dependent idx="4">attracting</dependent>
          </dep>
          <dep type="det">
            <governor idx="6">right</governor>
            <dependent idx="5">the</dependent>
          </dep>
          <dep type="iobj">
            <governor idx="4">attracting</governor>
            <dependent idx="6">right</dependent>
          </dep>
          <dep type="compound">
            <governor idx="8">members</governor>
            <dependent idx="7">Board</dependent>
          </dep>
          <dep type="dobj">
            <governor idx="4">attracting</governor>
            <dependent idx="8">members</dependent>
          </dep>
          <dep type="punct">
            <governor idx="4">attracting</governor>
            <dependent idx="9">,</dependent>
          </dep>
          <dep type="dep">
            <governor idx="4">attracting</governor>
            <dependent idx="10">paying</dependent>
          </dep>
          <dep type="det">
            <governor idx="12">directors</governor>
            <dependent idx="11">the</dependent>
          </dep>
          <dep type="dobj">
            <governor idx="10">paying</governor>
            <dependent idx="12">directors</dependent>
          </dep>
          <dep type="advmod">
            <governor idx="10">paying</governor>
            <dependent idx="13">more</dependent>
          </dep>
          <dep type="cc">
            <governor idx="4">attracting</governor>
            <dependent idx="14">and</dependent>
          </dep>
          <dep type="advmod">
            <governor idx="16">having</governor>
            <dependent idx="15">then</dependent>
          </dep>
          <dep type="conj">
            <governor idx="4">attracting</governor>
            <dependent idx="16">having</dependent>
          </dep>
          <dep type="det">
            <governor idx="18">Board</governor>
            <dependent idx="17">the</dependent>
          </dep>
          <dep type="nsubj">
            <governor idx="19">engage</governor>
            <dependent idx="18">Board</dependent>
          </dep>
          <dep type="ccomp">
            <governor idx="16">having</governor>
            <dependent idx="19">engage</dependent>
          </dep>
          <dep type="case">
            <governor idx="24">investors</governor>
            <dependent idx="20">in</dependent>
          </dep>
          <dep type="dep">
            <governor idx="22">long</governor>
            <dependent idx="21">more</dependent>
          </dep>
          <dep type="amod">
            <governor idx="24">investors</governor>
            <dependent idx="22">long</dependent>
          </dep>
          <dep type="compound">
            <governor idx="24">investors</governor>
            <dependent idx="23">term</dependent>
          </dep>
          <dep type="nmod">
            <governor idx="19">engage</governor>
            <dependent idx="24">investors</dependent>
          </dep>
          <dep type="punct">
            <governor idx="2">recommended</governor>
            <dependent idx="25">.</dependent>
          </dep>
        </dependencies>
        <dependencies type="collapsed-dependencies">
          <dep type="root">
            <governor idx="0">ROOT</governor>
            <dependent idx="2">recommended</dependent>
          </dep>
          <dep type="nsubj">
            <governor idx="2">recommended</governor>
            <dependent idx="1">It</dependent>
          </dep>
          <dep type="mark">
            <governor idx="4">attracting</governor>
            <dependent idx="3">that</dependent>
          </dep>
          <dep type="ccomp">
            <governor idx="2">recommended</governor>
            <dependent idx="4">attracting</dependent>
          </dep>
          <dep type="det">
            <governor idx="6">right</governor>
            <dependent idx="5">the</dependent>
          </dep>
          <dep type="iobj">
            <governor idx="4">attracting</governor>
            <dependent idx="6">right</dependent>
          </dep>
          <dep type="compound">
            <governor idx="8">members</governor>
            <dependent idx="7">Board</dependent>
          </dep>
          <dep type="dobj">
            <governor idx="4">attracting</governor>
            <dependent idx="8">members</dependent>
          </dep>
          <dep type="punct">
            <governor idx="4">attracting</governor>
            <dependent idx="9">,</dependent>
          </dep>
          <dep type="dep">
            <governor idx="4">attracting</governor>
            <dependent idx="10">paying</dependent>
          </dep>
          <dep type="det">
            <governor idx="12">directors</governor>
            <dependent idx="11">the</dependent>
          </dep>
          <dep type="dobj">
            <governor idx="10">paying</governor>
            <dependent idx="12">directors</dependent>
          </dep>
          <dep type="advmod">
            <governor idx="10">paying</governor>
            <dependent idx="13">more</dependent>
          </dep>
          <dep type="cc">
            <governor idx="4">attracting</governor>
            <dependent idx="14">and</dependent>
          </dep>
          <dep type="advmod">
            <governor idx="16">having</governor>
            <dependent idx="15">then</dependent>
          </dep>
          <dep type="conj:and">
            <governor idx="4">attracting</governor>
            <dependent idx="16">having</dependent>
          </dep>
          <dep type="det">
            <governor idx="18">Board</governor>
            <dependent idx="17">the</dependent>
          </dep>
          <dep type="nsubj">
            <governor idx="19">engage</governor>
            <dependent idx="18">Board</dependent>
          </dep>
          <dep type="ccomp">
            <governor idx="16">having</governor>
            <dependent idx="19">engage</dependent>
          </dep>
          <dep type="case">
            <governor idx="24">investors</governor>
            <dependent idx="20">in</dependent>
          </dep>
          <dep type="dep">
            <governor idx="22">long</governor>
            <dependent idx="21">more</dependent>
          </dep>
          <dep type="amod">
            <governor idx="24">investors</governor>
            <dependent idx="22">long</dependent>
          </dep>
          <dep type="compound">
            <governor idx="24">investors</governor>
            <dependent idx="23">term</dependent>
          </dep>
          <dep type="nmod:in">
            <governor idx="19">engage</governor>
            <dependent idx="24">investors</dependent>
          </dep>
          <dep type="punct">
            <governor idx="2">recommended</governor>
            <dependent idx="25">.</dependent>
          </dep>
        </dependencies>
        <dependencies type="collapsed-ccprocessed-dependencies">
          <dep type="root">
            <governor idx="0">ROOT</governor>
            <dependent idx="2">recommended</dependent>
          </dep>
          <dep type="nsubj">
            <governor idx="2">recommended</governor>
            <dependent idx="1">It</dependent>
          </dep>
          <dep type="mark">
            <governor idx="4">attracting</governor>
            <dependent idx="3">that</dependent>
          </dep>
          <dep type="ccomp">
            <governor idx="2">recommended</governor>
            <dependent idx="4">attracting</dependent>
          </dep>
          <dep type="det">
            <governor idx="6">right</governor>
            <dependent idx="5">the</dependent>
          </dep>
          <dep type="iobj">
            <governor idx="4">attracting</governor>
            <dependent idx="6">right</dependent>
          </dep>
          <dep type="compound">
            <governor idx="8">members</governor>
            <dependent idx="7">Board</dependent>
          </dep>
          <dep type="dobj">
            <governor idx="4">attracting</governor>
            <dependent idx="8">members</dependent>
          </dep>
          <dep type="punct">
            <governor idx="4">attracting</governor>
            <dependent idx="9">,</dependent>
          </dep>
          <dep type="dep">
            <governor idx="4">attracting</governor>
            <dependent idx="10">paying</dependent>
          </dep>
          <dep type="det">
            <governor idx="12">directors</governor>
            <dependent idx="11">the</dependent>
          </dep>
          <dep type="dobj">
            <governor idx="10">paying</governor>
            <dependent idx="12">directors</dependent>
          </dep>
          <dep type="advmod">
            <governor idx="10">paying</governor>
            <dependent idx="13">more</dependent>
          </dep>
          <dep type="cc">
            <governor idx="4">attracting</governor>
            <dependent idx="14">and</dependent>
          </dep>
          <dep type="advmod">
            <governor idx="16">having</governor>
            <dependent idx="15">then</dependent>
          </dep>
          <dep type="ccomp" extra="true">
            <governor idx="2">recommended</governor>
            <dependent idx="16">having</dependent>
          </dep>
          <dep type="conj:and">
            <governor idx="4">attracting</governor>
            <dependent idx="16">having</dependent>
          </dep>
          <dep type="det">
            <governor idx="18">Board</governor>
            <dependent idx="17">the</dependent>
          </dep>
          <dep type="nsubj">
            <governor idx="19">engage</governor>
            <dependent idx="18">Board</dependent>
          </dep>
          <dep type="ccomp">
            <governor idx="16">having</governor>
            <dependent idx="19">engage</dependent>
          </dep>
          <dep type="case">
            <governor idx="24">investors</governor>
            <dependent idx="20">in</dependent>
          </dep>
          <dep type="dep">
            <governor idx="22">long</governor>
            <dependent idx="21">more</dependent>
          </dep>
          <dep type="amod">
            <governor idx="24">investors</governor>
            <dependent idx="22">long</dependent>
          </dep>
          <dep type="compound">
            <governor idx="24">investors</governor>
            <dependent idx="23">term</dependent>
          </dep>
          <dep type="nmod:in">
            <governor idx="19">engage</governor>
            <dependent idx="24">investors</dependent>
          </dep>
          <dep type="punct">
            <governor idx="2">recommended</governor>
            <dependent idx="25">.</dependent>
          </dep>
        </dependencies>
      </sentence>
      <sentence id="147">
        <tokens>
          <token id="1">
            <word>The</word>
            <lemma>the</lemma>
            <CharacterOffsetBegin>16162</CharacterOffsetBegin>
            <CharacterOffsetEnd>16165</CharacterOffsetEnd>
            <POS>DT</POS>
            <NER>O</NER>
            <Speaker>PER0</Speaker>
          </token>
          <token id="2">
            <word>second</word>
            <lemma>second</lemma>
            <CharacterOffsetBegin>16166</CharacterOffsetBegin>
            <CharacterOffsetEnd>16172</CharacterOffsetEnd>
            <POS>JJ</POS>
            <NER>ORDINAL</NER>
            <NormalizedNER>2.0</NormalizedNER>
            <Speaker>PER0</Speaker>
          </token>
          <token id="3">
            <word>article</word>
            <lemma>article</lemma>
            <CharacterOffsetBegin>16173</CharacterOffsetBegin>
            <CharacterOffsetEnd>16180</CharacterOffsetEnd>
            <POS>NN</POS>
            <NER>O</NER>
            <Speaker>PER0</Speaker>
          </token>
          <token id="4">
            <word>reviewed</word>
            <lemma>review</lemma>
            <CharacterOffsetBegin>16181</CharacterOffsetBegin>
            <CharacterOffsetEnd>16189</CharacterOffsetEnd>
            <POS>VBN</POS>
            <NER>O</NER>
            <Speaker>PER0</Speaker>
          </token>
          <token id="5">
            <word>was</word>
            <lemma>be</lemma>
            <CharacterOffsetBegin>16190</CharacterOffsetBegin>
            <CharacterOffsetEnd>16193</CharacterOffsetEnd>
            <POS>VBD</POS>
            <NER>O</NER>
            <Speaker>PER0</Speaker>
          </token>
          <token id="6">
            <word>titled</word>
            <lemma>title</lemma>
            <CharacterOffsetBegin>16194</CharacterOffsetBegin>
            <CharacterOffsetEnd>16200</CharacterOffsetEnd>
            <POS>VBN</POS>
            <NER>O</NER>
            <Speaker>PER0</Speaker>
          </token>
          <token id="7">
            <word>`</word>
            <lemma>`</lemma>
            <CharacterOffsetBegin>16201</CharacterOffsetBegin>
            <CharacterOffsetEnd>16202</CharacterOffsetEnd>
            <POS>``</POS>
            <NER>O</NER>
            <Speaker>PER0</Speaker>
          </token>
          <token id="8">
            <word>Corporate</word>
            <lemma>corporate</lemma>
            <CharacterOffsetBegin>16202</CharacterOffsetBegin>
            <CharacterOffsetEnd>16211</CharacterOffsetEnd>
            <POS>JJ</POS>
            <NER>O</NER>
            <Speaker>PER0</Speaker>
          </token>
          <token id="9">
            <word>Governane</word>
            <lemma>governane</lemma>
            <CharacterOffsetBegin>16212</CharacterOffsetBegin>
            <CharacterOffsetEnd>16221</CharacterOffsetEnd>
            <POS>NN</POS>
            <NER>O</NER>
            <Speaker>PER0</Speaker>
          </token>
          <token id="10">
            <word>2.0</word>
            <lemma>2.0</lemma>
            <CharacterOffsetBegin>16222</CharacterOffsetBegin>
            <CharacterOffsetEnd>16225</CharacterOffsetEnd>
            <POS>CD</POS>
            <NER>NUMBER</NER>
            <NormalizedNER>2.0</NormalizedNER>
            <Speaker>PER0</Speaker>
          </token>
          <token id="11">
            <word>'</word>
            <lemma>'</lemma>
            <CharacterOffsetBegin>16225</CharacterOffsetBegin>
            <CharacterOffsetEnd>16226</CharacterOffsetEnd>
            <POS>''</POS>
            <NER>O</NER>
            <Speaker>PER0</Speaker>
          </token>
          <token id="12">
            <word>.</word>
            <lemma>.</lemma>
            <CharacterOffsetBegin>16226</CharacterOffsetBegin>
            <CharacterOffsetEnd>16227</CharacterOffsetEnd>
            <POS>.</POS>
            <NER>O</NER>
            <Speaker>PER0</Speaker>
          </token>
        </tokens>
        <parse>(ROOT (S (NP (NP (DT The) (JJ second) (NN article)) (VP (VBN reviewed))) (VP (VBD was) (VP (VBN titled) (`` `) (NP (JJ Corporate) (NN Governane) (NP (CD 2.0))) ('' '))) (. .))) </parse>
        <dependencies type="basic-dependencies">
          <dep type="root">
            <governor idx="0">ROOT</governor>
            <dependent idx="6">titled</dependent>
          </dep>
          <dep type="det">
            <governor idx="3">article</governor>
            <dependent idx="1">The</dependent>
          </dep>
          <dep type="amod">
            <governor idx="3">article</governor>
            <dependent idx="2">second</dependent>
          </dep>
          <dep type="nsubjpass">
            <governor idx="6">titled</governor>
            <dependent idx="3">article</dependent>
          </dep>
          <dep type="acl">
            <governor idx="3">article</governor>
            <dependent idx="4">reviewed</dependent>
          </dep>
          <dep type="auxpass">
            <governor idx="6">titled</governor>
            <dependent idx="5">was</dependent>
          </dep>
          <dep type="punct">
            <governor idx="6">titled</governor>
            <dependent idx="7">`</dependent>
          </dep>
          <dep type="amod">
            <governor idx="9">Governane</governor>
            <dependent idx="8">Corporate</dependent>
          </dep>
          <dep type="dobj">
            <governor idx="6">titled</governor>
            <dependent idx="9">Governane</dependent>
          </dep>
          <dep type="dep">
            <governor idx="9">Governane</governor>
            <dependent idx="10">2.0</dependent>
          </dep>
          <dep type="punct">
            <governor idx="6">titled</governor>
            <dependent idx="11">'</dependent>
          </dep>
          <dep type="punct">
            <governor idx="6">titled</governor>
            <dependent idx="12">.</dependent>
          </dep>
        </dependencies>
        <dependencies type="collapsed-dependencies">
          <dep type="root">
            <governor idx="0">ROOT</governor>
            <dependent idx="6">titled</dependent>
          </dep>
          <dep type="det">
            <governor idx="3">article</governor>
            <dependent idx="1">The</dependent>
          </dep>
          <dep type="amod">
            <governor idx="3">article</governor>
            <dependent idx="2">second</dependent>
          </dep>
          <dep type="nsubjpass">
            <governor idx="6">titled</governor>
            <dependent idx="3">article</dependent>
          </dep>
          <dep type="acl">
            <governor idx="3">article</governor>
            <dependent idx="4">reviewed</dependent>
          </dep>
          <dep type="auxpass">
            <governor idx="6">titled</governor>
            <dependent idx="5">was</dependent>
          </dep>
          <dep type="punct">
            <governor idx="6">titled</governor>
            <dependent idx="7">`</dependent>
          </dep>
          <dep type="amod">
            <governor idx="9">Governane</governor>
            <dependent idx="8">Corporate</dependent>
          </dep>
          <dep type="dobj">
            <governor idx="6">titled</governor>
            <dependent idx="9">Governane</dependent>
          </dep>
          <dep type="dep">
            <governor idx="9">Governane</governor>
            <dependent idx="10">2.0</dependent>
          </dep>
          <dep type="punct">
            <governor idx="6">titled</governor>
            <dependent idx="11">'</dependent>
          </dep>
          <dep type="punct">
            <governor idx="6">titled</governor>
            <dependent idx="12">.</dependent>
          </dep>
        </dependencies>
        <dependencies type="collapsed-ccprocessed-dependencies">
          <dep type="root">
            <governor idx="0">ROOT</governor>
            <dependent idx="6">titled</dependent>
          </dep>
          <dep type="det">
            <governor idx="3">article</governor>
            <dependent idx="1">The</dependent>
          </dep>
          <dep type="amod">
            <governor idx="3">article</governor>
            <dependent idx="2">second</dependent>
          </dep>
          <dep type="nsubjpass">
            <governor idx="6">titled</governor>
            <dependent idx="3">article</dependent>
          </dep>
          <dep type="acl">
            <governor idx="3">article</governor>
            <dependent idx="4">reviewed</dependent>
          </dep>
          <dep type="auxpass">
            <governor idx="6">titled</governor>
            <dependent idx="5">was</dependent>
          </dep>
          <dep type="punct">
            <governor idx="6">titled</governor>
            <dependent idx="7">`</dependent>
          </dep>
          <dep type="amod">
            <governor idx="9">Governane</governor>
            <dependent idx="8">Corporate</dependent>
          </dep>
          <dep type="dobj">
            <governor idx="6">titled</governor>
            <dependent idx="9">Governane</dependent>
          </dep>
          <dep type="dep">
            <governor idx="9">Governane</governor>
            <dependent idx="10">2.0</dependent>
          </dep>
          <dep type="punct">
            <governor idx="6">titled</governor>
            <dependent idx="11">'</dependent>
          </dep>
          <dep type="punct">
            <governor idx="6">titled</governor>
            <dependent idx="12">.</dependent>
          </dep>
        </dependencies>
      </sentence>
      <sentence id="148">
        <tokens>
          <token id="1">
            <word>In</word>
            <lemma>in</lemma>
            <CharacterOffsetBegin>16228</CharacterOffsetBegin>
            <CharacterOffsetEnd>16230</CharacterOffsetEnd>
            <POS>IN</POS>
            <NER>O</NER>
            <Speaker>PER0</Speaker>
          </token>
          <token id="2">
            <word>the</word>
            <lemma>the</lemma>
            <CharacterOffsetBegin>16231</CharacterOffsetBegin>
            <CharacterOffsetEnd>16234</CharacterOffsetEnd>
            <POS>DT</POS>
            <NER>O</NER>
            <Speaker>PER0</Speaker>
          </token>
          <token id="3">
            <word>article</word>
            <lemma>article</lemma>
            <CharacterOffsetBegin>16235</CharacterOffsetBegin>
            <CharacterOffsetEnd>16242</CharacterOffsetEnd>
            <POS>NN</POS>
            <NER>O</NER>
            <Speaker>PER0</Speaker>
          </token>
          <token id="4">
            <word>it</word>
            <lemma>it</lemma>
            <CharacterOffsetBegin>16243</CharacterOffsetBegin>
            <CharacterOffsetEnd>16245</CharacterOffsetEnd>
            <POS>PRP</POS>
            <NER>O</NER>
            <Speaker>PER0</Speaker>
          </token>
          <token id="5">
            <word>highlights</word>
            <lemma>highlight</lemma>
            <CharacterOffsetBegin>16246</CharacterOffsetBegin>
            <CharacterOffsetEnd>16256</CharacterOffsetEnd>
            <POS>VBZ</POS>
            <NER>O</NER>
            <Speaker>PER0</Speaker>
          </token>
          <token id="6">
            <word>that</word>
            <lemma>that</lemma>
            <CharacterOffsetBegin>16257</CharacterOffsetBegin>
            <CharacterOffsetEnd>16261</CharacterOffsetEnd>
            <POS>IN</POS>
            <NER>O</NER>
            <Speaker>PER0</Speaker>
          </token>
          <token id="7">
            <word>it</word>
            <lemma>it</lemma>
            <CharacterOffsetBegin>16262</CharacterOffsetBegin>
            <CharacterOffsetEnd>16264</CharacterOffsetEnd>
            <POS>PRP</POS>
            <NER>O</NER>
            <Speaker>PER0</Speaker>
          </token>
          <token id="8">
            <word>was</word>
            <lemma>be</lemma>
            <CharacterOffsetBegin>16265</CharacterOffsetBegin>
            <CharacterOffsetEnd>16268</CharacterOffsetEnd>
            <POS>VBD</POS>
            <NER>O</NER>
            <Speaker>PER0</Speaker>
          </token>
          <token id="9">
            <word>ironic</word>
            <lemma>ironic</lemma>
            <CharacterOffsetBegin>16269</CharacterOffsetBegin>
            <CharacterOffsetEnd>16275</CharacterOffsetEnd>
            <POS>JJ</POS>
            <NER>O</NER>
            <Speaker>PER0</Speaker>
          </token>
          <token id="10">
            <word>that</word>
            <lemma>that</lemma>
            <CharacterOffsetBegin>16276</CharacterOffsetBegin>
            <CharacterOffsetEnd>16280</CharacterOffsetEnd>
            <POS>IN</POS>
            <NER>O</NER>
            <Speaker>PER0</Speaker>
          </token>
          <token id="11">
            <word>companies</word>
            <lemma>company</lemma>
            <CharacterOffsetBegin>16281</CharacterOffsetBegin>
            <CharacterOffsetEnd>16290</CharacterOffsetEnd>
            <POS>NNS</POS>
            <NER>O</NER>
            <Speaker>PER0</Speaker>
          </token>
          <token id="12">
            <word>have</word>
            <lemma>have</lemma>
            <CharacterOffsetBegin>16291</CharacterOffsetBegin>
            <CharacterOffsetEnd>16295</CharacterOffsetEnd>
            <POS>VBP</POS>
            <NER>O</NER>
            <Speaker>PER0</Speaker>
          </token>
          <token id="13">
            <word>to</word>
            <lemma>to</lemma>
            <CharacterOffsetBegin>16296</CharacterOffsetBegin>
            <CharacterOffsetEnd>16298</CharacterOffsetEnd>
            <POS>TO</POS>
            <NER>O</NER>
            <Speaker>PER0</Speaker>
          </token>
          <token id="14">
            <word>private</word>
            <lemma>private</lemma>
            <CharacterOffsetBegin>16299</CharacterOffsetBegin>
            <CharacterOffsetEnd>16306</CharacterOffsetEnd>
            <POS>JJ</POS>
            <NER>O</NER>
            <Speaker>PER0</Speaker>
          </token>
          <token id="15">
            <word>in</word>
            <lemma>in</lemma>
            <CharacterOffsetBegin>16307</CharacterOffsetBegin>
            <CharacterOffsetEnd>16309</CharacterOffsetEnd>
            <POS>IN</POS>
            <NER>O</NER>
            <Speaker>PER0</Speaker>
          </token>
          <token id="16">
            <word>order</word>
            <lemma>order</lemma>
            <CharacterOffsetBegin>16310</CharacterOffsetBegin>
            <CharacterOffsetEnd>16315</CharacterOffsetEnd>
            <POS>NN</POS>
            <NER>O</NER>
            <Speaker>PER0</Speaker>
          </token>
          <token id="17">
            <word>to</word>
            <lemma>to</lemma>
            <CharacterOffsetBegin>16316</CharacterOffsetBegin>
            <CharacterOffsetEnd>16318</CharacterOffsetEnd>
            <POS>TO</POS>
            <NER>O</NER>
            <Speaker>PER0</Speaker>
          </token>
          <token id="18">
            <word>think</word>
            <lemma>think</lemma>
            <CharacterOffsetBegin>16319</CharacterOffsetBegin>
            <CharacterOffsetEnd>16324</CharacterOffsetEnd>
            <POS>VB</POS>
            <NER>O</NER>
            <Speaker>PER0</Speaker>
          </token>
          <token id="19">
            <word>long</word>
            <lemma>long</lemma>
            <CharacterOffsetBegin>16325</CharacterOffsetBegin>
            <CharacterOffsetEnd>16329</CharacterOffsetEnd>
            <POS>JJ</POS>
            <NER>O</NER>
            <Speaker>PER0</Speaker>
          </token>
          <token id="20">
            <word>term</word>
            <lemma>term</lemma>
            <CharacterOffsetBegin>16330</CharacterOffsetBegin>
            <CharacterOffsetEnd>16334</CharacterOffsetEnd>
            <POS>NN</POS>
            <NER>O</NER>
            <Speaker>PER0</Speaker>
          </token>
          <token id="21">
            <word>.</word>
            <lemma>.</lemma>
            <CharacterOffsetBegin>16334</CharacterOffsetBegin>
            <CharacterOffsetEnd>16335</CharacterOffsetEnd>
            <POS>.</POS>
            <NER>O</NER>
            <Speaker>PER0</Speaker>
          </token>
        </tokens>
        <parse>(ROOT (S (PP (IN In) (NP (DT the) (NN article))) (NP (PRP it)) (VP (VBZ highlights) (SBAR (IN that) (S (NP (PRP it)) (VP (VBD was) (ADJP (JJ ironic)) (SBAR (IN that) (S (NP (NNS companies)) (VP (VBP have) (PP (TO to) (NP (NP (JJ private)) (PP (IN in) (NP (NN order))))) (S (VP (TO to) (VP (VB think) (NP (JJ long) (NN term)))))))))))) (. .))) </parse>
        <dependencies type="basic-dependencies">
          <dep type="root">
            <governor idx="0">ROOT</governor>
            <dependent idx="5">highlights</dependent>
          </dep>
          <dep type="case">
            <governor idx="3">article</governor>
            <dependent idx="1">In</dependent>
          </dep>
          <dep type="det">
            <governor idx="3">article</governor>
            <dependent idx="2">the</dependent>
          </dep>
          <dep type="nmod">
            <governor idx="5">highlights</governor>
            <dependent idx="3">article</dependent>
          </dep>
          <dep type="nsubj">
            <governor idx="5">highlights</governor>
            <dependent idx="4">it</dependent>
          </dep>
          <dep type="mark">
            <governor idx="9">ironic</governor>
            <dependent idx="6">that</dependent>
          </dep>
          <dep type="nsubj">
            <governor idx="9">ironic</governor>
            <dependent idx="7">it</dependent>
          </dep>
          <dep type="cop">
            <governor idx="9">ironic</governor>
            <dependent idx="8">was</dependent>
          </dep>
          <dep type="ccomp">
            <governor idx="5">highlights</governor>
            <dependent idx="9">ironic</dependent>
          </dep>
          <dep type="mark">
            <governor idx="12">have</governor>
            <dependent idx="10">that</dependent>
          </dep>
          <dep type="nsubj">
            <governor idx="12">have</governor>
            <dependent idx="11">companies</dependent>
          </dep>
          <dep type="ccomp">
            <governor idx="9">ironic</governor>
            <dependent idx="12">have</dependent>
          </dep>
          <dep type="case">
            <governor idx="14">private</governor>
            <dependent idx="13">to</dependent>
          </dep>
          <dep type="nmod">
            <governor idx="12">have</governor>
            <dependent idx="14">private</dependent>
          </dep>
          <dep type="acl">
            <governor idx="14">private</governor>
            <dependent idx="15">in</dependent>
          </dep>
          <dep type="mwe">
            <governor idx="15">in</governor>
            <dependent idx="16">order</dependent>
          </dep>
          <dep type="mark">
            <governor idx="18">think</governor>
            <dependent idx="17">to</dependent>
          </dep>
          <dep type="xcomp">
            <governor idx="12">have</governor>
            <dependent idx="18">think</dependent>
          </dep>
          <dep type="amod">
            <governor idx="20">term</governor>
            <dependent idx="19">long</dependent>
          </dep>
          <dep type="dobj">
            <governor idx="18">think</governor>
            <dependent idx="20">term</dependent>
          </dep>
          <dep type="punct">
            <governor idx="5">highlights</governor>
            <dependent idx="21">.</dependent>
          </dep>
        </dependencies>
        <dependencies type="collapsed-dependencies">
          <dep type="root">
            <governor idx="0">ROOT</governor>
            <dependent idx="5">highlights</dependent>
          </dep>
          <dep type="case">
            <governor idx="3">article</governor>
            <dependent idx="1">In</dependent>
          </dep>
          <dep type="det">
            <governor idx="3">article</governor>
            <dependent idx="2">the</dependent>
          </dep>
          <dep type="nmod:in">
            <governor idx="5">highlights</governor>
            <dependent idx="3">article</dependent>
          </dep>
          <dep type="nsubj">
            <governor idx="5">highlights</governor>
            <dependent idx="4">it</dependent>
          </dep>
          <dep type="mark">
            <governor idx="9">ironic</governor>
            <dependent idx="6">that</dependent>
          </dep>
          <dep type="nsubj">
            <governor idx="9">ironic</governor>
            <dependent idx="7">it</dependent>
          </dep>
          <dep type="cop">
            <governor idx="9">ironic</governor>
            <dependent idx="8">was</dependent>
          </dep>
          <dep type="ccomp">
            <governor idx="5">highlights</governor>
            <dependent idx="9">ironic</dependent>
          </dep>
          <dep type="mark">
            <governor idx="12">have</governor>
            <dependent idx="10">that</dependent>
          </dep>
          <dep type="nsubj">
            <governor idx="12">have</governor>
            <dependent idx="11">companies</dependent>
          </dep>
          <dep type="ccomp">
            <governor idx="9">ironic</governor>
            <dependent idx="12">have</dependent>
          </dep>
          <dep type="case">
            <governor idx="14">private</governor>
            <dependent idx="13">to</dependent>
          </dep>
          <dep type="nmod:to">
            <governor idx="12">have</governor>
            <dependent idx="14">private</dependent>
          </dep>
          <dep type="acl">
            <governor idx="14">private</governor>
            <dependent idx="15">in</dependent>
          </dep>
          <dep type="mwe">
            <governor idx="15">in</governor>
            <dependent idx="16">order</dependent>
          </dep>
          <dep type="mark">
            <governor idx="18">think</governor>
            <dependent idx="17">to</dependent>
          </dep>
          <dep type="xcomp">
            <governor idx="12">have</governor>
            <dependent idx="18">think</dependent>
          </dep>
          <dep type="amod">
            <governor idx="20">term</governor>
            <dependent idx="19">long</dependent>
          </dep>
          <dep type="dobj">
            <governor idx="18">think</governor>
            <dependent idx="20">term</dependent>
          </dep>
          <dep type="punct">
            <governor idx="5">highlights</governor>
            <dependent idx="21">.</dependent>
          </dep>
        </dependencies>
        <dependencies type="collapsed-ccprocessed-dependencies">
          <dep type="root">
            <governor idx="0">ROOT</governor>
            <dependent idx="5">highlights</dependent>
          </dep>
          <dep type="case">
            <governor idx="3">article</governor>
            <dependent idx="1">In</dependent>
          </dep>
          <dep type="det">
            <governor idx="3">article</governor>
            <dependent idx="2">the</dependent>
          </dep>
          <dep type="nmod:in">
            <governor idx="5">highlights</governor>
            <dependent idx="3">article</dependent>
          </dep>
          <dep type="nsubj">
            <governor idx="5">highlights</governor>
            <dependent idx="4">it</dependent>
          </dep>
          <dep type="mark">
            <governor idx="9">ironic</governor>
            <dependent idx="6">that</dependent>
          </dep>
          <dep type="nsubj">
            <governor idx="9">ironic</governor>
            <dependent idx="7">it</dependent>
          </dep>
          <dep type="cop">
            <governor idx="9">ironic</governor>
            <dependent idx="8">was</dependent>
          </dep>
          <dep type="ccomp">
            <governor idx="5">highlights</governor>
            <dependent idx="9">ironic</dependent>
          </dep>
          <dep type="mark">
            <governor idx="12">have</governor>
            <dependent idx="10">that</dependent>
          </dep>
          <dep type="nsubj">
            <governor idx="12">have</governor>
            <dependent idx="11">companies</dependent>
          </dep>
          <dep type="ccomp">
            <governor idx="9">ironic</governor>
            <dependent idx="12">have</dependent>
          </dep>
          <dep type="case">
            <governor idx="14">private</governor>
            <dependent idx="13">to</dependent>
          </dep>
          <dep type="nmod:to">
            <governor idx="12">have</governor>
            <dependent idx="14">private</dependent>
          </dep>
          <dep type="acl">
            <governor idx="14">private</governor>
            <dependent idx="15">in</dependent>
          </dep>
          <dep type="mwe">
            <governor idx="15">in</governor>
            <dependent idx="16">order</dependent>
          </dep>
          <dep type="mark">
            <governor idx="18">think</governor>
            <dependent idx="17">to</dependent>
          </dep>
          <dep type="xcomp">
            <governor idx="12">have</governor>
            <dependent idx="18">think</dependent>
          </dep>
          <dep type="amod">
            <governor idx="20">term</governor>
            <dependent idx="19">long</dependent>
          </dep>
          <dep type="dobj">
            <governor idx="18">think</governor>
            <dependent idx="20">term</dependent>
          </dep>
          <dep type="punct">
            <governor idx="5">highlights</governor>
            <dependent idx="21">.</dependent>
          </dep>
        </dependencies>
      </sentence>
      <sentence id="149">
        <tokens>
          <token id="1">
            <word>Quote</word>
            <lemma>quote</lemma>
            <CharacterOffsetBegin>16336</CharacterOffsetBegin>
            <CharacterOffsetEnd>16341</CharacterOffsetEnd>
            <POS>VB</POS>
            <NER>O</NER>
            <Speaker>PER0</Speaker>
          </token>
          <token id="2">
            <word>from</word>
            <lemma>from</lemma>
            <CharacterOffsetBegin>16342</CharacterOffsetBegin>
            <CharacterOffsetEnd>16346</CharacterOffsetEnd>
            <POS>IN</POS>
            <NER>O</NER>
            <Speaker>PER0</Speaker>
          </token>
          <token id="3">
            <word>Dell</word>
            <lemma>Dell</lemma>
            <CharacterOffsetBegin>16347</CharacterOffsetBegin>
            <CharacterOffsetEnd>16351</CharacterOffsetEnd>
            <POS>NNP</POS>
            <NER>ORGANIZATION</NER>
            <Speaker>PER0</Speaker>
          </token>
          <token id="4">
            <word>``</word>
            <lemma>``</lemma>
            <CharacterOffsetBegin>16352</CharacterOffsetBegin>
            <CharacterOffsetEnd>16353</CharacterOffsetEnd>
            <POS>``</POS>
            <NER>O</NER>
          </token>
          <token id="5">
            <word>Privatization</word>
            <lemma>privatization</lemma>
            <CharacterOffsetBegin>16353</CharacterOffsetBegin>
            <CharacterOffsetEnd>16366</CharacterOffsetEnd>
            <POS>NN</POS>
            <NER>O</NER>
            <Speaker>PER7</Speaker>
          </token>
          <token id="6">
            <word>has</word>
            <lemma>have</lemma>
            <CharacterOffsetBegin>16367</CharacterOffsetBegin>
            <CharacterOffsetEnd>16370</CharacterOffsetEnd>
            <POS>VBZ</POS>
            <NER>O</NER>
            <Speaker>PER7</Speaker>
          </token>
          <token id="7">
            <word>unleashed</word>
            <lemma>unleash</lemma>
            <CharacterOffsetBegin>16371</CharacterOffsetBegin>
            <CharacterOffsetEnd>16380</CharacterOffsetEnd>
            <POS>VBN</POS>
            <NER>O</NER>
            <Speaker>PER7</Speaker>
          </token>
          <token id="8">
            <word>the</word>
            <lemma>the</lemma>
            <CharacterOffsetBegin>16381</CharacterOffsetBegin>
            <CharacterOffsetEnd>16384</CharacterOffsetEnd>
            <POS>DT</POS>
            <NER>O</NER>
            <Speaker>PER7</Speaker>
          </token>
          <token id="9">
            <word>passion</word>
            <lemma>passion</lemma>
            <CharacterOffsetBegin>16385</CharacterOffsetBegin>
            <CharacterOffsetEnd>16392</CharacterOffsetEnd>
            <POS>NN</POS>
            <NER>O</NER>
            <Speaker>PER7</Speaker>
          </token>
          <token id="10">
            <word>of</word>
            <lemma>of</lemma>
            <CharacterOffsetBegin>16393</CharacterOffsetBegin>
            <CharacterOffsetEnd>16395</CharacterOffsetEnd>
            <POS>IN</POS>
            <NER>O</NER>
            <Speaker>PER7</Speaker>
          </token>
          <token id="11">
            <word>our</word>
            <lemma>we</lemma>
            <CharacterOffsetBegin>16396</CharacterOffsetBegin>
            <CharacterOffsetEnd>16399</CharacterOffsetEnd>
            <POS>PRP$</POS>
            <NER>O</NER>
            <Speaker>PER7</Speaker>
          </token>
          <token id="12">
            <word>team</word>
            <lemma>team</lemma>
            <CharacterOffsetBegin>16400</CharacterOffsetBegin>
            <CharacterOffsetEnd>16404</CharacterOffsetEnd>
            <POS>NN</POS>
            <NER>O</NER>
            <Speaker>PER7</Speaker>
          </token>
          <token id="13">
            <word>member</word>
            <lemma>member</lemma>
            <CharacterOffsetBegin>16405</CharacterOffsetBegin>
            <CharacterOffsetEnd>16411</CharacterOffsetEnd>
            <POS>NN</POS>
            <NER>O</NER>
            <Speaker>PER7</Speaker>
          </token>
          <token id="14">
            <word>who</word>
            <lemma>who</lemma>
            <CharacterOffsetBegin>16412</CharacterOffsetBegin>
            <CharacterOffsetEnd>16415</CharacterOffsetEnd>
            <POS>WP</POS>
            <NER>O</NER>
            <Speaker>PER7</Speaker>
          </token>
          <token id="15">
            <word>has</word>
            <lemma>have</lemma>
            <CharacterOffsetBegin>16416</CharacterOffsetBegin>
            <CharacterOffsetEnd>16419</CharacterOffsetEnd>
            <POS>VBZ</POS>
            <NER>O</NER>
            <Speaker>PER7</Speaker>
          </token>
          <token id="16">
            <word>freedom</word>
            <lemma>freedom</lemma>
            <CharacterOffsetBegin>16420</CharacterOffsetBegin>
            <CharacterOffsetEnd>16427</CharacterOffsetEnd>
            <POS>NN</POS>
            <NER>O</NER>
            <Speaker>PER7</Speaker>
          </token>
          <token id="17">
            <word>to</word>
            <lemma>to</lemma>
            <CharacterOffsetBegin>16428</CharacterOffsetBegin>
            <CharacterOffsetEnd>16430</CharacterOffsetEnd>
            <POS>TO</POS>
            <NER>O</NER>
            <Speaker>PER7</Speaker>
          </token>
          <token id="18">
            <word>focus</word>
            <lemma>focus</lemma>
            <CharacterOffsetBegin>16431</CharacterOffsetBegin>
            <CharacterOffsetEnd>16436</CharacterOffsetEnd>
            <POS>VB</POS>
            <NER>O</NER>
            <Speaker>PER7</Speaker>
          </token>
          <token id="19">
            <word>on</word>
            <lemma>on</lemma>
            <CharacterOffsetBegin>16437</CharacterOffsetBegin>
            <CharacterOffsetEnd>16439</CharacterOffsetEnd>
            <POS>IN</POS>
            <NER>O</NER>
            <Speaker>PER7</Speaker>
          </token>
          <token id="20">
            <word>first</word>
            <lemma>first</lemma>
            <CharacterOffsetBegin>16440</CharacterOffsetBegin>
            <CharacterOffsetEnd>16445</CharacterOffsetEnd>
            <POS>JJ</POS>
            <NER>ORDINAL</NER>
            <NormalizedNER>1.0</NormalizedNER>
            <Speaker>PER7</Speaker>
          </token>
          <token id="21">
            <word>innovating</word>
            <lemma>innovate</lemma>
            <CharacterOffsetBegin>16446</CharacterOffsetBegin>
            <CharacterOffsetEnd>16456</CharacterOffsetEnd>
            <POS>VBG</POS>
            <NER>O</NER>
            <Speaker>PER7</Speaker>
          </token>
          <token id="22">
            <word>for</word>
            <lemma>for</lemma>
            <CharacterOffsetBegin>16457</CharacterOffsetBegin>
            <CharacterOffsetEnd>16460</CharacterOffsetEnd>
            <POS>IN</POS>
            <NER>O</NER>
            <Speaker>PER7</Speaker>
          </token>
          <token id="23">
            <word>customers</word>
            <lemma>customer</lemma>
            <CharacterOffsetBegin>16461</CharacterOffsetBegin>
            <CharacterOffsetEnd>16470</CharacterOffsetEnd>
            <POS>NNS</POS>
            <NER>O</NER>
            <Speaker>PER7</Speaker>
          </token>
          <token id="24">
            <word>in</word>
            <lemma>in</lemma>
            <CharacterOffsetBegin>16471</CharacterOffsetBegin>
            <CharacterOffsetEnd>16473</CharacterOffsetEnd>
            <POS>IN</POS>
            <NER>O</NER>
            <Speaker>PER7</Speaker>
          </token>
          <token id="25">
            <word>a</word>
            <lemma>a</lemma>
            <CharacterOffsetBegin>16474</CharacterOffsetBegin>
            <CharacterOffsetEnd>16475</CharacterOffsetEnd>
            <POS>DT</POS>
            <NER>O</NER>
            <Speaker>PER7</Speaker>
          </token>
          <token id="26">
            <word>way</word>
            <lemma>way</lemma>
            <CharacterOffsetBegin>16476</CharacterOffsetBegin>
            <CharacterOffsetEnd>16479</CharacterOffsetEnd>
            <POS>NN</POS>
            <NER>O</NER>
            <Speaker>PER7</Speaker>
          </token>
          <token id="27">
            <word>that</word>
            <lemma>that</lemma>
            <CharacterOffsetBegin>16480</CharacterOffsetBegin>
            <CharacterOffsetEnd>16484</CharacterOffsetEnd>
            <POS>WDT</POS>
            <NER>O</NER>
            <Speaker>PER7</Speaker>
          </token>
          <token id="28">
            <word>would</word>
            <lemma>would</lemma>
            <CharacterOffsetBegin>16485</CharacterOffsetBegin>
            <CharacterOffsetEnd>16490</CharacterOffsetEnd>
            <POS>MD</POS>
            <NER>O</NER>
            <Speaker>PER7</Speaker>
          </token>
          <token id="29">
            <word>not</word>
            <lemma>not</lemma>
            <CharacterOffsetBegin>16491</CharacterOffsetBegin>
            <CharacterOffsetEnd>16494</CharacterOffsetEnd>
            <POS>RB</POS>
            <NER>O</NER>
            <Speaker>PER7</Speaker>
          </token>
          <token id="30">
            <word>have</word>
            <lemma>have</lemma>
            <CharacterOffsetBegin>16495</CharacterOffsetBegin>
            <CharacterOffsetEnd>16499</CharacterOffsetEnd>
            <POS>VB</POS>
            <NER>O</NER>
            <Speaker>PER7</Speaker>
          </token>
          <token id="31">
            <word>been</word>
            <lemma>be</lemma>
            <CharacterOffsetBegin>16500</CharacterOffsetBegin>
            <CharacterOffsetEnd>16504</CharacterOffsetEnd>
            <POS>VBN</POS>
            <NER>O</NER>
            <Speaker>PER7</Speaker>
          </token>
          <token id="32">
            <word>possible</word>
            <lemma>possible</lemma>
            <CharacterOffsetBegin>16505</CharacterOffsetBegin>
            <CharacterOffsetEnd>16513</CharacterOffsetEnd>
            <POS>JJ</POS>
            <NER>O</NER>
            <Speaker>PER7</Speaker>
          </token>
          <token id="33">
            <word>when</word>
            <lemma>when</lemma>
            <CharacterOffsetBegin>16514</CharacterOffsetBegin>
            <CharacterOffsetEnd>16518</CharacterOffsetEnd>
            <POS>WRB</POS>
            <NER>O</NER>
            <Speaker>PER7</Speaker>
          </token>
          <token id="34">
            <word>striving</word>
            <lemma>strive</lemma>
            <CharacterOffsetBegin>16519</CharacterOffsetBegin>
            <CharacterOffsetEnd>16527</CharacterOffsetEnd>
            <POS>VBG</POS>
            <NER>O</NER>
            <Speaker>PER7</Speaker>
          </token>
          <token id="35">
            <word>to</word>
            <lemma>to</lemma>
            <CharacterOffsetBegin>16528</CharacterOffsetBegin>
            <CharacterOffsetEnd>16530</CharacterOffsetEnd>
            <POS>TO</POS>
            <NER>O</NER>
            <Speaker>PER7</Speaker>
          </token>
          <token id="36">
            <word>meet</word>
            <lemma>meet</lemma>
            <CharacterOffsetBegin>16531</CharacterOffsetBegin>
            <CharacterOffsetEnd>16535</CharacterOffsetEnd>
            <POS>VB</POS>
            <NER>O</NER>
            <Speaker>PER7</Speaker>
          </token>
          <token id="37">
            <word>the</word>
            <lemma>the</lemma>
            <CharacterOffsetBegin>16536</CharacterOffsetBegin>
            <CharacterOffsetEnd>16539</CharacterOffsetEnd>
            <POS>DT</POS>
            <NER>O</NER>
            <Speaker>PER7</Speaker>
          </token>
          <token id="38">
            <word>quarterly</word>
            <lemma>quarterly</lemma>
            <CharacterOffsetBegin>16540</CharacterOffsetBegin>
            <CharacterOffsetEnd>16549</CharacterOffsetEnd>
            <POS>JJ</POS>
            <NER>SET</NER>
            <Speaker>PER7</Speaker>
            <Timex tid="t22" type="SET">P3M</Timex>
          </token>
          <token id="39">
            <word>demands</word>
            <lemma>demand</lemma>
            <CharacterOffsetBegin>16550</CharacterOffsetBegin>
            <CharacterOffsetEnd>16557</CharacterOffsetEnd>
            <POS>NNS</POS>
            <NER>O</NER>
            <Speaker>PER7</Speaker>
          </token>
          <token id="40">
            <word>of</word>
            <lemma>of</lemma>
            <CharacterOffsetBegin>16558</CharacterOffsetBegin>
            <CharacterOffsetEnd>16560</CharacterOffsetEnd>
            <POS>IN</POS>
            <NER>O</NER>
            <Speaker>PER7</Speaker>
          </token>
          <token id="41">
            <word>wall</word>
            <lemma>wall</lemma>
            <CharacterOffsetBegin>16561</CharacterOffsetBegin>
            <CharacterOffsetEnd>16565</CharacterOffsetEnd>
            <POS>NN</POS>
            <NER>O</NER>
            <Speaker>PER7</Speaker>
          </token>
          <token id="42">
            <word>street</word>
            <lemma>street</lemma>
            <CharacterOffsetBegin>16566</CharacterOffsetBegin>
            <CharacterOffsetEnd>16572</CharacterOffsetEnd>
            <POS>NN</POS>
            <NER>O</NER>
            <Speaker>PER7</Speaker>
          </token>
          <token id="43">
            <word>''</word>
            <lemma>''</lemma>
            <CharacterOffsetBegin>16572</CharacterOffsetBegin>
            <CharacterOffsetEnd>16573</CharacterOffsetEnd>
            <POS>''</POS>
            <NER>O</NER>
            <Speaker>PER0</Speaker>
          </token>
          <token id="44">
            <word>.</word>
            <lemma>.</lemma>
            <CharacterOffsetBegin>16573</CharacterOffsetBegin>
            <CharacterOffsetEnd>16574</CharacterOffsetEnd>
            <POS>.</POS>
            <NER>O</NER>
            <Speaker>PER0</Speaker>
          </token>
        </tokens>
        <parse>(ROOT (S (VP (VB Quote) (PP (IN from) (NP (NP (NNP Dell)) (`` ``) (S (NP (NN Privatization)) (VP (VBZ has) (VP (VBN unleashed) (NP (NP (DT the) (NN passion)) (PP (IN of) (NP (PRP$ our) (NN team) (NN member))) (SBAR (WHNP (WP who)) (S (VP (VBZ has) (NP (NN freedom) (S (VP (TO to) (VP (VB focus) (PP (IN on) (NP (NP (JJ first) (VBG innovating)) (PP (IN for) (NP (NP (NNS customers)) (PP (IN in) (NP (NP (DT a) (NN way)) (SBAR (WHNP (WDT that)) (S (VP (MD would) (RB not) (VP (VB have) (VP (VBN been) (ADJP (JJ possible)) (SBAR (WHADVP (WRB when)) (S (VP (VBG striving) (S (VP (TO to) (VP (VB meet) (NP (NP (DT the) (JJ quarterly) (NNS demands)) (PP (IN of) (NP (NN wall) (NN street)))))))))))))))))))))))))))))))) ('' '')))) (. .))) </parse>
        <dependencies type="basic-dependencies">
          <dep type="root">
            <governor idx="0">ROOT</governor>
            <dependent idx="1">Quote</dependent>
          </dep>
          <dep type="case">
            <governor idx="3">Dell</governor>
            <dependent idx="2">from</dependent>
          </dep>
          <dep type="nmod">
            <governor idx="1">Quote</governor>
            <dependent idx="3">Dell</dependent>
          </dep>
          <dep type="punct">
            <governor idx="3">Dell</governor>
            <dependent idx="4">``</dependent>
          </dep>
          <dep type="nsubj">
            <governor idx="7">unleashed</governor>
            <dependent idx="5">Privatization</dependent>
          </dep>
          <dep type="aux">
            <governor idx="7">unleashed</governor>
            <dependent idx="6">has</dependent>
          </dep>
          <dep type="dep">
            <governor idx="3">Dell</governor>
            <dependent idx="7">unleashed</dependent>
          </dep>
          <dep type="det">
            <governor idx="9">passion</governor>
            <dependent idx="8">the</dependent>
          </dep>
          <dep type="dobj">
            <governor idx="7">unleashed</governor>
            <dependent idx="9">passion</dependent>
          </dep>
          <dep type="case">
            <governor idx="13">member</governor>
            <dependent idx="10">of</dependent>
          </dep>
          <dep type="nmod:poss">
            <governor idx="13">member</governor>
            <dependent idx="11">our</dependent>
          </dep>
          <dep type="compound">
            <governor idx="13">member</governor>
            <dependent idx="12">team</dependent>
          </dep>
          <dep type="nmod">
            <governor idx="9">passion</governor>
            <dependent idx="13">member</dependent>
          </dep>
          <dep type="nsubj">
            <governor idx="15">has</governor>
            <dependent idx="14">who</dependent>
          </dep>
          <dep type="acl:relcl">
            <governor idx="9">passion</governor>
            <dependent idx="15">has</dependent>
          </dep>
          <dep type="dobj">
            <governor idx="15">has</governor>
            <dependent idx="16">freedom</dependent>
          </dep>
          <dep type="mark">
            <governor idx="18">focus</governor>
            <dependent idx="17">to</dependent>
          </dep>
          <dep type="acl">
            <governor idx="16">freedom</governor>
            <dependent idx="18">focus</dependent>
          </dep>
          <dep type="case">
            <governor idx="20">first</governor>
            <dependent idx="19">on</dependent>
          </dep>
          <dep type="nmod">
            <governor idx="18">focus</governor>
            <dependent idx="20">first</dependent>
          </dep>
          <dep type="amod">
            <governor idx="20">first</governor>
            <dependent idx="21">innovating</dependent>
          </dep>
          <dep type="case">
            <governor idx="23">customers</governor>
            <dependent idx="22">for</dependent>
          </dep>
          <dep type="nmod">
            <governor idx="20">first</governor>
            <dependent idx="23">customers</dependent>
          </dep>
          <dep type="case">
            <governor idx="26">way</governor>
            <dependent idx="24">in</dependent>
          </dep>
          <dep type="det">
            <governor idx="26">way</governor>
            <dependent idx="25">a</dependent>
          </dep>
          <dep type="nmod">
            <governor idx="23">customers</governor>
            <dependent idx="26">way</dependent>
          </dep>
          <dep type="nsubj">
            <governor idx="32">possible</governor>
            <dependent idx="27">that</dependent>
          </dep>
          <dep type="aux">
            <governor idx="32">possible</governor>
            <dependent idx="28">would</dependent>
          </dep>
          <dep type="neg">
            <governor idx="32">possible</governor>
            <dependent idx="29">not</dependent>
          </dep>
          <dep type="aux">
            <governor idx="32">possible</governor>
            <dependent idx="30">have</dependent>
          </dep>
          <dep type="cop">
            <governor idx="32">possible</governor>
            <dependent idx="31">been</dependent>
          </dep>
          <dep type="acl:relcl">
            <governor idx="26">way</governor>
            <dependent idx="32">possible</dependent>
          </dep>
          <dep type="advmod">
            <governor idx="34">striving</governor>
            <dependent idx="33">when</dependent>
          </dep>
          <dep type="advcl">
            <governor idx="32">possible</governor>
            <dependent idx="34">striving</dependent>
          </dep>
          <dep type="mark">
            <governor idx="36">meet</governor>
            <dependent idx="35">to</dependent>
          </dep>
          <dep type="xcomp">
            <governor idx="34">striving</governor>
            <dependent idx="36">meet</dependent>
          </dep>
          <dep type="det">
            <governor idx="39">demands</governor>
            <dependent idx="37">the</dependent>
          </dep>
          <dep type="amod">
            <governor idx="39">demands</governor>
            <dependent idx="38">quarterly</dependent>
          </dep>
          <dep type="dobj">
            <governor idx="36">meet</governor>
            <dependent idx="39">demands</dependent>
          </dep>
          <dep type="case">
            <governor idx="42">street</governor>
            <dependent idx="40">of</dependent>
          </dep>
          <dep type="compound">
            <governor idx="42">street</governor>
            <dependent idx="41">wall</dependent>
          </dep>
          <dep type="nmod">
            <governor idx="39">demands</governor>
            <dependent idx="42">street</dependent>
          </dep>
          <dep type="punct">
            <governor idx="3">Dell</governor>
            <dependent idx="43">''</dependent>
          </dep>
          <dep type="punct">
            <governor idx="1">Quote</governor>
            <dependent idx="44">.</dependent>
          </dep>
        </dependencies>
        <dependencies type="collapsed-dependencies">
          <dep type="root">
            <governor idx="0">ROOT</governor>
            <dependent idx="1">Quote</dependent>
          </dep>
          <dep type="case">
            <governor idx="3">Dell</governor>
            <dependent idx="2">from</dependent>
          </dep>
          <dep type="nmod:from">
            <governor idx="1">Quote</governor>
            <dependent idx="3">Dell</dependent>
          </dep>
          <dep type="punct">
            <governor idx="3">Dell</governor>
            <dependent idx="4">``</dependent>
          </dep>
          <dep type="nsubj">
            <governor idx="7">unleashed</governor>
            <dependent idx="5">Privatization</dependent>
          </dep>
          <dep type="aux">
            <governor idx="7">unleashed</governor>
            <dependent idx="6">has</dependent>
          </dep>
          <dep type="dep">
            <governor idx="3">Dell</governor>
            <dependent idx="7">unleashed</dependent>
          </dep>
          <dep type="det">
            <governor idx="9">passion</governor>
            <dependent idx="8">the</dependent>
          </dep>
          <dep type="dobj">
            <governor idx="7">unleashed</governor>
            <dependent idx="9">passion</dependent>
          </dep>
          <dep type="case">
            <governor idx="13">member</governor>
            <dependent idx="10">of</dependent>
          </dep>
          <dep type="nmod:poss">
            <governor idx="13">member</governor>
            <dependent idx="11">our</dependent>
          </dep>
          <dep type="compound">
            <governor idx="13">member</governor>
            <dependent idx="12">team</dependent>
          </dep>
          <dep type="nmod:of">
            <governor idx="9">passion</governor>
            <dependent idx="13">member</dependent>
          </dep>
          <dep type="nsubj">
            <governor idx="15">has</governor>
            <dependent idx="14">who</dependent>
          </dep>
          <dep type="acl:relcl">
            <governor idx="9">passion</governor>
            <dependent idx="15">has</dependent>
          </dep>
          <dep type="dobj">
            <governor idx="15">has</governor>
            <dependent idx="16">freedom</dependent>
          </dep>
          <dep type="mark">
            <governor idx="18">focus</governor>
            <dependent idx="17">to</dependent>
          </dep>
          <dep type="acl">
            <governor idx="16">freedom</governor>
            <dependent idx="18">focus</dependent>
          </dep>
          <dep type="case">
            <governor idx="20">first</governor>
            <dependent idx="19">on</dependent>
          </dep>
          <dep type="nmod:on">
            <governor idx="18">focus</governor>
            <dependent idx="20">first</dependent>
          </dep>
          <dep type="amod">
            <governor idx="20">first</governor>
            <dependent idx="21">innovating</dependent>
          </dep>
          <dep type="case">
            <governor idx="23">customers</governor>
            <dependent idx="22">for</dependent>
          </dep>
          <dep type="nmod:for">
            <governor idx="20">first</governor>
            <dependent idx="23">customers</dependent>
          </dep>
          <dep type="case">
            <governor idx="26">way</governor>
            <dependent idx="24">in</dependent>
          </dep>
          <dep type="det">
            <governor idx="26">way</governor>
            <dependent idx="25">a</dependent>
          </dep>
          <dep type="nmod:in">
            <governor idx="23">customers</governor>
            <dependent idx="26">way</dependent>
          </dep>
          <dep type="nsubj">
            <governor idx="32">possible</governor>
            <dependent idx="27">that</dependent>
          </dep>
          <dep type="aux">
            <governor idx="32">possible</governor>
            <dependent idx="28">would</dependent>
          </dep>
          <dep type="neg">
            <governor idx="32">possible</governor>
            <dependent idx="29">not</dependent>
          </dep>
          <dep type="aux">
            <governor idx="32">possible</governor>
            <dependent idx="30">have</dependent>
          </dep>
          <dep type="cop">
            <governor idx="32">possible</governor>
            <dependent idx="31">been</dependent>
          </dep>
          <dep type="acl:relcl">
            <governor idx="26">way</governor>
            <dependent idx="32">possible</dependent>
          </dep>
          <dep type="advmod">
            <governor idx="34">striving</governor>
            <dependent idx="33">when</dependent>
          </dep>
          <dep type="advcl">
            <governor idx="32">possible</governor>
            <dependent idx="34">striving</dependent>
          </dep>
          <dep type="mark">
            <governor idx="36">meet</governor>
            <dependent idx="35">to</dependent>
          </dep>
          <dep type="xcomp">
            <governor idx="34">striving</governor>
            <dependent idx="36">meet</dependent>
          </dep>
          <dep type="det">
            <governor idx="39">demands</governor>
            <dependent idx="37">the</dependent>
          </dep>
          <dep type="amod">
            <governor idx="39">demands</governor>
            <dependent idx="38">quarterly</dependent>
          </dep>
          <dep type="dobj">
            <governor idx="36">meet</governor>
            <dependent idx="39">demands</dependent>
          </dep>
          <dep type="case">
            <governor idx="42">street</governor>
            <dependent idx="40">of</dependent>
          </dep>
          <dep type="compound">
            <governor idx="42">street</governor>
            <dependent idx="41">wall</dependent>
          </dep>
          <dep type="nmod:of">
            <governor idx="39">demands</governor>
            <dependent idx="42">street</dependent>
          </dep>
          <dep type="punct">
            <governor idx="3">Dell</governor>
            <dependent idx="43">''</dependent>
          </dep>
          <dep type="punct">
            <governor idx="1">Quote</governor>
            <dependent idx="44">.</dependent>
          </dep>
        </dependencies>
        <dependencies type="collapsed-ccprocessed-dependencies">
          <dep type="root">
            <governor idx="0">ROOT</governor>
            <dependent idx="1">Quote</dependent>
          </dep>
          <dep type="case">
            <governor idx="3">Dell</governor>
            <dependent idx="2">from</dependent>
          </dep>
          <dep type="nmod:from">
            <governor idx="1">Quote</governor>
            <dependent idx="3">Dell</dependent>
          </dep>
          <dep type="punct">
            <governor idx="3">Dell</governor>
            <dependent idx="4">``</dependent>
          </dep>
          <dep type="nsubj">
            <governor idx="7">unleashed</governor>
            <dependent idx="5">Privatization</dependent>
          </dep>
          <dep type="aux">
            <governor idx="7">unleashed</governor>
            <dependent idx="6">has</dependent>
          </dep>
          <dep type="dep">
            <governor idx="3">Dell</governor>
            <dependent idx="7">unleashed</dependent>
          </dep>
          <dep type="det">
            <governor idx="9">passion</governor>
            <dependent idx="8">the</dependent>
          </dep>
          <dep type="dobj">
            <governor idx="7">unleashed</governor>
            <dependent idx="9">passion</dependent>
          </dep>
          <dep type="case">
            <governor idx="13">member</governor>
            <dependent idx="10">of</dependent>
          </dep>
          <dep type="nmod:poss">
            <governor idx="13">member</governor>
            <dependent idx="11">our</dependent>
          </dep>
          <dep type="compound">
            <governor idx="13">member</governor>
            <dependent idx="12">team</dependent>
          </dep>
          <dep type="nmod:of">
            <governor idx="9">passion</governor>
            <dependent idx="13">member</dependent>
          </dep>
          <dep type="nsubj">
            <governor idx="15">has</governor>
            <dependent idx="14">who</dependent>
          </dep>
          <dep type="acl:relcl">
            <governor idx="9">passion</governor>
            <dependent idx="15">has</dependent>
          </dep>
          <dep type="dobj">
            <governor idx="15">has</governor>
            <dependent idx="16">freedom</dependent>
          </dep>
          <dep type="mark">
            <governor idx="18">focus</governor>
            <dependent idx="17">to</dependent>
          </dep>
          <dep type="acl">
            <governor idx="16">freedom</governor>
            <dependent idx="18">focus</dependent>
          </dep>
          <dep type="case">
            <governor idx="20">first</governor>
            <dependent idx="19">on</dependent>
          </dep>
          <dep type="nmod:on">
            <governor idx="18">focus</governor>
            <dependent idx="20">first</dependent>
          </dep>
          <dep type="amod">
            <governor idx="20">first</governor>
            <dependent idx="21">innovating</dependent>
          </dep>
          <dep type="case">
            <governor idx="23">customers</governor>
            <dependent idx="22">for</dependent>
          </dep>
          <dep type="nmod:for">
            <governor idx="20">first</governor>
            <dependent idx="23">customers</dependent>
          </dep>
          <dep type="case">
            <governor idx="26">way</governor>
            <dependent idx="24">in</dependent>
          </dep>
          <dep type="det">
            <governor idx="26">way</governor>
            <dependent idx="25">a</dependent>
          </dep>
          <dep type="nmod:in">
            <governor idx="23">customers</governor>
            <dependent idx="26">way</dependent>
          </dep>
          <dep type="nsubj">
            <governor idx="32">possible</governor>
            <dependent idx="27">that</dependent>
          </dep>
          <dep type="aux">
            <governor idx="32">possible</governor>
            <dependent idx="28">would</dependent>
          </dep>
          <dep type="neg">
            <governor idx="32">possible</governor>
            <dependent idx="29">not</dependent>
          </dep>
          <dep type="aux">
            <governor idx="32">possible</governor>
            <dependent idx="30">have</dependent>
          </dep>
          <dep type="cop">
            <governor idx="32">possible</governor>
            <dependent idx="31">been</dependent>
          </dep>
          <dep type="acl:relcl">
            <governor idx="26">way</governor>
            <dependent idx="32">possible</dependent>
          </dep>
          <dep type="advmod">
            <governor idx="34">striving</governor>
            <dependent idx="33">when</dependent>
          </dep>
          <dep type="advcl">
            <governor idx="32">possible</governor>
            <dependent idx="34">striving</dependent>
          </dep>
          <dep type="mark">
            <governor idx="36">meet</governor>
            <dependent idx="35">to</dependent>
          </dep>
          <dep type="xcomp">
            <governor idx="34">striving</governor>
            <dependent idx="36">meet</dependent>
          </dep>
          <dep type="det">
            <governor idx="39">demands</governor>
            <dependent idx="37">the</dependent>
          </dep>
          <dep type="amod">
            <governor idx="39">demands</governor>
            <dependent idx="38">quarterly</dependent>
          </dep>
          <dep type="dobj">
            <governor idx="36">meet</governor>
            <dependent idx="39">demands</dependent>
          </dep>
          <dep type="case">
            <governor idx="42">street</governor>
            <dependent idx="40">of</dependent>
          </dep>
          <dep type="compound">
            <governor idx="42">street</governor>
            <dependent idx="41">wall</dependent>
          </dep>
          <dep type="nmod:of">
            <governor idx="39">demands</governor>
            <dependent idx="42">street</dependent>
          </dep>
          <dep type="punct">
            <governor idx="3">Dell</governor>
            <dependent idx="43">''</dependent>
          </dep>
          <dep type="punct">
            <governor idx="1">Quote</governor>
            <dependent idx="44">.</dependent>
          </dep>
        </dependencies>
      </sentence>
      <sentence id="150">
        <tokens>
          <token id="1">
            <word>It</word>
            <lemma>it</lemma>
            <CharacterOffsetBegin>16575</CharacterOffsetBegin>
            <CharacterOffsetEnd>16577</CharacterOffsetEnd>
            <POS>PRP</POS>
            <NER>O</NER>
            <Speaker>PER0</Speaker>
          </token>
          <token id="2">
            <word>then</word>
            <lemma>then</lemma>
            <CharacterOffsetBegin>16578</CharacterOffsetBegin>
            <CharacterOffsetEnd>16582</CharacterOffsetEnd>
            <POS>RB</POS>
            <NER>O</NER>
            <Speaker>PER0</Speaker>
          </token>
          <token id="3">
            <word>goes</word>
            <lemma>go</lemma>
            <CharacterOffsetBegin>16583</CharacterOffsetBegin>
            <CharacterOffsetEnd>16587</CharacterOffsetEnd>
            <POS>VBZ</POS>
            <NER>O</NER>
            <Speaker>PER0</Speaker>
          </token>
          <token id="4">
            <word>onto</word>
            <lemma>onto</lemma>
            <CharacterOffsetBegin>16588</CharacterOffsetBegin>
            <CharacterOffsetEnd>16592</CharacterOffsetEnd>
            <POS>IN</POS>
            <NER>O</NER>
            <Speaker>PER0</Speaker>
          </token>
          <token id="5">
            <word>state</word>
            <lemma>state</lemma>
            <CharacterOffsetBegin>16593</CharacterOffsetBegin>
            <CharacterOffsetEnd>16598</CharacterOffsetEnd>
            <POS>NN</POS>
            <NER>O</NER>
            <Speaker>PER0</Speaker>
          </token>
          <token id="6">
            <word>that</word>
            <lemma>that</lemma>
            <CharacterOffsetBegin>16599</CharacterOffsetBegin>
            <CharacterOffsetEnd>16603</CharacterOffsetEnd>
            <POS>WDT</POS>
            <NER>O</NER>
            <Speaker>PER0</Speaker>
          </token>
          <token id="7">
            <word>managers</word>
            <lemma>manager</lemma>
            <CharacterOffsetBegin>16604</CharacterOffsetBegin>
            <CharacterOffsetEnd>16612</CharacterOffsetEnd>
            <POS>NNS</POS>
            <NER>O</NER>
            <Speaker>PER0</Speaker>
          </token>
          <token id="8">
            <word>should</word>
            <lemma>should</lemma>
            <CharacterOffsetBegin>16613</CharacterOffsetBegin>
            <CharacterOffsetEnd>16619</CharacterOffsetEnd>
            <POS>MD</POS>
            <NER>O</NER>
            <Speaker>PER0</Speaker>
          </token>
          <token id="9">
            <word>actively</word>
            <lemma>actively</lemma>
            <CharacterOffsetBegin>16620</CharacterOffsetBegin>
            <CharacterOffsetEnd>16628</CharacterOffsetEnd>
            <POS>RB</POS>
            <NER>O</NER>
            <Speaker>PER0</Speaker>
          </token>
          <token id="10">
            <word>engage</word>
            <lemma>engage</lemma>
            <CharacterOffsetBegin>16629</CharacterOffsetBegin>
            <CharacterOffsetEnd>16635</CharacterOffsetEnd>
            <POS>VB</POS>
            <NER>O</NER>
            <Speaker>PER0</Speaker>
          </token>
          <token id="11">
            <word>with</word>
            <lemma>with</lemma>
            <CharacterOffsetBegin>16636</CharacterOffsetBegin>
            <CharacterOffsetEnd>16640</CharacterOffsetEnd>
            <POS>IN</POS>
            <NER>O</NER>
            <Speaker>PER0</Speaker>
          </token>
          <token id="12">
            <word>shareholders</word>
            <lemma>shareholder</lemma>
            <CharacterOffsetBegin>16641</CharacterOffsetBegin>
            <CharacterOffsetEnd>16653</CharacterOffsetEnd>
            <POS>NNS</POS>
            <NER>O</NER>
            <Speaker>PER0</Speaker>
          </token>
          <token id="13">
            <word>from</word>
            <lemma>from</lemma>
            <CharacterOffsetBegin>16654</CharacterOffsetBegin>
            <CharacterOffsetEnd>16658</CharacterOffsetEnd>
            <POS>IN</POS>
            <NER>O</NER>
            <Speaker>PER0</Speaker>
          </token>
          <token id="14">
            <word>a</word>
            <lemma>a</lemma>
            <CharacterOffsetBegin>16659</CharacterOffsetBegin>
            <CharacterOffsetEnd>16660</CharacterOffsetEnd>
            <POS>DT</POS>
            <NER>O</NER>
            <Speaker>PER0</Speaker>
          </token>
          <token id="15">
            <word>functional</word>
            <lemma>functional</lemma>
            <CharacterOffsetBegin>16661</CharacterOffsetBegin>
            <CharacterOffsetEnd>16671</CharacterOffsetEnd>
            <POS>JJ</POS>
            <NER>O</NER>
            <Speaker>PER0</Speaker>
          </token>
          <token id="16">
            <word>perspective</word>
            <lemma>perspective</lemma>
            <CharacterOffsetBegin>16672</CharacterOffsetBegin>
            <CharacterOffsetEnd>16683</CharacterOffsetEnd>
            <POS>NN</POS>
            <NER>O</NER>
            <Speaker>PER0</Speaker>
          </token>
          <token id="17">
            <word>-LRB-</word>
            <lemma>-lrb-</lemma>
            <CharacterOffsetBegin>16684</CharacterOffsetBegin>
            <CharacterOffsetEnd>16685</CharacterOffsetEnd>
            <POS>-LRB-</POS>
            <NER>O</NER>
            <Speaker>PER0</Speaker>
          </token>
          <token id="18">
            <word>what</word>
            <lemma>what</lemma>
            <CharacterOffsetBegin>16685</CharacterOffsetBegin>
            <CharacterOffsetEnd>16689</CharacterOffsetEnd>
            <POS>WP</POS>
            <NER>O</NER>
            <Speaker>PER0</Speaker>
          </token>
          <token id="19">
            <word>are</word>
            <lemma>be</lemma>
            <CharacterOffsetBegin>16690</CharacterOffsetBegin>
            <CharacterOffsetEnd>16693</CharacterOffsetEnd>
            <POS>VBP</POS>
            <NER>O</NER>
            <Speaker>PER0</Speaker>
          </token>
          <token id="20">
            <word>we</word>
            <lemma>we</lemma>
            <CharacterOffsetBegin>16694</CharacterOffsetBegin>
            <CharacterOffsetEnd>16696</CharacterOffsetEnd>
            <POS>PRP</POS>
            <NER>O</NER>
            <Speaker>PER0</Speaker>
          </token>
          <token id="21">
            <word>all</word>
            <lemma>all</lemma>
            <CharacterOffsetBegin>16697</CharacterOffsetBegin>
            <CharacterOffsetEnd>16700</CharacterOffsetEnd>
            <POS>DT</POS>
            <NER>O</NER>
            <Speaker>PER0</Speaker>
          </token>
          <token id="22">
            <word>trying</word>
            <lemma>try</lemma>
            <CharacterOffsetBegin>16701</CharacterOffsetBegin>
            <CharacterOffsetEnd>16707</CharacterOffsetEnd>
            <POS>VBG</POS>
            <NER>O</NER>
            <Speaker>PER0</Speaker>
          </token>
          <token id="23">
            <word>to</word>
            <lemma>to</lemma>
            <CharacterOffsetBegin>16708</CharacterOffsetBegin>
            <CharacterOffsetEnd>16710</CharacterOffsetEnd>
            <POS>TO</POS>
            <NER>O</NER>
            <Speaker>PER0</Speaker>
          </token>
          <token id="24">
            <word>achieve</word>
            <lemma>achieve</lemma>
            <CharacterOffsetBegin>16711</CharacterOffsetBegin>
            <CharacterOffsetEnd>16718</CharacterOffsetEnd>
            <POS>VB</POS>
            <NER>O</NER>
            <Speaker>PER0</Speaker>
          </token>
          <token id="25">
            <word>-RRB-</word>
            <lemma>-rrb-</lemma>
            <CharacterOffsetBegin>16718</CharacterOffsetBegin>
            <CharacterOffsetEnd>16719</CharacterOffsetEnd>
            <POS>-RRB-</POS>
            <NER>O</NER>
            <Speaker>PER0</Speaker>
          </token>
          <token id="26">
            <word>rather</word>
            <lemma>rather</lemma>
            <CharacterOffsetBegin>16720</CharacterOffsetBegin>
            <CharacterOffsetEnd>16726</CharacterOffsetEnd>
            <POS>RB</POS>
            <NER>O</NER>
            <Speaker>PER0</Speaker>
          </token>
          <token id="27">
            <word>than</word>
            <lemma>than</lemma>
            <CharacterOffsetBegin>16727</CharacterOffsetBegin>
            <CharacterOffsetEnd>16731</CharacterOffsetEnd>
            <POS>IN</POS>
            <NER>O</NER>
            <Speaker>PER0</Speaker>
          </token>
          <token id="28">
            <word>an</word>
            <lemma>a</lemma>
            <CharacterOffsetBegin>16732</CharacterOffsetBegin>
            <CharacterOffsetEnd>16734</CharacterOffsetEnd>
            <POS>DT</POS>
            <NER>O</NER>
            <Speaker>PER0</Speaker>
          </token>
          <token id="29">
            <word>issue</word>
            <lemma>issue</lemma>
            <CharacterOffsetBegin>16735</CharacterOffsetBegin>
            <CharacterOffsetEnd>16740</CharacterOffsetEnd>
            <POS>NN</POS>
            <NER>O</NER>
            <Speaker>PER0</Speaker>
          </token>
          <token id="30">
            <word>by</word>
            <lemma>by</lemma>
            <CharacterOffsetBegin>16741</CharacterOffsetBegin>
            <CharacterOffsetEnd>16743</CharacterOffsetEnd>
            <POS>IN</POS>
            <NER>O</NER>
            <Speaker>PER0</Speaker>
          </token>
          <token id="31">
            <word>issue</word>
            <lemma>issue</lemma>
            <CharacterOffsetBegin>16744</CharacterOffsetBegin>
            <CharacterOffsetEnd>16749</CharacterOffsetEnd>
            <POS>NN</POS>
            <NER>O</NER>
            <Speaker>PER0</Speaker>
          </token>
          <token id="32">
            <word>reactionary</word>
            <lemma>reactionary</lemma>
            <CharacterOffsetBegin>16750</CharacterOffsetBegin>
            <CharacterOffsetEnd>16761</CharacterOffsetEnd>
            <POS>JJ</POS>
            <NER>O</NER>
            <Speaker>PER0</Speaker>
          </token>
          <token id="33">
            <word>perspective</word>
            <lemma>perspective</lemma>
            <CharacterOffsetBegin>16762</CharacterOffsetBegin>
            <CharacterOffsetEnd>16773</CharacterOffsetEnd>
            <POS>NN</POS>
            <NER>O</NER>
            <Speaker>PER0</Speaker>
          </token>
          <token id="34">
            <word>.</word>
            <lemma>.</lemma>
            <CharacterOffsetBegin>16773</CharacterOffsetBegin>
            <CharacterOffsetEnd>16774</CharacterOffsetEnd>
            <POS>.</POS>
            <NER>O</NER>
            <Speaker>PER0</Speaker>
          </token>
        </tokens>
        <parse>(ROOT (S (NP (PRP It)) (ADVP (RB then)) (VP (VBZ goes) (PP (IN onto) (NP (NP (NN state)) (SBAR (WHNP (WDT that)) (S (NP (NNS managers)) (VP (MD should) (ADVP (RB actively)) (VP (VP (VB engage) (PP (IN with) (NP (NP (NNS shareholders)) (PP (IN from) (NP (NP (DT a) (ADJP (JJ functional)) (NN perspective)) (PRN (-LRB- -LRB-) (SBAR (WHNP (WP what)) (S (VP (VBP are) (S (NP (PRP we)) (NP (NP (DT all)) (VP (VBG trying) (S (VP (TO to) (VP (VB achieve)))))))))) (-RRB- -RRB-))))))) (CONJP (RB rather) (IN than)) (VP (NP (DT an) (NN issue)) (PP (IN by) (NP (NN issue) (JJ reactionary) (NN perspective))))))))))) (. .))) </parse>
        <dependencies type="basic-dependencies">
          <dep type="root">
            <governor idx="0">ROOT</governor>
            <dependent idx="3">goes</dependent>
          </dep>
          <dep type="nsubj">
            <governor idx="3">goes</governor>
            <dependent idx="1">It</dependent>
          </dep>
          <dep type="advmod">
            <governor idx="3">goes</governor>
            <dependent idx="2">then</dependent>
          </dep>
          <dep type="case">
            <governor idx="5">state</governor>
            <dependent idx="4">onto</dependent>
          </dep>
          <dep type="nmod">
            <governor idx="3">goes</governor>
            <dependent idx="5">state</dependent>
          </dep>
          <dep type="dobj">
            <governor idx="10">engage</governor>
            <dependent idx="6">that</dependent>
          </dep>
          <dep type="nsubj">
            <governor idx="10">engage</governor>
            <dependent idx="7">managers</dependent>
          </dep>
          <dep type="aux">
            <governor idx="10">engage</governor>
            <dependent idx="8">should</dependent>
          </dep>
          <dep type="advmod">
            <governor idx="10">engage</governor>
            <dependent idx="9">actively</dependent>
          </dep>
          <dep type="acl:relcl">
            <governor idx="5">state</governor>
            <dependent idx="10">engage</dependent>
          </dep>
          <dep type="case">
            <governor idx="12">shareholders</governor>
            <dependent idx="11">with</dependent>
          </dep>
          <dep type="nmod">
            <governor idx="10">engage</governor>
            <dependent idx="12">shareholders</dependent>
          </dep>
          <dep type="case">
            <governor idx="16">perspective</governor>
            <dependent idx="13">from</dependent>
          </dep>
          <dep type="det">
            <governor idx="16">perspective</governor>
            <dependent idx="14">a</dependent>
          </dep>
          <dep type="amod">
            <governor idx="16">perspective</governor>
            <dependent idx="15">functional</dependent>
          </dep>
          <dep type="nmod">
            <governor idx="12">shareholders</governor>
            <dependent idx="16">perspective</dependent>
          </dep>
          <dep type="punct">
            <governor idx="19">are</governor>
            <dependent idx="17">-LRB-</dependent>
          </dep>
          <dep type="nsubj">
            <governor idx="19">are</governor>
            <dependent idx="18">what</dependent>
          </dep>
          <dep type="dep">
            <governor idx="16">perspective</governor>
            <dependent idx="19">are</dependent>
          </dep>
          <dep type="nsubj">
            <governor idx="21">all</governor>
            <dependent idx="20">we</dependent>
          </dep>
          <dep type="xcomp">
            <governor idx="19">are</governor>
            <dependent idx="21">all</dependent>
          </dep>
          <dep type="acl">
            <governor idx="21">all</governor>
            <dependent idx="22">trying</dependent>
          </dep>
          <dep type="mark">
            <governor idx="24">achieve</governor>
            <dependent idx="23">to</dependent>
          </dep>
          <dep type="xcomp">
            <governor idx="22">trying</governor>
            <dependent idx="24">achieve</dependent>
          </dep>
          <dep type="punct">
            <governor idx="19">are</governor>
            <dependent idx="25">-RRB-</dependent>
          </dep>
          <dep type="cc">
            <governor idx="10">engage</governor>
            <dependent idx="26">rather</dependent>
          </dep>
          <dep type="mwe">
            <governor idx="26">rather</governor>
            <dependent idx="27">than</dependent>
          </dep>
          <dep type="det">
            <governor idx="29">issue</governor>
            <dependent idx="28">an</dependent>
          </dep>
          <dep type="conj">
            <governor idx="10">engage</governor>
            <dependent idx="29">issue</dependent>
          </dep>
          <dep type="case">
            <governor idx="33">perspective</governor>
            <dependent idx="30">by</dependent>
          </dep>
          <dep type="compound">
            <governor idx="33">perspective</governor>
            <dependent idx="31">issue</dependent>
          </dep>
          <dep type="amod">
            <governor idx="33">perspective</governor>
            <dependent idx="32">reactionary</dependent>
          </dep>
          <dep type="nmod">
            <governor idx="29">issue</governor>
            <dependent idx="33">perspective</dependent>
          </dep>
          <dep type="punct">
            <governor idx="3">goes</governor>
            <dependent idx="34">.</dependent>
          </dep>
        </dependencies>
        <dependencies type="collapsed-dependencies">
          <dep type="root">
            <governor idx="0">ROOT</governor>
            <dependent idx="3">goes</dependent>
          </dep>
          <dep type="nsubj">
            <governor idx="3">goes</governor>
            <dependent idx="1">It</dependent>
          </dep>
          <dep type="advmod">
            <governor idx="3">goes</governor>
            <dependent idx="2">then</dependent>
          </dep>
          <dep type="case">
            <governor idx="5">state</governor>
            <dependent idx="4">onto</dependent>
          </dep>
          <dep type="nmod:onto">
            <governor idx="3">goes</governor>
            <dependent idx="5">state</dependent>
          </dep>
          <dep type="dobj">
            <governor idx="10">engage</governor>
            <dependent idx="6">that</dependent>
          </dep>
          <dep type="nsubj">
            <governor idx="10">engage</governor>
            <dependent idx="7">managers</dependent>
          </dep>
          <dep type="aux">
            <governor idx="10">engage</governor>
            <dependent idx="8">should</dependent>
          </dep>
          <dep type="advmod">
            <governor idx="10">engage</governor>
            <dependent idx="9">actively</dependent>
          </dep>
          <dep type="acl:relcl">
            <governor idx="5">state</governor>
            <dependent idx="10">engage</dependent>
          </dep>
          <dep type="case">
            <governor idx="12">shareholders</governor>
            <dependent idx="11">with</dependent>
          </dep>
          <dep type="nmod:with">
            <governor idx="10">engage</governor>
            <dependent idx="12">shareholders</dependent>
          </dep>
          <dep type="case">
            <governor idx="16">perspective</governor>
            <dependent idx="13">from</dependent>
          </dep>
          <dep type="det">
            <governor idx="16">perspective</governor>
            <dependent idx="14">a</dependent>
          </dep>
          <dep type="amod">
            <governor idx="16">perspective</governor>
            <dependent idx="15">functional</dependent>
          </dep>
          <dep type="nmod:from">
            <governor idx="12">shareholders</governor>
            <dependent idx="16">perspective</dependent>
          </dep>
          <dep type="punct">
            <governor idx="19">are</governor>
            <dependent idx="17">-LRB-</dependent>
          </dep>
          <dep type="nsubj">
            <governor idx="19">are</governor>
            <dependent idx="18">what</dependent>
          </dep>
          <dep type="dep">
            <governor idx="16">perspective</governor>
            <dependent idx="19">are</dependent>
          </dep>
          <dep type="nsubj">
            <governor idx="21">all</governor>
            <dependent idx="20">we</dependent>
          </dep>
          <dep type="xcomp">
            <governor idx="19">are</governor>
            <dependent idx="21">all</dependent>
          </dep>
          <dep type="acl">
            <governor idx="21">all</governor>
            <dependent idx="22">trying</dependent>
          </dep>
          <dep type="mark">
            <governor idx="24">achieve</governor>
            <dependent idx="23">to</dependent>
          </dep>
          <dep type="xcomp">
            <governor idx="22">trying</governor>
            <dependent idx="24">achieve</dependent>
          </dep>
          <dep type="punct">
            <governor idx="19">are</governor>
            <dependent idx="25">-RRB-</dependent>
          </dep>
          <dep type="cc">
            <governor idx="10">engage</governor>
            <dependent idx="26">rather</dependent>
          </dep>
          <dep type="mwe">
            <governor idx="26">rather</governor>
            <dependent idx="27">than</dependent>
          </dep>
          <dep type="det">
            <governor idx="29">issue</governor>
            <dependent idx="28">an</dependent>
          </dep>
          <dep type="conj:negcc">
            <governor idx="10">engage</governor>
            <dependent idx="29">issue</dependent>
          </dep>
          <dep type="case">
            <governor idx="33">perspective</governor>
            <dependent idx="30">by</dependent>
          </dep>
          <dep type="compound">
            <governor idx="33">perspective</governor>
            <dependent idx="31">issue</dependent>
          </dep>
          <dep type="amod">
            <governor idx="33">perspective</governor>
            <dependent idx="32">reactionary</dependent>
          </dep>
          <dep type="nmod:by">
            <governor idx="29">issue</governor>
            <dependent idx="33">perspective</dependent>
          </dep>
          <dep type="punct">
            <governor idx="3">goes</governor>
            <dependent idx="34">.</dependent>
          </dep>
        </dependencies>
        <dependencies type="collapsed-ccprocessed-dependencies">
          <dep type="root">
            <governor idx="0">ROOT</governor>
            <dependent idx="3">goes</dependent>
          </dep>
          <dep type="nsubj">
            <governor idx="3">goes</governor>
            <dependent idx="1">It</dependent>
          </dep>
          <dep type="advmod">
            <governor idx="3">goes</governor>
            <dependent idx="2">then</dependent>
          </dep>
          <dep type="case">
            <governor idx="5">state</governor>
            <dependent idx="4">onto</dependent>
          </dep>
          <dep type="nmod:onto">
            <governor idx="3">goes</governor>
            <dependent idx="5">state</dependent>
          </dep>
          <dep type="dobj">
            <governor idx="10">engage</governor>
            <dependent idx="6">that</dependent>
          </dep>
          <dep type="nsubj">
            <governor idx="10">engage</governor>
            <dependent idx="7">managers</dependent>
          </dep>
          <dep type="aux">
            <governor idx="10">engage</governor>
            <dependent idx="8">should</dependent>
          </dep>
          <dep type="advmod">
            <governor idx="10">engage</governor>
            <dependent idx="9">actively</dependent>
          </dep>
          <dep type="acl:relcl">
            <governor idx="5">state</governor>
            <dependent idx="10">engage</dependent>
          </dep>
          <dep type="case">
            <governor idx="12">shareholders</governor>
            <dependent idx="11">with</dependent>
          </dep>
          <dep type="nmod:with">
            <governor idx="10">engage</governor>
            <dependent idx="12">shareholders</dependent>
          </dep>
          <dep type="case">
            <governor idx="16">perspective</governor>
            <dependent idx="13">from</dependent>
          </dep>
          <dep type="det">
            <governor idx="16">perspective</governor>
            <dependent idx="14">a</dependent>
          </dep>
          <dep type="amod">
            <governor idx="16">perspective</governor>
            <dependent idx="15">functional</dependent>
          </dep>
          <dep type="nmod:from">
            <governor idx="12">shareholders</governor>
            <dependent idx="16">perspective</dependent>
          </dep>
          <dep type="punct">
            <governor idx="19">are</governor>
            <dependent idx="17">-LRB-</dependent>
          </dep>
          <dep type="nsubj">
            <governor idx="19">are</governor>
            <dependent idx="18">what</dependent>
          </dep>
          <dep type="dep">
            <governor idx="16">perspective</governor>
            <dependent idx="19">are</dependent>
          </dep>
          <dep type="nsubj">
            <governor idx="21">all</governor>
            <dependent idx="20">we</dependent>
          </dep>
          <dep type="xcomp">
            <governor idx="19">are</governor>
            <dependent idx="21">all</dependent>
          </dep>
          <dep type="acl">
            <governor idx="21">all</governor>
            <dependent idx="22">trying</dependent>
          </dep>
          <dep type="mark">
            <governor idx="24">achieve</governor>
            <dependent idx="23">to</dependent>
          </dep>
          <dep type="xcomp">
            <governor idx="22">trying</governor>
            <dependent idx="24">achieve</dependent>
          </dep>
          <dep type="punct">
            <governor idx="19">are</governor>
            <dependent idx="25">-RRB-</dependent>
          </dep>
          <dep type="cc">
            <governor idx="10">engage</governor>
            <dependent idx="26">rather</dependent>
          </dep>
          <dep type="mwe">
            <governor idx="26">rather</governor>
            <dependent idx="27">than</dependent>
          </dep>
          <dep type="det">
            <governor idx="29">issue</governor>
            <dependent idx="28">an</dependent>
          </dep>
          <dep type="acl:relcl" extra="true">
            <governor idx="5">state</governor>
            <dependent idx="29">issue</dependent>
          </dep>
          <dep type="conj:negcc">
            <governor idx="10">engage</governor>
            <dependent idx="29">issue</dependent>
          </dep>
          <dep type="case">
            <governor idx="33">perspective</governor>
            <dependent idx="30">by</dependent>
          </dep>
          <dep type="compound">
            <governor idx="33">perspective</governor>
            <dependent idx="31">issue</dependent>
          </dep>
          <dep type="amod">
            <governor idx="33">perspective</governor>
            <dependent idx="32">reactionary</dependent>
          </dep>
          <dep type="nmod:by">
            <governor idx="29">issue</governor>
            <dependent idx="33">perspective</dependent>
          </dep>
          <dep type="punct">
            <governor idx="3">goes</governor>
            <dependent idx="34">.</dependent>
          </dep>
        </dependencies>
      </sentence>
      <sentence id="151">
        <tokens>
          <token id="1">
            <word>This</word>
            <lemma>this</lemma>
            <CharacterOffsetBegin>16775</CharacterOffsetBegin>
            <CharacterOffsetEnd>16779</CharacterOffsetEnd>
            <POS>DT</POS>
            <NER>O</NER>
            <Speaker>PER0</Speaker>
          </token>
          <token id="2">
            <word>model</word>
            <lemma>model</lemma>
            <CharacterOffsetBegin>16780</CharacterOffsetBegin>
            <CharacterOffsetEnd>16785</CharacterOffsetEnd>
            <POS>NN</POS>
            <NER>O</NER>
            <Speaker>PER0</Speaker>
          </token>
          <token id="3">
            <word>was</word>
            <lemma>be</lemma>
            <CharacterOffsetBegin>16786</CharacterOffsetBegin>
            <CharacterOffsetEnd>16789</CharacterOffsetEnd>
            <POS>VBD</POS>
            <NER>O</NER>
            <Speaker>PER0</Speaker>
          </token>
          <token id="4">
            <word>moving</word>
            <lemma>move</lemma>
            <CharacterOffsetBegin>16790</CharacterOffsetBegin>
            <CharacterOffsetEnd>16796</CharacterOffsetEnd>
            <POS>VBG</POS>
            <NER>O</NER>
            <Speaker>PER0</Speaker>
          </token>
          <token id="5">
            <word>towards</word>
            <lemma>towards</lemma>
            <CharacterOffsetBegin>16797</CharacterOffsetBegin>
            <CharacterOffsetEnd>16804</CharacterOffsetEnd>
            <POS>IN</POS>
            <NER>O</NER>
            <Speaker>PER0</Speaker>
          </token>
          <token id="6">
            <word>a</word>
            <lemma>a</lemma>
            <CharacterOffsetBegin>16805</CharacterOffsetBegin>
            <CharacterOffsetEnd>16806</CharacterOffsetEnd>
            <POS>DT</POS>
            <NER>O</NER>
            <Speaker>PER0</Speaker>
          </token>
          <token id="7">
            <word>stakeholder</word>
            <lemma>stakeholder</lemma>
            <CharacterOffsetBegin>16807</CharacterOffsetBegin>
            <CharacterOffsetEnd>16818</CharacterOffsetEnd>
            <POS>NN</POS>
            <NER>O</NER>
            <Speaker>PER0</Speaker>
          </token>
          <token id="8">
            <word>model</word>
            <lemma>model</lemma>
            <CharacterOffsetBegin>16819</CharacterOffsetBegin>
            <CharacterOffsetEnd>16824</CharacterOffsetEnd>
            <POS>NN</POS>
            <NER>O</NER>
            <Speaker>PER0</Speaker>
          </token>
          <token id="9">
            <word>.</word>
            <lemma>.</lemma>
            <CharacterOffsetBegin>16824</CharacterOffsetBegin>
            <CharacterOffsetEnd>16825</CharacterOffsetEnd>
            <POS>.</POS>
            <NER>O</NER>
            <Speaker>PER0</Speaker>
          </token>
        </tokens>
        <parse>(ROOT (S (NP (DT This) (NN model)) (VP (VBD was) (VP (VBG moving) (PP (IN towards) (NP (DT a) (NN stakeholder) (NN model))))) (. .))) </parse>
        <dependencies type="basic-dependencies">
          <dep type="root">
            <governor idx="0">ROOT</governor>
            <dependent idx="4">moving</dependent>
          </dep>
          <dep type="det">
            <governor idx="2">model</governor>
            <dependent idx="1">This</dependent>
          </dep>
          <dep type="nsubj">
            <governor idx="4">moving</governor>
            <dependent idx="2">model</dependent>
          </dep>
          <dep type="aux">
            <governor idx="4">moving</governor>
            <dependent idx="3">was</dependent>
          </dep>
          <dep type="case">
            <governor idx="8">model</governor>
            <dependent idx="5">towards</dependent>
          </dep>
          <dep type="det">
            <governor idx="8">model</governor>
            <dependent idx="6">a</dependent>
          </dep>
          <dep type="compound">
            <governor idx="8">model</governor>
            <dependent idx="7">stakeholder</dependent>
          </dep>
          <dep type="nmod">
            <governor idx="4">moving</governor>
            <dependent idx="8">model</dependent>
          </dep>
          <dep type="punct">
            <governor idx="4">moving</governor>
            <dependent idx="9">.</dependent>
          </dep>
        </dependencies>
        <dependencies type="collapsed-dependencies">
          <dep type="root">
            <governor idx="0">ROOT</governor>
            <dependent idx="4">moving</dependent>
          </dep>
          <dep type="det">
            <governor idx="2">model</governor>
            <dependent idx="1">This</dependent>
          </dep>
          <dep type="nsubj">
            <governor idx="4">moving</governor>
            <dependent idx="2">model</dependent>
          </dep>
          <dep type="aux">
            <governor idx="4">moving</governor>
            <dependent idx="3">was</dependent>
          </dep>
          <dep type="case">
            <governor idx="8">model</governor>
            <dependent idx="5">towards</dependent>
          </dep>
          <dep type="det">
            <governor idx="8">model</governor>
            <dependent idx="6">a</dependent>
          </dep>
          <dep type="compound">
            <governor idx="8">model</governor>
            <dependent idx="7">stakeholder</dependent>
          </dep>
          <dep type="nmod:towards">
            <governor idx="4">moving</governor>
            <dependent idx="8">model</dependent>
          </dep>
          <dep type="punct">
            <governor idx="4">moving</governor>
            <dependent idx="9">.</dependent>
          </dep>
        </dependencies>
        <dependencies type="collapsed-ccprocessed-dependencies">
          <dep type="root">
            <governor idx="0">ROOT</governor>
            <dependent idx="4">moving</dependent>
          </dep>
          <dep type="det">
            <governor idx="2">model</governor>
            <dependent idx="1">This</dependent>
          </dep>
          <dep type="nsubj">
            <governor idx="4">moving</governor>
            <dependent idx="2">model</dependent>
          </dep>
          <dep type="aux">
            <governor idx="4">moving</governor>
            <dependent idx="3">was</dependent>
          </dep>
          <dep type="case">
            <governor idx="8">model</governor>
            <dependent idx="5">towards</dependent>
          </dep>
          <dep type="det">
            <governor idx="8">model</governor>
            <dependent idx="6">a</dependent>
          </dep>
          <dep type="compound">
            <governor idx="8">model</governor>
            <dependent idx="7">stakeholder</dependent>
          </dep>
          <dep type="nmod:towards">
            <governor idx="4">moving</governor>
            <dependent idx="8">model</dependent>
          </dep>
          <dep type="punct">
            <governor idx="4">moving</governor>
            <dependent idx="9">.</dependent>
          </dep>
        </dependencies>
      </sentence>
      <sentence id="152">
        <tokens>
          <token id="1">
            <word>It</word>
            <lemma>it</lemma>
            <CharacterOffsetBegin>16826</CharacterOffsetBegin>
            <CharacterOffsetEnd>16828</CharacterOffsetEnd>
            <POS>PRP</POS>
            <NER>O</NER>
            <Speaker>PER0</Speaker>
          </token>
          <token id="2">
            <word>continues</word>
            <lemma>continue</lemma>
            <CharacterOffsetBegin>16829</CharacterOffsetBegin>
            <CharacterOffsetEnd>16838</CharacterOffsetEnd>
            <POS>VBZ</POS>
            <NER>O</NER>
            <Speaker>PER0</Speaker>
          </token>
          <token id="3">
            <word>to</word>
            <lemma>to</lemma>
            <CharacterOffsetBegin>16839</CharacterOffsetBegin>
            <CharacterOffsetEnd>16841</CharacterOffsetEnd>
            <POS>TO</POS>
            <NER>O</NER>
            <Speaker>PER0</Speaker>
          </token>
          <token id="4">
            <word>state</word>
            <lemma>state</lemma>
            <CharacterOffsetBegin>16842</CharacterOffsetBegin>
            <CharacterOffsetEnd>16847</CharacterOffsetEnd>
            <POS>NN</POS>
            <NER>O</NER>
            <Speaker>PER0</Speaker>
          </token>
          <token id="5">
            <word>that</word>
            <lemma>that</lemma>
            <CharacterOffsetBegin>16848</CharacterOffsetBegin>
            <CharacterOffsetEnd>16852</CharacterOffsetEnd>
            <POS>IN</POS>
            <NER>O</NER>
            <Speaker>PER0</Speaker>
          </token>
          <token id="6">
            <word>the</word>
            <lemma>the</lemma>
            <CharacterOffsetBegin>16853</CharacterOffsetBegin>
            <CharacterOffsetEnd>16856</CharacterOffsetEnd>
            <POS>DT</POS>
            <NER>O</NER>
            <Speaker>PER0</Speaker>
          </token>
          <token id="7">
            <word>power</word>
            <lemma>power</lemma>
            <CharacterOffsetBegin>16857</CharacterOffsetBegin>
            <CharacterOffsetEnd>16862</CharacterOffsetEnd>
            <POS>NN</POS>
            <NER>O</NER>
            <Speaker>PER0</Speaker>
          </token>
          <token id="8">
            <word>of</word>
            <lemma>of</lemma>
            <CharacterOffsetBegin>16863</CharacterOffsetBegin>
            <CharacterOffsetEnd>16865</CharacterOffsetEnd>
            <POS>IN</POS>
            <NER>O</NER>
            <Speaker>PER0</Speaker>
          </token>
          <token id="9">
            <word>shareholders</word>
            <lemma>shareholder</lemma>
            <CharacterOffsetBegin>16866</CharacterOffsetBegin>
            <CharacterOffsetEnd>16878</CharacterOffsetEnd>
            <POS>NNS</POS>
            <NER>O</NER>
            <Speaker>PER0</Speaker>
          </token>
          <token id="10">
            <word>has</word>
            <lemma>have</lemma>
            <CharacterOffsetBegin>16879</CharacterOffsetBegin>
            <CharacterOffsetEnd>16882</CharacterOffsetEnd>
            <POS>VBZ</POS>
            <NER>O</NER>
            <Speaker>PER0</Speaker>
          </token>
          <token id="11">
            <word>increased</word>
            <lemma>increase</lemma>
            <CharacterOffsetBegin>16883</CharacterOffsetBegin>
            <CharacterOffsetEnd>16892</CharacterOffsetEnd>
            <POS>VBN</POS>
            <NER>O</NER>
            <Speaker>PER0</Speaker>
          </token>
          <token id="12">
            <word>significantly</word>
            <lemma>significantly</lemma>
            <CharacterOffsetBegin>16893</CharacterOffsetBegin>
            <CharacterOffsetEnd>16906</CharacterOffsetEnd>
            <POS>RB</POS>
            <NER>O</NER>
            <Speaker>PER0</Speaker>
          </token>
          <token id="13">
            <word>over</word>
            <lemma>over</lemma>
            <CharacterOffsetBegin>16907</CharacterOffsetBegin>
            <CharacterOffsetEnd>16911</CharacterOffsetEnd>
            <POS>IN</POS>
            <NER>O</NER>
            <Speaker>PER0</Speaker>
          </token>
          <token id="14">
            <word>the</word>
            <lemma>the</lemma>
            <CharacterOffsetBegin>16912</CharacterOffsetBegin>
            <CharacterOffsetEnd>16915</CharacterOffsetEnd>
            <POS>DT</POS>
            <NER>DURATION</NER>
            <NormalizedNER>P10Y</NormalizedNER>
            <Speaker>PER0</Speaker>
            <Timex tid="t24" type="DURATION">P10Y</Timex>
          </token>
          <token id="15">
            <word>last</word>
            <lemma>last</lemma>
            <CharacterOffsetBegin>16916</CharacterOffsetBegin>
            <CharacterOffsetEnd>16920</CharacterOffsetEnd>
            <POS>JJ</POS>
            <NER>DATE</NER>
            <NormalizedNER>P10Y</NormalizedNER>
            <Speaker>PER0</Speaker>
            <Timex tid="t24" type="DURATION">P10Y</Timex>
          </token>
          <token id="16">
            <word>10</word>
            <lemma>10</lemma>
            <CharacterOffsetBegin>16921</CharacterOffsetBegin>
            <CharacterOffsetEnd>16923</CharacterOffsetEnd>
            <POS>CD</POS>
            <NER>DATE</NER>
            <NormalizedNER>P10Y</NormalizedNER>
            <Speaker>PER0</Speaker>
            <Timex tid="t24" type="DURATION">P10Y</Timex>
          </token>
          <token id="17">
            <word>years</word>
            <lemma>year</lemma>
            <CharacterOffsetBegin>16924</CharacterOffsetBegin>
            <CharacterOffsetEnd>16929</CharacterOffsetEnd>
            <POS>NNS</POS>
            <NER>DATE</NER>
            <NormalizedNER>P10Y</NormalizedNER>
            <Speaker>PER0</Speaker>
            <Timex tid="t24" type="DURATION">P10Y</Timex>
          </token>
          <token id="18">
            <word>in</word>
            <lemma>in</lemma>
            <CharacterOffsetBegin>16930</CharacterOffsetBegin>
            <CharacterOffsetEnd>16932</CharacterOffsetEnd>
            <POS>IN</POS>
            <NER>O</NER>
            <Speaker>PER0</Speaker>
          </token>
          <token id="19">
            <word>particular</word>
            <lemma>particular</lemma>
            <CharacterOffsetBegin>16933</CharacterOffsetBegin>
            <CharacterOffsetEnd>16943</CharacterOffsetEnd>
            <POS>JJ</POS>
            <NER>O</NER>
            <Speaker>PER0</Speaker>
          </token>
          <token id="20">
            <word>the</word>
            <lemma>the</lemma>
            <CharacterOffsetBegin>16944</CharacterOffsetBegin>
            <CharacterOffsetEnd>16947</CharacterOffsetEnd>
            <POS>DT</POS>
            <NER>O</NER>
            <Speaker>PER0</Speaker>
          </token>
          <token id="21">
            <word>U.S</word>
            <lemma>U.S</lemma>
            <CharacterOffsetBegin>16948</CharacterOffsetBegin>
            <CharacterOffsetEnd>16951</CharacterOffsetEnd>
            <POS>NNP</POS>
            <NER>LOCATION</NER>
            <Speaker>PER0</Speaker>
          </token>
          <token id="22">
            <word>;</word>
            <lemma>;</lemma>
            <CharacterOffsetBegin>16951</CharacterOffsetBegin>
            <CharacterOffsetEnd>16952</CharacterOffsetEnd>
            <POS>:</POS>
            <NER>O</NER>
            <Speaker>PER0</Speaker>
          </token>
          <token id="23">
            <word>it</word>
            <lemma>it</lemma>
            <CharacterOffsetBegin>16953</CharacterOffsetBegin>
            <CharacterOffsetEnd>16955</CharacterOffsetEnd>
            <POS>PRP</POS>
            <NER>O</NER>
            <Speaker>PER0</Speaker>
          </token>
          <token id="24">
            <word>also</word>
            <lemma>also</lemma>
            <CharacterOffsetBegin>16956</CharacterOffsetBegin>
            <CharacterOffsetEnd>16960</CharacterOffsetEnd>
            <POS>RB</POS>
            <NER>O</NER>
            <Speaker>PER0</Speaker>
          </token>
          <token id="25">
            <word>provides</word>
            <lemma>provide</lemma>
            <CharacterOffsetBegin>16961</CharacterOffsetBegin>
            <CharacterOffsetEnd>16969</CharacterOffsetEnd>
            <POS>VBZ</POS>
            <NER>O</NER>
            <Speaker>PER0</Speaker>
          </token>
          <token id="26">
            <word>hope</word>
            <lemma>hope</lemma>
            <CharacterOffsetBegin>16970</CharacterOffsetBegin>
            <CharacterOffsetEnd>16974</CharacterOffsetEnd>
            <POS>NN</POS>
            <NER>O</NER>
            <Speaker>PER0</Speaker>
          </token>
          <token id="27">
            <word>that</word>
            <lemma>that</lemma>
            <CharacterOffsetBegin>16975</CharacterOffsetBegin>
            <CharacterOffsetEnd>16979</CharacterOffsetEnd>
            <POS>IN</POS>
            <NER>O</NER>
            <Speaker>PER0</Speaker>
          </token>
          <token id="28">
            <word>there</word>
            <lemma>there</lemma>
            <CharacterOffsetBegin>16980</CharacterOffsetBegin>
            <CharacterOffsetEnd>16985</CharacterOffsetEnd>
            <POS>EX</POS>
            <NER>O</NER>
            <Speaker>PER0</Speaker>
          </token>
          <token id="29">
            <word>will</word>
            <lemma>will</lemma>
            <CharacterOffsetBegin>16986</CharacterOffsetBegin>
            <CharacterOffsetEnd>16990</CharacterOffsetEnd>
            <POS>MD</POS>
            <NER>O</NER>
            <Speaker>PER0</Speaker>
          </token>
          <token id="30">
            <word>be</word>
            <lemma>be</lemma>
            <CharacterOffsetBegin>16991</CharacterOffsetBegin>
            <CharacterOffsetEnd>16993</CharacterOffsetEnd>
            <POS>VB</POS>
            <NER>O</NER>
            <Speaker>PER0</Speaker>
          </token>
          <token id="31">
            <word>shift</word>
            <lemma>shift</lemma>
            <CharacterOffsetBegin>16994</CharacterOffsetBegin>
            <CharacterOffsetEnd>16999</CharacterOffsetEnd>
            <POS>NN</POS>
            <NER>O</NER>
            <Speaker>PER0</Speaker>
          </token>
          <token id="32">
            <word>and</word>
            <lemma>and</lemma>
            <CharacterOffsetBegin>17000</CharacterOffsetBegin>
            <CharacterOffsetEnd>17003</CharacterOffsetEnd>
            <POS>CC</POS>
            <NER>O</NER>
            <Speaker>PER0</Speaker>
          </token>
          <token id="33">
            <word>a</word>
            <lemma>a</lemma>
            <CharacterOffsetBegin>17004</CharacterOffsetBegin>
            <CharacterOffsetEnd>17005</CharacterOffsetEnd>
            <POS>DT</POS>
            <NER>O</NER>
            <Speaker>PER0</Speaker>
          </token>
          <token id="34">
            <word>change</word>
            <lemma>change</lemma>
            <CharacterOffsetBegin>17006</CharacterOffsetBegin>
            <CharacterOffsetEnd>17012</CharacterOffsetEnd>
            <POS>NN</POS>
            <NER>O</NER>
            <Speaker>PER0</Speaker>
          </token>
          <token id="35">
            <word>in</word>
            <lemma>in</lemma>
            <CharacterOffsetBegin>17013</CharacterOffsetBegin>
            <CharacterOffsetEnd>17015</CharacterOffsetEnd>
            <POS>IN</POS>
            <NER>O</NER>
            <Speaker>PER0</Speaker>
          </token>
          <token id="36">
            <word>the</word>
            <lemma>the</lemma>
            <CharacterOffsetBegin>17016</CharacterOffsetBegin>
            <CharacterOffsetEnd>17019</CharacterOffsetEnd>
            <POS>DT</POS>
            <NER>O</NER>
            <Speaker>PER0</Speaker>
          </token>
          <token id="37">
            <word>way</word>
            <lemma>way</lemma>
            <CharacterOffsetBegin>17020</CharacterOffsetBegin>
            <CharacterOffsetEnd>17023</CharacterOffsetEnd>
            <POS>NN</POS>
            <NER>O</NER>
            <Speaker>PER0</Speaker>
          </token>
          <token id="38">
            <word>businesses</word>
            <lemma>business</lemma>
            <CharacterOffsetBegin>17024</CharacterOffsetBegin>
            <CharacterOffsetEnd>17034</CharacterOffsetEnd>
            <POS>NNS</POS>
            <NER>O</NER>
            <Speaker>PER0</Speaker>
          </token>
          <token id="39">
            <word>conduct</word>
            <lemma>conduct</lemma>
            <CharacterOffsetBegin>17035</CharacterOffsetBegin>
            <CharacterOffsetEnd>17042</CharacterOffsetEnd>
            <POS>VBP</POS>
            <NER>O</NER>
            <Speaker>PER0</Speaker>
          </token>
          <token id="40">
            <word>themselves</word>
            <lemma>themselves</lemma>
            <CharacterOffsetBegin>17043</CharacterOffsetBegin>
            <CharacterOffsetEnd>17053</CharacterOffsetEnd>
            <POS>PRP</POS>
            <NER>O</NER>
            <Speaker>PER0</Speaker>
          </token>
          <token id="41">
            <word>for</word>
            <lemma>for</lemma>
            <CharacterOffsetBegin>17054</CharacterOffsetBegin>
            <CharacterOffsetEnd>17057</CharacterOffsetEnd>
            <POS>IN</POS>
            <NER>O</NER>
            <Speaker>PER0</Speaker>
          </token>
          <token id="42">
            <word>long</word>
            <lemma>long</lemma>
            <CharacterOffsetBegin>17058</CharacterOffsetBegin>
            <CharacterOffsetEnd>17062</CharacterOffsetEnd>
            <POS>JJ</POS>
            <NER>O</NER>
            <Speaker>PER0</Speaker>
          </token>
          <token id="43">
            <word>term</word>
            <lemma>term</lemma>
            <CharacterOffsetBegin>17063</CharacterOffsetBegin>
            <CharacterOffsetEnd>17067</CharacterOffsetEnd>
            <POS>NN</POS>
            <NER>O</NER>
            <Speaker>PER0</Speaker>
          </token>
          <token id="44">
            <word>sustainability</word>
            <lemma>sustainability</lemma>
            <CharacterOffsetBegin>17068</CharacterOffsetBegin>
            <CharacterOffsetEnd>17082</CharacterOffsetEnd>
            <POS>NN</POS>
            <NER>O</NER>
            <Speaker>PER0</Speaker>
          </token>
          <token id="45">
            <word>.</word>
            <lemma>.</lemma>
            <CharacterOffsetBegin>17082</CharacterOffsetBegin>
            <CharacterOffsetEnd>17083</CharacterOffsetEnd>
            <POS>.</POS>
            <NER>O</NER>
            <Speaker>PER0</Speaker>
          </token>
        </tokens>
        <parse>(ROOT (S (S (NP (PRP It)) (VP (VBZ continues) (PP (TO to) (NP (NN state))) (SBAR (IN that) (S (NP (NP (DT the) (NN power)) (PP (IN of) (NP (NNS shareholders)))) (VP (VBZ has) (VP (VBN increased) (ADVP (RB significantly)) (PP (IN over) (NP (DT the) (JJ last) (CD 10) (NNS years))) (PP (IN in) (NP (NP (JJ particular)) (NP (DT the) (NNP U.S)))))))))) (: ;) (S (NP (PRP it)) (ADVP (RB also)) (VP (VBZ provides) (NP (NN hope)) (SBAR (IN that) (S (S (NP (EX there)) (VP (MD will) (VP (VB be) (NP (NN shift))))) (CC and) (S (NP (NP (DT a) (NN change)) (PP (IN in) (NP (DT the) (NN way) (NNS businesses)))) (VP (VBP conduct) (NP (PRP themselves)) (PP (IN for) (NP (JJ long) (NN term) (NN sustainability))))))))) (. .))) </parse>
        <dependencies type="basic-dependencies">
          <dep type="root">
            <governor idx="0">ROOT</governor>
            <dependent idx="2">continues</dependent>
          </dep>
          <dep type="nsubj">
            <governor idx="2">continues</governor>
            <dependent idx="1">It</dependent>
          </dep>
          <dep type="case">
            <governor idx="4">state</governor>
            <dependent idx="3">to</dependent>
          </dep>
          <dep type="nmod">
            <governor idx="2">continues</governor>
            <dependent idx="4">state</dependent>
          </dep>
          <dep type="mark">
            <governor idx="11">increased</governor>
            <dependent idx="5">that</dependent>
          </dep>
          <dep type="det">
            <governor idx="7">power</governor>
            <dependent idx="6">the</dependent>
          </dep>
          <dep type="nsubj">
            <governor idx="11">increased</governor>
            <dependent idx="7">power</dependent>
          </dep>
          <dep type="case">
            <governor idx="9">shareholders</governor>
            <dependent idx="8">of</dependent>
          </dep>
          <dep type="nmod">
            <governor idx="7">power</governor>
            <dependent idx="9">shareholders</dependent>
          </dep>
          <dep type="aux">
            <governor idx="11">increased</governor>
            <dependent idx="10">has</dependent>
          </dep>
          <dep type="ccomp">
            <governor idx="2">continues</governor>
            <dependent idx="11">increased</dependent>
          </dep>
          <dep type="advmod">
            <governor idx="11">increased</governor>
            <dependent idx="12">significantly</dependent>
          </dep>
          <dep type="case">
            <governor idx="17">years</governor>
            <dependent idx="13">over</dependent>
          </dep>
          <dep type="det">
            <governor idx="17">years</governor>
            <dependent idx="14">the</dependent>
          </dep>
          <dep type="amod">
            <governor idx="17">years</governor>
            <dependent idx="15">last</dependent>
          </dep>
          <dep type="nummod">
            <governor idx="17">years</governor>
            <dependent idx="16">10</dependent>
          </dep>
          <dep type="nmod">
            <governor idx="11">increased</governor>
            <dependent idx="17">years</dependent>
          </dep>
          <dep type="case">
            <governor idx="19">particular</governor>
            <dependent idx="18">in</dependent>
          </dep>
          <dep type="nmod">
            <governor idx="11">increased</governor>
            <dependent idx="19">particular</dependent>
          </dep>
          <dep type="det">
            <governor idx="21">U.S</governor>
            <dependent idx="20">the</dependent>
          </dep>
          <dep type="dep">
            <governor idx="19">particular</governor>
            <dependent idx="21">U.S</dependent>
          </dep>
          <dep type="punct">
            <governor idx="2">continues</governor>
            <dependent idx="22">;</dependent>
          </dep>
          <dep type="nsubj">
            <governor idx="25">provides</governor>
            <dependent idx="23">it</dependent>
          </dep>
          <dep type="advmod">
            <governor idx="25">provides</governor>
            <dependent idx="24">also</dependent>
          </dep>
          <dep type="parataxis">
            <governor idx="2">continues</governor>
            <dependent idx="25">provides</dependent>
          </dep>
          <dep type="dobj">
            <governor idx="25">provides</governor>
            <dependent idx="26">hope</dependent>
          </dep>
          <dep type="mark">
            <governor idx="31">shift</governor>
            <dependent idx="27">that</dependent>
          </dep>
          <dep type="expl">
            <governor idx="31">shift</governor>
            <dependent idx="28">there</dependent>
          </dep>
          <dep type="aux">
            <governor idx="31">shift</governor>
            <dependent idx="29">will</dependent>
          </dep>
          <dep type="cop">
            <governor idx="31">shift</governor>
            <dependent idx="30">be</dependent>
          </dep>
          <dep type="ccomp">
            <governor idx="25">provides</governor>
            <dependent idx="31">shift</dependent>
          </dep>
          <dep type="cc">
            <governor idx="31">shift</governor>
            <dependent idx="32">and</dependent>
          </dep>
          <dep type="det">
            <governor idx="34">change</governor>
            <dependent idx="33">a</dependent>
          </dep>
          <dep type="nsubj">
            <governor idx="39">conduct</governor>
            <dependent idx="34">change</dependent>
          </dep>
          <dep type="case">
            <governor idx="38">businesses</governor>
            <dependent idx="35">in</dependent>
          </dep>
          <dep type="det">
            <governor idx="38">businesses</governor>
            <dependent idx="36">the</dependent>
          </dep>
          <dep type="compound">
            <governor idx="38">businesses</governor>
            <dependent idx="37">way</dependent>
          </dep>
          <dep type="nmod">
            <governor idx="34">change</governor>
            <dependent idx="38">businesses</dependent>
          </dep>
          <dep type="conj">
            <governor idx="31">shift</governor>
            <dependent idx="39">conduct</dependent>
          </dep>
          <dep type="dobj">
            <governor idx="39">conduct</governor>
            <dependent idx="40">themselves</dependent>
          </dep>
          <dep type="case">
            <governor idx="44">sustainability</governor>
            <dependent idx="41">for</dependent>
          </dep>
          <dep type="amod">
            <governor idx="44">sustainability</governor>
            <dependent idx="42">long</dependent>
          </dep>
          <dep type="compound">
            <governor idx="44">sustainability</governor>
            <dependent idx="43">term</dependent>
          </dep>
          <dep type="nmod">
            <governor idx="39">conduct</governor>
            <dependent idx="44">sustainability</dependent>
          </dep>
          <dep type="punct">
            <governor idx="2">continues</governor>
            <dependent idx="45">.</dependent>
          </dep>
        </dependencies>
        <dependencies type="collapsed-dependencies">
          <dep type="root">
            <governor idx="0">ROOT</governor>
            <dependent idx="2">continues</dependent>
          </dep>
          <dep type="nsubj">
            <governor idx="2">continues</governor>
            <dependent idx="1">It</dependent>
          </dep>
          <dep type="case">
            <governor idx="4">state</governor>
            <dependent idx="3">to</dependent>
          </dep>
          <dep type="nmod:to">
            <governor idx="2">continues</governor>
            <dependent idx="4">state</dependent>
          </dep>
          <dep type="mark">
            <governor idx="11">increased</governor>
            <dependent idx="5">that</dependent>
          </dep>
          <dep type="det">
            <governor idx="7">power</governor>
            <dependent idx="6">the</dependent>
          </dep>
          <dep type="nsubj">
            <governor idx="11">increased</governor>
            <dependent idx="7">power</dependent>
          </dep>
          <dep type="case">
            <governor idx="9">shareholders</governor>
            <dependent idx="8">of</dependent>
          </dep>
          <dep type="nmod:of">
            <governor idx="7">power</governor>
            <dependent idx="9">shareholders</dependent>
          </dep>
          <dep type="aux">
            <governor idx="11">increased</governor>
            <dependent idx="10">has</dependent>
          </dep>
          <dep type="ccomp">
            <governor idx="2">continues</governor>
            <dependent idx="11">increased</dependent>
          </dep>
          <dep type="advmod">
            <governor idx="11">increased</governor>
            <dependent idx="12">significantly</dependent>
          </dep>
          <dep type="case">
            <governor idx="17">years</governor>
            <dependent idx="13">over</dependent>
          </dep>
          <dep type="det">
            <governor idx="17">years</governor>
            <dependent idx="14">the</dependent>
          </dep>
          <dep type="amod">
            <governor idx="17">years</governor>
            <dependent idx="15">last</dependent>
          </dep>
          <dep type="nummod">
            <governor idx="17">years</governor>
            <dependent idx="16">10</dependent>
          </dep>
          <dep type="nmod:over">
            <governor idx="11">increased</governor>
            <dependent idx="17">years</dependent>
          </dep>
          <dep type="case">
            <governor idx="19">particular</governor>
            <dependent idx="18">in</dependent>
          </dep>
          <dep type="nmod:in">
            <governor idx="11">increased</governor>
            <dependent idx="19">particular</dependent>
          </dep>
          <dep type="det">
            <governor idx="21">U.S</governor>
            <dependent idx="20">the</dependent>
          </dep>
          <dep type="dep">
            <governor idx="19">particular</governor>
            <dependent idx="21">U.S</dependent>
          </dep>
          <dep type="punct">
            <governor idx="2">continues</governor>
            <dependent idx="22">;</dependent>
          </dep>
          <dep type="nsubj">
            <governor idx="25">provides</governor>
            <dependent idx="23">it</dependent>
          </dep>
          <dep type="advmod">
            <governor idx="25">provides</governor>
            <dependent idx="24">also</dependent>
          </dep>
          <dep type="parataxis">
            <governor idx="2">continues</governor>
            <dependent idx="25">provides</dependent>
          </dep>
          <dep type="dobj">
            <governor idx="25">provides</governor>
            <dependent idx="26">hope</dependent>
          </dep>
          <dep type="mark">
            <governor idx="31">shift</governor>
            <dependent idx="27">that</dependent>
          </dep>
          <dep type="expl">
            <governor idx="31">shift</governor>
            <dependent idx="28">there</dependent>
          </dep>
          <dep type="aux">
            <governor idx="31">shift</governor>
            <dependent idx="29">will</dependent>
          </dep>
          <dep type="cop">
            <governor idx="31">shift</governor>
            <dependent idx="30">be</dependent>
          </dep>
          <dep type="ccomp">
            <governor idx="25">provides</governor>
            <dependent idx="31">shift</dependent>
          </dep>
          <dep type="cc">
            <governor idx="31">shift</governor>
            <dependent idx="32">and</dependent>
          </dep>
          <dep type="det">
            <governor idx="34">change</governor>
            <dependent idx="33">a</dependent>
          </dep>
          <dep type="nsubj">
            <governor idx="39">conduct</governor>
            <dependent idx="34">change</dependent>
          </dep>
          <dep type="case">
            <governor idx="38">businesses</governor>
            <dependent idx="35">in</dependent>
          </dep>
          <dep type="det">
            <governor idx="38">businesses</governor>
            <dependent idx="36">the</dependent>
          </dep>
          <dep type="compound">
            <governor idx="38">businesses</governor>
            <dependent idx="37">way</dependent>
          </dep>
          <dep type="nmod:in">
            <governor idx="34">change</governor>
            <dependent idx="38">businesses</dependent>
          </dep>
          <dep type="conj:and">
            <governor idx="31">shift</governor>
            <dependent idx="39">conduct</dependent>
          </dep>
          <dep type="dobj">
            <governor idx="39">conduct</governor>
            <dependent idx="40">themselves</dependent>
          </dep>
          <dep type="case">
            <governor idx="44">sustainability</governor>
            <dependent idx="41">for</dependent>
          </dep>
          <dep type="amod">
            <governor idx="44">sustainability</governor>
            <dependent idx="42">long</dependent>
          </dep>
          <dep type="compound">
            <governor idx="44">sustainability</governor>
            <dependent idx="43">term</dependent>
          </dep>
          <dep type="nmod:for">
            <governor idx="39">conduct</governor>
            <dependent idx="44">sustainability</dependent>
          </dep>
          <dep type="punct">
            <governor idx="2">continues</governor>
            <dependent idx="45">.</dependent>
          </dep>
        </dependencies>
        <dependencies type="collapsed-ccprocessed-dependencies">
          <dep type="root">
            <governor idx="0">ROOT</governor>
            <dependent idx="2">continues</dependent>
          </dep>
          <dep type="nsubj">
            <governor idx="2">continues</governor>
            <dependent idx="1">It</dependent>
          </dep>
          <dep type="case">
            <governor idx="4">state</governor>
            <dependent idx="3">to</dependent>
          </dep>
          <dep type="nmod:to">
            <governor idx="2">continues</governor>
            <dependent idx="4">state</dependent>
          </dep>
          <dep type="mark">
            <governor idx="11">increased</governor>
            <dependent idx="5">that</dependent>
          </dep>
          <dep type="det">
            <governor idx="7">power</governor>
            <dependent idx="6">the</dependent>
          </dep>
          <dep type="nsubj">
            <governor idx="11">increased</governor>
            <dependent idx="7">power</dependent>
          </dep>
          <dep type="case">
            <governor idx="9">shareholders</governor>
            <dependent idx="8">of</dependent>
          </dep>
          <dep type="nmod:of">
            <governor idx="7">power</governor>
            <dependent idx="9">shareholders</dependent>
          </dep>
          <dep type="aux">
            <governor idx="11">increased</governor>
            <dependent idx="10">has</dependent>
          </dep>
          <dep type="ccomp">
            <governor idx="2">continues</governor>
            <dependent idx="11">increased</dependent>
          </dep>
          <dep type="advmod">
            <governor idx="11">increased</governor>
            <dependent idx="12">significantly</dependent>
          </dep>
          <dep type="case">
            <governor idx="17">years</governor>
            <dependent idx="13">over</dependent>
          </dep>
          <dep type="det">
            <governor idx="17">years</governor>
            <dependent idx="14">the</dependent>
          </dep>
          <dep type="amod">
            <governor idx="17">years</governor>
            <dependent idx="15">last</dependent>
          </dep>
          <dep type="nummod">
            <governor idx="17">years</governor>
            <dependent idx="16">10</dependent>
          </dep>
          <dep type="nmod:over">
            <governor idx="11">increased</governor>
            <dependent idx="17">years</dependent>
          </dep>
          <dep type="case">
            <governor idx="19">particular</governor>
            <dependent idx="18">in</dependent>
          </dep>
          <dep type="nmod:in">
            <governor idx="11">increased</governor>
            <dependent idx="19">particular</dependent>
          </dep>
          <dep type="det">
            <governor idx="21">U.S</governor>
            <dependent idx="20">the</dependent>
          </dep>
          <dep type="dep">
            <governor idx="19">particular</governor>
            <dependent idx="21">U.S</dependent>
          </dep>
          <dep type="punct">
            <governor idx="2">continues</governor>
            <dependent idx="22">;</dependent>
          </dep>
          <dep type="nsubj">
            <governor idx="25">provides</governor>
            <dependent idx="23">it</dependent>
          </dep>
          <dep type="advmod">
            <governor idx="25">provides</governor>
            <dependent idx="24">also</dependent>
          </dep>
          <dep type="parataxis">
            <governor idx="2">continues</governor>
            <dependent idx="25">provides</dependent>
          </dep>
          <dep type="dobj">
            <governor idx="25">provides</governor>
            <dependent idx="26">hope</dependent>
          </dep>
          <dep type="mark">
            <governor idx="31">shift</governor>
            <dependent idx="27">that</dependent>
          </dep>
          <dep type="expl">
            <governor idx="31">shift</governor>
            <dependent idx="28">there</dependent>
          </dep>
          <dep type="aux">
            <governor idx="31">shift</governor>
            <dependent idx="29">will</dependent>
          </dep>
          <dep type="cop">
            <governor idx="31">shift</governor>
            <dependent idx="30">be</dependent>
          </dep>
          <dep type="ccomp">
            <governor idx="25">provides</governor>
            <dependent idx="31">shift</dependent>
          </dep>
          <dep type="cc">
            <governor idx="31">shift</governor>
            <dependent idx="32">and</dependent>
          </dep>
          <dep type="det">
            <governor idx="34">change</governor>
            <dependent idx="33">a</dependent>
          </dep>
          <dep type="nsubj">
            <governor idx="39">conduct</governor>
            <dependent idx="34">change</dependent>
          </dep>
          <dep type="case">
            <governor idx="38">businesses</governor>
            <dependent idx="35">in</dependent>
          </dep>
          <dep type="det">
            <governor idx="38">businesses</governor>
            <dependent idx="36">the</dependent>
          </dep>
          <dep type="compound">
            <governor idx="38">businesses</governor>
            <dependent idx="37">way</dependent>
          </dep>
          <dep type="nmod:in">
            <governor idx="34">change</governor>
            <dependent idx="38">businesses</dependent>
          </dep>
          <dep type="ccomp" extra="true">
            <governor idx="25">provides</governor>
            <dependent idx="39">conduct</dependent>
          </dep>
          <dep type="conj:and">
            <governor idx="31">shift</governor>
            <dependent idx="39">conduct</dependent>
          </dep>
          <dep type="dobj">
            <governor idx="39">conduct</governor>
            <dependent idx="40">themselves</dependent>
          </dep>
          <dep type="case">
            <governor idx="44">sustainability</governor>
            <dependent idx="41">for</dependent>
          </dep>
          <dep type="amod">
            <governor idx="44">sustainability</governor>
            <dependent idx="42">long</dependent>
          </dep>
          <dep type="compound">
            <governor idx="44">sustainability</governor>
            <dependent idx="43">term</dependent>
          </dep>
          <dep type="nmod:for">
            <governor idx="39">conduct</governor>
            <dependent idx="44">sustainability</dependent>
          </dep>
          <dep type="punct">
            <governor idx="2">continues</governor>
            <dependent idx="45">.</dependent>
          </dep>
        </dependencies>
      </sentence>
      <sentence id="153">
        <tokens>
          <token id="1">
            <word>Reading</word>
            <lemma>read</lemma>
            <CharacterOffsetBegin>17084</CharacterOffsetBegin>
            <CharacterOffsetEnd>17091</CharacterOffsetEnd>
            <POS>VBG</POS>
            <NER>O</NER>
            <Speaker>PER0</Speaker>
          </token>
          <token id="2">
            <word>these</word>
            <lemma>these</lemma>
            <CharacterOffsetBegin>17092</CharacterOffsetBegin>
            <CharacterOffsetEnd>17097</CharacterOffsetEnd>
            <POS>DT</POS>
            <NER>O</NER>
            <Speaker>PER0</Speaker>
          </token>
          <token id="3">
            <word>two</word>
            <lemma>two</lemma>
            <CharacterOffsetBegin>17098</CharacterOffsetBegin>
            <CharacterOffsetEnd>17101</CharacterOffsetEnd>
            <POS>CD</POS>
            <NER>NUMBER</NER>
            <NormalizedNER>2.0</NormalizedNER>
            <Speaker>PER0</Speaker>
          </token>
          <token id="4">
            <word>recent</word>
            <lemma>recent</lemma>
            <CharacterOffsetBegin>17102</CharacterOffsetBegin>
            <CharacterOffsetEnd>17108</CharacterOffsetEnd>
            <POS>JJ</POS>
            <NER>O</NER>
            <Speaker>PER0</Speaker>
          </token>
          <token id="5">
            <word>articles</word>
            <lemma>article</lemma>
            <CharacterOffsetBegin>17109</CharacterOffsetBegin>
            <CharacterOffsetEnd>17117</CharacterOffsetEnd>
            <POS>NNS</POS>
            <NER>O</NER>
            <Speaker>PER0</Speaker>
          </token>
          <token id="6">
            <word>gave</word>
            <lemma>give</lemma>
            <CharacterOffsetBegin>17118</CharacterOffsetBegin>
            <CharacterOffsetEnd>17122</CharacterOffsetEnd>
            <POS>VBD</POS>
            <NER>O</NER>
            <Speaker>PER0</Speaker>
          </token>
          <token id="7">
            <word>me</word>
            <lemma>I</lemma>
            <CharacterOffsetBegin>17123</CharacterOffsetBegin>
            <CharacterOffsetEnd>17125</CharacterOffsetEnd>
            <POS>PRP</POS>
            <NER>O</NER>
            <Speaker>PER0</Speaker>
          </token>
          <token id="8">
            <word>some</word>
            <lemma>some</lemma>
            <CharacterOffsetBegin>17126</CharacterOffsetBegin>
            <CharacterOffsetEnd>17130</CharacterOffsetEnd>
            <POS>DT</POS>
            <NER>O</NER>
            <Speaker>PER0</Speaker>
          </token>
          <token id="9">
            <word>hope</word>
            <lemma>hope</lemma>
            <CharacterOffsetBegin>17131</CharacterOffsetBegin>
            <CharacterOffsetEnd>17135</CharacterOffsetEnd>
            <POS>VBP</POS>
            <NER>O</NER>
            <Speaker>PER0</Speaker>
          </token>
          <token id="10">
            <word>that</word>
            <lemma>that</lemma>
            <CharacterOffsetBegin>17136</CharacterOffsetBegin>
            <CharacterOffsetEnd>17140</CharacterOffsetEnd>
            <POS>IN</POS>
            <NER>O</NER>
            <Speaker>PER0</Speaker>
          </token>
          <token id="11">
            <word>the</word>
            <lemma>the</lemma>
            <CharacterOffsetBegin>17141</CharacterOffsetBegin>
            <CharacterOffsetEnd>17144</CharacterOffsetEnd>
            <POS>DT</POS>
            <NER>O</NER>
            <Speaker>PER0</Speaker>
          </token>
          <token id="12">
            <word>change</word>
            <lemma>change</lemma>
            <CharacterOffsetBegin>17145</CharacterOffsetBegin>
            <CharacterOffsetEnd>17151</CharacterOffsetEnd>
            <POS>NN</POS>
            <NER>O</NER>
            <Speaker>PER0</Speaker>
          </token>
          <token id="13">
            <word>is</word>
            <lemma>be</lemma>
            <CharacterOffsetBegin>17152</CharacterOffsetBegin>
            <CharacterOffsetEnd>17154</CharacterOffsetEnd>
            <POS>VBZ</POS>
            <NER>O</NER>
            <Speaker>PER0</Speaker>
          </token>
          <token id="14">
            <word>starting</word>
            <lemma>start</lemma>
            <CharacterOffsetBegin>17155</CharacterOffsetBegin>
            <CharacterOffsetEnd>17163</CharacterOffsetEnd>
            <POS>VBG</POS>
            <NER>O</NER>
            <Speaker>PER0</Speaker>
          </token>
          <token id="15">
            <word>I</word>
            <lemma>I</lemma>
            <CharacterOffsetBegin>17164</CharacterOffsetBegin>
            <CharacterOffsetEnd>17165</CharacterOffsetEnd>
            <POS>PRP</POS>
            <NER>O</NER>
            <Speaker>PER0</Speaker>
          </token>
          <token id="16">
            <word>look</word>
            <lemma>look</lemma>
            <CharacterOffsetBegin>17166</CharacterOffsetBegin>
            <CharacterOffsetEnd>17170</CharacterOffsetEnd>
            <POS>VBP</POS>
            <NER>O</NER>
            <Speaker>PER0</Speaker>
          </token>
          <token id="17">
            <word>forward</word>
            <lemma>forward</lemma>
            <CharacterOffsetBegin>17171</CharacterOffsetBegin>
            <CharacterOffsetEnd>17178</CharacterOffsetEnd>
            <POS>RB</POS>
            <NER>O</NER>
            <Speaker>PER0</Speaker>
          </token>
          <token id="18">
            <word>to</word>
            <lemma>to</lemma>
            <CharacterOffsetBegin>17179</CharacterOffsetBegin>
            <CharacterOffsetEnd>17181</CharacterOffsetEnd>
            <POS>TO</POS>
            <NER>O</NER>
            <Speaker>PER0</Speaker>
          </token>
          <token id="19">
            <word>seeing</word>
            <lemma>see</lemma>
            <CharacterOffsetBegin>17182</CharacterOffsetBegin>
            <CharacterOffsetEnd>17188</CharacterOffsetEnd>
            <POS>VBG</POS>
            <NER>O</NER>
            <Speaker>PER0</Speaker>
          </token>
          <token id="20">
            <word>the</word>
            <lemma>the</lemma>
            <CharacterOffsetBegin>17189</CharacterOffsetBegin>
            <CharacterOffsetEnd>17192</CharacterOffsetEnd>
            <POS>DT</POS>
            <NER>O</NER>
            <Speaker>PER0</Speaker>
          </token>
          <token id="21">
            <word>shift</word>
            <lemma>shift</lemma>
            <CharacterOffsetBegin>17193</CharacterOffsetBegin>
            <CharacterOffsetEnd>17198</CharacterOffsetEnd>
            <POS>NN</POS>
            <NER>O</NER>
            <Speaker>PER0</Speaker>
          </token>
          <token id="22">
            <word>and</word>
            <lemma>and</lemma>
            <CharacterOffsetBegin>17199</CharacterOffsetBegin>
            <CharacterOffsetEnd>17202</CharacterOffsetEnd>
            <POS>CC</POS>
            <NER>O</NER>
            <Speaker>PER0</Speaker>
          </token>
          <token id="23">
            <word>working</word>
            <lemma>work</lemma>
            <CharacterOffsetBegin>17203</CharacterOffsetBegin>
            <CharacterOffsetEnd>17210</CharacterOffsetEnd>
            <POS>VBG</POS>
            <NER>O</NER>
            <Speaker>PER0</Speaker>
          </token>
          <token id="24">
            <word>through</word>
            <lemma>through</lemma>
            <CharacterOffsetBegin>17211</CharacterOffsetBegin>
            <CharacterOffsetEnd>17218</CharacterOffsetEnd>
            <POS>IN</POS>
            <NER>O</NER>
            <Speaker>PER0</Speaker>
          </token>
          <token id="25">
            <word>the</word>
            <lemma>the</lemma>
            <CharacterOffsetBegin>17219</CharacterOffsetBegin>
            <CharacterOffsetEnd>17222</CharacterOffsetEnd>
            <POS>DT</POS>
            <NER>O</NER>
            <Speaker>PER0</Speaker>
          </token>
          <token id="26">
            <word>shift</word>
            <lemma>shift</lemma>
            <CharacterOffsetBegin>17223</CharacterOffsetBegin>
            <CharacterOffsetEnd>17228</CharacterOffsetEnd>
            <POS>NN</POS>
            <NER>O</NER>
            <Speaker>PER0</Speaker>
          </token>
          <token id="27">
            <word>in</word>
            <lemma>in</lemma>
            <CharacterOffsetBegin>17229</CharacterOffsetBegin>
            <CharacterOffsetEnd>17231</CharacterOffsetEnd>
            <POS>IN</POS>
            <NER>O</NER>
            <Speaker>PER0</Speaker>
          </token>
          <token id="28">
            <word>the</word>
            <lemma>the</lemma>
            <CharacterOffsetBegin>17232</CharacterOffsetBegin>
            <CharacterOffsetEnd>17235</CharacterOffsetEnd>
            <POS>DT</POS>
            <NER>DATE</NER>
            <NormalizedNER>FUTURE_REF</NormalizedNER>
            <Speaker>PER0</Speaker>
            <Timex tid="t25" type="DATE">FUTURE_REF</Timex>
          </token>
          <token id="29">
            <word>near</word>
            <lemma>near</lemma>
            <CharacterOffsetBegin>17236</CharacterOffsetBegin>
            <CharacterOffsetEnd>17240</CharacterOffsetEnd>
            <POS>JJ</POS>
            <NER>DATE</NER>
            <NormalizedNER>FUTURE_REF</NormalizedNER>
            <Speaker>PER0</Speaker>
            <Timex tid="t25" type="DATE">FUTURE_REF</Timex>
          </token>
          <token id="30">
            <word>future</word>
            <lemma>future</lemma>
            <CharacterOffsetBegin>17241</CharacterOffsetBegin>
            <CharacterOffsetEnd>17247</CharacterOffsetEnd>
            <POS>NN</POS>
            <NER>DATE</NER>
            <NormalizedNER>FUTURE_REF</NormalizedNER>
            <Speaker>PER0</Speaker>
            <Timex tid="t25" type="DATE">FUTURE_REF</Timex>
          </token>
          <token id="31">
            <word>.</word>
            <lemma>.</lemma>
            <CharacterOffsetBegin>17247</CharacterOffsetBegin>
            <CharacterOffsetEnd>17248</CharacterOffsetEnd>
            <POS>.</POS>
            <NER>O</NER>
            <Speaker>PER0</Speaker>
          </token>
        </tokens>
        <parse>(ROOT (S (S (VP (VBG Reading) (SBAR (S (NP (DT these) (CD two) (JJ recent) (NNS articles)) (VP (VBD gave) (NP (PRP me)) (NP (NP (DT some)) (SBAR (S (VP (VBP hope) (SBAR (IN that) (S (NP (DT the) (NN change)) (VP (VBZ is) (VP (VBG starting) (NP (PRP I))))))))))))))) (VP (VBP look) (ADVP (RB forward)) (PP (TO to) (S (VP (VP (VBG seeing) (NP (DT the) (NN shift))) (CC and) (VP (VBG working) (PP (IN through) (NP (NP (DT the) (NN shift)) (PP (IN in) (NP (DT the) (JJ near) (NN future)))))))))) (. .))) </parse>
        <dependencies type="basic-dependencies">
          <dep type="root">
            <governor idx="0">ROOT</governor>
            <dependent idx="16">look</dependent>
          </dep>
          <dep type="csubj">
            <governor idx="16">look</governor>
            <dependent idx="1">Reading</dependent>
          </dep>
          <dep type="det">
            <governor idx="5">articles</governor>
            <dependent idx="2">these</dependent>
          </dep>
          <dep type="nummod">
            <governor idx="5">articles</governor>
            <dependent idx="3">two</dependent>
          </dep>
          <dep type="amod">
            <governor idx="5">articles</governor>
            <dependent idx="4">recent</dependent>
          </dep>
          <dep type="nsubj">
            <governor idx="6">gave</governor>
            <dependent idx="5">articles</dependent>
          </dep>
          <dep type="ccomp">
            <governor idx="1">Reading</governor>
            <dependent idx="6">gave</dependent>
          </dep>
          <dep type="iobj">
            <governor idx="6">gave</governor>
            <dependent idx="7">me</dependent>
          </dep>
          <dep type="dobj">
            <governor idx="6">gave</governor>
            <dependent idx="8">some</dependent>
          </dep>
          <dep type="acl:relcl">
            <governor idx="8">some</governor>
            <dependent idx="9">hope</dependent>
          </dep>
          <dep type="mark">
            <governor idx="14">starting</governor>
            <dependent idx="10">that</dependent>
          </dep>
          <dep type="det">
            <governor idx="12">change</governor>
            <dependent idx="11">the</dependent>
          </dep>
          <dep type="nsubj">
            <governor idx="14">starting</governor>
            <dependent idx="12">change</dependent>
          </dep>
          <dep type="aux">
            <governor idx="14">starting</governor>
            <dependent idx="13">is</dependent>
          </dep>
          <dep type="ccomp">
            <governor idx="9">hope</governor>
            <dependent idx="14">starting</dependent>
          </dep>
          <dep type="dobj">
            <governor idx="14">starting</governor>
            <dependent idx="15">I</dependent>
          </dep>
          <dep type="advmod">
            <governor idx="16">look</governor>
            <dependent idx="17">forward</dependent>
          </dep>
          <dep type="mark">
            <governor idx="19">seeing</governor>
            <dependent idx="18">to</dependent>
          </dep>
          <dep type="advcl">
            <governor idx="16">look</governor>
            <dependent idx="19">seeing</dependent>
          </dep>
          <dep type="det">
            <governor idx="21">shift</governor>
            <dependent idx="20">the</dependent>
          </dep>
          <dep type="dobj">
            <governor idx="19">seeing</governor>
            <dependent idx="21">shift</dependent>
          </dep>
          <dep type="cc">
            <governor idx="19">seeing</governor>
            <dependent idx="22">and</dependent>
          </dep>
          <dep type="conj">
            <governor idx="19">seeing</governor>
            <dependent idx="23">working</dependent>
          </dep>
          <dep type="case">
            <governor idx="26">shift</governor>
            <dependent idx="24">through</dependent>
          </dep>
          <dep type="det">
            <governor idx="26">shift</governor>
            <dependent idx="25">the</dependent>
          </dep>
          <dep type="nmod">
            <governor idx="23">working</governor>
            <dependent idx="26">shift</dependent>
          </dep>
          <dep type="case">
            <governor idx="30">future</governor>
            <dependent idx="27">in</dependent>
          </dep>
          <dep type="det">
            <governor idx="30">future</governor>
            <dependent idx="28">the</dependent>
          </dep>
          <dep type="amod">
            <governor idx="30">future</governor>
            <dependent idx="29">near</dependent>
          </dep>
          <dep type="nmod">
            <governor idx="26">shift</governor>
            <dependent idx="30">future</dependent>
          </dep>
          <dep type="punct">
            <governor idx="16">look</governor>
            <dependent idx="31">.</dependent>
          </dep>
        </dependencies>
        <dependencies type="collapsed-dependencies">
          <dep type="root">
            <governor idx="0">ROOT</governor>
            <dependent idx="16">look</dependent>
          </dep>
          <dep type="csubj">
            <governor idx="16">look</governor>
            <dependent idx="1">Reading</dependent>
          </dep>
          <dep type="det">
            <governor idx="5">articles</governor>
            <dependent idx="2">these</dependent>
          </dep>
          <dep type="nummod">
            <governor idx="5">articles</governor>
            <dependent idx="3">two</dependent>
          </dep>
          <dep type="amod">
            <governor idx="5">articles</governor>
            <dependent idx="4">recent</dependent>
          </dep>
          <dep type="nsubj">
            <governor idx="6">gave</governor>
            <dependent idx="5">articles</dependent>
          </dep>
          <dep type="ccomp">
            <governor idx="1">Reading</governor>
            <dependent idx="6">gave</dependent>
          </dep>
          <dep type="iobj">
            <governor idx="6">gave</governor>
            <dependent idx="7">me</dependent>
          </dep>
          <dep type="dobj">
            <governor idx="6">gave</governor>
            <dependent idx="8">some</dependent>
          </dep>
          <dep type="acl:relcl">
            <governor idx="8">some</governor>
            <dependent idx="9">hope</dependent>
          </dep>
          <dep type="mark">
            <governor idx="14">starting</governor>
            <dependent idx="10">that</dependent>
          </dep>
          <dep type="det">
            <governor idx="12">change</governor>
            <dependent idx="11">the</dependent>
          </dep>
          <dep type="nsubj">
            <governor idx="14">starting</governor>
            <dependent idx="12">change</dependent>
          </dep>
          <dep type="aux">
            <governor idx="14">starting</governor>
            <dependent idx="13">is</dependent>
          </dep>
          <dep type="ccomp">
            <governor idx="9">hope</governor>
            <dependent idx="14">starting</dependent>
          </dep>
          <dep type="dobj">
            <governor idx="14">starting</governor>
            <dependent idx="15">I</dependent>
          </dep>
          <dep type="advmod">
            <governor idx="16">look</governor>
            <dependent idx="17">forward</dependent>
          </dep>
          <dep type="mark">
            <governor idx="19">seeing</governor>
            <dependent idx="18">to</dependent>
          </dep>
          <dep type="advcl">
            <governor idx="16">look</governor>
            <dependent idx="19">seeing</dependent>
          </dep>
          <dep type="det">
            <governor idx="21">shift</governor>
            <dependent idx="20">the</dependent>
          </dep>
          <dep type="dobj">
            <governor idx="19">seeing</governor>
            <dependent idx="21">shift</dependent>
          </dep>
          <dep type="cc">
            <governor idx="19">seeing</governor>
            <dependent idx="22">and</dependent>
          </dep>
          <dep type="conj:and">
            <governor idx="19">seeing</governor>
            <dependent idx="23">working</dependent>
          </dep>
          <dep type="case">
            <governor idx="26">shift</governor>
            <dependent idx="24">through</dependent>
          </dep>
          <dep type="det">
            <governor idx="26">shift</governor>
            <dependent idx="25">the</dependent>
          </dep>
          <dep type="nmod:through">
            <governor idx="23">working</governor>
            <dependent idx="26">shift</dependent>
          </dep>
          <dep type="case">
            <governor idx="30">future</governor>
            <dependent idx="27">in</dependent>
          </dep>
          <dep type="det">
            <governor idx="30">future</governor>
            <dependent idx="28">the</dependent>
          </dep>
          <dep type="amod">
            <governor idx="30">future</governor>
            <dependent idx="29">near</dependent>
          </dep>
          <dep type="nmod:in">
            <governor idx="26">shift</governor>
            <dependent idx="30">future</dependent>
          </dep>
          <dep type="punct">
            <governor idx="16">look</governor>
            <dependent idx="31">.</dependent>
          </dep>
        </dependencies>
        <dependencies type="collapsed-ccprocessed-dependencies">
          <dep type="root">
            <governor idx="0">ROOT</governor>
            <dependent idx="16">look</dependent>
          </dep>
          <dep type="csubj">
            <governor idx="16">look</governor>
            <dependent idx="1">Reading</dependent>
          </dep>
          <dep type="det">
            <governor idx="5">articles</governor>
            <dependent idx="2">these</dependent>
          </dep>
          <dep type="nummod">
            <governor idx="5">articles</governor>
            <dependent idx="3">two</dependent>
          </dep>
          <dep type="amod">
            <governor idx="5">articles</governor>
            <dependent idx="4">recent</dependent>
          </dep>
          <dep type="nsubj">
            <governor idx="6">gave</governor>
            <dependent idx="5">articles</dependent>
          </dep>
          <dep type="ccomp">
            <governor idx="1">Reading</governor>
            <dependent idx="6">gave</dependent>
          </dep>
          <dep type="iobj">
            <governor idx="6">gave</governor>
            <dependent idx="7">me</dependent>
          </dep>
          <dep type="dobj">
            <governor idx="6">gave</governor>
            <dependent idx="8">some</dependent>
          </dep>
          <dep type="acl:relcl">
            <governor idx="8">some</governor>
            <dependent idx="9">hope</dependent>
          </dep>
          <dep type="mark">
            <governor idx="14">starting</governor>
            <dependent idx="10">that</dependent>
          </dep>
          <dep type="det">
            <governor idx="12">change</governor>
            <dependent idx="11">the</dependent>
          </dep>
          <dep type="nsubj">
            <governor idx="14">starting</governor>
            <dependent idx="12">change</dependent>
          </dep>
          <dep type="aux">
            <governor idx="14">starting</governor>
            <dependent idx="13">is</dependent>
          </dep>
          <dep type="ccomp">
            <governor idx="9">hope</governor>
            <dependent idx="14">starting</dependent>
          </dep>
          <dep type="dobj">
            <governor idx="14">starting</governor>
            <dependent idx="15">I</dependent>
          </dep>
          <dep type="advmod">
            <governor idx="16">look</governor>
            <dependent idx="17">forward</dependent>
          </dep>
          <dep type="mark">
            <governor idx="19">seeing</governor>
            <dependent idx="18">to</dependent>
          </dep>
          <dep type="advcl">
            <governor idx="16">look</governor>
            <dependent idx="19">seeing</dependent>
          </dep>
          <dep type="det">
            <governor idx="21">shift</governor>
            <dependent idx="20">the</dependent>
          </dep>
          <dep type="dobj">
            <governor idx="19">seeing</governor>
            <dependent idx="21">shift</dependent>
          </dep>
          <dep type="cc">
            <governor idx="19">seeing</governor>
            <dependent idx="22">and</dependent>
          </dep>
          <dep type="advcl" extra="true">
            <governor idx="16">look</governor>
            <dependent idx="23">working</dependent>
          </dep>
          <dep type="conj:and">
            <governor idx="19">seeing</governor>
            <dependent idx="23">working</dependent>
          </dep>
          <dep type="case">
            <governor idx="26">shift</governor>
            <dependent idx="24">through</dependent>
          </dep>
          <dep type="det">
            <governor idx="26">shift</governor>
            <dependent idx="25">the</dependent>
          </dep>
          <dep type="nmod:through">
            <governor idx="23">working</governor>
            <dependent idx="26">shift</dependent>
          </dep>
          <dep type="case">
            <governor idx="30">future</governor>
            <dependent idx="27">in</dependent>
          </dep>
          <dep type="det">
            <governor idx="30">future</governor>
            <dependent idx="28">the</dependent>
          </dep>
          <dep type="amod">
            <governor idx="30">future</governor>
            <dependent idx="29">near</dependent>
          </dep>
          <dep type="nmod:in">
            <governor idx="26">shift</governor>
            <dependent idx="30">future</dependent>
          </dep>
          <dep type="punct">
            <governor idx="16">look</governor>
            <dependent idx="31">.</dependent>
          </dep>
        </dependencies>
      </sentence>
      <sentence id="154">
        <tokens>
          <token id="1">
            <word>Experience_to_Future_Practice_learing_cycle_in_Musa.txt</word>
            <lemma>experience_to_future_practice_learing_cycle_in_musa.txt</lemma>
            <CharacterOffsetBegin>17252</CharacterOffsetBegin>
            <CharacterOffsetEnd>17307</CharacterOffsetEnd>
            <POS>NN</POS>
            <NER>O</NER>
            <Speaker>PER0</Speaker>
          </token>
          <token id="2">
            <word>.</word>
            <lemma>.</lemma>
            <CharacterOffsetBegin>17307</CharacterOffsetBegin>
            <CharacterOffsetEnd>17308</CharacterOffsetEnd>
            <POS>.</POS>
            <NER>O</NER>
            <Speaker>PER0</Speaker>
          </token>
        </tokens>
        <parse>(ROOT (NP (NN Experience_to_Future_Practice_learing_cycle_in_Musa.txt) (. .))) </parse>
        <dependencies type="basic-dependencies">
          <dep type="root">
            <governor idx="0">ROOT</governor>
            <dependent idx="1">Experience_to_Future_Practice_learing_cycle_in_Musa.txt</dependent>
          </dep>
          <dep type="punct">
            <governor idx="1">Experience_to_Future_Practice_learing_cycle_in_Musa.txt</governor>
            <dependent idx="2">.</dependent>
          </dep>
        </dependencies>
        <dependencies type="collapsed-dependencies">
          <dep type="root">
            <governor idx="0">ROOT</governor>
            <dependent idx="1">Experience_to_Future_Practice_learing_cycle_in_Musa.txt</dependent>
          </dep>
          <dep type="punct">
            <governor idx="1">Experience_to_Future_Practice_learing_cycle_in_Musa.txt</governor>
            <dependent idx="2">.</dependent>
          </dep>
        </dependencies>
        <dependencies type="collapsed-ccprocessed-dependencies">
          <dep type="root">
            <governor idx="0">ROOT</governor>
            <dependent idx="1">Experience_to_Future_Practice_learing_cycle_in_Musa.txt</dependent>
          </dep>
          <dep type="punct">
            <governor idx="1">Experience_to_Future_Practice_learing_cycle_in_Musa.txt</governor>
            <dependent idx="2">.</dependent>
          </dep>
        </dependencies>
      </sentence>
      <sentence id="155">
        <tokens>
          <token id="1">
            <word>Throughout</word>
            <lemma>throughout</lemma>
            <CharacterOffsetBegin>17310</CharacterOffsetBegin>
            <CharacterOffsetEnd>17320</CharacterOffsetEnd>
            <POS>IN</POS>
            <NER>O</NER>
            <Speaker>PER0</Speaker>
          </token>
          <token id="2">
            <word>these</word>
            <lemma>these</lemma>
            <CharacterOffsetBegin>17321</CharacterOffsetBegin>
            <CharacterOffsetEnd>17326</CharacterOffsetEnd>
            <POS>DT</POS>
            <NER>O</NER>
            <Speaker>PER0</Speaker>
          </token>
          <token id="3">
            <word>past</word>
            <lemma>past</lemma>
            <CharacterOffsetBegin>17327</CharacterOffsetBegin>
            <CharacterOffsetEnd>17331</CharacterOffsetEnd>
            <POS>JJ</POS>
            <NER>DATE</NER>
            <NormalizedNER>PAST_REF</NormalizedNER>
            <Speaker>PER0</Speaker>
            <Timex tid="t26" type="DATE">PAST_REF</Timex>
          </token>
          <token id="4">
            <word>few</word>
            <lemma>few</lemma>
            <CharacterOffsetBegin>17332</CharacterOffsetBegin>
            <CharacterOffsetEnd>17335</CharacterOffsetEnd>
            <POS>JJ</POS>
            <NER>DURATION</NER>
            <NormalizedNER>PXW</NormalizedNER>
            <Speaker>PER0</Speaker>
            <Timex tid="t27" type="DURATION">PXW</Timex>
          </token>
          <token id="5">
            <word>weeks</word>
            <lemma>week</lemma>
            <CharacterOffsetBegin>17336</CharacterOffsetBegin>
            <CharacterOffsetEnd>17341</CharacterOffsetEnd>
            <POS>NNS</POS>
            <NER>DURATION</NER>
            <NormalizedNER>PXW</NormalizedNER>
            <Speaker>PER0</Speaker>
            <Timex tid="t27" type="DURATION">PXW</Timex>
          </token>
          <token id="6">
            <word>I</word>
            <lemma>I</lemma>
            <CharacterOffsetBegin>17342</CharacterOffsetBegin>
            <CharacterOffsetEnd>17343</CharacterOffsetEnd>
            <POS>PRP</POS>
            <NER>O</NER>
            <Speaker>PER0</Speaker>
          </token>
          <token id="7">
            <word>have</word>
            <lemma>have</lemma>
            <CharacterOffsetBegin>17344</CharacterOffsetBegin>
            <CharacterOffsetEnd>17348</CharacterOffsetEnd>
            <POS>VBP</POS>
            <NER>O</NER>
            <Speaker>PER0</Speaker>
          </token>
          <token id="8">
            <word>been</word>
            <lemma>be</lemma>
            <CharacterOffsetBegin>17349</CharacterOffsetBegin>
            <CharacterOffsetEnd>17353</CharacterOffsetEnd>
            <POS>VBN</POS>
            <NER>O</NER>
            <Speaker>PER0</Speaker>
          </token>
          <token id="9">
            <word>working</word>
            <lemma>work</lemma>
            <CharacterOffsetBegin>17354</CharacterOffsetBegin>
            <CharacterOffsetEnd>17361</CharacterOffsetEnd>
            <POS>VBG</POS>
            <NER>O</NER>
            <Speaker>PER0</Speaker>
          </token>
          <token id="10">
            <word>in</word>
            <lemma>in</lemma>
            <CharacterOffsetBegin>17362</CharacterOffsetBegin>
            <CharacterOffsetEnd>17364</CharacterOffsetEnd>
            <POS>IN</POS>
            <NER>O</NER>
            <Speaker>PER0</Speaker>
          </token>
          <token id="11">
            <word>the</word>
            <lemma>the</lemma>
            <CharacterOffsetBegin>17365</CharacterOffsetBegin>
            <CharacterOffsetEnd>17368</CharacterOffsetEnd>
            <POS>DT</POS>
            <NER>O</NER>
            <Speaker>PER0</Speaker>
          </token>
          <token id="12">
            <word>repair</word>
            <lemma>repair</lemma>
            <CharacterOffsetBegin>17369</CharacterOffsetBegin>
            <CharacterOffsetEnd>17375</CharacterOffsetEnd>
            <POS>NN</POS>
            <NER>O</NER>
            <Speaker>PER0</Speaker>
          </token>
          <token id="13">
            <word>facility</word>
            <lemma>facility</lemma>
            <CharacterOffsetBegin>17376</CharacterOffsetBegin>
            <CharacterOffsetEnd>17384</CharacterOffsetEnd>
            <POS>NN</POS>
            <NER>O</NER>
            <Speaker>PER0</Speaker>
          </token>
          <token id="14">
            <word>.</word>
            <lemma>.</lemma>
            <CharacterOffsetBegin>17384</CharacterOffsetBegin>
            <CharacterOffsetEnd>17385</CharacterOffsetEnd>
            <POS>.</POS>
            <NER>O</NER>
            <Speaker>PER0</Speaker>
          </token>
        </tokens>
        <parse>(ROOT (S (PP (IN Throughout) (NP (DT these) (JJ past) (JJ few) (NNS weeks))) (NP (PRP I)) (VP (VBP have) (VP (VBN been) (VP (VBG working) (PP (IN in) (NP (DT the) (NN repair) (NN facility)))))) (. .))) </parse>
        <dependencies type="basic-dependencies">
          <dep type="root">
            <governor idx="0">ROOT</governor>
            <dependent idx="9">working</dependent>
          </dep>
          <dep type="case">
            <governor idx="5">weeks</governor>
            <dependent idx="1">Throughout</dependent>
          </dep>
          <dep type="det">
            <governor idx="5">weeks</governor>
            <dependent idx="2">these</dependent>
          </dep>
          <dep type="amod">
            <governor idx="5">weeks</governor>
            <dependent idx="3">past</dependent>
          </dep>
          <dep type="amod">
            <governor idx="5">weeks</governor>
            <dependent idx="4">few</dependent>
          </dep>
          <dep type="nmod">
            <governor idx="9">working</governor>
            <dependent idx="5">weeks</dependent>
          </dep>
          <dep type="nsubj">
            <governor idx="9">working</governor>
            <dependent idx="6">I</dependent>
          </dep>
          <dep type="aux">
            <governor idx="9">working</governor>
            <dependent idx="7">have</dependent>
          </dep>
          <dep type="aux">
            <governor idx="9">working</governor>
            <dependent idx="8">been</dependent>
          </dep>
          <dep type="case">
            <governor idx="13">facility</governor>
            <dependent idx="10">in</dependent>
          </dep>
          <dep type="det">
            <governor idx="13">facility</governor>
            <dependent idx="11">the</dependent>
          </dep>
          <dep type="compound">
            <governor idx="13">facility</governor>
            <dependent idx="12">repair</dependent>
          </dep>
          <dep type="nmod">
            <governor idx="9">working</governor>
            <dependent idx="13">facility</dependent>
          </dep>
          <dep type="punct">
            <governor idx="9">working</governor>
            <dependent idx="14">.</dependent>
          </dep>
        </dependencies>
        <dependencies type="collapsed-dependencies">
          <dep type="root">
            <governor idx="0">ROOT</governor>
            <dependent idx="9">working</dependent>
          </dep>
          <dep type="case">
            <governor idx="5">weeks</governor>
            <dependent idx="1">Throughout</dependent>
          </dep>
          <dep type="det">
            <governor idx="5">weeks</governor>
            <dependent idx="2">these</dependent>
          </dep>
          <dep type="amod">
            <governor idx="5">weeks</governor>
            <dependent idx="3">past</dependent>
          </dep>
          <dep type="amod">
            <governor idx="5">weeks</governor>
            <dependent idx="4">few</dependent>
          </dep>
          <dep type="nmod:throughout">
            <governor idx="9">working</governor>
            <dependent idx="5">weeks</dependent>
          </dep>
          <dep type="nsubj">
            <governor idx="9">working</governor>
            <dependent idx="6">I</dependent>
          </dep>
          <dep type="aux">
            <governor idx="9">working</governor>
            <dependent idx="7">have</dependent>
          </dep>
          <dep type="aux">
            <governor idx="9">working</governor>
            <dependent idx="8">been</dependent>
          </dep>
          <dep type="case">
            <governor idx="13">facility</governor>
            <dependent idx="10">in</dependent>
          </dep>
          <dep type="det">
            <governor idx="13">facility</governor>
            <dependent idx="11">the</dependent>
          </dep>
          <dep type="compound">
            <governor idx="13">facility</governor>
            <dependent idx="12">repair</dependent>
          </dep>
          <dep type="nmod:in">
            <governor idx="9">working</governor>
            <dependent idx="13">facility</dependent>
          </dep>
          <dep type="punct">
            <governor idx="9">working</governor>
            <dependent idx="14">.</dependent>
          </dep>
        </dependencies>
        <dependencies type="collapsed-ccprocessed-dependencies">
          <dep type="root">
            <governor idx="0">ROOT</governor>
            <dependent idx="9">working</dependent>
          </dep>
          <dep type="case">
            <governor idx="5">weeks</governor>
            <dependent idx="1">Throughout</dependent>
          </dep>
          <dep type="det">
            <governor idx="5">weeks</governor>
            <dependent idx="2">these</dependent>
          </dep>
          <dep type="amod">
            <governor idx="5">weeks</governor>
            <dependent idx="3">past</dependent>
          </dep>
          <dep type="amod">
            <governor idx="5">weeks</governor>
            <dependent idx="4">few</dependent>
          </dep>
          <dep type="nmod:throughout">
            <governor idx="9">working</governor>
            <dependent idx="5">weeks</dependent>
          </dep>
          <dep type="nsubj">
            <governor idx="9">working</governor>
            <dependent idx="6">I</dependent>
          </dep>
          <dep type="aux">
            <governor idx="9">working</governor>
            <dependent idx="7">have</dependent>
          </dep>
          <dep type="aux">
            <governor idx="9">working</governor>
            <dependent idx="8">been</dependent>
          </dep>
          <dep type="case">
            <governor idx="13">facility</governor>
            <dependent idx="10">in</dependent>
          </dep>
          <dep type="det">
            <governor idx="13">facility</governor>
            <dependent idx="11">the</dependent>
          </dep>
          <dep type="compound">
            <governor idx="13">facility</governor>
            <dependent idx="12">repair</dependent>
          </dep>
          <dep type="nmod:in">
            <governor idx="9">working</governor>
            <dependent idx="13">facility</dependent>
          </dep>
          <dep type="punct">
            <governor idx="9">working</governor>
            <dependent idx="14">.</dependent>
          </dep>
        </dependencies>
      </sentence>
      <sentence id="156">
        <tokens>
          <token id="1">
            <word>My</word>
            <lemma>my</lemma>
            <CharacterOffsetBegin>17386</CharacterOffsetBegin>
            <CharacterOffsetEnd>17388</CharacterOffsetEnd>
            <POS>PRP$</POS>
            <NER>O</NER>
            <Speaker>PER0</Speaker>
          </token>
          <token id="2">
            <word>role</word>
            <lemma>role</lemma>
            <CharacterOffsetBegin>17389</CharacterOffsetBegin>
            <CharacterOffsetEnd>17393</CharacterOffsetEnd>
            <POS>NN</POS>
            <NER>O</NER>
            <Speaker>PER0</Speaker>
          </token>
          <token id="3">
            <word>in</word>
            <lemma>in</lemma>
            <CharacterOffsetBegin>17394</CharacterOffsetBegin>
            <CharacterOffsetEnd>17396</CharacterOffsetEnd>
            <POS>IN</POS>
            <NER>O</NER>
            <Speaker>PER0</Speaker>
          </token>
          <token id="4">
            <word>this</word>
            <lemma>this</lemma>
            <CharacterOffsetBegin>17397</CharacterOffsetBegin>
            <CharacterOffsetEnd>17401</CharacterOffsetEnd>
            <POS>DT</POS>
            <NER>O</NER>
            <Speaker>PER0</Speaker>
          </token>
          <token id="5">
            <word>department</word>
            <lemma>department</lemma>
            <CharacterOffsetBegin>17402</CharacterOffsetBegin>
            <CharacterOffsetEnd>17412</CharacterOffsetEnd>
            <POS>NN</POS>
            <NER>O</NER>
            <Speaker>PER0</Speaker>
          </token>
          <token id="6">
            <word>was</word>
            <lemma>be</lemma>
            <CharacterOffsetBegin>17413</CharacterOffsetBegin>
            <CharacterOffsetEnd>17416</CharacterOffsetEnd>
            <POS>VBD</POS>
            <NER>O</NER>
            <Speaker>PER0</Speaker>
          </token>
          <token id="7">
            <word>to</word>
            <lemma>to</lemma>
            <CharacterOffsetBegin>17417</CharacterOffsetBegin>
            <CharacterOffsetEnd>17419</CharacterOffsetEnd>
            <POS>TO</POS>
            <NER>O</NER>
            <Speaker>PER0</Speaker>
          </token>
          <token id="8">
            <word>retrieve</word>
            <lemma>retrieve</lemma>
            <CharacterOffsetBegin>17420</CharacterOffsetBegin>
            <CharacterOffsetEnd>17428</CharacterOffsetEnd>
            <POS>VB</POS>
            <NER>O</NER>
            <Speaker>PER0</Speaker>
          </token>
          <token id="9">
            <word>faulty</word>
            <lemma>faulty</lemma>
            <CharacterOffsetBegin>17429</CharacterOffsetBegin>
            <CharacterOffsetEnd>17435</CharacterOffsetEnd>
            <POS>JJ</POS>
            <NER>O</NER>
            <Speaker>PER0</Speaker>
          </token>
          <token id="10">
            <word>equipment</word>
            <lemma>equipment</lemma>
            <CharacterOffsetBegin>17436</CharacterOffsetBegin>
            <CharacterOffsetEnd>17445</CharacterOffsetEnd>
            <POS>NN</POS>
            <NER>O</NER>
            <Speaker>PER0</Speaker>
          </token>
          <token id="11">
            <word>that</word>
            <lemma>that</lemma>
            <CharacterOffsetBegin>17446</CharacterOffsetBegin>
            <CharacterOffsetEnd>17450</CharacterOffsetEnd>
            <POS>WDT</POS>
            <NER>O</NER>
            <Speaker>PER0</Speaker>
          </token>
          <token id="12">
            <word>customers</word>
            <lemma>customer</lemma>
            <CharacterOffsetBegin>17451</CharacterOffsetBegin>
            <CharacterOffsetEnd>17460</CharacterOffsetEnd>
            <POS>NNS</POS>
            <NER>O</NER>
            <Speaker>PER0</Speaker>
          </token>
          <token id="13">
            <word>had</word>
            <lemma>have</lemma>
            <CharacterOffsetBegin>17461</CharacterOffsetBegin>
            <CharacterOffsetEnd>17464</CharacterOffsetEnd>
            <POS>VBD</POS>
            <NER>O</NER>
            <Speaker>PER0</Speaker>
          </token>
          <token id="14">
            <word>sent</word>
            <lemma>send</lemma>
            <CharacterOffsetBegin>17465</CharacterOffsetBegin>
            <CharacterOffsetEnd>17469</CharacterOffsetEnd>
            <POS>VBN</POS>
            <NER>O</NER>
            <Speaker>PER0</Speaker>
          </token>
          <token id="15">
            <word>in</word>
            <lemma>in</lemma>
            <CharacterOffsetBegin>17470</CharacterOffsetBegin>
            <CharacterOffsetEnd>17472</CharacterOffsetEnd>
            <POS>IN</POS>
            <NER>O</NER>
            <Speaker>PER0</Speaker>
          </token>
          <token id="16">
            <word>for</word>
            <lemma>for</lemma>
            <CharacterOffsetBegin>17473</CharacterOffsetBegin>
            <CharacterOffsetEnd>17476</CharacterOffsetEnd>
            <POS>IN</POS>
            <NER>O</NER>
            <Speaker>PER0</Speaker>
          </token>
          <token id="17">
            <word>repair</word>
            <lemma>repair</lemma>
            <CharacterOffsetBegin>17477</CharacterOffsetBegin>
            <CharacterOffsetEnd>17483</CharacterOffsetEnd>
            <POS>NN</POS>
            <NER>O</NER>
            <Speaker>PER0</Speaker>
          </token>
          <token id="18">
            <word>and</word>
            <lemma>and</lemma>
            <CharacterOffsetBegin>17484</CharacterOffsetBegin>
            <CharacterOffsetEnd>17487</CharacterOffsetEnd>
            <POS>CC</POS>
            <NER>O</NER>
            <Speaker>PER0</Speaker>
          </token>
          <token id="19">
            <word>,</word>
            <lemma>,</lemma>
            <CharacterOffsetBegin>17487</CharacterOffsetBegin>
            <CharacterOffsetEnd>17488</CharacterOffsetEnd>
            <POS>,</POS>
            <NER>O</NER>
            <Speaker>PER0</Speaker>
          </token>
          <token id="20">
            <word>with</word>
            <lemma>with</lemma>
            <CharacterOffsetBegin>17489</CharacterOffsetBegin>
            <CharacterOffsetEnd>17493</CharacterOffsetEnd>
            <POS>IN</POS>
            <NER>O</NER>
            <Speaker>PER0</Speaker>
          </token>
          <token id="21">
            <word>the</word>
            <lemma>the</lemma>
            <CharacterOffsetBegin>17494</CharacterOffsetBegin>
            <CharacterOffsetEnd>17497</CharacterOffsetEnd>
            <POS>DT</POS>
            <NER>O</NER>
            <Speaker>PER0</Speaker>
          </token>
          <token id="22">
            <word>help</word>
            <lemma>help</lemma>
            <CharacterOffsetBegin>17498</CharacterOffsetBegin>
            <CharacterOffsetEnd>17502</CharacterOffsetEnd>
            <POS>NN</POS>
            <NER>O</NER>
            <Speaker>PER0</Speaker>
          </token>
          <token id="23">
            <word>of</word>
            <lemma>of</lemma>
            <CharacterOffsetBegin>17503</CharacterOffsetBegin>
            <CharacterOffsetEnd>17505</CharacterOffsetEnd>
            <POS>IN</POS>
            <NER>O</NER>
            <Speaker>PER0</Speaker>
          </token>
          <token id="24">
            <word>my</word>
            <lemma>my</lemma>
            <CharacterOffsetBegin>17506</CharacterOffsetBegin>
            <CharacterOffsetEnd>17508</CharacterOffsetEnd>
            <POS>PRP$</POS>
            <NER>O</NER>
            <Speaker>PER0</Speaker>
          </token>
          <token id="25">
            <word>supervisor</word>
            <lemma>supervisor</lemma>
            <CharacterOffsetBegin>17509</CharacterOffsetBegin>
            <CharacterOffsetEnd>17519</CharacterOffsetEnd>
            <POS>NN</POS>
            <NER>O</NER>
            <Speaker>PER0</Speaker>
          </token>
          <token id="26">
            <word>,</word>
            <lemma>,</lemma>
            <CharacterOffsetBegin>17519</CharacterOffsetBegin>
            <CharacterOffsetEnd>17520</CharacterOffsetEnd>
            <POS>,</POS>
            <NER>O</NER>
            <Speaker>PER0</Speaker>
          </token>
          <token id="27">
            <word>to</word>
            <lemma>to</lemma>
            <CharacterOffsetBegin>17521</CharacterOffsetBegin>
            <CharacterOffsetEnd>17523</CharacterOffsetEnd>
            <POS>TO</POS>
            <NER>O</NER>
            <Speaker>PER0</Speaker>
          </token>
          <token id="28">
            <word>fix</word>
            <lemma>fix</lemma>
            <CharacterOffsetBegin>17524</CharacterOffsetBegin>
            <CharacterOffsetEnd>17527</CharacterOffsetEnd>
            <POS>VB</POS>
            <NER>O</NER>
            <Speaker>PER0</Speaker>
          </token>
          <token id="29">
            <word>,</word>
            <lemma>,</lemma>
            <CharacterOffsetBegin>17527</CharacterOffsetBegin>
            <CharacterOffsetEnd>17528</CharacterOffsetEnd>
            <POS>,</POS>
            <NER>O</NER>
            <Speaker>PER0</Speaker>
          </token>
          <token id="30">
            <word>test</word>
            <lemma>test</lemma>
            <CharacterOffsetBegin>17529</CharacterOffsetBegin>
            <CharacterOffsetEnd>17533</CharacterOffsetEnd>
            <POS>NN</POS>
            <NER>O</NER>
            <Speaker>PER0</Speaker>
          </token>
          <token id="31">
            <word>and</word>
            <lemma>and</lemma>
            <CharacterOffsetBegin>17534</CharacterOffsetBegin>
            <CharacterOffsetEnd>17537</CharacterOffsetEnd>
            <POS>CC</POS>
            <NER>O</NER>
            <Speaker>PER0</Speaker>
          </token>
          <token id="32">
            <word>ship</word>
            <lemma>ship</lemma>
            <CharacterOffsetBegin>17538</CharacterOffsetBegin>
            <CharacterOffsetEnd>17542</CharacterOffsetEnd>
            <POS>VB</POS>
            <NER>O</NER>
            <Speaker>PER0</Speaker>
          </token>
          <token id="33">
            <word>the</word>
            <lemma>the</lemma>
            <CharacterOffsetBegin>17543</CharacterOffsetBegin>
            <CharacterOffsetEnd>17546</CharacterOffsetEnd>
            <POS>DT</POS>
            <NER>O</NER>
            <Speaker>PER0</Speaker>
          </token>
          <token id="34">
            <word>equipment</word>
            <lemma>equipment</lemma>
            <CharacterOffsetBegin>17547</CharacterOffsetBegin>
            <CharacterOffsetEnd>17556</CharacterOffsetEnd>
            <POS>NN</POS>
            <NER>O</NER>
            <Speaker>PER0</Speaker>
          </token>
          <token id="35">
            <word>back</word>
            <lemma>back</lemma>
            <CharacterOffsetBegin>17557</CharacterOffsetBegin>
            <CharacterOffsetEnd>17561</CharacterOffsetEnd>
            <POS>RB</POS>
            <NER>O</NER>
            <Speaker>PER0</Speaker>
          </token>
          <token id="36">
            <word>to</word>
            <lemma>to</lemma>
            <CharacterOffsetBegin>17562</CharacterOffsetBegin>
            <CharacterOffsetEnd>17564</CharacterOffsetEnd>
            <POS>TO</POS>
            <NER>O</NER>
            <Speaker>PER0</Speaker>
          </token>
          <token id="37">
            <word>the</word>
            <lemma>the</lemma>
            <CharacterOffsetBegin>17565</CharacterOffsetBegin>
            <CharacterOffsetEnd>17568</CharacterOffsetEnd>
            <POS>DT</POS>
            <NER>O</NER>
            <Speaker>PER0</Speaker>
          </token>
          <token id="38">
            <word>customer</word>
            <lemma>customer</lemma>
            <CharacterOffsetBegin>17569</CharacterOffsetBegin>
            <CharacterOffsetEnd>17577</CharacterOffsetEnd>
            <POS>NN</POS>
            <NER>O</NER>
            <Speaker>PER0</Speaker>
          </token>
          <token id="39">
            <word>.</word>
            <lemma>.</lemma>
            <CharacterOffsetBegin>17577</CharacterOffsetBegin>
            <CharacterOffsetEnd>17578</CharacterOffsetEnd>
            <POS>.</POS>
            <NER>O</NER>
            <Speaker>PER0</Speaker>
          </token>
        </tokens>
        <parse>(ROOT (S (NP (NP (PRP$ My) (NN role)) (PP (IN in) (NP (DT this) (NN department)))) (VP (VBD was) (S (VP (VP (TO to) (VP (VB retrieve) (NP (NP (JJ faulty) (NN equipment)) (SBAR (WHNP (WDT that)) (S (NP (NNS customers)) (VP (VBD had) (VP (VBN sent) (PP (IN in) (PP (IN for) (NP (NN repair))))))))))) (CC and) (, ,) (VP (PP (IN with) (NP (NP (DT the) (NN help)) (PP (IN of) (NP (PRP$ my) (NN supervisor))))) (, ,) (TO to) (VP (VP (VB fix) (FRAG (, ,) (NP (NN test)))) (CC and) (VP (VB ship) (NP (DT the) (NN equipment)) (ADVP (RB back)) (PP (TO to) (NP (DT the) (NN customer))))))))) (. .))) </parse>
        <dependencies type="basic-dependencies">
          <dep type="root">
            <governor idx="0">ROOT</governor>
            <dependent idx="6">was</dependent>
          </dep>
          <dep type="nmod:poss">
            <governor idx="2">role</governor>
            <dependent idx="1">My</dependent>
          </dep>
          <dep type="nsubj">
            <governor idx="6">was</governor>
            <dependent idx="2">role</dependent>
          </dep>
          <dep type="case">
            <governor idx="5">department</governor>
            <dependent idx="3">in</dependent>
          </dep>
          <dep type="det">
            <governor idx="5">department</governor>
            <dependent idx="4">this</dependent>
          </dep>
          <dep type="nmod">
            <governor idx="2">role</governor>
            <dependent idx="5">department</dependent>
          </dep>
          <dep type="mark">
            <governor idx="8">retrieve</governor>
            <dependent idx="7">to</dependent>
          </dep>
          <dep type="ccomp">
            <governor idx="6">was</governor>
            <dependent idx="8">retrieve</dependent>
          </dep>
          <dep type="amod">
            <governor idx="10">equipment</governor>
            <dependent idx="9">faulty</dependent>
          </dep>
          <dep type="dobj">
            <governor idx="8">retrieve</governor>
            <dependent idx="10">equipment</dependent>
          </dep>
          <dep type="dobj">
            <governor idx="14">sent</governor>
            <dependent idx="11">that</dependent>
          </dep>
          <dep type="nsubj">
            <governor idx="14">sent</governor>
            <dependent idx="12">customers</dependent>
          </dep>
          <dep type="aux">
            <governor idx="14">sent</governor>
            <dependent idx="13">had</dependent>
          </dep>
          <dep type="acl:relcl">
            <governor idx="10">equipment</governor>
            <dependent idx="14">sent</dependent>
          </dep>
          <dep type="case">
            <governor idx="17">repair</governor>
            <dependent idx="15">in</dependent>
          </dep>
          <dep type="case">
            <governor idx="17">repair</governor>
            <dependent idx="16">for</dependent>
          </dep>
          <dep type="nmod">
            <governor idx="14">sent</governor>
            <dependent idx="17">repair</dependent>
          </dep>
          <dep type="cc">
            <governor idx="8">retrieve</governor>
            <dependent idx="18">and</dependent>
          </dep>
          <dep type="punct">
            <governor idx="8">retrieve</governor>
            <dependent idx="19">,</dependent>
          </dep>
          <dep type="case">
            <governor idx="22">help</governor>
            <dependent idx="20">with</dependent>
          </dep>
          <dep type="det">
            <governor idx="22">help</governor>
            <dependent idx="21">the</dependent>
          </dep>
          <dep type="nmod">
            <governor idx="28">fix</governor>
            <dependent idx="22">help</dependent>
          </dep>
          <dep type="case">
            <governor idx="25">supervisor</governor>
            <dependent idx="23">of</dependent>
          </dep>
          <dep type="nmod:poss">
            <governor idx="25">supervisor</governor>
            <dependent idx="24">my</dependent>
          </dep>
          <dep type="nmod">
            <governor idx="22">help</governor>
            <dependent idx="25">supervisor</dependent>
          </dep>
          <dep type="punct">
            <governor idx="28">fix</governor>
            <dependent idx="26">,</dependent>
          </dep>
          <dep type="mark">
            <governor idx="28">fix</governor>
            <dependent idx="27">to</dependent>
          </dep>
          <dep type="conj">
            <governor idx="8">retrieve</governor>
            <dependent idx="28">fix</dependent>
          </dep>
          <dep type="punct">
            <governor idx="30">test</governor>
            <dependent idx="29">,</dependent>
          </dep>
          <dep type="dep">
            <governor idx="28">fix</governor>
            <dependent idx="30">test</dependent>
          </dep>
          <dep type="cc">
            <governor idx="28">fix</governor>
            <dependent idx="31">and</dependent>
          </dep>
          <dep type="conj">
            <governor idx="28">fix</governor>
            <dependent idx="32">ship</dependent>
          </dep>
          <dep type="det">
            <governor idx="34">equipment</governor>
            <dependent idx="33">the</dependent>
          </dep>
          <dep type="dobj">
            <governor idx="32">ship</governor>
            <dependent idx="34">equipment</dependent>
          </dep>
          <dep type="advmod">
            <governor idx="32">ship</governor>
            <dependent idx="35">back</dependent>
          </dep>
          <dep type="case">
            <governor idx="38">customer</governor>
            <dependent idx="36">to</dependent>
          </dep>
          <dep type="det">
            <governor idx="38">customer</governor>
            <dependent idx="37">the</dependent>
          </dep>
          <dep type="nmod">
            <governor idx="32">ship</governor>
            <dependent idx="38">customer</dependent>
          </dep>
          <dep type="punct">
            <governor idx="6">was</governor>
            <dependent idx="39">.</dependent>
          </dep>
        </dependencies>
        <dependencies type="collapsed-dependencies">
          <dep type="root">
            <governor idx="0">ROOT</governor>
            <dependent idx="6">was</dependent>
          </dep>
          <dep type="nmod:poss">
            <governor idx="2">role</governor>
            <dependent idx="1">My</dependent>
          </dep>
          <dep type="nsubj">
            <governor idx="6">was</governor>
            <dependent idx="2">role</dependent>
          </dep>
          <dep type="case">
            <governor idx="5">department</governor>
            <dependent idx="3">in</dependent>
          </dep>
          <dep type="det">
            <governor idx="5">department</governor>
            <dependent idx="4">this</dependent>
          </dep>
          <dep type="nmod:in">
            <governor idx="2">role</governor>
            <dependent idx="5">department</dependent>
          </dep>
          <dep type="mark">
            <governor idx="8">retrieve</governor>
            <dependent idx="7">to</dependent>
          </dep>
          <dep type="ccomp">
            <governor idx="6">was</governor>
            <dependent idx="8">retrieve</dependent>
          </dep>
          <dep type="amod">
            <governor idx="10">equipment</governor>
            <dependent idx="9">faulty</dependent>
          </dep>
          <dep type="dobj">
            <governor idx="8">retrieve</governor>
            <dependent idx="10">equipment</dependent>
          </dep>
          <dep type="dobj">
            <governor idx="14">sent</governor>
            <dependent idx="11">that</dependent>
          </dep>
          <dep type="nsubj">
            <governor idx="14">sent</governor>
            <dependent idx="12">customers</dependent>
          </dep>
          <dep type="aux">
            <governor idx="14">sent</governor>
            <dependent idx="13">had</dependent>
          </dep>
          <dep type="acl:relcl">
            <governor idx="10">equipment</governor>
            <dependent idx="14">sent</dependent>
          </dep>
          <dep type="case">
            <governor idx="17">repair</governor>
            <dependent idx="15">in</dependent>
          </dep>
          <dep type="case">
            <governor idx="17">repair</governor>
            <dependent idx="16">for</dependent>
          </dep>
          <dep type="nmod:for">
            <governor idx="14">sent</governor>
            <dependent idx="17">repair</dependent>
          </dep>
          <dep type="cc">
            <governor idx="8">retrieve</governor>
            <dependent idx="18">and</dependent>
          </dep>
          <dep type="punct">
            <governor idx="8">retrieve</governor>
            <dependent idx="19">,</dependent>
          </dep>
          <dep type="case">
            <governor idx="22">help</governor>
            <dependent idx="20">with</dependent>
          </dep>
          <dep type="det">
            <governor idx="22">help</governor>
            <dependent idx="21">the</dependent>
          </dep>
          <dep type="nmod:with">
            <governor idx="28">fix</governor>
            <dependent idx="22">help</dependent>
          </dep>
          <dep type="case">
            <governor idx="25">supervisor</governor>
            <dependent idx="23">of</dependent>
          </dep>
          <dep type="nmod:poss">
            <governor idx="25">supervisor</governor>
            <dependent idx="24">my</dependent>
          </dep>
          <dep type="nmod:of">
            <governor idx="22">help</governor>
            <dependent idx="25">supervisor</dependent>
          </dep>
          <dep type="punct">
            <governor idx="28">fix</governor>
            <dependent idx="26">,</dependent>
          </dep>
          <dep type="mark">
            <governor idx="28">fix</governor>
            <dependent idx="27">to</dependent>
          </dep>
          <dep type="conj:and">
            <governor idx="8">retrieve</governor>
            <dependent idx="28">fix</dependent>
          </dep>
          <dep type="punct">
            <governor idx="30">test</governor>
            <dependent idx="29">,</dependent>
          </dep>
          <dep type="dep">
            <governor idx="28">fix</governor>
            <dependent idx="30">test</dependent>
          </dep>
          <dep type="cc">
            <governor idx="28">fix</governor>
            <dependent idx="31">and</dependent>
          </dep>
          <dep type="conj:and">
            <governor idx="28">fix</governor>
            <dependent idx="32">ship</dependent>
          </dep>
          <dep type="det">
            <governor idx="34">equipment</governor>
            <dependent idx="33">the</dependent>
          </dep>
          <dep type="dobj">
            <governor idx="32">ship</governor>
            <dependent idx="34">equipment</dependent>
          </dep>
          <dep type="advmod">
            <governor idx="32">ship</governor>
            <dependent idx="35">back</dependent>
          </dep>
          <dep type="case">
            <governor idx="38">customer</governor>
            <dependent idx="36">to</dependent>
          </dep>
          <dep type="det">
            <governor idx="38">customer</governor>
            <dependent idx="37">the</dependent>
          </dep>
          <dep type="nmod:to">
            <governor idx="32">ship</governor>
            <dependent idx="38">customer</dependent>
          </dep>
          <dep type="punct">
            <governor idx="6">was</governor>
            <dependent idx="39">.</dependent>
          </dep>
        </dependencies>
        <dependencies type="collapsed-ccprocessed-dependencies">
          <dep type="root">
            <governor idx="0">ROOT</governor>
            <dependent idx="6">was</dependent>
          </dep>
          <dep type="nmod:poss">
            <governor idx="2">role</governor>
            <dependent idx="1">My</dependent>
          </dep>
          <dep type="nsubj">
            <governor idx="6">was</governor>
            <dependent idx="2">role</dependent>
          </dep>
          <dep type="case">
            <governor idx="5">department</governor>
            <dependent idx="3">in</dependent>
          </dep>
          <dep type="det">
            <governor idx="5">department</governor>
            <dependent idx="4">this</dependent>
          </dep>
          <dep type="nmod:in">
            <governor idx="2">role</governor>
            <dependent idx="5">department</dependent>
          </dep>
          <dep type="mark">
            <governor idx="8">retrieve</governor>
            <dependent idx="7">to</dependent>
          </dep>
          <dep type="ccomp">
            <governor idx="6">was</governor>
            <dependent idx="8">retrieve</dependent>
          </dep>
          <dep type="amod">
            <governor idx="10">equipment</governor>
            <dependent idx="9">faulty</dependent>
          </dep>
          <dep type="dobj">
            <governor idx="8">retrieve</governor>
            <dependent idx="10">equipment</dependent>
          </dep>
          <dep type="dobj">
            <governor idx="14">sent</governor>
            <dependent idx="11">that</dependent>
          </dep>
          <dep type="nsubj">
            <governor idx="14">sent</governor>
            <dependent idx="12">customers</dependent>
          </dep>
          <dep type="aux">
            <governor idx="14">sent</governor>
            <dependent idx="13">had</dependent>
          </dep>
          <dep type="acl:relcl">
            <governor idx="10">equipment</governor>
            <dependent idx="14">sent</dependent>
          </dep>
          <dep type="case">
            <governor idx="17">repair</governor>
            <dependent idx="15">in</dependent>
          </dep>
          <dep type="case">
            <governor idx="17">repair</governor>
            <dependent idx="16">for</dependent>
          </dep>
          <dep type="nmod:for">
            <governor idx="14">sent</governor>
            <dependent idx="17">repair</dependent>
          </dep>
          <dep type="cc">
            <governor idx="8">retrieve</governor>
            <dependent idx="18">and</dependent>
          </dep>
          <dep type="punct">
            <governor idx="8">retrieve</governor>
            <dependent idx="19">,</dependent>
          </dep>
          <dep type="case">
            <governor idx="22">help</governor>
            <dependent idx="20">with</dependent>
          </dep>
          <dep type="det">
            <governor idx="22">help</governor>
            <dependent idx="21">the</dependent>
          </dep>
          <dep type="nmod:with">
            <governor idx="28">fix</governor>
            <dependent idx="22">help</dependent>
          </dep>
          <dep type="case">
            <governor idx="25">supervisor</governor>
            <dependent idx="23">of</dependent>
          </dep>
          <dep type="nmod:poss">
            <governor idx="25">supervisor</governor>
            <dependent idx="24">my</dependent>
          </dep>
          <dep type="nmod:of">
            <governor idx="22">help</governor>
            <dependent idx="25">supervisor</dependent>
          </dep>
          <dep type="punct">
            <governor idx="28">fix</governor>
            <dependent idx="26">,</dependent>
          </dep>
          <dep type="mark">
            <governor idx="28">fix</governor>
            <dependent idx="27">to</dependent>
          </dep>
          <dep type="ccomp" extra="true">
            <governor idx="6">was</governor>
            <dependent idx="28">fix</dependent>
          </dep>
          <dep type="conj:and">
            <governor idx="8">retrieve</governor>
            <dependent idx="28">fix</dependent>
          </dep>
          <dep type="punct">
            <governor idx="30">test</governor>
            <dependent idx="29">,</dependent>
          </dep>
          <dep type="dep">
            <governor idx="28">fix</governor>
            <dependent idx="30">test</dependent>
          </dep>
          <dep type="cc">
            <governor idx="28">fix</governor>
            <dependent idx="31">and</dependent>
          </dep>
          <dep type="conj:and" extra="true">
            <governor idx="8">retrieve</governor>
            <dependent idx="32">ship</dependent>
          </dep>
          <dep type="conj:and">
            <governor idx="28">fix</governor>
            <dependent idx="32">ship</dependent>
          </dep>
          <dep type="det">
            <governor idx="34">equipment</governor>
            <dependent idx="33">the</dependent>
          </dep>
          <dep type="dobj">
            <governor idx="32">ship</governor>
            <dependent idx="34">equipment</dependent>
          </dep>
          <dep type="advmod">
            <governor idx="32">ship</governor>
            <dependent idx="35">back</dependent>
          </dep>
          <dep type="case">
            <governor idx="38">customer</governor>
            <dependent idx="36">to</dependent>
          </dep>
          <dep type="det">
            <governor idx="38">customer</governor>
            <dependent idx="37">the</dependent>
          </dep>
          <dep type="nmod:to">
            <governor idx="32">ship</governor>
            <dependent idx="38">customer</dependent>
          </dep>
          <dep type="punct">
            <governor idx="6">was</governor>
            <dependent idx="39">.</dependent>
          </dep>
        </dependencies>
      </sentence>
      <sentence id="157">
        <tokens>
          <token id="1">
            <word>I</word>
            <lemma>I</lemma>
            <CharacterOffsetBegin>17579</CharacterOffsetBegin>
            <CharacterOffsetEnd>17580</CharacterOffsetEnd>
            <POS>PRP</POS>
            <NER>O</NER>
            <Speaker>PER0</Speaker>
          </token>
          <token id="2">
            <word>had</word>
            <lemma>have</lemma>
            <CharacterOffsetBegin>17581</CharacterOffsetBegin>
            <CharacterOffsetEnd>17584</CharacterOffsetEnd>
            <POS>VBD</POS>
            <NER>O</NER>
            <Speaker>PER0</Speaker>
          </token>
          <token id="3">
            <word>been</word>
            <lemma>be</lemma>
            <CharacterOffsetBegin>17585</CharacterOffsetBegin>
            <CharacterOffsetEnd>17589</CharacterOffsetEnd>
            <POS>VBN</POS>
            <NER>O</NER>
            <Speaker>PER0</Speaker>
          </token>
          <token id="4">
            <word>doing</word>
            <lemma>do</lemma>
            <CharacterOffsetBegin>17590</CharacterOffsetBegin>
            <CharacterOffsetEnd>17595</CharacterOffsetEnd>
            <POS>VBG</POS>
            <NER>O</NER>
            <Speaker>PER0</Speaker>
          </token>
          <token id="5">
            <word>this</word>
            <lemma>this</lemma>
            <CharacterOffsetBegin>17596</CharacterOffsetBegin>
            <CharacterOffsetEnd>17600</CharacterOffsetEnd>
            <POS>DT</POS>
            <NER>O</NER>
            <Speaker>PER0</Speaker>
          </token>
          <token id="6">
            <word>for</word>
            <lemma>for</lemma>
            <CharacterOffsetBegin>17601</CharacterOffsetBegin>
            <CharacterOffsetEnd>17604</CharacterOffsetEnd>
            <POS>IN</POS>
            <NER>O</NER>
            <Speaker>PER0</Speaker>
          </token>
          <token id="7">
            <word>about</word>
            <lemma>about</lemma>
            <CharacterOffsetBegin>17605</CharacterOffsetBegin>
            <CharacterOffsetEnd>17610</CharacterOffsetEnd>
            <POS>IN</POS>
            <NER>DURATION</NER>
            <NormalizedNER>P3D</NormalizedNER>
            <Speaker>PER0</Speaker>
            <Timex tid="t28" type="DURATION">P3D</Timex>
          </token>
          <token id="8">
            <word>three</word>
            <lemma>three</lemma>
            <CharacterOffsetBegin>17611</CharacterOffsetBegin>
            <CharacterOffsetEnd>17616</CharacterOffsetEnd>
            <POS>CD</POS>
            <NER>DURATION</NER>
            <NormalizedNER>P3D</NormalizedNER>
            <Speaker>PER0</Speaker>
            <Timex tid="t28" type="DURATION">P3D</Timex>
          </token>
          <token id="9">
            <word>days</word>
            <lemma>day</lemma>
            <CharacterOffsetBegin>17617</CharacterOffsetBegin>
            <CharacterOffsetEnd>17621</CharacterOffsetEnd>
            <POS>NNS</POS>
            <NER>DURATION</NER>
            <NormalizedNER>P3D</NormalizedNER>
            <Speaker>PER0</Speaker>
            <Timex tid="t28" type="DURATION">P3D</Timex>
          </token>
          <token id="10">
            <word>and</word>
            <lemma>and</lemma>
            <CharacterOffsetBegin>17622</CharacterOffsetBegin>
            <CharacterOffsetEnd>17625</CharacterOffsetEnd>
            <POS>CC</POS>
            <NER>O</NER>
            <Speaker>PER0</Speaker>
          </token>
          <token id="11">
            <word>had</word>
            <lemma>have</lemma>
            <CharacterOffsetBegin>17626</CharacterOffsetBegin>
            <CharacterOffsetEnd>17629</CharacterOffsetEnd>
            <POS>VBD</POS>
            <NER>O</NER>
            <Speaker>PER0</Speaker>
          </token>
          <token id="12">
            <word>been</word>
            <lemma>be</lemma>
            <CharacterOffsetBegin>17630</CharacterOffsetBegin>
            <CharacterOffsetEnd>17634</CharacterOffsetEnd>
            <POS>VBN</POS>
            <NER>O</NER>
            <Speaker>PER0</Speaker>
          </token>
          <token id="13">
            <word>following</word>
            <lemma>follow</lemma>
            <CharacterOffsetBegin>17635</CharacterOffsetBegin>
            <CharacterOffsetEnd>17644</CharacterOffsetEnd>
            <POS>VBG</POS>
            <NER>O</NER>
            <Speaker>PER0</Speaker>
          </token>
          <token id="14">
            <word>all</word>
            <lemma>all</lemma>
            <CharacterOffsetBegin>17645</CharacterOffsetBegin>
            <CharacterOffsetEnd>17648</CharacterOffsetEnd>
            <POS>PDT</POS>
            <NER>O</NER>
            <Speaker>PER0</Speaker>
          </token>
          <token id="15">
            <word>the</word>
            <lemma>the</lemma>
            <CharacterOffsetBegin>17649</CharacterOffsetBegin>
            <CharacterOffsetEnd>17652</CharacterOffsetEnd>
            <POS>DT</POS>
            <NER>O</NER>
            <Speaker>PER0</Speaker>
          </token>
          <token id="16">
            <word>safety</word>
            <lemma>safety</lemma>
            <CharacterOffsetBegin>17653</CharacterOffsetBegin>
            <CharacterOffsetEnd>17659</CharacterOffsetEnd>
            <POS>NN</POS>
            <NER>O</NER>
            <Speaker>PER0</Speaker>
          </token>
          <token id="17">
            <word>procedures</word>
            <lemma>procedure</lemma>
            <CharacterOffsetBegin>17660</CharacterOffsetBegin>
            <CharacterOffsetEnd>17670</CharacterOffsetEnd>
            <POS>NNS</POS>
            <NER>O</NER>
            <Speaker>PER0</Speaker>
          </token>
          <token id="18">
            <word>,</word>
            <lemma>,</lemma>
            <CharacterOffsetBegin>17670</CharacterOffsetBegin>
            <CharacterOffsetEnd>17671</CharacterOffsetEnd>
            <POS>,</POS>
            <NER>O</NER>
            <Speaker>PER0</Speaker>
          </token>
          <token id="19">
            <word>for</word>
            <lemma>for</lemma>
            <CharacterOffsetBegin>17672</CharacterOffsetBegin>
            <CharacterOffsetEnd>17675</CharacterOffsetEnd>
            <POS>IN</POS>
            <NER>O</NER>
            <Speaker>PER0</Speaker>
          </token>
          <token id="20">
            <word>example</word>
            <lemma>example</lemma>
            <CharacterOffsetBegin>17676</CharacterOffsetBegin>
            <CharacterOffsetEnd>17683</CharacterOffsetEnd>
            <POS>NN</POS>
            <NER>O</NER>
            <Speaker>PER0</Speaker>
          </token>
          <token id="21">
            <word>abiding</word>
            <lemma>abide</lemma>
            <CharacterOffsetBegin>17684</CharacterOffsetBegin>
            <CharacterOffsetEnd>17691</CharacterOffsetEnd>
            <POS>VBG</POS>
            <NER>O</NER>
            <Speaker>PER0</Speaker>
          </token>
          <token id="22">
            <word>by</word>
            <lemma>by</lemma>
            <CharacterOffsetBegin>17692</CharacterOffsetBegin>
            <CharacterOffsetEnd>17694</CharacterOffsetEnd>
            <POS>IN</POS>
            <NER>O</NER>
            <Speaker>PER0</Speaker>
          </token>
          <token id="23">
            <word>lab</word>
            <lemma>lab</lemma>
            <CharacterOffsetBegin>17695</CharacterOffsetBegin>
            <CharacterOffsetEnd>17698</CharacterOffsetEnd>
            <POS>NN</POS>
            <NER>O</NER>
            <Speaker>PER0</Speaker>
          </token>
          <token id="24">
            <word>rules</word>
            <lemma>rule</lemma>
            <CharacterOffsetBegin>17699</CharacterOffsetBegin>
            <CharacterOffsetEnd>17704</CharacterOffsetEnd>
            <POS>NNS</POS>
            <NER>O</NER>
            <Speaker>PER0</Speaker>
          </token>
          <token id="25">
            <word>,</word>
            <lemma>,</lemma>
            <CharacterOffsetBegin>17704</CharacterOffsetBegin>
            <CharacterOffsetEnd>17705</CharacterOffsetEnd>
            <POS>,</POS>
            <NER>O</NER>
            <Speaker>PER0</Speaker>
          </token>
          <token id="26">
            <word>wearing</word>
            <lemma>wear</lemma>
            <CharacterOffsetBegin>17706</CharacterOffsetBegin>
            <CharacterOffsetEnd>17713</CharacterOffsetEnd>
            <POS>VBG</POS>
            <NER>O</NER>
            <Speaker>PER0</Speaker>
          </token>
          <token id="27">
            <word>correct</word>
            <lemma>correct</lemma>
            <CharacterOffsetBegin>17714</CharacterOffsetBegin>
            <CharacterOffsetEnd>17721</CharacterOffsetEnd>
            <POS>JJ</POS>
            <NER>O</NER>
            <Speaker>PER0</Speaker>
          </token>
          <token id="28">
            <word>footwear</word>
            <lemma>footwear</lemma>
            <CharacterOffsetBegin>17722</CharacterOffsetBegin>
            <CharacterOffsetEnd>17730</CharacterOffsetEnd>
            <POS>NN</POS>
            <NER>O</NER>
            <Speaker>PER0</Speaker>
          </token>
          <token id="29">
            <word>,</word>
            <lemma>,</lemma>
            <CharacterOffsetBegin>17730</CharacterOffsetBegin>
            <CharacterOffsetEnd>17731</CharacterOffsetEnd>
            <POS>,</POS>
            <NER>O</NER>
            <Speaker>PER0</Speaker>
          </token>
          <token id="30">
            <word>tying</word>
            <lemma>tie</lemma>
            <CharacterOffsetBegin>17732</CharacterOffsetBegin>
            <CharacterOffsetEnd>17737</CharacterOffsetEnd>
            <POS>VBG</POS>
            <NER>O</NER>
            <Speaker>PER0</Speaker>
          </token>
          <token id="31">
            <word>my</word>
            <lemma>my</lemma>
            <CharacterOffsetBegin>17738</CharacterOffsetBegin>
            <CharacterOffsetEnd>17740</CharacterOffsetEnd>
            <POS>PRP$</POS>
            <NER>O</NER>
            <Speaker>PER0</Speaker>
          </token>
          <token id="32">
            <word>hair</word>
            <lemma>hair</lemma>
            <CharacterOffsetBegin>17741</CharacterOffsetBegin>
            <CharacterOffsetEnd>17745</CharacterOffsetEnd>
            <POS>NN</POS>
            <NER>O</NER>
            <Speaker>PER0</Speaker>
          </token>
          <token id="33">
            <word>back</word>
            <lemma>back</lemma>
            <CharacterOffsetBegin>17746</CharacterOffsetBegin>
            <CharacterOffsetEnd>17750</CharacterOffsetEnd>
            <POS>RB</POS>
            <NER>O</NER>
            <Speaker>PER0</Speaker>
          </token>
          <token id="34">
            <word>and</word>
            <lemma>and</lemma>
            <CharacterOffsetBegin>17751</CharacterOffsetBegin>
            <CharacterOffsetEnd>17754</CharacterOffsetEnd>
            <POS>CC</POS>
            <NER>O</NER>
            <Speaker>PER0</Speaker>
          </token>
          <token id="35">
            <word>wearing</word>
            <lemma>wear</lemma>
            <CharacterOffsetBegin>17755</CharacterOffsetBegin>
            <CharacterOffsetEnd>17762</CharacterOffsetEnd>
            <POS>VBG</POS>
            <NER>O</NER>
            <Speaker>PER0</Speaker>
          </token>
          <token id="36">
            <word>my</word>
            <lemma>my</lemma>
            <CharacterOffsetBegin>17763</CharacterOffsetBegin>
            <CharacterOffsetEnd>17765</CharacterOffsetEnd>
            <POS>PRP$</POS>
            <NER>O</NER>
            <Speaker>PER0</Speaker>
          </token>
          <token id="37">
            <word>electrostatic</word>
            <lemma>electrostatic</lemma>
            <CharacterOffsetBegin>17766</CharacterOffsetBegin>
            <CharacterOffsetEnd>17779</CharacterOffsetEnd>
            <POS>JJ</POS>
            <NER>O</NER>
            <Speaker>PER0</Speaker>
          </token>
          <token id="38">
            <word>discharge</word>
            <lemma>discharge</lemma>
            <CharacterOffsetBegin>17780</CharacterOffsetBegin>
            <CharacterOffsetEnd>17789</CharacterOffsetEnd>
            <POS>NN</POS>
            <NER>O</NER>
            <Speaker>PER0</Speaker>
          </token>
          <token id="39">
            <word>-LRB-</word>
            <lemma>-lrb-</lemma>
            <CharacterOffsetBegin>17790</CharacterOffsetBegin>
            <CharacterOffsetEnd>17791</CharacterOffsetEnd>
            <POS>-LRB-</POS>
            <NER>O</NER>
            <Speaker>PER0</Speaker>
          </token>
          <token id="40">
            <word>ESD</word>
            <lemma>esd</lemma>
            <CharacterOffsetBegin>17791</CharacterOffsetBegin>
            <CharacterOffsetEnd>17794</CharacterOffsetEnd>
            <POS>NN</POS>
            <NER>O</NER>
            <Speaker>PER0</Speaker>
          </token>
          <token id="41">
            <word>-RRB-</word>
            <lemma>-rrb-</lemma>
            <CharacterOffsetBegin>17794</CharacterOffsetBegin>
            <CharacterOffsetEnd>17795</CharacterOffsetEnd>
            <POS>-RRB-</POS>
            <NER>O</NER>
            <Speaker>PER0</Speaker>
          </token>
          <token id="42">
            <word>strap</word>
            <lemma>strap</lemma>
            <CharacterOffsetBegin>17796</CharacterOffsetBegin>
            <CharacterOffsetEnd>17801</CharacterOffsetEnd>
            <POS>NN</POS>
            <NER>O</NER>
            <Speaker>PER0</Speaker>
          </token>
          <token id="43">
            <word>whenever</word>
            <lemma>whenever</lemma>
            <CharacterOffsetBegin>17802</CharacterOffsetBegin>
            <CharacterOffsetEnd>17810</CharacterOffsetEnd>
            <POS>WRB</POS>
            <NER>O</NER>
            <Speaker>PER0</Speaker>
          </token>
          <token id="44">
            <word>handling</word>
            <lemma>handle</lemma>
            <CharacterOffsetBegin>17811</CharacterOffsetBegin>
            <CharacterOffsetEnd>17819</CharacterOffsetEnd>
            <POS>VBG</POS>
            <NER>O</NER>
            <Speaker>PER0</Speaker>
          </token>
          <token id="45">
            <word>open</word>
            <lemma>open</lemma>
            <CharacterOffsetBegin>17820</CharacterOffsetBegin>
            <CharacterOffsetEnd>17824</CharacterOffsetEnd>
            <POS>JJ</POS>
            <NER>O</NER>
            <Speaker>PER0</Speaker>
          </token>
          <token id="46">
            <word>equipment</word>
            <lemma>equipment</lemma>
            <CharacterOffsetBegin>17825</CharacterOffsetBegin>
            <CharacterOffsetEnd>17834</CharacterOffsetEnd>
            <POS>NN</POS>
            <NER>O</NER>
            <Speaker>PER0</Speaker>
          </token>
          <token id="47">
            <word>.</word>
            <lemma>.</lemma>
            <CharacterOffsetBegin>17834</CharacterOffsetBegin>
            <CharacterOffsetEnd>17835</CharacterOffsetEnd>
            <POS>.</POS>
            <NER>O</NER>
            <Speaker>PER0</Speaker>
          </token>
        </tokens>
        <parse>(ROOT (S (NP (PRP I)) (VP (VP (VBD had) (VP (VBN been) (VP (VBG doing) (NP (DT this)) (PP (IN for) (PP (IN about) (NP (CD three) (NNS days))))))) (CC and) (VP (VBD had) (VP (VBN been) (VP (VBG following) (NP (PDT all) (DT the) (NN safety) (NNS procedures))))) (, ,) (PP (IN for) (S (NP (NN example)) (VP (VP (VBG abiding) (PP (IN by) (NP (NN lab) (NNS rules)))) (, ,) (VP (VBG wearing) (NP (JJ correct) (NN footwear))) (, ,) (VP (VBG tying) (NP (PRP$ my) (NN hair)) (ADVP (RB back))) (CC and) (VP (VBG wearing) (NP (PRP$ my) (JJ electrostatic) (NN discharge) (PRN (-LRB- -LRB-) (NP (NN ESD)) (-RRB- -RRB-)) (NN strap)) (SBAR (WHADVP (WRB whenever)) (S (VP (VBG handling) (NP (JJ open) (NN equipment)))))))))) (. .))) </parse>
        <dependencies type="basic-dependencies">
          <dep type="root">
            <governor idx="0">ROOT</governor>
            <dependent idx="4">doing</dependent>
          </dep>
          <dep type="nsubj">
            <governor idx="4">doing</governor>
            <dependent idx="1">I</dependent>
          </dep>
          <dep type="aux">
            <governor idx="4">doing</governor>
            <dependent idx="2">had</dependent>
          </dep>
          <dep type="aux">
            <governor idx="4">doing</governor>
            <dependent idx="3">been</dependent>
          </dep>
          <dep type="dobj">
            <governor idx="4">doing</governor>
            <dependent idx="5">this</dependent>
          </dep>
          <dep type="case">
            <governor idx="9">days</governor>
            <dependent idx="6">for</dependent>
          </dep>
          <dep type="case">
            <governor idx="9">days</governor>
            <dependent idx="7">about</dependent>
          </dep>
          <dep type="nummod">
            <governor idx="9">days</governor>
            <dependent idx="8">three</dependent>
          </dep>
          <dep type="nmod">
            <governor idx="4">doing</governor>
            <dependent idx="9">days</dependent>
          </dep>
          <dep type="cc">
            <governor idx="4">doing</governor>
            <dependent idx="10">and</dependent>
          </dep>
          <dep type="aux">
            <governor idx="13">following</governor>
            <dependent idx="11">had</dependent>
          </dep>
          <dep type="aux">
            <governor idx="13">following</governor>
            <dependent idx="12">been</dependent>
          </dep>
          <dep type="conj">
            <governor idx="4">doing</governor>
            <dependent idx="13">following</dependent>
          </dep>
          <dep type="det:predet">
            <governor idx="17">procedures</governor>
            <dependent idx="14">all</dependent>
          </dep>
          <dep type="det">
            <governor idx="17">procedures</governor>
            <dependent idx="15">the</dependent>
          </dep>
          <dep type="compound">
            <governor idx="17">procedures</governor>
            <dependent idx="16">safety</dependent>
          </dep>
          <dep type="dobj">
            <governor idx="13">following</governor>
            <dependent idx="17">procedures</dependent>
          </dep>
          <dep type="punct">
            <governor idx="4">doing</governor>
            <dependent idx="18">,</dependent>
          </dep>
          <dep type="mark">
            <governor idx="21">abiding</governor>
            <dependent idx="19">for</dependent>
          </dep>
          <dep type="nsubj">
            <governor idx="21">abiding</governor>
            <dependent idx="20">example</dependent>
          </dep>
          <dep type="advcl">
            <governor idx="4">doing</governor>
            <dependent idx="21">abiding</dependent>
          </dep>
          <dep type="case">
            <governor idx="24">rules</governor>
            <dependent idx="22">by</dependent>
          </dep>
          <dep type="compound">
            <governor idx="24">rules</governor>
            <dependent idx="23">lab</dependent>
          </dep>
          <dep type="nmod">
            <governor idx="21">abiding</governor>
            <dependent idx="24">rules</dependent>
          </dep>
          <dep type="punct">
            <governor idx="21">abiding</governor>
            <dependent idx="25">,</dependent>
          </dep>
          <dep type="conj">
            <governor idx="21">abiding</governor>
            <dependent idx="26">wearing</dependent>
          </dep>
          <dep type="amod">
            <governor idx="28">footwear</governor>
            <dependent idx="27">correct</dependent>
          </dep>
          <dep type="dobj">
            <governor idx="26">wearing</governor>
            <dependent idx="28">footwear</dependent>
          </dep>
          <dep type="punct">
            <governor idx="21">abiding</governor>
            <dependent idx="29">,</dependent>
          </dep>
          <dep type="conj">
            <governor idx="21">abiding</governor>
            <dependent idx="30">tying</dependent>
          </dep>
          <dep type="nmod:poss">
            <governor idx="32">hair</governor>
            <dependent idx="31">my</dependent>
          </dep>
          <dep type="dobj">
            <governor idx="30">tying</governor>
            <dependent idx="32">hair</dependent>
          </dep>
          <dep type="advmod">
            <governor idx="30">tying</governor>
            <dependent idx="33">back</dependent>
          </dep>
          <dep type="cc">
            <governor idx="21">abiding</governor>
            <dependent idx="34">and</dependent>
          </dep>
          <dep type="conj">
            <governor idx="21">abiding</governor>
            <dependent idx="35">wearing</dependent>
          </dep>
          <dep type="nmod:poss">
            <governor idx="42">strap</governor>
            <dependent idx="36">my</dependent>
          </dep>
          <dep type="amod">
            <governor idx="42">strap</governor>
            <dependent idx="37">electrostatic</dependent>
          </dep>
          <dep type="compound">
            <governor idx="42">strap</governor>
            <dependent idx="38">discharge</dependent>
          </dep>
          <dep type="punct">
            <governor idx="40">ESD</governor>
            <dependent idx="39">-LRB-</dependent>
          </dep>
          <dep type="appos">
            <governor idx="42">strap</governor>
            <dependent idx="40">ESD</dependent>
          </dep>
          <dep type="punct">
            <governor idx="40">ESD</governor>
            <dependent idx="41">-RRB-</dependent>
          </dep>
          <dep type="dobj">
            <governor idx="35">wearing</governor>
            <dependent idx="42">strap</dependent>
          </dep>
          <dep type="advmod">
            <governor idx="44">handling</governor>
            <dependent idx="43">whenever</dependent>
          </dep>
          <dep type="advcl">
            <governor idx="35">wearing</governor>
            <dependent idx="44">handling</dependent>
          </dep>
          <dep type="amod">
            <governor idx="46">equipment</governor>
            <dependent idx="45">open</dependent>
          </dep>
          <dep type="dobj">
            <governor idx="44">handling</governor>
            <dependent idx="46">equipment</dependent>
          </dep>
          <dep type="punct">
            <governor idx="4">doing</governor>
            <dependent idx="47">.</dependent>
          </dep>
        </dependencies>
        <dependencies type="collapsed-dependencies">
          <dep type="root">
            <governor idx="0">ROOT</governor>
            <dependent idx="4">doing</dependent>
          </dep>
          <dep type="nsubj">
            <governor idx="4">doing</governor>
            <dependent idx="1">I</dependent>
          </dep>
          <dep type="aux">
            <governor idx="4">doing</governor>
            <dependent idx="2">had</dependent>
          </dep>
          <dep type="aux">
            <governor idx="4">doing</governor>
            <dependent idx="3">been</dependent>
          </dep>
          <dep type="dobj">
            <governor idx="4">doing</governor>
            <dependent idx="5">this</dependent>
          </dep>
          <dep type="case">
            <governor idx="9">days</governor>
            <dependent idx="6">for</dependent>
          </dep>
          <dep type="case">
            <governor idx="9">days</governor>
            <dependent idx="7">about</dependent>
          </dep>
          <dep type="nummod">
            <governor idx="9">days</governor>
            <dependent idx="8">three</dependent>
          </dep>
          <dep type="nmod:about">
            <governor idx="4">doing</governor>
            <dependent idx="9">days</dependent>
          </dep>
          <dep type="cc">
            <governor idx="4">doing</governor>
            <dependent idx="10">and</dependent>
          </dep>
          <dep type="aux">
            <governor idx="13">following</governor>
            <dependent idx="11">had</dependent>
          </dep>
          <dep type="aux">
            <governor idx="13">following</governor>
            <dependent idx="12">been</dependent>
          </dep>
          <dep type="conj:and">
            <governor idx="4">doing</governor>
            <dependent idx="13">following</dependent>
          </dep>
          <dep type="det:predet">
            <governor idx="17">procedures</governor>
            <dependent idx="14">all</dependent>
          </dep>
          <dep type="det">
            <governor idx="17">procedures</governor>
            <dependent idx="15">the</dependent>
          </dep>
          <dep type="compound">
            <governor idx="17">procedures</governor>
            <dependent idx="16">safety</dependent>
          </dep>
          <dep type="dobj">
            <governor idx="13">following</governor>
            <dependent idx="17">procedures</dependent>
          </dep>
          <dep type="punct">
            <governor idx="4">doing</governor>
            <dependent idx="18">,</dependent>
          </dep>
          <dep type="mark">
            <governor idx="21">abiding</governor>
            <dependent idx="19">for</dependent>
          </dep>
          <dep type="nsubj">
            <governor idx="21">abiding</governor>
            <dependent idx="20">example</dependent>
          </dep>
          <dep type="advcl">
            <governor idx="4">doing</governor>
            <dependent idx="21">abiding</dependent>
          </dep>
          <dep type="case">
            <governor idx="24">rules</governor>
            <dependent idx="22">by</dependent>
          </dep>
          <dep type="compound">
            <governor idx="24">rules</governor>
            <dependent idx="23">lab</dependent>
          </dep>
          <dep type="nmod:by">
            <governor idx="21">abiding</governor>
            <dependent idx="24">rules</dependent>
          </dep>
          <dep type="punct">
            <governor idx="21">abiding</governor>
            <dependent idx="25">,</dependent>
          </dep>
          <dep type="conj:and">
            <governor idx="21">abiding</governor>
            <dependent idx="26">wearing</dependent>
          </dep>
          <dep type="amod">
            <governor idx="28">footwear</governor>
            <dependent idx="27">correct</dependent>
          </dep>
          <dep type="dobj">
            <governor idx="26">wearing</governor>
            <dependent idx="28">footwear</dependent>
          </dep>
          <dep type="punct">
            <governor idx="21">abiding</governor>
            <dependent idx="29">,</dependent>
          </dep>
          <dep type="conj:and">
            <governor idx="21">abiding</governor>
            <dependent idx="30">tying</dependent>
          </dep>
          <dep type="nmod:poss">
            <governor idx="32">hair</governor>
            <dependent idx="31">my</dependent>
          </dep>
          <dep type="dobj">
            <governor idx="30">tying</governor>
            <dependent idx="32">hair</dependent>
          </dep>
          <dep type="advmod">
            <governor idx="30">tying</governor>
            <dependent idx="33">back</dependent>
          </dep>
          <dep type="cc">
            <governor idx="21">abiding</governor>
            <dependent idx="34">and</dependent>
          </dep>
          <dep type="conj:and">
            <governor idx="21">abiding</governor>
            <dependent idx="35">wearing</dependent>
          </dep>
          <dep type="nmod:poss">
            <governor idx="42">strap</governor>
            <dependent idx="36">my</dependent>
          </dep>
          <dep type="amod">
            <governor idx="42">strap</governor>
            <dependent idx="37">electrostatic</dependent>
          </dep>
          <dep type="compound">
            <governor idx="42">strap</governor>
            <dependent idx="38">discharge</dependent>
          </dep>
          <dep type="punct">
            <governor idx="40">ESD</governor>
            <dependent idx="39">-LRB-</dependent>
          </dep>
          <dep type="appos">
            <governor idx="42">strap</governor>
            <dependent idx="40">ESD</dependent>
          </dep>
          <dep type="punct">
            <governor idx="40">ESD</governor>
            <dependent idx="41">-RRB-</dependent>
          </dep>
          <dep type="dobj">
            <governor idx="35">wearing</governor>
            <dependent idx="42">strap</dependent>
          </dep>
          <dep type="advmod">
            <governor idx="44">handling</governor>
            <dependent idx="43">whenever</dependent>
          </dep>
          <dep type="advcl">
            <governor idx="35">wearing</governor>
            <dependent idx="44">handling</dependent>
          </dep>
          <dep type="amod">
            <governor idx="46">equipment</governor>
            <dependent idx="45">open</dependent>
          </dep>
          <dep type="dobj">
            <governor idx="44">handling</governor>
            <dependent idx="46">equipment</dependent>
          </dep>
          <dep type="punct">
            <governor idx="4">doing</governor>
            <dependent idx="47">.</dependent>
          </dep>
        </dependencies>
        <dependencies type="collapsed-ccprocessed-dependencies">
          <dep type="root">
            <governor idx="0">ROOT</governor>
            <dependent idx="4">doing</dependent>
          </dep>
          <dep type="nsubj">
            <governor idx="4">doing</governor>
            <dependent idx="1">I</dependent>
          </dep>
          <dep type="nsubj" extra="true">
            <governor idx="13">following</governor>
            <dependent idx="1">I</dependent>
          </dep>
          <dep type="aux">
            <governor idx="4">doing</governor>
            <dependent idx="2">had</dependent>
          </dep>
          <dep type="aux">
            <governor idx="4">doing</governor>
            <dependent idx="3">been</dependent>
          </dep>
          <dep type="dobj">
            <governor idx="4">doing</governor>
            <dependent idx="5">this</dependent>
          </dep>
          <dep type="case">
            <governor idx="9">days</governor>
            <dependent idx="6">for</dependent>
          </dep>
          <dep type="case">
            <governor idx="9">days</governor>
            <dependent idx="7">about</dependent>
          </dep>
          <dep type="nummod">
            <governor idx="9">days</governor>
            <dependent idx="8">three</dependent>
          </dep>
          <dep type="nmod:about">
            <governor idx="4">doing</governor>
            <dependent idx="9">days</dependent>
          </dep>
          <dep type="cc">
            <governor idx="4">doing</governor>
            <dependent idx="10">and</dependent>
          </dep>
          <dep type="aux">
            <governor idx="13">following</governor>
            <dependent idx="11">had</dependent>
          </dep>
          <dep type="aux">
            <governor idx="13">following</governor>
            <dependent idx="12">been</dependent>
          </dep>
          <dep type="conj:and">
            <governor idx="4">doing</governor>
            <dependent idx="13">following</dependent>
          </dep>
          <dep type="det:predet">
            <governor idx="17">procedures</governor>
            <dependent idx="14">all</dependent>
          </dep>
          <dep type="det">
            <governor idx="17">procedures</governor>
            <dependent idx="15">the</dependent>
          </dep>
          <dep type="compound">
            <governor idx="17">procedures</governor>
            <dependent idx="16">safety</dependent>
          </dep>
          <dep type="dobj">
            <governor idx="13">following</governor>
            <dependent idx="17">procedures</dependent>
          </dep>
          <dep type="punct">
            <governor idx="4">doing</governor>
            <dependent idx="18">,</dependent>
          </dep>
          <dep type="mark">
            <governor idx="21">abiding</governor>
            <dependent idx="19">for</dependent>
          </dep>
          <dep type="nsubj">
            <governor idx="21">abiding</governor>
            <dependent idx="20">example</dependent>
          </dep>
          <dep type="nsubj" extra="true">
            <governor idx="26">wearing</governor>
            <dependent idx="20">example</dependent>
          </dep>
          <dep type="nsubj" extra="true">
            <governor idx="30">tying</governor>
            <dependent idx="20">example</dependent>
          </dep>
          <dep type="nsubj" extra="true">
            <governor idx="35">wearing</governor>
            <dependent idx="20">example</dependent>
          </dep>
          <dep type="advcl">
            <governor idx="4">doing</governor>
            <dependent idx="21">abiding</dependent>
          </dep>
          <dep type="case">
            <governor idx="24">rules</governor>
            <dependent idx="22">by</dependent>
          </dep>
          <dep type="compound">
            <governor idx="24">rules</governor>
            <dependent idx="23">lab</dependent>
          </dep>
          <dep type="nmod:by">
            <governor idx="21">abiding</governor>
            <dependent idx="24">rules</dependent>
          </dep>
          <dep type="punct">
            <governor idx="21">abiding</governor>
            <dependent idx="25">,</dependent>
          </dep>
          <dep type="advcl" extra="true">
            <governor idx="4">doing</governor>
            <dependent idx="26">wearing</dependent>
          </dep>
          <dep type="conj:and">
            <governor idx="21">abiding</governor>
            <dependent idx="26">wearing</dependent>
          </dep>
          <dep type="amod">
            <governor idx="28">footwear</governor>
            <dependent idx="27">correct</dependent>
          </dep>
          <dep type="dobj">
            <governor idx="26">wearing</governor>
            <dependent idx="28">footwear</dependent>
          </dep>
          <dep type="punct">
            <governor idx="21">abiding</governor>
            <dependent idx="29">,</dependent>
          </dep>
          <dep type="advcl" extra="true">
            <governor idx="4">doing</governor>
            <dependent idx="30">tying</dependent>
          </dep>
          <dep type="conj:and">
            <governor idx="21">abiding</governor>
            <dependent idx="30">tying</dependent>
          </dep>
          <dep type="nmod:poss">
            <governor idx="32">hair</governor>
            <dependent idx="31">my</dependent>
          </dep>
          <dep type="dobj">
            <governor idx="30">tying</governor>
            <dependent idx="32">hair</dependent>
          </dep>
          <dep type="advmod">
            <governor idx="30">tying</governor>
            <dependent idx="33">back</dependent>
          </dep>
          <dep type="cc">
            <governor idx="21">abiding</governor>
            <dependent idx="34">and</dependent>
          </dep>
          <dep type="advcl" extra="true">
            <governor idx="4">doing</governor>
            <dependent idx="35">wearing</dependent>
          </dep>
          <dep type="conj:and">
            <governor idx="21">abiding</governor>
            <dependent idx="35">wearing</dependent>
          </dep>
          <dep type="nmod:poss">
            <governor idx="42">strap</governor>
            <dependent idx="36">my</dependent>
          </dep>
          <dep type="amod">
            <governor idx="42">strap</governor>
            <dependent idx="37">electrostatic</dependent>
          </dep>
          <dep type="compound">
            <governor idx="42">strap</governor>
            <dependent idx="38">discharge</dependent>
          </dep>
          <dep type="punct">
            <governor idx="40">ESD</governor>
            <dependent idx="39">-LRB-</dependent>
          </dep>
          <dep type="appos">
            <governor idx="42">strap</governor>
            <dependent idx="40">ESD</dependent>
          </dep>
          <dep type="punct">
            <governor idx="40">ESD</governor>
            <dependent idx="41">-RRB-</dependent>
          </dep>
          <dep type="dobj">
            <governor idx="35">wearing</governor>
            <dependent idx="42">strap</dependent>
          </dep>
          <dep type="advmod">
            <governor idx="44">handling</governor>
            <dependent idx="43">whenever</dependent>
          </dep>
          <dep type="advcl">
            <governor idx="35">wearing</governor>
            <dependent idx="44">handling</dependent>
          </dep>
          <dep type="amod">
            <governor idx="46">equipment</governor>
            <dependent idx="45">open</dependent>
          </dep>
          <dep type="dobj">
            <governor idx="44">handling</governor>
            <dependent idx="46">equipment</dependent>
          </dep>
          <dep type="punct">
            <governor idx="4">doing</governor>
            <dependent idx="47">.</dependent>
          </dep>
        </dependencies>
      </sentence>
      <sentence id="158">
        <tokens>
          <token id="1">
            <word>I</word>
            <lemma>I</lemma>
            <CharacterOffsetBegin>17836</CharacterOffsetBegin>
            <CharacterOffsetEnd>17837</CharacterOffsetEnd>
            <POS>PRP</POS>
            <NER>O</NER>
            <Speaker>PER0</Speaker>
          </token>
          <token id="2">
            <word>expected</word>
            <lemma>expect</lemma>
            <CharacterOffsetBegin>17838</CharacterOffsetBegin>
            <CharacterOffsetEnd>17846</CharacterOffsetEnd>
            <POS>VBD</POS>
            <NER>O</NER>
            <Speaker>PER0</Speaker>
          </token>
          <token id="3">
            <word>that</word>
            <lemma>that</lemma>
            <CharacterOffsetBegin>17847</CharacterOffsetBegin>
            <CharacterOffsetEnd>17851</CharacterOffsetEnd>
            <POS>IN</POS>
            <NER>O</NER>
            <Speaker>PER0</Speaker>
          </token>
          <token id="4">
            <word>because</word>
            <lemma>because</lemma>
            <CharacterOffsetBegin>17852</CharacterOffsetBegin>
            <CharacterOffsetEnd>17859</CharacterOffsetEnd>
            <POS>IN</POS>
            <NER>O</NER>
            <Speaker>PER0</Speaker>
          </token>
          <token id="5">
            <word>I</word>
            <lemma>I</lemma>
            <CharacterOffsetBegin>17860</CharacterOffsetBegin>
            <CharacterOffsetEnd>17861</CharacterOffsetEnd>
            <POS>PRP</POS>
            <NER>O</NER>
            <Speaker>PER0</Speaker>
          </token>
          <token id="6">
            <word>was</word>
            <lemma>be</lemma>
            <CharacterOffsetBegin>17862</CharacterOffsetBegin>
            <CharacterOffsetEnd>17865</CharacterOffsetEnd>
            <POS>VBD</POS>
            <NER>O</NER>
            <Speaker>PER0</Speaker>
          </token>
          <token id="7">
            <word>following</word>
            <lemma>follow</lemma>
            <CharacterOffsetBegin>17866</CharacterOffsetBegin>
            <CharacterOffsetEnd>17875</CharacterOffsetEnd>
            <POS>VBG</POS>
            <NER>O</NER>
            <Speaker>PER0</Speaker>
          </token>
          <token id="8">
            <word>these</word>
            <lemma>these</lemma>
            <CharacterOffsetBegin>17876</CharacterOffsetBegin>
            <CharacterOffsetEnd>17881</CharacterOffsetEnd>
            <POS>DT</POS>
            <NER>O</NER>
            <Speaker>PER0</Speaker>
          </token>
          <token id="9">
            <word>rules</word>
            <lemma>rule</lemma>
            <CharacterOffsetBegin>17882</CharacterOffsetBegin>
            <CharacterOffsetEnd>17887</CharacterOffsetEnd>
            <POS>NNS</POS>
            <NER>O</NER>
            <Speaker>PER0</Speaker>
          </token>
          <token id="10">
            <word>I</word>
            <lemma>I</lemma>
            <CharacterOffsetBegin>17888</CharacterOffsetBegin>
            <CharacterOffsetEnd>17889</CharacterOffsetEnd>
            <POS>PRP</POS>
            <NER>O</NER>
            <Speaker>PER0</Speaker>
          </token>
          <token id="11">
            <word>was</word>
            <lemma>be</lemma>
            <CharacterOffsetBegin>17890</CharacterOffsetBegin>
            <CharacterOffsetEnd>17893</CharacterOffsetEnd>
            <POS>VBD</POS>
            <NER>O</NER>
            <Speaker>PER0</Speaker>
          </token>
          <token id="12">
            <word>executing</word>
            <lemma>execute</lemma>
            <CharacterOffsetBegin>17894</CharacterOffsetBegin>
            <CharacterOffsetEnd>17903</CharacterOffsetEnd>
            <POS>VBG</POS>
            <NER>O</NER>
            <Speaker>PER0</Speaker>
          </token>
          <token id="13">
            <word>my</word>
            <lemma>my</lemma>
            <CharacterOffsetBegin>17904</CharacterOffsetBegin>
            <CharacterOffsetEnd>17906</CharacterOffsetEnd>
            <POS>PRP$</POS>
            <NER>O</NER>
            <Speaker>PER0</Speaker>
          </token>
          <token id="14">
            <word>role</word>
            <lemma>role</lemma>
            <CharacterOffsetBegin>17907</CharacterOffsetBegin>
            <CharacterOffsetEnd>17911</CharacterOffsetEnd>
            <POS>NN</POS>
            <NER>O</NER>
            <Speaker>PER0</Speaker>
          </token>
          <token id="15">
            <word>in</word>
            <lemma>in</lemma>
            <CharacterOffsetBegin>17912</CharacterOffsetBegin>
            <CharacterOffsetEnd>17914</CharacterOffsetEnd>
            <POS>IN</POS>
            <NER>O</NER>
            <Speaker>PER0</Speaker>
          </token>
          <token id="16">
            <word>a</word>
            <lemma>a</lemma>
            <CharacterOffsetBegin>17915</CharacterOffsetBegin>
            <CharacterOffsetEnd>17916</CharacterOffsetEnd>
            <POS>DT</POS>
            <NER>O</NER>
            <Speaker>PER0</Speaker>
          </token>
          <token id="17">
            <word>way</word>
            <lemma>way</lemma>
            <CharacterOffsetBegin>17917</CharacterOffsetBegin>
            <CharacterOffsetEnd>17920</CharacterOffsetEnd>
            <POS>NN</POS>
            <NER>O</NER>
            <Speaker>PER0</Speaker>
          </token>
          <token id="18">
            <word>that</word>
            <lemma>that</lemma>
            <CharacterOffsetBegin>17921</CharacterOffsetBegin>
            <CharacterOffsetEnd>17925</CharacterOffsetEnd>
            <POS>WDT</POS>
            <NER>O</NER>
            <Speaker>PER0</Speaker>
          </token>
          <token id="19">
            <word>followed</word>
            <lemma>follow</lemma>
            <CharacterOffsetBegin>17926</CharacterOffsetBegin>
            <CharacterOffsetEnd>17934</CharacterOffsetEnd>
            <POS>VBD</POS>
            <NER>O</NER>
            <Speaker>PER0</Speaker>
          </token>
          <token id="20">
            <word>all</word>
            <lemma>all</lemma>
            <CharacterOffsetBegin>17935</CharacterOffsetBegin>
            <CharacterOffsetEnd>17938</CharacterOffsetEnd>
            <POS>PDT</POS>
            <NER>O</NER>
            <Speaker>PER0</Speaker>
          </token>
          <token id="21">
            <word>the</word>
            <lemma>the</lemma>
            <CharacterOffsetBegin>17939</CharacterOffsetBegin>
            <CharacterOffsetEnd>17942</CharacterOffsetEnd>
            <POS>DT</POS>
            <NER>O</NER>
            <Speaker>PER0</Speaker>
          </token>
          <token id="22">
            <word>safety</word>
            <lemma>safety</lemma>
            <CharacterOffsetBegin>17943</CharacterOffsetBegin>
            <CharacterOffsetEnd>17949</CharacterOffsetEnd>
            <POS>NN</POS>
            <NER>O</NER>
            <Speaker>PER0</Speaker>
          </token>
          <token id="23">
            <word>policies</word>
            <lemma>policy</lemma>
            <CharacterOffsetBegin>17950</CharacterOffsetBegin>
            <CharacterOffsetEnd>17958</CharacterOffsetEnd>
            <POS>NNS</POS>
            <NER>O</NER>
            <Speaker>PER0</Speaker>
          </token>
          <token id="24">
            <word>.</word>
            <lemma>.</lemma>
            <CharacterOffsetBegin>17958</CharacterOffsetBegin>
            <CharacterOffsetEnd>17959</CharacterOffsetEnd>
            <POS>.</POS>
            <NER>O</NER>
            <Speaker>PER0</Speaker>
          </token>
        </tokens>
        <parse>(ROOT (S (NP (PRP I)) (VP (VBD expected) (SBAR (IN that) (S (SBAR (IN because) (S (NP (PRP I)) (VP (VBD was) (VP (VBG following) (NP (DT these) (NNS rules)))))) (NP (PRP I)) (VP (VBD was) (VP (VBG executing) (NP (PRP$ my) (NN role)) (PP (IN in) (NP (NP (DT a) (NN way)) (SBAR (WHNP (WDT that)) (S (VP (VBD followed) (NP (PDT all) (DT the) (NN safety) (NNS policies)))))))))))) (. .))) </parse>
        <dependencies type="basic-dependencies">
          <dep type="root">
            <governor idx="0">ROOT</governor>
            <dependent idx="2">expected</dependent>
          </dep>
          <dep type="nsubj">
            <governor idx="2">expected</governor>
            <dependent idx="1">I</dependent>
          </dep>
          <dep type="mark">
            <governor idx="12">executing</governor>
            <dependent idx="3">that</dependent>
          </dep>
          <dep type="mark">
            <governor idx="7">following</governor>
            <dependent idx="4">because</dependent>
          </dep>
          <dep type="nsubj">
            <governor idx="7">following</governor>
            <dependent idx="5">I</dependent>
          </dep>
          <dep type="aux">
            <governor idx="7">following</governor>
            <dependent idx="6">was</dependent>
          </dep>
          <dep type="advcl">
            <governor idx="12">executing</governor>
            <dependent idx="7">following</dependent>
          </dep>
          <dep type="det">
            <governor idx="9">rules</governor>
            <dependent idx="8">these</dependent>
          </dep>
          <dep type="dobj">
            <governor idx="7">following</governor>
            <dependent idx="9">rules</dependent>
          </dep>
          <dep type="nsubj">
            <governor idx="12">executing</governor>
            <dependent idx="10">I</dependent>
          </dep>
          <dep type="aux">
            <governor idx="12">executing</governor>
            <dependent idx="11">was</dependent>
          </dep>
          <dep type="ccomp">
            <governor idx="2">expected</governor>
            <dependent idx="12">executing</dependent>
          </dep>
          <dep type="nmod:poss">
            <governor idx="14">role</governor>
            <dependent idx="13">my</dependent>
          </dep>
          <dep type="dobj">
            <governor idx="12">executing</governor>
            <dependent idx="14">role</dependent>
          </dep>
          <dep type="case">
            <governor idx="17">way</governor>
            <dependent idx="15">in</dependent>
          </dep>
          <dep type="det">
            <governor idx="17">way</governor>
            <dependent idx="16">a</dependent>
          </dep>
          <dep type="nmod">
            <governor idx="12">executing</governor>
            <dependent idx="17">way</dependent>
          </dep>
          <dep type="nsubj">
            <governor idx="19">followed</governor>
            <dependent idx="18">that</dependent>
          </dep>
          <dep type="acl:relcl">
            <governor idx="17">way</governor>
            <dependent idx="19">followed</dependent>
          </dep>
          <dep type="det:predet">
            <governor idx="23">policies</governor>
            <dependent idx="20">all</dependent>
          </dep>
          <dep type="det">
            <governor idx="23">policies</governor>
            <dependent idx="21">the</dependent>
          </dep>
          <dep type="compound">
            <governor idx="23">policies</governor>
            <dependent idx="22">safety</dependent>
          </dep>
          <dep type="dobj">
            <governor idx="19">followed</governor>
            <dependent idx="23">policies</dependent>
          </dep>
          <dep type="punct">
            <governor idx="2">expected</governor>
            <dependent idx="24">.</dependent>
          </dep>
        </dependencies>
        <dependencies type="collapsed-dependencies">
          <dep type="root">
            <governor idx="0">ROOT</governor>
            <dependent idx="2">expected</dependent>
          </dep>
          <dep type="nsubj">
            <governor idx="2">expected</governor>
            <dependent idx="1">I</dependent>
          </dep>
          <dep type="mark">
            <governor idx="12">executing</governor>
            <dependent idx="3">that</dependent>
          </dep>
          <dep type="mark">
            <governor idx="7">following</governor>
            <dependent idx="4">because</dependent>
          </dep>
          <dep type="nsubj">
            <governor idx="7">following</governor>
            <dependent idx="5">I</dependent>
          </dep>
          <dep type="aux">
            <governor idx="7">following</governor>
            <dependent idx="6">was</dependent>
          </dep>
          <dep type="advcl">
            <governor idx="12">executing</governor>
            <dependent idx="7">following</dependent>
          </dep>
          <dep type="det">
            <governor idx="9">rules</governor>
            <dependent idx="8">these</dependent>
          </dep>
          <dep type="dobj">
            <governor idx="7">following</governor>
            <dependent idx="9">rules</dependent>
          </dep>
          <dep type="nsubj">
            <governor idx="12">executing</governor>
            <dependent idx="10">I</dependent>
          </dep>
          <dep type="aux">
            <governor idx="12">executing</governor>
            <dependent idx="11">was</dependent>
          </dep>
          <dep type="ccomp">
            <governor idx="2">expected</governor>
            <dependent idx="12">executing</dependent>
          </dep>
          <dep type="nmod:poss">
            <governor idx="14">role</governor>
            <dependent idx="13">my</dependent>
          </dep>
          <dep type="dobj">
            <governor idx="12">executing</governor>
            <dependent idx="14">role</dependent>
          </dep>
          <dep type="case">
            <governor idx="17">way</governor>
            <dependent idx="15">in</dependent>
          </dep>
          <dep type="det">
            <governor idx="17">way</governor>
            <dependent idx="16">a</dependent>
          </dep>
          <dep type="nmod:in">
            <governor idx="12">executing</governor>
            <dependent idx="17">way</dependent>
          </dep>
          <dep type="nsubj">
            <governor idx="19">followed</governor>
            <dependent idx="18">that</dependent>
          </dep>
          <dep type="acl:relcl">
            <governor idx="17">way</governor>
            <dependent idx="19">followed</dependent>
          </dep>
          <dep type="det:predet">
            <governor idx="23">policies</governor>
            <dependent idx="20">all</dependent>
          </dep>
          <dep type="det">
            <governor idx="23">policies</governor>
            <dependent idx="21">the</dependent>
          </dep>
          <dep type="compound">
            <governor idx="23">policies</governor>
            <dependent idx="22">safety</dependent>
          </dep>
          <dep type="dobj">
            <governor idx="19">followed</governor>
            <dependent idx="23">policies</dependent>
          </dep>
          <dep type="punct">
            <governor idx="2">expected</governor>
            <dependent idx="24">.</dependent>
          </dep>
        </dependencies>
        <dependencies type="collapsed-ccprocessed-dependencies">
          <dep type="root">
            <governor idx="0">ROOT</governor>
            <dependent idx="2">expected</dependent>
          </dep>
          <dep type="nsubj">
            <governor idx="2">expected</governor>
            <dependent idx="1">I</dependent>
          </dep>
          <dep type="mark">
            <governor idx="12">executing</governor>
            <dependent idx="3">that</dependent>
          </dep>
          <dep type="mark">
            <governor idx="7">following</governor>
            <dependent idx="4">because</dependent>
          </dep>
          <dep type="nsubj">
            <governor idx="7">following</governor>
            <dependent idx="5">I</dependent>
          </dep>
          <dep type="aux">
            <governor idx="7">following</governor>
            <dependent idx="6">was</dependent>
          </dep>
          <dep type="advcl">
            <governor idx="12">executing</governor>
            <dependent idx="7">following</dependent>
          </dep>
          <dep type="det">
            <governor idx="9">rules</governor>
            <dependent idx="8">these</dependent>
          </dep>
          <dep type="dobj">
            <governor idx="7">following</governor>
            <dependent idx="9">rules</dependent>
          </dep>
          <dep type="nsubj">
            <governor idx="12">executing</governor>
            <dependent idx="10">I</dependent>
          </dep>
          <dep type="aux">
            <governor idx="12">executing</governor>
            <dependent idx="11">was</dependent>
          </dep>
          <dep type="ccomp">
            <governor idx="2">expected</governor>
            <dependent idx="12">executing</dependent>
          </dep>
          <dep type="nmod:poss">
            <governor idx="14">role</governor>
            <dependent idx="13">my</dependent>
          </dep>
          <dep type="dobj">
            <governor idx="12">executing</governor>
            <dependent idx="14">role</dependent>
          </dep>
          <dep type="case">
            <governor idx="17">way</governor>
            <dependent idx="15">in</dependent>
          </dep>
          <dep type="det">
            <governor idx="17">way</governor>
            <dependent idx="16">a</dependent>
          </dep>
          <dep type="nmod:in">
            <governor idx="12">executing</governor>
            <dependent idx="17">way</dependent>
          </dep>
          <dep type="nsubj">
            <governor idx="19">followed</governor>
            <dependent idx="18">that</dependent>
          </dep>
          <dep type="acl:relcl">
            <governor idx="17">way</governor>
            <dependent idx="19">followed</dependent>
          </dep>
          <dep type="det:predet">
            <governor idx="23">policies</governor>
            <dependent idx="20">all</dependent>
          </dep>
          <dep type="det">
            <governor idx="23">policies</governor>
            <dependent idx="21">the</dependent>
          </dep>
          <dep type="compound">
            <governor idx="23">policies</governor>
            <dependent idx="22">safety</dependent>
          </dep>
          <dep type="dobj">
            <governor idx="19">followed</governor>
            <dependent idx="23">policies</dependent>
          </dep>
          <dep type="punct">
            <governor idx="2">expected</governor>
            <dependent idx="24">.</dependent>
          </dep>
        </dependencies>
      </sentence>
      <sentence id="159">
        <tokens>
          <token id="1">
            <word>However</word>
            <lemma>however</lemma>
            <CharacterOffsetBegin>17960</CharacterOffsetBegin>
            <CharacterOffsetEnd>17967</CharacterOffsetEnd>
            <POS>RB</POS>
            <NER>O</NER>
            <Speaker>PER0</Speaker>
          </token>
          <token id="2">
            <word>it</word>
            <lemma>it</lemma>
            <CharacterOffsetBegin>17968</CharacterOffsetBegin>
            <CharacterOffsetEnd>17970</CharacterOffsetEnd>
            <POS>PRP</POS>
            <NER>O</NER>
            <Speaker>PER0</Speaker>
          </token>
          <token id="3">
            <word>was</word>
            <lemma>be</lemma>
            <CharacterOffsetBegin>17971</CharacterOffsetBegin>
            <CharacterOffsetEnd>17974</CharacterOffsetEnd>
            <POS>VBD</POS>
            <NER>O</NER>
            <Speaker>PER0</Speaker>
          </token>
          <token id="4">
            <word>not</word>
            <lemma>not</lemma>
            <CharacterOffsetBegin>17975</CharacterOffsetBegin>
            <CharacterOffsetEnd>17978</CharacterOffsetEnd>
            <POS>RB</POS>
            <NER>O</NER>
            <Speaker>PER0</Speaker>
          </token>
          <token id="5">
            <word>until</word>
            <lemma>until</lemma>
            <CharacterOffsetBegin>17979</CharacterOffsetBegin>
            <CharacterOffsetEnd>17984</CharacterOffsetEnd>
            <POS>IN</POS>
            <NER>O</NER>
            <Speaker>PER0</Speaker>
          </token>
          <token id="6">
            <word>the</word>
            <lemma>the</lemma>
            <CharacterOffsetBegin>17985</CharacterOffsetBegin>
            <CharacterOffsetEnd>17988</CharacterOffsetEnd>
            <POS>DT</POS>
            <NER>O</NER>
            <Speaker>PER0</Speaker>
          </token>
          <token id="7">
            <word>end</word>
            <lemma>end</lemma>
            <CharacterOffsetBegin>17989</CharacterOffsetBegin>
            <CharacterOffsetEnd>17992</CharacterOffsetEnd>
            <POS>NN</POS>
            <NER>DATE</NER>
            <NormalizedNER>end of my </NormalizedNER>
            <Speaker>PER0</Speaker>
          </token>
          <token id="8">
            <word>of</word>
            <lemma>of</lemma>
            <CharacterOffsetBegin>17993</CharacterOffsetBegin>
            <CharacterOffsetEnd>17995</CharacterOffsetEnd>
            <POS>IN</POS>
            <NER>DATE</NER>
            <NormalizedNER>end of my </NormalizedNER>
            <Speaker>PER0</Speaker>
          </token>
          <token id="9">
            <word>my</word>
            <lemma>my</lemma>
            <CharacterOffsetBegin>17996</CharacterOffsetBegin>
            <CharacterOffsetEnd>17998</CharacterOffsetEnd>
            <POS>PRP$</POS>
            <NER>DATE</NER>
            <NormalizedNER>end of my </NormalizedNER>
            <Speaker>PER0</Speaker>
          </token>
          <token id="10">
            <word>first</word>
            <lemma>first</lemma>
            <CharacterOffsetBegin>17999</CharacterOffsetBegin>
            <CharacterOffsetEnd>18004</CharacterOffsetEnd>
            <POS>JJ</POS>
            <NER>DATE</NER>
            <NormalizedNER>P1W-#1</NormalizedNER>
            <Speaker>PER0</Speaker>
            <Timex tid="t29" type="DATE"/>
          </token>
          <token id="11">
            <word>week</word>
            <lemma>week</lemma>
            <CharacterOffsetBegin>18005</CharacterOffsetBegin>
            <CharacterOffsetEnd>18009</CharacterOffsetEnd>
            <POS>NN</POS>
            <NER>DATE</NER>
            <NormalizedNER>P1W-#1</NormalizedNER>
            <Speaker>PER0</Speaker>
            <Timex tid="t29" type="DATE"/>
          </token>
          <token id="12">
            <word>where</word>
            <lemma>where</lemma>
            <CharacterOffsetBegin>18010</CharacterOffsetBegin>
            <CharacterOffsetEnd>18015</CharacterOffsetEnd>
            <POS>WRB</POS>
            <NER>O</NER>
            <Speaker>PER0</Speaker>
          </token>
          <token id="13">
            <word>I</word>
            <lemma>I</lemma>
            <CharacterOffsetBegin>18016</CharacterOffsetBegin>
            <CharacterOffsetEnd>18017</CharacterOffsetEnd>
            <POS>PRP</POS>
            <NER>O</NER>
            <Speaker>PER0</Speaker>
          </token>
          <token id="14">
            <word>was</word>
            <lemma>be</lemma>
            <CharacterOffsetBegin>18018</CharacterOffsetBegin>
            <CharacterOffsetEnd>18021</CharacterOffsetEnd>
            <POS>VBD</POS>
            <NER>O</NER>
            <Speaker>PER0</Speaker>
          </token>
          <token id="15">
            <word>told</word>
            <lemma>tell</lemma>
            <CharacterOffsetBegin>18022</CharacterOffsetBegin>
            <CharacterOffsetEnd>18026</CharacterOffsetEnd>
            <POS>VBN</POS>
            <NER>O</NER>
            <Speaker>PER0</Speaker>
          </token>
          <token id="16">
            <word>to</word>
            <lemma>to</lemma>
            <CharacterOffsetBegin>18027</CharacterOffsetBegin>
            <CharacterOffsetEnd>18029</CharacterOffsetEnd>
            <POS>TO</POS>
            <NER>O</NER>
            <Speaker>PER0</Speaker>
          </token>
          <token id="17">
            <word>do</word>
            <lemma>do</lemma>
            <CharacterOffsetBegin>18030</CharacterOffsetBegin>
            <CharacterOffsetEnd>18032</CharacterOffsetEnd>
            <POS>VB</POS>
            <NER>O</NER>
            <Speaker>PER0</Speaker>
          </token>
          <token id="18">
            <word>the</word>
            <lemma>the</lemma>
            <CharacterOffsetBegin>18033</CharacterOffsetBegin>
            <CharacterOffsetEnd>18036</CharacterOffsetEnd>
            <POS>DT</POS>
            <NER>O</NER>
            <Speaker>PER0</Speaker>
          </token>
          <token id="19">
            <word>ESD</word>
            <lemma>esd</lemma>
            <CharacterOffsetBegin>18037</CharacterOffsetBegin>
            <CharacterOffsetEnd>18040</CharacterOffsetEnd>
            <POS>NN</POS>
            <NER>O</NER>
            <Speaker>PER0</Speaker>
          </token>
          <token id="20">
            <word>training</word>
            <lemma>training</lemma>
            <CharacterOffsetBegin>18041</CharacterOffsetBegin>
            <CharacterOffsetEnd>18049</CharacterOffsetEnd>
            <POS>NN</POS>
            <NER>O</NER>
            <Speaker>PER0</Speaker>
          </token>
          <token id="21">
            <word>which</word>
            <lemma>which</lemma>
            <CharacterOffsetBegin>18050</CharacterOffsetBegin>
            <CharacterOffsetEnd>18055</CharacterOffsetEnd>
            <POS>WDT</POS>
            <NER>O</NER>
            <Speaker>PER0</Speaker>
          </token>
          <token id="22">
            <word>required</word>
            <lemma>require</lemma>
            <CharacterOffsetBegin>18056</CharacterOffsetBegin>
            <CharacterOffsetEnd>18064</CharacterOffsetEnd>
            <POS>VBD</POS>
            <NER>O</NER>
            <Speaker>PER0</Speaker>
          </token>
          <token id="23">
            <word>me</word>
            <lemma>I</lemma>
            <CharacterOffsetBegin>18065</CharacterOffsetBegin>
            <CharacterOffsetEnd>18067</CharacterOffsetEnd>
            <POS>PRP</POS>
            <NER>O</NER>
            <Speaker>PER0</Speaker>
          </token>
          <token id="24">
            <word>to</word>
            <lemma>to</lemma>
            <CharacterOffsetBegin>18068</CharacterOffsetBegin>
            <CharacterOffsetEnd>18070</CharacterOffsetEnd>
            <POS>TO</POS>
            <NER>O</NER>
            <Speaker>PER0</Speaker>
          </token>
          <token id="25">
            <word>watch</word>
            <lemma>watch</lemma>
            <CharacterOffsetBegin>18071</CharacterOffsetBegin>
            <CharacterOffsetEnd>18076</CharacterOffsetEnd>
            <POS>VB</POS>
            <NER>O</NER>
            <Speaker>PER0</Speaker>
          </token>
          <token id="26">
            <word>a</word>
            <lemma>a</lemma>
            <CharacterOffsetBegin>18077</CharacterOffsetBegin>
            <CharacterOffsetEnd>18078</CharacterOffsetEnd>
            <POS>DT</POS>
            <NER>O</NER>
            <Speaker>PER0</Speaker>
          </token>
          <token id="27">
            <word>set</word>
            <lemma>set</lemma>
            <CharacterOffsetBegin>18079</CharacterOffsetBegin>
            <CharacterOffsetEnd>18082</CharacterOffsetEnd>
            <POS>NN</POS>
            <NER>O</NER>
            <Speaker>PER0</Speaker>
          </token>
          <token id="28">
            <word>of</word>
            <lemma>of</lemma>
            <CharacterOffsetBegin>18083</CharacterOffsetBegin>
            <CharacterOffsetEnd>18085</CharacterOffsetEnd>
            <POS>IN</POS>
            <NER>O</NER>
            <Speaker>PER0</Speaker>
          </token>
          <token id="29">
            <word>videos</word>
            <lemma>video</lemma>
            <CharacterOffsetBegin>18086</CharacterOffsetBegin>
            <CharacterOffsetEnd>18092</CharacterOffsetEnd>
            <POS>NNS</POS>
            <NER>O</NER>
            <Speaker>PER0</Speaker>
          </token>
          <token id="30">
            <word>and</word>
            <lemma>and</lemma>
            <CharacterOffsetBegin>18093</CharacterOffsetBegin>
            <CharacterOffsetEnd>18096</CharacterOffsetEnd>
            <POS>CC</POS>
            <NER>O</NER>
            <Speaker>PER0</Speaker>
          </token>
          <token id="31">
            <word>complete</word>
            <lemma>complete</lemma>
            <CharacterOffsetBegin>18097</CharacterOffsetBegin>
            <CharacterOffsetEnd>18105</CharacterOffsetEnd>
            <POS>VB</POS>
            <NER>O</NER>
            <Speaker>PER0</Speaker>
          </token>
          <token id="32">
            <word>a</word>
            <lemma>a</lemma>
            <CharacterOffsetBegin>18106</CharacterOffsetBegin>
            <CharacterOffsetEnd>18107</CharacterOffsetEnd>
            <POS>DT</POS>
            <NER>O</NER>
            <Speaker>PER0</Speaker>
          </token>
          <token id="33">
            <word>small</word>
            <lemma>small</lemma>
            <CharacterOffsetBegin>18108</CharacterOffsetBegin>
            <CharacterOffsetEnd>18113</CharacterOffsetEnd>
            <POS>JJ</POS>
            <NER>O</NER>
            <Speaker>PER0</Speaker>
          </token>
          <token id="34">
            <word>exam</word>
            <lemma>exam</lemma>
            <CharacterOffsetBegin>18114</CharacterOffsetBegin>
            <CharacterOffsetEnd>18118</CharacterOffsetEnd>
            <POS>NN</POS>
            <NER>O</NER>
            <Speaker>PER0</Speaker>
          </token>
          <token id="35">
            <word>about</word>
            <lemma>about</lemma>
            <CharacterOffsetBegin>18119</CharacterOffsetBegin>
            <CharacterOffsetEnd>18124</CharacterOffsetEnd>
            <POS>IN</POS>
            <NER>O</NER>
            <Speaker>PER0</Speaker>
          </token>
          <token id="36">
            <word>the</word>
            <lemma>the</lemma>
            <CharacterOffsetBegin>18125</CharacterOffsetBegin>
            <CharacterOffsetEnd>18128</CharacterOffsetEnd>
            <POS>DT</POS>
            <NER>O</NER>
            <Speaker>PER0</Speaker>
          </token>
          <token id="37">
            <word>risks</word>
            <lemma>risk</lemma>
            <CharacterOffsetBegin>18129</CharacterOffsetBegin>
            <CharacterOffsetEnd>18134</CharacterOffsetEnd>
            <POS>NNS</POS>
            <NER>O</NER>
            <Speaker>PER0</Speaker>
          </token>
          <token id="38">
            <word>of</word>
            <lemma>of</lemma>
            <CharacterOffsetBegin>18135</CharacterOffsetBegin>
            <CharacterOffsetEnd>18137</CharacterOffsetEnd>
            <POS>IN</POS>
            <NER>O</NER>
            <Speaker>PER0</Speaker>
          </token>
          <token id="39">
            <word>electrostatic</word>
            <lemma>electrostatic</lemma>
            <CharacterOffsetBegin>18138</CharacterOffsetBegin>
            <CharacterOffsetEnd>18151</CharacterOffsetEnd>
            <POS>JJ</POS>
            <NER>O</NER>
            <Speaker>PER0</Speaker>
          </token>
          <token id="40">
            <word>discharge</word>
            <lemma>discharge</lemma>
            <CharacterOffsetBegin>18152</CharacterOffsetBegin>
            <CharacterOffsetEnd>18161</CharacterOffsetEnd>
            <POS>NN</POS>
            <NER>O</NER>
            <Speaker>PER0</Speaker>
          </token>
          <token id="41">
            <word>on</word>
            <lemma>on</lemma>
            <CharacterOffsetBegin>18162</CharacterOffsetBegin>
            <CharacterOffsetEnd>18164</CharacterOffsetEnd>
            <POS>IN</POS>
            <NER>O</NER>
            <Speaker>PER0</Speaker>
          </token>
          <token id="42">
            <word>equipment</word>
            <lemma>equipment</lemma>
            <CharacterOffsetBegin>18165</CharacterOffsetBegin>
            <CharacterOffsetEnd>18174</CharacterOffsetEnd>
            <POS>NN</POS>
            <NER>O</NER>
            <Speaker>PER0</Speaker>
          </token>
          <token id="43">
            <word>.</word>
            <lemma>.</lemma>
            <CharacterOffsetBegin>18174</CharacterOffsetBegin>
            <CharacterOffsetEnd>18175</CharacterOffsetEnd>
            <POS>.</POS>
            <NER>O</NER>
            <Speaker>PER0</Speaker>
          </token>
        </tokens>
        <parse>(ROOT (S (ADVP (RB However)) (NP (PRP it)) (VP (VBD was) (RB not) (PP (IN until) (NP (NP (DT the) (NN end)) (PP (IN of) (NP (PRP$ my) (JJ first) (NN week))))) (SBAR (WHADVP (WRB where)) (S (NP (PRP I)) (VP (VBD was) (VP (VBN told) (S (VP (TO to) (VP (VB do) (NP (NP (DT the) (NN ESD) (NN training)) (SBAR (WHNP (WDT which)) (S (VP (VBD required) (S (NP (PRP me)) (VP (TO to) (VP (VP (VB watch) (NP (NP (DT a) (NN set)) (PP (IN of) (NP (NNS videos))))) (CC and) (VP (VB complete) (NP (NP (DT a) (JJ small) (NN exam)) (PP (IN about) (NP (NP (DT the) (NNS risks)) (PP (IN of) (NP (JJ electrostatic) (NN discharge)))))) (PP (IN on) (NP (NN equipment))))))))))))))))))) (. .))) </parse>
        <dependencies type="basic-dependencies">
          <dep type="root">
            <governor idx="0">ROOT</governor>
            <dependent idx="7">end</dependent>
          </dep>
          <dep type="advmod">
            <governor idx="7">end</governor>
            <dependent idx="1">However</dependent>
          </dep>
          <dep type="nsubj">
            <governor idx="7">end</governor>
            <dependent idx="2">it</dependent>
          </dep>
          <dep type="cop">
            <governor idx="7">end</governor>
            <dependent idx="3">was</dependent>
          </dep>
          <dep type="neg">
            <governor idx="7">end</governor>
            <dependent idx="4">not</dependent>
          </dep>
          <dep type="case">
            <governor idx="7">end</governor>
            <dependent idx="5">until</dependent>
          </dep>
          <dep type="det">
            <governor idx="7">end</governor>
            <dependent idx="6">the</dependent>
          </dep>
          <dep type="case">
            <governor idx="11">week</governor>
            <dependent idx="8">of</dependent>
          </dep>
          <dep type="nmod:poss">
            <governor idx="11">week</governor>
            <dependent idx="9">my</dependent>
          </dep>
          <dep type="amod">
            <governor idx="11">week</governor>
            <dependent idx="10">first</dependent>
          </dep>
          <dep type="nmod">
            <governor idx="7">end</governor>
            <dependent idx="11">week</dependent>
          </dep>
          <dep type="advmod">
            <governor idx="15">told</governor>
            <dependent idx="12">where</dependent>
          </dep>
          <dep type="nsubjpass">
            <governor idx="15">told</governor>
            <dependent idx="13">I</dependent>
          </dep>
          <dep type="auxpass">
            <governor idx="15">told</governor>
            <dependent idx="14">was</dependent>
          </dep>
          <dep type="advcl">
            <governor idx="7">end</governor>
            <dependent idx="15">told</dependent>
          </dep>
          <dep type="mark">
            <governor idx="17">do</governor>
            <dependent idx="16">to</dependent>
          </dep>
          <dep type="xcomp">
            <governor idx="15">told</governor>
            <dependent idx="17">do</dependent>
          </dep>
          <dep type="det">
            <governor idx="20">training</governor>
            <dependent idx="18">the</dependent>
          </dep>
          <dep type="compound">
            <governor idx="20">training</governor>
            <dependent idx="19">ESD</dependent>
          </dep>
          <dep type="dobj">
            <governor idx="17">do</governor>
            <dependent idx="20">training</dependent>
          </dep>
          <dep type="nsubj">
            <governor idx="22">required</governor>
            <dependent idx="21">which</dependent>
          </dep>
          <dep type="acl:relcl">
            <governor idx="20">training</governor>
            <dependent idx="22">required</dependent>
          </dep>
          <dep type="dobj">
            <governor idx="22">required</governor>
            <dependent idx="23">me</dependent>
          </dep>
          <dep type="mark">
            <governor idx="25">watch</governor>
            <dependent idx="24">to</dependent>
          </dep>
          <dep type="xcomp">
            <governor idx="22">required</governor>
            <dependent idx="25">watch</dependent>
          </dep>
          <dep type="det">
            <governor idx="27">set</governor>
            <dependent idx="26">a</dependent>
          </dep>
          <dep type="dobj">
            <governor idx="25">watch</governor>
            <dependent idx="27">set</dependent>
          </dep>
          <dep type="case">
            <governor idx="29">videos</governor>
            <dependent idx="28">of</dependent>
          </dep>
          <dep type="nmod">
            <governor idx="27">set</governor>
            <dependent idx="29">videos</dependent>
          </dep>
          <dep type="cc">
            <governor idx="25">watch</governor>
            <dependent idx="30">and</dependent>
          </dep>
          <dep type="conj">
            <governor idx="25">watch</governor>
            <dependent idx="31">complete</dependent>
          </dep>
          <dep type="det">
            <governor idx="34">exam</governor>
            <dependent idx="32">a</dependent>
          </dep>
          <dep type="amod">
            <governor idx="34">exam</governor>
            <dependent idx="33">small</dependent>
          </dep>
          <dep type="dobj">
            <governor idx="31">complete</governor>
            <dependent idx="34">exam</dependent>
          </dep>
          <dep type="case">
            <governor idx="37">risks</governor>
            <dependent idx="35">about</dependent>
          </dep>
          <dep type="det">
            <governor idx="37">risks</governor>
            <dependent idx="36">the</dependent>
          </dep>
          <dep type="nmod">
            <governor idx="34">exam</governor>
            <dependent idx="37">risks</dependent>
          </dep>
          <dep type="case">
            <governor idx="40">discharge</governor>
            <dependent idx="38">of</dependent>
          </dep>
          <dep type="amod">
            <governor idx="40">discharge</governor>
            <dependent idx="39">electrostatic</dependent>
          </dep>
          <dep type="nmod">
            <governor idx="37">risks</governor>
            <dependent idx="40">discharge</dependent>
          </dep>
          <dep type="case">
            <governor idx="42">equipment</governor>
            <dependent idx="41">on</dependent>
          </dep>
          <dep type="nmod">
            <governor idx="31">complete</governor>
            <dependent idx="42">equipment</dependent>
          </dep>
          <dep type="punct">
            <governor idx="7">end</governor>
            <dependent idx="43">.</dependent>
          </dep>
        </dependencies>
        <dependencies type="collapsed-dependencies">
          <dep type="root">
            <governor idx="0">ROOT</governor>
            <dependent idx="7">end</dependent>
          </dep>
          <dep type="advmod">
            <governor idx="7">end</governor>
            <dependent idx="1">However</dependent>
          </dep>
          <dep type="nsubj">
            <governor idx="7">end</governor>
            <dependent idx="2">it</dependent>
          </dep>
          <dep type="cop">
            <governor idx="7">end</governor>
            <dependent idx="3">was</dependent>
          </dep>
          <dep type="neg">
            <governor idx="7">end</governor>
            <dependent idx="4">not</dependent>
          </dep>
          <dep type="case">
            <governor idx="7">end</governor>
            <dependent idx="5">until</dependent>
          </dep>
          <dep type="det">
            <governor idx="7">end</governor>
            <dependent idx="6">the</dependent>
          </dep>
          <dep type="case">
            <governor idx="11">week</governor>
            <dependent idx="8">of</dependent>
          </dep>
          <dep type="nmod:poss">
            <governor idx="11">week</governor>
            <dependent idx="9">my</dependent>
          </dep>
          <dep type="amod">
            <governor idx="11">week</governor>
            <dependent idx="10">first</dependent>
          </dep>
          <dep type="nmod:of">
            <governor idx="7">end</governor>
            <dependent idx="11">week</dependent>
          </dep>
          <dep type="advmod">
            <governor idx="15">told</governor>
            <dependent idx="12">where</dependent>
          </dep>
          <dep type="nsubjpass">
            <governor idx="15">told</governor>
            <dependent idx="13">I</dependent>
          </dep>
          <dep type="auxpass">
            <governor idx="15">told</governor>
            <dependent idx="14">was</dependent>
          </dep>
          <dep type="advcl">
            <governor idx="7">end</governor>
            <dependent idx="15">told</dependent>
          </dep>
          <dep type="mark">
            <governor idx="17">do</governor>
            <dependent idx="16">to</dependent>
          </dep>
          <dep type="xcomp">
            <governor idx="15">told</governor>
            <dependent idx="17">do</dependent>
          </dep>
          <dep type="det">
            <governor idx="20">training</governor>
            <dependent idx="18">the</dependent>
          </dep>
          <dep type="compound">
            <governor idx="20">training</governor>
            <dependent idx="19">ESD</dependent>
          </dep>
          <dep type="dobj">
            <governor idx="17">do</governor>
            <dependent idx="20">training</dependent>
          </dep>
          <dep type="nsubj">
            <governor idx="22">required</governor>
            <dependent idx="21">which</dependent>
          </dep>
          <dep type="acl:relcl">
            <governor idx="20">training</governor>
            <dependent idx="22">required</dependent>
          </dep>
          <dep type="dobj">
            <governor idx="22">required</governor>
            <dependent idx="23">me</dependent>
          </dep>
          <dep type="mark">
            <governor idx="25">watch</governor>
            <dependent idx="24">to</dependent>
          </dep>
          <dep type="xcomp">
            <governor idx="22">required</governor>
            <dependent idx="25">watch</dependent>
          </dep>
          <dep type="det">
            <governor idx="27">set</governor>
            <dependent idx="26">a</dependent>
          </dep>
          <dep type="dobj">
            <governor idx="25">watch</governor>
            <dependent idx="27">set</dependent>
          </dep>
          <dep type="case">
            <governor idx="29">videos</governor>
            <dependent idx="28">of</dependent>
          </dep>
          <dep type="nmod:of">
            <governor idx="27">set</governor>
            <dependent idx="29">videos</dependent>
          </dep>
          <dep type="cc">
            <governor idx="25">watch</governor>
            <dependent idx="30">and</dependent>
          </dep>
          <dep type="conj:and">
            <governor idx="25">watch</governor>
            <dependent idx="31">complete</dependent>
          </dep>
          <dep type="det">
            <governor idx="34">exam</governor>
            <dependent idx="32">a</dependent>
          </dep>
          <dep type="amod">
            <governor idx="34">exam</governor>
            <dependent idx="33">small</dependent>
          </dep>
          <dep type="dobj">
            <governor idx="31">complete</governor>
            <dependent idx="34">exam</dependent>
          </dep>
          <dep type="case">
            <governor idx="37">risks</governor>
            <dependent idx="35">about</dependent>
          </dep>
          <dep type="det">
            <governor idx="37">risks</governor>
            <dependent idx="36">the</dependent>
          </dep>
          <dep type="nmod:about">
            <governor idx="34">exam</governor>
            <dependent idx="37">risks</dependent>
          </dep>
          <dep type="case">
            <governor idx="40">discharge</governor>
            <dependent idx="38">of</dependent>
          </dep>
          <dep type="amod">
            <governor idx="40">discharge</governor>
            <dependent idx="39">electrostatic</dependent>
          </dep>
          <dep type="nmod:of">
            <governor idx="37">risks</governor>
            <dependent idx="40">discharge</dependent>
          </dep>
          <dep type="case">
            <governor idx="42">equipment</governor>
            <dependent idx="41">on</dependent>
          </dep>
          <dep type="nmod:on">
            <governor idx="31">complete</governor>
            <dependent idx="42">equipment</dependent>
          </dep>
          <dep type="punct">
            <governor idx="7">end</governor>
            <dependent idx="43">.</dependent>
          </dep>
        </dependencies>
        <dependencies type="collapsed-ccprocessed-dependencies">
          <dep type="root">
            <governor idx="0">ROOT</governor>
            <dependent idx="7">end</dependent>
          </dep>
          <dep type="advmod">
            <governor idx="7">end</governor>
            <dependent idx="1">However</dependent>
          </dep>
          <dep type="nsubj">
            <governor idx="7">end</governor>
            <dependent idx="2">it</dependent>
          </dep>
          <dep type="cop">
            <governor idx="7">end</governor>
            <dependent idx="3">was</dependent>
          </dep>
          <dep type="neg">
            <governor idx="7">end</governor>
            <dependent idx="4">not</dependent>
          </dep>
          <dep type="case">
            <governor idx="7">end</governor>
            <dependent idx="5">until</dependent>
          </dep>
          <dep type="det">
            <governor idx="7">end</governor>
            <dependent idx="6">the</dependent>
          </dep>
          <dep type="case">
            <governor idx="11">week</governor>
            <dependent idx="8">of</dependent>
          </dep>
          <dep type="nmod:poss">
            <governor idx="11">week</governor>
            <dependent idx="9">my</dependent>
          </dep>
          <dep type="amod">
            <governor idx="11">week</governor>
            <dependent idx="10">first</dependent>
          </dep>
          <dep type="nmod:of">
            <governor idx="7">end</governor>
            <dependent idx="11">week</dependent>
          </dep>
          <dep type="advmod">
            <governor idx="15">told</governor>
            <dependent idx="12">where</dependent>
          </dep>
          <dep type="nsubjpass">
            <governor idx="15">told</governor>
            <dependent idx="13">I</dependent>
          </dep>
          <dep type="auxpass">
            <governor idx="15">told</governor>
            <dependent idx="14">was</dependent>
          </dep>
          <dep type="advcl">
            <governor idx="7">end</governor>
            <dependent idx="15">told</dependent>
          </dep>
          <dep type="mark">
            <governor idx="17">do</governor>
            <dependent idx="16">to</dependent>
          </dep>
          <dep type="xcomp">
            <governor idx="15">told</governor>
            <dependent idx="17">do</dependent>
          </dep>
          <dep type="det">
            <governor idx="20">training</governor>
            <dependent idx="18">the</dependent>
          </dep>
          <dep type="compound">
            <governor idx="20">training</governor>
            <dependent idx="19">ESD</dependent>
          </dep>
          <dep type="dobj">
            <governor idx="17">do</governor>
            <dependent idx="20">training</dependent>
          </dep>
          <dep type="nsubj">
            <governor idx="22">required</governor>
            <dependent idx="21">which</dependent>
          </dep>
          <dep type="acl:relcl">
            <governor idx="20">training</governor>
            <dependent idx="22">required</dependent>
          </dep>
          <dep type="dobj">
            <governor idx="22">required</governor>
            <dependent idx="23">me</dependent>
          </dep>
          <dep type="mark">
            <governor idx="25">watch</governor>
            <dependent idx="24">to</dependent>
          </dep>
          <dep type="xcomp">
            <governor idx="22">required</governor>
            <dependent idx="25">watch</dependent>
          </dep>
          <dep type="det">
            <governor idx="27">set</governor>
            <dependent idx="26">a</dependent>
          </dep>
          <dep type="dobj">
            <governor idx="25">watch</governor>
            <dependent idx="27">set</dependent>
          </dep>
          <dep type="case">
            <governor idx="29">videos</governor>
            <dependent idx="28">of</dependent>
          </dep>
          <dep type="nmod:of">
            <governor idx="27">set</governor>
            <dependent idx="29">videos</dependent>
          </dep>
          <dep type="cc">
            <governor idx="25">watch</governor>
            <dependent idx="30">and</dependent>
          </dep>
          <dep type="xcomp" extra="true">
            <governor idx="22">required</governor>
            <dependent idx="31">complete</dependent>
          </dep>
          <dep type="conj:and">
            <governor idx="25">watch</governor>
            <dependent idx="31">complete</dependent>
          </dep>
          <dep type="det">
            <governor idx="34">exam</governor>
            <dependent idx="32">a</dependent>
          </dep>
          <dep type="amod">
            <governor idx="34">exam</governor>
            <dependent idx="33">small</dependent>
          </dep>
          <dep type="dobj">
            <governor idx="31">complete</governor>
            <dependent idx="34">exam</dependent>
          </dep>
          <dep type="case">
            <governor idx="37">risks</governor>
            <dependent idx="35">about</dependent>
          </dep>
          <dep type="det">
            <governor idx="37">risks</governor>
            <dependent idx="36">the</dependent>
          </dep>
          <dep type="nmod:about">
            <governor idx="34">exam</governor>
            <dependent idx="37">risks</dependent>
          </dep>
          <dep type="case">
            <governor idx="40">discharge</governor>
            <dependent idx="38">of</dependent>
          </dep>
          <dep type="amod">
            <governor idx="40">discharge</governor>
            <dependent idx="39">electrostatic</dependent>
          </dep>
          <dep type="nmod:of">
            <governor idx="37">risks</governor>
            <dependent idx="40">discharge</dependent>
          </dep>
          <dep type="case">
            <governor idx="42">equipment</governor>
            <dependent idx="41">on</dependent>
          </dep>
          <dep type="nmod:on">
            <governor idx="31">complete</governor>
            <dependent idx="42">equipment</dependent>
          </dep>
          <dep type="punct">
            <governor idx="7">end</governor>
            <dependent idx="43">.</dependent>
          </dep>
        </dependencies>
      </sentence>
      <sentence id="160">
        <tokens>
          <token id="1">
            <word>Throughout</word>
            <lemma>throughout</lemma>
            <CharacterOffsetBegin>18178</CharacterOffsetBegin>
            <CharacterOffsetEnd>18188</CharacterOffsetEnd>
            <POS>IN</POS>
            <NER>O</NER>
            <Speaker>PER0</Speaker>
          </token>
          <token id="2">
            <word>these</word>
            <lemma>these</lemma>
            <CharacterOffsetBegin>18189</CharacterOffsetBegin>
            <CharacterOffsetEnd>18194</CharacterOffsetEnd>
            <POS>DT</POS>
            <NER>O</NER>
            <Speaker>PER0</Speaker>
          </token>
          <token id="3">
            <word>few</word>
            <lemma>few</lemma>
            <CharacterOffsetBegin>18195</CharacterOffsetBegin>
            <CharacterOffsetEnd>18198</CharacterOffsetEnd>
            <POS>JJ</POS>
            <NER>DURATION</NER>
            <NormalizedNER>PXW</NormalizedNER>
            <Speaker>PER0</Speaker>
            <Timex tid="t30" type="DURATION">PXW</Timex>
          </token>
          <token id="4">
            <word>weeks</word>
            <lemma>week</lemma>
            <CharacterOffsetBegin>18199</CharacterOffsetBegin>
            <CharacterOffsetEnd>18204</CharacterOffsetEnd>
            <POS>NNS</POS>
            <NER>DURATION</NER>
            <NormalizedNER>PXW</NormalizedNER>
            <Speaker>PER0</Speaker>
            <Timex tid="t30" type="DURATION">PXW</Timex>
          </token>
          <token id="5">
            <word>I</word>
            <lemma>I</lemma>
            <CharacterOffsetBegin>18205</CharacterOffsetBegin>
            <CharacterOffsetEnd>18206</CharacterOffsetEnd>
            <POS>PRP</POS>
            <NER>O</NER>
            <Speaker>PER0</Speaker>
          </token>
          <token id="6">
            <word>have</word>
            <lemma>have</lemma>
            <CharacterOffsetBegin>18207</CharacterOffsetBegin>
            <CharacterOffsetEnd>18211</CharacterOffsetEnd>
            <POS>VBP</POS>
            <NER>O</NER>
            <Speaker>PER0</Speaker>
          </token>
          <token id="7">
            <word>been</word>
            <lemma>be</lemma>
            <CharacterOffsetBegin>18212</CharacterOffsetBegin>
            <CharacterOffsetEnd>18216</CharacterOffsetEnd>
            <POS>VBN</POS>
            <NER>O</NER>
            <Speaker>PER0</Speaker>
          </token>
          <token id="8">
            <word>very</word>
            <lemma>very</lemma>
            <CharacterOffsetBegin>18217</CharacterOffsetBegin>
            <CharacterOffsetEnd>18221</CharacterOffsetEnd>
            <POS>RB</POS>
            <NER>O</NER>
            <Speaker>PER0</Speaker>
          </token>
          <token id="9">
            <word>interested</word>
            <lemma>interested</lemma>
            <CharacterOffsetBegin>18222</CharacterOffsetBegin>
            <CharacterOffsetEnd>18232</CharacterOffsetEnd>
            <POS>JJ</POS>
            <NER>O</NER>
            <Speaker>PER0</Speaker>
          </token>
          <token id="10">
            <word>in</word>
            <lemma>in</lemma>
            <CharacterOffsetBegin>18233</CharacterOffsetBegin>
            <CharacterOffsetEnd>18235</CharacterOffsetEnd>
            <POS>IN</POS>
            <NER>O</NER>
            <Speaker>PER0</Speaker>
          </token>
          <token id="11">
            <word>understanding</word>
            <lemma>understand</lemma>
            <CharacterOffsetBegin>18236</CharacterOffsetBegin>
            <CharacterOffsetEnd>18249</CharacterOffsetEnd>
            <POS>VBG</POS>
            <NER>O</NER>
            <Speaker>PER0</Speaker>
          </token>
          <token id="12">
            <word>what</word>
            <lemma>what</lemma>
            <CharacterOffsetBegin>18250</CharacterOffsetBegin>
            <CharacterOffsetEnd>18254</CharacterOffsetEnd>
            <POS>WP</POS>
            <NER>O</NER>
            <Speaker>PER0</Speaker>
          </token>
          <token id="13">
            <word>things</word>
            <lemma>thing</lemma>
            <CharacterOffsetBegin>18255</CharacterOffsetBegin>
            <CharacterOffsetEnd>18261</CharacterOffsetEnd>
            <POS>NNS</POS>
            <NER>O</NER>
            <Speaker>PER0</Speaker>
          </token>
          <token id="14">
            <word>were</word>
            <lemma>be</lemma>
            <CharacterOffsetBegin>18262</CharacterOffsetBegin>
            <CharacterOffsetEnd>18266</CharacterOffsetEnd>
            <POS>VBD</POS>
            <NER>O</NER>
            <Speaker>PER0</Speaker>
          </token>
          <token id="15">
            <word>,</word>
            <lemma>,</lemma>
            <CharacterOffsetBegin>18266</CharacterOffsetBegin>
            <CharacterOffsetEnd>18267</CharacterOffsetEnd>
            <POS>,</POS>
            <NER>O</NER>
            <Speaker>PER0</Speaker>
          </token>
          <token id="16">
            <word>how</word>
            <lemma>how</lemma>
            <CharacterOffsetBegin>18268</CharacterOffsetBegin>
            <CharacterOffsetEnd>18271</CharacterOffsetEnd>
            <POS>WRB</POS>
            <NER>O</NER>
            <Speaker>PER0</Speaker>
          </token>
          <token id="17">
            <word>they</word>
            <lemma>they</lemma>
            <CharacterOffsetBegin>18272</CharacterOffsetBegin>
            <CharacterOffsetEnd>18276</CharacterOffsetEnd>
            <POS>PRP</POS>
            <NER>O</NER>
            <Speaker>PER0</Speaker>
          </token>
          <token id="18">
            <word>worked</word>
            <lemma>work</lemma>
            <CharacterOffsetBegin>18277</CharacterOffsetBegin>
            <CharacterOffsetEnd>18283</CharacterOffsetEnd>
            <POS>VBD</POS>
            <NER>O</NER>
            <Speaker>PER0</Speaker>
          </token>
          <token id="19">
            <word>,</word>
            <lemma>,</lemma>
            <CharacterOffsetBegin>18283</CharacterOffsetBegin>
            <CharacterOffsetEnd>18284</CharacterOffsetEnd>
            <POS>,</POS>
            <NER>O</NER>
            <Speaker>PER0</Speaker>
          </token>
          <token id="20">
            <word>where</word>
            <lemma>where</lemma>
            <CharacterOffsetBegin>18285</CharacterOffsetBegin>
            <CharacterOffsetEnd>18290</CharacterOffsetEnd>
            <POS>WRB</POS>
            <NER>O</NER>
            <Speaker>PER0</Speaker>
          </token>
          <token id="21">
            <word>and</word>
            <lemma>and</lemma>
            <CharacterOffsetBegin>18291</CharacterOffsetBegin>
            <CharacterOffsetEnd>18294</CharacterOffsetEnd>
            <POS>CC</POS>
            <NER>O</NER>
            <Speaker>PER0</Speaker>
          </token>
          <token id="22">
            <word>why</word>
            <lemma>why</lemma>
            <CharacterOffsetBegin>18295</CharacterOffsetBegin>
            <CharacterOffsetEnd>18298</CharacterOffsetEnd>
            <POS>WRB</POS>
            <NER>O</NER>
            <Speaker>PER0</Speaker>
          </token>
          <token id="23">
            <word>the</word>
            <lemma>the</lemma>
            <CharacterOffsetBegin>18299</CharacterOffsetBegin>
            <CharacterOffsetEnd>18302</CharacterOffsetEnd>
            <POS>DT</POS>
            <NER>O</NER>
            <Speaker>PER0</Speaker>
          </token>
          <token id="24">
            <word>equipment</word>
            <lemma>equipment</lemma>
            <CharacterOffsetBegin>18303</CharacterOffsetBegin>
            <CharacterOffsetEnd>18312</CharacterOffsetEnd>
            <POS>NN</POS>
            <NER>O</NER>
            <Speaker>PER0</Speaker>
          </token>
          <token id="25">
            <word>was</word>
            <lemma>be</lemma>
            <CharacterOffsetBegin>18313</CharacterOffsetBegin>
            <CharacterOffsetEnd>18316</CharacterOffsetEnd>
            <POS>VBD</POS>
            <NER>O</NER>
            <Speaker>PER0</Speaker>
          </token>
          <token id="26">
            <word>used</word>
            <lemma>use</lemma>
            <CharacterOffsetBegin>18317</CharacterOffsetBegin>
            <CharacterOffsetEnd>18321</CharacterOffsetEnd>
            <POS>VBN</POS>
            <NER>O</NER>
            <Speaker>PER0</Speaker>
          </token>
          <token id="27">
            <word>etc.</word>
            <lemma>etc.</lemma>
            <CharacterOffsetBegin>18322</CharacterOffsetBegin>
            <CharacterOffsetEnd>18326</CharacterOffsetEnd>
            <POS>FW</POS>
            <NER>O</NER>
            <Speaker>PER0</Speaker>
          </token>
          <token id="28">
            <word>,</word>
            <lemma>,</lemma>
            <CharacterOffsetBegin>18326</CharacterOffsetBegin>
            <CharacterOffsetEnd>18327</CharacterOffsetEnd>
            <POS>,</POS>
            <NER>O</NER>
            <Speaker>PER0</Speaker>
          </token>
          <token id="29">
            <word>however</word>
            <lemma>however</lemma>
            <CharacterOffsetBegin>18328</CharacterOffsetBegin>
            <CharacterOffsetEnd>18335</CharacterOffsetEnd>
            <POS>RB</POS>
            <NER>O</NER>
            <Speaker>PER0</Speaker>
          </token>
          <token id="30">
            <word>I</word>
            <lemma>I</lemma>
            <CharacterOffsetBegin>18336</CharacterOffsetBegin>
            <CharacterOffsetEnd>18337</CharacterOffsetEnd>
            <POS>PRP</POS>
            <NER>O</NER>
            <Speaker>PER0</Speaker>
          </token>
          <token id="31">
            <word>had</word>
            <lemma>have</lemma>
            <CharacterOffsetBegin>18338</CharacterOffsetBegin>
            <CharacterOffsetEnd>18341</CharacterOffsetEnd>
            <POS>VBD</POS>
            <NER>O</NER>
            <Speaker>PER0</Speaker>
          </token>
          <token id="32">
            <word>not</word>
            <lemma>not</lemma>
            <CharacterOffsetBegin>18342</CharacterOffsetBegin>
            <CharacterOffsetEnd>18345</CharacterOffsetEnd>
            <POS>RB</POS>
            <NER>O</NER>
            <Speaker>PER0</Speaker>
          </token>
          <token id="33">
            <word>been</word>
            <lemma>be</lemma>
            <CharacterOffsetBegin>18346</CharacterOffsetBegin>
            <CharacterOffsetEnd>18350</CharacterOffsetEnd>
            <POS>VBN</POS>
            <NER>O</NER>
            <Speaker>PER0</Speaker>
          </token>
          <token id="34">
            <word>nearly</word>
            <lemma>nearly</lemma>
            <CharacterOffsetBegin>18351</CharacterOffsetBegin>
            <CharacterOffsetEnd>18357</CharacterOffsetEnd>
            <POS>RB</POS>
            <NER>O</NER>
            <Speaker>PER0</Speaker>
          </token>
          <token id="35">
            <word>as</word>
            <lemma>as</lemma>
            <CharacterOffsetBegin>18358</CharacterOffsetBegin>
            <CharacterOffsetEnd>18360</CharacterOffsetEnd>
            <POS>RB</POS>
            <NER>O</NER>
            <Speaker>PER0</Speaker>
          </token>
          <token id="36">
            <word>interested</word>
            <lemma>interested</lemma>
            <CharacterOffsetBegin>18361</CharacterOffsetBegin>
            <CharacterOffsetEnd>18371</CharacterOffsetEnd>
            <POS>JJ</POS>
            <NER>O</NER>
            <Speaker>PER0</Speaker>
          </token>
          <token id="37">
            <word>in</word>
            <lemma>in</lemma>
            <CharacterOffsetBegin>18372</CharacterOffsetBegin>
            <CharacterOffsetEnd>18374</CharacterOffsetEnd>
            <POS>IN</POS>
            <NER>O</NER>
            <Speaker>PER0</Speaker>
          </token>
          <token id="38">
            <word>understanding</word>
            <lemma>understand</lemma>
            <CharacterOffsetBegin>18375</CharacterOffsetBegin>
            <CharacterOffsetEnd>18388</CharacterOffsetEnd>
            <POS>VBG</POS>
            <NER>O</NER>
            <Speaker>PER0</Speaker>
          </token>
          <token id="39">
            <word>the</word>
            <lemma>the</lemma>
            <CharacterOffsetBegin>18389</CharacterOffsetBegin>
            <CharacterOffsetEnd>18392</CharacterOffsetEnd>
            <POS>DT</POS>
            <NER>O</NER>
            <Speaker>PER0</Speaker>
          </token>
          <token id="40">
            <word>personal</word>
            <lemma>personal</lemma>
            <CharacterOffsetBegin>18393</CharacterOffsetBegin>
            <CharacterOffsetEnd>18401</CharacterOffsetEnd>
            <POS>JJ</POS>
            <NER>O</NER>
            <Speaker>PER0</Speaker>
          </token>
          <token id="41">
            <word>safety</word>
            <lemma>safety</lemma>
            <CharacterOffsetBegin>18402</CharacterOffsetBegin>
            <CharacterOffsetEnd>18408</CharacterOffsetEnd>
            <POS>NN</POS>
            <NER>O</NER>
            <Speaker>PER0</Speaker>
          </token>
          <token id="42">
            <word>factors</word>
            <lemma>factor</lemma>
            <CharacterOffsetBegin>18409</CharacterOffsetBegin>
            <CharacterOffsetEnd>18416</CharacterOffsetEnd>
            <POS>NNS</POS>
            <NER>O</NER>
            <Speaker>PER0</Speaker>
          </token>
          <token id="43">
            <word>when</word>
            <lemma>when</lemma>
            <CharacterOffsetBegin>18417</CharacterOffsetBegin>
            <CharacterOffsetEnd>18421</CharacterOffsetEnd>
            <POS>WRB</POS>
            <NER>O</NER>
            <Speaker>PER0</Speaker>
          </token>
          <token id="44">
            <word>dealing</word>
            <lemma>deal</lemma>
            <CharacterOffsetBegin>18422</CharacterOffsetBegin>
            <CharacterOffsetEnd>18429</CharacterOffsetEnd>
            <POS>VBG</POS>
            <NER>O</NER>
            <Speaker>PER0</Speaker>
          </token>
          <token id="45">
            <word>with</word>
            <lemma>with</lemma>
            <CharacterOffsetBegin>18430</CharacterOffsetBegin>
            <CharacterOffsetEnd>18434</CharacterOffsetEnd>
            <POS>IN</POS>
            <NER>O</NER>
            <Speaker>PER0</Speaker>
          </token>
          <token id="46">
            <word>equipment</word>
            <lemma>equipment</lemma>
            <CharacterOffsetBegin>18435</CharacterOffsetBegin>
            <CharacterOffsetEnd>18444</CharacterOffsetEnd>
            <POS>NN</POS>
            <NER>O</NER>
            <Speaker>PER0</Speaker>
          </token>
          <token id="47">
            <word>.</word>
            <lemma>.</lemma>
            <CharacterOffsetBegin>18444</CharacterOffsetBegin>
            <CharacterOffsetEnd>18445</CharacterOffsetEnd>
            <POS>.</POS>
            <NER>O</NER>
            <Speaker>PER0</Speaker>
          </token>
        </tokens>
        <parse>(ROOT (S (S (PP (IN Throughout) (NP (DT these) (JJ few) (NNS weeks))) (NP (PRP I)) (VP (VBP have) (VP (VBN been) (ADJP (RB very) (JJ interested) (PP (IN in) (S (VP (VBG understanding) (SBAR (WHNP (WP what)) (S (NP (NNS things)) (VP (VP (VBD were)) (, ,) (SBAR (WHADVP (WRB how)) (S (NP (PRP they)) (VP (VBD worked))))))))))) (, ,) (SBAR (WHADVP (WRB where) (CC and) (WRB why)) (S (NP (DT the) (NN equipment)) (VP (VBD was) (VP (VBN used) (NP (FW etc.))))))))) (, ,) (ADVP (RB however)) (S (NP (PRP I)) (VP (VBD had) (RB not) (VP (VBN been) (ADJP (ADJP (RB nearly) (RB as) (JJ interested)) (PP (IN in) (S (VP (VBG understanding) (NP (DT the) (JJ personal) (NN safety) (NNS factors)))))) (SBAR (WHADVP (WRB when)) (S (VP (VBG dealing) (PP (IN with) (NP (NN equipment))))))))) (. .))) </parse>
        <dependencies type="basic-dependencies">
          <dep type="root">
            <governor idx="0">ROOT</governor>
            <dependent idx="9">interested</dependent>
          </dep>
          <dep type="case">
            <governor idx="4">weeks</governor>
            <dependent idx="1">Throughout</dependent>
          </dep>
          <dep type="det">
            <governor idx="4">weeks</governor>
            <dependent idx="2">these</dependent>
          </dep>
          <dep type="amod">
            <governor idx="4">weeks</governor>
            <dependent idx="3">few</dependent>
          </dep>
          <dep type="nmod">
            <governor idx="9">interested</governor>
            <dependent idx="4">weeks</dependent>
          </dep>
          <dep type="nsubj">
            <governor idx="9">interested</governor>
            <dependent idx="5">I</dependent>
          </dep>
          <dep type="aux">
            <governor idx="9">interested</governor>
            <dependent idx="6">have</dependent>
          </dep>
          <dep type="cop">
            <governor idx="9">interested</governor>
            <dependent idx="7">been</dependent>
          </dep>
          <dep type="advmod">
            <governor idx="9">interested</governor>
            <dependent idx="8">very</dependent>
          </dep>
          <dep type="mark">
            <governor idx="11">understanding</governor>
            <dependent idx="10">in</dependent>
          </dep>
          <dep type="advcl">
            <governor idx="9">interested</governor>
            <dependent idx="11">understanding</dependent>
          </dep>
          <dep type="dobj">
            <governor idx="14">were</governor>
            <dependent idx="12">what</dependent>
          </dep>
          <dep type="nsubj">
            <governor idx="14">were</governor>
            <dependent idx="13">things</dependent>
          </dep>
          <dep type="ccomp">
            <governor idx="11">understanding</governor>
            <dependent idx="14">were</dependent>
          </dep>
          <dep type="punct">
            <governor idx="14">were</governor>
            <dependent idx="15">,</dependent>
          </dep>
          <dep type="advmod">
            <governor idx="18">worked</governor>
            <dependent idx="16">how</dependent>
          </dep>
          <dep type="nsubj">
            <governor idx="18">worked</governor>
            <dependent idx="17">they</dependent>
          </dep>
          <dep type="ccomp">
            <governor idx="14">were</governor>
            <dependent idx="18">worked</dependent>
          </dep>
          <dep type="punct">
            <governor idx="9">interested</governor>
            <dependent idx="19">,</dependent>
          </dep>
          <dep type="advmod">
            <governor idx="26">used</governor>
            <dependent idx="20">where</dependent>
          </dep>
          <dep type="cc">
            <governor idx="20">where</governor>
            <dependent idx="21">and</dependent>
          </dep>
          <dep type="dep">
            <governor idx="20">where</governor>
            <dependent idx="22">why</dependent>
          </dep>
          <dep type="det">
            <governor idx="24">equipment</governor>
            <dependent idx="23">the</dependent>
          </dep>
          <dep type="nsubjpass">
            <governor idx="26">used</governor>
            <dependent idx="24">equipment</dependent>
          </dep>
          <dep type="auxpass">
            <governor idx="26">used</governor>
            <dependent idx="25">was</dependent>
          </dep>
          <dep type="advcl">
            <governor idx="9">interested</governor>
            <dependent idx="26">used</dependent>
          </dep>
          <dep type="dobj">
            <governor idx="26">used</governor>
            <dependent idx="27">etc.</dependent>
          </dep>
          <dep type="punct">
            <governor idx="9">interested</governor>
            <dependent idx="28">,</dependent>
          </dep>
          <dep type="advmod">
            <governor idx="36">interested</governor>
            <dependent idx="29">however</dependent>
          </dep>
          <dep type="nsubj">
            <governor idx="36">interested</governor>
            <dependent idx="30">I</dependent>
          </dep>
          <dep type="aux">
            <governor idx="36">interested</governor>
            <dependent idx="31">had</dependent>
          </dep>
          <dep type="neg">
            <governor idx="36">interested</governor>
            <dependent idx="32">not</dependent>
          </dep>
          <dep type="cop">
            <governor idx="36">interested</governor>
            <dependent idx="33">been</dependent>
          </dep>
          <dep type="advmod">
            <governor idx="36">interested</governor>
            <dependent idx="34">nearly</dependent>
          </dep>
          <dep type="advmod">
            <governor idx="36">interested</governor>
            <dependent idx="35">as</dependent>
          </dep>
          <dep type="parataxis">
            <governor idx="9">interested</governor>
            <dependent idx="36">interested</dependent>
          </dep>
          <dep type="mark">
            <governor idx="38">understanding</governor>
            <dependent idx="37">in</dependent>
          </dep>
          <dep type="advcl">
            <governor idx="36">interested</governor>
            <dependent idx="38">understanding</dependent>
          </dep>
          <dep type="det">
            <governor idx="42">factors</governor>
            <dependent idx="39">the</dependent>
          </dep>
          <dep type="amod">
            <governor idx="42">factors</governor>
            <dependent idx="40">personal</dependent>
          </dep>
          <dep type="compound">
            <governor idx="42">factors</governor>
            <dependent idx="41">safety</dependent>
          </dep>
          <dep type="dobj">
            <governor idx="38">understanding</governor>
            <dependent idx="42">factors</dependent>
          </dep>
          <dep type="advmod">
            <governor idx="44">dealing</governor>
            <dependent idx="43">when</dependent>
          </dep>
          <dep type="advcl">
            <governor idx="36">interested</governor>
            <dependent idx="44">dealing</dependent>
          </dep>
          <dep type="case">
            <governor idx="46">equipment</governor>
            <dependent idx="45">with</dependent>
          </dep>
          <dep type="nmod">
            <governor idx="44">dealing</governor>
            <dependent idx="46">equipment</dependent>
          </dep>
          <dep type="punct">
            <governor idx="9">interested</governor>
            <dependent idx="47">.</dependent>
          </dep>
        </dependencies>
        <dependencies type="collapsed-dependencies">
          <dep type="root">
            <governor idx="0">ROOT</governor>
            <dependent idx="9">interested</dependent>
          </dep>
          <dep type="case">
            <governor idx="4">weeks</governor>
            <dependent idx="1">Throughout</dependent>
          </dep>
          <dep type="det">
            <governor idx="4">weeks</governor>
            <dependent idx="2">these</dependent>
          </dep>
          <dep type="amod">
            <governor idx="4">weeks</governor>
            <dependent idx="3">few</dependent>
          </dep>
          <dep type="nmod:throughout">
            <governor idx="9">interested</governor>
            <dependent idx="4">weeks</dependent>
          </dep>
          <dep type="nsubj">
            <governor idx="9">interested</governor>
            <dependent idx="5">I</dependent>
          </dep>
          <dep type="aux">
            <governor idx="9">interested</governor>
            <dependent idx="6">have</dependent>
          </dep>
          <dep type="cop">
            <governor idx="9">interested</governor>
            <dependent idx="7">been</dependent>
          </dep>
          <dep type="advmod">
            <governor idx="9">interested</governor>
            <dependent idx="8">very</dependent>
          </dep>
          <dep type="mark">
            <governor idx="11">understanding</governor>
            <dependent idx="10">in</dependent>
          </dep>
          <dep type="advcl">
            <governor idx="9">interested</governor>
            <dependent idx="11">understanding</dependent>
          </dep>
          <dep type="dobj">
            <governor idx="14">were</governor>
            <dependent idx="12">what</dependent>
          </dep>
          <dep type="nsubj">
            <governor idx="14">were</governor>
            <dependent idx="13">things</dependent>
          </dep>
          <dep type="ccomp">
            <governor idx="11">understanding</governor>
            <dependent idx="14">were</dependent>
          </dep>
          <dep type="punct">
            <governor idx="14">were</governor>
            <dependent idx="15">,</dependent>
          </dep>
          <dep type="advmod">
            <governor idx="18">worked</governor>
            <dependent idx="16">how</dependent>
          </dep>
          <dep type="nsubj">
            <governor idx="18">worked</governor>
            <dependent idx="17">they</dependent>
          </dep>
          <dep type="ccomp">
            <governor idx="14">were</governor>
            <dependent idx="18">worked</dependent>
          </dep>
          <dep type="punct">
            <governor idx="9">interested</governor>
            <dependent idx="19">,</dependent>
          </dep>
          <dep type="advmod">
            <governor idx="26">used</governor>
            <dependent idx="20">where</dependent>
          </dep>
          <dep type="cc">
            <governor idx="20">where</governor>
            <dependent idx="21">and</dependent>
          </dep>
          <dep type="dep">
            <governor idx="20">where</governor>
            <dependent idx="22">why</dependent>
          </dep>
          <dep type="det">
            <governor idx="24">equipment</governor>
            <dependent idx="23">the</dependent>
          </dep>
          <dep type="nsubjpass">
            <governor idx="26">used</governor>
            <dependent idx="24">equipment</dependent>
          </dep>
          <dep type="auxpass">
            <governor idx="26">used</governor>
            <dependent idx="25">was</dependent>
          </dep>
          <dep type="advcl">
            <governor idx="9">interested</governor>
            <dependent idx="26">used</dependent>
          </dep>
          <dep type="dobj">
            <governor idx="26">used</governor>
            <dependent idx="27">etc.</dependent>
          </dep>
          <dep type="punct">
            <governor idx="9">interested</governor>
            <dependent idx="28">,</dependent>
          </dep>
          <dep type="advmod">
            <governor idx="36">interested</governor>
            <dependent idx="29">however</dependent>
          </dep>
          <dep type="nsubj">
            <governor idx="36">interested</governor>
            <dependent idx="30">I</dependent>
          </dep>
          <dep type="aux">
            <governor idx="36">interested</governor>
            <dependent idx="31">had</dependent>
          </dep>
          <dep type="neg">
            <governor idx="36">interested</governor>
            <dependent idx="32">not</dependent>
          </dep>
          <dep type="cop">
            <governor idx="36">interested</governor>
            <dependent idx="33">been</dependent>
          </dep>
          <dep type="advmod">
            <governor idx="36">interested</governor>
            <dependent idx="34">nearly</dependent>
          </dep>
          <dep type="advmod">
            <governor idx="36">interested</governor>
            <dependent idx="35">as</dependent>
          </dep>
          <dep type="parataxis">
            <governor idx="9">interested</governor>
            <dependent idx="36">interested</dependent>
          </dep>
          <dep type="mark">
            <governor idx="38">understanding</governor>
            <dependent idx="37">in</dependent>
          </dep>
          <dep type="advcl">
            <governor idx="36">interested</governor>
            <dependent idx="38">understanding</dependent>
          </dep>
          <dep type="det">
            <governor idx="42">factors</governor>
            <dependent idx="39">the</dependent>
          </dep>
          <dep type="amod">
            <governor idx="42">factors</governor>
            <dependent idx="40">personal</dependent>
          </dep>
          <dep type="compound">
            <governor idx="42">factors</governor>
            <dependent idx="41">safety</dependent>
          </dep>
          <dep type="dobj">
            <governor idx="38">understanding</governor>
            <dependent idx="42">factors</dependent>
          </dep>
          <dep type="advmod">
            <governor idx="44">dealing</governor>
            <dependent idx="43">when</dependent>
          </dep>
          <dep type="advcl">
            <governor idx="36">interested</governor>
            <dependent idx="44">dealing</dependent>
          </dep>
          <dep type="case">
            <governor idx="46">equipment</governor>
            <dependent idx="45">with</dependent>
          </dep>
          <dep type="nmod:with">
            <governor idx="44">dealing</governor>
            <dependent idx="46">equipment</dependent>
          </dep>
          <dep type="punct">
            <governor idx="9">interested</governor>
            <dependent idx="47">.</dependent>
          </dep>
        </dependencies>
        <dependencies type="collapsed-ccprocessed-dependencies">
          <dep type="root">
            <governor idx="0">ROOT</governor>
            <dependent idx="9">interested</dependent>
          </dep>
          <dep type="case">
            <governor idx="4">weeks</governor>
            <dependent idx="1">Throughout</dependent>
          </dep>
          <dep type="det">
            <governor idx="4">weeks</governor>
            <dependent idx="2">these</dependent>
          </dep>
          <dep type="amod">
            <governor idx="4">weeks</governor>
            <dependent idx="3">few</dependent>
          </dep>
          <dep type="nmod:throughout">
            <governor idx="9">interested</governor>
            <dependent idx="4">weeks</dependent>
          </dep>
          <dep type="nsubj">
            <governor idx="9">interested</governor>
            <dependent idx="5">I</dependent>
          </dep>
          <dep type="aux">
            <governor idx="9">interested</governor>
            <dependent idx="6">have</dependent>
          </dep>
          <dep type="cop">
            <governor idx="9">interested</governor>
            <dependent idx="7">been</dependent>
          </dep>
          <dep type="advmod">
            <governor idx="9">interested</governor>
            <dependent idx="8">very</dependent>
          </dep>
          <dep type="mark">
            <governor idx="11">understanding</governor>
            <dependent idx="10">in</dependent>
          </dep>
          <dep type="advcl">
            <governor idx="9">interested</governor>
            <dependent idx="11">understanding</dependent>
          </dep>
          <dep type="dobj">
            <governor idx="14">were</governor>
            <dependent idx="12">what</dependent>
          </dep>
          <dep type="nsubj">
            <governor idx="14">were</governor>
            <dependent idx="13">things</dependent>
          </dep>
          <dep type="ccomp">
            <governor idx="11">understanding</governor>
            <dependent idx="14">were</dependent>
          </dep>
          <dep type="punct">
            <governor idx="14">were</governor>
            <dependent idx="15">,</dependent>
          </dep>
          <dep type="advmod">
            <governor idx="18">worked</governor>
            <dependent idx="16">how</dependent>
          </dep>
          <dep type="nsubj">
            <governor idx="18">worked</governor>
            <dependent idx="17">they</dependent>
          </dep>
          <dep type="ccomp">
            <governor idx="14">were</governor>
            <dependent idx="18">worked</dependent>
          </dep>
          <dep type="punct">
            <governor idx="9">interested</governor>
            <dependent idx="19">,</dependent>
          </dep>
          <dep type="advmod">
            <governor idx="26">used</governor>
            <dependent idx="20">where</dependent>
          </dep>
          <dep type="cc">
            <governor idx="20">where</governor>
            <dependent idx="21">and</dependent>
          </dep>
          <dep type="dep">
            <governor idx="20">where</governor>
            <dependent idx="22">why</dependent>
          </dep>
          <dep type="det">
            <governor idx="24">equipment</governor>
            <dependent idx="23">the</dependent>
          </dep>
          <dep type="nsubjpass">
            <governor idx="26">used</governor>
            <dependent idx="24">equipment</dependent>
          </dep>
          <dep type="auxpass">
            <governor idx="26">used</governor>
            <dependent idx="25">was</dependent>
          </dep>
          <dep type="advcl">
            <governor idx="9">interested</governor>
            <dependent idx="26">used</dependent>
          </dep>
          <dep type="dobj">
            <governor idx="26">used</governor>
            <dependent idx="27">etc.</dependent>
          </dep>
          <dep type="punct">
            <governor idx="9">interested</governor>
            <dependent idx="28">,</dependent>
          </dep>
          <dep type="advmod">
            <governor idx="36">interested</governor>
            <dependent idx="29">however</dependent>
          </dep>
          <dep type="nsubj">
            <governor idx="36">interested</governor>
            <dependent idx="30">I</dependent>
          </dep>
          <dep type="aux">
            <governor idx="36">interested</governor>
            <dependent idx="31">had</dependent>
          </dep>
          <dep type="neg">
            <governor idx="36">interested</governor>
            <dependent idx="32">not</dependent>
          </dep>
          <dep type="cop">
            <governor idx="36">interested</governor>
            <dependent idx="33">been</dependent>
          </dep>
          <dep type="advmod">
            <governor idx="36">interested</governor>
            <dependent idx="34">nearly</dependent>
          </dep>
          <dep type="advmod">
            <governor idx="36">interested</governor>
            <dependent idx="35">as</dependent>
          </dep>
          <dep type="parataxis">
            <governor idx="9">interested</governor>
            <dependent idx="36">interested</dependent>
          </dep>
          <dep type="mark">
            <governor idx="38">understanding</governor>
            <dependent idx="37">in</dependent>
          </dep>
          <dep type="advcl">
            <governor idx="36">interested</governor>
            <dependent idx="38">understanding</dependent>
          </dep>
          <dep type="det">
            <governor idx="42">factors</governor>
            <dependent idx="39">the</dependent>
          </dep>
          <dep type="amod">
            <governor idx="42">factors</governor>
            <dependent idx="40">personal</dependent>
          </dep>
          <dep type="compound">
            <governor idx="42">factors</governor>
            <dependent idx="41">safety</dependent>
          </dep>
          <dep type="dobj">
            <governor idx="38">understanding</governor>
            <dependent idx="42">factors</dependent>
          </dep>
          <dep type="advmod">
            <governor idx="44">dealing</governor>
            <dependent idx="43">when</dependent>
          </dep>
          <dep type="advcl">
            <governor idx="36">interested</governor>
            <dependent idx="44">dealing</dependent>
          </dep>
          <dep type="case">
            <governor idx="46">equipment</governor>
            <dependent idx="45">with</dependent>
          </dep>
          <dep type="nmod:with">
            <governor idx="44">dealing</governor>
            <dependent idx="46">equipment</dependent>
          </dep>
          <dep type="punct">
            <governor idx="9">interested</governor>
            <dependent idx="47">.</dependent>
          </dep>
        </dependencies>
      </sentence>
      <sentence id="161">
        <tokens>
          <token id="1">
            <word>I</word>
            <lemma>I</lemma>
            <CharacterOffsetBegin>18446</CharacterOffsetBegin>
            <CharacterOffsetEnd>18447</CharacterOffsetEnd>
            <POS>PRP</POS>
            <NER>O</NER>
            <Speaker>PER0</Speaker>
          </token>
          <token id="2">
            <word>initially</word>
            <lemma>initially</lemma>
            <CharacterOffsetBegin>18448</CharacterOffsetBegin>
            <CharacterOffsetEnd>18457</CharacterOffsetEnd>
            <POS>RB</POS>
            <NER>O</NER>
            <Speaker>PER0</Speaker>
          </token>
          <token id="3">
            <word>thought</word>
            <lemma>think</lemma>
            <CharacterOffsetBegin>18458</CharacterOffsetBegin>
            <CharacterOffsetEnd>18465</CharacterOffsetEnd>
            <POS>VBD</POS>
            <NER>O</NER>
            <Speaker>PER0</Speaker>
          </token>
          <token id="4">
            <word>that</word>
            <lemma>that</lemma>
            <CharacterOffsetBegin>18466</CharacterOffsetBegin>
            <CharacterOffsetEnd>18470</CharacterOffsetEnd>
            <POS>IN</POS>
            <NER>O</NER>
            <Speaker>PER0</Speaker>
          </token>
          <token id="5">
            <word>doing</word>
            <lemma>do</lemma>
            <CharacterOffsetBegin>18471</CharacterOffsetBegin>
            <CharacterOffsetEnd>18476</CharacterOffsetEnd>
            <POS>VBG</POS>
            <NER>O</NER>
            <Speaker>PER0</Speaker>
          </token>
          <token id="6">
            <word>what</word>
            <lemma>what</lemma>
            <CharacterOffsetBegin>18477</CharacterOffsetBegin>
            <CharacterOffsetEnd>18481</CharacterOffsetEnd>
            <POS>WP</POS>
            <NER>O</NER>
            <Speaker>PER0</Speaker>
          </token>
          <token id="7">
            <word>I</word>
            <lemma>I</lemma>
            <CharacterOffsetBegin>18482</CharacterOffsetBegin>
            <CharacterOffsetEnd>18483</CharacterOffsetEnd>
            <POS>PRP</POS>
            <NER>O</NER>
            <Speaker>PER0</Speaker>
          </token>
          <token id="8">
            <word>was</word>
            <lemma>be</lemma>
            <CharacterOffsetBegin>18484</CharacterOffsetBegin>
            <CharacterOffsetEnd>18487</CharacterOffsetEnd>
            <POS>VBD</POS>
            <NER>O</NER>
            <Speaker>PER0</Speaker>
          </token>
          <token id="9">
            <word>told</word>
            <lemma>tell</lemma>
            <CharacterOffsetBegin>18488</CharacterOffsetBegin>
            <CharacterOffsetEnd>18492</CharacterOffsetEnd>
            <POS>VBN</POS>
            <NER>O</NER>
            <Speaker>PER0</Speaker>
          </token>
          <token id="10">
            <word>,</word>
            <lemma>,</lemma>
            <CharacterOffsetBegin>18492</CharacterOffsetBegin>
            <CharacterOffsetEnd>18493</CharacterOffsetEnd>
            <POS>,</POS>
            <NER>O</NER>
            <Speaker>PER0</Speaker>
          </token>
          <token id="11">
            <word>wearing</word>
            <lemma>wear</lemma>
            <CharacterOffsetBegin>18494</CharacterOffsetBegin>
            <CharacterOffsetEnd>18501</CharacterOffsetEnd>
            <POS>VBG</POS>
            <NER>O</NER>
            <Speaker>PER0</Speaker>
          </token>
          <token id="12">
            <word>the</word>
            <lemma>the</lemma>
            <CharacterOffsetBegin>18502</CharacterOffsetBegin>
            <CharacterOffsetEnd>18505</CharacterOffsetEnd>
            <POS>DT</POS>
            <NER>O</NER>
            <Speaker>PER0</Speaker>
          </token>
          <token id="13">
            <word>ESD</word>
            <lemma>esd</lemma>
            <CharacterOffsetBegin>18506</CharacterOffsetBegin>
            <CharacterOffsetEnd>18509</CharacterOffsetEnd>
            <POS>NN</POS>
            <NER>ORGANIZATION</NER>
            <Speaker>PER0</Speaker>
          </token>
          <token id="14">
            <word>strap</word>
            <lemma>strap</lemma>
            <CharacterOffsetBegin>18510</CharacterOffsetBegin>
            <CharacterOffsetEnd>18515</CharacterOffsetEnd>
            <POS>NN</POS>
            <NER>O</NER>
            <Speaker>PER0</Speaker>
          </token>
          <token id="15">
            <word>when</word>
            <lemma>when</lemma>
            <CharacterOffsetBegin>18516</CharacterOffsetBegin>
            <CharacterOffsetEnd>18520</CharacterOffsetEnd>
            <POS>WRB</POS>
            <NER>O</NER>
            <Speaker>PER0</Speaker>
          </token>
          <token id="16">
            <word>handling</word>
            <lemma>handle</lemma>
            <CharacterOffsetBegin>18521</CharacterOffsetBegin>
            <CharacterOffsetEnd>18529</CharacterOffsetEnd>
            <POS>VBG</POS>
            <NER>O</NER>
            <Speaker>PER0</Speaker>
          </token>
          <token id="17">
            <word>open</word>
            <lemma>open</lemma>
            <CharacterOffsetBegin>18530</CharacterOffsetBegin>
            <CharacterOffsetEnd>18534</CharacterOffsetEnd>
            <POS>JJ</POS>
            <NER>O</NER>
            <Speaker>PER0</Speaker>
          </token>
          <token id="18">
            <word>equipment</word>
            <lemma>equipment</lemma>
            <CharacterOffsetBegin>18535</CharacterOffsetBegin>
            <CharacterOffsetEnd>18544</CharacterOffsetEnd>
            <POS>NN</POS>
            <NER>O</NER>
            <Speaker>PER0</Speaker>
          </token>
          <token id="19">
            <word>,</word>
            <lemma>,</lemma>
            <CharacterOffsetBegin>18544</CharacterOffsetBegin>
            <CharacterOffsetEnd>18545</CharacterOffsetEnd>
            <POS>,</POS>
            <NER>O</NER>
            <Speaker>PER0</Speaker>
          </token>
          <token id="20">
            <word>was</word>
            <lemma>be</lemma>
            <CharacterOffsetBegin>18546</CharacterOffsetBegin>
            <CharacterOffsetEnd>18549</CharacterOffsetEnd>
            <POS>VBD</POS>
            <NER>O</NER>
            <Speaker>PER0</Speaker>
          </token>
          <token id="21">
            <word>all</word>
            <lemma>all</lemma>
            <CharacterOffsetBegin>18550</CharacterOffsetBegin>
            <CharacterOffsetEnd>18553</CharacterOffsetEnd>
            <POS>DT</POS>
            <NER>O</NER>
            <Speaker>PER0</Speaker>
          </token>
          <token id="22">
            <word>I</word>
            <lemma>I</lemma>
            <CharacterOffsetBegin>18554</CharacterOffsetBegin>
            <CharacterOffsetEnd>18555</CharacterOffsetEnd>
            <POS>PRP</POS>
            <NER>O</NER>
            <Speaker>PER0</Speaker>
          </token>
          <token id="23">
            <word>needed</word>
            <lemma>need</lemma>
            <CharacterOffsetBegin>18556</CharacterOffsetBegin>
            <CharacterOffsetEnd>18562</CharacterOffsetEnd>
            <POS>VBD</POS>
            <NER>O</NER>
            <Speaker>PER0</Speaker>
          </token>
          <token id="24">
            <word>to</word>
            <lemma>to</lemma>
            <CharacterOffsetBegin>18563</CharacterOffsetBegin>
            <CharacterOffsetEnd>18565</CharacterOffsetEnd>
            <POS>TO</POS>
            <NER>O</NER>
            <Speaker>PER0</Speaker>
          </token>
          <token id="25">
            <word>do</word>
            <lemma>do</lemma>
            <CharacterOffsetBegin>18566</CharacterOffsetBegin>
            <CharacterOffsetEnd>18568</CharacterOffsetEnd>
            <POS>VB</POS>
            <NER>O</NER>
            <Speaker>PER0</Speaker>
          </token>
          <token id="26">
            <word>to</word>
            <lemma>to</lemma>
            <CharacterOffsetBegin>18569</CharacterOffsetBegin>
            <CharacterOffsetEnd>18571</CharacterOffsetEnd>
            <POS>TO</POS>
            <NER>O</NER>
            <Speaker>PER0</Speaker>
          </token>
          <token id="27">
            <word>keep</word>
            <lemma>keep</lemma>
            <CharacterOffsetBegin>18572</CharacterOffsetBegin>
            <CharacterOffsetEnd>18576</CharacterOffsetEnd>
            <POS>VB</POS>
            <NER>O</NER>
            <Speaker>PER0</Speaker>
          </token>
          <token id="28">
            <word>myself</word>
            <lemma>myself</lemma>
            <CharacterOffsetBegin>18577</CharacterOffsetBegin>
            <CharacterOffsetEnd>18583</CharacterOffsetEnd>
            <POS>PRP</POS>
            <NER>O</NER>
            <Speaker>PER0</Speaker>
          </token>
          <token id="29">
            <word>safe</word>
            <lemma>safe</lemma>
            <CharacterOffsetBegin>18584</CharacterOffsetBegin>
            <CharacterOffsetEnd>18588</CharacterOffsetEnd>
            <POS>JJ</POS>
            <NER>O</NER>
            <Speaker>PER0</Speaker>
          </token>
          <token id="30">
            <word>.</word>
            <lemma>.</lemma>
            <CharacterOffsetBegin>18588</CharacterOffsetBegin>
            <CharacterOffsetEnd>18589</CharacterOffsetEnd>
            <POS>.</POS>
            <NER>O</NER>
            <Speaker>PER0</Speaker>
          </token>
        </tokens>
        <parse>(ROOT (S (NP (PRP I)) (ADVP (RB initially)) (VP (VBD thought) (SBAR (IN that) (S (S (VP (VBG doing) (SBAR (WHNP (WP what)) (S (NP (PRP I)) (VP (VBD was) (VP (VBN told))))))) (, ,) (S (VP (VBG wearing) (NP (DT the) (NN ESD) (NN strap)) (SBAR (WHADVP (WRB when)) (S (S (VP (VBG handling) (NP (JJ open) (NN equipment)))) (, ,) (VP (VBD was) (NP (NP (DT all)) (SBAR (S (NP (PRP I)) (VP (VBD needed) (S (VP (TO to) (VP (VB do) (S (VP (TO to) (VP (VB keep) (S (NP (PRP myself)) (ADJP (JJ safe))))))))))))))))))))) (. .))) </parse>
        <dependencies type="basic-dependencies">
          <dep type="root">
            <governor idx="0">ROOT</governor>
            <dependent idx="3">thought</dependent>
          </dep>
          <dep type="nsubj">
            <governor idx="3">thought</governor>
            <dependent idx="1">I</dependent>
          </dep>
          <dep type="advmod">
            <governor idx="3">thought</governor>
            <dependent idx="2">initially</dependent>
          </dep>
          <dep type="mark">
            <governor idx="5">doing</governor>
            <dependent idx="4">that</dependent>
          </dep>
          <dep type="ccomp">
            <governor idx="3">thought</governor>
            <dependent idx="5">doing</dependent>
          </dep>
          <dep type="dobj">
            <governor idx="9">told</governor>
            <dependent idx="6">what</dependent>
          </dep>
          <dep type="nsubjpass">
            <governor idx="9">told</governor>
            <dependent idx="7">I</dependent>
          </dep>
          <dep type="auxpass">
            <governor idx="9">told</governor>
            <dependent idx="8">was</dependent>
          </dep>
          <dep type="ccomp">
            <governor idx="5">doing</governor>
            <dependent idx="9">told</dependent>
          </dep>
          <dep type="punct">
            <governor idx="5">doing</governor>
            <dependent idx="10">,</dependent>
          </dep>
          <dep type="parataxis">
            <governor idx="5">doing</governor>
            <dependent idx="11">wearing</dependent>
          </dep>
          <dep type="det">
            <governor idx="14">strap</governor>
            <dependent idx="12">the</dependent>
          </dep>
          <dep type="compound">
            <governor idx="14">strap</governor>
            <dependent idx="13">ESD</dependent>
          </dep>
          <dep type="dobj">
            <governor idx="11">wearing</governor>
            <dependent idx="14">strap</dependent>
          </dep>
          <dep type="advmod">
            <governor idx="21">all</governor>
            <dependent idx="15">when</dependent>
          </dep>
          <dep type="dep">
            <governor idx="21">all</governor>
            <dependent idx="16">handling</dependent>
          </dep>
          <dep type="amod">
            <governor idx="18">equipment</governor>
            <dependent idx="17">open</dependent>
          </dep>
          <dep type="dobj">
            <governor idx="16">handling</governor>
            <dependent idx="18">equipment</dependent>
          </dep>
          <dep type="punct">
            <governor idx="21">all</governor>
            <dependent idx="19">,</dependent>
          </dep>
          <dep type="cop">
            <governor idx="21">all</governor>
            <dependent idx="20">was</dependent>
          </dep>
          <dep type="advcl">
            <governor idx="11">wearing</governor>
            <dependent idx="21">all</dependent>
          </dep>
          <dep type="nsubj">
            <governor idx="23">needed</governor>
            <dependent idx="22">I</dependent>
          </dep>
          <dep type="acl:relcl">
            <governor idx="21">all</governor>
            <dependent idx="23">needed</dependent>
          </dep>
          <dep type="mark">
            <governor idx="25">do</governor>
            <dependent idx="24">to</dependent>
          </dep>
          <dep type="xcomp">
            <governor idx="23">needed</governor>
            <dependent idx="25">do</dependent>
          </dep>
          <dep type="mark">
            <governor idx="27">keep</governor>
            <dependent idx="26">to</dependent>
          </dep>
          <dep type="xcomp">
            <governor idx="25">do</governor>
            <dependent idx="27">keep</dependent>
          </dep>
          <dep type="nsubj">
            <governor idx="29">safe</governor>
            <dependent idx="28">myself</dependent>
          </dep>
          <dep type="xcomp">
            <governor idx="27">keep</governor>
            <dependent idx="29">safe</dependent>
          </dep>
          <dep type="punct">
            <governor idx="3">thought</governor>
            <dependent idx="30">.</dependent>
          </dep>
        </dependencies>
        <dependencies type="collapsed-dependencies">
          <dep type="root">
            <governor idx="0">ROOT</governor>
            <dependent idx="3">thought</dependent>
          </dep>
          <dep type="nsubj">
            <governor idx="3">thought</governor>
            <dependent idx="1">I</dependent>
          </dep>
          <dep type="advmod">
            <governor idx="3">thought</governor>
            <dependent idx="2">initially</dependent>
          </dep>
          <dep type="mark">
            <governor idx="5">doing</governor>
            <dependent idx="4">that</dependent>
          </dep>
          <dep type="ccomp">
            <governor idx="3">thought</governor>
            <dependent idx="5">doing</dependent>
          </dep>
          <dep type="dobj">
            <governor idx="9">told</governor>
            <dependent idx="6">what</dependent>
          </dep>
          <dep type="nsubjpass">
            <governor idx="9">told</governor>
            <dependent idx="7">I</dependent>
          </dep>
          <dep type="auxpass">
            <governor idx="9">told</governor>
            <dependent idx="8">was</dependent>
          </dep>
          <dep type="ccomp">
            <governor idx="5">doing</governor>
            <dependent idx="9">told</dependent>
          </dep>
          <dep type="punct">
            <governor idx="5">doing</governor>
            <dependent idx="10">,</dependent>
          </dep>
          <dep type="parataxis">
            <governor idx="5">doing</governor>
            <dependent idx="11">wearing</dependent>
          </dep>
          <dep type="det">
            <governor idx="14">strap</governor>
            <dependent idx="12">the</dependent>
          </dep>
          <dep type="compound">
            <governor idx="14">strap</governor>
            <dependent idx="13">ESD</dependent>
          </dep>
          <dep type="dobj">
            <governor idx="11">wearing</governor>
            <dependent idx="14">strap</dependent>
          </dep>
          <dep type="advmod">
            <governor idx="21">all</governor>
            <dependent idx="15">when</dependent>
          </dep>
          <dep type="dep">
            <governor idx="21">all</governor>
            <dependent idx="16">handling</dependent>
          </dep>
          <dep type="amod">
            <governor idx="18">equipment</governor>
            <dependent idx="17">open</dependent>
          </dep>
          <dep type="dobj">
            <governor idx="16">handling</governor>
            <dependent idx="18">equipment</dependent>
          </dep>
          <dep type="punct">
            <governor idx="21">all</governor>
            <dependent idx="19">,</dependent>
          </dep>
          <dep type="cop">
            <governor idx="21">all</governor>
            <dependent idx="20">was</dependent>
          </dep>
          <dep type="advcl">
            <governor idx="11">wearing</governor>
            <dependent idx="21">all</dependent>
          </dep>
          <dep type="nsubj">
            <governor idx="23">needed</governor>
            <dependent idx="22">I</dependent>
          </dep>
          <dep type="acl:relcl">
            <governor idx="21">all</governor>
            <dependent idx="23">needed</dependent>
          </dep>
          <dep type="mark">
            <governor idx="25">do</governor>
            <dependent idx="24">to</dependent>
          </dep>
          <dep type="xcomp">
            <governor idx="23">needed</governor>
            <dependent idx="25">do</dependent>
          </dep>
          <dep type="mark">
            <governor idx="27">keep</governor>
            <dependent idx="26">to</dependent>
          </dep>
          <dep type="xcomp">
            <governor idx="25">do</governor>
            <dependent idx="27">keep</dependent>
          </dep>
          <dep type="nsubj">
            <governor idx="29">safe</governor>
            <dependent idx="28">myself</dependent>
          </dep>
          <dep type="xcomp">
            <governor idx="27">keep</governor>
            <dependent idx="29">safe</dependent>
          </dep>
          <dep type="punct">
            <governor idx="3">thought</governor>
            <dependent idx="30">.</dependent>
          </dep>
        </dependencies>
        <dependencies type="collapsed-ccprocessed-dependencies">
          <dep type="root">
            <governor idx="0">ROOT</governor>
            <dependent idx="3">thought</dependent>
          </dep>
          <dep type="nsubj">
            <governor idx="3">thought</governor>
            <dependent idx="1">I</dependent>
          </dep>
          <dep type="advmod">
            <governor idx="3">thought</governor>
            <dependent idx="2">initially</dependent>
          </dep>
          <dep type="mark">
            <governor idx="5">doing</governor>
            <dependent idx="4">that</dependent>
          </dep>
          <dep type="ccomp">
            <governor idx="3">thought</governor>
            <dependent idx="5">doing</dependent>
          </dep>
          <dep type="dobj">
            <governor idx="9">told</governor>
            <dependent idx="6">what</dependent>
          </dep>
          <dep type="nsubjpass">
            <governor idx="9">told</governor>
            <dependent idx="7">I</dependent>
          </dep>
          <dep type="auxpass">
            <governor idx="9">told</governor>
            <dependent idx="8">was</dependent>
          </dep>
          <dep type="ccomp">
            <governor idx="5">doing</governor>
            <dependent idx="9">told</dependent>
          </dep>
          <dep type="punct">
            <governor idx="5">doing</governor>
            <dependent idx="10">,</dependent>
          </dep>
          <dep type="parataxis">
            <governor idx="5">doing</governor>
            <dependent idx="11">wearing</dependent>
          </dep>
          <dep type="det">
            <governor idx="14">strap</governor>
            <dependent idx="12">the</dependent>
          </dep>
          <dep type="compound">
            <governor idx="14">strap</governor>
            <dependent idx="13">ESD</dependent>
          </dep>
          <dep type="dobj">
            <governor idx="11">wearing</governor>
            <dependent idx="14">strap</dependent>
          </dep>
          <dep type="advmod">
            <governor idx="21">all</governor>
            <dependent idx="15">when</dependent>
          </dep>
          <dep type="dep">
            <governor idx="21">all</governor>
            <dependent idx="16">handling</dependent>
          </dep>
          <dep type="amod">
            <governor idx="18">equipment</governor>
            <dependent idx="17">open</dependent>
          </dep>
          <dep type="dobj">
            <governor idx="16">handling</governor>
            <dependent idx="18">equipment</dependent>
          </dep>
          <dep type="punct">
            <governor idx="21">all</governor>
            <dependent idx="19">,</dependent>
          </dep>
          <dep type="cop">
            <governor idx="21">all</governor>
            <dependent idx="20">was</dependent>
          </dep>
          <dep type="advcl">
            <governor idx="11">wearing</governor>
            <dependent idx="21">all</dependent>
          </dep>
          <dep type="nsubj">
            <governor idx="23">needed</governor>
            <dependent idx="22">I</dependent>
          </dep>
          <dep type="acl:relcl">
            <governor idx="21">all</governor>
            <dependent idx="23">needed</dependent>
          </dep>
          <dep type="mark">
            <governor idx="25">do</governor>
            <dependent idx="24">to</dependent>
          </dep>
          <dep type="xcomp">
            <governor idx="23">needed</governor>
            <dependent idx="25">do</dependent>
          </dep>
          <dep type="mark">
            <governor idx="27">keep</governor>
            <dependent idx="26">to</dependent>
          </dep>
          <dep type="xcomp">
            <governor idx="25">do</governor>
            <dependent idx="27">keep</dependent>
          </dep>
          <dep type="nsubj">
            <governor idx="29">safe</governor>
            <dependent idx="28">myself</dependent>
          </dep>
          <dep type="xcomp">
            <governor idx="27">keep</governor>
            <dependent idx="29">safe</dependent>
          </dep>
          <dep type="punct">
            <governor idx="3">thought</governor>
            <dependent idx="30">.</dependent>
          </dep>
        </dependencies>
      </sentence>
      <sentence id="162">
        <tokens>
          <token id="1">
            <word>As</word>
            <lemma>as</lemma>
            <CharacterOffsetBegin>18590</CharacterOffsetBegin>
            <CharacterOffsetEnd>18592</CharacterOffsetEnd>
            <POS>IN</POS>
            <NER>O</NER>
            <Speaker>PER0</Speaker>
          </token>
          <token id="2">
            <word>a</word>
            <lemma>a</lemma>
            <CharacterOffsetBegin>18593</CharacterOffsetBegin>
            <CharacterOffsetEnd>18594</CharacterOffsetEnd>
            <POS>DT</POS>
            <NER>O</NER>
            <Speaker>PER0</Speaker>
          </token>
          <token id="3">
            <word>result</word>
            <lemma>result</lemma>
            <CharacterOffsetBegin>18595</CharacterOffsetBegin>
            <CharacterOffsetEnd>18601</CharacterOffsetEnd>
            <POS>NN</POS>
            <NER>O</NER>
            <Speaker>PER0</Speaker>
          </token>
          <token id="4">
            <word>,</word>
            <lemma>,</lemma>
            <CharacterOffsetBegin>18601</CharacterOffsetBegin>
            <CharacterOffsetEnd>18602</CharacterOffsetEnd>
            <POS>,</POS>
            <NER>O</NER>
            <Speaker>PER0</Speaker>
          </token>
          <token id="5">
            <word>when</word>
            <lemma>when</lemma>
            <CharacterOffsetBegin>18603</CharacterOffsetBegin>
            <CharacterOffsetEnd>18607</CharacterOffsetEnd>
            <POS>WRB</POS>
            <NER>O</NER>
            <Speaker>PER0</Speaker>
          </token>
          <token id="6">
            <word>I</word>
            <lemma>I</lemma>
            <CharacterOffsetBegin>18608</CharacterOffsetBegin>
            <CharacterOffsetEnd>18609</CharacterOffsetEnd>
            <POS>PRP</POS>
            <NER>O</NER>
            <Speaker>PER0</Speaker>
          </token>
          <token id="7">
            <word>felt</word>
            <lemma>feel</lemma>
            <CharacterOffsetBegin>18610</CharacterOffsetBegin>
            <CharacterOffsetEnd>18614</CharacterOffsetEnd>
            <POS>VBD</POS>
            <NER>O</NER>
            <Speaker>PER0</Speaker>
          </token>
          <token id="8">
            <word>`</word>
            <lemma>`</lemma>
            <CharacterOffsetBegin>18615</CharacterOffsetBegin>
            <CharacterOffsetEnd>18616</CharacterOffsetEnd>
            <POS>``</POS>
            <NER>O</NER>
            <Speaker>PER0</Speaker>
          </token>
          <token id="9">
            <word>safe</word>
            <lemma>safe</lemma>
            <CharacterOffsetBegin>18616</CharacterOffsetBegin>
            <CharacterOffsetEnd>18620</CharacterOffsetEnd>
            <POS>JJ</POS>
            <NER>O</NER>
            <Speaker>PER0</Speaker>
          </token>
          <token id="10">
            <word>'</word>
            <lemma>'</lemma>
            <CharacterOffsetBegin>18620</CharacterOffsetBegin>
            <CharacterOffsetEnd>18621</CharacterOffsetEnd>
            <POS>''</POS>
            <NER>O</NER>
            <Speaker>PER0</Speaker>
          </token>
          <token id="11">
            <word>around</word>
            <lemma>around</lemma>
            <CharacterOffsetBegin>18622</CharacterOffsetBegin>
            <CharacterOffsetEnd>18628</CharacterOffsetEnd>
            <POS>IN</POS>
            <NER>O</NER>
            <Speaker>PER0</Speaker>
          </token>
          <token id="12">
            <word>a</word>
            <lemma>a</lemma>
            <CharacterOffsetBegin>18629</CharacterOffsetBegin>
            <CharacterOffsetEnd>18630</CharacterOffsetEnd>
            <POS>DT</POS>
            <NER>O</NER>
            <Speaker>PER0</Speaker>
          </token>
          <token id="13">
            <word>harmless</word>
            <lemma>harmless</lemma>
            <CharacterOffsetBegin>18631</CharacterOffsetBegin>
            <CharacterOffsetEnd>18639</CharacterOffsetEnd>
            <POS>JJ</POS>
            <NER>O</NER>
            <Speaker>PER0</Speaker>
          </token>
          <token id="14">
            <word>circuit</word>
            <lemma>circuit</lemma>
            <CharacterOffsetBegin>18640</CharacterOffsetBegin>
            <CharacterOffsetEnd>18647</CharacterOffsetEnd>
            <POS>NN</POS>
            <NER>O</NER>
            <Speaker>PER0</Speaker>
          </token>
          <token id="15">
            <word>board</word>
            <lemma>board</lemma>
            <CharacterOffsetBegin>18648</CharacterOffsetBegin>
            <CharacterOffsetEnd>18653</CharacterOffsetEnd>
            <POS>NN</POS>
            <NER>O</NER>
            <Speaker>PER0</Speaker>
          </token>
          <token id="16">
            <word>,</word>
            <lemma>,</lemma>
            <CharacterOffsetBegin>18653</CharacterOffsetBegin>
            <CharacterOffsetEnd>18654</CharacterOffsetEnd>
            <POS>,</POS>
            <NER>O</NER>
            <Speaker>PER0</Speaker>
          </token>
          <token id="17">
            <word>I</word>
            <lemma>I</lemma>
            <CharacterOffsetBegin>18655</CharacterOffsetBegin>
            <CharacterOffsetEnd>18656</CharacterOffsetEnd>
            <POS>PRP</POS>
            <NER>O</NER>
            <Speaker>PER0</Speaker>
          </token>
          <token id="18">
            <word>would</word>
            <lemma>would</lemma>
            <CharacterOffsetBegin>18657</CharacterOffsetBegin>
            <CharacterOffsetEnd>18662</CharacterOffsetEnd>
            <POS>MD</POS>
            <NER>O</NER>
            <Speaker>PER0</Speaker>
          </token>
          <token id="19">
            <word>sometimes</word>
            <lemma>sometimes</lemma>
            <CharacterOffsetBegin>18663</CharacterOffsetBegin>
            <CharacterOffsetEnd>18672</CharacterOffsetEnd>
            <POS>RB</POS>
            <NER>O</NER>
            <Speaker>PER0</Speaker>
          </token>
          <token id="20">
            <word>neglect</word>
            <lemma>neglect</lemma>
            <CharacterOffsetBegin>18673</CharacterOffsetBegin>
            <CharacterOffsetEnd>18680</CharacterOffsetEnd>
            <POS>NN</POS>
            <NER>O</NER>
            <Speaker>PER0</Speaker>
          </token>
          <token id="21">
            <word>the</word>
            <lemma>the</lemma>
            <CharacterOffsetBegin>18681</CharacterOffsetBegin>
            <CharacterOffsetEnd>18684</CharacterOffsetEnd>
            <POS>DT</POS>
            <NER>O</NER>
            <Speaker>PER0</Speaker>
          </token>
          <token id="22">
            <word>strap</word>
            <lemma>strap</lemma>
            <CharacterOffsetBegin>18685</CharacterOffsetBegin>
            <CharacterOffsetEnd>18690</CharacterOffsetEnd>
            <POS>NN</POS>
            <NER>O</NER>
            <Speaker>PER0</Speaker>
          </token>
          <token id="23">
            <word>as</word>
            <lemma>as</lemma>
            <CharacterOffsetBegin>18691</CharacterOffsetBegin>
            <CharacterOffsetEnd>18693</CharacterOffsetEnd>
            <POS>IN</POS>
            <NER>O</NER>
            <Speaker>PER0</Speaker>
          </token>
          <token id="24">
            <word>I</word>
            <lemma>I</lemma>
            <CharacterOffsetBegin>18694</CharacterOffsetBegin>
            <CharacterOffsetEnd>18695</CharacterOffsetEnd>
            <POS>PRP</POS>
            <NER>O</NER>
            <Speaker>PER0</Speaker>
          </token>
          <token id="25">
            <word>did</word>
            <lemma>do</lemma>
            <CharacterOffsetBegin>18696</CharacterOffsetBegin>
            <CharacterOffsetEnd>18699</CharacterOffsetEnd>
            <POS>VBD</POS>
            <NER>O</NER>
            <Speaker>PER0</Speaker>
          </token>
          <token id="26">
            <word>n't</word>
            <lemma>not</lemma>
            <CharacterOffsetBegin>18699</CharacterOffsetBegin>
            <CharacterOffsetEnd>18702</CharacterOffsetEnd>
            <POS>RB</POS>
            <NER>O</NER>
            <Speaker>PER0</Speaker>
          </token>
          <token id="27">
            <word>see</word>
            <lemma>see</lemma>
            <CharacterOffsetBegin>18703</CharacterOffsetBegin>
            <CharacterOffsetEnd>18706</CharacterOffsetEnd>
            <POS>VB</POS>
            <NER>O</NER>
            <Speaker>PER0</Speaker>
          </token>
          <token id="28">
            <word>it</word>
            <lemma>it</lemma>
            <CharacterOffsetBegin>18707</CharacterOffsetBegin>
            <CharacterOffsetEnd>18709</CharacterOffsetEnd>
            <POS>PRP</POS>
            <NER>O</NER>
            <Speaker>PER0</Speaker>
          </token>
          <token id="29">
            <word>as</word>
            <lemma>as</lemma>
            <CharacterOffsetBegin>18710</CharacterOffsetBegin>
            <CharacterOffsetEnd>18712</CharacterOffsetEnd>
            <POS>IN</POS>
            <NER>O</NER>
            <Speaker>PER0</Speaker>
          </token>
          <token id="30">
            <word>a</word>
            <lemma>a</lemma>
            <CharacterOffsetBegin>18713</CharacterOffsetBegin>
            <CharacterOffsetEnd>18714</CharacterOffsetEnd>
            <POS>DT</POS>
            <NER>O</NER>
            <Speaker>PER0</Speaker>
          </token>
          <token id="31">
            <word>threat</word>
            <lemma>threat</lemma>
            <CharacterOffsetBegin>18715</CharacterOffsetBegin>
            <CharacterOffsetEnd>18721</CharacterOffsetEnd>
            <POS>NN</POS>
            <NER>O</NER>
            <Speaker>PER0</Speaker>
          </token>
          <token id="32">
            <word>to</word>
            <lemma>to</lemma>
            <CharacterOffsetBegin>18722</CharacterOffsetBegin>
            <CharacterOffsetEnd>18724</CharacterOffsetEnd>
            <POS>TO</POS>
            <NER>O</NER>
            <Speaker>PER0</Speaker>
          </token>
          <token id="33">
            <word>my</word>
            <lemma>my</lemma>
            <CharacterOffsetBegin>18725</CharacterOffsetBegin>
            <CharacterOffsetEnd>18727</CharacterOffsetEnd>
            <POS>PRP$</POS>
            <NER>O</NER>
            <Speaker>PER0</Speaker>
          </token>
          <token id="34">
            <word>safety</word>
            <lemma>safety</lemma>
            <CharacterOffsetBegin>18728</CharacterOffsetBegin>
            <CharacterOffsetEnd>18734</CharacterOffsetEnd>
            <POS>NN</POS>
            <NER>O</NER>
            <Speaker>PER0</Speaker>
          </token>
          <token id="35">
            <word>.</word>
            <lemma>.</lemma>
            <CharacterOffsetBegin>18734</CharacterOffsetBegin>
            <CharacterOffsetEnd>18735</CharacterOffsetEnd>
            <POS>.</POS>
            <NER>O</NER>
            <Speaker>PER0</Speaker>
          </token>
        </tokens>
        <parse>(ROOT (S (PP (IN As) (NP (DT a) (NN result))) (, ,) (SBAR (WHADVP (WRB when)) (S (NP (PRP I)) (VP (VBD felt) (ADJP (`` `) (JJ safe) ('' ') (PP (IN around) (NP (DT a) (ADJP (JJ harmless)) (NN circuit) (NN board))))))) (, ,) (NP (PRP I)) (VP (MD would) (VP (ADVP (RB sometimes)) (NP (NN neglect)) (SBAR (NP (DT the) (NN strap)) (IN as) (S (NP (PRP I)) (VP (VBD did) (RB n't) (VP (VB see) (NP (PRP it)) (PP (IN as) (NP (NP (DT a) (NN threat)) (PP (TO to) (NP (PRP$ my) (NN safety))))))))))) (. .))) </parse>
        <dependencies type="basic-dependencies">
          <dep type="root">
            <governor idx="0">ROOT</governor>
            <dependent idx="20">neglect</dependent>
          </dep>
          <dep type="case">
            <governor idx="3">result</governor>
            <dependent idx="1">As</dependent>
          </dep>
          <dep type="det">
            <governor idx="3">result</governor>
            <dependent idx="2">a</dependent>
          </dep>
          <dep type="nmod">
            <governor idx="20">neglect</governor>
            <dependent idx="3">result</dependent>
          </dep>
          <dep type="punct">
            <governor idx="20">neglect</governor>
            <dependent idx="4">,</dependent>
          </dep>
          <dep type="advmod">
            <governor idx="7">felt</governor>
            <dependent idx="5">when</dependent>
          </dep>
          <dep type="nsubj">
            <governor idx="7">felt</governor>
            <dependent idx="6">I</dependent>
          </dep>
          <dep type="advcl">
            <governor idx="20">neglect</governor>
            <dependent idx="7">felt</dependent>
          </dep>
          <dep type="punct">
            <governor idx="9">safe</governor>
            <dependent idx="8">`</dependent>
          </dep>
          <dep type="xcomp">
            <governor idx="7">felt</governor>
            <dependent idx="9">safe</dependent>
          </dep>
          <dep type="punct">
            <governor idx="9">safe</governor>
            <dependent idx="10">'</dependent>
          </dep>
          <dep type="case">
            <governor idx="15">board</governor>
            <dependent idx="11">around</dependent>
          </dep>
          <dep type="det">
            <governor idx="15">board</governor>
            <dependent idx="12">a</dependent>
          </dep>
          <dep type="amod">
            <governor idx="15">board</governor>
            <dependent idx="13">harmless</dependent>
          </dep>
          <dep type="compound">
            <governor idx="15">board</governor>
            <dependent idx="14">circuit</dependent>
          </dep>
          <dep type="nmod">
            <governor idx="9">safe</governor>
            <dependent idx="15">board</dependent>
          </dep>
          <dep type="punct">
            <governor idx="20">neglect</governor>
            <dependent idx="16">,</dependent>
          </dep>
          <dep type="nsubj">
            <governor idx="20">neglect</governor>
            <dependent idx="17">I</dependent>
          </dep>
          <dep type="aux">
            <governor idx="20">neglect</governor>
            <dependent idx="18">would</dependent>
          </dep>
          <dep type="advmod">
            <governor idx="20">neglect</governor>
            <dependent idx="19">sometimes</dependent>
          </dep>
          <dep type="det">
            <governor idx="22">strap</governor>
            <dependent idx="21">the</dependent>
          </dep>
          <dep type="dep">
            <governor idx="27">see</governor>
            <dependent idx="22">strap</dependent>
          </dep>
          <dep type="mark">
            <governor idx="27">see</governor>
            <dependent idx="23">as</dependent>
          </dep>
          <dep type="nsubj">
            <governor idx="27">see</governor>
            <dependent idx="24">I</dependent>
          </dep>
          <dep type="aux">
            <governor idx="27">see</governor>
            <dependent idx="25">did</dependent>
          </dep>
          <dep type="neg">
            <governor idx="27">see</governor>
            <dependent idx="26">n't</dependent>
          </dep>
          <dep type="advcl">
            <governor idx="20">neglect</governor>
            <dependent idx="27">see</dependent>
          </dep>
          <dep type="dobj">
            <governor idx="27">see</governor>
            <dependent idx="28">it</dependent>
          </dep>
          <dep type="case">
            <governor idx="31">threat</governor>
            <dependent idx="29">as</dependent>
          </dep>
          <dep type="det">
            <governor idx="31">threat</governor>
            <dependent idx="30">a</dependent>
          </dep>
          <dep type="nmod">
            <governor idx="27">see</governor>
            <dependent idx="31">threat</dependent>
          </dep>
          <dep type="case">
            <governor idx="34">safety</governor>
            <dependent idx="32">to</dependent>
          </dep>
          <dep type="nmod:poss">
            <governor idx="34">safety</governor>
            <dependent idx="33">my</dependent>
          </dep>
          <dep type="nmod">
            <governor idx="31">threat</governor>
            <dependent idx="34">safety</dependent>
          </dep>
          <dep type="punct">
            <governor idx="20">neglect</governor>
            <dependent idx="35">.</dependent>
          </dep>
        </dependencies>
        <dependencies type="collapsed-dependencies">
          <dep type="root">
            <governor idx="0">ROOT</governor>
            <dependent idx="20">neglect</dependent>
          </dep>
          <dep type="case">
            <governor idx="3">result</governor>
            <dependent idx="1">As</dependent>
          </dep>
          <dep type="det">
            <governor idx="3">result</governor>
            <dependent idx="2">a</dependent>
          </dep>
          <dep type="nmod:as">
            <governor idx="20">neglect</governor>
            <dependent idx="3">result</dependent>
          </dep>
          <dep type="punct">
            <governor idx="20">neglect</governor>
            <dependent idx="4">,</dependent>
          </dep>
          <dep type="advmod">
            <governor idx="7">felt</governor>
            <dependent idx="5">when</dependent>
          </dep>
          <dep type="nsubj">
            <governor idx="7">felt</governor>
            <dependent idx="6">I</dependent>
          </dep>
          <dep type="advcl">
            <governor idx="20">neglect</governor>
            <dependent idx="7">felt</dependent>
          </dep>
          <dep type="punct">
            <governor idx="9">safe</governor>
            <dependent idx="8">`</dependent>
          </dep>
          <dep type="xcomp">
            <governor idx="7">felt</governor>
            <dependent idx="9">safe</dependent>
          </dep>
          <dep type="punct">
            <governor idx="9">safe</governor>
            <dependent idx="10">'</dependent>
          </dep>
          <dep type="case">
            <governor idx="15">board</governor>
            <dependent idx="11">around</dependent>
          </dep>
          <dep type="det">
            <governor idx="15">board</governor>
            <dependent idx="12">a</dependent>
          </dep>
          <dep type="amod">
            <governor idx="15">board</governor>
            <dependent idx="13">harmless</dependent>
          </dep>
          <dep type="compound">
            <governor idx="15">board</governor>
            <dependent idx="14">circuit</dependent>
          </dep>
          <dep type="nmod:around">
            <governor idx="9">safe</governor>
            <dependent idx="15">board</dependent>
          </dep>
          <dep type="punct">
            <governor idx="20">neglect</governor>
            <dependent idx="16">,</dependent>
          </dep>
          <dep type="nsubj">
            <governor idx="20">neglect</governor>
            <dependent idx="17">I</dependent>
          </dep>
          <dep type="aux">
            <governor idx="20">neglect</governor>
            <dependent idx="18">would</dependent>
          </dep>
          <dep type="advmod">
            <governor idx="20">neglect</governor>
            <dependent idx="19">sometimes</dependent>
          </dep>
          <dep type="det">
            <governor idx="22">strap</governor>
            <dependent idx="21">the</dependent>
          </dep>
          <dep type="dep">
            <governor idx="27">see</governor>
            <dependent idx="22">strap</dependent>
          </dep>
          <dep type="mark">
            <governor idx="27">see</governor>
            <dependent idx="23">as</dependent>
          </dep>
          <dep type="nsubj">
            <governor idx="27">see</governor>
            <dependent idx="24">I</dependent>
          </dep>
          <dep type="aux">
            <governor idx="27">see</governor>
            <dependent idx="25">did</dependent>
          </dep>
          <dep type="neg">
            <governor idx="27">see</governor>
            <dependent idx="26">n't</dependent>
          </dep>
          <dep type="advcl">
            <governor idx="20">neglect</governor>
            <dependent idx="27">see</dependent>
          </dep>
          <dep type="dobj">
            <governor idx="27">see</governor>
            <dependent idx="28">it</dependent>
          </dep>
          <dep type="case">
            <governor idx="31">threat</governor>
            <dependent idx="29">as</dependent>
          </dep>
          <dep type="det">
            <governor idx="31">threat</governor>
            <dependent idx="30">a</dependent>
          </dep>
          <dep type="nmod:as">
            <governor idx="27">see</governor>
            <dependent idx="31">threat</dependent>
          </dep>
          <dep type="case">
            <governor idx="34">safety</governor>
            <dependent idx="32">to</dependent>
          </dep>
          <dep type="nmod:poss">
            <governor idx="34">safety</governor>
            <dependent idx="33">my</dependent>
          </dep>
          <dep type="nmod:to">
            <governor idx="31">threat</governor>
            <dependent idx="34">safety</dependent>
          </dep>
          <dep type="punct">
            <governor idx="20">neglect</governor>
            <dependent idx="35">.</dependent>
          </dep>
        </dependencies>
        <dependencies type="collapsed-ccprocessed-dependencies">
          <dep type="root">
            <governor idx="0">ROOT</governor>
            <dependent idx="20">neglect</dependent>
          </dep>
          <dep type="case">
            <governor idx="3">result</governor>
            <dependent idx="1">As</dependent>
          </dep>
          <dep type="det">
            <governor idx="3">result</governor>
            <dependent idx="2">a</dependent>
          </dep>
          <dep type="nmod:as">
            <governor idx="20">neglect</governor>
            <dependent idx="3">result</dependent>
          </dep>
          <dep type="punct">
            <governor idx="20">neglect</governor>
            <dependent idx="4">,</dependent>
          </dep>
          <dep type="advmod">
            <governor idx="7">felt</governor>
            <dependent idx="5">when</dependent>
          </dep>
          <dep type="nsubj">
            <governor idx="7">felt</governor>
            <dependent idx="6">I</dependent>
          </dep>
          <dep type="advcl">
            <governor idx="20">neglect</governor>
            <dependent idx="7">felt</dependent>
          </dep>
          <dep type="punct">
            <governor idx="9">safe</governor>
            <dependent idx="8">`</dependent>
          </dep>
          <dep type="xcomp">
            <governor idx="7">felt</governor>
            <dependent idx="9">safe</dependent>
          </dep>
          <dep type="punct">
            <governor idx="9">safe</governor>
            <dependent idx="10">'</dependent>
          </dep>
          <dep type="case">
            <governor idx="15">board</governor>
            <dependent idx="11">around</dependent>
          </dep>
          <dep type="det">
            <governor idx="15">board</governor>
            <dependent idx="12">a</dependent>
          </dep>
          <dep type="amod">
            <governor idx="15">board</governor>
            <dependent idx="13">harmless</dependent>
          </dep>
          <dep type="compound">
            <governor idx="15">board</governor>
            <dependent idx="14">circuit</dependent>
          </dep>
          <dep type="nmod:around">
            <governor idx="9">safe</governor>
            <dependent idx="15">board</dependent>
          </dep>
          <dep type="punct">
            <governor idx="20">neglect</governor>
            <dependent idx="16">,</dependent>
          </dep>
          <dep type="nsubj">
            <governor idx="20">neglect</governor>
            <dependent idx="17">I</dependent>
          </dep>
          <dep type="aux">
            <governor idx="20">neglect</governor>
            <dependent idx="18">would</dependent>
          </dep>
          <dep type="advmod">
            <governor idx="20">neglect</governor>
            <dependent idx="19">sometimes</dependent>
          </dep>
          <dep type="det">
            <governor idx="22">strap</governor>
            <dependent idx="21">the</dependent>
          </dep>
          <dep type="dep">
            <governor idx="27">see</governor>
            <dependent idx="22">strap</dependent>
          </dep>
          <dep type="mark">
            <governor idx="27">see</governor>
            <dependent idx="23">as</dependent>
          </dep>
          <dep type="nsubj">
            <governor idx="27">see</governor>
            <dependent idx="24">I</dependent>
          </dep>
          <dep type="aux">
            <governor idx="27">see</governor>
            <dependent idx="25">did</dependent>
          </dep>
          <dep type="neg">
            <governor idx="27">see</governor>
            <dependent idx="26">n't</dependent>
          </dep>
          <dep type="advcl">
            <governor idx="20">neglect</governor>
            <dependent idx="27">see</dependent>
          </dep>
          <dep type="dobj">
            <governor idx="27">see</governor>
            <dependent idx="28">it</dependent>
          </dep>
          <dep type="case">
            <governor idx="31">threat</governor>
            <dependent idx="29">as</dependent>
          </dep>
          <dep type="det">
            <governor idx="31">threat</governor>
            <dependent idx="30">a</dependent>
          </dep>
          <dep type="nmod:as">
            <governor idx="27">see</governor>
            <dependent idx="31">threat</dependent>
          </dep>
          <dep type="case">
            <governor idx="34">safety</governor>
            <dependent idx="32">to</dependent>
          </dep>
          <dep type="nmod:poss">
            <governor idx="34">safety</governor>
            <dependent idx="33">my</dependent>
          </dep>
          <dep type="nmod:to">
            <governor idx="31">threat</governor>
            <dependent idx="34">safety</dependent>
          </dep>
          <dep type="punct">
            <governor idx="20">neglect</governor>
            <dependent idx="35">.</dependent>
          </dep>
        </dependencies>
      </sentence>
      <sentence id="163">
        <tokens>
          <token id="1">
            <word>I</word>
            <lemma>I</lemma>
            <CharacterOffsetBegin>18736</CharacterOffsetBegin>
            <CharacterOffsetEnd>18737</CharacterOffsetEnd>
            <POS>PRP</POS>
            <NER>O</NER>
            <Speaker>PER0</Speaker>
          </token>
          <token id="2">
            <word>was</word>
            <lemma>be</lemma>
            <CharacterOffsetBegin>18738</CharacterOffsetBegin>
            <CharacterOffsetEnd>18741</CharacterOffsetEnd>
            <POS>VBD</POS>
            <NER>O</NER>
            <Speaker>PER0</Speaker>
          </token>
          <token id="3">
            <word>not</word>
            <lemma>not</lemma>
            <CharacterOffsetBegin>18742</CharacterOffsetBegin>
            <CharacterOffsetEnd>18745</CharacterOffsetEnd>
            <POS>RB</POS>
            <NER>O</NER>
            <Speaker>PER0</Speaker>
          </token>
          <token id="4">
            <word>told</word>
            <lemma>tell</lemma>
            <CharacterOffsetBegin>18746</CharacterOffsetBegin>
            <CharacterOffsetEnd>18750</CharacterOffsetEnd>
            <POS>VBN</POS>
            <NER>O</NER>
            <Speaker>PER0</Speaker>
          </token>
          <token id="5">
            <word>that</word>
            <lemma>that</lemma>
            <CharacterOffsetBegin>18751</CharacterOffsetBegin>
            <CharacterOffsetEnd>18755</CharacterOffsetEnd>
            <POS>IN</POS>
            <NER>O</NER>
            <Speaker>PER0</Speaker>
          </token>
          <token id="6">
            <word>the</word>
            <lemma>the</lemma>
            <CharacterOffsetBegin>18756</CharacterOffsetBegin>
            <CharacterOffsetEnd>18759</CharacterOffsetEnd>
            <POS>DT</POS>
            <NER>O</NER>
            <Speaker>PER0</Speaker>
          </token>
          <token id="7">
            <word>ESD</word>
            <lemma>esd</lemma>
            <CharacterOffsetBegin>18760</CharacterOffsetBegin>
            <CharacterOffsetEnd>18763</CharacterOffsetEnd>
            <POS>NN</POS>
            <NER>O</NER>
            <Speaker>PER0</Speaker>
          </token>
          <token id="8">
            <word>strap</word>
            <lemma>strap</lemma>
            <CharacterOffsetBegin>18764</CharacterOffsetBegin>
            <CharacterOffsetEnd>18769</CharacterOffsetEnd>
            <POS>NN</POS>
            <NER>O</NER>
            <Speaker>PER0</Speaker>
          </token>
          <token id="9">
            <word>was</word>
            <lemma>be</lemma>
            <CharacterOffsetBegin>18770</CharacterOffsetBegin>
            <CharacterOffsetEnd>18773</CharacterOffsetEnd>
            <POS>VBD</POS>
            <NER>O</NER>
            <Speaker>PER0</Speaker>
          </token>
          <token id="10">
            <word>indeed</word>
            <lemma>indeed</lemma>
            <CharacterOffsetBegin>18774</CharacterOffsetBegin>
            <CharacterOffsetEnd>18780</CharacterOffsetEnd>
            <POS>RB</POS>
            <NER>O</NER>
            <Speaker>PER0</Speaker>
          </token>
          <token id="11">
            <word>to</word>
            <lemma>to</lemma>
            <CharacterOffsetBegin>18781</CharacterOffsetBegin>
            <CharacterOffsetEnd>18783</CharacterOffsetEnd>
            <POS>TO</POS>
            <NER>O</NER>
            <Speaker>PER0</Speaker>
          </token>
          <token id="12">
            <word>protect</word>
            <lemma>protect</lemma>
            <CharacterOffsetBegin>18784</CharacterOffsetBegin>
            <CharacterOffsetEnd>18791</CharacterOffsetEnd>
            <POS>VB</POS>
            <NER>O</NER>
            <Speaker>PER0</Speaker>
          </token>
          <token id="13">
            <word>the</word>
            <lemma>the</lemma>
            <CharacterOffsetBegin>18792</CharacterOffsetBegin>
            <CharacterOffsetEnd>18795</CharacterOffsetEnd>
            <POS>DT</POS>
            <NER>O</NER>
            <Speaker>PER0</Speaker>
          </token>
          <token id="14">
            <word>electrical</word>
            <lemma>electrical</lemma>
            <CharacterOffsetBegin>18796</CharacterOffsetBegin>
            <CharacterOffsetEnd>18806</CharacterOffsetEnd>
            <POS>JJ</POS>
            <NER>O</NER>
            <Speaker>PER0</Speaker>
          </token>
          <token id="15">
            <word>components</word>
            <lemma>component</lemma>
            <CharacterOffsetBegin>18807</CharacterOffsetBegin>
            <CharacterOffsetEnd>18817</CharacterOffsetEnd>
            <POS>NNS</POS>
            <NER>O</NER>
            <Speaker>PER0</Speaker>
          </token>
          <token id="16">
            <word>of</word>
            <lemma>of</lemma>
            <CharacterOffsetBegin>18818</CharacterOffsetBegin>
            <CharacterOffsetEnd>18820</CharacterOffsetEnd>
            <POS>IN</POS>
            <NER>O</NER>
            <Speaker>PER0</Speaker>
          </token>
          <token id="17">
            <word>the</word>
            <lemma>the</lemma>
            <CharacterOffsetBegin>18821</CharacterOffsetBegin>
            <CharacterOffsetEnd>18824</CharacterOffsetEnd>
            <POS>DT</POS>
            <NER>O</NER>
            <Speaker>PER0</Speaker>
          </token>
          <token id="18">
            <word>machine</word>
            <lemma>machine</lemma>
            <CharacterOffsetBegin>18825</CharacterOffsetBegin>
            <CharacterOffsetEnd>18832</CharacterOffsetEnd>
            <POS>NN</POS>
            <NER>O</NER>
            <Speaker>PER0</Speaker>
          </token>
          <token id="19">
            <word>and</word>
            <lemma>and</lemma>
            <CharacterOffsetBegin>18833</CharacterOffsetBegin>
            <CharacterOffsetEnd>18836</CharacterOffsetEnd>
            <POS>CC</POS>
            <NER>O</NER>
            <Speaker>PER0</Speaker>
          </token>
          <token id="20">
            <word>was</word>
            <lemma>be</lemma>
            <CharacterOffsetBegin>18837</CharacterOffsetBegin>
            <CharacterOffsetEnd>18840</CharacterOffsetEnd>
            <POS>VBD</POS>
            <NER>O</NER>
            <Speaker>PER0</Speaker>
          </token>
          <token id="21">
            <word>not</word>
            <lemma>not</lemma>
            <CharacterOffsetBegin>18841</CharacterOffsetBegin>
            <CharacterOffsetEnd>18844</CharacterOffsetEnd>
            <POS>RB</POS>
            <NER>O</NER>
            <Speaker>PER0</Speaker>
          </token>
          <token id="22">
            <word>entirely</word>
            <lemma>entirely</lemma>
            <CharacterOffsetBegin>18845</CharacterOffsetBegin>
            <CharacterOffsetEnd>18853</CharacterOffsetEnd>
            <POS>RB</POS>
            <NER>O</NER>
            <Speaker>PER0</Speaker>
          </token>
          <token id="23">
            <word>for</word>
            <lemma>for</lemma>
            <CharacterOffsetBegin>18854</CharacterOffsetBegin>
            <CharacterOffsetEnd>18857</CharacterOffsetEnd>
            <POS>IN</POS>
            <NER>O</NER>
            <Speaker>PER0</Speaker>
          </token>
          <token id="24">
            <word>my</word>
            <lemma>my</lemma>
            <CharacterOffsetBegin>18858</CharacterOffsetBegin>
            <CharacterOffsetEnd>18860</CharacterOffsetEnd>
            <POS>PRP$</POS>
            <NER>O</NER>
            <Speaker>PER0</Speaker>
          </token>
          <token id="25">
            <word>safety</word>
            <lemma>safety</lemma>
            <CharacterOffsetBegin>18861</CharacterOffsetBegin>
            <CharacterOffsetEnd>18867</CharacterOffsetEnd>
            <POS>NN</POS>
            <NER>O</NER>
            <Speaker>PER0</Speaker>
          </token>
          <token id="26">
            <word>.</word>
            <lemma>.</lemma>
            <CharacterOffsetBegin>18867</CharacterOffsetBegin>
            <CharacterOffsetEnd>18868</CharacterOffsetEnd>
            <POS>.</POS>
            <NER>O</NER>
            <Speaker>PER0</Speaker>
          </token>
        </tokens>
        <parse>(ROOT (S (NP (PRP I)) (VP (VP (VBD was) (RB not) (VP (VBN told) (SBAR (IN that) (S (NP (DT the) (NN ESD) (NN strap)) (VP (VBD was) (ADVP (RB indeed)) (S (VP (TO to) (VP (VB protect) (NP (NP (DT the) (JJ electrical) (NNS components)) (PP (IN of) (NP (DT the) (NN machine)))))))))))) (CC and) (VP (VBD was) (ADVP (RB not) (RB entirely)) (PP (IN for) (NP (PRP$ my) (NN safety))))) (. .))) </parse>
        <dependencies type="basic-dependencies">
          <dep type="root">
            <governor idx="0">ROOT</governor>
            <dependent idx="4">told</dependent>
          </dep>
          <dep type="nsubjpass">
            <governor idx="4">told</governor>
            <dependent idx="1">I</dependent>
          </dep>
          <dep type="auxpass">
            <governor idx="4">told</governor>
            <dependent idx="2">was</dependent>
          </dep>
          <dep type="neg">
            <governor idx="4">told</governor>
            <dependent idx="3">not</dependent>
          </dep>
          <dep type="mark">
            <governor idx="9">was</governor>
            <dependent idx="5">that</dependent>
          </dep>
          <dep type="det">
            <governor idx="8">strap</governor>
            <dependent idx="6">the</dependent>
          </dep>
          <dep type="compound">
            <governor idx="8">strap</governor>
            <dependent idx="7">ESD</dependent>
          </dep>
          <dep type="nsubj">
            <governor idx="9">was</governor>
            <dependent idx="8">strap</dependent>
          </dep>
          <dep type="ccomp">
            <governor idx="4">told</governor>
            <dependent idx="9">was</dependent>
          </dep>
          <dep type="advmod">
            <governor idx="9">was</governor>
            <dependent idx="10">indeed</dependent>
          </dep>
          <dep type="mark">
            <governor idx="12">protect</governor>
            <dependent idx="11">to</dependent>
          </dep>
          <dep type="xcomp">
            <governor idx="9">was</governor>
            <dependent idx="12">protect</dependent>
          </dep>
          <dep type="det">
            <governor idx="15">components</governor>
            <dependent idx="13">the</dependent>
          </dep>
          <dep type="amod">
            <governor idx="15">components</governor>
            <dependent idx="14">electrical</dependent>
          </dep>
          <dep type="dobj">
            <governor idx="12">protect</governor>
            <dependent idx="15">components</dependent>
          </dep>
          <dep type="case">
            <governor idx="18">machine</governor>
            <dependent idx="16">of</dependent>
          </dep>
          <dep type="det">
            <governor idx="18">machine</governor>
            <dependent idx="17">the</dependent>
          </dep>
          <dep type="nmod">
            <governor idx="15">components</governor>
            <dependent idx="18">machine</dependent>
          </dep>
          <dep type="cc">
            <governor idx="4">told</governor>
            <dependent idx="19">and</dependent>
          </dep>
          <dep type="cop">
            <governor idx="25">safety</governor>
            <dependent idx="20">was</dependent>
          </dep>
          <dep type="dep">
            <governor idx="22">entirely</governor>
            <dependent idx="21">not</dependent>
          </dep>
          <dep type="advmod">
            <governor idx="25">safety</governor>
            <dependent idx="22">entirely</dependent>
          </dep>
          <dep type="case">
            <governor idx="25">safety</governor>
            <dependent idx="23">for</dependent>
          </dep>
          <dep type="nmod:poss">
            <governor idx="25">safety</governor>
            <dependent idx="24">my</dependent>
          </dep>
          <dep type="conj">
            <governor idx="4">told</governor>
            <dependent idx="25">safety</dependent>
          </dep>
          <dep type="punct">
            <governor idx="4">told</governor>
            <dependent idx="26">.</dependent>
          </dep>
        </dependencies>
        <dependencies type="collapsed-dependencies">
          <dep type="root">
            <governor idx="0">ROOT</governor>
            <dependent idx="4">told</dependent>
          </dep>
          <dep type="nsubjpass">
            <governor idx="4">told</governor>
            <dependent idx="1">I</dependent>
          </dep>
          <dep type="auxpass">
            <governor idx="4">told</governor>
            <dependent idx="2">was</dependent>
          </dep>
          <dep type="neg">
            <governor idx="4">told</governor>
            <dependent idx="3">not</dependent>
          </dep>
          <dep type="mark">
            <governor idx="9">was</governor>
            <dependent idx="5">that</dependent>
          </dep>
          <dep type="det">
            <governor idx="8">strap</governor>
            <dependent idx="6">the</dependent>
          </dep>
          <dep type="compound">
            <governor idx="8">strap</governor>
            <dependent idx="7">ESD</dependent>
          </dep>
          <dep type="nsubj">
            <governor idx="9">was</governor>
            <dependent idx="8">strap</dependent>
          </dep>
          <dep type="ccomp">
            <governor idx="4">told</governor>
            <dependent idx="9">was</dependent>
          </dep>
          <dep type="advmod">
            <governor idx="9">was</governor>
            <dependent idx="10">indeed</dependent>
          </dep>
          <dep type="mark">
            <governor idx="12">protect</governor>
            <dependent idx="11">to</dependent>
          </dep>
          <dep type="xcomp">
            <governor idx="9">was</governor>
            <dependent idx="12">protect</dependent>
          </dep>
          <dep type="det">
            <governor idx="15">components</governor>
            <dependent idx="13">the</dependent>
          </dep>
          <dep type="amod">
            <governor idx="15">components</governor>
            <dependent idx="14">electrical</dependent>
          </dep>
          <dep type="dobj">
            <governor idx="12">protect</governor>
            <dependent idx="15">components</dependent>
          </dep>
          <dep type="case">
            <governor idx="18">machine</governor>
            <dependent idx="16">of</dependent>
          </dep>
          <dep type="det">
            <governor idx="18">machine</governor>
            <dependent idx="17">the</dependent>
          </dep>
          <dep type="nmod:of">
            <governor idx="15">components</governor>
            <dependent idx="18">machine</dependent>
          </dep>
          <dep type="cc">
            <governor idx="4">told</governor>
            <dependent idx="19">and</dependent>
          </dep>
          <dep type="cop">
            <governor idx="25">safety</governor>
            <dependent idx="20">was</dependent>
          </dep>
          <dep type="dep">
            <governor idx="22">entirely</governor>
            <dependent idx="21">not</dependent>
          </dep>
          <dep type="advmod">
            <governor idx="25">safety</governor>
            <dependent idx="22">entirely</dependent>
          </dep>
          <dep type="case">
            <governor idx="25">safety</governor>
            <dependent idx="23">for</dependent>
          </dep>
          <dep type="nmod:poss">
            <governor idx="25">safety</governor>
            <dependent idx="24">my</dependent>
          </dep>
          <dep type="conj:and">
            <governor idx="4">told</governor>
            <dependent idx="25">safety</dependent>
          </dep>
          <dep type="punct">
            <governor idx="4">told</governor>
            <dependent idx="26">.</dependent>
          </dep>
        </dependencies>
        <dependencies type="collapsed-ccprocessed-dependencies">
          <dep type="root">
            <governor idx="0">ROOT</governor>
            <dependent idx="4">told</dependent>
          </dep>
          <dep type="nsubjpass">
            <governor idx="4">told</governor>
            <dependent idx="1">I</dependent>
          </dep>
          <dep type="auxpass">
            <governor idx="4">told</governor>
            <dependent idx="2">was</dependent>
          </dep>
          <dep type="neg">
            <governor idx="4">told</governor>
            <dependent idx="3">not</dependent>
          </dep>
          <dep type="mark">
            <governor idx="9">was</governor>
            <dependent idx="5">that</dependent>
          </dep>
          <dep type="det">
            <governor idx="8">strap</governor>
            <dependent idx="6">the</dependent>
          </dep>
          <dep type="compound">
            <governor idx="8">strap</governor>
            <dependent idx="7">ESD</dependent>
          </dep>
          <dep type="nsubj">
            <governor idx="9">was</governor>
            <dependent idx="8">strap</dependent>
          </dep>
          <dep type="ccomp">
            <governor idx="4">told</governor>
            <dependent idx="9">was</dependent>
          </dep>
          <dep type="advmod">
            <governor idx="9">was</governor>
            <dependent idx="10">indeed</dependent>
          </dep>
          <dep type="mark">
            <governor idx="12">protect</governor>
            <dependent idx="11">to</dependent>
          </dep>
          <dep type="xcomp">
            <governor idx="9">was</governor>
            <dependent idx="12">protect</dependent>
          </dep>
          <dep type="det">
            <governor idx="15">components</governor>
            <dependent idx="13">the</dependent>
          </dep>
          <dep type="amod">
            <governor idx="15">components</governor>
            <dependent idx="14">electrical</dependent>
          </dep>
          <dep type="dobj">
            <governor idx="12">protect</governor>
            <dependent idx="15">components</dependent>
          </dep>
          <dep type="case">
            <governor idx="18">machine</governor>
            <dependent idx="16">of</dependent>
          </dep>
          <dep type="det">
            <governor idx="18">machine</governor>
            <dependent idx="17">the</dependent>
          </dep>
          <dep type="nmod:of">
            <governor idx="15">components</governor>
            <dependent idx="18">machine</dependent>
          </dep>
          <dep type="cc">
            <governor idx="4">told</governor>
            <dependent idx="19">and</dependent>
          </dep>
          <dep type="cop">
            <governor idx="25">safety</governor>
            <dependent idx="20">was</dependent>
          </dep>
          <dep type="dep">
            <governor idx="22">entirely</governor>
            <dependent idx="21">not</dependent>
          </dep>
          <dep type="advmod">
            <governor idx="25">safety</governor>
            <dependent idx="22">entirely</dependent>
          </dep>
          <dep type="case">
            <governor idx="25">safety</governor>
            <dependent idx="23">for</dependent>
          </dep>
          <dep type="nmod:poss">
            <governor idx="25">safety</governor>
            <dependent idx="24">my</dependent>
          </dep>
          <dep type="conj:and">
            <governor idx="4">told</governor>
            <dependent idx="25">safety</dependent>
          </dep>
          <dep type="punct">
            <governor idx="4">told</governor>
            <dependent idx="26">.</dependent>
          </dep>
        </dependencies>
      </sentence>
      <sentence id="164">
        <tokens>
          <token id="1">
            <word>I</word>
            <lemma>I</lemma>
            <CharacterOffsetBegin>18869</CharacterOffsetBegin>
            <CharacterOffsetEnd>18870</CharacterOffsetEnd>
            <POS>PRP</POS>
            <NER>O</NER>
            <Speaker>PER0</Speaker>
          </token>
          <token id="2">
            <word>understand</word>
            <lemma>understand</lemma>
            <CharacterOffsetBegin>18871</CharacterOffsetBegin>
            <CharacterOffsetEnd>18881</CharacterOffsetEnd>
            <POS>VBP</POS>
            <NER>O</NER>
            <Speaker>PER0</Speaker>
          </token>
          <token id="3">
            <word>that</word>
            <lemma>that</lemma>
            <CharacterOffsetBegin>18882</CharacterOffsetBegin>
            <CharacterOffsetEnd>18886</CharacterOffsetEnd>
            <POS>IN</POS>
            <NER>O</NER>
            <Speaker>PER0</Speaker>
          </token>
          <token id="4">
            <word>I</word>
            <lemma>I</lemma>
            <CharacterOffsetBegin>18887</CharacterOffsetBegin>
            <CharacterOffsetEnd>18888</CharacterOffsetEnd>
            <POS>PRP</POS>
            <NER>O</NER>
            <Speaker>PER0</Speaker>
          </token>
          <token id="5">
            <word>was</word>
            <lemma>be</lemma>
            <CharacterOffsetBegin>18889</CharacterOffsetBegin>
            <CharacterOffsetEnd>18892</CharacterOffsetEnd>
            <POS>VBD</POS>
            <NER>O</NER>
            <Speaker>PER0</Speaker>
          </token>
          <token id="6">
            <word>told</word>
            <lemma>tell</lemma>
            <CharacterOffsetBegin>18893</CharacterOffsetBegin>
            <CharacterOffsetEnd>18897</CharacterOffsetEnd>
            <POS>VBN</POS>
            <NER>O</NER>
            <Speaker>PER0</Speaker>
          </token>
          <token id="7">
            <word>to</word>
            <lemma>to</lemma>
            <CharacterOffsetBegin>18898</CharacterOffsetBegin>
            <CharacterOffsetEnd>18900</CharacterOffsetEnd>
            <POS>TO</POS>
            <NER>O</NER>
            <Speaker>PER0</Speaker>
          </token>
          <token id="8">
            <word>wear</word>
            <lemma>wear</lemma>
            <CharacterOffsetBegin>18901</CharacterOffsetBegin>
            <CharacterOffsetEnd>18905</CharacterOffsetEnd>
            <POS>VB</POS>
            <NER>O</NER>
            <Speaker>PER0</Speaker>
          </token>
          <token id="9">
            <word>the</word>
            <lemma>the</lemma>
            <CharacterOffsetBegin>18906</CharacterOffsetBegin>
            <CharacterOffsetEnd>18909</CharacterOffsetEnd>
            <POS>DT</POS>
            <NER>O</NER>
            <Speaker>PER0</Speaker>
          </token>
          <token id="10">
            <word>strap</word>
            <lemma>strap</lemma>
            <CharacterOffsetBegin>18910</CharacterOffsetBegin>
            <CharacterOffsetEnd>18915</CharacterOffsetEnd>
            <POS>NN</POS>
            <NER>O</NER>
            <Speaker>PER0</Speaker>
          </token>
          <token id="11">
            <word>whenever</word>
            <lemma>whenever</lemma>
            <CharacterOffsetBegin>18916</CharacterOffsetBegin>
            <CharacterOffsetEnd>18924</CharacterOffsetEnd>
            <POS>WRB</POS>
            <NER>O</NER>
            <Speaker>PER0</Speaker>
          </token>
          <token id="12">
            <word>handling</word>
            <lemma>handle</lemma>
            <CharacterOffsetBegin>18925</CharacterOffsetBegin>
            <CharacterOffsetEnd>18933</CharacterOffsetEnd>
            <POS>VBG</POS>
            <NER>O</NER>
            <Speaker>PER0</Speaker>
          </token>
          <token id="13">
            <word>open</word>
            <lemma>open</lemma>
            <CharacterOffsetBegin>18934</CharacterOffsetBegin>
            <CharacterOffsetEnd>18938</CharacterOffsetEnd>
            <POS>JJ</POS>
            <NER>O</NER>
            <Speaker>PER0</Speaker>
          </token>
          <token id="14">
            <word>equipment</word>
            <lemma>equipment</lemma>
            <CharacterOffsetBegin>18939</CharacterOffsetBegin>
            <CharacterOffsetEnd>18948</CharacterOffsetEnd>
            <POS>NN</POS>
            <NER>O</NER>
            <Speaker>PER0</Speaker>
          </token>
          <token id="15">
            <word>,</word>
            <lemma>,</lemma>
            <CharacterOffsetBegin>18948</CharacterOffsetBegin>
            <CharacterOffsetEnd>18949</CharacterOffsetEnd>
            <POS>,</POS>
            <NER>O</NER>
            <Speaker>PER0</Speaker>
          </token>
          <token id="16">
            <word>however</word>
            <lemma>however</lemma>
            <CharacterOffsetBegin>18950</CharacterOffsetBegin>
            <CharacterOffsetEnd>18957</CharacterOffsetEnd>
            <POS>RB</POS>
            <NER>O</NER>
            <Speaker>PER0</Speaker>
          </token>
          <token id="17">
            <word>I</word>
            <lemma>I</lemma>
            <CharacterOffsetBegin>18958</CharacterOffsetBegin>
            <CharacterOffsetEnd>18959</CharacterOffsetEnd>
            <POS>PRP</POS>
            <NER>O</NER>
            <Speaker>PER0</Speaker>
          </token>
          <token id="18">
            <word>believe</word>
            <lemma>believe</lemma>
            <CharacterOffsetBegin>18960</CharacterOffsetBegin>
            <CharacterOffsetEnd>18967</CharacterOffsetEnd>
            <POS>VBP</POS>
            <NER>O</NER>
            <Speaker>PER0</Speaker>
          </token>
          <token id="19">
            <word>it</word>
            <lemma>it</lemma>
            <CharacterOffsetBegin>18968</CharacterOffsetBegin>
            <CharacterOffsetEnd>18970</CharacterOffsetEnd>
            <POS>PRP</POS>
            <NER>O</NER>
            <Speaker>PER0</Speaker>
          </token>
          <token id="20">
            <word>was</word>
            <lemma>be</lemma>
            <CharacterOffsetBegin>18971</CharacterOffsetBegin>
            <CharacterOffsetEnd>18974</CharacterOffsetEnd>
            <POS>VBD</POS>
            <NER>O</NER>
            <Speaker>PER0</Speaker>
          </token>
          <token id="21">
            <word>my</word>
            <lemma>my</lemma>
            <CharacterOffsetBegin>18975</CharacterOffsetBegin>
            <CharacterOffsetEnd>18977</CharacterOffsetEnd>
            <POS>PRP$</POS>
            <NER>O</NER>
            <Speaker>PER0</Speaker>
          </token>
          <token id="22">
            <word>supervisor</word>
            <lemma>supervisor</lemma>
            <CharacterOffsetBegin>18978</CharacterOffsetBegin>
            <CharacterOffsetEnd>18988</CharacterOffsetEnd>
            <POS>NN</POS>
            <NER>O</NER>
            <Speaker>PER0</Speaker>
          </token>
          <token id="23">
            <word>'s</word>
            <lemma>'s</lemma>
            <CharacterOffsetBegin>18988</CharacterOffsetBegin>
            <CharacterOffsetEnd>18990</CharacterOffsetEnd>
            <POS>POS</POS>
            <NER>O</NER>
            <Speaker>PER0</Speaker>
          </token>
          <token id="24">
            <word>responsibility</word>
            <lemma>responsibility</lemma>
            <CharacterOffsetBegin>18991</CharacterOffsetBegin>
            <CharacterOffsetEnd>19005</CharacterOffsetEnd>
            <POS>NN</POS>
            <NER>O</NER>
            <Speaker>PER0</Speaker>
          </token>
          <token id="25">
            <word>to</word>
            <lemma>to</lemma>
            <CharacterOffsetBegin>19006</CharacterOffsetBegin>
            <CharacterOffsetEnd>19008</CharacterOffsetEnd>
            <POS>TO</POS>
            <NER>O</NER>
            <Speaker>PER0</Speaker>
          </token>
          <token id="26">
            <word>emphasise</word>
            <lemma>emphasise</lemma>
            <CharacterOffsetBegin>19009</CharacterOffsetBegin>
            <CharacterOffsetEnd>19018</CharacterOffsetEnd>
            <POS>VB</POS>
            <NER>O</NER>
            <Speaker>PER0</Speaker>
          </token>
          <token id="27">
            <word>why</word>
            <lemma>why</lemma>
            <CharacterOffsetBegin>19019</CharacterOffsetBegin>
            <CharacterOffsetEnd>19022</CharacterOffsetEnd>
            <POS>WRB</POS>
            <NER>O</NER>
            <Speaker>PER0</Speaker>
          </token>
          <token id="28">
            <word>,</word>
            <lemma>,</lemma>
            <CharacterOffsetBegin>19022</CharacterOffsetBegin>
            <CharacterOffsetEnd>19023</CharacterOffsetEnd>
            <POS>,</POS>
            <NER>O</NER>
            <Speaker>PER0</Speaker>
          </token>
          <token id="29">
            <word>or</word>
            <lemma>or</lemma>
            <CharacterOffsetBegin>19024</CharacterOffsetBegin>
            <CharacterOffsetEnd>19026</CharacterOffsetEnd>
            <POS>CC</POS>
            <NER>O</NER>
            <Speaker>PER0</Speaker>
          </token>
          <token id="30">
            <word>to</word>
            <lemma>to</lemma>
            <CharacterOffsetBegin>19027</CharacterOffsetBegin>
            <CharacterOffsetEnd>19029</CharacterOffsetEnd>
            <POS>TO</POS>
            <NER>O</NER>
            <Speaker>PER0</Speaker>
          </token>
          <token id="31">
            <word>introduce</word>
            <lemma>introduce</lemma>
            <CharacterOffsetBegin>19030</CharacterOffsetBegin>
            <CharacterOffsetEnd>19039</CharacterOffsetEnd>
            <POS>VB</POS>
            <NER>O</NER>
            <Speaker>PER0</Speaker>
          </token>
          <token id="32">
            <word>me</word>
            <lemma>I</lemma>
            <CharacterOffsetBegin>19040</CharacterOffsetBegin>
            <CharacterOffsetEnd>19042</CharacterOffsetEnd>
            <POS>PRP</POS>
            <NER>O</NER>
            <Speaker>PER0</Speaker>
          </token>
          <token id="33">
            <word>to</word>
            <lemma>to</lemma>
            <CharacterOffsetBegin>19043</CharacterOffsetBegin>
            <CharacterOffsetEnd>19045</CharacterOffsetEnd>
            <POS>TO</POS>
            <NER>O</NER>
            <Speaker>PER0</Speaker>
          </token>
          <token id="34">
            <word>the</word>
            <lemma>the</lemma>
            <CharacterOffsetBegin>19046</CharacterOffsetBegin>
            <CharacterOffsetEnd>19049</CharacterOffsetEnd>
            <POS>DT</POS>
            <NER>O</NER>
            <Speaker>PER0</Speaker>
          </token>
          <token id="35">
            <word>training</word>
            <lemma>training</lemma>
            <CharacterOffsetBegin>19050</CharacterOffsetBegin>
            <CharacterOffsetEnd>19058</CharacterOffsetEnd>
            <POS>NN</POS>
            <NER>O</NER>
            <Speaker>PER0</Speaker>
          </token>
          <token id="36">
            <word>before</word>
            <lemma>before</lemma>
            <CharacterOffsetBegin>19059</CharacterOffsetBegin>
            <CharacterOffsetEnd>19065</CharacterOffsetEnd>
            <POS>IN</POS>
            <NER>O</NER>
            <Speaker>PER0</Speaker>
          </token>
          <token id="37">
            <word>I</word>
            <lemma>I</lemma>
            <CharacterOffsetBegin>19066</CharacterOffsetBegin>
            <CharacterOffsetEnd>19067</CharacterOffsetEnd>
            <POS>PRP</POS>
            <NER>O</NER>
            <Speaker>PER0</Speaker>
          </token>
          <token id="38">
            <word>began</word>
            <lemma>begin</lemma>
            <CharacterOffsetBegin>19068</CharacterOffsetBegin>
            <CharacterOffsetEnd>19073</CharacterOffsetEnd>
            <POS>VBD</POS>
            <NER>O</NER>
            <Speaker>PER0</Speaker>
          </token>
          <token id="39">
            <word>work</word>
            <lemma>work</lemma>
            <CharacterOffsetBegin>19074</CharacterOffsetBegin>
            <CharacterOffsetEnd>19078</CharacterOffsetEnd>
            <POS>NN</POS>
            <NER>O</NER>
            <Speaker>PER0</Speaker>
          </token>
          <token id="40">
            <word>on</word>
            <lemma>on</lemma>
            <CharacterOffsetBegin>19079</CharacterOffsetBegin>
            <CharacterOffsetEnd>19081</CharacterOffsetEnd>
            <POS>IN</POS>
            <NER>O</NER>
            <Speaker>PER0</Speaker>
          </token>
          <token id="41">
            <word>the</word>
            <lemma>the</lemma>
            <CharacterOffsetBegin>19082</CharacterOffsetBegin>
            <CharacterOffsetEnd>19085</CharacterOffsetEnd>
            <POS>DT</POS>
            <NER>O</NER>
            <Speaker>PER0</Speaker>
          </token>
          <token id="42">
            <word>equipment</word>
            <lemma>equipment</lemma>
            <CharacterOffsetBegin>19086</CharacterOffsetBegin>
            <CharacterOffsetEnd>19095</CharacterOffsetEnd>
            <POS>NN</POS>
            <NER>O</NER>
            <Speaker>PER0</Speaker>
          </token>
          <token id="43">
            <word>.</word>
            <lemma>.</lemma>
            <CharacterOffsetBegin>19095</CharacterOffsetBegin>
            <CharacterOffsetEnd>19096</CharacterOffsetEnd>
            <POS>.</POS>
            <NER>O</NER>
            <Speaker>PER0</Speaker>
          </token>
        </tokens>
        <parse>(ROOT (S (S (NP (PRP I)) (VP (VBP understand) (SBAR (IN that) (S (NP (PRP I)) (VP (VBD was) (VP (VBN told) (S (VP (TO to) (VP (VB wear) (NP (DT the) (NN strap)) (SBAR (WHADVP (WRB whenever)) (S (VP (VBG handling) (NP (JJ open) (NN equipment)))))))))))))) (, ,) (ADVP (RB however)) (S (NP (PRP I)) (VP (VBP believe) (SBAR (S (NP (PRP it)) (VP (VBD was) (NP (NP (PRP$ my) (NN supervisor) (POS 's)) (NN responsibility) (S (VP (VP (TO to) (VP (VB emphasise) (SBARQ (WHADVP (WRB why))))) (, ,) (CC or) (VP (TO to) (VP (VB introduce) (NP (PRP me)) (PP (TO to) (NP (DT the) (NN training))) (SBAR (IN before) (S (NP (PRP I)) (VP (VBD began) (NP (NN work)) (PP (IN on) (NP (DT the) (NN equipment)))))))))))))))) (. .))) </parse>
        <dependencies type="basic-dependencies">
          <dep type="root">
            <governor idx="0">ROOT</governor>
            <dependent idx="2">understand</dependent>
          </dep>
          <dep type="nsubj">
            <governor idx="2">understand</governor>
            <dependent idx="1">I</dependent>
          </dep>
          <dep type="mark">
            <governor idx="6">told</governor>
            <dependent idx="3">that</dependent>
          </dep>
          <dep type="nsubjpass">
            <governor idx="6">told</governor>
            <dependent idx="4">I</dependent>
          </dep>
          <dep type="auxpass">
            <governor idx="6">told</governor>
            <dependent idx="5">was</dependent>
          </dep>
          <dep type="ccomp">
            <governor idx="2">understand</governor>
            <dependent idx="6">told</dependent>
          </dep>
          <dep type="mark">
            <governor idx="8">wear</governor>
            <dependent idx="7">to</dependent>
          </dep>
          <dep type="xcomp">
            <governor idx="6">told</governor>
            <dependent idx="8">wear</dependent>
          </dep>
          <dep type="det">
            <governor idx="10">strap</governor>
            <dependent idx="9">the</dependent>
          </dep>
          <dep type="dobj">
            <governor idx="8">wear</governor>
            <dependent idx="10">strap</dependent>
          </dep>
          <dep type="advmod">
            <governor idx="12">handling</governor>
            <dependent idx="11">whenever</dependent>
          </dep>
          <dep type="advcl">
            <governor idx="8">wear</governor>
            <dependent idx="12">handling</dependent>
          </dep>
          <dep type="amod">
            <governor idx="14">equipment</governor>
            <dependent idx="13">open</dependent>
          </dep>
          <dep type="dobj">
            <governor idx="12">handling</governor>
            <dependent idx="14">equipment</dependent>
          </dep>
          <dep type="punct">
            <governor idx="2">understand</governor>
            <dependent idx="15">,</dependent>
          </dep>
          <dep type="advmod">
            <governor idx="18">believe</governor>
            <dependent idx="16">however</dependent>
          </dep>
          <dep type="nsubj">
            <governor idx="18">believe</governor>
            <dependent idx="17">I</dependent>
          </dep>
          <dep type="parataxis">
            <governor idx="2">understand</governor>
            <dependent idx="18">believe</dependent>
          </dep>
          <dep type="nsubj">
            <governor idx="24">responsibility</governor>
            <dependent idx="19">it</dependent>
          </dep>
          <dep type="cop">
            <governor idx="24">responsibility</governor>
            <dependent idx="20">was</dependent>
          </dep>
          <dep type="nmod:poss">
            <governor idx="22">supervisor</governor>
            <dependent idx="21">my</dependent>
          </dep>
          <dep type="nmod:poss">
            <governor idx="24">responsibility</governor>
            <dependent idx="22">supervisor</dependent>
          </dep>
          <dep type="case">
            <governor idx="22">supervisor</governor>
            <dependent idx="23">'s</dependent>
          </dep>
          <dep type="ccomp">
            <governor idx="18">believe</governor>
            <dependent idx="24">responsibility</dependent>
          </dep>
          <dep type="mark">
            <governor idx="26">emphasise</governor>
            <dependent idx="25">to</dependent>
          </dep>
          <dep type="dep">
            <governor idx="24">responsibility</governor>
            <dependent idx="26">emphasise</dependent>
          </dep>
          <dep type="ccomp">
            <governor idx="26">emphasise</governor>
            <dependent idx="27">why</dependent>
          </dep>
          <dep type="punct">
            <governor idx="26">emphasise</governor>
            <dependent idx="28">,</dependent>
          </dep>
          <dep type="cc">
            <governor idx="26">emphasise</governor>
            <dependent idx="29">or</dependent>
          </dep>
          <dep type="mark">
            <governor idx="31">introduce</governor>
            <dependent idx="30">to</dependent>
          </dep>
          <dep type="conj">
            <governor idx="26">emphasise</governor>
            <dependent idx="31">introduce</dependent>
          </dep>
          <dep type="dobj">
            <governor idx="31">introduce</governor>
            <dependent idx="32">me</dependent>
          </dep>
          <dep type="case">
            <governor idx="35">training</governor>
            <dependent idx="33">to</dependent>
          </dep>
          <dep type="det">
            <governor idx="35">training</governor>
            <dependent idx="34">the</dependent>
          </dep>
          <dep type="nmod">
            <governor idx="31">introduce</governor>
            <dependent idx="35">training</dependent>
          </dep>
          <dep type="mark">
            <governor idx="38">began</governor>
            <dependent idx="36">before</dependent>
          </dep>
          <dep type="nsubj">
            <governor idx="38">began</governor>
            <dependent idx="37">I</dependent>
          </dep>
          <dep type="advcl">
            <governor idx="31">introduce</governor>
            <dependent idx="38">began</dependent>
          </dep>
          <dep type="dobj">
            <governor idx="38">began</governor>
            <dependent idx="39">work</dependent>
          </dep>
          <dep type="case">
            <governor idx="42">equipment</governor>
            <dependent idx="40">on</dependent>
          </dep>
          <dep type="det">
            <governor idx="42">equipment</governor>
            <dependent idx="41">the</dependent>
          </dep>
          <dep type="nmod">
            <governor idx="38">began</governor>
            <dependent idx="42">equipment</dependent>
          </dep>
          <dep type="punct">
            <governor idx="2">understand</governor>
            <dependent idx="43">.</dependent>
          </dep>
        </dependencies>
        <dependencies type="collapsed-dependencies">
          <dep type="root">
            <governor idx="0">ROOT</governor>
            <dependent idx="2">understand</dependent>
          </dep>
          <dep type="nsubj">
            <governor idx="2">understand</governor>
            <dependent idx="1">I</dependent>
          </dep>
          <dep type="mark">
            <governor idx="6">told</governor>
            <dependent idx="3">that</dependent>
          </dep>
          <dep type="nsubjpass">
            <governor idx="6">told</governor>
            <dependent idx="4">I</dependent>
          </dep>
          <dep type="auxpass">
            <governor idx="6">told</governor>
            <dependent idx="5">was</dependent>
          </dep>
          <dep type="ccomp">
            <governor idx="2">understand</governor>
            <dependent idx="6">told</dependent>
          </dep>
          <dep type="mark">
            <governor idx="8">wear</governor>
            <dependent idx="7">to</dependent>
          </dep>
          <dep type="xcomp">
            <governor idx="6">told</governor>
            <dependent idx="8">wear</dependent>
          </dep>
          <dep type="det">
            <governor idx="10">strap</governor>
            <dependent idx="9">the</dependent>
          </dep>
          <dep type="dobj">
            <governor idx="8">wear</governor>
            <dependent idx="10">strap</dependent>
          </dep>
          <dep type="advmod">
            <governor idx="12">handling</governor>
            <dependent idx="11">whenever</dependent>
          </dep>
          <dep type="advcl">
            <governor idx="8">wear</governor>
            <dependent idx="12">handling</dependent>
          </dep>
          <dep type="amod">
            <governor idx="14">equipment</governor>
            <dependent idx="13">open</dependent>
          </dep>
          <dep type="dobj">
            <governor idx="12">handling</governor>
            <dependent idx="14">equipment</dependent>
          </dep>
          <dep type="punct">
            <governor idx="2">understand</governor>
            <dependent idx="15">,</dependent>
          </dep>
          <dep type="advmod">
            <governor idx="18">believe</governor>
            <dependent idx="16">however</dependent>
          </dep>
          <dep type="nsubj">
            <governor idx="18">believe</governor>
            <dependent idx="17">I</dependent>
          </dep>
          <dep type="parataxis">
            <governor idx="2">understand</governor>
            <dependent idx="18">believe</dependent>
          </dep>
          <dep type="nsubj">
            <governor idx="24">responsibility</governor>
            <dependent idx="19">it</dependent>
          </dep>
          <dep type="cop">
            <governor idx="24">responsibility</governor>
            <dependent idx="20">was</dependent>
          </dep>
          <dep type="nmod:poss">
            <governor idx="22">supervisor</governor>
            <dependent idx="21">my</dependent>
          </dep>
          <dep type="nmod:poss">
            <governor idx="24">responsibility</governor>
            <dependent idx="22">supervisor</dependent>
          </dep>
          <dep type="case">
            <governor idx="22">supervisor</governor>
            <dependent idx="23">'s</dependent>
          </dep>
          <dep type="ccomp">
            <governor idx="18">believe</governor>
            <dependent idx="24">responsibility</dependent>
          </dep>
          <dep type="mark">
            <governor idx="26">emphasise</governor>
            <dependent idx="25">to</dependent>
          </dep>
          <dep type="dep">
            <governor idx="24">responsibility</governor>
            <dependent idx="26">emphasise</dependent>
          </dep>
          <dep type="ccomp">
            <governor idx="26">emphasise</governor>
            <dependent idx="27">why</dependent>
          </dep>
          <dep type="punct">
            <governor idx="26">emphasise</governor>
            <dependent idx="28">,</dependent>
          </dep>
          <dep type="cc">
            <governor idx="26">emphasise</governor>
            <dependent idx="29">or</dependent>
          </dep>
          <dep type="mark">
            <governor idx="31">introduce</governor>
            <dependent idx="30">to</dependent>
          </dep>
          <dep type="conj:or">
            <governor idx="26">emphasise</governor>
            <dependent idx="31">introduce</dependent>
          </dep>
          <dep type="dobj">
            <governor idx="31">introduce</governor>
            <dependent idx="32">me</dependent>
          </dep>
          <dep type="case">
            <governor idx="35">training</governor>
            <dependent idx="33">to</dependent>
          </dep>
          <dep type="det">
            <governor idx="35">training</governor>
            <dependent idx="34">the</dependent>
          </dep>
          <dep type="nmod:to">
            <governor idx="31">introduce</governor>
            <dependent idx="35">training</dependent>
          </dep>
          <dep type="mark">
            <governor idx="38">began</governor>
            <dependent idx="36">before</dependent>
          </dep>
          <dep type="nsubj">
            <governor idx="38">began</governor>
            <dependent idx="37">I</dependent>
          </dep>
          <dep type="advcl">
            <governor idx="31">introduce</governor>
            <dependent idx="38">began</dependent>
          </dep>
          <dep type="dobj">
            <governor idx="38">began</governor>
            <dependent idx="39">work</dependent>
          </dep>
          <dep type="case">
            <governor idx="42">equipment</governor>
            <dependent idx="40">on</dependent>
          </dep>
          <dep type="det">
            <governor idx="42">equipment</governor>
            <dependent idx="41">the</dependent>
          </dep>
          <dep type="nmod:on">
            <governor idx="38">began</governor>
            <dependent idx="42">equipment</dependent>
          </dep>
          <dep type="punct">
            <governor idx="2">understand</governor>
            <dependent idx="43">.</dependent>
          </dep>
        </dependencies>
        <dependencies type="collapsed-ccprocessed-dependencies">
          <dep type="root">
            <governor idx="0">ROOT</governor>
            <dependent idx="2">understand</dependent>
          </dep>
          <dep type="nsubj">
            <governor idx="2">understand</governor>
            <dependent idx="1">I</dependent>
          </dep>
          <dep type="mark">
            <governor idx="6">told</governor>
            <dependent idx="3">that</dependent>
          </dep>
          <dep type="nsubjpass">
            <governor idx="6">told</governor>
            <dependent idx="4">I</dependent>
          </dep>
          <dep type="auxpass">
            <governor idx="6">told</governor>
            <dependent idx="5">was</dependent>
          </dep>
          <dep type="ccomp">
            <governor idx="2">understand</governor>
            <dependent idx="6">told</dependent>
          </dep>
          <dep type="mark">
            <governor idx="8">wear</governor>
            <dependent idx="7">to</dependent>
          </dep>
          <dep type="xcomp">
            <governor idx="6">told</governor>
            <dependent idx="8">wear</dependent>
          </dep>
          <dep type="det">
            <governor idx="10">strap</governor>
            <dependent idx="9">the</dependent>
          </dep>
          <dep type="dobj">
            <governor idx="8">wear</governor>
            <dependent idx="10">strap</dependent>
          </dep>
          <dep type="advmod">
            <governor idx="12">handling</governor>
            <dependent idx="11">whenever</dependent>
          </dep>
          <dep type="advcl">
            <governor idx="8">wear</governor>
            <dependent idx="12">handling</dependent>
          </dep>
          <dep type="amod">
            <governor idx="14">equipment</governor>
            <dependent idx="13">open</dependent>
          </dep>
          <dep type="dobj">
            <governor idx="12">handling</governor>
            <dependent idx="14">equipment</dependent>
          </dep>
          <dep type="punct">
            <governor idx="2">understand</governor>
            <dependent idx="15">,</dependent>
          </dep>
          <dep type="advmod">
            <governor idx="18">believe</governor>
            <dependent idx="16">however</dependent>
          </dep>
          <dep type="nsubj">
            <governor idx="18">believe</governor>
            <dependent idx="17">I</dependent>
          </dep>
          <dep type="parataxis">
            <governor idx="2">understand</governor>
            <dependent idx="18">believe</dependent>
          </dep>
          <dep type="nsubj">
            <governor idx="24">responsibility</governor>
            <dependent idx="19">it</dependent>
          </dep>
          <dep type="cop">
            <governor idx="24">responsibility</governor>
            <dependent idx="20">was</dependent>
          </dep>
          <dep type="nmod:poss">
            <governor idx="22">supervisor</governor>
            <dependent idx="21">my</dependent>
          </dep>
          <dep type="nmod:poss">
            <governor idx="24">responsibility</governor>
            <dependent idx="22">supervisor</dependent>
          </dep>
          <dep type="case">
            <governor idx="22">supervisor</governor>
            <dependent idx="23">'s</dependent>
          </dep>
          <dep type="ccomp">
            <governor idx="18">believe</governor>
            <dependent idx="24">responsibility</dependent>
          </dep>
          <dep type="mark">
            <governor idx="26">emphasise</governor>
            <dependent idx="25">to</dependent>
          </dep>
          <dep type="dep">
            <governor idx="24">responsibility</governor>
            <dependent idx="26">emphasise</dependent>
          </dep>
          <dep type="ccomp">
            <governor idx="26">emphasise</governor>
            <dependent idx="27">why</dependent>
          </dep>
          <dep type="punct">
            <governor idx="26">emphasise</governor>
            <dependent idx="28">,</dependent>
          </dep>
          <dep type="cc">
            <governor idx="26">emphasise</governor>
            <dependent idx="29">or</dependent>
          </dep>
          <dep type="mark">
            <governor idx="31">introduce</governor>
            <dependent idx="30">to</dependent>
          </dep>
          <dep type="dep" extra="true">
            <governor idx="24">responsibility</governor>
            <dependent idx="31">introduce</dependent>
          </dep>
          <dep type="conj:or">
            <governor idx="26">emphasise</governor>
            <dependent idx="31">introduce</dependent>
          </dep>
          <dep type="dobj">
            <governor idx="31">introduce</governor>
            <dependent idx="32">me</dependent>
          </dep>
          <dep type="case">
            <governor idx="35">training</governor>
            <dependent idx="33">to</dependent>
          </dep>
          <dep type="det">
            <governor idx="35">training</governor>
            <dependent idx="34">the</dependent>
          </dep>
          <dep type="nmod:to">
            <governor idx="31">introduce</governor>
            <dependent idx="35">training</dependent>
          </dep>
          <dep type="mark">
            <governor idx="38">began</governor>
            <dependent idx="36">before</dependent>
          </dep>
          <dep type="nsubj">
            <governor idx="38">began</governor>
            <dependent idx="37">I</dependent>
          </dep>
          <dep type="advcl">
            <governor idx="31">introduce</governor>
            <dependent idx="38">began</dependent>
          </dep>
          <dep type="dobj">
            <governor idx="38">began</governor>
            <dependent idx="39">work</dependent>
          </dep>
          <dep type="case">
            <governor idx="42">equipment</governor>
            <dependent idx="40">on</dependent>
          </dep>
          <dep type="det">
            <governor idx="42">equipment</governor>
            <dependent idx="41">the</dependent>
          </dep>
          <dep type="nmod:on">
            <governor idx="38">began</governor>
            <dependent idx="42">equipment</dependent>
          </dep>
          <dep type="punct">
            <governor idx="2">understand</governor>
            <dependent idx="43">.</dependent>
          </dep>
        </dependencies>
      </sentence>
      <sentence id="165">
        <tokens>
          <token id="1">
            <word>From</word>
            <lemma>from</lemma>
            <CharacterOffsetBegin>19098</CharacterOffsetBegin>
            <CharacterOffsetEnd>19102</CharacterOffsetEnd>
            <POS>IN</POS>
            <NER>O</NER>
            <Speaker>PER0</Speaker>
          </token>
          <token id="2">
            <word>this</word>
            <lemma>this</lemma>
            <CharacterOffsetBegin>19103</CharacterOffsetBegin>
            <CharacterOffsetEnd>19107</CharacterOffsetEnd>
            <POS>DT</POS>
            <NER>O</NER>
            <Speaker>PER0</Speaker>
          </token>
          <token id="3">
            <word>training</word>
            <lemma>training</lemma>
            <CharacterOffsetBegin>19108</CharacterOffsetBegin>
            <CharacterOffsetEnd>19116</CharacterOffsetEnd>
            <POS>NN</POS>
            <NER>O</NER>
            <Speaker>PER0</Speaker>
          </token>
          <token id="4">
            <word>I</word>
            <lemma>I</lemma>
            <CharacterOffsetBegin>19117</CharacterOffsetBegin>
            <CharacterOffsetEnd>19118</CharacterOffsetEnd>
            <POS>PRP</POS>
            <NER>O</NER>
            <Speaker>PER0</Speaker>
          </token>
          <token id="5">
            <word>realised</word>
            <lemma>realise</lemma>
            <CharacterOffsetBegin>19119</CharacterOffsetBegin>
            <CharacterOffsetEnd>19127</CharacterOffsetEnd>
            <POS>VBD</POS>
            <NER>O</NER>
            <Speaker>PER0</Speaker>
          </token>
          <token id="6">
            <word>that</word>
            <lemma>that</lemma>
            <CharacterOffsetBegin>19128</CharacterOffsetBegin>
            <CharacterOffsetEnd>19132</CharacterOffsetEnd>
            <POS>IN</POS>
            <NER>O</NER>
            <Speaker>PER0</Speaker>
          </token>
          <token id="7">
            <word>although</word>
            <lemma>although</lemma>
            <CharacterOffsetBegin>19133</CharacterOffsetBegin>
            <CharacterOffsetEnd>19141</CharacterOffsetEnd>
            <POS>IN</POS>
            <NER>O</NER>
            <Speaker>PER0</Speaker>
          </token>
          <token id="8">
            <word>I</word>
            <lemma>I</lemma>
            <CharacterOffsetBegin>19142</CharacterOffsetBegin>
            <CharacterOffsetEnd>19143</CharacterOffsetEnd>
            <POS>PRP</POS>
            <NER>O</NER>
            <Speaker>PER0</Speaker>
          </token>
          <token id="9">
            <word>was</word>
            <lemma>be</lemma>
            <CharacterOffsetBegin>19144</CharacterOffsetBegin>
            <CharacterOffsetEnd>19147</CharacterOffsetEnd>
            <POS>VBD</POS>
            <NER>O</NER>
            <Speaker>PER0</Speaker>
          </token>
          <token id="10">
            <word>following</word>
            <lemma>follow</lemma>
            <CharacterOffsetBegin>19148</CharacterOffsetBegin>
            <CharacterOffsetEnd>19157</CharacterOffsetEnd>
            <POS>VBG</POS>
            <NER>O</NER>
            <Speaker>PER0</Speaker>
          </token>
          <token id="11">
            <word>the</word>
            <lemma>the</lemma>
            <CharacterOffsetBegin>19158</CharacterOffsetBegin>
            <CharacterOffsetEnd>19161</CharacterOffsetEnd>
            <POS>DT</POS>
            <NER>O</NER>
            <Speaker>PER0</Speaker>
          </token>
          <token id="12">
            <word>procedure</word>
            <lemma>procedure</lemma>
            <CharacterOffsetBegin>19162</CharacterOffsetBegin>
            <CharacterOffsetEnd>19171</CharacterOffsetEnd>
            <POS>NN</POS>
            <NER>O</NER>
            <Speaker>PER0</Speaker>
          </token>
          <token id="13">
            <word>-LRB-</word>
            <lemma>-lrb-</lemma>
            <CharacterOffsetBegin>19172</CharacterOffsetBegin>
            <CharacterOffsetEnd>19173</CharacterOffsetEnd>
            <POS>-LRB-</POS>
            <NER>O</NER>
            <Speaker>PER0</Speaker>
          </token>
          <token id="14">
            <word>wearing</word>
            <lemma>wear</lemma>
            <CharacterOffsetBegin>19173</CharacterOffsetBegin>
            <CharacterOffsetEnd>19180</CharacterOffsetEnd>
            <POS>VBG</POS>
            <NER>O</NER>
            <Speaker>PER0</Speaker>
          </token>
          <token id="15">
            <word>the</word>
            <lemma>the</lemma>
            <CharacterOffsetBegin>19181</CharacterOffsetBegin>
            <CharacterOffsetEnd>19184</CharacterOffsetEnd>
            <POS>DT</POS>
            <NER>O</NER>
            <Speaker>PER0</Speaker>
          </token>
          <token id="16">
            <word>ESD</word>
            <lemma>esd</lemma>
            <CharacterOffsetBegin>19185</CharacterOffsetBegin>
            <CharacterOffsetEnd>19188</CharacterOffsetEnd>
            <POS>NN</POS>
            <NER>O</NER>
            <Speaker>PER0</Speaker>
          </token>
          <token id="17">
            <word>strap</word>
            <lemma>strap</lemma>
            <CharacterOffsetBegin>19189</CharacterOffsetBegin>
            <CharacterOffsetEnd>19194</CharacterOffsetEnd>
            <POS>NN</POS>
            <NER>O</NER>
            <Speaker>PER0</Speaker>
          </token>
          <token id="18">
            <word>-RRB-</word>
            <lemma>-rrb-</lemma>
            <CharacterOffsetBegin>19194</CharacterOffsetBegin>
            <CharacterOffsetEnd>19195</CharacterOffsetEnd>
            <POS>-RRB-</POS>
            <NER>O</NER>
            <Speaker>PER0</Speaker>
          </token>
          <token id="19">
            <word>,</word>
            <lemma>,</lemma>
            <CharacterOffsetBegin>19195</CharacterOffsetBegin>
            <CharacterOffsetEnd>19196</CharacterOffsetEnd>
            <POS>,</POS>
            <NER>O</NER>
            <Speaker>PER0</Speaker>
          </token>
          <token id="20">
            <word>I</word>
            <lemma>I</lemma>
            <CharacterOffsetBegin>19197</CharacterOffsetBegin>
            <CharacterOffsetEnd>19198</CharacterOffsetEnd>
            <POS>PRP</POS>
            <NER>O</NER>
            <Speaker>PER0</Speaker>
          </token>
          <token id="21">
            <word>was</word>
            <lemma>be</lemma>
            <CharacterOffsetBegin>19199</CharacterOffsetBegin>
            <CharacterOffsetEnd>19202</CharacterOffsetEnd>
            <POS>VBD</POS>
            <NER>O</NER>
            <Speaker>PER0</Speaker>
          </token>
          <token id="22">
            <word>not</word>
            <lemma>not</lemma>
            <CharacterOffsetBegin>19203</CharacterOffsetBegin>
            <CharacterOffsetEnd>19206</CharacterOffsetEnd>
            <POS>RB</POS>
            <NER>O</NER>
            <Speaker>PER0</Speaker>
          </token>
          <token id="23">
            <word>aware</word>
            <lemma>aware</lemma>
            <CharacterOffsetBegin>19207</CharacterOffsetBegin>
            <CharacterOffsetEnd>19212</CharacterOffsetEnd>
            <POS>JJ</POS>
            <NER>O</NER>
            <Speaker>PER0</Speaker>
          </token>
          <token id="24">
            <word>of</word>
            <lemma>of</lemma>
            <CharacterOffsetBegin>19213</CharacterOffsetBegin>
            <CharacterOffsetEnd>19215</CharacterOffsetEnd>
            <POS>IN</POS>
            <NER>O</NER>
            <Speaker>PER0</Speaker>
          </token>
          <token id="25">
            <word>why</word>
            <lemma>why</lemma>
            <CharacterOffsetBegin>19216</CharacterOffsetBegin>
            <CharacterOffsetEnd>19219</CharacterOffsetEnd>
            <POS>WRB</POS>
            <NER>O</NER>
            <Speaker>PER0</Speaker>
          </token>
          <token id="26">
            <word>and</word>
            <lemma>and</lemma>
            <CharacterOffsetBegin>19220</CharacterOffsetBegin>
            <CharacterOffsetEnd>19223</CharacterOffsetEnd>
            <POS>CC</POS>
            <NER>O</NER>
            <Speaker>PER0</Speaker>
          </token>
          <token id="27">
            <word>how</word>
            <lemma>how</lemma>
            <CharacterOffsetBegin>19224</CharacterOffsetBegin>
            <CharacterOffsetEnd>19227</CharacterOffsetEnd>
            <POS>WRB</POS>
            <NER>O</NER>
            <Speaker>PER0</Speaker>
          </token>
          <token id="28">
            <word>this</word>
            <lemma>this</lemma>
            <CharacterOffsetBegin>19228</CharacterOffsetBegin>
            <CharacterOffsetEnd>19232</CharacterOffsetEnd>
            <POS>DT</POS>
            <NER>O</NER>
            <Speaker>PER0</Speaker>
          </token>
          <token id="29">
            <word>could</word>
            <lemma>could</lemma>
            <CharacterOffsetBegin>19233</CharacterOffsetBegin>
            <CharacterOffsetEnd>19238</CharacterOffsetEnd>
            <POS>MD</POS>
            <NER>O</NER>
            <Speaker>PER0</Speaker>
          </token>
          <token id="30">
            <word>be</word>
            <lemma>be</lemma>
            <CharacterOffsetBegin>19239</CharacterOffsetBegin>
            <CharacterOffsetEnd>19241</CharacterOffsetEnd>
            <POS>VB</POS>
            <NER>O</NER>
            <Speaker>PER0</Speaker>
          </token>
          <token id="31">
            <word>dangerous</word>
            <lemma>dangerous</lemma>
            <CharacterOffsetBegin>19242</CharacterOffsetBegin>
            <CharacterOffsetEnd>19251</CharacterOffsetEnd>
            <POS>JJ</POS>
            <NER>O</NER>
            <Speaker>PER0</Speaker>
          </token>
          <token id="32">
            <word>to</word>
            <lemma>to</lemma>
            <CharacterOffsetBegin>19252</CharacterOffsetBegin>
            <CharacterOffsetEnd>19254</CharacterOffsetEnd>
            <POS>TO</POS>
            <NER>O</NER>
            <Speaker>PER0</Speaker>
          </token>
          <token id="33">
            <word>equipment</word>
            <lemma>equipment</lemma>
            <CharacterOffsetBegin>19255</CharacterOffsetBegin>
            <CharacterOffsetEnd>19264</CharacterOffsetEnd>
            <POS>NN</POS>
            <NER>O</NER>
            <Speaker>PER0</Speaker>
          </token>
          <token id="34">
            <word>.</word>
            <lemma>.</lemma>
            <CharacterOffsetBegin>19264</CharacterOffsetBegin>
            <CharacterOffsetEnd>19265</CharacterOffsetEnd>
            <POS>.</POS>
            <NER>O</NER>
            <Speaker>PER0</Speaker>
          </token>
        </tokens>
        <parse>(ROOT (S (PP (IN From) (NP (DT this) (NN training))) (NP (PRP I)) (VP (VBD realised) (SBAR (IN that) (S (SBAR (IN although) (S (NP (PRP I)) (VP (VBD was) (VP (VBG following) (NP (NP (DT the) (NN procedure)) (PRN (-LRB- -LRB-) (VP (VBG wearing) (NP (DT the) (NN ESD) (NN strap))) (-RRB- -RRB-))))))) (, ,) (NP (PRP I)) (VP (VBD was) (RB not) (ADJP (JJ aware) (PP (IN of) (SBAR (WHADVP (WRB why) (CC and) (WRB how)) (S (NP (DT this)) (VP (MD could) (VP (VB be) (ADJP (JJ dangerous) (PP (TO to) (NP (NN equipment)))))))))))))) (. .))) </parse>
        <dependencies type="basic-dependencies">
          <dep type="root">
            <governor idx="0">ROOT</governor>
            <dependent idx="5">realised</dependent>
          </dep>
          <dep type="case">
            <governor idx="3">training</governor>
            <dependent idx="1">From</dependent>
          </dep>
          <dep type="det">
            <governor idx="3">training</governor>
            <dependent idx="2">this</dependent>
          </dep>
          <dep type="nmod">
            <governor idx="5">realised</governor>
            <dependent idx="3">training</dependent>
          </dep>
          <dep type="nsubj">
            <governor idx="5">realised</governor>
            <dependent idx="4">I</dependent>
          </dep>
          <dep type="mark">
            <governor idx="23">aware</governor>
            <dependent idx="6">that</dependent>
          </dep>
          <dep type="mark">
            <governor idx="10">following</governor>
            <dependent idx="7">although</dependent>
          </dep>
          <dep type="nsubj">
            <governor idx="10">following</governor>
            <dependent idx="8">I</dependent>
          </dep>
          <dep type="aux">
            <governor idx="10">following</governor>
            <dependent idx="9">was</dependent>
          </dep>
          <dep type="advcl">
            <governor idx="23">aware</governor>
            <dependent idx="10">following</dependent>
          </dep>
          <dep type="det">
            <governor idx="12">procedure</governor>
            <dependent idx="11">the</dependent>
          </dep>
          <dep type="dobj">
            <governor idx="10">following</governor>
            <dependent idx="12">procedure</dependent>
          </dep>
          <dep type="punct">
            <governor idx="14">wearing</governor>
            <dependent idx="13">-LRB-</dependent>
          </dep>
          <dep type="dep">
            <governor idx="12">procedure</governor>
            <dependent idx="14">wearing</dependent>
          </dep>
          <dep type="det">
            <governor idx="17">strap</governor>
            <dependent idx="15">the</dependent>
          </dep>
          <dep type="compound">
            <governor idx="17">strap</governor>
            <dependent idx="16">ESD</dependent>
          </dep>
          <dep type="dobj">
            <governor idx="14">wearing</governor>
            <dependent idx="17">strap</dependent>
          </dep>
          <dep type="punct">
            <governor idx="14">wearing</governor>
            <dependent idx="18">-RRB-</dependent>
          </dep>
          <dep type="punct">
            <governor idx="23">aware</governor>
            <dependent idx="19">,</dependent>
          </dep>
          <dep type="nsubj">
            <governor idx="23">aware</governor>
            <dependent idx="20">I</dependent>
          </dep>
          <dep type="cop">
            <governor idx="23">aware</governor>
            <dependent idx="21">was</dependent>
          </dep>
          <dep type="neg">
            <governor idx="23">aware</governor>
            <dependent idx="22">not</dependent>
          </dep>
          <dep type="ccomp">
            <governor idx="5">realised</governor>
            <dependent idx="23">aware</dependent>
          </dep>
          <dep type="mark">
            <governor idx="31">dangerous</governor>
            <dependent idx="24">of</dependent>
          </dep>
          <dep type="advmod">
            <governor idx="31">dangerous</governor>
            <dependent idx="25">why</dependent>
          </dep>
          <dep type="cc">
            <governor idx="25">why</governor>
            <dependent idx="26">and</dependent>
          </dep>
          <dep type="dep">
            <governor idx="25">why</governor>
            <dependent idx="27">how</dependent>
          </dep>
          <dep type="nsubj">
            <governor idx="31">dangerous</governor>
            <dependent idx="28">this</dependent>
          </dep>
          <dep type="aux">
            <governor idx="31">dangerous</governor>
            <dependent idx="29">could</dependent>
          </dep>
          <dep type="cop">
            <governor idx="31">dangerous</governor>
            <dependent idx="30">be</dependent>
          </dep>
          <dep type="advcl">
            <governor idx="23">aware</governor>
            <dependent idx="31">dangerous</dependent>
          </dep>
          <dep type="case">
            <governor idx="33">equipment</governor>
            <dependent idx="32">to</dependent>
          </dep>
          <dep type="nmod">
            <governor idx="31">dangerous</governor>
            <dependent idx="33">equipment</dependent>
          </dep>
          <dep type="punct">
            <governor idx="5">realised</governor>
            <dependent idx="34">.</dependent>
          </dep>
        </dependencies>
        <dependencies type="collapsed-dependencies">
          <dep type="root">
            <governor idx="0">ROOT</governor>
            <dependent idx="5">realised</dependent>
          </dep>
          <dep type="case">
            <governor idx="3">training</governor>
            <dependent idx="1">From</dependent>
          </dep>
          <dep type="det">
            <governor idx="3">training</governor>
            <dependent idx="2">this</dependent>
          </dep>
          <dep type="nmod:from">
            <governor idx="5">realised</governor>
            <dependent idx="3">training</dependent>
          </dep>
          <dep type="nsubj">
            <governor idx="5">realised</governor>
            <dependent idx="4">I</dependent>
          </dep>
          <dep type="mark">
            <governor idx="23">aware</governor>
            <dependent idx="6">that</dependent>
          </dep>
          <dep type="mark">
            <governor idx="10">following</governor>
            <dependent idx="7">although</dependent>
          </dep>
          <dep type="nsubj">
            <governor idx="10">following</governor>
            <dependent idx="8">I</dependent>
          </dep>
          <dep type="aux">
            <governor idx="10">following</governor>
            <dependent idx="9">was</dependent>
          </dep>
          <dep type="advcl">
            <governor idx="23">aware</governor>
            <dependent idx="10">following</dependent>
          </dep>
          <dep type="det">
            <governor idx="12">procedure</governor>
            <dependent idx="11">the</dependent>
          </dep>
          <dep type="dobj">
            <governor idx="10">following</governor>
            <dependent idx="12">procedure</dependent>
          </dep>
          <dep type="punct">
            <governor idx="14">wearing</governor>
            <dependent idx="13">-LRB-</dependent>
          </dep>
          <dep type="dep">
            <governor idx="12">procedure</governor>
            <dependent idx="14">wearing</dependent>
          </dep>
          <dep type="det">
            <governor idx="17">strap</governor>
            <dependent idx="15">the</dependent>
          </dep>
          <dep type="compound">
            <governor idx="17">strap</governor>
            <dependent idx="16">ESD</dependent>
          </dep>
          <dep type="dobj">
            <governor idx="14">wearing</governor>
            <dependent idx="17">strap</dependent>
          </dep>
          <dep type="punct">
            <governor idx="14">wearing</governor>
            <dependent idx="18">-RRB-</dependent>
          </dep>
          <dep type="punct">
            <governor idx="23">aware</governor>
            <dependent idx="19">,</dependent>
          </dep>
          <dep type="nsubj">
            <governor idx="23">aware</governor>
            <dependent idx="20">I</dependent>
          </dep>
          <dep type="cop">
            <governor idx="23">aware</governor>
            <dependent idx="21">was</dependent>
          </dep>
          <dep type="neg">
            <governor idx="23">aware</governor>
            <dependent idx="22">not</dependent>
          </dep>
          <dep type="ccomp">
            <governor idx="5">realised</governor>
            <dependent idx="23">aware</dependent>
          </dep>
          <dep type="mark">
            <governor idx="31">dangerous</governor>
            <dependent idx="24">of</dependent>
          </dep>
          <dep type="advmod">
            <governor idx="31">dangerous</governor>
            <dependent idx="25">why</dependent>
          </dep>
          <dep type="cc">
            <governor idx="25">why</governor>
            <dependent idx="26">and</dependent>
          </dep>
          <dep type="dep">
            <governor idx="25">why</governor>
            <dependent idx="27">how</dependent>
          </dep>
          <dep type="nsubj">
            <governor idx="31">dangerous</governor>
            <dependent idx="28">this</dependent>
          </dep>
          <dep type="aux">
            <governor idx="31">dangerous</governor>
            <dependent idx="29">could</dependent>
          </dep>
          <dep type="cop">
            <governor idx="31">dangerous</governor>
            <dependent idx="30">be</dependent>
          </dep>
          <dep type="advcl">
            <governor idx="23">aware</governor>
            <dependent idx="31">dangerous</dependent>
          </dep>
          <dep type="case">
            <governor idx="33">equipment</governor>
            <dependent idx="32">to</dependent>
          </dep>
          <dep type="nmod:to">
            <governor idx="31">dangerous</governor>
            <dependent idx="33">equipment</dependent>
          </dep>
          <dep type="punct">
            <governor idx="5">realised</governor>
            <dependent idx="34">.</dependent>
          </dep>
        </dependencies>
        <dependencies type="collapsed-ccprocessed-dependencies">
          <dep type="root">
            <governor idx="0">ROOT</governor>
            <dependent idx="5">realised</dependent>
          </dep>
          <dep type="case">
            <governor idx="3">training</governor>
            <dependent idx="1">From</dependent>
          </dep>
          <dep type="det">
            <governor idx="3">training</governor>
            <dependent idx="2">this</dependent>
          </dep>
          <dep type="nmod:from">
            <governor idx="5">realised</governor>
            <dependent idx="3">training</dependent>
          </dep>
          <dep type="nsubj">
            <governor idx="5">realised</governor>
            <dependent idx="4">I</dependent>
          </dep>
          <dep type="mark">
            <governor idx="23">aware</governor>
            <dependent idx="6">that</dependent>
          </dep>
          <dep type="mark">
            <governor idx="10">following</governor>
            <dependent idx="7">although</dependent>
          </dep>
          <dep type="nsubj">
            <governor idx="10">following</governor>
            <dependent idx="8">I</dependent>
          </dep>
          <dep type="aux">
            <governor idx="10">following</governor>
            <dependent idx="9">was</dependent>
          </dep>
          <dep type="advcl">
            <governor idx="23">aware</governor>
            <dependent idx="10">following</dependent>
          </dep>
          <dep type="det">
            <governor idx="12">procedure</governor>
            <dependent idx="11">the</dependent>
          </dep>
          <dep type="dobj">
            <governor idx="10">following</governor>
            <dependent idx="12">procedure</dependent>
          </dep>
          <dep type="punct">
            <governor idx="14">wearing</governor>
            <dependent idx="13">-LRB-</dependent>
          </dep>
          <dep type="dep">
            <governor idx="12">procedure</governor>
            <dependent idx="14">wearing</dependent>
          </dep>
          <dep type="det">
            <governor idx="17">strap</governor>
            <dependent idx="15">the</dependent>
          </dep>
          <dep type="compound">
            <governor idx="17">strap</governor>
            <dependent idx="16">ESD</dependent>
          </dep>
          <dep type="dobj">
            <governor idx="14">wearing</governor>
            <dependent idx="17">strap</dependent>
          </dep>
          <dep type="punct">
            <governor idx="14">wearing</governor>
            <dependent idx="18">-RRB-</dependent>
          </dep>
          <dep type="punct">
            <governor idx="23">aware</governor>
            <dependent idx="19">,</dependent>
          </dep>
          <dep type="nsubj">
            <governor idx="23">aware</governor>
            <dependent idx="20">I</dependent>
          </dep>
          <dep type="cop">
            <governor idx="23">aware</governor>
            <dependent idx="21">was</dependent>
          </dep>
          <dep type="neg">
            <governor idx="23">aware</governor>
            <dependent idx="22">not</dependent>
          </dep>
          <dep type="ccomp">
            <governor idx="5">realised</governor>
            <dependent idx="23">aware</dependent>
          </dep>
          <dep type="mark">
            <governor idx="31">dangerous</governor>
            <dependent idx="24">of</dependent>
          </dep>
          <dep type="advmod">
            <governor idx="31">dangerous</governor>
            <dependent idx="25">why</dependent>
          </dep>
          <dep type="cc">
            <governor idx="25">why</governor>
            <dependent idx="26">and</dependent>
          </dep>
          <dep type="dep">
            <governor idx="25">why</governor>
            <dependent idx="27">how</dependent>
          </dep>
          <dep type="nsubj">
            <governor idx="31">dangerous</governor>
            <dependent idx="28">this</dependent>
          </dep>
          <dep type="aux">
            <governor idx="31">dangerous</governor>
            <dependent idx="29">could</dependent>
          </dep>
          <dep type="cop">
            <governor idx="31">dangerous</governor>
            <dependent idx="30">be</dependent>
          </dep>
          <dep type="advcl">
            <governor idx="23">aware</governor>
            <dependent idx="31">dangerous</dependent>
          </dep>
          <dep type="case">
            <governor idx="33">equipment</governor>
            <dependent idx="32">to</dependent>
          </dep>
          <dep type="nmod:to">
            <governor idx="31">dangerous</governor>
            <dependent idx="33">equipment</dependent>
          </dep>
          <dep type="punct">
            <governor idx="5">realised</governor>
            <dependent idx="34">.</dependent>
          </dep>
        </dependencies>
      </sentence>
      <sentence id="166">
        <tokens>
          <token id="1">
            <word>As</word>
            <lemma>as</lemma>
            <CharacterOffsetBegin>19266</CharacterOffsetBegin>
            <CharacterOffsetEnd>19268</CharacterOffsetEnd>
            <POS>RB</POS>
            <NER>O</NER>
            <Speaker>PER0</Speaker>
          </token>
          <token id="2">
            <word>well</word>
            <lemma>well</lemma>
            <CharacterOffsetBegin>19269</CharacterOffsetBegin>
            <CharacterOffsetEnd>19273</CharacterOffsetEnd>
            <POS>RB</POS>
            <NER>O</NER>
            <Speaker>PER0</Speaker>
          </token>
          <token id="3">
            <word>as</word>
            <lemma>as</lemma>
            <CharacterOffsetBegin>19274</CharacterOffsetBegin>
            <CharacterOffsetEnd>19276</CharacterOffsetEnd>
            <POS>IN</POS>
            <NER>O</NER>
            <Speaker>PER0</Speaker>
          </token>
          <token id="4">
            <word>this</word>
            <lemma>this</lemma>
            <CharacterOffsetBegin>19277</CharacterOffsetBegin>
            <CharacterOffsetEnd>19281</CharacterOffsetEnd>
            <POS>DT</POS>
            <NER>O</NER>
            <Speaker>PER0</Speaker>
          </token>
          <token id="5">
            <word>,</word>
            <lemma>,</lemma>
            <CharacterOffsetBegin>19281</CharacterOffsetBegin>
            <CharacterOffsetEnd>19282</CharacterOffsetEnd>
            <POS>,</POS>
            <NER>O</NER>
            <Speaker>PER0</Speaker>
          </token>
          <token id="6">
            <word>the</word>
            <lemma>the</lemma>
            <CharacterOffsetBegin>19283</CharacterOffsetBegin>
            <CharacterOffsetEnd>19286</CharacterOffsetEnd>
            <POS>DT</POS>
            <NER>O</NER>
            <Speaker>PER0</Speaker>
          </token>
          <token id="7">
            <word>training</word>
            <lemma>training</lemma>
            <CharacterOffsetBegin>19287</CharacterOffsetBegin>
            <CharacterOffsetEnd>19295</CharacterOffsetEnd>
            <POS>NN</POS>
            <NER>O</NER>
            <Speaker>PER0</Speaker>
          </token>
          <token id="8">
            <word>identified</word>
            <lemma>identify</lemma>
            <CharacterOffsetBegin>19296</CharacterOffsetBegin>
            <CharacterOffsetEnd>19306</CharacterOffsetEnd>
            <POS>VBD</POS>
            <NER>O</NER>
            <Speaker>PER0</Speaker>
          </token>
          <token id="9">
            <word>things</word>
            <lemma>thing</lemma>
            <CharacterOffsetBegin>19307</CharacterOffsetBegin>
            <CharacterOffsetEnd>19313</CharacterOffsetEnd>
            <POS>NNS</POS>
            <NER>O</NER>
            <Speaker>PER0</Speaker>
          </token>
          <token id="10">
            <word>in</word>
            <lemma>in</lemma>
            <CharacterOffsetBegin>19314</CharacterOffsetBegin>
            <CharacterOffsetEnd>19316</CharacterOffsetEnd>
            <POS>IN</POS>
            <NER>O</NER>
            <Speaker>PER0</Speaker>
          </token>
          <token id="11">
            <word>my</word>
            <lemma>my</lemma>
            <CharacterOffsetBegin>19317</CharacterOffsetBegin>
            <CharacterOffsetEnd>19319</CharacterOffsetEnd>
            <POS>PRP$</POS>
            <NER>O</NER>
            <Speaker>PER0</Speaker>
          </token>
          <token id="12">
            <word>day</word>
            <lemma>day</lemma>
            <CharacterOffsetBegin>19320</CharacterOffsetBegin>
            <CharacterOffsetEnd>19323</CharacterOffsetEnd>
            <POS>NN</POS>
            <NER>DURATION</NER>
            <NormalizedNER>P1D</NormalizedNER>
            <Speaker>PER0</Speaker>
            <Timex tid="t15" type="DURATION">P1D</Timex>
          </token>
          <token id="13">
            <word>to</word>
            <lemma>to</lemma>
            <CharacterOffsetBegin>19324</CharacterOffsetBegin>
            <CharacterOffsetEnd>19326</CharacterOffsetEnd>
            <POS>TO</POS>
            <NER>O</NER>
            <Speaker>PER0</Speaker>
          </token>
          <token id="14">
            <word>day</word>
            <lemma>day</lemma>
            <CharacterOffsetBegin>19327</CharacterOffsetBegin>
            <CharacterOffsetEnd>19330</CharacterOffsetEnd>
            <POS>NN</POS>
            <NER>DURATION</NER>
            <NormalizedNER>P1D</NormalizedNER>
            <Speaker>PER0</Speaker>
            <Timex tid="t15" type="DURATION">P1D</Timex>
          </token>
          <token id="15">
            <word>activities</word>
            <lemma>activity</lemma>
            <CharacterOffsetBegin>19331</CharacterOffsetBegin>
            <CharacterOffsetEnd>19341</CharacterOffsetEnd>
            <POS>NNS</POS>
            <NER>O</NER>
            <Speaker>PER0</Speaker>
          </token>
          <token id="16">
            <word>that</word>
            <lemma>that</lemma>
            <CharacterOffsetBegin>19342</CharacterOffsetBegin>
            <CharacterOffsetEnd>19346</CharacterOffsetEnd>
            <POS>WDT</POS>
            <NER>O</NER>
            <Speaker>PER0</Speaker>
          </token>
          <token id="17">
            <word>could</word>
            <lemma>could</lemma>
            <CharacterOffsetBegin>19347</CharacterOffsetBegin>
            <CharacterOffsetEnd>19352</CharacterOffsetEnd>
            <POS>MD</POS>
            <NER>O</NER>
            <Speaker>PER0</Speaker>
          </token>
          <token id="18">
            <word>be</word>
            <lemma>be</lemma>
            <CharacterOffsetBegin>19353</CharacterOffsetBegin>
            <CharacterOffsetEnd>19355</CharacterOffsetEnd>
            <POS>VB</POS>
            <NER>O</NER>
            <Speaker>PER0</Speaker>
          </token>
          <token id="19">
            <word>dangerous</word>
            <lemma>dangerous</lemma>
            <CharacterOffsetBegin>19356</CharacterOffsetBegin>
            <CharacterOffsetEnd>19365</CharacterOffsetEnd>
            <POS>JJ</POS>
            <NER>O</NER>
            <Speaker>PER0</Speaker>
          </token>
          <token id="20">
            <word>to</word>
            <lemma>to</lemma>
            <CharacterOffsetBegin>19366</CharacterOffsetBegin>
            <CharacterOffsetEnd>19368</CharacterOffsetEnd>
            <POS>TO</POS>
            <NER>O</NER>
            <Speaker>PER0</Speaker>
          </token>
          <token id="21">
            <word>the</word>
            <lemma>the</lemma>
            <CharacterOffsetBegin>19369</CharacterOffsetBegin>
            <CharacterOffsetEnd>19372</CharacterOffsetEnd>
            <POS>DT</POS>
            <NER>O</NER>
            <Speaker>PER0</Speaker>
          </token>
          <token id="22">
            <word>equipment</word>
            <lemma>equipment</lemma>
            <CharacterOffsetBegin>19373</CharacterOffsetBegin>
            <CharacterOffsetEnd>19382</CharacterOffsetEnd>
            <POS>NN</POS>
            <NER>O</NER>
            <Speaker>PER0</Speaker>
          </token>
          <token id="23">
            <word>I</word>
            <lemma>I</lemma>
            <CharacterOffsetBegin>19383</CharacterOffsetBegin>
            <CharacterOffsetEnd>19384</CharacterOffsetEnd>
            <POS>PRP</POS>
            <NER>O</NER>
            <Speaker>PER0</Speaker>
          </token>
          <token id="24">
            <word>was</word>
            <lemma>be</lemma>
            <CharacterOffsetBegin>19385</CharacterOffsetBegin>
            <CharacterOffsetEnd>19388</CharacterOffsetEnd>
            <POS>VBD</POS>
            <NER>O</NER>
            <Speaker>PER0</Speaker>
          </token>
          <token id="25">
            <word>working</word>
            <lemma>work</lemma>
            <CharacterOffsetBegin>19389</CharacterOffsetBegin>
            <CharacterOffsetEnd>19396</CharacterOffsetEnd>
            <POS>VBG</POS>
            <NER>O</NER>
            <Speaker>PER0</Speaker>
          </token>
          <token id="26">
            <word>on</word>
            <lemma>on</lemma>
            <CharacterOffsetBegin>19397</CharacterOffsetBegin>
            <CharacterOffsetEnd>19399</CharacterOffsetEnd>
            <POS>IN</POS>
            <NER>O</NER>
            <Speaker>PER0</Speaker>
          </token>
          <token id="27">
            <word>and</word>
            <lemma>and</lemma>
            <CharacterOffsetBegin>19400</CharacterOffsetBegin>
            <CharacterOffsetEnd>19403</CharacterOffsetEnd>
            <POS>CC</POS>
            <NER>O</NER>
            <Speaker>PER0</Speaker>
          </token>
          <token id="28">
            <word>that</word>
            <lemma>that</lemma>
            <CharacterOffsetBegin>19404</CharacterOffsetBegin>
            <CharacterOffsetEnd>19408</CharacterOffsetEnd>
            <POS>IN</POS>
            <NER>O</NER>
            <Speaker>PER0</Speaker>
          </token>
          <token id="29">
            <word>I</word>
            <lemma>I</lemma>
            <CharacterOffsetBegin>19409</CharacterOffsetBegin>
            <CharacterOffsetEnd>19410</CharacterOffsetEnd>
            <POS>PRP</POS>
            <NER>O</NER>
            <Speaker>PER0</Speaker>
          </token>
          <token id="30">
            <word>was</word>
            <lemma>be</lemma>
            <CharacterOffsetBegin>19411</CharacterOffsetBegin>
            <CharacterOffsetEnd>19414</CharacterOffsetEnd>
            <POS>VBD</POS>
            <NER>O</NER>
            <Speaker>PER0</Speaker>
          </token>
          <token id="31">
            <word>previously</word>
            <lemma>previously</lemma>
            <CharacterOffsetBegin>19415</CharacterOffsetBegin>
            <CharacterOffsetEnd>19425</CharacterOffsetEnd>
            <POS>RB</POS>
            <NER>DATE</NER>
            <NormalizedNER>PAST_REF</NormalizedNER>
            <Speaker>PER0</Speaker>
            <Timex tid="t31" type="DATE">PAST_REF</Timex>
          </token>
          <token id="32">
            <word>unaware</word>
            <lemma>unaware</lemma>
            <CharacterOffsetBegin>19426</CharacterOffsetBegin>
            <CharacterOffsetEnd>19433</CharacterOffsetEnd>
            <POS>JJ</POS>
            <NER>O</NER>
            <Speaker>PER0</Speaker>
          </token>
          <token id="33">
            <word>of</word>
            <lemma>of</lemma>
            <CharacterOffsetBegin>19434</CharacterOffsetBegin>
            <CharacterOffsetEnd>19436</CharacterOffsetEnd>
            <POS>IN</POS>
            <NER>O</NER>
            <Speaker>PER0</Speaker>
          </token>
          <token id="34">
            <word>-</word>
            <lemma>-</lemma>
            <CharacterOffsetBegin>19437</CharacterOffsetBegin>
            <CharacterOffsetEnd>19438</CharacterOffsetEnd>
            <POS>:</POS>
            <NER>O</NER>
            <Speaker>PER0</Speaker>
          </token>
          <token id="35">
            <word>I</word>
            <lemma>I</lemma>
            <CharacterOffsetBegin>19439</CharacterOffsetBegin>
            <CharacterOffsetEnd>19440</CharacterOffsetEnd>
            <POS>PRP</POS>
            <NER>O</NER>
            <Speaker>PER0</Speaker>
          </token>
          <token id="36">
            <word>thought</word>
            <lemma>think</lemma>
            <CharacterOffsetBegin>19441</CharacterOffsetBegin>
            <CharacterOffsetEnd>19448</CharacterOffsetEnd>
            <POS>VBD</POS>
            <NER>O</NER>
            <Speaker>PER0</Speaker>
          </token>
          <token id="37">
            <word>that</word>
            <lemma>that</lemma>
            <CharacterOffsetBegin>19449</CharacterOffsetBegin>
            <CharacterOffsetEnd>19453</CharacterOffsetEnd>
            <POS>IN</POS>
            <NER>O</NER>
            <Speaker>PER0</Speaker>
          </token>
          <token id="38">
            <word>just</word>
            <lemma>just</lemma>
            <CharacterOffsetBegin>19454</CharacterOffsetBegin>
            <CharacterOffsetEnd>19458</CharacterOffsetEnd>
            <POS>RB</POS>
            <NER>O</NER>
            <Speaker>PER0</Speaker>
          </token>
          <token id="39">
            <word>wearing</word>
            <lemma>wear</lemma>
            <CharacterOffsetBegin>19459</CharacterOffsetBegin>
            <CharacterOffsetEnd>19466</CharacterOffsetEnd>
            <POS>VBG</POS>
            <NER>O</NER>
            <Speaker>PER0</Speaker>
          </token>
          <token id="40">
            <word>the</word>
            <lemma>the</lemma>
            <CharacterOffsetBegin>19467</CharacterOffsetBegin>
            <CharacterOffsetEnd>19470</CharacterOffsetEnd>
            <POS>DT</POS>
            <NER>O</NER>
            <Speaker>PER0</Speaker>
          </token>
          <token id="41">
            <word>ESD</word>
            <lemma>esd</lemma>
            <CharacterOffsetBegin>19471</CharacterOffsetBegin>
            <CharacterOffsetEnd>19474</CharacterOffsetEnd>
            <POS>NN</POS>
            <NER>O</NER>
            <Speaker>PER0</Speaker>
          </token>
          <token id="42">
            <word>strap</word>
            <lemma>strap</lemma>
            <CharacterOffsetBegin>19475</CharacterOffsetBegin>
            <CharacterOffsetEnd>19480</CharacterOffsetEnd>
            <POS>NN</POS>
            <NER>O</NER>
            <Speaker>PER0</Speaker>
          </token>
          <token id="43">
            <word>meant</word>
            <lemma>mean</lemma>
            <CharacterOffsetBegin>19481</CharacterOffsetBegin>
            <CharacterOffsetEnd>19486</CharacterOffsetEnd>
            <POS>VBD</POS>
            <NER>O</NER>
            <Speaker>PER0</Speaker>
          </token>
          <token id="44">
            <word>that</word>
            <lemma>that</lemma>
            <CharacterOffsetBegin>19487</CharacterOffsetBegin>
            <CharacterOffsetEnd>19491</CharacterOffsetEnd>
            <POS>IN</POS>
            <NER>O</NER>
            <Speaker>PER0</Speaker>
          </token>
          <token id="45">
            <word>I</word>
            <lemma>I</lemma>
            <CharacterOffsetBegin>19492</CharacterOffsetBegin>
            <CharacterOffsetEnd>19493</CharacterOffsetEnd>
            <POS>PRP</POS>
            <NER>O</NER>
            <Speaker>PER0</Speaker>
          </token>
          <token id="46">
            <word>was</word>
            <lemma>be</lemma>
            <CharacterOffsetBegin>19494</CharacterOffsetBegin>
            <CharacterOffsetEnd>19497</CharacterOffsetEnd>
            <POS>VBD</POS>
            <NER>O</NER>
            <Speaker>PER0</Speaker>
          </token>
          <token id="47">
            <word>abiding</word>
            <lemma>abide</lemma>
            <CharacterOffsetBegin>19498</CharacterOffsetBegin>
            <CharacterOffsetEnd>19505</CharacterOffsetEnd>
            <POS>VBG</POS>
            <NER>O</NER>
            <Speaker>PER0</Speaker>
          </token>
          <token id="48">
            <word>by</word>
            <lemma>by</lemma>
            <CharacterOffsetBegin>19506</CharacterOffsetBegin>
            <CharacterOffsetEnd>19508</CharacterOffsetEnd>
            <POS>IN</POS>
            <NER>O</NER>
            <Speaker>PER0</Speaker>
          </token>
          <token id="49">
            <word>the</word>
            <lemma>the</lemma>
            <CharacterOffsetBegin>19509</CharacterOffsetBegin>
            <CharacterOffsetEnd>19512</CharacterOffsetEnd>
            <POS>DT</POS>
            <NER>O</NER>
            <Speaker>PER0</Speaker>
          </token>
          <token id="50">
            <word>rules</word>
            <lemma>rule</lemma>
            <CharacterOffsetBegin>19513</CharacterOffsetBegin>
            <CharacterOffsetEnd>19518</CharacterOffsetEnd>
            <POS>NNS</POS>
            <NER>O</NER>
            <Speaker>PER0</Speaker>
          </token>
          <token id="51">
            <word>.</word>
            <lemma>.</lemma>
            <CharacterOffsetBegin>19518</CharacterOffsetBegin>
            <CharacterOffsetEnd>19519</CharacterOffsetEnd>
            <POS>.</POS>
            <NER>O</NER>
            <Speaker>PER0</Speaker>
          </token>
        </tokens>
        <parse>(ROOT (S (S (ADVP (ADVP (RB As) (RB well)) (PP (IN as) (NP (DT this)))) (, ,) (NP (DT the) (NN training)) (VP (VBD identified) (NP (NNS things)) (PP (IN in) (NP (PRP$ my) (NN day))) (PP (TO to) (NP (NP (NN day) (NNS activities)) (SBAR (WHNP (WDT that)) (S (VP (MD could) (VP (VB be) (ADJP (JJ dangerous) (PP (TO to) (NP (DT the) (NN equipment)))) (SBAR (SBAR (S (NP (PRP I)) (VP (VBD was) (VP (VBG working) (PP (IN on)))))) (CC and) (SBAR (IN that) (S (NP (PRP I)) (VP (VBD was) (ADJP (RB previously) (JJ unaware) (PP (IN of))))))))))))))) (: -) (S (NP (PRP I)) (VP (VBD thought) (SBAR (IN that) (S (S (VP (ADVP (RB just)) (VBG wearing) (NP (DT the) (NN ESD) (NN strap)))) (VP (VBD meant) (SBAR (IN that) (S (NP (PRP I)) (VP (VBD was) (VP (VBG abiding) (PP (IN by) (NP (DT the) (NNS rules)))))))))))) (. .))) </parse>
        <dependencies type="basic-dependencies">
          <dep type="root">
            <governor idx="0">ROOT</governor>
            <dependent idx="8">identified</dependent>
          </dep>
          <dep type="advmod">
            <governor idx="8">identified</governor>
            <dependent idx="1">As</dependent>
          </dep>
          <dep type="mwe">
            <governor idx="1">As</governor>
            <dependent idx="2">well</dependent>
          </dep>
          <dep type="case">
            <governor idx="4">this</governor>
            <dependent idx="3">as</dependent>
          </dep>
          <dep type="nmod">
            <governor idx="1">As</governor>
            <dependent idx="4">this</dependent>
          </dep>
          <dep type="punct">
            <governor idx="8">identified</governor>
            <dependent idx="5">,</dependent>
          </dep>
          <dep type="det">
            <governor idx="7">training</governor>
            <dependent idx="6">the</dependent>
          </dep>
          <dep type="nsubj">
            <governor idx="8">identified</governor>
            <dependent idx="7">training</dependent>
          </dep>
          <dep type="dobj">
            <governor idx="8">identified</governor>
            <dependent idx="9">things</dependent>
          </dep>
          <dep type="case">
            <governor idx="12">day</governor>
            <dependent idx="10">in</dependent>
          </dep>
          <dep type="nmod:poss">
            <governor idx="12">day</governor>
            <dependent idx="11">my</dependent>
          </dep>
          <dep type="nmod">
            <governor idx="8">identified</governor>
            <dependent idx="12">day</dependent>
          </dep>
          <dep type="case">
            <governor idx="15">activities</governor>
            <dependent idx="13">to</dependent>
          </dep>
          <dep type="compound">
            <governor idx="15">activities</governor>
            <dependent idx="14">day</dependent>
          </dep>
          <dep type="nmod">
            <governor idx="8">identified</governor>
            <dependent idx="15">activities</dependent>
          </dep>
          <dep type="nsubj">
            <governor idx="19">dangerous</governor>
            <dependent idx="16">that</dependent>
          </dep>
          <dep type="aux">
            <governor idx="19">dangerous</governor>
            <dependent idx="17">could</dependent>
          </dep>
          <dep type="cop">
            <governor idx="19">dangerous</governor>
            <dependent idx="18">be</dependent>
          </dep>
          <dep type="acl:relcl">
            <governor idx="15">activities</governor>
            <dependent idx="19">dangerous</dependent>
          </dep>
          <dep type="case">
            <governor idx="22">equipment</governor>
            <dependent idx="20">to</dependent>
          </dep>
          <dep type="det">
            <governor idx="22">equipment</governor>
            <dependent idx="21">the</dependent>
          </dep>
          <dep type="nmod">
            <governor idx="19">dangerous</governor>
            <dependent idx="22">equipment</dependent>
          </dep>
          <dep type="nsubj">
            <governor idx="25">working</governor>
            <dependent idx="23">I</dependent>
          </dep>
          <dep type="aux">
            <governor idx="25">working</governor>
            <dependent idx="24">was</dependent>
          </dep>
          <dep type="ccomp">
            <governor idx="19">dangerous</governor>
            <dependent idx="25">working</dependent>
          </dep>
          <dep type="nmod">
            <governor idx="25">working</governor>
            <dependent idx="26">on</dependent>
          </dep>
          <dep type="cc">
            <governor idx="25">working</governor>
            <dependent idx="27">and</dependent>
          </dep>
          <dep type="mark">
            <governor idx="32">unaware</governor>
            <dependent idx="28">that</dependent>
          </dep>
          <dep type="nsubj">
            <governor idx="32">unaware</governor>
            <dependent idx="29">I</dependent>
          </dep>
          <dep type="cop">
            <governor idx="32">unaware</governor>
            <dependent idx="30">was</dependent>
          </dep>
          <dep type="advmod">
            <governor idx="32">unaware</governor>
            <dependent idx="31">previously</dependent>
          </dep>
          <dep type="conj">
            <governor idx="25">working</governor>
            <dependent idx="32">unaware</dependent>
          </dep>
          <dep type="nmod">
            <governor idx="32">unaware</governor>
            <dependent idx="33">of</dependent>
          </dep>
          <dep type="punct">
            <governor idx="8">identified</governor>
            <dependent idx="34">-</dependent>
          </dep>
          <dep type="nsubj">
            <governor idx="36">thought</governor>
            <dependent idx="35">I</dependent>
          </dep>
          <dep type="parataxis">
            <governor idx="8">identified</governor>
            <dependent idx="36">thought</dependent>
          </dep>
          <dep type="mark">
            <governor idx="43">meant</governor>
            <dependent idx="37">that</dependent>
          </dep>
          <dep type="advmod">
            <governor idx="39">wearing</governor>
            <dependent idx="38">just</dependent>
          </dep>
          <dep type="csubj">
            <governor idx="43">meant</governor>
            <dependent idx="39">wearing</dependent>
          </dep>
          <dep type="det">
            <governor idx="42">strap</governor>
            <dependent idx="40">the</dependent>
          </dep>
          <dep type="compound">
            <governor idx="42">strap</governor>
            <dependent idx="41">ESD</dependent>
          </dep>
          <dep type="dobj">
            <governor idx="39">wearing</governor>
            <dependent idx="42">strap</dependent>
          </dep>
          <dep type="ccomp">
            <governor idx="36">thought</governor>
            <dependent idx="43">meant</dependent>
          </dep>
          <dep type="mark">
            <governor idx="47">abiding</governor>
            <dependent idx="44">that</dependent>
          </dep>
          <dep type="nsubj">
            <governor idx="47">abiding</governor>
            <dependent idx="45">I</dependent>
          </dep>
          <dep type="aux">
            <governor idx="47">abiding</governor>
            <dependent idx="46">was</dependent>
          </dep>
          <dep type="ccomp">
            <governor idx="43">meant</governor>
            <dependent idx="47">abiding</dependent>
          </dep>
          <dep type="case">
            <governor idx="50">rules</governor>
            <dependent idx="48">by</dependent>
          </dep>
          <dep type="det">
            <governor idx="50">rules</governor>
            <dependent idx="49">the</dependent>
          </dep>
          <dep type="nmod">
            <governor idx="47">abiding</governor>
            <dependent idx="50">rules</dependent>
          </dep>
          <dep type="punct">
            <governor idx="8">identified</governor>
            <dependent idx="51">.</dependent>
          </dep>
        </dependencies>
        <dependencies type="collapsed-dependencies">
          <dep type="root">
            <governor idx="0">ROOT</governor>
            <dependent idx="8">identified</dependent>
          </dep>
          <dep type="advmod">
            <governor idx="8">identified</governor>
            <dependent idx="1">As</dependent>
          </dep>
          <dep type="mwe">
            <governor idx="1">As</governor>
            <dependent idx="2">well</dependent>
          </dep>
          <dep type="case">
            <governor idx="4">this</governor>
            <dependent idx="3">as</dependent>
          </dep>
          <dep type="nmod:as">
            <governor idx="1">As</governor>
            <dependent idx="4">this</dependent>
          </dep>
          <dep type="punct">
            <governor idx="8">identified</governor>
            <dependent idx="5">,</dependent>
          </dep>
          <dep type="det">
            <governor idx="7">training</governor>
            <dependent idx="6">the</dependent>
          </dep>
          <dep type="nsubj">
            <governor idx="8">identified</governor>
            <dependent idx="7">training</dependent>
          </dep>
          <dep type="dobj">
            <governor idx="8">identified</governor>
            <dependent idx="9">things</dependent>
          </dep>
          <dep type="case">
            <governor idx="12">day</governor>
            <dependent idx="10">in</dependent>
          </dep>
          <dep type="nmod:poss">
            <governor idx="12">day</governor>
            <dependent idx="11">my</dependent>
          </dep>
          <dep type="nmod:in">
            <governor idx="8">identified</governor>
            <dependent idx="12">day</dependent>
          </dep>
          <dep type="case">
            <governor idx="15">activities</governor>
            <dependent idx="13">to</dependent>
          </dep>
          <dep type="compound">
            <governor idx="15">activities</governor>
            <dependent idx="14">day</dependent>
          </dep>
          <dep type="nmod:to">
            <governor idx="8">identified</governor>
            <dependent idx="15">activities</dependent>
          </dep>
          <dep type="nsubj">
            <governor idx="19">dangerous</governor>
            <dependent idx="16">that</dependent>
          </dep>
          <dep type="aux">
            <governor idx="19">dangerous</governor>
            <dependent idx="17">could</dependent>
          </dep>
          <dep type="cop">
            <governor idx="19">dangerous</governor>
            <dependent idx="18">be</dependent>
          </dep>
          <dep type="acl:relcl">
            <governor idx="15">activities</governor>
            <dependent idx="19">dangerous</dependent>
          </dep>
          <dep type="case">
            <governor idx="22">equipment</governor>
            <dependent idx="20">to</dependent>
          </dep>
          <dep type="det">
            <governor idx="22">equipment</governor>
            <dependent idx="21">the</dependent>
          </dep>
          <dep type="nmod:to">
            <governor idx="19">dangerous</governor>
            <dependent idx="22">equipment</dependent>
          </dep>
          <dep type="nsubj">
            <governor idx="25">working</governor>
            <dependent idx="23">I</dependent>
          </dep>
          <dep type="aux">
            <governor idx="25">working</governor>
            <dependent idx="24">was</dependent>
          </dep>
          <dep type="ccomp">
            <governor idx="19">dangerous</governor>
            <dependent idx="25">working</dependent>
          </dep>
          <dep type="nmod">
            <governor idx="25">working</governor>
            <dependent idx="26">on</dependent>
          </dep>
          <dep type="cc">
            <governor idx="25">working</governor>
            <dependent idx="27">and</dependent>
          </dep>
          <dep type="mark">
            <governor idx="32">unaware</governor>
            <dependent idx="28">that</dependent>
          </dep>
          <dep type="nsubj">
            <governor idx="32">unaware</governor>
            <dependent idx="29">I</dependent>
          </dep>
          <dep type="cop">
            <governor idx="32">unaware</governor>
            <dependent idx="30">was</dependent>
          </dep>
          <dep type="advmod">
            <governor idx="32">unaware</governor>
            <dependent idx="31">previously</dependent>
          </dep>
          <dep type="conj:and">
            <governor idx="25">working</governor>
            <dependent idx="32">unaware</dependent>
          </dep>
          <dep type="nmod">
            <governor idx="32">unaware</governor>
            <dependent idx="33">of</dependent>
          </dep>
          <dep type="punct">
            <governor idx="8">identified</governor>
            <dependent idx="34">-</dependent>
          </dep>
          <dep type="nsubj">
            <governor idx="36">thought</governor>
            <dependent idx="35">I</dependent>
          </dep>
          <dep type="parataxis">
            <governor idx="8">identified</governor>
            <dependent idx="36">thought</dependent>
          </dep>
          <dep type="mark">
            <governor idx="43">meant</governor>
            <dependent idx="37">that</dependent>
          </dep>
          <dep type="advmod">
            <governor idx="39">wearing</governor>
            <dependent idx="38">just</dependent>
          </dep>
          <dep type="csubj">
            <governor idx="43">meant</governor>
            <dependent idx="39">wearing</dependent>
          </dep>
          <dep type="det">
            <governor idx="42">strap</governor>
            <dependent idx="40">the</dependent>
          </dep>
          <dep type="compound">
            <governor idx="42">strap</governor>
            <dependent idx="41">ESD</dependent>
          </dep>
          <dep type="dobj">
            <governor idx="39">wearing</governor>
            <dependent idx="42">strap</dependent>
          </dep>
          <dep type="ccomp">
            <governor idx="36">thought</governor>
            <dependent idx="43">meant</dependent>
          </dep>
          <dep type="mark">
            <governor idx="47">abiding</governor>
            <dependent idx="44">that</dependent>
          </dep>
          <dep type="nsubj">
            <governor idx="47">abiding</governor>
            <dependent idx="45">I</dependent>
          </dep>
          <dep type="aux">
            <governor idx="47">abiding</governor>
            <dependent idx="46">was</dependent>
          </dep>
          <dep type="ccomp">
            <governor idx="43">meant</governor>
            <dependent idx="47">abiding</dependent>
          </dep>
          <dep type="case">
            <governor idx="50">rules</governor>
            <dependent idx="48">by</dependent>
          </dep>
          <dep type="det">
            <governor idx="50">rules</governor>
            <dependent idx="49">the</dependent>
          </dep>
          <dep type="nmod:by">
            <governor idx="47">abiding</governor>
            <dependent idx="50">rules</dependent>
          </dep>
          <dep type="punct">
            <governor idx="8">identified</governor>
            <dependent idx="51">.</dependent>
          </dep>
        </dependencies>
        <dependencies type="collapsed-ccprocessed-dependencies">
          <dep type="root">
            <governor idx="0">ROOT</governor>
            <dependent idx="8">identified</dependent>
          </dep>
          <dep type="advmod">
            <governor idx="8">identified</governor>
            <dependent idx="1">As</dependent>
          </dep>
          <dep type="mwe">
            <governor idx="1">As</governor>
            <dependent idx="2">well</dependent>
          </dep>
          <dep type="case">
            <governor idx="4">this</governor>
            <dependent idx="3">as</dependent>
          </dep>
          <dep type="nmod:as">
            <governor idx="1">As</governor>
            <dependent idx="4">this</dependent>
          </dep>
          <dep type="punct">
            <governor idx="8">identified</governor>
            <dependent idx="5">,</dependent>
          </dep>
          <dep type="det">
            <governor idx="7">training</governor>
            <dependent idx="6">the</dependent>
          </dep>
          <dep type="nsubj">
            <governor idx="8">identified</governor>
            <dependent idx="7">training</dependent>
          </dep>
          <dep type="dobj">
            <governor idx="8">identified</governor>
            <dependent idx="9">things</dependent>
          </dep>
          <dep type="case">
            <governor idx="12">day</governor>
            <dependent idx="10">in</dependent>
          </dep>
          <dep type="nmod:poss">
            <governor idx="12">day</governor>
            <dependent idx="11">my</dependent>
          </dep>
          <dep type="nmod:in">
            <governor idx="8">identified</governor>
            <dependent idx="12">day</dependent>
          </dep>
          <dep type="case">
            <governor idx="15">activities</governor>
            <dependent idx="13">to</dependent>
          </dep>
          <dep type="compound">
            <governor idx="15">activities</governor>
            <dependent idx="14">day</dependent>
          </dep>
          <dep type="nmod:to">
            <governor idx="8">identified</governor>
            <dependent idx="15">activities</dependent>
          </dep>
          <dep type="nsubj">
            <governor idx="19">dangerous</governor>
            <dependent idx="16">that</dependent>
          </dep>
          <dep type="aux">
            <governor idx="19">dangerous</governor>
            <dependent idx="17">could</dependent>
          </dep>
          <dep type="cop">
            <governor idx="19">dangerous</governor>
            <dependent idx="18">be</dependent>
          </dep>
          <dep type="acl:relcl">
            <governor idx="15">activities</governor>
            <dependent idx="19">dangerous</dependent>
          </dep>
          <dep type="case">
            <governor idx="22">equipment</governor>
            <dependent idx="20">to</dependent>
          </dep>
          <dep type="det">
            <governor idx="22">equipment</governor>
            <dependent idx="21">the</dependent>
          </dep>
          <dep type="nmod:to">
            <governor idx="19">dangerous</governor>
            <dependent idx="22">equipment</dependent>
          </dep>
          <dep type="nsubj">
            <governor idx="25">working</governor>
            <dependent idx="23">I</dependent>
          </dep>
          <dep type="aux">
            <governor idx="25">working</governor>
            <dependent idx="24">was</dependent>
          </dep>
          <dep type="ccomp">
            <governor idx="19">dangerous</governor>
            <dependent idx="25">working</dependent>
          </dep>
          <dep type="nmod">
            <governor idx="25">working</governor>
            <dependent idx="26">on</dependent>
          </dep>
          <dep type="cc">
            <governor idx="25">working</governor>
            <dependent idx="27">and</dependent>
          </dep>
          <dep type="mark">
            <governor idx="32">unaware</governor>
            <dependent idx="28">that</dependent>
          </dep>
          <dep type="nsubj">
            <governor idx="32">unaware</governor>
            <dependent idx="29">I</dependent>
          </dep>
          <dep type="cop">
            <governor idx="32">unaware</governor>
            <dependent idx="30">was</dependent>
          </dep>
          <dep type="advmod">
            <governor idx="32">unaware</governor>
            <dependent idx="31">previously</dependent>
          </dep>
          <dep type="ccomp" extra="true">
            <governor idx="19">dangerous</governor>
            <dependent idx="32">unaware</dependent>
          </dep>
          <dep type="conj:and">
            <governor idx="25">working</governor>
            <dependent idx="32">unaware</dependent>
          </dep>
          <dep type="nmod">
            <governor idx="32">unaware</governor>
            <dependent idx="33">of</dependent>
          </dep>
          <dep type="punct">
            <governor idx="8">identified</governor>
            <dependent idx="34">-</dependent>
          </dep>
          <dep type="nsubj">
            <governor idx="36">thought</governor>
            <dependent idx="35">I</dependent>
          </dep>
          <dep type="parataxis">
            <governor idx="8">identified</governor>
            <dependent idx="36">thought</dependent>
          </dep>
          <dep type="mark">
            <governor idx="43">meant</governor>
            <dependent idx="37">that</dependent>
          </dep>
          <dep type="advmod">
            <governor idx="39">wearing</governor>
            <dependent idx="38">just</dependent>
          </dep>
          <dep type="csubj">
            <governor idx="43">meant</governor>
            <dependent idx="39">wearing</dependent>
          </dep>
          <dep type="det">
            <governor idx="42">strap</governor>
            <dependent idx="40">the</dependent>
          </dep>
          <dep type="compound">
            <governor idx="42">strap</governor>
            <dependent idx="41">ESD</dependent>
          </dep>
          <dep type="dobj">
            <governor idx="39">wearing</governor>
            <dependent idx="42">strap</dependent>
          </dep>
          <dep type="ccomp">
            <governor idx="36">thought</governor>
            <dependent idx="43">meant</dependent>
          </dep>
          <dep type="mark">
            <governor idx="47">abiding</governor>
            <dependent idx="44">that</dependent>
          </dep>
          <dep type="nsubj">
            <governor idx="47">abiding</governor>
            <dependent idx="45">I</dependent>
          </dep>
          <dep type="aux">
            <governor idx="47">abiding</governor>
            <dependent idx="46">was</dependent>
          </dep>
          <dep type="ccomp">
            <governor idx="43">meant</governor>
            <dependent idx="47">abiding</dependent>
          </dep>
          <dep type="case">
            <governor idx="50">rules</governor>
            <dependent idx="48">by</dependent>
          </dep>
          <dep type="det">
            <governor idx="50">rules</governor>
            <dependent idx="49">the</dependent>
          </dep>
          <dep type="nmod:by">
            <governor idx="47">abiding</governor>
            <dependent idx="50">rules</dependent>
          </dep>
          <dep type="punct">
            <governor idx="8">identified</governor>
            <dependent idx="51">.</dependent>
          </dep>
        </dependencies>
      </sentence>
      <sentence id="167">
        <tokens>
          <token id="1">
            <word>I</word>
            <lemma>I</lemma>
            <CharacterOffsetBegin>19520</CharacterOffsetBegin>
            <CharacterOffsetEnd>19521</CharacterOffsetEnd>
            <POS>PRP</POS>
            <NER>O</NER>
            <Speaker>PER0</Speaker>
          </token>
          <token id="2">
            <word>was</word>
            <lemma>be</lemma>
            <CharacterOffsetBegin>19522</CharacterOffsetBegin>
            <CharacterOffsetEnd>19525</CharacterOffsetEnd>
            <POS>VBD</POS>
            <NER>O</NER>
            <Speaker>PER0</Speaker>
          </token>
          <token id="3">
            <word>not</word>
            <lemma>not</lemma>
            <CharacterOffsetBegin>19526</CharacterOffsetBegin>
            <CharacterOffsetEnd>19529</CharacterOffsetEnd>
            <POS>RB</POS>
            <NER>O</NER>
            <Speaker>PER0</Speaker>
          </token>
          <token id="4">
            <word>aware</word>
            <lemma>aware</lemma>
            <CharacterOffsetBegin>19530</CharacterOffsetBegin>
            <CharacterOffsetEnd>19535</CharacterOffsetEnd>
            <POS>JJ</POS>
            <NER>O</NER>
            <Speaker>PER0</Speaker>
          </token>
          <token id="5">
            <word>of</word>
            <lemma>of</lemma>
            <CharacterOffsetBegin>19536</CharacterOffsetBegin>
            <CharacterOffsetEnd>19538</CharacterOffsetEnd>
            <POS>IN</POS>
            <NER>O</NER>
            <Speaker>PER0</Speaker>
          </token>
          <token id="6">
            <word>what</word>
            <lemma>what</lemma>
            <CharacterOffsetBegin>19539</CharacterOffsetBegin>
            <CharacterOffsetEnd>19543</CharacterOffsetEnd>
            <POS>WP</POS>
            <NER>O</NER>
            <Speaker>PER0</Speaker>
          </token>
          <token id="7">
            <word>the</word>
            <lemma>the</lemma>
            <CharacterOffsetBegin>19544</CharacterOffsetBegin>
            <CharacterOffsetEnd>19547</CharacterOffsetEnd>
            <POS>DT</POS>
            <NER>O</NER>
            <Speaker>PER0</Speaker>
          </token>
          <token id="8">
            <word>strap</word>
            <lemma>strap</lemma>
            <CharacterOffsetBegin>19548</CharacterOffsetBegin>
            <CharacterOffsetEnd>19553</CharacterOffsetEnd>
            <POS>NN</POS>
            <NER>O</NER>
            <Speaker>PER0</Speaker>
          </token>
          <token id="9">
            <word>really</word>
            <lemma>really</lemma>
            <CharacterOffsetBegin>19554</CharacterOffsetBegin>
            <CharacterOffsetEnd>19560</CharacterOffsetEnd>
            <POS>RB</POS>
            <NER>O</NER>
            <Speaker>PER0</Speaker>
          </token>
          <token id="10">
            <word>did</word>
            <lemma>do</lemma>
            <CharacterOffsetBegin>19561</CharacterOffsetBegin>
            <CharacterOffsetEnd>19564</CharacterOffsetEnd>
            <POS>VBD</POS>
            <NER>O</NER>
            <Speaker>PER0</Speaker>
          </token>
          <token id="11">
            <word>or</word>
            <lemma>or</lemma>
            <CharacterOffsetBegin>19565</CharacterOffsetBegin>
            <CharacterOffsetEnd>19567</CharacterOffsetEnd>
            <POS>CC</POS>
            <NER>O</NER>
            <Speaker>PER0</Speaker>
          </token>
          <token id="12">
            <word>what</word>
            <lemma>what</lemma>
            <CharacterOffsetBegin>19568</CharacterOffsetBegin>
            <CharacterOffsetEnd>19572</CharacterOffsetEnd>
            <POS>WP</POS>
            <NER>O</NER>
            <Speaker>PER0</Speaker>
          </token>
          <token id="13">
            <word>extra</word>
            <lemma>extra</lemma>
            <CharacterOffsetBegin>19573</CharacterOffsetBegin>
            <CharacterOffsetEnd>19578</CharacterOffsetEnd>
            <POS>JJ</POS>
            <NER>O</NER>
            <Speaker>PER0</Speaker>
          </token>
          <token id="14">
            <word>precautions</word>
            <lemma>precaution</lemma>
            <CharacterOffsetBegin>19579</CharacterOffsetBegin>
            <CharacterOffsetEnd>19590</CharacterOffsetEnd>
            <POS>NNS</POS>
            <NER>O</NER>
            <Speaker>PER0</Speaker>
          </token>
          <token id="15">
            <word>I</word>
            <lemma>I</lemma>
            <CharacterOffsetBegin>19591</CharacterOffsetBegin>
            <CharacterOffsetEnd>19592</CharacterOffsetEnd>
            <POS>PRP</POS>
            <NER>O</NER>
            <Speaker>PER0</Speaker>
          </token>
          <token id="16">
            <word>needed</word>
            <lemma>need</lemma>
            <CharacterOffsetBegin>19593</CharacterOffsetBegin>
            <CharacterOffsetEnd>19599</CharacterOffsetEnd>
            <POS>VBD</POS>
            <NER>O</NER>
            <Speaker>PER0</Speaker>
          </token>
          <token id="17">
            <word>to</word>
            <lemma>to</lemma>
            <CharacterOffsetBegin>19600</CharacterOffsetBegin>
            <CharacterOffsetEnd>19602</CharacterOffsetEnd>
            <POS>TO</POS>
            <NER>O</NER>
            <Speaker>PER0</Speaker>
          </token>
          <token id="18">
            <word>take</word>
            <lemma>take</lemma>
            <CharacterOffsetBegin>19603</CharacterOffsetBegin>
            <CharacterOffsetEnd>19607</CharacterOffsetEnd>
            <POS>VB</POS>
            <NER>O</NER>
            <Speaker>PER0</Speaker>
          </token>
          <token id="19">
            <word>in</word>
            <lemma>in</lemma>
            <CharacterOffsetBegin>19608</CharacterOffsetBegin>
            <CharacterOffsetEnd>19610</CharacterOffsetEnd>
            <POS>RP</POS>
            <NER>O</NER>
            <Speaker>PER0</Speaker>
          </token>
          <token id="20">
            <word>order</word>
            <lemma>order</lemma>
            <CharacterOffsetBegin>19611</CharacterOffsetBegin>
            <CharacterOffsetEnd>19616</CharacterOffsetEnd>
            <POS>NN</POS>
            <NER>O</NER>
            <Speaker>PER0</Speaker>
          </token>
          <token id="21">
            <word>to</word>
            <lemma>to</lemma>
            <CharacterOffsetBegin>19617</CharacterOffsetBegin>
            <CharacterOffsetEnd>19619</CharacterOffsetEnd>
            <POS>TO</POS>
            <NER>O</NER>
            <Speaker>PER0</Speaker>
          </token>
          <token id="22">
            <word>compensate</word>
            <lemma>compensate</lemma>
            <CharacterOffsetBegin>19620</CharacterOffsetBegin>
            <CharacterOffsetEnd>19630</CharacterOffsetEnd>
            <POS>VB</POS>
            <NER>O</NER>
            <Speaker>PER0</Speaker>
          </token>
          <token id="23">
            <word>for</word>
            <lemma>for</lemma>
            <CharacterOffsetBegin>19631</CharacterOffsetBegin>
            <CharacterOffsetEnd>19634</CharacterOffsetEnd>
            <POS>IN</POS>
            <NER>O</NER>
            <Speaker>PER0</Speaker>
          </token>
          <token id="24">
            <word>what</word>
            <lemma>what</lemma>
            <CharacterOffsetBegin>19635</CharacterOffsetBegin>
            <CharacterOffsetEnd>19639</CharacterOffsetEnd>
            <POS>WP</POS>
            <NER>O</NER>
            <Speaker>PER0</Speaker>
          </token>
          <token id="25">
            <word>the</word>
            <lemma>the</lemma>
            <CharacterOffsetBegin>19640</CharacterOffsetBegin>
            <CharacterOffsetEnd>19643</CharacterOffsetEnd>
            <POS>DT</POS>
            <NER>O</NER>
            <Speaker>PER0</Speaker>
          </token>
          <token id="26">
            <word>strap</word>
            <lemma>strap</lemma>
            <CharacterOffsetBegin>19644</CharacterOffsetBegin>
            <CharacterOffsetEnd>19649</CharacterOffsetEnd>
            <POS>NN</POS>
            <NER>O</NER>
            <Speaker>PER0</Speaker>
          </token>
          <token id="27">
            <word>does</word>
            <lemma>do</lemma>
            <CharacterOffsetBegin>19650</CharacterOffsetBegin>
            <CharacterOffsetEnd>19654</CharacterOffsetEnd>
            <POS>VBZ</POS>
            <NER>O</NER>
            <Speaker>PER0</Speaker>
          </token>
          <token id="28">
            <word>not</word>
            <lemma>not</lemma>
            <CharacterOffsetBegin>19655</CharacterOffsetBegin>
            <CharacterOffsetEnd>19658</CharacterOffsetEnd>
            <POS>RB</POS>
            <NER>O</NER>
            <Speaker>PER0</Speaker>
          </token>
          <token id="29">
            <word>do</word>
            <lemma>do</lemma>
            <CharacterOffsetBegin>19659</CharacterOffsetBegin>
            <CharacterOffsetEnd>19661</CharacterOffsetEnd>
            <POS>VB</POS>
            <NER>O</NER>
            <Speaker>PER0</Speaker>
          </token>
          <token id="30">
            <word>.</word>
            <lemma>.</lemma>
            <CharacterOffsetBegin>19661</CharacterOffsetBegin>
            <CharacterOffsetEnd>19662</CharacterOffsetEnd>
            <POS>.</POS>
            <NER>O</NER>
            <Speaker>PER0</Speaker>
          </token>
        </tokens>
        <parse>(ROOT (S (NP (PRP I)) (VP (VBD was) (RB not) (ADJP (JJ aware)) (SBAR (SBAR (WHPP (IN of) (WHNP (WP what))) (S (NP (DT the) (NN strap)) (ADVP (RB really)) (VP (VBD did)))) (CC or) (SBAR (X (X (WP what)) (NP (JJ extra) (NNS precautions))) (S (NP (PRP I)) (VP (VBD needed) (S (VP (TO to) (VP (VB take) (PRT (RP in)) (NP (NN order)) (S (VP (TO to) (VP (VB compensate) (PP (IN for) (SBAR (WHNP (WP what)) (S (NP (DT the) (NN strap)) (VP (VBZ does) (RB not) (VP (VB do))))))))))))))))) (. .))) </parse>
        <dependencies type="basic-dependencies">
          <dep type="root">
            <governor idx="0">ROOT</governor>
            <dependent idx="4">aware</dependent>
          </dep>
          <dep type="nsubj">
            <governor idx="4">aware</governor>
            <dependent idx="1">I</dependent>
          </dep>
          <dep type="cop">
            <governor idx="4">aware</governor>
            <dependent idx="2">was</dependent>
          </dep>
          <dep type="neg">
            <governor idx="4">aware</governor>
            <dependent idx="3">not</dependent>
          </dep>
          <dep type="case">
            <governor idx="6">what</governor>
            <dependent idx="5">of</dependent>
          </dep>
          <dep type="nmod">
            <governor idx="10">did</governor>
            <dependent idx="6">what</dependent>
          </dep>
          <dep type="det">
            <governor idx="8">strap</governor>
            <dependent idx="7">the</dependent>
          </dep>
          <dep type="nsubj">
            <governor idx="10">did</governor>
            <dependent idx="8">strap</dependent>
          </dep>
          <dep type="advmod">
            <governor idx="10">did</governor>
            <dependent idx="9">really</dependent>
          </dep>
          <dep type="dep">
            <governor idx="4">aware</governor>
            <dependent idx="10">did</dependent>
          </dep>
          <dep type="cc">
            <governor idx="10">did</governor>
            <dependent idx="11">or</dependent>
          </dep>
          <dep type="dep">
            <governor idx="14">precautions</governor>
            <dependent idx="12">what</dependent>
          </dep>
          <dep type="amod">
            <governor idx="14">precautions</governor>
            <dependent idx="13">extra</dependent>
          </dep>
          <dep type="dep">
            <governor idx="16">needed</governor>
            <dependent idx="14">precautions</dependent>
          </dep>
          <dep type="nsubj">
            <governor idx="16">needed</governor>
            <dependent idx="15">I</dependent>
          </dep>
          <dep type="conj">
            <governor idx="10">did</governor>
            <dependent idx="16">needed</dependent>
          </dep>
          <dep type="mark">
            <governor idx="18">take</governor>
            <dependent idx="17">to</dependent>
          </dep>
          <dep type="xcomp">
            <governor idx="16">needed</governor>
            <dependent idx="18">take</dependent>
          </dep>
          <dep type="compound:prt">
            <governor idx="18">take</governor>
            <dependent idx="19">in</dependent>
          </dep>
          <dep type="dobj">
            <governor idx="18">take</governor>
            <dependent idx="20">order</dependent>
          </dep>
          <dep type="mark">
            <governor idx="22">compensate</governor>
            <dependent idx="21">to</dependent>
          </dep>
          <dep type="advcl">
            <governor idx="18">take</governor>
            <dependent idx="22">compensate</dependent>
          </dep>
          <dep type="mark">
            <governor idx="29">do</governor>
            <dependent idx="23">for</dependent>
          </dep>
          <dep type="dobj">
            <governor idx="29">do</governor>
            <dependent idx="24">what</dependent>
          </dep>
          <dep type="det">
            <governor idx="26">strap</governor>
            <dependent idx="25">the</dependent>
          </dep>
          <dep type="nsubj">
            <governor idx="29">do</governor>
            <dependent idx="26">strap</dependent>
          </dep>
          <dep type="aux">
            <governor idx="29">do</governor>
            <dependent idx="27">does</dependent>
          </dep>
          <dep type="neg">
            <governor idx="29">do</governor>
            <dependent idx="28">not</dependent>
          </dep>
          <dep type="advcl">
            <governor idx="22">compensate</governor>
            <dependent idx="29">do</dependent>
          </dep>
          <dep type="punct">
            <governor idx="4">aware</governor>
            <dependent idx="30">.</dependent>
          </dep>
        </dependencies>
        <dependencies type="collapsed-dependencies">
          <dep type="root">
            <governor idx="0">ROOT</governor>
            <dependent idx="4">aware</dependent>
          </dep>
          <dep type="nsubj">
            <governor idx="4">aware</governor>
            <dependent idx="1">I</dependent>
          </dep>
          <dep type="cop">
            <governor idx="4">aware</governor>
            <dependent idx="2">was</dependent>
          </dep>
          <dep type="neg">
            <governor idx="4">aware</governor>
            <dependent idx="3">not</dependent>
          </dep>
          <dep type="case">
            <governor idx="6">what</governor>
            <dependent idx="5">of</dependent>
          </dep>
          <dep type="nmod:of">
            <governor idx="10">did</governor>
            <dependent idx="6">what</dependent>
          </dep>
          <dep type="det">
            <governor idx="8">strap</governor>
            <dependent idx="7">the</dependent>
          </dep>
          <dep type="nsubj">
            <governor idx="10">did</governor>
            <dependent idx="8">strap</dependent>
          </dep>
          <dep type="advmod">
            <governor idx="10">did</governor>
            <dependent idx="9">really</dependent>
          </dep>
          <dep type="dep">
            <governor idx="4">aware</governor>
            <dependent idx="10">did</dependent>
          </dep>
          <dep type="cc">
            <governor idx="10">did</governor>
            <dependent idx="11">or</dependent>
          </dep>
          <dep type="dep">
            <governor idx="14">precautions</governor>
            <dependent idx="12">what</dependent>
          </dep>
          <dep type="amod">
            <governor idx="14">precautions</governor>
            <dependent idx="13">extra</dependent>
          </dep>
          <dep type="dep">
            <governor idx="16">needed</governor>
            <dependent idx="14">precautions</dependent>
          </dep>
          <dep type="nsubj">
            <governor idx="16">needed</governor>
            <dependent idx="15">I</dependent>
          </dep>
          <dep type="conj:or">
            <governor idx="10">did</governor>
            <dependent idx="16">needed</dependent>
          </dep>
          <dep type="mark">
            <governor idx="18">take</governor>
            <dependent idx="17">to</dependent>
          </dep>
          <dep type="xcomp">
            <governor idx="16">needed</governor>
            <dependent idx="18">take</dependent>
          </dep>
          <dep type="compound:prt">
            <governor idx="18">take</governor>
            <dependent idx="19">in</dependent>
          </dep>
          <dep type="dobj">
            <governor idx="18">take</governor>
            <dependent idx="20">order</dependent>
          </dep>
          <dep type="mark">
            <governor idx="22">compensate</governor>
            <dependent idx="21">to</dependent>
          </dep>
          <dep type="advcl">
            <governor idx="18">take</governor>
            <dependent idx="22">compensate</dependent>
          </dep>
          <dep type="mark">
            <governor idx="29">do</governor>
            <dependent idx="23">for</dependent>
          </dep>
          <dep type="dobj">
            <governor idx="29">do</governor>
            <dependent idx="24">what</dependent>
          </dep>
          <dep type="det">
            <governor idx="26">strap</governor>
            <dependent idx="25">the</dependent>
          </dep>
          <dep type="nsubj">
            <governor idx="29">do</governor>
            <dependent idx="26">strap</dependent>
          </dep>
          <dep type="aux">
            <governor idx="29">do</governor>
            <dependent idx="27">does</dependent>
          </dep>
          <dep type="neg">
            <governor idx="29">do</governor>
            <dependent idx="28">not</dependent>
          </dep>
          <dep type="advcl">
            <governor idx="22">compensate</governor>
            <dependent idx="29">do</dependent>
          </dep>
          <dep type="punct">
            <governor idx="4">aware</governor>
            <dependent idx="30">.</dependent>
          </dep>
        </dependencies>
        <dependencies type="collapsed-ccprocessed-dependencies">
          <dep type="root">
            <governor idx="0">ROOT</governor>
            <dependent idx="4">aware</dependent>
          </dep>
          <dep type="nsubj">
            <governor idx="4">aware</governor>
            <dependent idx="1">I</dependent>
          </dep>
          <dep type="cop">
            <governor idx="4">aware</governor>
            <dependent idx="2">was</dependent>
          </dep>
          <dep type="neg">
            <governor idx="4">aware</governor>
            <dependent idx="3">not</dependent>
          </dep>
          <dep type="case">
            <governor idx="6">what</governor>
            <dependent idx="5">of</dependent>
          </dep>
          <dep type="nmod:of">
            <governor idx="10">did</governor>
            <dependent idx="6">what</dependent>
          </dep>
          <dep type="det">
            <governor idx="8">strap</governor>
            <dependent idx="7">the</dependent>
          </dep>
          <dep type="nsubj">
            <governor idx="10">did</governor>
            <dependent idx="8">strap</dependent>
          </dep>
          <dep type="advmod">
            <governor idx="10">did</governor>
            <dependent idx="9">really</dependent>
          </dep>
          <dep type="dep">
            <governor idx="4">aware</governor>
            <dependent idx="10">did</dependent>
          </dep>
          <dep type="cc">
            <governor idx="10">did</governor>
            <dependent idx="11">or</dependent>
          </dep>
          <dep type="dep">
            <governor idx="14">precautions</governor>
            <dependent idx="12">what</dependent>
          </dep>
          <dep type="amod">
            <governor idx="14">precautions</governor>
            <dependent idx="13">extra</dependent>
          </dep>
          <dep type="dep">
            <governor idx="16">needed</governor>
            <dependent idx="14">precautions</dependent>
          </dep>
          <dep type="nsubj">
            <governor idx="16">needed</governor>
            <dependent idx="15">I</dependent>
          </dep>
          <dep type="dep" extra="true">
            <governor idx="4">aware</governor>
            <dependent idx="16">needed</dependent>
          </dep>
          <dep type="conj:or">
            <governor idx="10">did</governor>
            <dependent idx="16">needed</dependent>
          </dep>
          <dep type="mark">
            <governor idx="18">take</governor>
            <dependent idx="17">to</dependent>
          </dep>
          <dep type="xcomp">
            <governor idx="16">needed</governor>
            <dependent idx="18">take</dependent>
          </dep>
          <dep type="compound:prt">
            <governor idx="18">take</governor>
            <dependent idx="19">in</dependent>
          </dep>
          <dep type="dobj">
            <governor idx="18">take</governor>
            <dependent idx="20">order</dependent>
          </dep>
          <dep type="mark">
            <governor idx="22">compensate</governor>
            <dependent idx="21">to</dependent>
          </dep>
          <dep type="advcl">
            <governor idx="18">take</governor>
            <dependent idx="22">compensate</dependent>
          </dep>
          <dep type="mark">
            <governor idx="29">do</governor>
            <dependent idx="23">for</dependent>
          </dep>
          <dep type="dobj">
            <governor idx="29">do</governor>
            <dependent idx="24">what</dependent>
          </dep>
          <dep type="det">
            <governor idx="26">strap</governor>
            <dependent idx="25">the</dependent>
          </dep>
          <dep type="nsubj">
            <governor idx="29">do</governor>
            <dependent idx="26">strap</dependent>
          </dep>
          <dep type="aux">
            <governor idx="29">do</governor>
            <dependent idx="27">does</dependent>
          </dep>
          <dep type="neg">
            <governor idx="29">do</governor>
            <dependent idx="28">not</dependent>
          </dep>
          <dep type="advcl">
            <governor idx="22">compensate</governor>
            <dependent idx="29">do</dependent>
          </dep>
          <dep type="punct">
            <governor idx="4">aware</governor>
            <dependent idx="30">.</dependent>
          </dep>
        </dependencies>
      </sentence>
      <sentence id="168">
        <tokens>
          <token id="1">
            <word>As</word>
            <lemma>as</lemma>
            <CharacterOffsetBegin>19663</CharacterOffsetBegin>
            <CharacterOffsetEnd>19665</CharacterOffsetEnd>
            <POS>IN</POS>
            <NER>O</NER>
            <Speaker>PER0</Speaker>
          </token>
          <token id="2">
            <word>a</word>
            <lemma>a</lemma>
            <CharacterOffsetBegin>19666</CharacterOffsetBegin>
            <CharacterOffsetEnd>19667</CharacterOffsetEnd>
            <POS>DT</POS>
            <NER>O</NER>
            <Speaker>PER0</Speaker>
          </token>
          <token id="3">
            <word>result</word>
            <lemma>result</lemma>
            <CharacterOffsetBegin>19668</CharacterOffsetBegin>
            <CharacterOffsetEnd>19674</CharacterOffsetEnd>
            <POS>NN</POS>
            <NER>O</NER>
            <Speaker>PER0</Speaker>
          </token>
          <token id="4">
            <word>I</word>
            <lemma>I</lemma>
            <CharacterOffsetBegin>19675</CharacterOffsetBegin>
            <CharacterOffsetEnd>19676</CharacterOffsetEnd>
            <POS>PRP</POS>
            <NER>O</NER>
            <Speaker>PER0</Speaker>
          </token>
          <token id="5">
            <word>could</word>
            <lemma>could</lemma>
            <CharacterOffsetBegin>19677</CharacterOffsetBegin>
            <CharacterOffsetEnd>19682</CharacterOffsetEnd>
            <POS>MD</POS>
            <NER>O</NER>
            <Speaker>PER0</Speaker>
          </token>
          <token id="6">
            <word>have</word>
            <lemma>have</lemma>
            <CharacterOffsetBegin>19683</CharacterOffsetBegin>
            <CharacterOffsetEnd>19687</CharacterOffsetEnd>
            <POS>VB</POS>
            <NER>O</NER>
            <Speaker>PER0</Speaker>
          </token>
          <token id="7">
            <word>potentially</word>
            <lemma>potentially</lemma>
            <CharacterOffsetBegin>19688</CharacterOffsetBegin>
            <CharacterOffsetEnd>19699</CharacterOffsetEnd>
            <POS>RB</POS>
            <NER>O</NER>
            <Speaker>PER0</Speaker>
          </token>
          <token id="8">
            <word>been</word>
            <lemma>be</lemma>
            <CharacterOffsetBegin>19700</CharacterOffsetBegin>
            <CharacterOffsetEnd>19704</CharacterOffsetEnd>
            <POS>VBN</POS>
            <NER>O</NER>
            <Speaker>PER0</Speaker>
          </token>
          <token id="9">
            <word>harming</word>
            <lemma>harm</lemma>
            <CharacterOffsetBegin>19705</CharacterOffsetBegin>
            <CharacterOffsetEnd>19712</CharacterOffsetEnd>
            <POS>VBG</POS>
            <NER>O</NER>
            <Speaker>PER0</Speaker>
          </token>
          <token id="10">
            <word>equipment</word>
            <lemma>equipment</lemma>
            <CharacterOffsetBegin>19713</CharacterOffsetBegin>
            <CharacterOffsetEnd>19722</CharacterOffsetEnd>
            <POS>NN</POS>
            <NER>O</NER>
            <Speaker>PER0</Speaker>
          </token>
          <token id="11">
            <word>without</word>
            <lemma>without</lemma>
            <CharacterOffsetBegin>19723</CharacterOffsetBegin>
            <CharacterOffsetEnd>19730</CharacterOffsetEnd>
            <POS>IN</POS>
            <NER>O</NER>
            <Speaker>PER0</Speaker>
          </token>
          <token id="12">
            <word>realising</word>
            <lemma>realise</lemma>
            <CharacterOffsetBegin>19731</CharacterOffsetBegin>
            <CharacterOffsetEnd>19740</CharacterOffsetEnd>
            <POS>VBG</POS>
            <NER>O</NER>
            <Speaker>PER0</Speaker>
          </token>
          <token id="13">
            <word>.</word>
            <lemma>.</lemma>
            <CharacterOffsetBegin>19740</CharacterOffsetBegin>
            <CharacterOffsetEnd>19741</CharacterOffsetEnd>
            <POS>.</POS>
            <NER>O</NER>
            <Speaker>PER0</Speaker>
          </token>
        </tokens>
        <parse>(ROOT (S (PP (IN As) (NP (DT a) (NN result))) (NP (PRP I)) (VP (MD could) (VP (VB have) (ADVP (RB potentially)) (VP (VBN been) (VP (VBG harming) (NP (NN equipment)) (PP (IN without) (S (VP (VBG realising)))))))) (. .))) </parse>
        <dependencies type="basic-dependencies">
          <dep type="root">
            <governor idx="0">ROOT</governor>
            <dependent idx="9">harming</dependent>
          </dep>
          <dep type="case">
            <governor idx="3">result</governor>
            <dependent idx="1">As</dependent>
          </dep>
          <dep type="det">
            <governor idx="3">result</governor>
            <dependent idx="2">a</dependent>
          </dep>
          <dep type="nmod">
            <governor idx="9">harming</governor>
            <dependent idx="3">result</dependent>
          </dep>
          <dep type="nsubj">
            <governor idx="9">harming</governor>
            <dependent idx="4">I</dependent>
          </dep>
          <dep type="aux">
            <governor idx="9">harming</governor>
            <dependent idx="5">could</dependent>
          </dep>
          <dep type="aux">
            <governor idx="9">harming</governor>
            <dependent idx="6">have</dependent>
          </dep>
          <dep type="advmod">
            <governor idx="9">harming</governor>
            <dependent idx="7">potentially</dependent>
          </dep>
          <dep type="aux">
            <governor idx="9">harming</governor>
            <dependent idx="8">been</dependent>
          </dep>
          <dep type="dobj">
            <governor idx="9">harming</governor>
            <dependent idx="10">equipment</dependent>
          </dep>
          <dep type="mark">
            <governor idx="12">realising</governor>
            <dependent idx="11">without</dependent>
          </dep>
          <dep type="advcl">
            <governor idx="9">harming</governor>
            <dependent idx="12">realising</dependent>
          </dep>
          <dep type="punct">
            <governor idx="9">harming</governor>
            <dependent idx="13">.</dependent>
          </dep>
        </dependencies>
        <dependencies type="collapsed-dependencies">
          <dep type="root">
            <governor idx="0">ROOT</governor>
            <dependent idx="9">harming</dependent>
          </dep>
          <dep type="case">
            <governor idx="3">result</governor>
            <dependent idx="1">As</dependent>
          </dep>
          <dep type="det">
            <governor idx="3">result</governor>
            <dependent idx="2">a</dependent>
          </dep>
          <dep type="nmod:as">
            <governor idx="9">harming</governor>
            <dependent idx="3">result</dependent>
          </dep>
          <dep type="nsubj">
            <governor idx="9">harming</governor>
            <dependent idx="4">I</dependent>
          </dep>
          <dep type="aux">
            <governor idx="9">harming</governor>
            <dependent idx="5">could</dependent>
          </dep>
          <dep type="aux">
            <governor idx="9">harming</governor>
            <dependent idx="6">have</dependent>
          </dep>
          <dep type="advmod">
            <governor idx="9">harming</governor>
            <dependent idx="7">potentially</dependent>
          </dep>
          <dep type="aux">
            <governor idx="9">harming</governor>
            <dependent idx="8">been</dependent>
          </dep>
          <dep type="dobj">
            <governor idx="9">harming</governor>
            <dependent idx="10">equipment</dependent>
          </dep>
          <dep type="mark">
            <governor idx="12">realising</governor>
            <dependent idx="11">without</dependent>
          </dep>
          <dep type="advcl">
            <governor idx="9">harming</governor>
            <dependent idx="12">realising</dependent>
          </dep>
          <dep type="punct">
            <governor idx="9">harming</governor>
            <dependent idx="13">.</dependent>
          </dep>
        </dependencies>
        <dependencies type="collapsed-ccprocessed-dependencies">
          <dep type="root">
            <governor idx="0">ROOT</governor>
            <dependent idx="9">harming</dependent>
          </dep>
          <dep type="case">
            <governor idx="3">result</governor>
            <dependent idx="1">As</dependent>
          </dep>
          <dep type="det">
            <governor idx="3">result</governor>
            <dependent idx="2">a</dependent>
          </dep>
          <dep type="nmod:as">
            <governor idx="9">harming</governor>
            <dependent idx="3">result</dependent>
          </dep>
          <dep type="nsubj">
            <governor idx="9">harming</governor>
            <dependent idx="4">I</dependent>
          </dep>
          <dep type="aux">
            <governor idx="9">harming</governor>
            <dependent idx="5">could</dependent>
          </dep>
          <dep type="aux">
            <governor idx="9">harming</governor>
            <dependent idx="6">have</dependent>
          </dep>
          <dep type="advmod">
            <governor idx="9">harming</governor>
            <dependent idx="7">potentially</dependent>
          </dep>
          <dep type="aux">
            <governor idx="9">harming</governor>
            <dependent idx="8">been</dependent>
          </dep>
          <dep type="dobj">
            <governor idx="9">harming</governor>
            <dependent idx="10">equipment</dependent>
          </dep>
          <dep type="mark">
            <governor idx="12">realising</governor>
            <dependent idx="11">without</dependent>
          </dep>
          <dep type="advcl">
            <governor idx="9">harming</governor>
            <dependent idx="12">realising</dependent>
          </dep>
          <dep type="punct">
            <governor idx="9">harming</governor>
            <dependent idx="13">.</dependent>
          </dep>
        </dependencies>
      </sentence>
      <sentence id="169">
        <tokens>
          <token id="1">
            <word>Once</word>
            <lemma>once</lemma>
            <CharacterOffsetBegin>19743</CharacterOffsetBegin>
            <CharacterOffsetEnd>19747</CharacterOffsetEnd>
            <POS>RB</POS>
            <NER>DATE</NER>
            <NormalizedNER>PAST_REF</NormalizedNER>
            <Speaker>PER0</Speaker>
            <Timex tid="t32" type="DATE">PAST_REF</Timex>
          </token>
          <token id="2">
            <word>I</word>
            <lemma>I</lemma>
            <CharacterOffsetBegin>19748</CharacterOffsetBegin>
            <CharacterOffsetEnd>19749</CharacterOffsetEnd>
            <POS>PRP</POS>
            <NER>O</NER>
            <Speaker>PER0</Speaker>
          </token>
          <token id="3">
            <word>conducted</word>
            <lemma>conduct</lemma>
            <CharacterOffsetBegin>19750</CharacterOffsetBegin>
            <CharacterOffsetEnd>19759</CharacterOffsetEnd>
            <POS>VBD</POS>
            <NER>O</NER>
            <Speaker>PER0</Speaker>
          </token>
          <token id="4">
            <word>the</word>
            <lemma>the</lemma>
            <CharacterOffsetBegin>19760</CharacterOffsetBegin>
            <CharacterOffsetEnd>19763</CharacterOffsetEnd>
            <POS>DT</POS>
            <NER>O</NER>
            <Speaker>PER0</Speaker>
          </token>
          <token id="5">
            <word>ESD</word>
            <lemma>esd</lemma>
            <CharacterOffsetBegin>19764</CharacterOffsetBegin>
            <CharacterOffsetEnd>19767</CharacterOffsetEnd>
            <POS>NN</POS>
            <NER>O</NER>
            <Speaker>PER0</Speaker>
          </token>
          <token id="6">
            <word>training</word>
            <lemma>training</lemma>
            <CharacterOffsetBegin>19768</CharacterOffsetBegin>
            <CharacterOffsetEnd>19776</CharacterOffsetEnd>
            <POS>NN</POS>
            <NER>O</NER>
            <Speaker>PER0</Speaker>
          </token>
          <token id="7">
            <word>I</word>
            <lemma>I</lemma>
            <CharacterOffsetBegin>19777</CharacterOffsetBegin>
            <CharacterOffsetEnd>19778</CharacterOffsetEnd>
            <POS>PRP</POS>
            <NER>O</NER>
            <Speaker>PER0</Speaker>
          </token>
          <token id="8">
            <word>realised</word>
            <lemma>realise</lemma>
            <CharacterOffsetBegin>19779</CharacterOffsetBegin>
            <CharacterOffsetEnd>19787</CharacterOffsetEnd>
            <POS>VBD</POS>
            <NER>O</NER>
            <Speaker>PER0</Speaker>
          </token>
          <token id="9">
            <word>it</word>
            <lemma>it</lemma>
            <CharacterOffsetBegin>19788</CharacterOffsetBegin>
            <CharacterOffsetEnd>19790</CharacterOffsetEnd>
            <POS>PRP</POS>
            <NER>O</NER>
            <Speaker>PER0</Speaker>
          </token>
          <token id="10">
            <word>was</word>
            <lemma>be</lemma>
            <CharacterOffsetBegin>19791</CharacterOffsetBegin>
            <CharacterOffsetEnd>19794</CharacterOffsetEnd>
            <POS>VBD</POS>
            <NER>O</NER>
            <Speaker>PER0</Speaker>
          </token>
          <token id="11">
            <word>not</word>
            <lemma>not</lemma>
            <CharacterOffsetBegin>19795</CharacterOffsetBegin>
            <CharacterOffsetEnd>19798</CharacterOffsetEnd>
            <POS>RB</POS>
            <NER>O</NER>
            <Speaker>PER0</Speaker>
          </token>
          <token id="12">
            <word>for</word>
            <lemma>for</lemma>
            <CharacterOffsetBegin>19799</CharacterOffsetBegin>
            <CharacterOffsetEnd>19802</CharacterOffsetEnd>
            <POS>IN</POS>
            <NER>O</NER>
            <Speaker>PER0</Speaker>
          </token>
          <token id="13">
            <word>my</word>
            <lemma>my</lemma>
            <CharacterOffsetBegin>19803</CharacterOffsetBegin>
            <CharacterOffsetEnd>19805</CharacterOffsetEnd>
            <POS>PRP$</POS>
            <NER>O</NER>
            <Speaker>PER0</Speaker>
          </token>
          <token id="14">
            <word>safety</word>
            <lemma>safety</lemma>
            <CharacterOffsetBegin>19806</CharacterOffsetBegin>
            <CharacterOffsetEnd>19812</CharacterOffsetEnd>
            <POS>NN</POS>
            <NER>O</NER>
            <Speaker>PER0</Speaker>
          </token>
          <token id="15">
            <word>,</word>
            <lemma>,</lemma>
            <CharacterOffsetBegin>19812</CharacterOffsetBegin>
            <CharacterOffsetEnd>19813</CharacterOffsetEnd>
            <POS>,</POS>
            <NER>O</NER>
            <Speaker>PER0</Speaker>
          </token>
          <token id="16">
            <word>but</word>
            <lemma>but</lemma>
            <CharacterOffsetBegin>19814</CharacterOffsetBegin>
            <CharacterOffsetEnd>19817</CharacterOffsetEnd>
            <POS>CC</POS>
            <NER>O</NER>
            <Speaker>PER0</Speaker>
          </token>
          <token id="17">
            <word>rather</word>
            <lemma>rather</lemma>
            <CharacterOffsetBegin>19818</CharacterOffsetBegin>
            <CharacterOffsetEnd>19824</CharacterOffsetEnd>
            <POS>RB</POS>
            <NER>O</NER>
            <Speaker>PER0</Speaker>
          </token>
          <token id="18">
            <word>for</word>
            <lemma>for</lemma>
            <CharacterOffsetBegin>19825</CharacterOffsetBegin>
            <CharacterOffsetEnd>19828</CharacterOffsetEnd>
            <POS>IN</POS>
            <NER>O</NER>
            <Speaker>PER0</Speaker>
          </token>
          <token id="19">
            <word>the</word>
            <lemma>the</lemma>
            <CharacterOffsetBegin>19829</CharacterOffsetBegin>
            <CharacterOffsetEnd>19832</CharacterOffsetEnd>
            <POS>DT</POS>
            <NER>O</NER>
            <Speaker>PER0</Speaker>
          </token>
          <token id="20">
            <word>safety</word>
            <lemma>safety</lemma>
            <CharacterOffsetBegin>19833</CharacterOffsetBegin>
            <CharacterOffsetEnd>19839</CharacterOffsetEnd>
            <POS>NN</POS>
            <NER>O</NER>
            <Speaker>PER0</Speaker>
          </token>
          <token id="21">
            <word>of</word>
            <lemma>of</lemma>
            <CharacterOffsetBegin>19840</CharacterOffsetBegin>
            <CharacterOffsetEnd>19842</CharacterOffsetEnd>
            <POS>IN</POS>
            <NER>O</NER>
            <Speaker>PER0</Speaker>
          </token>
          <token id="22">
            <word>the</word>
            <lemma>the</lemma>
            <CharacterOffsetBegin>19843</CharacterOffsetBegin>
            <CharacterOffsetEnd>19846</CharacterOffsetEnd>
            <POS>DT</POS>
            <NER>O</NER>
            <Speaker>PER0</Speaker>
          </token>
          <token id="23">
            <word>electrical</word>
            <lemma>electrical</lemma>
            <CharacterOffsetBegin>19847</CharacterOffsetBegin>
            <CharacterOffsetEnd>19857</CharacterOffsetEnd>
            <POS>JJ</POS>
            <NER>O</NER>
            <Speaker>PER0</Speaker>
          </token>
          <token id="24">
            <word>components</word>
            <lemma>component</lemma>
            <CharacterOffsetBegin>19858</CharacterOffsetBegin>
            <CharacterOffsetEnd>19868</CharacterOffsetEnd>
            <POS>NNS</POS>
            <NER>O</NER>
            <Speaker>PER0</Speaker>
          </token>
          <token id="25">
            <word>.</word>
            <lemma>.</lemma>
            <CharacterOffsetBegin>19868</CharacterOffsetBegin>
            <CharacterOffsetEnd>19869</CharacterOffsetEnd>
            <POS>.</POS>
            <NER>O</NER>
            <Speaker>PER0</Speaker>
          </token>
        </tokens>
        <parse>(ROOT (S (SBAR (RB Once) (S (NP (PRP I)) (VP (VBD conducted) (NP (DT the) (NN ESD) (NN training))))) (NP (PRP I)) (VP (VBD realised) (SBAR (S (NP (PRP it)) (VP (VBD was) (RB not) (PP (PP (IN for) (NP (PRP$ my) (NN safety))) (, ,) (CC but) (RB rather) (PP (IN for) (NP (NP (DT the) (NN safety)) (PP (IN of) (NP (DT the) (JJ electrical) (NNS components)))))))))) (. .))) </parse>
        <dependencies type="basic-dependencies">
          <dep type="root">
            <governor idx="0">ROOT</governor>
            <dependent idx="8">realised</dependent>
          </dep>
          <dep type="advmod">
            <governor idx="3">conducted</governor>
            <dependent idx="1">Once</dependent>
          </dep>
          <dep type="nsubj">
            <governor idx="3">conducted</governor>
            <dependent idx="2">I</dependent>
          </dep>
          <dep type="advcl">
            <governor idx="8">realised</governor>
            <dependent idx="3">conducted</dependent>
          </dep>
          <dep type="det">
            <governor idx="6">training</governor>
            <dependent idx="4">the</dependent>
          </dep>
          <dep type="compound">
            <governor idx="6">training</governor>
            <dependent idx="5">ESD</dependent>
          </dep>
          <dep type="dobj">
            <governor idx="3">conducted</governor>
            <dependent idx="6">training</dependent>
          </dep>
          <dep type="nsubj">
            <governor idx="8">realised</governor>
            <dependent idx="7">I</dependent>
          </dep>
          <dep type="nsubj">
            <governor idx="14">safety</governor>
            <dependent idx="9">it</dependent>
          </dep>
          <dep type="cop">
            <governor idx="14">safety</governor>
            <dependent idx="10">was</dependent>
          </dep>
          <dep type="neg">
            <governor idx="14">safety</governor>
            <dependent idx="11">not</dependent>
          </dep>
          <dep type="case">
            <governor idx="14">safety</governor>
            <dependent idx="12">for</dependent>
          </dep>
          <dep type="nmod:poss">
            <governor idx="14">safety</governor>
            <dependent idx="13">my</dependent>
          </dep>
          <dep type="ccomp">
            <governor idx="8">realised</governor>
            <dependent idx="14">safety</dependent>
          </dep>
          <dep type="punct">
            <governor idx="14">safety</governor>
            <dependent idx="15">,</dependent>
          </dep>
          <dep type="cc">
            <governor idx="14">safety</governor>
            <dependent idx="16">but</dependent>
          </dep>
          <dep type="conj">
            <governor idx="14">safety</governor>
            <dependent idx="17">rather</dependent>
          </dep>
          <dep type="case">
            <governor idx="20">safety</governor>
            <dependent idx="18">for</dependent>
          </dep>
          <dep type="det">
            <governor idx="20">safety</governor>
            <dependent idx="19">the</dependent>
          </dep>
          <dep type="nmod">
            <governor idx="14">safety</governor>
            <dependent idx="20">safety</dependent>
          </dep>
          <dep type="case">
            <governor idx="24">components</governor>
            <dependent idx="21">of</dependent>
          </dep>
          <dep type="det">
            <governor idx="24">components</governor>
            <dependent idx="22">the</dependent>
          </dep>
          <dep type="amod">
            <governor idx="24">components</governor>
            <dependent idx="23">electrical</dependent>
          </dep>
          <dep type="nmod">
            <governor idx="20">safety</governor>
            <dependent idx="24">components</dependent>
          </dep>
          <dep type="punct">
            <governor idx="8">realised</governor>
            <dependent idx="25">.</dependent>
          </dep>
        </dependencies>
        <dependencies type="collapsed-dependencies">
          <dep type="root">
            <governor idx="0">ROOT</governor>
            <dependent idx="8">realised</dependent>
          </dep>
          <dep type="advmod">
            <governor idx="3">conducted</governor>
            <dependent idx="1">Once</dependent>
          </dep>
          <dep type="nsubj">
            <governor idx="3">conducted</governor>
            <dependent idx="2">I</dependent>
          </dep>
          <dep type="advcl">
            <governor idx="8">realised</governor>
            <dependent idx="3">conducted</dependent>
          </dep>
          <dep type="det">
            <governor idx="6">training</governor>
            <dependent idx="4">the</dependent>
          </dep>
          <dep type="compound">
            <governor idx="6">training</governor>
            <dependent idx="5">ESD</dependent>
          </dep>
          <dep type="dobj">
            <governor idx="3">conducted</governor>
            <dependent idx="6">training</dependent>
          </dep>
          <dep type="nsubj">
            <governor idx="8">realised</governor>
            <dependent idx="7">I</dependent>
          </dep>
          <dep type="nsubj">
            <governor idx="14">safety</governor>
            <dependent idx="9">it</dependent>
          </dep>
          <dep type="cop">
            <governor idx="14">safety</governor>
            <dependent idx="10">was</dependent>
          </dep>
          <dep type="neg">
            <governor idx="14">safety</governor>
            <dependent idx="11">not</dependent>
          </dep>
          <dep type="case">
            <governor idx="14">safety</governor>
            <dependent idx="12">for</dependent>
          </dep>
          <dep type="nmod:poss">
            <governor idx="14">safety</governor>
            <dependent idx="13">my</dependent>
          </dep>
          <dep type="ccomp">
            <governor idx="8">realised</governor>
            <dependent idx="14">safety</dependent>
          </dep>
          <dep type="punct">
            <governor idx="14">safety</governor>
            <dependent idx="15">,</dependent>
          </dep>
          <dep type="cc">
            <governor idx="14">safety</governor>
            <dependent idx="16">but</dependent>
          </dep>
          <dep type="conj:negcc">
            <governor idx="14">safety</governor>
            <dependent idx="17">rather</dependent>
          </dep>
          <dep type="case">
            <governor idx="20">safety</governor>
            <dependent idx="18">for</dependent>
          </dep>
          <dep type="det">
            <governor idx="20">safety</governor>
            <dependent idx="19">the</dependent>
          </dep>
          <dep type="nmod:for">
            <governor idx="14">safety</governor>
            <dependent idx="20">safety</dependent>
          </dep>
          <dep type="case">
            <governor idx="24">components</governor>
            <dependent idx="21">of</dependent>
          </dep>
          <dep type="det">
            <governor idx="24">components</governor>
            <dependent idx="22">the</dependent>
          </dep>
          <dep type="amod">
            <governor idx="24">components</governor>
            <dependent idx="23">electrical</dependent>
          </dep>
          <dep type="nmod:of">
            <governor idx="20">safety</governor>
            <dependent idx="24">components</dependent>
          </dep>
          <dep type="punct">
            <governor idx="8">realised</governor>
            <dependent idx="25">.</dependent>
          </dep>
        </dependencies>
        <dependencies type="collapsed-ccprocessed-dependencies">
          <dep type="root">
            <governor idx="0">ROOT</governor>
            <dependent idx="8">realised</dependent>
          </dep>
          <dep type="advmod">
            <governor idx="3">conducted</governor>
            <dependent idx="1">Once</dependent>
          </dep>
          <dep type="nsubj">
            <governor idx="3">conducted</governor>
            <dependent idx="2">I</dependent>
          </dep>
          <dep type="advcl">
            <governor idx="8">realised</governor>
            <dependent idx="3">conducted</dependent>
          </dep>
          <dep type="det">
            <governor idx="6">training</governor>
            <dependent idx="4">the</dependent>
          </dep>
          <dep type="compound">
            <governor idx="6">training</governor>
            <dependent idx="5">ESD</dependent>
          </dep>
          <dep type="dobj">
            <governor idx="3">conducted</governor>
            <dependent idx="6">training</dependent>
          </dep>
          <dep type="nsubj">
            <governor idx="8">realised</governor>
            <dependent idx="7">I</dependent>
          </dep>
          <dep type="nsubj">
            <governor idx="14">safety</governor>
            <dependent idx="9">it</dependent>
          </dep>
          <dep type="cop">
            <governor idx="14">safety</governor>
            <dependent idx="10">was</dependent>
          </dep>
          <dep type="neg">
            <governor idx="14">safety</governor>
            <dependent idx="11">not</dependent>
          </dep>
          <dep type="case">
            <governor idx="14">safety</governor>
            <dependent idx="12">for</dependent>
          </dep>
          <dep type="nmod:poss">
            <governor idx="14">safety</governor>
            <dependent idx="13">my</dependent>
          </dep>
          <dep type="ccomp">
            <governor idx="8">realised</governor>
            <dependent idx="14">safety</dependent>
          </dep>
          <dep type="punct">
            <governor idx="14">safety</governor>
            <dependent idx="15">,</dependent>
          </dep>
          <dep type="cc">
            <governor idx="14">safety</governor>
            <dependent idx="16">but</dependent>
          </dep>
          <dep type="ccomp" extra="true">
            <governor idx="8">realised</governor>
            <dependent idx="17">rather</dependent>
          </dep>
          <dep type="conj:negcc">
            <governor idx="14">safety</governor>
            <dependent idx="17">rather</dependent>
          </dep>
          <dep type="case">
            <governor idx="20">safety</governor>
            <dependent idx="18">for</dependent>
          </dep>
          <dep type="det">
            <governor idx="20">safety</governor>
            <dependent idx="19">the</dependent>
          </dep>
          <dep type="nmod:for">
            <governor idx="14">safety</governor>
            <dependent idx="20">safety</dependent>
          </dep>
          <dep type="case">
            <governor idx="24">components</governor>
            <dependent idx="21">of</dependent>
          </dep>
          <dep type="det">
            <governor idx="24">components</governor>
            <dependent idx="22">the</dependent>
          </dep>
          <dep type="amod">
            <governor idx="24">components</governor>
            <dependent idx="23">electrical</dependent>
          </dep>
          <dep type="nmod:of">
            <governor idx="20">safety</governor>
            <dependent idx="24">components</dependent>
          </dep>
          <dep type="punct">
            <governor idx="8">realised</governor>
            <dependent idx="25">.</dependent>
          </dep>
        </dependencies>
      </sentence>
      <sentence id="170">
        <tokens>
          <token id="1">
            <word>As</word>
            <lemma>as</lemma>
            <CharacterOffsetBegin>19870</CharacterOffsetBegin>
            <CharacterOffsetEnd>19872</CharacterOffsetEnd>
            <POS>IN</POS>
            <NER>O</NER>
            <Speaker>PER0</Speaker>
          </token>
          <token id="2">
            <word>a</word>
            <lemma>a</lemma>
            <CharacterOffsetBegin>19873</CharacterOffsetBegin>
            <CharacterOffsetEnd>19874</CharacterOffsetEnd>
            <POS>DT</POS>
            <NER>O</NER>
            <Speaker>PER0</Speaker>
          </token>
          <token id="3">
            <word>result</word>
            <lemma>result</lemma>
            <CharacterOffsetBegin>19875</CharacterOffsetBegin>
            <CharacterOffsetEnd>19881</CharacterOffsetEnd>
            <POS>NN</POS>
            <NER>O</NER>
            <Speaker>PER0</Speaker>
          </token>
          <token id="4">
            <word>I</word>
            <lemma>I</lemma>
            <CharacterOffsetBegin>19882</CharacterOffsetBegin>
            <CharacterOffsetEnd>19883</CharacterOffsetEnd>
            <POS>PRP</POS>
            <NER>O</NER>
            <Speaker>PER0</Speaker>
          </token>
          <token id="5">
            <word>felt</word>
            <lemma>feel</lemma>
            <CharacterOffsetBegin>19884</CharacterOffsetBegin>
            <CharacterOffsetEnd>19888</CharacterOffsetEnd>
            <POS>VBD</POS>
            <NER>O</NER>
            <Speaker>PER0</Speaker>
          </token>
          <token id="6">
            <word>very</word>
            <lemma>very</lemma>
            <CharacterOffsetBegin>19889</CharacterOffsetBegin>
            <CharacterOffsetEnd>19893</CharacterOffsetEnd>
            <POS>RB</POS>
            <NER>O</NER>
            <Speaker>PER0</Speaker>
          </token>
          <token id="7">
            <word>unprofessional</word>
            <lemma>unprofessional</lemma>
            <CharacterOffsetBegin>19894</CharacterOffsetBegin>
            <CharacterOffsetEnd>19908</CharacterOffsetEnd>
            <POS>JJ</POS>
            <NER>O</NER>
            <Speaker>PER0</Speaker>
          </token>
          <token id="8">
            <word>and</word>
            <lemma>and</lemma>
            <CharacterOffsetBegin>19909</CharacterOffsetBegin>
            <CharacterOffsetEnd>19912</CharacterOffsetEnd>
            <POS>CC</POS>
            <NER>O</NER>
            <Speaker>PER0</Speaker>
          </token>
          <token id="9">
            <word>although</word>
            <lemma>although</lemma>
            <CharacterOffsetBegin>19913</CharacterOffsetBegin>
            <CharacterOffsetEnd>19921</CharacterOffsetEnd>
            <POS>IN</POS>
            <NER>O</NER>
            <Speaker>PER0</Speaker>
          </token>
          <token id="10">
            <word>my</word>
            <lemma>my</lemma>
            <CharacterOffsetBegin>19922</CharacterOffsetBegin>
            <CharacterOffsetEnd>19924</CharacterOffsetEnd>
            <POS>PRP$</POS>
            <NER>O</NER>
            <Speaker>PER0</Speaker>
          </token>
          <token id="11">
            <word>behaviour</word>
            <lemma>behaviour</lemma>
            <CharacterOffsetBegin>19925</CharacterOffsetBegin>
            <CharacterOffsetEnd>19934</CharacterOffsetEnd>
            <POS>NN</POS>
            <NER>O</NER>
            <Speaker>PER0</Speaker>
          </token>
          <token id="12">
            <word>did</word>
            <lemma>do</lemma>
            <CharacterOffsetBegin>19935</CharacterOffsetBegin>
            <CharacterOffsetEnd>19938</CharacterOffsetEnd>
            <POS>VBD</POS>
            <NER>O</NER>
            <Speaker>PER0</Speaker>
          </token>
          <token id="13">
            <word>not</word>
            <lemma>not</lemma>
            <CharacterOffsetBegin>19939</CharacterOffsetBegin>
            <CharacterOffsetEnd>19942</CharacterOffsetEnd>
            <POS>RB</POS>
            <NER>O</NER>
            <Speaker>PER0</Speaker>
          </token>
          <token id="14">
            <word>do</word>
            <lemma>do</lemma>
            <CharacterOffsetBegin>19943</CharacterOffsetBegin>
            <CharacterOffsetEnd>19945</CharacterOffsetEnd>
            <POS>VB</POS>
            <NER>O</NER>
            <Speaker>PER0</Speaker>
          </token>
          <token id="15">
            <word>any</word>
            <lemma>any</lemma>
            <CharacterOffsetBegin>19946</CharacterOffsetBegin>
            <CharacterOffsetEnd>19949</CharacterOffsetEnd>
            <POS>DT</POS>
            <NER>O</NER>
            <Speaker>PER0</Speaker>
          </token>
          <token id="16">
            <word>immediate</word>
            <lemma>immediate</lemma>
            <CharacterOffsetBegin>19950</CharacterOffsetBegin>
            <CharacterOffsetEnd>19959</CharacterOffsetEnd>
            <POS>JJ</POS>
            <NER>O</NER>
            <Speaker>PER0</Speaker>
          </token>
          <token id="17">
            <word>harm</word>
            <lemma>harm</lemma>
            <CharacterOffsetBegin>19960</CharacterOffsetBegin>
            <CharacterOffsetEnd>19964</CharacterOffsetEnd>
            <POS>NN</POS>
            <NER>O</NER>
            <Speaker>PER0</Speaker>
          </token>
          <token id="18">
            <word>to</word>
            <lemma>to</lemma>
            <CharacterOffsetBegin>19965</CharacterOffsetBegin>
            <CharacterOffsetEnd>19967</CharacterOffsetEnd>
            <POS>TO</POS>
            <NER>O</NER>
            <Speaker>PER0</Speaker>
          </token>
          <token id="19">
            <word>the</word>
            <lemma>the</lemma>
            <CharacterOffsetBegin>19968</CharacterOffsetBegin>
            <CharacterOffsetEnd>19971</CharacterOffsetEnd>
            <POS>DT</POS>
            <NER>O</NER>
            <Speaker>PER0</Speaker>
          </token>
          <token id="20">
            <word>equipment</word>
            <lemma>equipment</lemma>
            <CharacterOffsetBegin>19972</CharacterOffsetBegin>
            <CharacterOffsetEnd>19981</CharacterOffsetEnd>
            <POS>NN</POS>
            <NER>O</NER>
            <Speaker>PER0</Speaker>
          </token>
          <token id="21">
            <word>,</word>
            <lemma>,</lemma>
            <CharacterOffsetBegin>19981</CharacterOffsetBegin>
            <CharacterOffsetEnd>19982</CharacterOffsetEnd>
            <POS>,</POS>
            <NER>O</NER>
            <Speaker>PER0</Speaker>
          </token>
          <token id="22">
            <word>I</word>
            <lemma>I</lemma>
            <CharacterOffsetBegin>19983</CharacterOffsetBegin>
            <CharacterOffsetEnd>19984</CharacterOffsetEnd>
            <POS>PRP</POS>
            <NER>O</NER>
            <Speaker>PER0</Speaker>
          </token>
          <token id="23">
            <word>still</word>
            <lemma>still</lemma>
            <CharacterOffsetBegin>19985</CharacterOffsetBegin>
            <CharacterOffsetEnd>19990</CharacterOffsetEnd>
            <POS>RB</POS>
            <NER>O</NER>
            <Speaker>PER0</Speaker>
          </token>
          <token id="24">
            <word>felt</word>
            <lemma>feel</lemma>
            <CharacterOffsetBegin>19991</CharacterOffsetBegin>
            <CharacterOffsetEnd>19995</CharacterOffsetEnd>
            <POS>VBD</POS>
            <NER>O</NER>
            <Speaker>PER0</Speaker>
          </token>
          <token id="25">
            <word>guilty</word>
            <lemma>guilty</lemma>
            <CharacterOffsetBegin>19996</CharacterOffsetBegin>
            <CharacterOffsetEnd>20002</CharacterOffsetEnd>
            <POS>JJ</POS>
            <NER>O</NER>
            <Speaker>PER0</Speaker>
          </token>
          <token id="26">
            <word>that</word>
            <lemma>that</lemma>
            <CharacterOffsetBegin>20003</CharacterOffsetBegin>
            <CharacterOffsetEnd>20007</CharacterOffsetEnd>
            <POS>IN</POS>
            <NER>O</NER>
            <Speaker>PER0</Speaker>
          </token>
          <token id="27">
            <word>I</word>
            <lemma>I</lemma>
            <CharacterOffsetBegin>20008</CharacterOffsetBegin>
            <CharacterOffsetEnd>20009</CharacterOffsetEnd>
            <POS>PRP</POS>
            <NER>O</NER>
            <Speaker>PER0</Speaker>
          </token>
          <token id="28">
            <word>had</word>
            <lemma>have</lemma>
            <CharacterOffsetBegin>20010</CharacterOffsetBegin>
            <CharacterOffsetEnd>20013</CharacterOffsetEnd>
            <POS>VBD</POS>
            <NER>O</NER>
            <Speaker>PER0</Speaker>
          </token>
          <token id="29">
            <word>not</word>
            <lemma>not</lemma>
            <CharacterOffsetBegin>20014</CharacterOffsetBegin>
            <CharacterOffsetEnd>20017</CharacterOffsetEnd>
            <POS>RB</POS>
            <NER>O</NER>
            <Speaker>PER0</Speaker>
          </token>
          <token id="30">
            <word>taken</word>
            <lemma>take</lemma>
            <CharacterOffsetBegin>20018</CharacterOffsetBegin>
            <CharacterOffsetEnd>20023</CharacterOffsetEnd>
            <POS>VBN</POS>
            <NER>O</NER>
            <Speaker>PER0</Speaker>
          </token>
          <token id="31">
            <word>the</word>
            <lemma>the</lemma>
            <CharacterOffsetBegin>20024</CharacterOffsetBegin>
            <CharacterOffsetEnd>20027</CharacterOffsetEnd>
            <POS>DT</POS>
            <NER>O</NER>
            <Speaker>PER0</Speaker>
          </token>
          <token id="32">
            <word>necessary</word>
            <lemma>necessary</lemma>
            <CharacterOffsetBegin>20028</CharacterOffsetBegin>
            <CharacterOffsetEnd>20037</CharacterOffsetEnd>
            <POS>JJ</POS>
            <NER>O</NER>
            <Speaker>PER0</Speaker>
          </token>
          <token id="33">
            <word>precautions</word>
            <lemma>precaution</lemma>
            <CharacterOffsetBegin>20038</CharacterOffsetBegin>
            <CharacterOffsetEnd>20049</CharacterOffsetEnd>
            <POS>NNS</POS>
            <NER>O</NER>
            <Speaker>PER0</Speaker>
          </token>
          <token id="34">
            <word>or</word>
            <lemma>or</lemma>
            <CharacterOffsetBegin>20050</CharacterOffsetBegin>
            <CharacterOffsetEnd>20052</CharacterOffsetEnd>
            <POS>CC</POS>
            <NER>O</NER>
            <Speaker>PER0</Speaker>
          </token>
          <token id="35">
            <word>taken</word>
            <lemma>take</lemma>
            <CharacterOffsetBegin>20053</CharacterOffsetBegin>
            <CharacterOffsetEnd>20058</CharacterOffsetEnd>
            <POS>VBN</POS>
            <NER>O</NER>
            <Speaker>PER0</Speaker>
          </token>
          <token id="36">
            <word>any</word>
            <lemma>any</lemma>
            <CharacterOffsetBegin>20059</CharacterOffsetBegin>
            <CharacterOffsetEnd>20062</CharacterOffsetEnd>
            <POS>DT</POS>
            <NER>O</NER>
            <Speaker>PER0</Speaker>
          </token>
          <token id="37">
            <word>interest</word>
            <lemma>interest</lemma>
            <CharacterOffsetBegin>20063</CharacterOffsetBegin>
            <CharacterOffsetEnd>20071</CharacterOffsetEnd>
            <POS>NN</POS>
            <NER>O</NER>
            <Speaker>PER0</Speaker>
          </token>
          <token id="38">
            <word>in</word>
            <lemma>in</lemma>
            <CharacterOffsetBegin>20072</CharacterOffsetBegin>
            <CharacterOffsetEnd>20074</CharacterOffsetEnd>
            <POS>IN</POS>
            <NER>O</NER>
            <Speaker>PER0</Speaker>
          </token>
          <token id="39">
            <word>understanding</word>
            <lemma>understand</lemma>
            <CharacterOffsetBegin>20075</CharacterOffsetBegin>
            <CharacterOffsetEnd>20088</CharacterOffsetEnd>
            <POS>VBG</POS>
            <NER>O</NER>
            <Speaker>PER0</Speaker>
          </token>
          <token id="40">
            <word>why</word>
            <lemma>why</lemma>
            <CharacterOffsetBegin>20089</CharacterOffsetBegin>
            <CharacterOffsetEnd>20092</CharacterOffsetEnd>
            <POS>WRB</POS>
            <NER>O</NER>
            <Speaker>PER0</Speaker>
          </token>
          <token id="41">
            <word>I</word>
            <lemma>I</lemma>
            <CharacterOffsetBegin>20093</CharacterOffsetBegin>
            <CharacterOffsetEnd>20094</CharacterOffsetEnd>
            <POS>PRP</POS>
            <NER>O</NER>
            <Speaker>PER0</Speaker>
          </token>
          <token id="42">
            <word>was</word>
            <lemma>be</lemma>
            <CharacterOffsetBegin>20095</CharacterOffsetBegin>
            <CharacterOffsetEnd>20098</CharacterOffsetEnd>
            <POS>VBD</POS>
            <NER>O</NER>
            <Speaker>PER0</Speaker>
          </token>
          <token id="43">
            <word>wearing</word>
            <lemma>wear</lemma>
            <CharacterOffsetBegin>20099</CharacterOffsetBegin>
            <CharacterOffsetEnd>20106</CharacterOffsetEnd>
            <POS>VBG</POS>
            <NER>O</NER>
            <Speaker>PER0</Speaker>
          </token>
          <token id="44">
            <word>the</word>
            <lemma>the</lemma>
            <CharacterOffsetBegin>20107</CharacterOffsetBegin>
            <CharacterOffsetEnd>20110</CharacterOffsetEnd>
            <POS>DT</POS>
            <NER>O</NER>
            <Speaker>PER0</Speaker>
          </token>
          <token id="45">
            <word>strap</word>
            <lemma>strap</lemma>
            <CharacterOffsetBegin>20111</CharacterOffsetBegin>
            <CharacterOffsetEnd>20116</CharacterOffsetEnd>
            <POS>NN</POS>
            <NER>O</NER>
            <Speaker>PER0</Speaker>
          </token>
          <token id="46">
            <word>.</word>
            <lemma>.</lemma>
            <CharacterOffsetBegin>20116</CharacterOffsetBegin>
            <CharacterOffsetEnd>20117</CharacterOffsetEnd>
            <POS>.</POS>
            <NER>O</NER>
            <Speaker>PER0</Speaker>
          </token>
        </tokens>
        <parse>(ROOT (S (S (PP (IN As) (NP (DT a) (NN result))) (NP (PRP I)) (VP (VBD felt) (ADJP (RB very) (JJ unprofessional)))) (CC and) (S (SBAR (IN although) (S (NP (PRP$ my) (NN behaviour)) (VP (VBD did) (RB not) (VP (VB do) (NP (DT any) (JJ immediate) (NN harm)) (PP (TO to) (NP (DT the) (NN equipment))))))) (, ,) (NP (PRP I)) (ADVP (RB still)) (VP (VBD felt) (ADJP (JJ guilty)) (SBAR (IN that) (S (NP (PRP I)) (VP (VBD had) (RB not) (VP (VP (VBN taken) (NP (DT the) (JJ necessary) (NNS precautions))) (CC or) (VP (VBN taken) (NP (DT any) (NN interest)) (PP (IN in) (S (VP (VBG understanding) (SBAR (WHADVP (WRB why)) (S (NP (PRP I)) (VP (VBD was) (VP (VBG wearing) (NP (DT the) (NN strap)))))))))))))))) (. .))) </parse>
        <dependencies type="basic-dependencies">
          <dep type="root">
            <governor idx="0">ROOT</governor>
            <dependent idx="5">felt</dependent>
          </dep>
          <dep type="case">
            <governor idx="3">result</governor>
            <dependent idx="1">As</dependent>
          </dep>
          <dep type="det">
            <governor idx="3">result</governor>
            <dependent idx="2">a</dependent>
          </dep>
          <dep type="nmod">
            <governor idx="5">felt</governor>
            <dependent idx="3">result</dependent>
          </dep>
          <dep type="nsubj">
            <governor idx="5">felt</governor>
            <dependent idx="4">I</dependent>
          </dep>
          <dep type="advmod">
            <governor idx="7">unprofessional</governor>
            <dependent idx="6">very</dependent>
          </dep>
          <dep type="xcomp">
            <governor idx="5">felt</governor>
            <dependent idx="7">unprofessional</dependent>
          </dep>
          <dep type="cc">
            <governor idx="5">felt</governor>
            <dependent idx="8">and</dependent>
          </dep>
          <dep type="mark">
            <governor idx="14">do</governor>
            <dependent idx="9">although</dependent>
          </dep>
          <dep type="nmod:poss">
            <governor idx="11">behaviour</governor>
            <dependent idx="10">my</dependent>
          </dep>
          <dep type="nsubj">
            <governor idx="14">do</governor>
            <dependent idx="11">behaviour</dependent>
          </dep>
          <dep type="aux">
            <governor idx="14">do</governor>
            <dependent idx="12">did</dependent>
          </dep>
          <dep type="neg">
            <governor idx="14">do</governor>
            <dependent idx="13">not</dependent>
          </dep>
          <dep type="advcl">
            <governor idx="24">felt</governor>
            <dependent idx="14">do</dependent>
          </dep>
          <dep type="det">
            <governor idx="17">harm</governor>
            <dependent idx="15">any</dependent>
          </dep>
          <dep type="amod">
            <governor idx="17">harm</governor>
            <dependent idx="16">immediate</dependent>
          </dep>
          <dep type="dobj">
            <governor idx="14">do</governor>
            <dependent idx="17">harm</dependent>
          </dep>
          <dep type="case">
            <governor idx="20">equipment</governor>
            <dependent idx="18">to</dependent>
          </dep>
          <dep type="det">
            <governor idx="20">equipment</governor>
            <dependent idx="19">the</dependent>
          </dep>
          <dep type="nmod">
            <governor idx="14">do</governor>
            <dependent idx="20">equipment</dependent>
          </dep>
          <dep type="punct">
            <governor idx="24">felt</governor>
            <dependent idx="21">,</dependent>
          </dep>
          <dep type="nsubj">
            <governor idx="24">felt</governor>
            <dependent idx="22">I</dependent>
          </dep>
          <dep type="advmod">
            <governor idx="24">felt</governor>
            <dependent idx="23">still</dependent>
          </dep>
          <dep type="conj">
            <governor idx="5">felt</governor>
            <dependent idx="24">felt</dependent>
          </dep>
          <dep type="xcomp">
            <governor idx="24">felt</governor>
            <dependent idx="25">guilty</dependent>
          </dep>
          <dep type="mark">
            <governor idx="30">taken</governor>
            <dependent idx="26">that</dependent>
          </dep>
          <dep type="nsubj">
            <governor idx="30">taken</governor>
            <dependent idx="27">I</dependent>
          </dep>
          <dep type="aux">
            <governor idx="30">taken</governor>
            <dependent idx="28">had</dependent>
          </dep>
          <dep type="neg">
            <governor idx="30">taken</governor>
            <dependent idx="29">not</dependent>
          </dep>
          <dep type="ccomp">
            <governor idx="24">felt</governor>
            <dependent idx="30">taken</dependent>
          </dep>
          <dep type="det">
            <governor idx="33">precautions</governor>
            <dependent idx="31">the</dependent>
          </dep>
          <dep type="amod">
            <governor idx="33">precautions</governor>
            <dependent idx="32">necessary</dependent>
          </dep>
          <dep type="dobj">
            <governor idx="30">taken</governor>
            <dependent idx="33">precautions</dependent>
          </dep>
          <dep type="cc">
            <governor idx="30">taken</governor>
            <dependent idx="34">or</dependent>
          </dep>
          <dep type="conj">
            <governor idx="30">taken</governor>
            <dependent idx="35">taken</dependent>
          </dep>
          <dep type="det">
            <governor idx="37">interest</governor>
            <dependent idx="36">any</dependent>
          </dep>
          <dep type="dobj">
            <governor idx="35">taken</governor>
            <dependent idx="37">interest</dependent>
          </dep>
          <dep type="mark">
            <governor idx="39">understanding</governor>
            <dependent idx="38">in</dependent>
          </dep>
          <dep type="advcl">
            <governor idx="35">taken</governor>
            <dependent idx="39">understanding</dependent>
          </dep>
          <dep type="advmod">
            <governor idx="43">wearing</governor>
            <dependent idx="40">why</dependent>
          </dep>
          <dep type="nsubj">
            <governor idx="43">wearing</governor>
            <dependent idx="41">I</dependent>
          </dep>
          <dep type="aux">
            <governor idx="43">wearing</governor>
            <dependent idx="42">was</dependent>
          </dep>
          <dep type="ccomp">
            <governor idx="39">understanding</governor>
            <dependent idx="43">wearing</dependent>
          </dep>
          <dep type="det">
            <governor idx="45">strap</governor>
            <dependent idx="44">the</dependent>
          </dep>
          <dep type="dobj">
            <governor idx="43">wearing</governor>
            <dependent idx="45">strap</dependent>
          </dep>
          <dep type="punct">
            <governor idx="5">felt</governor>
            <dependent idx="46">.</dependent>
          </dep>
        </dependencies>
        <dependencies type="collapsed-dependencies">
          <dep type="root">
            <governor idx="0">ROOT</governor>
            <dependent idx="5">felt</dependent>
          </dep>
          <dep type="case">
            <governor idx="3">result</governor>
            <dependent idx="1">As</dependent>
          </dep>
          <dep type="det">
            <governor idx="3">result</governor>
            <dependent idx="2">a</dependent>
          </dep>
          <dep type="nmod:as">
            <governor idx="5">felt</governor>
            <dependent idx="3">result</dependent>
          </dep>
          <dep type="nsubj">
            <governor idx="5">felt</governor>
            <dependent idx="4">I</dependent>
          </dep>
          <dep type="advmod">
            <governor idx="7">unprofessional</governor>
            <dependent idx="6">very</dependent>
          </dep>
          <dep type="xcomp">
            <governor idx="5">felt</governor>
            <dependent idx="7">unprofessional</dependent>
          </dep>
          <dep type="cc">
            <governor idx="5">felt</governor>
            <dependent idx="8">and</dependent>
          </dep>
          <dep type="mark">
            <governor idx="14">do</governor>
            <dependent idx="9">although</dependent>
          </dep>
          <dep type="nmod:poss">
            <governor idx="11">behaviour</governor>
            <dependent idx="10">my</dependent>
          </dep>
          <dep type="nsubj">
            <governor idx="14">do</governor>
            <dependent idx="11">behaviour</dependent>
          </dep>
          <dep type="aux">
            <governor idx="14">do</governor>
            <dependent idx="12">did</dependent>
          </dep>
          <dep type="neg">
            <governor idx="14">do</governor>
            <dependent idx="13">not</dependent>
          </dep>
          <dep type="advcl">
            <governor idx="24">felt</governor>
            <dependent idx="14">do</dependent>
          </dep>
          <dep type="det">
            <governor idx="17">harm</governor>
            <dependent idx="15">any</dependent>
          </dep>
          <dep type="amod">
            <governor idx="17">harm</governor>
            <dependent idx="16">immediate</dependent>
          </dep>
          <dep type="dobj">
            <governor idx="14">do</governor>
            <dependent idx="17">harm</dependent>
          </dep>
          <dep type="case">
            <governor idx="20">equipment</governor>
            <dependent idx="18">to</dependent>
          </dep>
          <dep type="det">
            <governor idx="20">equipment</governor>
            <dependent idx="19">the</dependent>
          </dep>
          <dep type="nmod:to">
            <governor idx="14">do</governor>
            <dependent idx="20">equipment</dependent>
          </dep>
          <dep type="punct">
            <governor idx="24">felt</governor>
            <dependent idx="21">,</dependent>
          </dep>
          <dep type="nsubj">
            <governor idx="24">felt</governor>
            <dependent idx="22">I</dependent>
          </dep>
          <dep type="advmod">
            <governor idx="24">felt</governor>
            <dependent idx="23">still</dependent>
          </dep>
          <dep type="conj:and">
            <governor idx="5">felt</governor>
            <dependent idx="24">felt</dependent>
          </dep>
          <dep type="xcomp">
            <governor idx="24">felt</governor>
            <dependent idx="25">guilty</dependent>
          </dep>
          <dep type="mark">
            <governor idx="30">taken</governor>
            <dependent idx="26">that</dependent>
          </dep>
          <dep type="nsubj">
            <governor idx="30">taken</governor>
            <dependent idx="27">I</dependent>
          </dep>
          <dep type="aux">
            <governor idx="30">taken</governor>
            <dependent idx="28">had</dependent>
          </dep>
          <dep type="neg">
            <governor idx="30">taken</governor>
            <dependent idx="29">not</dependent>
          </dep>
          <dep type="ccomp">
            <governor idx="24">felt</governor>
            <dependent idx="30">taken</dependent>
          </dep>
          <dep type="det">
            <governor idx="33">precautions</governor>
            <dependent idx="31">the</dependent>
          </dep>
          <dep type="amod">
            <governor idx="33">precautions</governor>
            <dependent idx="32">necessary</dependent>
          </dep>
          <dep type="dobj">
            <governor idx="30">taken</governor>
            <dependent idx="33">precautions</dependent>
          </dep>
          <dep type="cc">
            <governor idx="30">taken</governor>
            <dependent idx="34">or</dependent>
          </dep>
          <dep type="conj:or">
            <governor idx="30">taken</governor>
            <dependent idx="35">taken</dependent>
          </dep>
          <dep type="det">
            <governor idx="37">interest</governor>
            <dependent idx="36">any</dependent>
          </dep>
          <dep type="dobj">
            <governor idx="35">taken</governor>
            <dependent idx="37">interest</dependent>
          </dep>
          <dep type="mark">
            <governor idx="39">understanding</governor>
            <dependent idx="38">in</dependent>
          </dep>
          <dep type="advcl">
            <governor idx="35">taken</governor>
            <dependent idx="39">understanding</dependent>
          </dep>
          <dep type="advmod">
            <governor idx="43">wearing</governor>
            <dependent idx="40">why</dependent>
          </dep>
          <dep type="nsubj">
            <governor idx="43">wearing</governor>
            <dependent idx="41">I</dependent>
          </dep>
          <dep type="aux">
            <governor idx="43">wearing</governor>
            <dependent idx="42">was</dependent>
          </dep>
          <dep type="ccomp">
            <governor idx="39">understanding</governor>
            <dependent idx="43">wearing</dependent>
          </dep>
          <dep type="det">
            <governor idx="45">strap</governor>
            <dependent idx="44">the</dependent>
          </dep>
          <dep type="dobj">
            <governor idx="43">wearing</governor>
            <dependent idx="45">strap</dependent>
          </dep>
          <dep type="punct">
            <governor idx="5">felt</governor>
            <dependent idx="46">.</dependent>
          </dep>
        </dependencies>
        <dependencies type="collapsed-ccprocessed-dependencies">
          <dep type="root">
            <governor idx="0">ROOT</governor>
            <dependent idx="5">felt</dependent>
          </dep>
          <dep type="case">
            <governor idx="3">result</governor>
            <dependent idx="1">As</dependent>
          </dep>
          <dep type="det">
            <governor idx="3">result</governor>
            <dependent idx="2">a</dependent>
          </dep>
          <dep type="nmod:as">
            <governor idx="5">felt</governor>
            <dependent idx="3">result</dependent>
          </dep>
          <dep type="nsubj">
            <governor idx="5">felt</governor>
            <dependent idx="4">I</dependent>
          </dep>
          <dep type="advmod">
            <governor idx="7">unprofessional</governor>
            <dependent idx="6">very</dependent>
          </dep>
          <dep type="xcomp">
            <governor idx="5">felt</governor>
            <dependent idx="7">unprofessional</dependent>
          </dep>
          <dep type="cc">
            <governor idx="5">felt</governor>
            <dependent idx="8">and</dependent>
          </dep>
          <dep type="mark">
            <governor idx="14">do</governor>
            <dependent idx="9">although</dependent>
          </dep>
          <dep type="nmod:poss">
            <governor idx="11">behaviour</governor>
            <dependent idx="10">my</dependent>
          </dep>
          <dep type="nsubj">
            <governor idx="14">do</governor>
            <dependent idx="11">behaviour</dependent>
          </dep>
          <dep type="aux">
            <governor idx="14">do</governor>
            <dependent idx="12">did</dependent>
          </dep>
          <dep type="neg">
            <governor idx="14">do</governor>
            <dependent idx="13">not</dependent>
          </dep>
          <dep type="advcl">
            <governor idx="24">felt</governor>
            <dependent idx="14">do</dependent>
          </dep>
          <dep type="det">
            <governor idx="17">harm</governor>
            <dependent idx="15">any</dependent>
          </dep>
          <dep type="amod">
            <governor idx="17">harm</governor>
            <dependent idx="16">immediate</dependent>
          </dep>
          <dep type="dobj">
            <governor idx="14">do</governor>
            <dependent idx="17">harm</dependent>
          </dep>
          <dep type="case">
            <governor idx="20">equipment</governor>
            <dependent idx="18">to</dependent>
          </dep>
          <dep type="det">
            <governor idx="20">equipment</governor>
            <dependent idx="19">the</dependent>
          </dep>
          <dep type="nmod:to">
            <governor idx="14">do</governor>
            <dependent idx="20">equipment</dependent>
          </dep>
          <dep type="punct">
            <governor idx="24">felt</governor>
            <dependent idx="21">,</dependent>
          </dep>
          <dep type="nsubj">
            <governor idx="24">felt</governor>
            <dependent idx="22">I</dependent>
          </dep>
          <dep type="advmod">
            <governor idx="24">felt</governor>
            <dependent idx="23">still</dependent>
          </dep>
          <dep type="conj:and">
            <governor idx="5">felt</governor>
            <dependent idx="24">felt</dependent>
          </dep>
          <dep type="xcomp">
            <governor idx="24">felt</governor>
            <dependent idx="25">guilty</dependent>
          </dep>
          <dep type="mark">
            <governor idx="30">taken</governor>
            <dependent idx="26">that</dependent>
          </dep>
          <dep type="nsubj">
            <governor idx="30">taken</governor>
            <dependent idx="27">I</dependent>
          </dep>
          <dep type="nsubj" extra="true">
            <governor idx="35">taken</governor>
            <dependent idx="27">I</dependent>
          </dep>
          <dep type="aux">
            <governor idx="30">taken</governor>
            <dependent idx="28">had</dependent>
          </dep>
          <dep type="neg">
            <governor idx="30">taken</governor>
            <dependent idx="29">not</dependent>
          </dep>
          <dep type="ccomp">
            <governor idx="24">felt</governor>
            <dependent idx="30">taken</dependent>
          </dep>
          <dep type="det">
            <governor idx="33">precautions</governor>
            <dependent idx="31">the</dependent>
          </dep>
          <dep type="amod">
            <governor idx="33">precautions</governor>
            <dependent idx="32">necessary</dependent>
          </dep>
          <dep type="dobj">
            <governor idx="30">taken</governor>
            <dependent idx="33">precautions</dependent>
          </dep>
          <dep type="cc">
            <governor idx="30">taken</governor>
            <dependent idx="34">or</dependent>
          </dep>
          <dep type="ccomp" extra="true">
            <governor idx="24">felt</governor>
            <dependent idx="35">taken</dependent>
          </dep>
          <dep type="conj:or">
            <governor idx="30">taken</governor>
            <dependent idx="35">taken</dependent>
          </dep>
          <dep type="det">
            <governor idx="37">interest</governor>
            <dependent idx="36">any</dependent>
          </dep>
          <dep type="dobj">
            <governor idx="35">taken</governor>
            <dependent idx="37">interest</dependent>
          </dep>
          <dep type="mark">
            <governor idx="39">understanding</governor>
            <dependent idx="38">in</dependent>
          </dep>
          <dep type="advcl">
            <governor idx="35">taken</governor>
            <dependent idx="39">understanding</dependent>
          </dep>
          <dep type="advmod">
            <governor idx="43">wearing</governor>
            <dependent idx="40">why</dependent>
          </dep>
          <dep type="nsubj">
            <governor idx="43">wearing</governor>
            <dependent idx="41">I</dependent>
          </dep>
          <dep type="aux">
            <governor idx="43">wearing</governor>
            <dependent idx="42">was</dependent>
          </dep>
          <dep type="ccomp">
            <governor idx="39">understanding</governor>
            <dependent idx="43">wearing</dependent>
          </dep>
          <dep type="det">
            <governor idx="45">strap</governor>
            <dependent idx="44">the</dependent>
          </dep>
          <dep type="dobj">
            <governor idx="43">wearing</governor>
            <dependent idx="45">strap</dependent>
          </dep>
          <dep type="punct">
            <governor idx="5">felt</governor>
            <dependent idx="46">.</dependent>
          </dep>
        </dependencies>
      </sentence>
      <sentence id="171">
        <tokens>
          <token id="1">
            <word>From</word>
            <lemma>from</lemma>
            <CharacterOffsetBegin>20118</CharacterOffsetBegin>
            <CharacterOffsetEnd>20122</CharacterOffsetEnd>
            <POS>IN</POS>
            <NER>O</NER>
            <Speaker>PER0</Speaker>
          </token>
          <token id="2">
            <word>this</word>
            <lemma>this</lemma>
            <CharacterOffsetBegin>20123</CharacterOffsetBegin>
            <CharacterOffsetEnd>20127</CharacterOffsetEnd>
            <POS>DT</POS>
            <NER>O</NER>
            <Speaker>PER0</Speaker>
          </token>
          <token id="3">
            <word>experience</word>
            <lemma>experience</lemma>
            <CharacterOffsetBegin>20128</CharacterOffsetBegin>
            <CharacterOffsetEnd>20138</CharacterOffsetEnd>
            <POS>NN</POS>
            <NER>O</NER>
            <Speaker>PER0</Speaker>
          </token>
          <token id="4">
            <word>I</word>
            <lemma>I</lemma>
            <CharacterOffsetBegin>20139</CharacterOffsetBegin>
            <CharacterOffsetEnd>20140</CharacterOffsetEnd>
            <POS>PRP</POS>
            <NER>O</NER>
            <Speaker>PER0</Speaker>
          </token>
          <token id="5">
            <word>have</word>
            <lemma>have</lemma>
            <CharacterOffsetBegin>20141</CharacterOffsetBegin>
            <CharacterOffsetEnd>20145</CharacterOffsetEnd>
            <POS>VBP</POS>
            <NER>O</NER>
            <Speaker>PER0</Speaker>
          </token>
          <token id="6">
            <word>learnt</word>
            <lemma>learn</lemma>
            <CharacterOffsetBegin>20146</CharacterOffsetBegin>
            <CharacterOffsetEnd>20152</CharacterOffsetEnd>
            <POS>VBN</POS>
            <NER>O</NER>
            <Speaker>PER0</Speaker>
          </token>
          <token id="7">
            <word>that</word>
            <lemma>that</lemma>
            <CharacterOffsetBegin>20153</CharacterOffsetBegin>
            <CharacterOffsetEnd>20157</CharacterOffsetEnd>
            <POS>DT</POS>
            <NER>O</NER>
            <Speaker>PER0</Speaker>
          </token>
          <token id="8">
            <word>is</word>
            <lemma>be</lemma>
            <CharacterOffsetBegin>20158</CharacterOffsetBegin>
            <CharacterOffsetEnd>20160</CharacterOffsetEnd>
            <POS>VBZ</POS>
            <NER>O</NER>
            <Speaker>PER0</Speaker>
          </token>
          <token id="9">
            <word>important</word>
            <lemma>important</lemma>
            <CharacterOffsetBegin>20161</CharacterOffsetBegin>
            <CharacterOffsetEnd>20170</CharacterOffsetEnd>
            <POS>JJ</POS>
            <NER>O</NER>
            <Speaker>PER0</Speaker>
          </token>
          <token id="10">
            <word>to</word>
            <lemma>to</lemma>
            <CharacterOffsetBegin>20171</CharacterOffsetBegin>
            <CharacterOffsetEnd>20173</CharacterOffsetEnd>
            <POS>TO</POS>
            <NER>O</NER>
            <Speaker>PER0</Speaker>
          </token>
          <token id="11">
            <word>not</word>
            <lemma>not</lemma>
            <CharacterOffsetBegin>20174</CharacterOffsetBegin>
            <CharacterOffsetEnd>20177</CharacterOffsetEnd>
            <POS>RB</POS>
            <NER>O</NER>
            <Speaker>PER0</Speaker>
          </token>
          <token id="12">
            <word>only</word>
            <lemma>only</lemma>
            <CharacterOffsetBegin>20178</CharacterOffsetBegin>
            <CharacterOffsetEnd>20182</CharacterOffsetEnd>
            <POS>RB</POS>
            <NER>O</NER>
            <Speaker>PER0</Speaker>
          </token>
          <token id="13">
            <word>be</word>
            <lemma>be</lemma>
            <CharacterOffsetBegin>20183</CharacterOffsetBegin>
            <CharacterOffsetEnd>20185</CharacterOffsetEnd>
            <POS>VB</POS>
            <NER>O</NER>
            <Speaker>PER0</Speaker>
          </token>
          <token id="14">
            <word>interested</word>
            <lemma>interested</lemma>
            <CharacterOffsetBegin>20186</CharacterOffsetBegin>
            <CharacterOffsetEnd>20196</CharacterOffsetEnd>
            <POS>JJ</POS>
            <NER>O</NER>
            <Speaker>PER0</Speaker>
          </token>
          <token id="15">
            <word>in</word>
            <lemma>in</lemma>
            <CharacterOffsetBegin>20197</CharacterOffsetBegin>
            <CharacterOffsetEnd>20199</CharacterOffsetEnd>
            <POS>IN</POS>
            <NER>O</NER>
            <Speaker>PER0</Speaker>
          </token>
          <token id="16">
            <word>asking</word>
            <lemma>ask</lemma>
            <CharacterOffsetBegin>20200</CharacterOffsetBegin>
            <CharacterOffsetEnd>20206</CharacterOffsetEnd>
            <POS>VBG</POS>
            <NER>O</NER>
            <Speaker>PER0</Speaker>
          </token>
          <token id="17">
            <word>questions</word>
            <lemma>question</lemma>
            <CharacterOffsetBegin>20207</CharacterOffsetBegin>
            <CharacterOffsetEnd>20216</CharacterOffsetEnd>
            <POS>NNS</POS>
            <NER>O</NER>
            <Speaker>PER0</Speaker>
          </token>
          <token id="18">
            <word>about</word>
            <lemma>about</lemma>
            <CharacterOffsetBegin>20217</CharacterOffsetBegin>
            <CharacterOffsetEnd>20222</CharacterOffsetEnd>
            <POS>IN</POS>
            <NER>O</NER>
            <Speaker>PER0</Speaker>
          </token>
          <token id="19">
            <word>equipment</word>
            <lemma>equipment</lemma>
            <CharacterOffsetBegin>20223</CharacterOffsetBegin>
            <CharacterOffsetEnd>20232</CharacterOffsetEnd>
            <POS>NN</POS>
            <NER>O</NER>
            <Speaker>PER0</Speaker>
          </token>
          <token id="20">
            <word>,</word>
            <lemma>,</lemma>
            <CharacterOffsetBegin>20232</CharacterOffsetBegin>
            <CharacterOffsetEnd>20233</CharacterOffsetEnd>
            <POS>,</POS>
            <NER>O</NER>
            <Speaker>PER0</Speaker>
          </token>
          <token id="21">
            <word>how</word>
            <lemma>how</lemma>
            <CharacterOffsetBegin>20234</CharacterOffsetBegin>
            <CharacterOffsetEnd>20237</CharacterOffsetEnd>
            <POS>WRB</POS>
            <NER>O</NER>
            <Speaker>PER0</Speaker>
          </token>
          <token id="22">
            <word>they</word>
            <lemma>they</lemma>
            <CharacterOffsetBegin>20238</CharacterOffsetBegin>
            <CharacterOffsetEnd>20242</CharacterOffsetEnd>
            <POS>PRP</POS>
            <NER>O</NER>
            <Speaker>PER0</Speaker>
          </token>
          <token id="23">
            <word>work</word>
            <lemma>work</lemma>
            <CharacterOffsetBegin>20243</CharacterOffsetBegin>
            <CharacterOffsetEnd>20247</CharacterOffsetEnd>
            <POS>VBP</POS>
            <NER>O</NER>
            <Speaker>PER0</Speaker>
          </token>
          <token id="24">
            <word>and</word>
            <lemma>and</lemma>
            <CharacterOffsetBegin>20248</CharacterOffsetBegin>
            <CharacterOffsetEnd>20251</CharacterOffsetEnd>
            <POS>CC</POS>
            <NER>O</NER>
            <Speaker>PER0</Speaker>
          </token>
          <token id="25">
            <word>how</word>
            <lemma>how</lemma>
            <CharacterOffsetBegin>20252</CharacterOffsetBegin>
            <CharacterOffsetEnd>20255</CharacterOffsetEnd>
            <POS>WRB</POS>
            <NER>O</NER>
            <Speaker>PER0</Speaker>
          </token>
          <token id="26">
            <word>to</word>
            <lemma>to</lemma>
            <CharacterOffsetBegin>20256</CharacterOffsetBegin>
            <CharacterOffsetEnd>20258</CharacterOffsetEnd>
            <POS>TO</POS>
            <NER>O</NER>
            <Speaker>PER0</Speaker>
          </token>
          <token id="27">
            <word>fix</word>
            <lemma>fix</lemma>
            <CharacterOffsetBegin>20259</CharacterOffsetBegin>
            <CharacterOffsetEnd>20262</CharacterOffsetEnd>
            <POS>VB</POS>
            <NER>O</NER>
            <Speaker>PER0</Speaker>
          </token>
          <token id="28">
            <word>them</word>
            <lemma>they</lemma>
            <CharacterOffsetBegin>20263</CharacterOffsetBegin>
            <CharacterOffsetEnd>20267</CharacterOffsetEnd>
            <POS>PRP</POS>
            <NER>O</NER>
            <Speaker>PER0</Speaker>
          </token>
          <token id="29">
            <word>,</word>
            <lemma>,</lemma>
            <CharacterOffsetBegin>20267</CharacterOffsetBegin>
            <CharacterOffsetEnd>20268</CharacterOffsetEnd>
            <POS>,</POS>
            <NER>O</NER>
            <Speaker>PER0</Speaker>
          </token>
          <token id="30">
            <word>but</word>
            <lemma>but</lemma>
            <CharacterOffsetBegin>20269</CharacterOffsetBegin>
            <CharacterOffsetEnd>20272</CharacterOffsetEnd>
            <POS>CC</POS>
            <NER>O</NER>
            <Speaker>PER0</Speaker>
          </token>
          <token id="31">
            <word>also</word>
            <lemma>also</lemma>
            <CharacterOffsetBegin>20273</CharacterOffsetBegin>
            <CharacterOffsetEnd>20277</CharacterOffsetEnd>
            <POS>RB</POS>
            <NER>O</NER>
            <Speaker>PER0</Speaker>
          </token>
          <token id="32">
            <word>to</word>
            <lemma>to</lemma>
            <CharacterOffsetBegin>20278</CharacterOffsetBegin>
            <CharacterOffsetEnd>20280</CharacterOffsetEnd>
            <POS>TO</POS>
            <NER>O</NER>
            <Speaker>PER0</Speaker>
          </token>
          <token id="33">
            <word>understand</word>
            <lemma>understand</lemma>
            <CharacterOffsetBegin>20281</CharacterOffsetBegin>
            <CharacterOffsetEnd>20291</CharacterOffsetEnd>
            <POS>VB</POS>
            <NER>O</NER>
            <Speaker>PER0</Speaker>
          </token>
          <token id="34">
            <word>all</word>
            <lemma>all</lemma>
            <CharacterOffsetBegin>20292</CharacterOffsetBegin>
            <CharacterOffsetEnd>20295</CharacterOffsetEnd>
            <POS>DT</POS>
            <NER>O</NER>
            <Speaker>PER0</Speaker>
          </token>
          <token id="35">
            <word>necessary</word>
            <lemma>necessary</lemma>
            <CharacterOffsetBegin>20296</CharacterOffsetBegin>
            <CharacterOffsetEnd>20305</CharacterOffsetEnd>
            <POS>JJ</POS>
            <NER>O</NER>
            <Speaker>PER0</Speaker>
          </token>
          <token id="36">
            <word>safety</word>
            <lemma>safety</lemma>
            <CharacterOffsetBegin>20306</CharacterOffsetBegin>
            <CharacterOffsetEnd>20312</CharacterOffsetEnd>
            <POS>NN</POS>
            <NER>O</NER>
            <Speaker>PER0</Speaker>
          </token>
          <token id="37">
            <word>precautions</word>
            <lemma>precaution</lemma>
            <CharacterOffsetBegin>20313</CharacterOffsetBegin>
            <CharacterOffsetEnd>20324</CharacterOffsetEnd>
            <POS>NNS</POS>
            <NER>O</NER>
            <Speaker>PER0</Speaker>
          </token>
          <token id="38">
            <word>-LRB-</word>
            <lemma>-lrb-</lemma>
            <CharacterOffsetBegin>20325</CharacterOffsetBegin>
            <CharacterOffsetEnd>20326</CharacterOffsetEnd>
            <POS>-LRB-</POS>
            <NER>O</NER>
            <Speaker>PER0</Speaker>
          </token>
          <token id="39">
            <word>personal</word>
            <lemma>personal</lemma>
            <CharacterOffsetBegin>20326</CharacterOffsetBegin>
            <CharacterOffsetEnd>20334</CharacterOffsetEnd>
            <POS>JJ</POS>
            <NER>O</NER>
            <Speaker>PER0</Speaker>
          </token>
          <token id="40">
            <word>and</word>
            <lemma>and</lemma>
            <CharacterOffsetBegin>20335</CharacterOffsetBegin>
            <CharacterOffsetEnd>20338</CharacterOffsetEnd>
            <POS>CC</POS>
            <NER>O</NER>
            <Speaker>PER0</Speaker>
          </token>
          <token id="41">
            <word>also</word>
            <lemma>also</lemma>
            <CharacterOffsetBegin>20339</CharacterOffsetBegin>
            <CharacterOffsetEnd>20343</CharacterOffsetEnd>
            <POS>RB</POS>
            <NER>O</NER>
            <Speaker>PER0</Speaker>
          </token>
          <token id="42">
            <word>in</word>
            <lemma>in</lemma>
            <CharacterOffsetBegin>20344</CharacterOffsetBegin>
            <CharacterOffsetEnd>20346</CharacterOffsetEnd>
            <POS>IN</POS>
            <NER>O</NER>
            <Speaker>PER0</Speaker>
          </token>
          <token id="43">
            <word>respect</word>
            <lemma>respect</lemma>
            <CharacterOffsetBegin>20347</CharacterOffsetBegin>
            <CharacterOffsetEnd>20354</CharacterOffsetEnd>
            <POS>NN</POS>
            <NER>O</NER>
            <Speaker>PER0</Speaker>
          </token>
          <token id="44">
            <word>to</word>
            <lemma>to</lemma>
            <CharacterOffsetBegin>20355</CharacterOffsetBegin>
            <CharacterOffsetEnd>20357</CharacterOffsetEnd>
            <POS>TO</POS>
            <NER>O</NER>
            <Speaker>PER0</Speaker>
          </token>
          <token id="45">
            <word>keeping</word>
            <lemma>keep</lemma>
            <CharacterOffsetBegin>20358</CharacterOffsetBegin>
            <CharacterOffsetEnd>20365</CharacterOffsetEnd>
            <POS>VBG</POS>
            <NER>O</NER>
            <Speaker>PER0</Speaker>
          </token>
          <token id="46">
            <word>equipment</word>
            <lemma>equipment</lemma>
            <CharacterOffsetBegin>20366</CharacterOffsetBegin>
            <CharacterOffsetEnd>20375</CharacterOffsetEnd>
            <POS>NN</POS>
            <NER>O</NER>
            <Speaker>PER0</Speaker>
          </token>
          <token id="47">
            <word>safe</word>
            <lemma>safe</lemma>
            <CharacterOffsetBegin>20376</CharacterOffsetBegin>
            <CharacterOffsetEnd>20380</CharacterOffsetEnd>
            <POS>JJ</POS>
            <NER>O</NER>
            <Speaker>PER0</Speaker>
          </token>
          <token id="48">
            <word>-RRB-</word>
            <lemma>-rrb-</lemma>
            <CharacterOffsetBegin>20380</CharacterOffsetBegin>
            <CharacterOffsetEnd>20381</CharacterOffsetEnd>
            <POS>-RRB-</POS>
            <NER>O</NER>
            <Speaker>PER0</Speaker>
          </token>
          <token id="49">
            <word>.</word>
            <lemma>.</lemma>
            <CharacterOffsetBegin>20381</CharacterOffsetBegin>
            <CharacterOffsetEnd>20382</CharacterOffsetEnd>
            <POS>.</POS>
            <NER>O</NER>
            <Speaker>PER0</Speaker>
          </token>
        </tokens>
        <parse>(ROOT (S (PP (IN From) (NP (DT this) (NN experience))) (NP (PRP I)) (VP (VBP have) (VP (VBN learnt) (SBAR (S (NP (DT that)) (VP (VBZ is) (ADJP (JJ important) (S (VP (VP (TO to) (ADVP (RB not) (RB only)) (VP (VB be) (ADJP (JJ interested) (PP (IN in) (S (VP (VBG asking) (NP (NNS questions)) (PP (IN about) (NP (NN equipment))))))) (, ,) (SBAR (SBAR (WHADVP (WRB how)) (S (NP (PRP they)) (VP (VBP work)))) (CC and) (SBAR (WHADVP (WRB how)) (S (VP (TO to) (VP (VB fix) (NP (PRP them))))))))) (, ,) (CONJP (CC but) (RB also)) (VP (TO to) (VP (VB understand) (NP (NP (DT all) (ADJP (JJ necessary) (NN safety)) (NNS precautions)) (PRN (-LRB- -LRB-) (UCP (ADJP (JJ personal)) (CC and) (ADVP (RB also)) (PP (IN in) (NP (NN respect)))))) (PP (TO to) (S (VP (VBG keeping) (S (NP (NN equipment)) (ADJP (JJ safe)))))))))))))))) (-RRB- -RRB-) (. .))) </parse>
        <dependencies type="basic-dependencies">
          <dep type="root">
            <governor idx="0">ROOT</governor>
            <dependent idx="6">learnt</dependent>
          </dep>
          <dep type="case">
            <governor idx="3">experience</governor>
            <dependent idx="1">From</dependent>
          </dep>
          <dep type="det">
            <governor idx="3">experience</governor>
            <dependent idx="2">this</dependent>
          </dep>
          <dep type="nmod">
            <governor idx="6">learnt</governor>
            <dependent idx="3">experience</dependent>
          </dep>
          <dep type="nsubj">
            <governor idx="6">learnt</governor>
            <dependent idx="4">I</dependent>
          </dep>
          <dep type="aux">
            <governor idx="6">learnt</governor>
            <dependent idx="5">have</dependent>
          </dep>
          <dep type="nsubj">
            <governor idx="9">important</governor>
            <dependent idx="7">that</dependent>
          </dep>
          <dep type="cop">
            <governor idx="9">important</governor>
            <dependent idx="8">is</dependent>
          </dep>
          <dep type="ccomp">
            <governor idx="6">learnt</governor>
            <dependent idx="9">important</dependent>
          </dep>
          <dep type="mark">
            <governor idx="14">interested</governor>
            <dependent idx="10">to</dependent>
          </dep>
          <dep type="dep">
            <governor idx="12">only</governor>
            <dependent idx="11">not</dependent>
          </dep>
          <dep type="advmod">
            <governor idx="14">interested</governor>
            <dependent idx="12">only</dependent>
          </dep>
          <dep type="cop">
            <governor idx="14">interested</governor>
            <dependent idx="13">be</dependent>
          </dep>
          <dep type="dep">
            <governor idx="9">important</governor>
            <dependent idx="14">interested</dependent>
          </dep>
          <dep type="mark">
            <governor idx="16">asking</governor>
            <dependent idx="15">in</dependent>
          </dep>
          <dep type="advcl">
            <governor idx="14">interested</governor>
            <dependent idx="16">asking</dependent>
          </dep>
          <dep type="dobj">
            <governor idx="16">asking</governor>
            <dependent idx="17">questions</dependent>
          </dep>
          <dep type="case">
            <governor idx="19">equipment</governor>
            <dependent idx="18">about</dependent>
          </dep>
          <dep type="nmod">
            <governor idx="16">asking</governor>
            <dependent idx="19">equipment</dependent>
          </dep>
          <dep type="punct">
            <governor idx="14">interested</governor>
            <dependent idx="20">,</dependent>
          </dep>
          <dep type="advmod">
            <governor idx="23">work</governor>
            <dependent idx="21">how</dependent>
          </dep>
          <dep type="nsubj">
            <governor idx="23">work</governor>
            <dependent idx="22">they</dependent>
          </dep>
          <dep type="dep">
            <governor idx="14">interested</governor>
            <dependent idx="23">work</dependent>
          </dep>
          <dep type="cc">
            <governor idx="23">work</governor>
            <dependent idx="24">and</dependent>
          </dep>
          <dep type="advmod">
            <governor idx="27">fix</governor>
            <dependent idx="25">how</dependent>
          </dep>
          <dep type="mark">
            <governor idx="27">fix</governor>
            <dependent idx="26">to</dependent>
          </dep>
          <dep type="conj">
            <governor idx="23">work</governor>
            <dependent idx="27">fix</dependent>
          </dep>
          <dep type="dobj">
            <governor idx="27">fix</governor>
            <dependent idx="28">them</dependent>
          </dep>
          <dep type="punct">
            <governor idx="14">interested</governor>
            <dependent idx="29">,</dependent>
          </dep>
          <dep type="cc">
            <governor idx="14">interested</governor>
            <dependent idx="30">but</dependent>
          </dep>
          <dep type="advmod">
            <governor idx="33">understand</governor>
            <dependent idx="31">also</dependent>
          </dep>
          <dep type="mark">
            <governor idx="33">understand</governor>
            <dependent idx="32">to</dependent>
          </dep>
          <dep type="conj">
            <governor idx="14">interested</governor>
            <dependent idx="33">understand</dependent>
          </dep>
          <dep type="det">
            <governor idx="37">precautions</governor>
            <dependent idx="34">all</dependent>
          </dep>
          <dep type="dep">
            <governor idx="36">safety</governor>
            <dependent idx="35">necessary</dependent>
          </dep>
          <dep type="amod">
            <governor idx="37">precautions</governor>
            <dependent idx="36">safety</dependent>
          </dep>
          <dep type="dobj">
            <governor idx="33">understand</governor>
            <dependent idx="37">precautions</dependent>
          </dep>
          <dep type="punct">
            <governor idx="39">personal</governor>
            <dependent idx="38">-LRB-</dependent>
          </dep>
          <dep type="dep">
            <governor idx="37">precautions</governor>
            <dependent idx="39">personal</dependent>
          </dep>
          <dep type="cc">
            <governor idx="39">personal</governor>
            <dependent idx="40">and</dependent>
          </dep>
          <dep type="advmod">
            <governor idx="39">personal</governor>
            <dependent idx="41">also</dependent>
          </dep>
          <dep type="case">
            <governor idx="43">respect</governor>
            <dependent idx="42">in</dependent>
          </dep>
          <dep type="conj">
            <governor idx="39">personal</governor>
            <dependent idx="43">respect</dependent>
          </dep>
          <dep type="mark">
            <governor idx="45">keeping</governor>
            <dependent idx="44">to</dependent>
          </dep>
          <dep type="advcl">
            <governor idx="33">understand</governor>
            <dependent idx="45">keeping</dependent>
          </dep>
          <dep type="nsubj">
            <governor idx="47">safe</governor>
            <dependent idx="46">equipment</dependent>
          </dep>
          <dep type="xcomp">
            <governor idx="45">keeping</governor>
            <dependent idx="47">safe</dependent>
          </dep>
          <dep type="punct">
            <governor idx="6">learnt</governor>
            <dependent idx="48">-RRB-</dependent>
          </dep>
          <dep type="punct">
            <governor idx="6">learnt</governor>
            <dependent idx="49">.</dependent>
          </dep>
        </dependencies>
        <dependencies type="collapsed-dependencies">
          <dep type="root">
            <governor idx="0">ROOT</governor>
            <dependent idx="6">learnt</dependent>
          </dep>
          <dep type="case">
            <governor idx="3">experience</governor>
            <dependent idx="1">From</dependent>
          </dep>
          <dep type="det">
            <governor idx="3">experience</governor>
            <dependent idx="2">this</dependent>
          </dep>
          <dep type="nmod:from">
            <governor idx="6">learnt</governor>
            <dependent idx="3">experience</dependent>
          </dep>
          <dep type="nsubj">
            <governor idx="6">learnt</governor>
            <dependent idx="4">I</dependent>
          </dep>
          <dep type="aux">
            <governor idx="6">learnt</governor>
            <dependent idx="5">have</dependent>
          </dep>
          <dep type="nsubj">
            <governor idx="9">important</governor>
            <dependent idx="7">that</dependent>
          </dep>
          <dep type="cop">
            <governor idx="9">important</governor>
            <dependent idx="8">is</dependent>
          </dep>
          <dep type="ccomp">
            <governor idx="6">learnt</governor>
            <dependent idx="9">important</dependent>
          </dep>
          <dep type="mark">
            <governor idx="14">interested</governor>
            <dependent idx="10">to</dependent>
          </dep>
          <dep type="dep">
            <governor idx="12">only</governor>
            <dependent idx="11">not</dependent>
          </dep>
          <dep type="advmod">
            <governor idx="14">interested</governor>
            <dependent idx="12">only</dependent>
          </dep>
          <dep type="cop">
            <governor idx="14">interested</governor>
            <dependent idx="13">be</dependent>
          </dep>
          <dep type="dep">
            <governor idx="9">important</governor>
            <dependent idx="14">interested</dependent>
          </dep>
          <dep type="mark">
            <governor idx="16">asking</governor>
            <dependent idx="15">in</dependent>
          </dep>
          <dep type="advcl">
            <governor idx="14">interested</governor>
            <dependent idx="16">asking</dependent>
          </dep>
          <dep type="dobj">
            <governor idx="16">asking</governor>
            <dependent idx="17">questions</dependent>
          </dep>
          <dep type="case">
            <governor idx="19">equipment</governor>
            <dependent idx="18">about</dependent>
          </dep>
          <dep type="nmod:about">
            <governor idx="16">asking</governor>
            <dependent idx="19">equipment</dependent>
          </dep>
          <dep type="punct">
            <governor idx="14">interested</governor>
            <dependent idx="20">,</dependent>
          </dep>
          <dep type="advmod">
            <governor idx="23">work</governor>
            <dependent idx="21">how</dependent>
          </dep>
          <dep type="nsubj">
            <governor idx="23">work</governor>
            <dependent idx="22">they</dependent>
          </dep>
          <dep type="dep">
            <governor idx="14">interested</governor>
            <dependent idx="23">work</dependent>
          </dep>
          <dep type="cc">
            <governor idx="23">work</governor>
            <dependent idx="24">and</dependent>
          </dep>
          <dep type="advmod">
            <governor idx="27">fix</governor>
            <dependent idx="25">how</dependent>
          </dep>
          <dep type="mark">
            <governor idx="27">fix</governor>
            <dependent idx="26">to</dependent>
          </dep>
          <dep type="conj:and">
            <governor idx="23">work</governor>
            <dependent idx="27">fix</dependent>
          </dep>
          <dep type="dobj">
            <governor idx="27">fix</governor>
            <dependent idx="28">them</dependent>
          </dep>
          <dep type="punct">
            <governor idx="14">interested</governor>
            <dependent idx="29">,</dependent>
          </dep>
          <dep type="cc">
            <governor idx="14">interested</governor>
            <dependent idx="30">but</dependent>
          </dep>
          <dep type="advmod">
            <governor idx="33">understand</governor>
            <dependent idx="31">also</dependent>
          </dep>
          <dep type="mark">
            <governor idx="33">understand</governor>
            <dependent idx="32">to</dependent>
          </dep>
          <dep type="conj:and">
            <governor idx="14">interested</governor>
            <dependent idx="33">understand</dependent>
          </dep>
          <dep type="det">
            <governor idx="37">precautions</governor>
            <dependent idx="34">all</dependent>
          </dep>
          <dep type="dep">
            <governor idx="36">safety</governor>
            <dependent idx="35">necessary</dependent>
          </dep>
          <dep type="amod">
            <governor idx="37">precautions</governor>
            <dependent idx="36">safety</dependent>
          </dep>
          <dep type="dobj">
            <governor idx="33">understand</governor>
            <dependent idx="37">precautions</dependent>
          </dep>
          <dep type="punct">
            <governor idx="39">personal</governor>
            <dependent idx="38">-LRB-</dependent>
          </dep>
          <dep type="dep">
            <governor idx="37">precautions</governor>
            <dependent idx="39">personal</dependent>
          </dep>
          <dep type="cc">
            <governor idx="39">personal</governor>
            <dependent idx="40">and</dependent>
          </dep>
          <dep type="advmod">
            <governor idx="39">personal</governor>
            <dependent idx="41">also</dependent>
          </dep>
          <dep type="case">
            <governor idx="43">respect</governor>
            <dependent idx="42">in</dependent>
          </dep>
          <dep type="conj:and">
            <governor idx="39">personal</governor>
            <dependent idx="43">respect</dependent>
          </dep>
          <dep type="mark">
            <governor idx="45">keeping</governor>
            <dependent idx="44">to</dependent>
          </dep>
          <dep type="advcl">
            <governor idx="33">understand</governor>
            <dependent idx="45">keeping</dependent>
          </dep>
          <dep type="nsubj">
            <governor idx="47">safe</governor>
            <dependent idx="46">equipment</dependent>
          </dep>
          <dep type="xcomp">
            <governor idx="45">keeping</governor>
            <dependent idx="47">safe</dependent>
          </dep>
          <dep type="punct">
            <governor idx="6">learnt</governor>
            <dependent idx="48">-RRB-</dependent>
          </dep>
          <dep type="punct">
            <governor idx="6">learnt</governor>
            <dependent idx="49">.</dependent>
          </dep>
        </dependencies>
        <dependencies type="collapsed-ccprocessed-dependencies">
          <dep type="root">
            <governor idx="0">ROOT</governor>
            <dependent idx="6">learnt</dependent>
          </dep>
          <dep type="case">
            <governor idx="3">experience</governor>
            <dependent idx="1">From</dependent>
          </dep>
          <dep type="det">
            <governor idx="3">experience</governor>
            <dependent idx="2">this</dependent>
          </dep>
          <dep type="nmod:from">
            <governor idx="6">learnt</governor>
            <dependent idx="3">experience</dependent>
          </dep>
          <dep type="nsubj">
            <governor idx="6">learnt</governor>
            <dependent idx="4">I</dependent>
          </dep>
          <dep type="aux">
            <governor idx="6">learnt</governor>
            <dependent idx="5">have</dependent>
          </dep>
          <dep type="nsubj">
            <governor idx="9">important</governor>
            <dependent idx="7">that</dependent>
          </dep>
          <dep type="cop">
            <governor idx="9">important</governor>
            <dependent idx="8">is</dependent>
          </dep>
          <dep type="ccomp">
            <governor idx="6">learnt</governor>
            <dependent idx="9">important</dependent>
          </dep>
          <dep type="mark">
            <governor idx="14">interested</governor>
            <dependent idx="10">to</dependent>
          </dep>
          <dep type="dep">
            <governor idx="12">only</governor>
            <dependent idx="11">not</dependent>
          </dep>
          <dep type="advmod">
            <governor idx="14">interested</governor>
            <dependent idx="12">only</dependent>
          </dep>
          <dep type="cop">
            <governor idx="14">interested</governor>
            <dependent idx="13">be</dependent>
          </dep>
          <dep type="dep">
            <governor idx="9">important</governor>
            <dependent idx="14">interested</dependent>
          </dep>
          <dep type="mark">
            <governor idx="16">asking</governor>
            <dependent idx="15">in</dependent>
          </dep>
          <dep type="advcl">
            <governor idx="14">interested</governor>
            <dependent idx="16">asking</dependent>
          </dep>
          <dep type="dobj">
            <governor idx="16">asking</governor>
            <dependent idx="17">questions</dependent>
          </dep>
          <dep type="case">
            <governor idx="19">equipment</governor>
            <dependent idx="18">about</dependent>
          </dep>
          <dep type="nmod:about">
            <governor idx="16">asking</governor>
            <dependent idx="19">equipment</dependent>
          </dep>
          <dep type="punct">
            <governor idx="14">interested</governor>
            <dependent idx="20">,</dependent>
          </dep>
          <dep type="advmod">
            <governor idx="23">work</governor>
            <dependent idx="21">how</dependent>
          </dep>
          <dep type="nsubj">
            <governor idx="23">work</governor>
            <dependent idx="22">they</dependent>
          </dep>
          <dep type="nsubj" extra="true">
            <governor idx="27">fix</governor>
            <dependent idx="22">they</dependent>
          </dep>
          <dep type="dep">
            <governor idx="14">interested</governor>
            <dependent idx="23">work</dependent>
          </dep>
          <dep type="cc">
            <governor idx="23">work</governor>
            <dependent idx="24">and</dependent>
          </dep>
          <dep type="advmod">
            <governor idx="27">fix</governor>
            <dependent idx="25">how</dependent>
          </dep>
          <dep type="mark">
            <governor idx="27">fix</governor>
            <dependent idx="26">to</dependent>
          </dep>
          <dep type="dep" extra="true">
            <governor idx="14">interested</governor>
            <dependent idx="27">fix</dependent>
          </dep>
          <dep type="conj:and">
            <governor idx="23">work</governor>
            <dependent idx="27">fix</dependent>
          </dep>
          <dep type="dobj">
            <governor idx="27">fix</governor>
            <dependent idx="28">them</dependent>
          </dep>
          <dep type="punct">
            <governor idx="14">interested</governor>
            <dependent idx="29">,</dependent>
          </dep>
          <dep type="cc">
            <governor idx="14">interested</governor>
            <dependent idx="30">but</dependent>
          </dep>
          <dep type="advmod">
            <governor idx="33">understand</governor>
            <dependent idx="31">also</dependent>
          </dep>
          <dep type="mark">
            <governor idx="33">understand</governor>
            <dependent idx="32">to</dependent>
          </dep>
          <dep type="dep" extra="true">
            <governor idx="9">important</governor>
            <dependent idx="33">understand</dependent>
          </dep>
          <dep type="conj:and">
            <governor idx="14">interested</governor>
            <dependent idx="33">understand</dependent>
          </dep>
          <dep type="det">
            <governor idx="37">precautions</governor>
            <dependent idx="34">all</dependent>
          </dep>
          <dep type="dep">
            <governor idx="36">safety</governor>
            <dependent idx="35">necessary</dependent>
          </dep>
          <dep type="amod">
            <governor idx="37">precautions</governor>
            <dependent idx="36">safety</dependent>
          </dep>
          <dep type="dobj">
            <governor idx="33">understand</governor>
            <dependent idx="37">precautions</dependent>
          </dep>
          <dep type="punct">
            <governor idx="39">personal</governor>
            <dependent idx="38">-LRB-</dependent>
          </dep>
          <dep type="dep">
            <governor idx="37">precautions</governor>
            <dependent idx="39">personal</dependent>
          </dep>
          <dep type="cc">
            <governor idx="39">personal</governor>
            <dependent idx="40">and</dependent>
          </dep>
          <dep type="advmod">
            <governor idx="39">personal</governor>
            <dependent idx="41">also</dependent>
          </dep>
          <dep type="case">
            <governor idx="43">respect</governor>
            <dependent idx="42">in</dependent>
          </dep>
          <dep type="dep" extra="true">
            <governor idx="37">precautions</governor>
            <dependent idx="43">respect</dependent>
          </dep>
          <dep type="conj:and">
            <governor idx="39">personal</governor>
            <dependent idx="43">respect</dependent>
          </dep>
          <dep type="mark">
            <governor idx="45">keeping</governor>
            <dependent idx="44">to</dependent>
          </dep>
          <dep type="advcl">
            <governor idx="33">understand</governor>
            <dependent idx="45">keeping</dependent>
          </dep>
          <dep type="nsubj">
            <governor idx="47">safe</governor>
            <dependent idx="46">equipment</dependent>
          </dep>
          <dep type="xcomp">
            <governor idx="45">keeping</governor>
            <dependent idx="47">safe</dependent>
          </dep>
          <dep type="punct">
            <governor idx="6">learnt</governor>
            <dependent idx="48">-RRB-</dependent>
          </dep>
          <dep type="punct">
            <governor idx="6">learnt</governor>
            <dependent idx="49">.</dependent>
          </dep>
        </dependencies>
      </sentence>
      <sentence id="172">
        <tokens>
          <token id="1">
            <word>I</word>
            <lemma>I</lemma>
            <CharacterOffsetBegin>20384</CharacterOffsetBegin>
            <CharacterOffsetEnd>20385</CharacterOffsetEnd>
            <POS>PRP</POS>
            <NER>O</NER>
            <Speaker>PER0</Speaker>
          </token>
          <token id="2">
            <word>have</word>
            <lemma>have</lemma>
            <CharacterOffsetBegin>20386</CharacterOffsetBegin>
            <CharacterOffsetEnd>20390</CharacterOffsetEnd>
            <POS>VBP</POS>
            <NER>O</NER>
            <Speaker>PER0</Speaker>
          </token>
          <token id="3">
            <word>learnt</word>
            <lemma>learn</lemma>
            <CharacterOffsetBegin>20391</CharacterOffsetBegin>
            <CharacterOffsetEnd>20397</CharacterOffsetEnd>
            <POS>VBN</POS>
            <NER>O</NER>
            <Speaker>PER0</Speaker>
          </token>
          <token id="4">
            <word>to</word>
            <lemma>to</lemma>
            <CharacterOffsetBegin>20398</CharacterOffsetBegin>
            <CharacterOffsetEnd>20400</CharacterOffsetEnd>
            <POS>TO</POS>
            <NER>O</NER>
            <Speaker>PER0</Speaker>
          </token>
          <token id="5">
            <word>question</word>
            <lemma>question</lemma>
            <CharacterOffsetBegin>20401</CharacterOffsetBegin>
            <CharacterOffsetEnd>20409</CharacterOffsetEnd>
            <POS>VB</POS>
            <NER>O</NER>
            <Speaker>PER0</Speaker>
          </token>
          <token id="6">
            <word>more</word>
            <lemma>more</lemma>
            <CharacterOffsetBegin>20410</CharacterOffsetBegin>
            <CharacterOffsetEnd>20414</CharacterOffsetEnd>
            <POS>RBR</POS>
            <NER>O</NER>
            <Speaker>PER0</Speaker>
          </token>
          <token id="7">
            <word>,</word>
            <lemma>,</lemma>
            <CharacterOffsetBegin>20414</CharacterOffsetBegin>
            <CharacterOffsetEnd>20415</CharacterOffsetEnd>
            <POS>,</POS>
            <NER>O</NER>
            <Speaker>PER0</Speaker>
          </token>
          <token id="8">
            <word>even</word>
            <lemma>even</lemma>
            <CharacterOffsetBegin>20416</CharacterOffsetBegin>
            <CharacterOffsetEnd>20420</CharacterOffsetEnd>
            <POS>RB</POS>
            <NER>O</NER>
            <Speaker>PER0</Speaker>
          </token>
          <token id="9">
            <word>if</word>
            <lemma>if</lemma>
            <CharacterOffsetBegin>20421</CharacterOffsetBegin>
            <CharacterOffsetEnd>20423</CharacterOffsetEnd>
            <POS>IN</POS>
            <NER>O</NER>
            <Speaker>PER0</Speaker>
          </token>
          <token id="10">
            <word>it</word>
            <lemma>it</lemma>
            <CharacterOffsetBegin>20424</CharacterOffsetBegin>
            <CharacterOffsetEnd>20426</CharacterOffsetEnd>
            <POS>PRP</POS>
            <NER>O</NER>
            <Speaker>PER0</Speaker>
          </token>
          <token id="11">
            <word>may</word>
            <lemma>may</lemma>
            <CharacterOffsetBegin>20427</CharacterOffsetBegin>
            <CharacterOffsetEnd>20430</CharacterOffsetEnd>
            <POS>MD</POS>
            <NER>O</NER>
            <Speaker>PER0</Speaker>
          </token>
          <token id="12">
            <word>not</word>
            <lemma>not</lemma>
            <CharacterOffsetBegin>20431</CharacterOffsetBegin>
            <CharacterOffsetEnd>20434</CharacterOffsetEnd>
            <POS>RB</POS>
            <NER>O</NER>
            <Speaker>PER0</Speaker>
          </token>
          <token id="13">
            <word>be</word>
            <lemma>be</lemma>
            <CharacterOffsetBegin>20435</CharacterOffsetBegin>
            <CharacterOffsetEnd>20437</CharacterOffsetEnd>
            <POS>VB</POS>
            <NER>O</NER>
            <Speaker>PER0</Speaker>
          </token>
          <token id="14">
            <word>directly</word>
            <lemma>directly</lemma>
            <CharacterOffsetBegin>20438</CharacterOffsetBegin>
            <CharacterOffsetEnd>20446</CharacterOffsetEnd>
            <POS>RB</POS>
            <NER>O</NER>
            <Speaker>PER0</Speaker>
          </token>
          <token id="15">
            <word>related</word>
            <lemma>related</lemma>
            <CharacterOffsetBegin>20447</CharacterOffsetBegin>
            <CharacterOffsetEnd>20454</CharacterOffsetEnd>
            <POS>JJ</POS>
            <NER>O</NER>
            <Speaker>PER0</Speaker>
          </token>
          <token id="16">
            <word>to</word>
            <lemma>to</lemma>
            <CharacterOffsetBegin>20455</CharacterOffsetBegin>
            <CharacterOffsetEnd>20457</CharacterOffsetEnd>
            <POS>TO</POS>
            <NER>O</NER>
            <Speaker>PER0</Speaker>
          </token>
          <token id="17">
            <word>my</word>
            <lemma>my</lemma>
            <CharacterOffsetBegin>20458</CharacterOffsetBegin>
            <CharacterOffsetEnd>20460</CharacterOffsetEnd>
            <POS>PRP$</POS>
            <NER>O</NER>
            <Speaker>PER0</Speaker>
          </token>
          <token id="18">
            <word>interests</word>
            <lemma>interest</lemma>
            <CharacterOffsetBegin>20461</CharacterOffsetBegin>
            <CharacterOffsetEnd>20470</CharacterOffsetEnd>
            <POS>NNS</POS>
            <NER>O</NER>
            <Speaker>PER0</Speaker>
          </token>
          <token id="19">
            <word>,</word>
            <lemma>,</lemma>
            <CharacterOffsetBegin>20470</CharacterOffsetBegin>
            <CharacterOffsetEnd>20471</CharacterOffsetEnd>
            <POS>,</POS>
            <NER>O</NER>
            <Speaker>PER0</Speaker>
          </token>
          <token id="20">
            <word>and</word>
            <lemma>and</lemma>
            <CharacterOffsetBegin>20472</CharacterOffsetBegin>
            <CharacterOffsetEnd>20475</CharacterOffsetEnd>
            <POS>CC</POS>
            <NER>O</NER>
            <Speaker>PER0</Speaker>
          </token>
          <token id="21">
            <word>to</word>
            <lemma>to</lemma>
            <CharacterOffsetBegin>20476</CharacterOffsetBegin>
            <CharacterOffsetEnd>20478</CharacterOffsetEnd>
            <POS>TO</POS>
            <NER>O</NER>
            <Speaker>PER0</Speaker>
          </token>
          <token id="22">
            <word>always</word>
            <lemma>always</lemma>
            <CharacterOffsetBegin>20479</CharacterOffsetBegin>
            <CharacterOffsetEnd>20485</CharacterOffsetEnd>
            <POS>RB</POS>
            <NER>O</NER>
            <Speaker>PER0</Speaker>
          </token>
          <token id="23">
            <word>understand</word>
            <lemma>understand</lemma>
            <CharacterOffsetBegin>20486</CharacterOffsetBegin>
            <CharacterOffsetEnd>20496</CharacterOffsetEnd>
            <POS>VB</POS>
            <NER>O</NER>
            <Speaker>PER0</Speaker>
          </token>
          <token id="24">
            <word>why</word>
            <lemma>why</lemma>
            <CharacterOffsetBegin>20497</CharacterOffsetBegin>
            <CharacterOffsetEnd>20500</CharacterOffsetEnd>
            <POS>WRB</POS>
            <NER>O</NER>
            <Speaker>PER0</Speaker>
          </token>
          <token id="25">
            <word>I</word>
            <lemma>I</lemma>
            <CharacterOffsetBegin>20501</CharacterOffsetBegin>
            <CharacterOffsetEnd>20502</CharacterOffsetEnd>
            <POS>PRP</POS>
            <NER>O</NER>
            <Speaker>PER0</Speaker>
          </token>
          <token id="26">
            <word>am</word>
            <lemma>be</lemma>
            <CharacterOffsetBegin>20503</CharacterOffsetBegin>
            <CharacterOffsetEnd>20505</CharacterOffsetEnd>
            <POS>VBP</POS>
            <NER>O</NER>
            <Speaker>PER0</Speaker>
          </token>
          <token id="27">
            <word>doing</word>
            <lemma>do</lemma>
            <CharacterOffsetBegin>20506</CharacterOffsetBegin>
            <CharacterOffsetEnd>20511</CharacterOffsetEnd>
            <POS>VBG</POS>
            <NER>O</NER>
            <Speaker>PER0</Speaker>
          </token>
          <token id="28">
            <word>something</word>
            <lemma>something</lemma>
            <CharacterOffsetBegin>20512</CharacterOffsetBegin>
            <CharacterOffsetEnd>20521</CharacterOffsetEnd>
            <POS>NN</POS>
            <NER>O</NER>
            <Speaker>PER0</Speaker>
          </token>
          <token id="29">
            <word>.</word>
            <lemma>.</lemma>
            <CharacterOffsetBegin>20521</CharacterOffsetBegin>
            <CharacterOffsetEnd>20522</CharacterOffsetEnd>
            <POS>.</POS>
            <NER>O</NER>
            <Speaker>PER0</Speaker>
          </token>
        </tokens>
        <parse>(ROOT (S (NP (PRP I)) (VP (VBP have) (VP (VBN learnt) (S (VP (VP (TO to) (VP (VB question) (ADVP (RBR more)) (, ,) (SBAR (RB even) (IN if) (S (NP (PRP it)) (VP (MD may) (RB not) (VP (VB be) (ADJP (RB directly) (JJ related) (PP (TO to) (NP (PRP$ my) (NNS interests)))))))))) (, ,) (CC and) (VP (TO to) (ADVP (RB always)) (VP (VB understand) (SBAR (WHADVP (WRB why)) (S (NP (PRP I)) (VP (VBP am) (VP (VBG doing) (NP (NN something)))))))))))) (. .))) </parse>
        <dependencies type="basic-dependencies">
          <dep type="root">
            <governor idx="0">ROOT</governor>
            <dependent idx="3">learnt</dependent>
          </dep>
          <dep type="nsubj">
            <governor idx="3">learnt</governor>
            <dependent idx="1">I</dependent>
          </dep>
          <dep type="aux">
            <governor idx="3">learnt</governor>
            <dependent idx="2">have</dependent>
          </dep>
          <dep type="mark">
            <governor idx="5">question</governor>
            <dependent idx="4">to</dependent>
          </dep>
          <dep type="ccomp">
            <governor idx="3">learnt</governor>
            <dependent idx="5">question</dependent>
          </dep>
          <dep type="advmod">
            <governor idx="5">question</governor>
            <dependent idx="6">more</dependent>
          </dep>
          <dep type="punct">
            <governor idx="5">question</governor>
            <dependent idx="7">,</dependent>
          </dep>
          <dep type="advmod">
            <governor idx="15">related</governor>
            <dependent idx="8">even</dependent>
          </dep>
          <dep type="mark">
            <governor idx="15">related</governor>
            <dependent idx="9">if</dependent>
          </dep>
          <dep type="nsubj">
            <governor idx="15">related</governor>
            <dependent idx="10">it</dependent>
          </dep>
          <dep type="aux">
            <governor idx="15">related</governor>
            <dependent idx="11">may</dependent>
          </dep>
          <dep type="neg">
            <governor idx="15">related</governor>
            <dependent idx="12">not</dependent>
          </dep>
          <dep type="cop">
            <governor idx="15">related</governor>
            <dependent idx="13">be</dependent>
          </dep>
          <dep type="advmod">
            <governor idx="15">related</governor>
            <dependent idx="14">directly</dependent>
          </dep>
          <dep type="advcl">
            <governor idx="5">question</governor>
            <dependent idx="15">related</dependent>
          </dep>
          <dep type="case">
            <governor idx="18">interests</governor>
            <dependent idx="16">to</dependent>
          </dep>
          <dep type="nmod:poss">
            <governor idx="18">interests</governor>
            <dependent idx="17">my</dependent>
          </dep>
          <dep type="nmod">
            <governor idx="15">related</governor>
            <dependent idx="18">interests</dependent>
          </dep>
          <dep type="punct">
            <governor idx="5">question</governor>
            <dependent idx="19">,</dependent>
          </dep>
          <dep type="cc">
            <governor idx="5">question</governor>
            <dependent idx="20">and</dependent>
          </dep>
          <dep type="mark">
            <governor idx="23">understand</governor>
            <dependent idx="21">to</dependent>
          </dep>
          <dep type="advmod">
            <governor idx="23">understand</governor>
            <dependent idx="22">always</dependent>
          </dep>
          <dep type="conj">
            <governor idx="5">question</governor>
            <dependent idx="23">understand</dependent>
          </dep>
          <dep type="advmod">
            <governor idx="27">doing</governor>
            <dependent idx="24">why</dependent>
          </dep>
          <dep type="nsubj">
            <governor idx="27">doing</governor>
            <dependent idx="25">I</dependent>
          </dep>
          <dep type="aux">
            <governor idx="27">doing</governor>
            <dependent idx="26">am</dependent>
          </dep>
          <dep type="ccomp">
            <governor idx="23">understand</governor>
            <dependent idx="27">doing</dependent>
          </dep>
          <dep type="dobj">
            <governor idx="27">doing</governor>
            <dependent idx="28">something</dependent>
          </dep>
          <dep type="punct">
            <governor idx="3">learnt</governor>
            <dependent idx="29">.</dependent>
          </dep>
        </dependencies>
        <dependencies type="collapsed-dependencies">
          <dep type="root">
            <governor idx="0">ROOT</governor>
            <dependent idx="3">learnt</dependent>
          </dep>
          <dep type="nsubj">
            <governor idx="3">learnt</governor>
            <dependent idx="1">I</dependent>
          </dep>
          <dep type="aux">
            <governor idx="3">learnt</governor>
            <dependent idx="2">have</dependent>
          </dep>
          <dep type="mark">
            <governor idx="5">question</governor>
            <dependent idx="4">to</dependent>
          </dep>
          <dep type="ccomp">
            <governor idx="3">learnt</governor>
            <dependent idx="5">question</dependent>
          </dep>
          <dep type="advmod">
            <governor idx="5">question</governor>
            <dependent idx="6">more</dependent>
          </dep>
          <dep type="punct">
            <governor idx="5">question</governor>
            <dependent idx="7">,</dependent>
          </dep>
          <dep type="advmod">
            <governor idx="15">related</governor>
            <dependent idx="8">even</dependent>
          </dep>
          <dep type="mark">
            <governor idx="15">related</governor>
            <dependent idx="9">if</dependent>
          </dep>
          <dep type="nsubj">
            <governor idx="15">related</governor>
            <dependent idx="10">it</dependent>
          </dep>
          <dep type="aux">
            <governor idx="15">related</governor>
            <dependent idx="11">may</dependent>
          </dep>
          <dep type="neg">
            <governor idx="15">related</governor>
            <dependent idx="12">not</dependent>
          </dep>
          <dep type="cop">
            <governor idx="15">related</governor>
            <dependent idx="13">be</dependent>
          </dep>
          <dep type="advmod">
            <governor idx="15">related</governor>
            <dependent idx="14">directly</dependent>
          </dep>
          <dep type="advcl">
            <governor idx="5">question</governor>
            <dependent idx="15">related</dependent>
          </dep>
          <dep type="case">
            <governor idx="18">interests</governor>
            <dependent idx="16">to</dependent>
          </dep>
          <dep type="nmod:poss">
            <governor idx="18">interests</governor>
            <dependent idx="17">my</dependent>
          </dep>
          <dep type="nmod:to">
            <governor idx="15">related</governor>
            <dependent idx="18">interests</dependent>
          </dep>
          <dep type="punct">
            <governor idx="5">question</governor>
            <dependent idx="19">,</dependent>
          </dep>
          <dep type="cc">
            <governor idx="5">question</governor>
            <dependent idx="20">and</dependent>
          </dep>
          <dep type="mark">
            <governor idx="23">understand</governor>
            <dependent idx="21">to</dependent>
          </dep>
          <dep type="advmod">
            <governor idx="23">understand</governor>
            <dependent idx="22">always</dependent>
          </dep>
          <dep type="conj:and">
            <governor idx="5">question</governor>
            <dependent idx="23">understand</dependent>
          </dep>
          <dep type="advmod">
            <governor idx="27">doing</governor>
            <dependent idx="24">why</dependent>
          </dep>
          <dep type="nsubj">
            <governor idx="27">doing</governor>
            <dependent idx="25">I</dependent>
          </dep>
          <dep type="aux">
            <governor idx="27">doing</governor>
            <dependent idx="26">am</dependent>
          </dep>
          <dep type="ccomp">
            <governor idx="23">understand</governor>
            <dependent idx="27">doing</dependent>
          </dep>
          <dep type="dobj">
            <governor idx="27">doing</governor>
            <dependent idx="28">something</dependent>
          </dep>
          <dep type="punct">
            <governor idx="3">learnt</governor>
            <dependent idx="29">.</dependent>
          </dep>
        </dependencies>
        <dependencies type="collapsed-ccprocessed-dependencies">
          <dep type="root">
            <governor idx="0">ROOT</governor>
            <dependent idx="3">learnt</dependent>
          </dep>
          <dep type="nsubj">
            <governor idx="3">learnt</governor>
            <dependent idx="1">I</dependent>
          </dep>
          <dep type="aux">
            <governor idx="3">learnt</governor>
            <dependent idx="2">have</dependent>
          </dep>
          <dep type="mark">
            <governor idx="5">question</governor>
            <dependent idx="4">to</dependent>
          </dep>
          <dep type="ccomp">
            <governor idx="3">learnt</governor>
            <dependent idx="5">question</dependent>
          </dep>
          <dep type="advmod">
            <governor idx="5">question</governor>
            <dependent idx="6">more</dependent>
          </dep>
          <dep type="punct">
            <governor idx="5">question</governor>
            <dependent idx="7">,</dependent>
          </dep>
          <dep type="advmod">
            <governor idx="15">related</governor>
            <dependent idx="8">even</dependent>
          </dep>
          <dep type="mark">
            <governor idx="15">related</governor>
            <dependent idx="9">if</dependent>
          </dep>
          <dep type="nsubj">
            <governor idx="15">related</governor>
            <dependent idx="10">it</dependent>
          </dep>
          <dep type="aux">
            <governor idx="15">related</governor>
            <dependent idx="11">may</dependent>
          </dep>
          <dep type="neg">
            <governor idx="15">related</governor>
            <dependent idx="12">not</dependent>
          </dep>
          <dep type="cop">
            <governor idx="15">related</governor>
            <dependent idx="13">be</dependent>
          </dep>
          <dep type="advmod">
            <governor idx="15">related</governor>
            <dependent idx="14">directly</dependent>
          </dep>
          <dep type="advcl">
            <governor idx="5">question</governor>
            <dependent idx="15">related</dependent>
          </dep>
          <dep type="case">
            <governor idx="18">interests</governor>
            <dependent idx="16">to</dependent>
          </dep>
          <dep type="nmod:poss">
            <governor idx="18">interests</governor>
            <dependent idx="17">my</dependent>
          </dep>
          <dep type="nmod:to">
            <governor idx="15">related</governor>
            <dependent idx="18">interests</dependent>
          </dep>
          <dep type="punct">
            <governor idx="5">question</governor>
            <dependent idx="19">,</dependent>
          </dep>
          <dep type="cc">
            <governor idx="5">question</governor>
            <dependent idx="20">and</dependent>
          </dep>
          <dep type="mark">
            <governor idx="23">understand</governor>
            <dependent idx="21">to</dependent>
          </dep>
          <dep type="advmod">
            <governor idx="23">understand</governor>
            <dependent idx="22">always</dependent>
          </dep>
          <dep type="ccomp" extra="true">
            <governor idx="3">learnt</governor>
            <dependent idx="23">understand</dependent>
          </dep>
          <dep type="conj:and">
            <governor idx="5">question</governor>
            <dependent idx="23">understand</dependent>
          </dep>
          <dep type="advmod">
            <governor idx="27">doing</governor>
            <dependent idx="24">why</dependent>
          </dep>
          <dep type="nsubj">
            <governor idx="27">doing</governor>
            <dependent idx="25">I</dependent>
          </dep>
          <dep type="aux">
            <governor idx="27">doing</governor>
            <dependent idx="26">am</dependent>
          </dep>
          <dep type="ccomp">
            <governor idx="23">understand</governor>
            <dependent idx="27">doing</dependent>
          </dep>
          <dep type="dobj">
            <governor idx="27">doing</governor>
            <dependent idx="28">something</dependent>
          </dep>
          <dep type="punct">
            <governor idx="3">learnt</governor>
            <dependent idx="29">.</dependent>
          </dep>
        </dependencies>
      </sentence>
      <sentence id="173">
        <tokens>
          <token id="1">
            <word>For</word>
            <lemma>for</lemma>
            <CharacterOffsetBegin>20523</CharacterOffsetBegin>
            <CharacterOffsetEnd>20526</CharacterOffsetEnd>
            <POS>IN</POS>
            <NER>O</NER>
            <Speaker>PER0</Speaker>
          </token>
          <token id="2">
            <word>example</word>
            <lemma>example</lemma>
            <CharacterOffsetBegin>20527</CharacterOffsetBegin>
            <CharacterOffsetEnd>20534</CharacterOffsetEnd>
            <POS>NN</POS>
            <NER>O</NER>
            <Speaker>PER0</Speaker>
          </token>
          <token id="3">
            <word>now</word>
            <lemma>now</lemma>
            <CharacterOffsetBegin>20535</CharacterOffsetBegin>
            <CharacterOffsetEnd>20538</CharacterOffsetEnd>
            <POS>RB</POS>
            <NER>DATE</NER>
            <NormalizedNER>PRESENT_REF</NormalizedNER>
            <Speaker>PER0</Speaker>
            <Timex tid="t33" type="DATE">PRESENT_REF</Timex>
          </token>
          <token id="4">
            <word>that</word>
            <lemma>that</lemma>
            <CharacterOffsetBegin>20539</CharacterOffsetBegin>
            <CharacterOffsetEnd>20543</CharacterOffsetEnd>
            <POS>IN</POS>
            <NER>O</NER>
            <Speaker>PER0</Speaker>
          </token>
          <token id="5">
            <word>I</word>
            <lemma>I</lemma>
            <CharacterOffsetBegin>20544</CharacterOffsetBegin>
            <CharacterOffsetEnd>20545</CharacterOffsetEnd>
            <POS>PRP</POS>
            <NER>O</NER>
            <Speaker>PER0</Speaker>
          </token>
          <token id="6">
            <word>understand</word>
            <lemma>understand</lemma>
            <CharacterOffsetBegin>20546</CharacterOffsetBegin>
            <CharacterOffsetEnd>20556</CharacterOffsetEnd>
            <POS>VBP</POS>
            <NER>O</NER>
            <Speaker>PER0</Speaker>
          </token>
          <token id="7">
            <word>that</word>
            <lemma>that</lemma>
            <CharacterOffsetBegin>20557</CharacterOffsetBegin>
            <CharacterOffsetEnd>20561</CharacterOffsetEnd>
            <POS>IN</POS>
            <NER>O</NER>
            <Speaker>PER0</Speaker>
          </token>
          <token id="8">
            <word>the</word>
            <lemma>the</lemma>
            <CharacterOffsetBegin>20562</CharacterOffsetBegin>
            <CharacterOffsetEnd>20565</CharacterOffsetEnd>
            <POS>DT</POS>
            <NER>O</NER>
            <Speaker>PER0</Speaker>
          </token>
          <token id="9">
            <word>ESD</word>
            <lemma>esd</lemma>
            <CharacterOffsetBegin>20566</CharacterOffsetBegin>
            <CharacterOffsetEnd>20569</CharacterOffsetEnd>
            <POS>NN</POS>
            <NER>O</NER>
            <Speaker>PER0</Speaker>
          </token>
          <token id="10">
            <word>strap</word>
            <lemma>strap</lemma>
            <CharacterOffsetBegin>20570</CharacterOffsetBegin>
            <CharacterOffsetEnd>20575</CharacterOffsetEnd>
            <POS>NN</POS>
            <NER>O</NER>
            <Speaker>PER0</Speaker>
          </token>
          <token id="11">
            <word>was</word>
            <lemma>be</lemma>
            <CharacterOffsetBegin>20576</CharacterOffsetBegin>
            <CharacterOffsetEnd>20579</CharacterOffsetEnd>
            <POS>VBD</POS>
            <NER>O</NER>
            <Speaker>PER0</Speaker>
          </token>
          <token id="12">
            <word>to</word>
            <lemma>to</lemma>
            <CharacterOffsetBegin>20580</CharacterOffsetBegin>
            <CharacterOffsetEnd>20582</CharacterOffsetEnd>
            <POS>TO</POS>
            <NER>O</NER>
            <Speaker>PER0</Speaker>
          </token>
          <token id="13">
            <word>protect</word>
            <lemma>protect</lemma>
            <CharacterOffsetBegin>20583</CharacterOffsetBegin>
            <CharacterOffsetEnd>20590</CharacterOffsetEnd>
            <POS>VB</POS>
            <NER>O</NER>
            <Speaker>PER0</Speaker>
          </token>
          <token id="14">
            <word>electrical</word>
            <lemma>electrical</lemma>
            <CharacterOffsetBegin>20591</CharacterOffsetBegin>
            <CharacterOffsetEnd>20601</CharacterOffsetEnd>
            <POS>JJ</POS>
            <NER>O</NER>
            <Speaker>PER0</Speaker>
          </token>
          <token id="15">
            <word>components</word>
            <lemma>component</lemma>
            <CharacterOffsetBegin>20602</CharacterOffsetBegin>
            <CharacterOffsetEnd>20612</CharacterOffsetEnd>
            <POS>NNS</POS>
            <NER>O</NER>
            <Speaker>PER0</Speaker>
          </token>
          <token id="16">
            <word>from</word>
            <lemma>from</lemma>
            <CharacterOffsetBegin>20613</CharacterOffsetBegin>
            <CharacterOffsetEnd>20617</CharacterOffsetEnd>
            <POS>IN</POS>
            <NER>O</NER>
            <Speaker>PER0</Speaker>
          </token>
          <token id="17">
            <word>electrostatic</word>
            <lemma>electrostatic</lemma>
            <CharacterOffsetBegin>20618</CharacterOffsetBegin>
            <CharacterOffsetEnd>20631</CharacterOffsetEnd>
            <POS>JJ</POS>
            <NER>O</NER>
            <Speaker>PER0</Speaker>
          </token>
          <token id="18">
            <word>discharge</word>
            <lemma>discharge</lemma>
            <CharacterOffsetBegin>20632</CharacterOffsetBegin>
            <CharacterOffsetEnd>20641</CharacterOffsetEnd>
            <POS>NN</POS>
            <NER>O</NER>
            <Speaker>PER0</Speaker>
          </token>
          <token id="19">
            <word>,</word>
            <lemma>,</lemma>
            <CharacterOffsetBegin>20641</CharacterOffsetBegin>
            <CharacterOffsetEnd>20642</CharacterOffsetEnd>
            <POS>,</POS>
            <NER>O</NER>
            <Speaker>PER0</Speaker>
          </token>
          <token id="20">
            <word>I</word>
            <lemma>I</lemma>
            <CharacterOffsetBegin>20643</CharacterOffsetBegin>
            <CharacterOffsetEnd>20644</CharacterOffsetEnd>
            <POS>PRP</POS>
            <NER>O</NER>
            <Speaker>PER0</Speaker>
          </token>
          <token id="21">
            <word>am</word>
            <lemma>be</lemma>
            <CharacterOffsetBegin>20645</CharacterOffsetBegin>
            <CharacterOffsetEnd>20647</CharacterOffsetEnd>
            <POS>VBP</POS>
            <NER>O</NER>
            <Speaker>PER0</Speaker>
          </token>
          <token id="22">
            <word>also</word>
            <lemma>also</lemma>
            <CharacterOffsetBegin>20648</CharacterOffsetBegin>
            <CharacterOffsetEnd>20652</CharacterOffsetEnd>
            <POS>RB</POS>
            <NER>O</NER>
            <Speaker>PER0</Speaker>
          </token>
          <token id="23">
            <word>aware</word>
            <lemma>aware</lemma>
            <CharacterOffsetBegin>20653</CharacterOffsetBegin>
            <CharacterOffsetEnd>20658</CharacterOffsetEnd>
            <POS>JJ</POS>
            <NER>O</NER>
            <Speaker>PER0</Speaker>
          </token>
          <token id="24">
            <word>that</word>
            <lemma>that</lemma>
            <CharacterOffsetBegin>20659</CharacterOffsetBegin>
            <CharacterOffsetEnd>20663</CharacterOffsetEnd>
            <POS>IN</POS>
            <NER>O</NER>
            <Speaker>PER0</Speaker>
          </token>
          <token id="25">
            <word>the</word>
            <lemma>the</lemma>
            <CharacterOffsetBegin>20664</CharacterOffsetBegin>
            <CharacterOffsetEnd>20667</CharacterOffsetEnd>
            <POS>DT</POS>
            <NER>O</NER>
            <Speaker>PER0</Speaker>
          </token>
          <token id="26">
            <word>surrounding</word>
            <lemma>surrounding</lemma>
            <CharacterOffsetBegin>20668</CharacterOffsetBegin>
            <CharacterOffsetEnd>20679</CharacterOffsetEnd>
            <POS>JJ</POS>
            <NER>O</NER>
            <Speaker>PER0</Speaker>
          </token>
          <token id="27">
            <word>environment</word>
            <lemma>environment</lemma>
            <CharacterOffsetBegin>20680</CharacterOffsetBegin>
            <CharacterOffsetEnd>20691</CharacterOffsetEnd>
            <POS>NN</POS>
            <NER>O</NER>
            <Speaker>PER0</Speaker>
          </token>
          <token id="28">
            <word>can</word>
            <lemma>can</lemma>
            <CharacterOffsetBegin>20692</CharacterOffsetBegin>
            <CharacterOffsetEnd>20695</CharacterOffsetEnd>
            <POS>MD</POS>
            <NER>O</NER>
            <Speaker>PER0</Speaker>
          </token>
          <token id="29">
            <word>harm</word>
            <lemma>harm</lemma>
            <CharacterOffsetBegin>20696</CharacterOffsetBegin>
            <CharacterOffsetEnd>20700</CharacterOffsetEnd>
            <POS>VB</POS>
            <NER>O</NER>
            <Speaker>PER0</Speaker>
          </token>
          <token id="30">
            <word>equipment</word>
            <lemma>equipment</lemma>
            <CharacterOffsetBegin>20701</CharacterOffsetBegin>
            <CharacterOffsetEnd>20710</CharacterOffsetEnd>
            <POS>NN</POS>
            <NER>O</NER>
            <Speaker>PER0</Speaker>
          </token>
          <token id="31">
            <word>in</word>
            <lemma>in</lemma>
            <CharacterOffsetBegin>20711</CharacterOffsetBegin>
            <CharacterOffsetEnd>20713</CharacterOffsetEnd>
            <POS>IN</POS>
            <NER>O</NER>
            <Speaker>PER0</Speaker>
          </token>
          <token id="32">
            <word>the</word>
            <lemma>the</lemma>
            <CharacterOffsetBegin>20714</CharacterOffsetBegin>
            <CharacterOffsetEnd>20717</CharacterOffsetEnd>
            <POS>DT</POS>
            <NER>O</NER>
            <Speaker>PER0</Speaker>
          </token>
          <token id="33">
            <word>same</word>
            <lemma>same</lemma>
            <CharacterOffsetBegin>20718</CharacterOffsetBegin>
            <CharacterOffsetEnd>20722</CharacterOffsetEnd>
            <POS>JJ</POS>
            <NER>O</NER>
            <Speaker>PER0</Speaker>
          </token>
          <token id="34">
            <word>way</word>
            <lemma>way</lemma>
            <CharacterOffsetBegin>20723</CharacterOffsetBegin>
            <CharacterOffsetEnd>20726</CharacterOffsetEnd>
            <POS>NN</POS>
            <NER>O</NER>
            <Speaker>PER0</Speaker>
          </token>
          <token id="35">
            <word>and</word>
            <lemma>and</lemma>
            <CharacterOffsetBegin>20727</CharacterOffsetBegin>
            <CharacterOffsetEnd>20730</CharacterOffsetEnd>
            <POS>CC</POS>
            <NER>O</NER>
            <Speaker>PER0</Speaker>
          </token>
          <token id="36">
            <word>I</word>
            <lemma>I</lemma>
            <CharacterOffsetBegin>20731</CharacterOffsetBegin>
            <CharacterOffsetEnd>20732</CharacterOffsetEnd>
            <POS>PRP</POS>
            <NER>O</NER>
            <Speaker>PER0</Speaker>
          </token>
          <token id="37">
            <word>should</word>
            <lemma>should</lemma>
            <CharacterOffsetBegin>20733</CharacterOffsetBegin>
            <CharacterOffsetEnd>20739</CharacterOffsetEnd>
            <POS>MD</POS>
            <NER>O</NER>
            <Speaker>PER0</Speaker>
          </token>
          <token id="38">
            <word>not</word>
            <lemma>not</lemma>
            <CharacterOffsetBegin>20740</CharacterOffsetBegin>
            <CharacterOffsetEnd>20743</CharacterOffsetEnd>
            <POS>RB</POS>
            <NER>O</NER>
            <Speaker>PER0</Speaker>
          </token>
          <token id="39">
            <word>take</word>
            <lemma>take</lemma>
            <CharacterOffsetBegin>20744</CharacterOffsetBegin>
            <CharacterOffsetEnd>20748</CharacterOffsetEnd>
            <POS>VB</POS>
            <NER>O</NER>
            <Speaker>PER0</Speaker>
          </token>
          <token id="40">
            <word>open</word>
            <lemma>open</lemma>
            <CharacterOffsetBegin>20749</CharacterOffsetBegin>
            <CharacterOffsetEnd>20753</CharacterOffsetEnd>
            <POS>JJ</POS>
            <NER>O</NER>
            <Speaker>PER0</Speaker>
          </token>
          <token id="41">
            <word>equipment</word>
            <lemma>equipment</lemma>
            <CharacterOffsetBegin>20754</CharacterOffsetBegin>
            <CharacterOffsetEnd>20763</CharacterOffsetEnd>
            <POS>NN</POS>
            <NER>O</NER>
            <Speaker>PER0</Speaker>
          </token>
          <token id="42">
            <word>to</word>
            <lemma>to</lemma>
            <CharacterOffsetBegin>20764</CharacterOffsetBegin>
            <CharacterOffsetEnd>20766</CharacterOffsetEnd>
            <POS>TO</POS>
            <NER>O</NER>
            <Speaker>PER0</Speaker>
          </token>
          <token id="43">
            <word>a</word>
            <lemma>a</lemma>
            <CharacterOffsetBegin>20767</CharacterOffsetBegin>
            <CharacterOffsetEnd>20768</CharacterOffsetEnd>
            <POS>DT</POS>
            <NER>O</NER>
            <Speaker>PER0</Speaker>
          </token>
          <token id="44">
            <word>workbench</word>
            <lemma>workbench</lemma>
            <CharacterOffsetBegin>20769</CharacterOffsetBegin>
            <CharacterOffsetEnd>20778</CharacterOffsetEnd>
            <POS>NN</POS>
            <NER>O</NER>
            <Speaker>PER0</Speaker>
          </token>
          <token id="45">
            <word>that</word>
            <lemma>that</lemma>
            <CharacterOffsetBegin>20779</CharacterOffsetBegin>
            <CharacterOffsetEnd>20783</CharacterOffsetEnd>
            <POS>WDT</POS>
            <NER>O</NER>
            <Speaker>PER0</Speaker>
          </token>
          <token id="46">
            <word>does</word>
            <lemma>do</lemma>
            <CharacterOffsetBegin>20784</CharacterOffsetBegin>
            <CharacterOffsetEnd>20788</CharacterOffsetEnd>
            <POS>VBZ</POS>
            <NER>O</NER>
            <Speaker>PER0</Speaker>
          </token>
          <token id="47">
            <word>not</word>
            <lemma>not</lemma>
            <CharacterOffsetBegin>20789</CharacterOffsetBegin>
            <CharacterOffsetEnd>20792</CharacterOffsetEnd>
            <POS>RB</POS>
            <NER>O</NER>
            <Speaker>PER0</Speaker>
          </token>
          <token id="48">
            <word>have</word>
            <lemma>have</lemma>
            <CharacterOffsetBegin>20793</CharacterOffsetBegin>
            <CharacterOffsetEnd>20797</CharacterOffsetEnd>
            <POS>VB</POS>
            <NER>O</NER>
            <Speaker>PER0</Speaker>
          </token>
          <token id="49">
            <word>a</word>
            <lemma>a</lemma>
            <CharacterOffsetBegin>20798</CharacterOffsetBegin>
            <CharacterOffsetEnd>20799</CharacterOffsetEnd>
            <POS>DT</POS>
            <NER>O</NER>
            <Speaker>PER0</Speaker>
          </token>
          <token id="50">
            <word>static</word>
            <lemma>static</lemma>
            <CharacterOffsetBegin>20800</CharacterOffsetBegin>
            <CharacterOffsetEnd>20806</CharacterOffsetEnd>
            <POS>JJ</POS>
            <NER>O</NER>
            <Speaker>PER0</Speaker>
          </token>
          <token id="51">
            <word>mat</word>
            <lemma>mat</lemma>
            <CharacterOffsetBegin>20807</CharacterOffsetBegin>
            <CharacterOffsetEnd>20810</CharacterOffsetEnd>
            <POS>NN</POS>
            <NER>O</NER>
            <Speaker>PER0</Speaker>
          </token>
          <token id="52">
            <word>which</word>
            <lemma>which</lemma>
            <CharacterOffsetBegin>20811</CharacterOffsetBegin>
            <CharacterOffsetEnd>20816</CharacterOffsetEnd>
            <POS>WDT</POS>
            <NER>O</NER>
            <Speaker>PER0</Speaker>
          </token>
          <token id="53">
            <word>is</word>
            <lemma>be</lemma>
            <CharacterOffsetBegin>20817</CharacterOffsetBegin>
            <CharacterOffsetEnd>20819</CharacterOffsetEnd>
            <POS>VBZ</POS>
            <NER>O</NER>
            <Speaker>PER0</Speaker>
          </token>
          <token id="54">
            <word>grounded</word>
            <lemma>ground</lemma>
            <CharacterOffsetBegin>20820</CharacterOffsetBegin>
            <CharacterOffsetEnd>20828</CharacterOffsetEnd>
            <POS>VBN</POS>
            <NER>O</NER>
            <Speaker>PER0</Speaker>
          </token>
          <token id="55">
            <word>properly</word>
            <lemma>properly</lemma>
            <CharacterOffsetBegin>20829</CharacterOffsetBegin>
            <CharacterOffsetEnd>20837</CharacterOffsetEnd>
            <POS>RB</POS>
            <NER>O</NER>
            <Speaker>PER0</Speaker>
          </token>
          <token id="56">
            <word>.</word>
            <lemma>.</lemma>
            <CharacterOffsetBegin>20837</CharacterOffsetBegin>
            <CharacterOffsetEnd>20838</CharacterOffsetEnd>
            <POS>.</POS>
            <NER>O</NER>
            <Speaker>PER0</Speaker>
          </token>
        </tokens>
        <parse>(ROOT (S (PP (IN For) (NP (NN example))) (S (ADVP (RB now) (SBAR (IN that) (S (NP (PRP I)) (VP (VBP understand) (SBAR (IN that) (S (NP (DT the) (NN ESD) (NN strap)) (VP (VBD was) (S (VP (TO to) (VP (VB protect) (NP (JJ electrical) (NNS components)) (PP (IN from) (NP (JJ electrostatic) (NN discharge))))))))))))) (, ,) (NP (PRP I)) (VP (VBP am) (ADVP (RB also)) (ADJP (JJ aware) (SBAR (IN that) (S (NP (DT the) (JJ surrounding) (NN environment)) (VP (MD can) (VP (VB harm) (NP (NN equipment)) (PP (IN in) (NP (DT the) (JJ same) (NN way)))))))))) (CC and) (S (NP (PRP I)) (VP (MD should) (RB not) (VP (VB take) (NP (JJ open) (NN equipment)) (PP (TO to) (NP (NP (DT a) (NN workbench)) (SBAR (WHNP (WDT that)) (S (VP (VBZ does) (RB not) (VP (VB have) (NP (NP (DT a) (JJ static) (NN mat)) (SBAR (WHNP (WDT which)) (S (VP (VBZ is) (VP (VBN grounded) (ADVP (RB properly)))))))))))))))) (. .))) </parse>
        <dependencies type="basic-dependencies">
          <dep type="root">
            <governor idx="0">ROOT</governor>
            <dependent idx="23">aware</dependent>
          </dep>
          <dep type="case">
            <governor idx="2">example</governor>
            <dependent idx="1">For</dependent>
          </dep>
          <dep type="nmod">
            <governor idx="23">aware</governor>
            <dependent idx="2">example</dependent>
          </dep>
          <dep type="advmod">
            <governor idx="6">understand</governor>
            <dependent idx="3">now</dependent>
          </dep>
          <dep type="mark">
            <governor idx="6">understand</governor>
            <dependent idx="4">that</dependent>
          </dep>
          <dep type="nsubj">
            <governor idx="6">understand</governor>
            <dependent idx="5">I</dependent>
          </dep>
          <dep type="advcl">
            <governor idx="23">aware</governor>
            <dependent idx="6">understand</dependent>
          </dep>
          <dep type="mark">
            <governor idx="11">was</governor>
            <dependent idx="7">that</dependent>
          </dep>
          <dep type="det">
            <governor idx="10">strap</governor>
            <dependent idx="8">the</dependent>
          </dep>
          <dep type="compound">
            <governor idx="10">strap</governor>
            <dependent idx="9">ESD</dependent>
          </dep>
          <dep type="nsubj">
            <governor idx="11">was</governor>
            <dependent idx="10">strap</dependent>
          </dep>
          <dep type="ccomp">
            <governor idx="6">understand</governor>
            <dependent idx="11">was</dependent>
          </dep>
          <dep type="mark">
            <governor idx="13">protect</governor>
            <dependent idx="12">to</dependent>
          </dep>
          <dep type="xcomp">
            <governor idx="11">was</governor>
            <dependent idx="13">protect</dependent>
          </dep>
          <dep type="amod">
            <governor idx="15">components</governor>
            <dependent idx="14">electrical</dependent>
          </dep>
          <dep type="dobj">
            <governor idx="13">protect</governor>
            <dependent idx="15">components</dependent>
          </dep>
          <dep type="case">
            <governor idx="18">discharge</governor>
            <dependent idx="16">from</dependent>
          </dep>
          <dep type="amod">
            <governor idx="18">discharge</governor>
            <dependent idx="17">electrostatic</dependent>
          </dep>
          <dep type="nmod">
            <governor idx="13">protect</governor>
            <dependent idx="18">discharge</dependent>
          </dep>
          <dep type="punct">
            <governor idx="23">aware</governor>
            <dependent idx="19">,</dependent>
          </dep>
          <dep type="nsubj">
            <governor idx="23">aware</governor>
            <dependent idx="20">I</dependent>
          </dep>
          <dep type="cop">
            <governor idx="23">aware</governor>
            <dependent idx="21">am</dependent>
          </dep>
          <dep type="advmod">
            <governor idx="23">aware</governor>
            <dependent idx="22">also</dependent>
          </dep>
          <dep type="mark">
            <governor idx="29">harm</governor>
            <dependent idx="24">that</dependent>
          </dep>
          <dep type="det">
            <governor idx="27">environment</governor>
            <dependent idx="25">the</dependent>
          </dep>
          <dep type="amod">
            <governor idx="27">environment</governor>
            <dependent idx="26">surrounding</dependent>
          </dep>
          <dep type="nsubj">
            <governor idx="29">harm</governor>
            <dependent idx="27">environment</dependent>
          </dep>
          <dep type="aux">
            <governor idx="29">harm</governor>
            <dependent idx="28">can</dependent>
          </dep>
          <dep type="ccomp">
            <governor idx="23">aware</governor>
            <dependent idx="29">harm</dependent>
          </dep>
          <dep type="dobj">
            <governor idx="29">harm</governor>
            <dependent idx="30">equipment</dependent>
          </dep>
          <dep type="case">
            <governor idx="34">way</governor>
            <dependent idx="31">in</dependent>
          </dep>
          <dep type="det">
            <governor idx="34">way</governor>
            <dependent idx="32">the</dependent>
          </dep>
          <dep type="amod">
            <governor idx="34">way</governor>
            <dependent idx="33">same</dependent>
          </dep>
          <dep type="nmod">
            <governor idx="29">harm</governor>
            <dependent idx="34">way</dependent>
          </dep>
          <dep type="cc">
            <governor idx="23">aware</governor>
            <dependent idx="35">and</dependent>
          </dep>
          <dep type="nsubj">
            <governor idx="39">take</governor>
            <dependent idx="36">I</dependent>
          </dep>
          <dep type="aux">
            <governor idx="39">take</governor>
            <dependent idx="37">should</dependent>
          </dep>
          <dep type="neg">
            <governor idx="39">take</governor>
            <dependent idx="38">not</dependent>
          </dep>
          <dep type="conj">
            <governor idx="23">aware</governor>
            <dependent idx="39">take</dependent>
          </dep>
          <dep type="amod">
            <governor idx="41">equipment</governor>
            <dependent idx="40">open</dependent>
          </dep>
          <dep type="dobj">
            <governor idx="39">take</governor>
            <dependent idx="41">equipment</dependent>
          </dep>
          <dep type="case">
            <governor idx="44">workbench</governor>
            <dependent idx="42">to</dependent>
          </dep>
          <dep type="det">
            <governor idx="44">workbench</governor>
            <dependent idx="43">a</dependent>
          </dep>
          <dep type="nmod">
            <governor idx="39">take</governor>
            <dependent idx="44">workbench</dependent>
          </dep>
          <dep type="nsubj">
            <governor idx="48">have</governor>
            <dependent idx="45">that</dependent>
          </dep>
          <dep type="aux">
            <governor idx="48">have</governor>
            <dependent idx="46">does</dependent>
          </dep>
          <dep type="neg">
            <governor idx="48">have</governor>
            <dependent idx="47">not</dependent>
          </dep>
          <dep type="acl:relcl">
            <governor idx="44">workbench</governor>
            <dependent idx="48">have</dependent>
          </dep>
          <dep type="det">
            <governor idx="51">mat</governor>
            <dependent idx="49">a</dependent>
          </dep>
          <dep type="amod">
            <governor idx="51">mat</governor>
            <dependent idx="50">static</dependent>
          </dep>
          <dep type="dobj">
            <governor idx="48">have</governor>
            <dependent idx="51">mat</dependent>
          </dep>
          <dep type="nsubjpass">
            <governor idx="54">grounded</governor>
            <dependent idx="52">which</dependent>
          </dep>
          <dep type="auxpass">
            <governor idx="54">grounded</governor>
            <dependent idx="53">is</dependent>
          </dep>
          <dep type="acl:relcl">
            <governor idx="51">mat</governor>
            <dependent idx="54">grounded</dependent>
          </dep>
          <dep type="advmod">
            <governor idx="54">grounded</governor>
            <dependent idx="55">properly</dependent>
          </dep>
          <dep type="punct">
            <governor idx="23">aware</governor>
            <dependent idx="56">.</dependent>
          </dep>
        </dependencies>
        <dependencies type="collapsed-dependencies">
          <dep type="root">
            <governor idx="0">ROOT</governor>
            <dependent idx="23">aware</dependent>
          </dep>
          <dep type="case">
            <governor idx="2">example</governor>
            <dependent idx="1">For</dependent>
          </dep>
          <dep type="nmod:for">
            <governor idx="23">aware</governor>
            <dependent idx="2">example</dependent>
          </dep>
          <dep type="advmod">
            <governor idx="6">understand</governor>
            <dependent idx="3">now</dependent>
          </dep>
          <dep type="mark">
            <governor idx="6">understand</governor>
            <dependent idx="4">that</dependent>
          </dep>
          <dep type="nsubj">
            <governor idx="6">understand</governor>
            <dependent idx="5">I</dependent>
          </dep>
          <dep type="advcl">
            <governor idx="23">aware</governor>
            <dependent idx="6">understand</dependent>
          </dep>
          <dep type="mark">
            <governor idx="11">was</governor>
            <dependent idx="7">that</dependent>
          </dep>
          <dep type="det">
            <governor idx="10">strap</governor>
            <dependent idx="8">the</dependent>
          </dep>
          <dep type="compound">
            <governor idx="10">strap</governor>
            <dependent idx="9">ESD</dependent>
          </dep>
          <dep type="nsubj">
            <governor idx="11">was</governor>
            <dependent idx="10">strap</dependent>
          </dep>
          <dep type="ccomp">
            <governor idx="6">understand</governor>
            <dependent idx="11">was</dependent>
          </dep>
          <dep type="mark">
            <governor idx="13">protect</governor>
            <dependent idx="12">to</dependent>
          </dep>
          <dep type="xcomp">
            <governor idx="11">was</governor>
            <dependent idx="13">protect</dependent>
          </dep>
          <dep type="amod">
            <governor idx="15">components</governor>
            <dependent idx="14">electrical</dependent>
          </dep>
          <dep type="dobj">
            <governor idx="13">protect</governor>
            <dependent idx="15">components</dependent>
          </dep>
          <dep type="case">
            <governor idx="18">discharge</governor>
            <dependent idx="16">from</dependent>
          </dep>
          <dep type="amod">
            <governor idx="18">discharge</governor>
            <dependent idx="17">electrostatic</dependent>
          </dep>
          <dep type="nmod:from">
            <governor idx="13">protect</governor>
            <dependent idx="18">discharge</dependent>
          </dep>
          <dep type="punct">
            <governor idx="23">aware</governor>
            <dependent idx="19">,</dependent>
          </dep>
          <dep type="nsubj">
            <governor idx="23">aware</governor>
            <dependent idx="20">I</dependent>
          </dep>
          <dep type="cop">
            <governor idx="23">aware</governor>
            <dependent idx="21">am</dependent>
          </dep>
          <dep type="advmod">
            <governor idx="23">aware</governor>
            <dependent idx="22">also</dependent>
          </dep>
          <dep type="mark">
            <governor idx="29">harm</governor>
            <dependent idx="24">that</dependent>
          </dep>
          <dep type="det">
            <governor idx="27">environment</governor>
            <dependent idx="25">the</dependent>
          </dep>
          <dep type="amod">
            <governor idx="27">environment</governor>
            <dependent idx="26">surrounding</dependent>
          </dep>
          <dep type="nsubj">
            <governor idx="29">harm</governor>
            <dependent idx="27">environment</dependent>
          </dep>
          <dep type="aux">
            <governor idx="29">harm</governor>
            <dependent idx="28">can</dependent>
          </dep>
          <dep type="ccomp">
            <governor idx="23">aware</governor>
            <dependent idx="29">harm</dependent>
          </dep>
          <dep type="dobj">
            <governor idx="29">harm</governor>
            <dependent idx="30">equipment</dependent>
          </dep>
          <dep type="case">
            <governor idx="34">way</governor>
            <dependent idx="31">in</dependent>
          </dep>
          <dep type="det">
            <governor idx="34">way</governor>
            <dependent idx="32">the</dependent>
          </dep>
          <dep type="amod">
            <governor idx="34">way</governor>
            <dependent idx="33">same</dependent>
          </dep>
          <dep type="nmod:in">
            <governor idx="29">harm</governor>
            <dependent idx="34">way</dependent>
          </dep>
          <dep type="cc">
            <governor idx="23">aware</governor>
            <dependent idx="35">and</dependent>
          </dep>
          <dep type="nsubj">
            <governor idx="39">take</governor>
            <dependent idx="36">I</dependent>
          </dep>
          <dep type="aux">
            <governor idx="39">take</governor>
            <dependent idx="37">should</dependent>
          </dep>
          <dep type="neg">
            <governor idx="39">take</governor>
            <dependent idx="38">not</dependent>
          </dep>
          <dep type="conj:and">
            <governor idx="23">aware</governor>
            <dependent idx="39">take</dependent>
          </dep>
          <dep type="amod">
            <governor idx="41">equipment</governor>
            <dependent idx="40">open</dependent>
          </dep>
          <dep type="dobj">
            <governor idx="39">take</governor>
            <dependent idx="41">equipment</dependent>
          </dep>
          <dep type="case">
            <governor idx="44">workbench</governor>
            <dependent idx="42">to</dependent>
          </dep>
          <dep type="det">
            <governor idx="44">workbench</governor>
            <dependent idx="43">a</dependent>
          </dep>
          <dep type="nmod:to">
            <governor idx="39">take</governor>
            <dependent idx="44">workbench</dependent>
          </dep>
          <dep type="nsubj">
            <governor idx="48">have</governor>
            <dependent idx="45">that</dependent>
          </dep>
          <dep type="aux">
            <governor idx="48">have</governor>
            <dependent idx="46">does</dependent>
          </dep>
          <dep type="neg">
            <governor idx="48">have</governor>
            <dependent idx="47">not</dependent>
          </dep>
          <dep type="acl:relcl">
            <governor idx="44">workbench</governor>
            <dependent idx="48">have</dependent>
          </dep>
          <dep type="det">
            <governor idx="51">mat</governor>
            <dependent idx="49">a</dependent>
          </dep>
          <dep type="amod">
            <governor idx="51">mat</governor>
            <dependent idx="50">static</dependent>
          </dep>
          <dep type="dobj">
            <governor idx="48">have</governor>
            <dependent idx="51">mat</dependent>
          </dep>
          <dep type="nsubjpass">
            <governor idx="54">grounded</governor>
            <dependent idx="52">which</dependent>
          </dep>
          <dep type="auxpass">
            <governor idx="54">grounded</governor>
            <dependent idx="53">is</dependent>
          </dep>
          <dep type="acl:relcl">
            <governor idx="51">mat</governor>
            <dependent idx="54">grounded</dependent>
          </dep>
          <dep type="advmod">
            <governor idx="54">grounded</governor>
            <dependent idx="55">properly</dependent>
          </dep>
          <dep type="punct">
            <governor idx="23">aware</governor>
            <dependent idx="56">.</dependent>
          </dep>
        </dependencies>
        <dependencies type="collapsed-ccprocessed-dependencies">
          <dep type="root">
            <governor idx="0">ROOT</governor>
            <dependent idx="23">aware</dependent>
          </dep>
          <dep type="case">
            <governor idx="2">example</governor>
            <dependent idx="1">For</dependent>
          </dep>
          <dep type="nmod:for">
            <governor idx="23">aware</governor>
            <dependent idx="2">example</dependent>
          </dep>
          <dep type="advmod">
            <governor idx="6">understand</governor>
            <dependent idx="3">now</dependent>
          </dep>
          <dep type="mark">
            <governor idx="6">understand</governor>
            <dependent idx="4">that</dependent>
          </dep>
          <dep type="nsubj">
            <governor idx="6">understand</governor>
            <dependent idx="5">I</dependent>
          </dep>
          <dep type="advcl">
            <governor idx="23">aware</governor>
            <dependent idx="6">understand</dependent>
          </dep>
          <dep type="mark">
            <governor idx="11">was</governor>
            <dependent idx="7">that</dependent>
          </dep>
          <dep type="det">
            <governor idx="10">strap</governor>
            <dependent idx="8">the</dependent>
          </dep>
          <dep type="compound">
            <governor idx="10">strap</governor>
            <dependent idx="9">ESD</dependent>
          </dep>
          <dep type="nsubj">
            <governor idx="11">was</governor>
            <dependent idx="10">strap</dependent>
          </dep>
          <dep type="ccomp">
            <governor idx="6">understand</governor>
            <dependent idx="11">was</dependent>
          </dep>
          <dep type="mark">
            <governor idx="13">protect</governor>
            <dependent idx="12">to</dependent>
          </dep>
          <dep type="xcomp">
            <governor idx="11">was</governor>
            <dependent idx="13">protect</dependent>
          </dep>
          <dep type="amod">
            <governor idx="15">components</governor>
            <dependent idx="14">electrical</dependent>
          </dep>
          <dep type="dobj">
            <governor idx="13">protect</governor>
            <dependent idx="15">components</dependent>
          </dep>
          <dep type="case">
            <governor idx="18">discharge</governor>
            <dependent idx="16">from</dependent>
          </dep>
          <dep type="amod">
            <governor idx="18">discharge</governor>
            <dependent idx="17">electrostatic</dependent>
          </dep>
          <dep type="nmod:from">
            <governor idx="13">protect</governor>
            <dependent idx="18">discharge</dependent>
          </dep>
          <dep type="punct">
            <governor idx="23">aware</governor>
            <dependent idx="19">,</dependent>
          </dep>
          <dep type="nsubj">
            <governor idx="23">aware</governor>
            <dependent idx="20">I</dependent>
          </dep>
          <dep type="cop">
            <governor idx="23">aware</governor>
            <dependent idx="21">am</dependent>
          </dep>
          <dep type="advmod">
            <governor idx="23">aware</governor>
            <dependent idx="22">also</dependent>
          </dep>
          <dep type="mark">
            <governor idx="29">harm</governor>
            <dependent idx="24">that</dependent>
          </dep>
          <dep type="det">
            <governor idx="27">environment</governor>
            <dependent idx="25">the</dependent>
          </dep>
          <dep type="amod">
            <governor idx="27">environment</governor>
            <dependent idx="26">surrounding</dependent>
          </dep>
          <dep type="nsubj">
            <governor idx="29">harm</governor>
            <dependent idx="27">environment</dependent>
          </dep>
          <dep type="aux">
            <governor idx="29">harm</governor>
            <dependent idx="28">can</dependent>
          </dep>
          <dep type="ccomp">
            <governor idx="23">aware</governor>
            <dependent idx="29">harm</dependent>
          </dep>
          <dep type="dobj">
            <governor idx="29">harm</governor>
            <dependent idx="30">equipment</dependent>
          </dep>
          <dep type="case">
            <governor idx="34">way</governor>
            <dependent idx="31">in</dependent>
          </dep>
          <dep type="det">
            <governor idx="34">way</governor>
            <dependent idx="32">the</dependent>
          </dep>
          <dep type="amod">
            <governor idx="34">way</governor>
            <dependent idx="33">same</dependent>
          </dep>
          <dep type="nmod:in">
            <governor idx="29">harm</governor>
            <dependent idx="34">way</dependent>
          </dep>
          <dep type="cc">
            <governor idx="23">aware</governor>
            <dependent idx="35">and</dependent>
          </dep>
          <dep type="nsubj">
            <governor idx="39">take</governor>
            <dependent idx="36">I</dependent>
          </dep>
          <dep type="aux">
            <governor idx="39">take</governor>
            <dependent idx="37">should</dependent>
          </dep>
          <dep type="neg">
            <governor idx="39">take</governor>
            <dependent idx="38">not</dependent>
          </dep>
          <dep type="conj:and">
            <governor idx="23">aware</governor>
            <dependent idx="39">take</dependent>
          </dep>
          <dep type="amod">
            <governor idx="41">equipment</governor>
            <dependent idx="40">open</dependent>
          </dep>
          <dep type="dobj">
            <governor idx="39">take</governor>
            <dependent idx="41">equipment</dependent>
          </dep>
          <dep type="case">
            <governor idx="44">workbench</governor>
            <dependent idx="42">to</dependent>
          </dep>
          <dep type="det">
            <governor idx="44">workbench</governor>
            <dependent idx="43">a</dependent>
          </dep>
          <dep type="nmod:to">
            <governor idx="39">take</governor>
            <dependent idx="44">workbench</dependent>
          </dep>
          <dep type="nsubj">
            <governor idx="48">have</governor>
            <dependent idx="45">that</dependent>
          </dep>
          <dep type="aux">
            <governor idx="48">have</governor>
            <dependent idx="46">does</dependent>
          </dep>
          <dep type="neg">
            <governor idx="48">have</governor>
            <dependent idx="47">not</dependent>
          </dep>
          <dep type="acl:relcl">
            <governor idx="44">workbench</governor>
            <dependent idx="48">have</dependent>
          </dep>
          <dep type="det">
            <governor idx="51">mat</governor>
            <dependent idx="49">a</dependent>
          </dep>
          <dep type="amod">
            <governor idx="51">mat</governor>
            <dependent idx="50">static</dependent>
          </dep>
          <dep type="dobj">
            <governor idx="48">have</governor>
            <dependent idx="51">mat</dependent>
          </dep>
          <dep type="nsubjpass">
            <governor idx="54">grounded</governor>
            <dependent idx="52">which</dependent>
          </dep>
          <dep type="auxpass">
            <governor idx="54">grounded</governor>
            <dependent idx="53">is</dependent>
          </dep>
          <dep type="acl:relcl">
            <governor idx="51">mat</governor>
            <dependent idx="54">grounded</dependent>
          </dep>
          <dep type="advmod">
            <governor idx="54">grounded</governor>
            <dependent idx="55">properly</dependent>
          </dep>
          <dep type="punct">
            <governor idx="23">aware</governor>
            <dependent idx="56">.</dependent>
          </dep>
        </dependencies>
      </sentence>
      <sentence id="174">
        <tokens>
          <token id="1">
            <word>Being</word>
            <lemma>be</lemma>
            <CharacterOffsetBegin>20842</CharacterOffsetBegin>
            <CharacterOffsetEnd>20847</CharacterOffsetEnd>
            <POS>VBG</POS>
            <NER>O</NER>
            <Speaker>PER0</Speaker>
          </token>
          <token id="2">
            <word>curious</word>
            <lemma>curious</lemma>
            <CharacterOffsetBegin>20848</CharacterOffsetBegin>
            <CharacterOffsetEnd>20855</CharacterOffsetEnd>
            <POS>JJ</POS>
            <NER>O</NER>
            <Speaker>PER0</Speaker>
          </token>
          <token id="3">
            <word>and</word>
            <lemma>and</lemma>
            <CharacterOffsetBegin>20856</CharacterOffsetBegin>
            <CharacterOffsetEnd>20859</CharacterOffsetEnd>
            <POS>CC</POS>
            <NER>O</NER>
            <Speaker>PER0</Speaker>
          </token>
          <token id="4">
            <word>interested</word>
            <lemma>interested</lemma>
            <CharacterOffsetBegin>20860</CharacterOffsetBegin>
            <CharacterOffsetEnd>20870</CharacterOffsetEnd>
            <POS>JJ</POS>
            <NER>O</NER>
            <Speaker>PER0</Speaker>
          </token>
          <token id="5">
            <word>in</word>
            <lemma>in</lemma>
            <CharacterOffsetBegin>20871</CharacterOffsetBegin>
            <CharacterOffsetEnd>20873</CharacterOffsetEnd>
            <POS>IN</POS>
            <NER>O</NER>
            <Speaker>PER0</Speaker>
          </token>
          <token id="6">
            <word>understanding</word>
            <lemma>understand</lemma>
            <CharacterOffsetBegin>20874</CharacterOffsetBegin>
            <CharacterOffsetEnd>20887</CharacterOffsetEnd>
            <POS>VBG</POS>
            <NER>O</NER>
            <Speaker>PER0</Speaker>
          </token>
          <token id="7">
            <word>policies</word>
            <lemma>policy</lemma>
            <CharacterOffsetBegin>20888</CharacterOffsetBegin>
            <CharacterOffsetEnd>20896</CharacterOffsetEnd>
            <POS>NNS</POS>
            <NER>O</NER>
            <Speaker>PER0</Speaker>
          </token>
          <token id="8">
            <word>or</word>
            <lemma>or</lemma>
            <CharacterOffsetBegin>20897</CharacterOffsetBegin>
            <CharacterOffsetEnd>20899</CharacterOffsetEnd>
            <POS>CC</POS>
            <NER>O</NER>
            <Speaker>PER0</Speaker>
          </token>
          <token id="9">
            <word>procedures</word>
            <lemma>procedure</lemma>
            <CharacterOffsetBegin>20900</CharacterOffsetBegin>
            <CharacterOffsetEnd>20910</CharacterOffsetEnd>
            <POS>NNS</POS>
            <NER>O</NER>
            <Speaker>PER0</Speaker>
          </token>
          <token id="10">
            <word>in</word>
            <lemma>in</lemma>
            <CharacterOffsetBegin>20911</CharacterOffsetBegin>
            <CharacterOffsetEnd>20913</CharacterOffsetEnd>
            <POS>IN</POS>
            <NER>O</NER>
            <Speaker>PER0</Speaker>
          </token>
          <token id="11">
            <word>the</word>
            <lemma>the</lemma>
            <CharacterOffsetBegin>20914</CharacterOffsetBegin>
            <CharacterOffsetEnd>20917</CharacterOffsetEnd>
            <POS>DT</POS>
            <NER>O</NER>
            <Speaker>PER0</Speaker>
          </token>
          <token id="12">
            <word>workplace</word>
            <lemma>workplace</lemma>
            <CharacterOffsetBegin>20918</CharacterOffsetBegin>
            <CharacterOffsetEnd>20927</CharacterOffsetEnd>
            <POS>NN</POS>
            <NER>O</NER>
            <Speaker>PER0</Speaker>
          </token>
          <token id="13">
            <word>should</word>
            <lemma>should</lemma>
            <CharacterOffsetBegin>20928</CharacterOffsetBegin>
            <CharacterOffsetEnd>20934</CharacterOffsetEnd>
            <POS>MD</POS>
            <NER>O</NER>
            <Speaker>PER0</Speaker>
          </token>
          <token id="14">
            <word>be</word>
            <lemma>be</lemma>
            <CharacterOffsetBegin>20935</CharacterOffsetBegin>
            <CharacterOffsetEnd>20937</CharacterOffsetEnd>
            <POS>VB</POS>
            <NER>O</NER>
            <Speaker>PER0</Speaker>
          </token>
          <token id="15">
            <word>my</word>
            <lemma>my</lemma>
            <CharacterOffsetBegin>20938</CharacterOffsetBegin>
            <CharacterOffsetEnd>20940</CharacterOffsetEnd>
            <POS>PRP$</POS>
            <NER>O</NER>
            <Speaker>PER0</Speaker>
          </token>
          <token id="16">
            <word>number</word>
            <lemma>number</lemma>
            <CharacterOffsetBegin>20941</CharacterOffsetBegin>
            <CharacterOffsetEnd>20947</CharacterOffsetEnd>
            <POS>NN</POS>
            <NER>O</NER>
            <Speaker>PER0</Speaker>
          </token>
          <token id="17">
            <word>one</word>
            <lemma>one</lemma>
            <CharacterOffsetBegin>20948</CharacterOffsetBegin>
            <CharacterOffsetEnd>20951</CharacterOffsetEnd>
            <POS>CD</POS>
            <NER>NUMBER</NER>
            <NormalizedNER>1.0</NormalizedNER>
            <Speaker>PER0</Speaker>
          </token>
          <token id="18">
            <word>concern</word>
            <lemma>concern</lemma>
            <CharacterOffsetBegin>20952</CharacterOffsetBegin>
            <CharacterOffsetEnd>20959</CharacterOffsetEnd>
            <POS>NN</POS>
            <NER>O</NER>
            <Speaker>PER0</Speaker>
          </token>
          <token id="19">
            <word>,</word>
            <lemma>,</lemma>
            <CharacterOffsetBegin>20959</CharacterOffsetBegin>
            <CharacterOffsetEnd>20960</CharacterOffsetEnd>
            <POS>,</POS>
            <NER>O</NER>
            <Speaker>PER0</Speaker>
          </token>
          <token id="20">
            <word>rather</word>
            <lemma>rather</lemma>
            <CharacterOffsetBegin>20961</CharacterOffsetBegin>
            <CharacterOffsetEnd>20967</CharacterOffsetEnd>
            <POS>RB</POS>
            <NER>O</NER>
            <Speaker>PER0</Speaker>
          </token>
          <token id="21">
            <word>than</word>
            <lemma>than</lemma>
            <CharacterOffsetBegin>20968</CharacterOffsetBegin>
            <CharacterOffsetEnd>20972</CharacterOffsetEnd>
            <POS>IN</POS>
            <NER>O</NER>
            <Speaker>PER0</Speaker>
          </token>
          <token id="22">
            <word>diving</word>
            <lemma>diving</lemma>
            <CharacterOffsetBegin>20973</CharacterOffsetBegin>
            <CharacterOffsetEnd>20979</CharacterOffsetEnd>
            <POS>JJ</POS>
            <NER>O</NER>
            <Speaker>PER0</Speaker>
          </token>
          <token id="23">
            <word>straight</word>
            <lemma>straight</lemma>
            <CharacterOffsetBegin>20980</CharacterOffsetBegin>
            <CharacterOffsetEnd>20988</CharacterOffsetEnd>
            <POS>JJ</POS>
            <NER>O</NER>
            <Speaker>PER0</Speaker>
          </token>
          <token id="24">
            <word>into</word>
            <lemma>into</lemma>
            <CharacterOffsetBegin>20989</CharacterOffsetBegin>
            <CharacterOffsetEnd>20993</CharacterOffsetEnd>
            <POS>IN</POS>
            <NER>O</NER>
            <Speaker>PER0</Speaker>
          </token>
          <token id="25">
            <word>fixing</word>
            <lemma>fix</lemma>
            <CharacterOffsetBegin>20994</CharacterOffsetBegin>
            <CharacterOffsetEnd>21000</CharacterOffsetEnd>
            <POS>VBG</POS>
            <NER>O</NER>
            <Speaker>PER0</Speaker>
          </token>
          <token id="26">
            <word>and</word>
            <lemma>and</lemma>
            <CharacterOffsetBegin>21001</CharacterOffsetBegin>
            <CharacterOffsetEnd>21004</CharacterOffsetEnd>
            <POS>CC</POS>
            <NER>O</NER>
            <Speaker>PER0</Speaker>
          </token>
          <token id="27">
            <word>exploring</word>
            <lemma>explore</lemma>
            <CharacterOffsetBegin>21005</CharacterOffsetBegin>
            <CharacterOffsetEnd>21014</CharacterOffsetEnd>
            <POS>VBG</POS>
            <NER>O</NER>
            <Speaker>PER0</Speaker>
          </token>
          <token id="28">
            <word>.</word>
            <lemma>.</lemma>
            <CharacterOffsetBegin>21014</CharacterOffsetBegin>
            <CharacterOffsetEnd>21015</CharacterOffsetEnd>
            <POS>.</POS>
            <NER>O</NER>
            <Speaker>PER0</Speaker>
          </token>
        </tokens>
        <parse>(ROOT (S (S (VP (VBG Being) (ADJP (JJ curious) (CC and) (JJ interested)) (PP (IN in) (S (VP (VBG understanding) (NP (NNS policies) (CC or) (NNS procedures)) (PP (IN in) (NP (DT the) (NN workplace)))))))) (VP (MD should) (VP (VB be) (NP (NP (PRP$ my) (NN number) (CD one) (NN concern)) (, ,) (CONJP (RB rather) (IN than)) (NP (NP (JJ diving)) (ADJP (JJ straight) (PP (IN into) (S (VP (VBG fixing) (CC and) (VBG exploring))))))))) (. .))) </parse>
        <dependencies type="basic-dependencies">
          <dep type="root">
            <governor idx="0">ROOT</governor>
            <dependent idx="18">concern</dependent>
          </dep>
          <dep type="cop">
            <governor idx="2">curious</governor>
            <dependent idx="1">Being</dependent>
          </dep>
          <dep type="csubj">
            <governor idx="18">concern</governor>
            <dependent idx="2">curious</dependent>
          </dep>
          <dep type="cc">
            <governor idx="2">curious</governor>
            <dependent idx="3">and</dependent>
          </dep>
          <dep type="conj">
            <governor idx="2">curious</governor>
            <dependent idx="4">interested</dependent>
          </dep>
          <dep type="mark">
            <governor idx="6">understanding</governor>
            <dependent idx="5">in</dependent>
          </dep>
          <dep type="advcl">
            <governor idx="2">curious</governor>
            <dependent idx="6">understanding</dependent>
          </dep>
          <dep type="dobj">
            <governor idx="6">understanding</governor>
            <dependent idx="7">policies</dependent>
          </dep>
          <dep type="cc">
            <governor idx="7">policies</governor>
            <dependent idx="8">or</dependent>
          </dep>
          <dep type="conj">
            <governor idx="7">policies</governor>
            <dependent idx="9">procedures</dependent>
          </dep>
          <dep type="case">
            <governor idx="12">workplace</governor>
            <dependent idx="10">in</dependent>
          </dep>
          <dep type="det">
            <governor idx="12">workplace</governor>
            <dependent idx="11">the</dependent>
          </dep>
          <dep type="nmod">
            <governor idx="6">understanding</governor>
            <dependent idx="12">workplace</dependent>
          </dep>
          <dep type="aux">
            <governor idx="18">concern</governor>
            <dependent idx="13">should</dependent>
          </dep>
          <dep type="cop">
            <governor idx="18">concern</governor>
            <dependent idx="14">be</dependent>
          </dep>
          <dep type="nmod:poss">
            <governor idx="18">concern</governor>
            <dependent idx="15">my</dependent>
          </dep>
          <dep type="compound">
            <governor idx="18">concern</governor>
            <dependent idx="16">number</dependent>
          </dep>
          <dep type="nummod">
            <governor idx="18">concern</governor>
            <dependent idx="17">one</dependent>
          </dep>
          <dep type="punct">
            <governor idx="18">concern</governor>
            <dependent idx="19">,</dependent>
          </dep>
          <dep type="cc">
            <governor idx="18">concern</governor>
            <dependent idx="20">rather</dependent>
          </dep>
          <dep type="mwe">
            <governor idx="20">rather</governor>
            <dependent idx="21">than</dependent>
          </dep>
          <dep type="conj">
            <governor idx="18">concern</governor>
            <dependent idx="22">diving</dependent>
          </dep>
          <dep type="amod">
            <governor idx="22">diving</governor>
            <dependent idx="23">straight</dependent>
          </dep>
          <dep type="mark">
            <governor idx="25">fixing</governor>
            <dependent idx="24">into</dependent>
          </dep>
          <dep type="advcl">
            <governor idx="23">straight</governor>
            <dependent idx="25">fixing</dependent>
          </dep>
          <dep type="cc">
            <governor idx="25">fixing</governor>
            <dependent idx="26">and</dependent>
          </dep>
          <dep type="conj">
            <governor idx="25">fixing</governor>
            <dependent idx="27">exploring</dependent>
          </dep>
          <dep type="punct">
            <governor idx="18">concern</governor>
            <dependent idx="28">.</dependent>
          </dep>
        </dependencies>
        <dependencies type="collapsed-dependencies">
          <dep type="root">
            <governor idx="0">ROOT</governor>
            <dependent idx="18">concern</dependent>
          </dep>
          <dep type="cop">
            <governor idx="2">curious</governor>
            <dependent idx="1">Being</dependent>
          </dep>
          <dep type="csubj">
            <governor idx="18">concern</governor>
            <dependent idx="2">curious</dependent>
          </dep>
          <dep type="cc">
            <governor idx="2">curious</governor>
            <dependent idx="3">and</dependent>
          </dep>
          <dep type="conj:and">
            <governor idx="2">curious</governor>
            <dependent idx="4">interested</dependent>
          </dep>
          <dep type="mark">
            <governor idx="6">understanding</governor>
            <dependent idx="5">in</dependent>
          </dep>
          <dep type="advcl">
            <governor idx="2">curious</governor>
            <dependent idx="6">understanding</dependent>
          </dep>
          <dep type="dobj">
            <governor idx="6">understanding</governor>
            <dependent idx="7">policies</dependent>
          </dep>
          <dep type="cc">
            <governor idx="7">policies</governor>
            <dependent idx="8">or</dependent>
          </dep>
          <dep type="conj:or">
            <governor idx="7">policies</governor>
            <dependent idx="9">procedures</dependent>
          </dep>
          <dep type="case">
            <governor idx="12">workplace</governor>
            <dependent idx="10">in</dependent>
          </dep>
          <dep type="det">
            <governor idx="12">workplace</governor>
            <dependent idx="11">the</dependent>
          </dep>
          <dep type="nmod:in">
            <governor idx="6">understanding</governor>
            <dependent idx="12">workplace</dependent>
          </dep>
          <dep type="aux">
            <governor idx="18">concern</governor>
            <dependent idx="13">should</dependent>
          </dep>
          <dep type="cop">
            <governor idx="18">concern</governor>
            <dependent idx="14">be</dependent>
          </dep>
          <dep type="nmod:poss">
            <governor idx="18">concern</governor>
            <dependent idx="15">my</dependent>
          </dep>
          <dep type="compound">
            <governor idx="18">concern</governor>
            <dependent idx="16">number</dependent>
          </dep>
          <dep type="nummod">
            <governor idx="18">concern</governor>
            <dependent idx="17">one</dependent>
          </dep>
          <dep type="punct">
            <governor idx="18">concern</governor>
            <dependent idx="19">,</dependent>
          </dep>
          <dep type="cc">
            <governor idx="18">concern</governor>
            <dependent idx="20">rather</dependent>
          </dep>
          <dep type="mwe">
            <governor idx="20">rather</governor>
            <dependent idx="21">than</dependent>
          </dep>
          <dep type="conj:negcc">
            <governor idx="18">concern</governor>
            <dependent idx="22">diving</dependent>
          </dep>
          <dep type="amod">
            <governor idx="22">diving</governor>
            <dependent idx="23">straight</dependent>
          </dep>
          <dep type="mark">
            <governor idx="25">fixing</governor>
            <dependent idx="24">into</dependent>
          </dep>
          <dep type="advcl">
            <governor idx="23">straight</governor>
            <dependent idx="25">fixing</dependent>
          </dep>
          <dep type="cc">
            <governor idx="25">fixing</governor>
            <dependent idx="26">and</dependent>
          </dep>
          <dep type="conj:and">
            <governor idx="25">fixing</governor>
            <dependent idx="27">exploring</dependent>
          </dep>
          <dep type="punct">
            <governor idx="18">concern</governor>
            <dependent idx="28">.</dependent>
          </dep>
        </dependencies>
        <dependencies type="collapsed-ccprocessed-dependencies">
          <dep type="root">
            <governor idx="0">ROOT</governor>
            <dependent idx="18">concern</dependent>
          </dep>
          <dep type="cop">
            <governor idx="2">curious</governor>
            <dependent idx="1">Being</dependent>
          </dep>
          <dep type="csubj">
            <governor idx="18">concern</governor>
            <dependent idx="2">curious</dependent>
          </dep>
          <dep type="csubj" extra="true">
            <governor idx="22">diving</governor>
            <dependent idx="2">curious</dependent>
          </dep>
          <dep type="cc">
            <governor idx="2">curious</governor>
            <dependent idx="3">and</dependent>
          </dep>
          <dep type="conj:and">
            <governor idx="2">curious</governor>
            <dependent idx="4">interested</dependent>
          </dep>
          <dep type="csubj" extra="true">
            <governor idx="18">concern</governor>
            <dependent idx="4">interested</dependent>
          </dep>
          <dep type="mark">
            <governor idx="6">understanding</governor>
            <dependent idx="5">in</dependent>
          </dep>
          <dep type="advcl">
            <governor idx="2">curious</governor>
            <dependent idx="6">understanding</dependent>
          </dep>
          <dep type="dobj">
            <governor idx="6">understanding</governor>
            <dependent idx="7">policies</dependent>
          </dep>
          <dep type="cc">
            <governor idx="7">policies</governor>
            <dependent idx="8">or</dependent>
          </dep>
          <dep type="dobj" extra="true">
            <governor idx="6">understanding</governor>
            <dependent idx="9">procedures</dependent>
          </dep>
          <dep type="conj:or">
            <governor idx="7">policies</governor>
            <dependent idx="9">procedures</dependent>
          </dep>
          <dep type="case">
            <governor idx="12">workplace</governor>
            <dependent idx="10">in</dependent>
          </dep>
          <dep type="det">
            <governor idx="12">workplace</governor>
            <dependent idx="11">the</dependent>
          </dep>
          <dep type="nmod:in">
            <governor idx="6">understanding</governor>
            <dependent idx="12">workplace</dependent>
          </dep>
          <dep type="aux">
            <governor idx="18">concern</governor>
            <dependent idx="13">should</dependent>
          </dep>
          <dep type="cop">
            <governor idx="18">concern</governor>
            <dependent idx="14">be</dependent>
          </dep>
          <dep type="nmod:poss">
            <governor idx="18">concern</governor>
            <dependent idx="15">my</dependent>
          </dep>
          <dep type="compound">
            <governor idx="18">concern</governor>
            <dependent idx="16">number</dependent>
          </dep>
          <dep type="nummod">
            <governor idx="18">concern</governor>
            <dependent idx="17">one</dependent>
          </dep>
          <dep type="punct">
            <governor idx="18">concern</governor>
            <dependent idx="19">,</dependent>
          </dep>
          <dep type="cc">
            <governor idx="18">concern</governor>
            <dependent idx="20">rather</dependent>
          </dep>
          <dep type="mwe">
            <governor idx="20">rather</governor>
            <dependent idx="21">than</dependent>
          </dep>
          <dep type="conj:negcc">
            <governor idx="18">concern</governor>
            <dependent idx="22">diving</dependent>
          </dep>
          <dep type="amod">
            <governor idx="22">diving</governor>
            <dependent idx="23">straight</dependent>
          </dep>
          <dep type="mark">
            <governor idx="25">fixing</governor>
            <dependent idx="24">into</dependent>
          </dep>
          <dep type="advcl">
            <governor idx="23">straight</governor>
            <dependent idx="25">fixing</dependent>
          </dep>
          <dep type="cc">
            <governor idx="25">fixing</governor>
            <dependent idx="26">and</dependent>
          </dep>
          <dep type="advcl" extra="true">
            <governor idx="23">straight</governor>
            <dependent idx="27">exploring</dependent>
          </dep>
          <dep type="conj:and">
            <governor idx="25">fixing</governor>
            <dependent idx="27">exploring</dependent>
          </dep>
          <dep type="punct">
            <governor idx="18">concern</governor>
            <dependent idx="28">.</dependent>
          </dep>
        </dependencies>
      </sentence>
      <sentence id="175">
        <tokens>
          <token id="1">
            <word>These</word>
            <lemma>these</lemma>
            <CharacterOffsetBegin>21016</CharacterOffsetBegin>
            <CharacterOffsetEnd>21021</CharacterOffsetEnd>
            <POS>DT</POS>
            <NER>O</NER>
            <Speaker>PER0</Speaker>
          </token>
          <token id="2">
            <word>policies</word>
            <lemma>policy</lemma>
            <CharacterOffsetBegin>21022</CharacterOffsetBegin>
            <CharacterOffsetEnd>21030</CharacterOffsetEnd>
            <POS>NNS</POS>
            <NER>O</NER>
            <Speaker>PER0</Speaker>
          </token>
          <token id="3">
            <word>may</word>
            <lemma>may</lemma>
            <CharacterOffsetBegin>21031</CharacterOffsetBegin>
            <CharacterOffsetEnd>21034</CharacterOffsetEnd>
            <POS>MD</POS>
            <NER>O</NER>
            <Speaker>PER0</Speaker>
          </token>
          <token id="4">
            <word>be</word>
            <lemma>be</lemma>
            <CharacterOffsetBegin>21035</CharacterOffsetBegin>
            <CharacterOffsetEnd>21037</CharacterOffsetEnd>
            <POS>VB</POS>
            <NER>O</NER>
            <Speaker>PER0</Speaker>
          </token>
          <token id="5">
            <word>different</word>
            <lemma>different</lemma>
            <CharacterOffsetBegin>21038</CharacterOffsetBegin>
            <CharacterOffsetEnd>21047</CharacterOffsetEnd>
            <POS>JJ</POS>
            <NER>O</NER>
            <Speaker>PER0</Speaker>
          </token>
          <token id="6">
            <word>in</word>
            <lemma>in</lemma>
            <CharacterOffsetBegin>21048</CharacterOffsetBegin>
            <CharacterOffsetEnd>21050</CharacterOffsetEnd>
            <POS>IN</POS>
            <NER>O</NER>
            <Speaker>PER0</Speaker>
          </token>
          <token id="7">
            <word>any</word>
            <lemma>any</lemma>
            <CharacterOffsetBegin>21051</CharacterOffsetBegin>
            <CharacterOffsetEnd>21054</CharacterOffsetEnd>
            <POS>DT</POS>
            <NER>O</NER>
            <Speaker>PER0</Speaker>
          </token>
          <token id="8">
            <word>company</word>
            <lemma>company</lemma>
            <CharacterOffsetBegin>21055</CharacterOffsetBegin>
            <CharacterOffsetEnd>21062</CharacterOffsetEnd>
            <POS>NN</POS>
            <NER>O</NER>
            <Speaker>PER0</Speaker>
          </token>
          <token id="9">
            <word>,</word>
            <lemma>,</lemma>
            <CharacterOffsetBegin>21062</CharacterOffsetBegin>
            <CharacterOffsetEnd>21063</CharacterOffsetEnd>
            <POS>,</POS>
            <NER>O</NER>
            <Speaker>PER0</Speaker>
          </token>
          <token id="10">
            <word>so</word>
            <lemma>so</lemma>
            <CharacterOffsetBegin>21064</CharacterOffsetBegin>
            <CharacterOffsetEnd>21066</CharacterOffsetEnd>
            <POS>IN</POS>
            <NER>O</NER>
            <Speaker>PER0</Speaker>
          </token>
          <token id="11">
            <word>I</word>
            <lemma>I</lemma>
            <CharacterOffsetBegin>21067</CharacterOffsetBegin>
            <CharacterOffsetEnd>21068</CharacterOffsetEnd>
            <POS>PRP</POS>
            <NER>O</NER>
            <Speaker>PER0</Speaker>
          </token>
          <token id="12">
            <word>must</word>
            <lemma>must</lemma>
            <CharacterOffsetBegin>21069</CharacterOffsetBegin>
            <CharacterOffsetEnd>21073</CharacterOffsetEnd>
            <POS>MD</POS>
            <NER>O</NER>
            <Speaker>PER0</Speaker>
          </token>
          <token id="13">
            <word>learn</word>
            <lemma>learn</lemma>
            <CharacterOffsetBegin>21074</CharacterOffsetBegin>
            <CharacterOffsetEnd>21079</CharacterOffsetEnd>
            <POS>VB</POS>
            <NER>O</NER>
            <Speaker>PER0</Speaker>
          </token>
          <token id="14">
            <word>not</word>
            <lemma>not</lemma>
            <CharacterOffsetBegin>21080</CharacterOffsetBegin>
            <CharacterOffsetEnd>21083</CharacterOffsetEnd>
            <POS>RB</POS>
            <NER>O</NER>
            <Speaker>PER0</Speaker>
          </token>
          <token id="15">
            <word>to</word>
            <lemma>to</lemma>
            <CharacterOffsetBegin>21084</CharacterOffsetBegin>
            <CharacterOffsetEnd>21086</CharacterOffsetEnd>
            <POS>TO</POS>
            <NER>O</NER>
            <Speaker>PER0</Speaker>
          </token>
          <token id="16">
            <word>assume</word>
            <lemma>assume</lemma>
            <CharacterOffsetBegin>21087</CharacterOffsetBegin>
            <CharacterOffsetEnd>21093</CharacterOffsetEnd>
            <POS>VB</POS>
            <NER>O</NER>
            <Speaker>PER0</Speaker>
          </token>
          <token id="17">
            <word>and</word>
            <lemma>and</lemma>
            <CharacterOffsetBegin>21094</CharacterOffsetBegin>
            <CharacterOffsetEnd>21097</CharacterOffsetEnd>
            <POS>CC</POS>
            <NER>O</NER>
            <Speaker>PER0</Speaker>
          </token>
          <token id="18">
            <word>to</word>
            <lemma>to</lemma>
            <CharacterOffsetBegin>21098</CharacterOffsetBegin>
            <CharacterOffsetEnd>21100</CharacterOffsetEnd>
            <POS>TO</POS>
            <NER>O</NER>
            <Speaker>PER0</Speaker>
          </token>
          <token id="19">
            <word>always</word>
            <lemma>always</lemma>
            <CharacterOffsetBegin>21101</CharacterOffsetBegin>
            <CharacterOffsetEnd>21107</CharacterOffsetEnd>
            <POS>RB</POS>
            <NER>O</NER>
            <Speaker>PER0</Speaker>
          </token>
          <token id="20">
            <word>ask</word>
            <lemma>ask</lemma>
            <CharacterOffsetBegin>21108</CharacterOffsetBegin>
            <CharacterOffsetEnd>21111</CharacterOffsetEnd>
            <POS>VB</POS>
            <NER>O</NER>
            <Speaker>PER0</Speaker>
          </token>
          <token id="21">
            <word>for</word>
            <lemma>for</lemma>
            <CharacterOffsetBegin>21112</CharacterOffsetBegin>
            <CharacterOffsetEnd>21115</CharacterOffsetEnd>
            <POS>IN</POS>
            <NER>O</NER>
            <Speaker>PER0</Speaker>
          </token>
          <token id="22">
            <word>clarification</word>
            <lemma>clarification</lemma>
            <CharacterOffsetBegin>21116</CharacterOffsetBegin>
            <CharacterOffsetEnd>21129</CharacterOffsetEnd>
            <POS>NN</POS>
            <NER>O</NER>
            <Speaker>PER0</Speaker>
          </token>
          <token id="23">
            <word>,</word>
            <lemma>,</lemma>
            <CharacterOffsetBegin>21129</CharacterOffsetBegin>
            <CharacterOffsetEnd>21130</CharacterOffsetEnd>
            <POS>,</POS>
            <NER>O</NER>
            <Speaker>PER0</Speaker>
          </token>
          <token id="24">
            <word>reference</word>
            <lemma>reference</lemma>
            <CharacterOffsetBegin>21131</CharacterOffsetBegin>
            <CharacterOffsetEnd>21140</CharacterOffsetEnd>
            <POS>NN</POS>
            <NER>O</NER>
            <Speaker>PER0</Speaker>
          </token>
          <token id="25">
            <word>and</word>
            <lemma>and</lemma>
            <CharacterOffsetBegin>21141</CharacterOffsetBegin>
            <CharacterOffsetEnd>21144</CharacterOffsetEnd>
            <POS>CC</POS>
            <NER>O</NER>
            <Speaker>PER0</Speaker>
          </token>
          <token id="26">
            <word>reasons</word>
            <lemma>reason</lemma>
            <CharacterOffsetBegin>21145</CharacterOffsetBegin>
            <CharacterOffsetEnd>21152</CharacterOffsetEnd>
            <POS>NNS</POS>
            <NER>O</NER>
            <Speaker>PER0</Speaker>
          </token>
          <token id="27">
            <word>for</word>
            <lemma>for</lemma>
            <CharacterOffsetBegin>21153</CharacterOffsetBegin>
            <CharacterOffsetEnd>21156</CharacterOffsetEnd>
            <POS>IN</POS>
            <NER>O</NER>
            <Speaker>PER0</Speaker>
          </token>
          <token id="28">
            <word>the</word>
            <lemma>the</lemma>
            <CharacterOffsetBegin>21157</CharacterOffsetBegin>
            <CharacterOffsetEnd>21160</CharacterOffsetEnd>
            <POS>DT</POS>
            <NER>O</NER>
            <Speaker>PER0</Speaker>
          </token>
          <token id="29">
            <word>actions</word>
            <lemma>action</lemma>
            <CharacterOffsetBegin>21161</CharacterOffsetBegin>
            <CharacterOffsetEnd>21168</CharacterOffsetEnd>
            <POS>NNS</POS>
            <NER>O</NER>
            <Speaker>PER0</Speaker>
          </token>
          <token id="30">
            <word>I</word>
            <lemma>I</lemma>
            <CharacterOffsetBegin>21169</CharacterOffsetBegin>
            <CharacterOffsetEnd>21170</CharacterOffsetEnd>
            <POS>PRP</POS>
            <NER>O</NER>
            <Speaker>PER0</Speaker>
          </token>
          <token id="31">
            <word>am</word>
            <lemma>be</lemma>
            <CharacterOffsetBegin>21171</CharacterOffsetBegin>
            <CharacterOffsetEnd>21173</CharacterOffsetEnd>
            <POS>VBP</POS>
            <NER>O</NER>
            <Speaker>PER0</Speaker>
          </token>
          <token id="32">
            <word>expected</word>
            <lemma>expect</lemma>
            <CharacterOffsetBegin>21174</CharacterOffsetBegin>
            <CharacterOffsetEnd>21182</CharacterOffsetEnd>
            <POS>VBN</POS>
            <NER>O</NER>
            <Speaker>PER0</Speaker>
          </token>
          <token id="33">
            <word>to</word>
            <lemma>to</lemma>
            <CharacterOffsetBegin>21183</CharacterOffsetBegin>
            <CharacterOffsetEnd>21185</CharacterOffsetEnd>
            <POS>TO</POS>
            <NER>O</NER>
            <Speaker>PER0</Speaker>
          </token>
          <token id="34">
            <word>take</word>
            <lemma>take</lemma>
            <CharacterOffsetBegin>21186</CharacterOffsetBegin>
            <CharacterOffsetEnd>21190</CharacterOffsetEnd>
            <POS>VB</POS>
            <NER>O</NER>
            <Speaker>PER0</Speaker>
          </token>
          <token id="35">
            <word>.</word>
            <lemma>.</lemma>
            <CharacterOffsetBegin>21190</CharacterOffsetBegin>
            <CharacterOffsetEnd>21191</CharacterOffsetEnd>
            <POS>.</POS>
            <NER>O</NER>
            <Speaker>PER0</Speaker>
          </token>
        </tokens>
        <parse>(ROOT (S (S (NP (DT These) (NNS policies)) (VP (MD may) (VP (VB be) (ADJP (JJ different) (PP (IN in) (NP (DT any) (NN company))))))) (, ,) (IN so) (S (NP (PRP I)) (VP (MD must) (VP (VB learn) (S (RB not) (VP (VP (TO to) (VP (VB assume))) (CC and) (VP (TO to) (ADVP (RB always)) (VP (VB ask) (PP (IN for) (NP (NN clarification) (, ,) (NN reference) (CC and) (NNS reasons))) (PP (IN for) (NP (NP (DT the) (NNS actions)) (SBAR (S (NP (PRP I)) (VP (VBP am) (VP (VBN expected) (S (VP (TO to) (VP (VB take))))))))))))))))) (. .))) </parse>
        <dependencies type="basic-dependencies">
          <dep type="root">
            <governor idx="0">ROOT</governor>
            <dependent idx="5">different</dependent>
          </dep>
          <dep type="det">
            <governor idx="2">policies</governor>
            <dependent idx="1">These</dependent>
          </dep>
          <dep type="nsubj">
            <governor idx="5">different</governor>
            <dependent idx="2">policies</dependent>
          </dep>
          <dep type="aux">
            <governor idx="5">different</governor>
            <dependent idx="3">may</dependent>
          </dep>
          <dep type="cop">
            <governor idx="5">different</governor>
            <dependent idx="4">be</dependent>
          </dep>
          <dep type="case">
            <governor idx="8">company</governor>
            <dependent idx="6">in</dependent>
          </dep>
          <dep type="det">
            <governor idx="8">company</governor>
            <dependent idx="7">any</dependent>
          </dep>
          <dep type="nmod">
            <governor idx="5">different</governor>
            <dependent idx="8">company</dependent>
          </dep>
          <dep type="punct">
            <governor idx="5">different</governor>
            <dependent idx="9">,</dependent>
          </dep>
          <dep type="dep">
            <governor idx="5">different</governor>
            <dependent idx="10">so</dependent>
          </dep>
          <dep type="nsubj">
            <governor idx="13">learn</governor>
            <dependent idx="11">I</dependent>
          </dep>
          <dep type="aux">
            <governor idx="13">learn</governor>
            <dependent idx="12">must</dependent>
          </dep>
          <dep type="parataxis">
            <governor idx="5">different</governor>
            <dependent idx="13">learn</dependent>
          </dep>
          <dep type="neg">
            <governor idx="16">assume</governor>
            <dependent idx="14">not</dependent>
          </dep>
          <dep type="mark">
            <governor idx="16">assume</governor>
            <dependent idx="15">to</dependent>
          </dep>
          <dep type="ccomp">
            <governor idx="13">learn</governor>
            <dependent idx="16">assume</dependent>
          </dep>
          <dep type="cc">
            <governor idx="16">assume</governor>
            <dependent idx="17">and</dependent>
          </dep>
          <dep type="mark">
            <governor idx="20">ask</governor>
            <dependent idx="18">to</dependent>
          </dep>
          <dep type="advmod">
            <governor idx="20">ask</governor>
            <dependent idx="19">always</dependent>
          </dep>
          <dep type="conj">
            <governor idx="16">assume</governor>
            <dependent idx="20">ask</dependent>
          </dep>
          <dep type="case">
            <governor idx="22">clarification</governor>
            <dependent idx="21">for</dependent>
          </dep>
          <dep type="nmod">
            <governor idx="20">ask</governor>
            <dependent idx="22">clarification</dependent>
          </dep>
          <dep type="punct">
            <governor idx="22">clarification</governor>
            <dependent idx="23">,</dependent>
          </dep>
          <dep type="conj">
            <governor idx="22">clarification</governor>
            <dependent idx="24">reference</dependent>
          </dep>
          <dep type="cc">
            <governor idx="22">clarification</governor>
            <dependent idx="25">and</dependent>
          </dep>
          <dep type="conj">
            <governor idx="22">clarification</governor>
            <dependent idx="26">reasons</dependent>
          </dep>
          <dep type="case">
            <governor idx="29">actions</governor>
            <dependent idx="27">for</dependent>
          </dep>
          <dep type="det">
            <governor idx="29">actions</governor>
            <dependent idx="28">the</dependent>
          </dep>
          <dep type="nmod">
            <governor idx="20">ask</governor>
            <dependent idx="29">actions</dependent>
          </dep>
          <dep type="nsubjpass">
            <governor idx="32">expected</governor>
            <dependent idx="30">I</dependent>
          </dep>
          <dep type="auxpass">
            <governor idx="32">expected</governor>
            <dependent idx="31">am</dependent>
          </dep>
          <dep type="acl:relcl">
            <governor idx="29">actions</governor>
            <dependent idx="32">expected</dependent>
          </dep>
          <dep type="mark">
            <governor idx="34">take</governor>
            <dependent idx="33">to</dependent>
          </dep>
          <dep type="xcomp">
            <governor idx="32">expected</governor>
            <dependent idx="34">take</dependent>
          </dep>
          <dep type="punct">
            <governor idx="5">different</governor>
            <dependent idx="35">.</dependent>
          </dep>
        </dependencies>
        <dependencies type="collapsed-dependencies">
          <dep type="root">
            <governor idx="0">ROOT</governor>
            <dependent idx="5">different</dependent>
          </dep>
          <dep type="det">
            <governor idx="2">policies</governor>
            <dependent idx="1">These</dependent>
          </dep>
          <dep type="nsubj">
            <governor idx="5">different</governor>
            <dependent idx="2">policies</dependent>
          </dep>
          <dep type="aux">
            <governor idx="5">different</governor>
            <dependent idx="3">may</dependent>
          </dep>
          <dep type="cop">
            <governor idx="5">different</governor>
            <dependent idx="4">be</dependent>
          </dep>
          <dep type="case">
            <governor idx="8">company</governor>
            <dependent idx="6">in</dependent>
          </dep>
          <dep type="det">
            <governor idx="8">company</governor>
            <dependent idx="7">any</dependent>
          </dep>
          <dep type="nmod:in">
            <governor idx="5">different</governor>
            <dependent idx="8">company</dependent>
          </dep>
          <dep type="punct">
            <governor idx="5">different</governor>
            <dependent idx="9">,</dependent>
          </dep>
          <dep type="dep">
            <governor idx="5">different</governor>
            <dependent idx="10">so</dependent>
          </dep>
          <dep type="nsubj">
            <governor idx="13">learn</governor>
            <dependent idx="11">I</dependent>
          </dep>
          <dep type="aux">
            <governor idx="13">learn</governor>
            <dependent idx="12">must</dependent>
          </dep>
          <dep type="parataxis">
            <governor idx="5">different</governor>
            <dependent idx="13">learn</dependent>
          </dep>
          <dep type="neg">
            <governor idx="16">assume</governor>
            <dependent idx="14">not</dependent>
          </dep>
          <dep type="mark">
            <governor idx="16">assume</governor>
            <dependent idx="15">to</dependent>
          </dep>
          <dep type="ccomp">
            <governor idx="13">learn</governor>
            <dependent idx="16">assume</dependent>
          </dep>
          <dep type="cc">
            <governor idx="16">assume</governor>
            <dependent idx="17">and</dependent>
          </dep>
          <dep type="mark">
            <governor idx="20">ask</governor>
            <dependent idx="18">to</dependent>
          </dep>
          <dep type="advmod">
            <governor idx="20">ask</governor>
            <dependent idx="19">always</dependent>
          </dep>
          <dep type="conj:and">
            <governor idx="16">assume</governor>
            <dependent idx="20">ask</dependent>
          </dep>
          <dep type="case">
            <governor idx="22">clarification</governor>
            <dependent idx="21">for</dependent>
          </dep>
          <dep type="nmod:for">
            <governor idx="20">ask</governor>
            <dependent idx="22">clarification</dependent>
          </dep>
          <dep type="punct">
            <governor idx="22">clarification</governor>
            <dependent idx="23">,</dependent>
          </dep>
          <dep type="conj:and">
            <governor idx="22">clarification</governor>
            <dependent idx="24">reference</dependent>
          </dep>
          <dep type="cc">
            <governor idx="22">clarification</governor>
            <dependent idx="25">and</dependent>
          </dep>
          <dep type="conj:and">
            <governor idx="22">clarification</governor>
            <dependent idx="26">reasons</dependent>
          </dep>
          <dep type="case">
            <governor idx="29">actions</governor>
            <dependent idx="27">for</dependent>
          </dep>
          <dep type="det">
            <governor idx="29">actions</governor>
            <dependent idx="28">the</dependent>
          </dep>
          <dep type="nmod:for">
            <governor idx="20">ask</governor>
            <dependent idx="29">actions</dependent>
          </dep>
          <dep type="nsubjpass">
            <governor idx="32">expected</governor>
            <dependent idx="30">I</dependent>
          </dep>
          <dep type="auxpass">
            <governor idx="32">expected</governor>
            <dependent idx="31">am</dependent>
          </dep>
          <dep type="acl:relcl">
            <governor idx="29">actions</governor>
            <dependent idx="32">expected</dependent>
          </dep>
          <dep type="mark">
            <governor idx="34">take</governor>
            <dependent idx="33">to</dependent>
          </dep>
          <dep type="xcomp">
            <governor idx="32">expected</governor>
            <dependent idx="34">take</dependent>
          </dep>
          <dep type="punct">
            <governor idx="5">different</governor>
            <dependent idx="35">.</dependent>
          </dep>
        </dependencies>
        <dependencies type="collapsed-ccprocessed-dependencies">
          <dep type="root">
            <governor idx="0">ROOT</governor>
            <dependent idx="5">different</dependent>
          </dep>
          <dep type="det">
            <governor idx="2">policies</governor>
            <dependent idx="1">These</dependent>
          </dep>
          <dep type="nsubj">
            <governor idx="5">different</governor>
            <dependent idx="2">policies</dependent>
          </dep>
          <dep type="aux">
            <governor idx="5">different</governor>
            <dependent idx="3">may</dependent>
          </dep>
          <dep type="cop">
            <governor idx="5">different</governor>
            <dependent idx="4">be</dependent>
          </dep>
          <dep type="case">
            <governor idx="8">company</governor>
            <dependent idx="6">in</dependent>
          </dep>
          <dep type="det">
            <governor idx="8">company</governor>
            <dependent idx="7">any</dependent>
          </dep>
          <dep type="nmod:in">
            <governor idx="5">different</governor>
            <dependent idx="8">company</dependent>
          </dep>
          <dep type="punct">
            <governor idx="5">different</governor>
            <dependent idx="9">,</dependent>
          </dep>
          <dep type="dep">
            <governor idx="5">different</governor>
            <dependent idx="10">so</dependent>
          </dep>
          <dep type="nsubj">
            <governor idx="13">learn</governor>
            <dependent idx="11">I</dependent>
          </dep>
          <dep type="aux">
            <governor idx="13">learn</governor>
            <dependent idx="12">must</dependent>
          </dep>
          <dep type="parataxis">
            <governor idx="5">different</governor>
            <dependent idx="13">learn</dependent>
          </dep>
          <dep type="neg">
            <governor idx="16">assume</governor>
            <dependent idx="14">not</dependent>
          </dep>
          <dep type="mark">
            <governor idx="16">assume</governor>
            <dependent idx="15">to</dependent>
          </dep>
          <dep type="ccomp">
            <governor idx="13">learn</governor>
            <dependent idx="16">assume</dependent>
          </dep>
          <dep type="cc">
            <governor idx="16">assume</governor>
            <dependent idx="17">and</dependent>
          </dep>
          <dep type="mark">
            <governor idx="20">ask</governor>
            <dependent idx="18">to</dependent>
          </dep>
          <dep type="advmod">
            <governor idx="20">ask</governor>
            <dependent idx="19">always</dependent>
          </dep>
          <dep type="ccomp" extra="true">
            <governor idx="13">learn</governor>
            <dependent idx="20">ask</dependent>
          </dep>
          <dep type="conj:and">
            <governor idx="16">assume</governor>
            <dependent idx="20">ask</dependent>
          </dep>
          <dep type="case">
            <governor idx="22">clarification</governor>
            <dependent idx="21">for</dependent>
          </dep>
          <dep type="nmod:for">
            <governor idx="20">ask</governor>
            <dependent idx="22">clarification</dependent>
          </dep>
          <dep type="punct">
            <governor idx="22">clarification</governor>
            <dependent idx="23">,</dependent>
          </dep>
          <dep type="nmod:for" extra="true">
            <governor idx="20">ask</governor>
            <dependent idx="24">reference</dependent>
          </dep>
          <dep type="conj:and">
            <governor idx="22">clarification</governor>
            <dependent idx="24">reference</dependent>
          </dep>
          <dep type="cc">
            <governor idx="22">clarification</governor>
            <dependent idx="25">and</dependent>
          </dep>
          <dep type="nmod:for" extra="true">
            <governor idx="20">ask</governor>
            <dependent idx="26">reasons</dependent>
          </dep>
          <dep type="conj:and">
            <governor idx="22">clarification</governor>
            <dependent idx="26">reasons</dependent>
          </dep>
          <dep type="case">
            <governor idx="29">actions</governor>
            <dependent idx="27">for</dependent>
          </dep>
          <dep type="det">
            <governor idx="29">actions</governor>
            <dependent idx="28">the</dependent>
          </dep>
          <dep type="nmod:for">
            <governor idx="20">ask</governor>
            <dependent idx="29">actions</dependent>
          </dep>
          <dep type="nsubjpass">
            <governor idx="32">expected</governor>
            <dependent idx="30">I</dependent>
          </dep>
          <dep type="auxpass">
            <governor idx="32">expected</governor>
            <dependent idx="31">am</dependent>
          </dep>
          <dep type="acl:relcl">
            <governor idx="29">actions</governor>
            <dependent idx="32">expected</dependent>
          </dep>
          <dep type="mark">
            <governor idx="34">take</governor>
            <dependent idx="33">to</dependent>
          </dep>
          <dep type="xcomp">
            <governor idx="32">expected</governor>
            <dependent idx="34">take</dependent>
          </dep>
          <dep type="punct">
            <governor idx="5">different</governor>
            <dependent idx="35">.</dependent>
          </dep>
        </dependencies>
      </sentence>
      <sentence id="176">
        <tokens>
          <token id="1">
            <word>Engineering_JM_Journal_6_Skills_Topic_Analysis.txt</word>
            <lemma>engineering_jm_journal_6_skills_topic_analysis.txt</lemma>
            <CharacterOffsetBegin>21195</CharacterOffsetBegin>
            <CharacterOffsetEnd>21245</CharacterOffsetEnd>
            <POS>NN</POS>
            <NER>O</NER>
            <Speaker>PER0</Speaker>
          </token>
          <token id="2">
            <word>.</word>
            <lemma>.</lemma>
            <CharacterOffsetBegin>21245</CharacterOffsetBegin>
            <CharacterOffsetEnd>21246</CharacterOffsetEnd>
            <POS>.</POS>
            <NER>O</NER>
            <Speaker>PER0</Speaker>
          </token>
        </tokens>
        <parse>(ROOT (NP (NN Engineering_JM_Journal_6_Skills_Topic_Analysis.txt) (. .))) </parse>
        <dependencies type="basic-dependencies">
          <dep type="root">
            <governor idx="0">ROOT</governor>
            <dependent idx="1">Engineering_JM_Journal_6_Skills_Topic_Analysis.txt</dependent>
          </dep>
          <dep type="punct">
            <governor idx="1">Engineering_JM_Journal_6_Skills_Topic_Analysis.txt</governor>
            <dependent idx="2">.</dependent>
          </dep>
        </dependencies>
        <dependencies type="collapsed-dependencies">
          <dep type="root">
            <governor idx="0">ROOT</governor>
            <dependent idx="1">Engineering_JM_Journal_6_Skills_Topic_Analysis.txt</dependent>
          </dep>
          <dep type="punct">
            <governor idx="1">Engineering_JM_Journal_6_Skills_Topic_Analysis.txt</governor>
            <dependent idx="2">.</dependent>
          </dep>
        </dependencies>
        <dependencies type="collapsed-ccprocessed-dependencies">
          <dep type="root">
            <governor idx="0">ROOT</governor>
            <dependent idx="1">Engineering_JM_Journal_6_Skills_Topic_Analysis.txt</dependent>
          </dep>
          <dep type="punct">
            <governor idx="1">Engineering_JM_Journal_6_Skills_Topic_Analysis.txt</governor>
            <dependent idx="2">.</dependent>
          </dep>
        </dependencies>
      </sentence>
      <sentence id="177">
        <tokens>
          <token id="1">
            <word>Over</word>
            <lemma>over</lemma>
            <CharacterOffsetBegin>21248</CharacterOffsetBegin>
            <CharacterOffsetEnd>21252</CharacterOffsetEnd>
            <POS>IN</POS>
            <NER>O</NER>
            <Speaker>PER0</Speaker>
          </token>
          <token id="2">
            <word>half</word>
            <lemma>half</lemma>
            <CharacterOffsetBegin>21253</CharacterOffsetBegin>
            <CharacterOffsetEnd>21257</CharacterOffsetEnd>
            <POS>NN</POS>
            <NER>O</NER>
            <Speaker>PER0</Speaker>
          </token>
          <token id="3">
            <word>my</word>
            <lemma>my</lemma>
            <CharacterOffsetBegin>21258</CharacterOffsetBegin>
            <CharacterOffsetEnd>21260</CharacterOffsetEnd>
            <POS>PRP$</POS>
            <NER>O</NER>
            <Speaker>PER0</Speaker>
          </token>
          <token id="4">
            <word>team</word>
            <lemma>team</lemma>
            <CharacterOffsetBegin>21261</CharacterOffsetBegin>
            <CharacterOffsetEnd>21265</CharacterOffsetEnd>
            <POS>NN</POS>
            <NER>O</NER>
            <Speaker>PER0</Speaker>
          </token>
          <token id="5">
            <word>was</word>
            <lemma>be</lemma>
            <CharacterOffsetBegin>21266</CharacterOffsetBegin>
            <CharacterOffsetEnd>21269</CharacterOffsetEnd>
            <POS>VBD</POS>
            <NER>O</NER>
            <Speaker>PER0</Speaker>
          </token>
          <token id="6">
            <word>on</word>
            <lemma>on</lemma>
            <CharacterOffsetBegin>21270</CharacterOffsetBegin>
            <CharacterOffsetEnd>21272</CharacterOffsetEnd>
            <POS>IN</POS>
            <NER>O</NER>
            <Speaker>PER0</Speaker>
          </token>
          <token id="7">
            <word>training</word>
            <lemma>training</lemma>
            <CharacterOffsetBegin>21273</CharacterOffsetBegin>
            <CharacterOffsetEnd>21281</CharacterOffsetEnd>
            <POS>NN</POS>
            <NER>O</NER>
            <Speaker>PER0</Speaker>
          </token>
          <token id="8">
            <word>and</word>
            <lemma>and</lemma>
            <CharacterOffsetBegin>21282</CharacterOffsetBegin>
            <CharacterOffsetEnd>21285</CharacterOffsetEnd>
            <POS>CC</POS>
            <NER>O</NER>
            <Speaker>PER0</Speaker>
          </token>
          <token id="9">
            <word>I</word>
            <lemma>I</lemma>
            <CharacterOffsetBegin>21286</CharacterOffsetBegin>
            <CharacterOffsetEnd>21287</CharacterOffsetEnd>
            <POS>PRP</POS>
            <NER>O</NER>
            <Speaker>PER0</Speaker>
          </token>
          <token id="10">
            <word>was</word>
            <lemma>be</lemma>
            <CharacterOffsetBegin>21288</CharacterOffsetBegin>
            <CharacterOffsetEnd>21291</CharacterOffsetEnd>
            <POS>VBD</POS>
            <NER>O</NER>
            <Speaker>PER0</Speaker>
          </token>
          <token id="11">
            <word>in</word>
            <lemma>in</lemma>
            <CharacterOffsetBegin>21292</CharacterOffsetBegin>
            <CharacterOffsetEnd>21294</CharacterOffsetEnd>
            <POS>IN</POS>
            <NER>O</NER>
            <Speaker>PER0</Speaker>
          </token>
          <token id="12">
            <word>charge</word>
            <lemma>charge</lemma>
            <CharacterOffsetBegin>21295</CharacterOffsetBegin>
            <CharacterOffsetEnd>21301</CharacterOffsetEnd>
            <POS>NN</POS>
            <NER>O</NER>
            <Speaker>PER0</Speaker>
          </token>
          <token id="13">
            <word>of</word>
            <lemma>of</lemma>
            <CharacterOffsetBegin>21302</CharacterOffsetBegin>
            <CharacterOffsetEnd>21304</CharacterOffsetEnd>
            <POS>IN</POS>
            <NER>O</NER>
            <Speaker>PER0</Speaker>
          </token>
          <token id="14">
            <word>the</word>
            <lemma>the</lemma>
            <CharacterOffsetBegin>21305</CharacterOffsetBegin>
            <CharacterOffsetEnd>21308</CharacterOffsetEnd>
            <POS>DT</POS>
            <NER>O</NER>
            <Speaker>PER0</Speaker>
          </token>
          <token id="15">
            <word>online</word>
            <lemma>online</lemma>
            <CharacterOffsetBegin>21309</CharacterOffsetBegin>
            <CharacterOffsetEnd>21315</CharacterOffsetEnd>
            <POS>JJ</POS>
            <NER>O</NER>
            <Speaker>PER0</Speaker>
          </token>
          <token id="16">
            <word>reporting</word>
            <lemma>reporting</lemma>
            <CharacterOffsetBegin>21316</CharacterOffsetBegin>
            <CharacterOffsetEnd>21325</CharacterOffsetEnd>
            <POS>NN</POS>
            <NER>O</NER>
            <Speaker>PER0</Speaker>
          </token>
          <token id="17">
            <word>system</word>
            <lemma>system</lemma>
            <CharacterOffsetBegin>21326</CharacterOffsetBegin>
            <CharacterOffsetEnd>21332</CharacterOffsetEnd>
            <POS>NN</POS>
            <NER>O</NER>
            <Speaker>PER0</Speaker>
          </token>
          <token id="18">
            <word>that</word>
            <lemma>that</lemma>
            <CharacterOffsetBegin>21333</CharacterOffsetBegin>
            <CharacterOffsetEnd>21337</CharacterOffsetEnd>
            <POS>WDT</POS>
            <NER>O</NER>
            <Speaker>PER0</Speaker>
          </token>
          <token id="19">
            <word>engineers</word>
            <lemma>engineer</lemma>
            <CharacterOffsetBegin>21338</CharacterOffsetBegin>
            <CharacterOffsetEnd>21347</CharacterOffsetEnd>
            <POS>NNS</POS>
            <NER>O</NER>
            <Speaker>PER0</Speaker>
          </token>
          <token id="20">
            <word>used</word>
            <lemma>use</lemma>
            <CharacterOffsetBegin>21348</CharacterOffsetBegin>
            <CharacterOffsetEnd>21352</CharacterOffsetEnd>
            <POS>VBN</POS>
            <NER>O</NER>
            <Speaker>PER0</Speaker>
          </token>
          <token id="21">
            <word>to</word>
            <lemma>to</lemma>
            <CharacterOffsetBegin>21353</CharacterOffsetBegin>
            <CharacterOffsetEnd>21355</CharacterOffsetEnd>
            <POS>TO</POS>
            <NER>O</NER>
            <Speaker>PER0</Speaker>
          </token>
          <token id="22">
            <word>report</word>
            <lemma>report</lemma>
            <CharacterOffsetBegin>21356</CharacterOffsetBegin>
            <CharacterOffsetEnd>21362</CharacterOffsetEnd>
            <POS>VB</POS>
            <NER>O</NER>
            <Speaker>PER0</Speaker>
          </token>
          <token id="23">
            <word>their</word>
            <lemma>they</lemma>
            <CharacterOffsetBegin>21363</CharacterOffsetBegin>
            <CharacterOffsetEnd>21368</CharacterOffsetEnd>
            <POS>PRP$</POS>
            <NER>O</NER>
            <Speaker>PER0</Speaker>
          </token>
          <token id="24">
            <word>problems</word>
            <lemma>problem</lemma>
            <CharacterOffsetBegin>21369</CharacterOffsetBegin>
            <CharacterOffsetEnd>21377</CharacterOffsetEnd>
            <POS>NNS</POS>
            <NER>O</NER>
            <Speaker>PER0</Speaker>
          </token>
          <token id="25">
            <word>,</word>
            <lemma>,</lemma>
            <CharacterOffsetBegin>21377</CharacterOffsetBegin>
            <CharacterOffsetEnd>21378</CharacterOffsetEnd>
            <POS>,</POS>
            <NER>O</NER>
            <Speaker>PER0</Speaker>
          </token>
          <token id="26">
            <word>send</word>
            <lemma>send</lemma>
            <CharacterOffsetBegin>21379</CharacterOffsetBegin>
            <CharacterOffsetEnd>21383</CharacterOffsetEnd>
            <POS>VB</POS>
            <NER>O</NER>
            <Speaker>PER0</Speaker>
          </token>
          <token id="27">
            <word>parts</word>
            <lemma>part</lemma>
            <CharacterOffsetBegin>21384</CharacterOffsetBegin>
            <CharacterOffsetEnd>21389</CharacterOffsetEnd>
            <POS>NNS</POS>
            <NER>O</NER>
            <Speaker>PER0</Speaker>
          </token>
          <token id="28">
            <word>ordering</word>
            <lemma>order</lemma>
            <CharacterOffsetBegin>21390</CharacterOffsetBegin>
            <CharacterOffsetEnd>21398</CharacterOffsetEnd>
            <POS>VBG</POS>
            <NER>O</NER>
            <Speaker>PER0</Speaker>
          </token>
          <token id="29">
            <word>requests</word>
            <lemma>request</lemma>
            <CharacterOffsetBegin>21399</CharacterOffsetBegin>
            <CharacterOffsetEnd>21407</CharacterOffsetEnd>
            <POS>NNS</POS>
            <NER>O</NER>
            <Speaker>PER0</Speaker>
          </token>
          <token id="30">
            <word>or</word>
            <lemma>or</lemma>
            <CharacterOffsetBegin>21408</CharacterOffsetBegin>
            <CharacterOffsetEnd>21410</CharacterOffsetEnd>
            <POS>CC</POS>
            <NER>O</NER>
            <Speaker>PER0</Speaker>
          </token>
          <token id="31">
            <word>any</word>
            <lemma>any</lemma>
            <CharacterOffsetBegin>21411</CharacterOffsetBegin>
            <CharacterOffsetEnd>21414</CharacterOffsetEnd>
            <POS>DT</POS>
            <NER>O</NER>
            <Speaker>PER0</Speaker>
          </token>
          <token id="32">
            <word>other</word>
            <lemma>other</lemma>
            <CharacterOffsetBegin>21415</CharacterOffsetBegin>
            <CharacterOffsetEnd>21420</CharacterOffsetEnd>
            <POS>JJ</POS>
            <NER>O</NER>
            <Speaker>PER0</Speaker>
          </token>
          <token id="33">
            <word>general</word>
            <lemma>general</lemma>
            <CharacterOffsetBegin>21421</CharacterOffsetBegin>
            <CharacterOffsetEnd>21428</CharacterOffsetEnd>
            <POS>JJ</POS>
            <NER>O</NER>
            <Speaker>PER0</Speaker>
          </token>
          <token id="34">
            <word>requests</word>
            <lemma>request</lemma>
            <CharacterOffsetBegin>21429</CharacterOffsetBegin>
            <CharacterOffsetEnd>21437</CharacterOffsetEnd>
            <POS>NNS</POS>
            <NER>O</NER>
            <Speaker>PER0</Speaker>
          </token>
          <token id="35">
            <word>.</word>
            <lemma>.</lemma>
            <CharacterOffsetBegin>21437</CharacterOffsetBegin>
            <CharacterOffsetEnd>21438</CharacterOffsetEnd>
            <POS>.</POS>
            <NER>O</NER>
            <Speaker>PER0</Speaker>
          </token>
        </tokens>
        <parse>(ROOT (S (S (PP (IN Over) (NP (NN half))) (NP (PRP$ my) (NN team)) (VP (VBD was) (PP (IN on) (NP (NN training))))) (CC and) (S (NP (PRP I)) (VP (VBD was) (PP (IN in) (NP (NP (NN charge)) (PP (IN of) (NP (DT the) (JJ online) (NN reporting) (NN system))))) (SBAR (WHNP (WDT that)) (S (NP (NNS engineers)) (VP (VBN used) (S (VP (TO to) (VP (VP (VB report) (NP (PRP$ their) (NNS problems))) (, ,) (VP (VB send) (NP (NP (NNS parts)) (VP (VBG ordering) (NP (NP (NNS requests)) (CC or) (NP (DT any) (JJ other) (JJ general) (NNS requests)))))))))))))) (. .))) </parse>
        <dependencies type="basic-dependencies">
          <dep type="root">
            <governor idx="0">ROOT</governor>
            <dependent idx="7">training</dependent>
          </dep>
          <dep type="case">
            <governor idx="2">half</governor>
            <dependent idx="1">Over</dependent>
          </dep>
          <dep type="nmod">
            <governor idx="7">training</governor>
            <dependent idx="2">half</dependent>
          </dep>
          <dep type="nmod:poss">
            <governor idx="4">team</governor>
            <dependent idx="3">my</dependent>
          </dep>
          <dep type="nsubj">
            <governor idx="7">training</governor>
            <dependent idx="4">team</dependent>
          </dep>
          <dep type="cop">
            <governor idx="7">training</governor>
            <dependent idx="5">was</dependent>
          </dep>
          <dep type="case">
            <governor idx="7">training</governor>
            <dependent idx="6">on</dependent>
          </dep>
          <dep type="cc">
            <governor idx="7">training</governor>
            <dependent idx="8">and</dependent>
          </dep>
          <dep type="nsubj">
            <governor idx="12">charge</governor>
            <dependent idx="9">I</dependent>
          </dep>
          <dep type="cop">
            <governor idx="12">charge</governor>
            <dependent idx="10">was</dependent>
          </dep>
          <dep type="case">
            <governor idx="12">charge</governor>
            <dependent idx="11">in</dependent>
          </dep>
          <dep type="conj">
            <governor idx="7">training</governor>
            <dependent idx="12">charge</dependent>
          </dep>
          <dep type="case">
            <governor idx="17">system</governor>
            <dependent idx="13">of</dependent>
          </dep>
          <dep type="det">
            <governor idx="17">system</governor>
            <dependent idx="14">the</dependent>
          </dep>
          <dep type="amod">
            <governor idx="17">system</governor>
            <dependent idx="15">online</dependent>
          </dep>
          <dep type="compound">
            <governor idx="17">system</governor>
            <dependent idx="16">reporting</dependent>
          </dep>
          <dep type="nmod">
            <governor idx="12">charge</governor>
            <dependent idx="17">system</dependent>
          </dep>
          <dep type="dobj">
            <governor idx="20">used</governor>
            <dependent idx="18">that</dependent>
          </dep>
          <dep type="nsubj">
            <governor idx="20">used</governor>
            <dependent idx="19">engineers</dependent>
          </dep>
          <dep type="ccomp">
            <governor idx="12">charge</governor>
            <dependent idx="20">used</dependent>
          </dep>
          <dep type="mark">
            <governor idx="22">report</governor>
            <dependent idx="21">to</dependent>
          </dep>
          <dep type="xcomp">
            <governor idx="20">used</governor>
            <dependent idx="22">report</dependent>
          </dep>
          <dep type="nmod:poss">
            <governor idx="24">problems</governor>
            <dependent idx="23">their</dependent>
          </dep>
          <dep type="dobj">
            <governor idx="22">report</governor>
            <dependent idx="24">problems</dependent>
          </dep>
          <dep type="punct">
            <governor idx="22">report</governor>
            <dependent idx="25">,</dependent>
          </dep>
          <dep type="dep">
            <governor idx="22">report</governor>
            <dependent idx="26">send</dependent>
          </dep>
          <dep type="dobj">
            <governor idx="26">send</governor>
            <dependent idx="27">parts</dependent>
          </dep>
          <dep type="acl">
            <governor idx="27">parts</governor>
            <dependent idx="28">ordering</dependent>
          </dep>
          <dep type="dobj">
            <governor idx="28">ordering</governor>
            <dependent idx="29">requests</dependent>
          </dep>
          <dep type="cc">
            <governor idx="29">requests</governor>
            <dependent idx="30">or</dependent>
          </dep>
          <dep type="det">
            <governor idx="34">requests</governor>
            <dependent idx="31">any</dependent>
          </dep>
          <dep type="amod">
            <governor idx="34">requests</governor>
            <dependent idx="32">other</dependent>
          </dep>
          <dep type="amod">
            <governor idx="34">requests</governor>
            <dependent idx="33">general</dependent>
          </dep>
          <dep type="conj">
            <governor idx="29">requests</governor>
            <dependent idx="34">requests</dependent>
          </dep>
          <dep type="punct">
            <governor idx="7">training</governor>
            <dependent idx="35">.</dependent>
          </dep>
        </dependencies>
        <dependencies type="collapsed-dependencies">
          <dep type="root">
            <governor idx="0">ROOT</governor>
            <dependent idx="7">training</dependent>
          </dep>
          <dep type="case">
            <governor idx="2">half</governor>
            <dependent idx="1">Over</dependent>
          </dep>
          <dep type="nmod:over">
            <governor idx="7">training</governor>
            <dependent idx="2">half</dependent>
          </dep>
          <dep type="nmod:poss">
            <governor idx="4">team</governor>
            <dependent idx="3">my</dependent>
          </dep>
          <dep type="nsubj">
            <governor idx="7">training</governor>
            <dependent idx="4">team</dependent>
          </dep>
          <dep type="cop">
            <governor idx="7">training</governor>
            <dependent idx="5">was</dependent>
          </dep>
          <dep type="case">
            <governor idx="7">training</governor>
            <dependent idx="6">on</dependent>
          </dep>
          <dep type="cc">
            <governor idx="7">training</governor>
            <dependent idx="8">and</dependent>
          </dep>
          <dep type="nsubj">
            <governor idx="12">charge</governor>
            <dependent idx="9">I</dependent>
          </dep>
          <dep type="cop">
            <governor idx="12">charge</governor>
            <dependent idx="10">was</dependent>
          </dep>
          <dep type="case">
            <governor idx="12">charge</governor>
            <dependent idx="11">in</dependent>
          </dep>
          <dep type="conj:and">
            <governor idx="7">training</governor>
            <dependent idx="12">charge</dependent>
          </dep>
          <dep type="case">
            <governor idx="17">system</governor>
            <dependent idx="13">of</dependent>
          </dep>
          <dep type="det">
            <governor idx="17">system</governor>
            <dependent idx="14">the</dependent>
          </dep>
          <dep type="amod">
            <governor idx="17">system</governor>
            <dependent idx="15">online</dependent>
          </dep>
          <dep type="compound">
            <governor idx="17">system</governor>
            <dependent idx="16">reporting</dependent>
          </dep>
          <dep type="nmod:of">
            <governor idx="12">charge</governor>
            <dependent idx="17">system</dependent>
          </dep>
          <dep type="dobj">
            <governor idx="20">used</governor>
            <dependent idx="18">that</dependent>
          </dep>
          <dep type="nsubj">
            <governor idx="20">used</governor>
            <dependent idx="19">engineers</dependent>
          </dep>
          <dep type="ccomp">
            <governor idx="12">charge</governor>
            <dependent idx="20">used</dependent>
          </dep>
          <dep type="mark">
            <governor idx="22">report</governor>
            <dependent idx="21">to</dependent>
          </dep>
          <dep type="xcomp">
            <governor idx="20">used</governor>
            <dependent idx="22">report</dependent>
          </dep>
          <dep type="nmod:poss">
            <governor idx="24">problems</governor>
            <dependent idx="23">their</dependent>
          </dep>
          <dep type="dobj">
            <governor idx="22">report</governor>
            <dependent idx="24">problems</dependent>
          </dep>
          <dep type="punct">
            <governor idx="22">report</governor>
            <dependent idx="25">,</dependent>
          </dep>
          <dep type="dep">
            <governor idx="22">report</governor>
            <dependent idx="26">send</dependent>
          </dep>
          <dep type="dobj">
            <governor idx="26">send</governor>
            <dependent idx="27">parts</dependent>
          </dep>
          <dep type="acl">
            <governor idx="27">parts</governor>
            <dependent idx="28">ordering</dependent>
          </dep>
          <dep type="dobj">
            <governor idx="28">ordering</governor>
            <dependent idx="29">requests</dependent>
          </dep>
          <dep type="cc">
            <governor idx="29">requests</governor>
            <dependent idx="30">or</dependent>
          </dep>
          <dep type="det">
            <governor idx="34">requests</governor>
            <dependent idx="31">any</dependent>
          </dep>
          <dep type="amod">
            <governor idx="34">requests</governor>
            <dependent idx="32">other</dependent>
          </dep>
          <dep type="amod">
            <governor idx="34">requests</governor>
            <dependent idx="33">general</dependent>
          </dep>
          <dep type="conj:or">
            <governor idx="29">requests</governor>
            <dependent idx="34">requests</dependent>
          </dep>
          <dep type="punct">
            <governor idx="7">training</governor>
            <dependent idx="35">.</dependent>
          </dep>
        </dependencies>
        <dependencies type="collapsed-ccprocessed-dependencies">
          <dep type="root">
            <governor idx="0">ROOT</governor>
            <dependent idx="7">training</dependent>
          </dep>
          <dep type="case">
            <governor idx="2">half</governor>
            <dependent idx="1">Over</dependent>
          </dep>
          <dep type="nmod:over">
            <governor idx="7">training</governor>
            <dependent idx="2">half</dependent>
          </dep>
          <dep type="nmod:poss">
            <governor idx="4">team</governor>
            <dependent idx="3">my</dependent>
          </dep>
          <dep type="nsubj">
            <governor idx="7">training</governor>
            <dependent idx="4">team</dependent>
          </dep>
          <dep type="cop">
            <governor idx="7">training</governor>
            <dependent idx="5">was</dependent>
          </dep>
          <dep type="case">
            <governor idx="7">training</governor>
            <dependent idx="6">on</dependent>
          </dep>
          <dep type="cc">
            <governor idx="7">training</governor>
            <dependent idx="8">and</dependent>
          </dep>
          <dep type="nsubj">
            <governor idx="12">charge</governor>
            <dependent idx="9">I</dependent>
          </dep>
          <dep type="cop">
            <governor idx="12">charge</governor>
            <dependent idx="10">was</dependent>
          </dep>
          <dep type="case">
            <governor idx="12">charge</governor>
            <dependent idx="11">in</dependent>
          </dep>
          <dep type="conj:and">
            <governor idx="7">training</governor>
            <dependent idx="12">charge</dependent>
          </dep>
          <dep type="case">
            <governor idx="17">system</governor>
            <dependent idx="13">of</dependent>
          </dep>
          <dep type="det">
            <governor idx="17">system</governor>
            <dependent idx="14">the</dependent>
          </dep>
          <dep type="amod">
            <governor idx="17">system</governor>
            <dependent idx="15">online</dependent>
          </dep>
          <dep type="compound">
            <governor idx="17">system</governor>
            <dependent idx="16">reporting</dependent>
          </dep>
          <dep type="nmod:of">
            <governor idx="12">charge</governor>
            <dependent idx="17">system</dependent>
          </dep>
          <dep type="dobj">
            <governor idx="20">used</governor>
            <dependent idx="18">that</dependent>
          </dep>
          <dep type="nsubj">
            <governor idx="20">used</governor>
            <dependent idx="19">engineers</dependent>
          </dep>
          <dep type="ccomp">
            <governor idx="12">charge</governor>
            <dependent idx="20">used</dependent>
          </dep>
          <dep type="mark">
            <governor idx="22">report</governor>
            <dependent idx="21">to</dependent>
          </dep>
          <dep type="xcomp">
            <governor idx="20">used</governor>
            <dependent idx="22">report</dependent>
          </dep>
          <dep type="nmod:poss">
            <governor idx="24">problems</governor>
            <dependent idx="23">their</dependent>
          </dep>
          <dep type="dobj">
            <governor idx="22">report</governor>
            <dependent idx="24">problems</dependent>
          </dep>
          <dep type="punct">
            <governor idx="22">report</governor>
            <dependent idx="25">,</dependent>
          </dep>
          <dep type="dep">
            <governor idx="22">report</governor>
            <dependent idx="26">send</dependent>
          </dep>
          <dep type="dobj">
            <governor idx="26">send</governor>
            <dependent idx="27">parts</dependent>
          </dep>
          <dep type="acl">
            <governor idx="27">parts</governor>
            <dependent idx="28">ordering</dependent>
          </dep>
          <dep type="dobj">
            <governor idx="28">ordering</governor>
            <dependent idx="29">requests</dependent>
          </dep>
          <dep type="cc">
            <governor idx="29">requests</governor>
            <dependent idx="30">or</dependent>
          </dep>
          <dep type="det">
            <governor idx="34">requests</governor>
            <dependent idx="31">any</dependent>
          </dep>
          <dep type="amod">
            <governor idx="34">requests</governor>
            <dependent idx="32">other</dependent>
          </dep>
          <dep type="amod">
            <governor idx="34">requests</governor>
            <dependent idx="33">general</dependent>
          </dep>
          <dep type="dobj" extra="true">
            <governor idx="28">ordering</governor>
            <dependent idx="34">requests</dependent>
          </dep>
          <dep type="conj:or">
            <governor idx="29">requests</governor>
            <dependent idx="34">requests</dependent>
          </dep>
          <dep type="punct">
            <governor idx="7">training</governor>
            <dependent idx="35">.</dependent>
          </dep>
        </dependencies>
      </sentence>
      <sentence id="178">
        <tokens>
          <token id="1">
            <word>My</word>
            <lemma>my</lemma>
            <CharacterOffsetBegin>21439</CharacterOffsetBegin>
            <CharacterOffsetEnd>21441</CharacterOffsetEnd>
            <POS>PRP$</POS>
            <NER>O</NER>
            <Speaker>PER0</Speaker>
          </token>
          <token id="2">
            <word>role</word>
            <lemma>role</lemma>
            <CharacterOffsetBegin>21442</CharacterOffsetBegin>
            <CharacterOffsetEnd>21446</CharacterOffsetEnd>
            <POS>NN</POS>
            <NER>O</NER>
            <Speaker>PER0</Speaker>
          </token>
          <token id="3">
            <word>on</word>
            <lemma>on</lemma>
            <CharacterOffsetBegin>21447</CharacterOffsetBegin>
            <CharacterOffsetEnd>21449</CharacterOffsetEnd>
            <POS>IN</POS>
            <NER>O</NER>
            <Speaker>PER0</Speaker>
          </token>
          <token id="4">
            <word>this</word>
            <lemma>this</lemma>
            <CharacterOffsetBegin>21450</CharacterOffsetBegin>
            <CharacterOffsetEnd>21454</CharacterOffsetEnd>
            <POS>DT</POS>
            <NER>DATE</NER>
            <NormalizedNER>THIS P1D</NormalizedNER>
            <Speaker>PER0</Speaker>
            <Timex tid="t34" type="DATE"/>
          </token>
          <token id="5">
            <word>day</word>
            <lemma>day</lemma>
            <CharacterOffsetBegin>21455</CharacterOffsetBegin>
            <CharacterOffsetEnd>21458</CharacterOffsetEnd>
            <POS>NN</POS>
            <NER>DATE</NER>
            <NormalizedNER>THIS P1D</NormalizedNER>
            <Speaker>PER0</Speaker>
            <Timex tid="t34" type="DATE"/>
          </token>
          <token id="6">
            <word>was</word>
            <lemma>be</lemma>
            <CharacterOffsetBegin>21459</CharacterOffsetBegin>
            <CharacterOffsetEnd>21462</CharacterOffsetEnd>
            <POS>VBD</POS>
            <NER>O</NER>
            <Speaker>PER0</Speaker>
          </token>
          <token id="7">
            <word>to</word>
            <lemma>to</lemma>
            <CharacterOffsetBegin>21463</CharacterOffsetBegin>
            <CharacterOffsetEnd>21465</CharacterOffsetEnd>
            <POS>TO</POS>
            <NER>O</NER>
            <Speaker>PER0</Speaker>
          </token>
          <token id="8">
            <word>answer</word>
            <lemma>answer</lemma>
            <CharacterOffsetBegin>21466</CharacterOffsetBegin>
            <CharacterOffsetEnd>21472</CharacterOffsetEnd>
            <POS>VB</POS>
            <NER>O</NER>
            <Speaker>PER0</Speaker>
          </token>
          <token id="9">
            <word>requests</word>
            <lemma>request</lemma>
            <CharacterOffsetBegin>21473</CharacterOffsetBegin>
            <CharacterOffsetEnd>21481</CharacterOffsetEnd>
            <POS>NNS</POS>
            <NER>O</NER>
            <Speaker>PER0</Speaker>
          </token>
          <token id="10">
            <word>on</word>
            <lemma>on</lemma>
            <CharacterOffsetBegin>21482</CharacterOffsetBegin>
            <CharacterOffsetEnd>21484</CharacterOffsetEnd>
            <POS>IN</POS>
            <NER>O</NER>
            <Speaker>PER0</Speaker>
          </token>
          <token id="11">
            <word>this</word>
            <lemma>this</lemma>
            <CharacterOffsetBegin>21485</CharacterOffsetBegin>
            <CharacterOffsetEnd>21489</CharacterOffsetEnd>
            <POS>DT</POS>
            <NER>O</NER>
            <Speaker>PER0</Speaker>
          </token>
          <token id="12">
            <word>online</word>
            <lemma>online</lemma>
            <CharacterOffsetBegin>21490</CharacterOffsetBegin>
            <CharacterOffsetEnd>21496</CharacterOffsetEnd>
            <POS>JJ</POS>
            <NER>O</NER>
            <Speaker>PER0</Speaker>
          </token>
          <token id="13">
            <word>reporting</word>
            <lemma>reporting</lemma>
            <CharacterOffsetBegin>21497</CharacterOffsetBegin>
            <CharacterOffsetEnd>21506</CharacterOffsetEnd>
            <POS>NN</POS>
            <NER>O</NER>
            <Speaker>PER0</Speaker>
          </token>
          <token id="14">
            <word>system</word>
            <lemma>system</lemma>
            <CharacterOffsetBegin>21507</CharacterOffsetBegin>
            <CharacterOffsetEnd>21513</CharacterOffsetEnd>
            <POS>NN</POS>
            <NER>O</NER>
            <Speaker>PER0</Speaker>
          </token>
          <token id="15">
            <word>for</word>
            <lemma>for</lemma>
            <CharacterOffsetBegin>21514</CharacterOffsetBegin>
            <CharacterOffsetEnd>21517</CharacterOffsetEnd>
            <POS>IN</POS>
            <NER>O</NER>
            <Speaker>PER0</Speaker>
          </token>
          <token id="16">
            <word>engineers</word>
            <lemma>engineer</lemma>
            <CharacterOffsetBegin>21518</CharacterOffsetBegin>
            <CharacterOffsetEnd>21527</CharacterOffsetEnd>
            <POS>NNS</POS>
            <NER>O</NER>
            <Speaker>PER0</Speaker>
          </token>
          <token id="17">
            <word>.</word>
            <lemma>.</lemma>
            <CharacterOffsetBegin>21527</CharacterOffsetBegin>
            <CharacterOffsetEnd>21528</CharacterOffsetEnd>
            <POS>.</POS>
            <NER>O</NER>
            <Speaker>PER0</Speaker>
          </token>
        </tokens>
        <parse>(ROOT (S (NP (NP (PRP$ My) (NN role)) (PP (IN on) (NP (DT this) (NN day)))) (VP (VBD was) (S (VP (TO to) (VP (VB answer) (NP (NNS requests)) (PP (IN on) (NP (NP (DT this) (JJ online) (NN reporting) (NN system)) (PP (IN for) (NP (NNS engineers))))))))) (. .))) </parse>
        <dependencies type="basic-dependencies">
          <dep type="root">
            <governor idx="0">ROOT</governor>
            <dependent idx="6">was</dependent>
          </dep>
          <dep type="nmod:poss">
            <governor idx="2">role</governor>
            <dependent idx="1">My</dependent>
          </dep>
          <dep type="nsubj">
            <governor idx="6">was</governor>
            <dependent idx="2">role</dependent>
          </dep>
          <dep type="case">
            <governor idx="5">day</governor>
            <dependent idx="3">on</dependent>
          </dep>
          <dep type="det">
            <governor idx="5">day</governor>
            <dependent idx="4">this</dependent>
          </dep>
          <dep type="nmod">
            <governor idx="2">role</governor>
            <dependent idx="5">day</dependent>
          </dep>
          <dep type="mark">
            <governor idx="8">answer</governor>
            <dependent idx="7">to</dependent>
          </dep>
          <dep type="xcomp">
            <governor idx="6">was</governor>
            <dependent idx="8">answer</dependent>
          </dep>
          <dep type="dobj">
            <governor idx="8">answer</governor>
            <dependent idx="9">requests</dependent>
          </dep>
          <dep type="case">
            <governor idx="14">system</governor>
            <dependent idx="10">on</dependent>
          </dep>
          <dep type="det">
            <governor idx="14">system</governor>
            <dependent idx="11">this</dependent>
          </dep>
          <dep type="amod">
            <governor idx="14">system</governor>
            <dependent idx="12">online</dependent>
          </dep>
          <dep type="compound">
            <governor idx="14">system</governor>
            <dependent idx="13">reporting</dependent>
          </dep>
          <dep type="nmod">
            <governor idx="8">answer</governor>
            <dependent idx="14">system</dependent>
          </dep>
          <dep type="case">
            <governor idx="16">engineers</governor>
            <dependent idx="15">for</dependent>
          </dep>
          <dep type="nmod">
            <governor idx="14">system</governor>
            <dependent idx="16">engineers</dependent>
          </dep>
          <dep type="punct">
            <governor idx="6">was</governor>
            <dependent idx="17">.</dependent>
          </dep>
        </dependencies>
        <dependencies type="collapsed-dependencies">
          <dep type="root">
            <governor idx="0">ROOT</governor>
            <dependent idx="6">was</dependent>
          </dep>
          <dep type="nmod:poss">
            <governor idx="2">role</governor>
            <dependent idx="1">My</dependent>
          </dep>
          <dep type="nsubj">
            <governor idx="6">was</governor>
            <dependent idx="2">role</dependent>
          </dep>
          <dep type="case">
            <governor idx="5">day</governor>
            <dependent idx="3">on</dependent>
          </dep>
          <dep type="det">
            <governor idx="5">day</governor>
            <dependent idx="4">this</dependent>
          </dep>
          <dep type="nmod:on">
            <governor idx="2">role</governor>
            <dependent idx="5">day</dependent>
          </dep>
          <dep type="mark">
            <governor idx="8">answer</governor>
            <dependent idx="7">to</dependent>
          </dep>
          <dep type="xcomp">
            <governor idx="6">was</governor>
            <dependent idx="8">answer</dependent>
          </dep>
          <dep type="dobj">
            <governor idx="8">answer</governor>
            <dependent idx="9">requests</dependent>
          </dep>
          <dep type="case">
            <governor idx="14">system</governor>
            <dependent idx="10">on</dependent>
          </dep>
          <dep type="det">
            <governor idx="14">system</governor>
            <dependent idx="11">this</dependent>
          </dep>
          <dep type="amod">
            <governor idx="14">system</governor>
            <dependent idx="12">online</dependent>
          </dep>
          <dep type="compound">
            <governor idx="14">system</governor>
            <dependent idx="13">reporting</dependent>
          </dep>
          <dep type="nmod:on">
            <governor idx="8">answer</governor>
            <dependent idx="14">system</dependent>
          </dep>
          <dep type="case">
            <governor idx="16">engineers</governor>
            <dependent idx="15">for</dependent>
          </dep>
          <dep type="nmod:for">
            <governor idx="14">system</governor>
            <dependent idx="16">engineers</dependent>
          </dep>
          <dep type="punct">
            <governor idx="6">was</governor>
            <dependent idx="17">.</dependent>
          </dep>
        </dependencies>
        <dependencies type="collapsed-ccprocessed-dependencies">
          <dep type="root">
            <governor idx="0">ROOT</governor>
            <dependent idx="6">was</dependent>
          </dep>
          <dep type="nmod:poss">
            <governor idx="2">role</governor>
            <dependent idx="1">My</dependent>
          </dep>
          <dep type="nsubj">
            <governor idx="6">was</governor>
            <dependent idx="2">role</dependent>
          </dep>
          <dep type="case">
            <governor idx="5">day</governor>
            <dependent idx="3">on</dependent>
          </dep>
          <dep type="det">
            <governor idx="5">day</governor>
            <dependent idx="4">this</dependent>
          </dep>
          <dep type="nmod:on">
            <governor idx="2">role</governor>
            <dependent idx="5">day</dependent>
          </dep>
          <dep type="mark">
            <governor idx="8">answer</governor>
            <dependent idx="7">to</dependent>
          </dep>
          <dep type="xcomp">
            <governor idx="6">was</governor>
            <dependent idx="8">answer</dependent>
          </dep>
          <dep type="dobj">
            <governor idx="8">answer</governor>
            <dependent idx="9">requests</dependent>
          </dep>
          <dep type="case">
            <governor idx="14">system</governor>
            <dependent idx="10">on</dependent>
          </dep>
          <dep type="det">
            <governor idx="14">system</governor>
            <dependent idx="11">this</dependent>
          </dep>
          <dep type="amod">
            <governor idx="14">system</governor>
            <dependent idx="12">online</dependent>
          </dep>
          <dep type="compound">
            <governor idx="14">system</governor>
            <dependent idx="13">reporting</dependent>
          </dep>
          <dep type="nmod:on">
            <governor idx="8">answer</governor>
            <dependent idx="14">system</dependent>
          </dep>
          <dep type="case">
            <governor idx="16">engineers</governor>
            <dependent idx="15">for</dependent>
          </dep>
          <dep type="nmod:for">
            <governor idx="14">system</governor>
            <dependent idx="16">engineers</dependent>
          </dep>
          <dep type="punct">
            <governor idx="6">was</governor>
            <dependent idx="17">.</dependent>
          </dep>
        </dependencies>
      </sentence>
      <sentence id="179">
        <tokens>
          <token id="1">
            <word>I</word>
            <lemma>I</lemma>
            <CharacterOffsetBegin>21529</CharacterOffsetBegin>
            <CharacterOffsetEnd>21530</CharacterOffsetEnd>
            <POS>PRP</POS>
            <NER>O</NER>
            <Speaker>PER0</Speaker>
          </token>
          <token id="2">
            <word>expected</word>
            <lemma>expect</lemma>
            <CharacterOffsetBegin>21531</CharacterOffsetBegin>
            <CharacterOffsetEnd>21539</CharacterOffsetEnd>
            <POS>VBD</POS>
            <NER>O</NER>
            <Speaker>PER0</Speaker>
          </token>
          <token id="3">
            <word>that</word>
            <lemma>that</lemma>
            <CharacterOffsetBegin>21540</CharacterOffsetBegin>
            <CharacterOffsetEnd>21544</CharacterOffsetEnd>
            <POS>IN</POS>
            <NER>O</NER>
            <Speaker>PER0</Speaker>
          </token>
          <token id="4">
            <word>I</word>
            <lemma>I</lemma>
            <CharacterOffsetBegin>21545</CharacterOffsetBegin>
            <CharacterOffsetEnd>21546</CharacterOffsetEnd>
            <POS>PRP</POS>
            <NER>O</NER>
            <Speaker>PER0</Speaker>
          </token>
          <token id="5">
            <word>was</word>
            <lemma>be</lemma>
            <CharacterOffsetBegin>21547</CharacterOffsetBegin>
            <CharacterOffsetEnd>21550</CharacterOffsetEnd>
            <POS>VBD</POS>
            <NER>O</NER>
            <Speaker>PER0</Speaker>
          </token>
          <token id="6">
            <word>only</word>
            <lemma>only</lemma>
            <CharacterOffsetBegin>21551</CharacterOffsetBegin>
            <CharacterOffsetEnd>21555</CharacterOffsetEnd>
            <POS>RB</POS>
            <NER>O</NER>
            <Speaker>PER0</Speaker>
          </token>
          <token id="7">
            <word>responsible</word>
            <lemma>responsible</lemma>
            <CharacterOffsetBegin>21556</CharacterOffsetBegin>
            <CharacterOffsetEnd>21567</CharacterOffsetEnd>
            <POS>JJ</POS>
            <NER>O</NER>
            <Speaker>PER0</Speaker>
          </token>
          <token id="8">
            <word>for</word>
            <lemma>for</lemma>
            <CharacterOffsetBegin>21568</CharacterOffsetBegin>
            <CharacterOffsetEnd>21571</CharacterOffsetEnd>
            <POS>IN</POS>
            <NER>O</NER>
            <Speaker>PER0</Speaker>
          </token>
          <token id="9">
            <word>the</word>
            <lemma>the</lemma>
            <CharacterOffsetBegin>21572</CharacterOffsetBegin>
            <CharacterOffsetEnd>21575</CharacterOffsetEnd>
            <POS>DT</POS>
            <NER>O</NER>
            <Speaker>PER0</Speaker>
          </token>
          <token id="10">
            <word>tasks</word>
            <lemma>task</lemma>
            <CharacterOffsetBegin>21576</CharacterOffsetBegin>
            <CharacterOffsetEnd>21581</CharacterOffsetEnd>
            <POS>NNS</POS>
            <NER>O</NER>
            <Speaker>PER0</Speaker>
          </token>
          <token id="11">
            <word>that</word>
            <lemma>that</lemma>
            <CharacterOffsetBegin>21582</CharacterOffsetBegin>
            <CharacterOffsetEnd>21586</CharacterOffsetEnd>
            <POS>IN</POS>
            <NER>O</NER>
            <Speaker>PER0</Speaker>
          </token>
          <token id="12">
            <word>I</word>
            <lemma>I</lemma>
            <CharacterOffsetBegin>21587</CharacterOffsetBegin>
            <CharacterOffsetEnd>21588</CharacterOffsetEnd>
            <POS>PRP</POS>
            <NER>O</NER>
            <Speaker>PER0</Speaker>
          </token>
          <token id="13">
            <word>had</word>
            <lemma>have</lemma>
            <CharacterOffsetBegin>21589</CharacterOffsetBegin>
            <CharacterOffsetEnd>21592</CharacterOffsetEnd>
            <POS>VBD</POS>
            <NER>O</NER>
            <Speaker>PER0</Speaker>
          </token>
          <token id="14">
            <word>been</word>
            <lemma>be</lemma>
            <CharacterOffsetBegin>21593</CharacterOffsetBegin>
            <CharacterOffsetEnd>21597</CharacterOffsetEnd>
            <POS>VBN</POS>
            <NER>O</NER>
            <Speaker>PER0</Speaker>
          </token>
          <token id="15">
            <word>trained</word>
            <lemma>train</lemma>
            <CharacterOffsetBegin>21598</CharacterOffsetBegin>
            <CharacterOffsetEnd>21605</CharacterOffsetEnd>
            <POS>VBN</POS>
            <NER>O</NER>
            <Speaker>PER0</Speaker>
          </token>
          <token id="16">
            <word>in</word>
            <lemma>in</lemma>
            <CharacterOffsetBegin>21606</CharacterOffsetBegin>
            <CharacterOffsetEnd>21608</CharacterOffsetEnd>
            <POS>IN</POS>
            <NER>O</NER>
            <Speaker>PER0</Speaker>
          </token>
          <token id="17">
            <word>however</word>
            <lemma>however</lemma>
            <CharacterOffsetBegin>21609</CharacterOffsetBegin>
            <CharacterOffsetEnd>21616</CharacterOffsetEnd>
            <POS>RB</POS>
            <NER>O</NER>
            <Speaker>PER0</Speaker>
          </token>
          <token id="18">
            <word>what</word>
            <lemma>what</lemma>
            <CharacterOffsetBegin>21617</CharacterOffsetBegin>
            <CharacterOffsetEnd>21621</CharacterOffsetEnd>
            <POS>WP</POS>
            <NER>O</NER>
            <Speaker>PER0</Speaker>
          </token>
          <token id="19">
            <word>actually</word>
            <lemma>actually</lemma>
            <CharacterOffsetBegin>21622</CharacterOffsetBegin>
            <CharacterOffsetEnd>21630</CharacterOffsetEnd>
            <POS>RB</POS>
            <NER>O</NER>
            <Speaker>PER0</Speaker>
          </token>
          <token id="20">
            <word>happened</word>
            <lemma>happen</lemma>
            <CharacterOffsetBegin>21631</CharacterOffsetBegin>
            <CharacterOffsetEnd>21639</CharacterOffsetEnd>
            <POS>VBD</POS>
            <NER>O</NER>
            <Speaker>PER0</Speaker>
          </token>
          <token id="21">
            <word>was</word>
            <lemma>be</lemma>
            <CharacterOffsetBegin>21640</CharacterOffsetBegin>
            <CharacterOffsetEnd>21643</CharacterOffsetEnd>
            <POS>VBD</POS>
            <NER>O</NER>
            <Speaker>PER0</Speaker>
          </token>
          <token id="22">
            <word>the</word>
            <lemma>the</lemma>
            <CharacterOffsetBegin>21644</CharacterOffsetBegin>
            <CharacterOffsetEnd>21647</CharacterOffsetEnd>
            <POS>DT</POS>
            <NER>O</NER>
            <Speaker>PER0</Speaker>
          </token>
          <token id="23">
            <word>queue</word>
            <lemma>queue</lemma>
            <CharacterOffsetBegin>21648</CharacterOffsetBegin>
            <CharacterOffsetEnd>21653</CharacterOffsetEnd>
            <POS>NN</POS>
            <NER>O</NER>
            <Speaker>PER0</Speaker>
          </token>
          <token id="24">
            <word>of</word>
            <lemma>of</lemma>
            <CharacterOffsetBegin>21654</CharacterOffsetBegin>
            <CharacterOffsetEnd>21656</CharacterOffsetEnd>
            <POS>IN</POS>
            <NER>O</NER>
            <Speaker>PER0</Speaker>
          </token>
          <token id="25">
            <word>requests</word>
            <lemma>request</lemma>
            <CharacterOffsetBegin>21657</CharacterOffsetBegin>
            <CharacterOffsetEnd>21665</CharacterOffsetEnd>
            <POS>NNS</POS>
            <NER>O</NER>
            <Speaker>PER0</Speaker>
          </token>
          <token id="26">
            <word>in</word>
            <lemma>in</lemma>
            <CharacterOffsetBegin>21666</CharacterOffsetBegin>
            <CharacterOffsetEnd>21668</CharacterOffsetEnd>
            <POS>IN</POS>
            <NER>O</NER>
            <Speaker>PER0</Speaker>
          </token>
          <token id="27">
            <word>this</word>
            <lemma>this</lemma>
            <CharacterOffsetBegin>21669</CharacterOffsetBegin>
            <CharacterOffsetEnd>21673</CharacterOffsetEnd>
            <POS>DT</POS>
            <NER>O</NER>
            <Speaker>PER0</Speaker>
          </token>
          <token id="28">
            <word>online</word>
            <lemma>online</lemma>
            <CharacterOffsetBegin>21674</CharacterOffsetBegin>
            <CharacterOffsetEnd>21680</CharacterOffsetEnd>
            <POS>JJ</POS>
            <NER>O</NER>
            <Speaker>PER0</Speaker>
          </token>
          <token id="29">
            <word>reporting</word>
            <lemma>reporting</lemma>
            <CharacterOffsetBegin>21681</CharacterOffsetBegin>
            <CharacterOffsetEnd>21690</CharacterOffsetEnd>
            <POS>NN</POS>
            <NER>O</NER>
            <Speaker>PER0</Speaker>
          </token>
          <token id="30">
            <word>system</word>
            <lemma>system</lemma>
            <CharacterOffsetBegin>21691</CharacterOffsetBegin>
            <CharacterOffsetEnd>21697</CharacterOffsetEnd>
            <POS>NN</POS>
            <NER>O</NER>
            <Speaker>PER0</Speaker>
          </token>
          <token id="31">
            <word>was</word>
            <lemma>be</lemma>
            <CharacterOffsetBegin>21698</CharacterOffsetBegin>
            <CharacterOffsetEnd>21701</CharacterOffsetEnd>
            <POS>VBD</POS>
            <NER>O</NER>
            <Speaker>PER0</Speaker>
          </token>
          <token id="32">
            <word>far</word>
            <lemma>far</lemma>
            <CharacterOffsetBegin>21702</CharacterOffsetBegin>
            <CharacterOffsetEnd>21705</CharacterOffsetEnd>
            <POS>RB</POS>
            <NER>O</NER>
            <Speaker>PER0</Speaker>
          </token>
          <token id="33">
            <word>too</word>
            <lemma>too</lemma>
            <CharacterOffsetBegin>21706</CharacterOffsetBegin>
            <CharacterOffsetEnd>21709</CharacterOffsetEnd>
            <POS>RB</POS>
            <NER>O</NER>
            <Speaker>PER0</Speaker>
          </token>
          <token id="34">
            <word>large</word>
            <lemma>large</lemma>
            <CharacterOffsetBegin>21710</CharacterOffsetBegin>
            <CharacterOffsetEnd>21715</CharacterOffsetEnd>
            <POS>JJ</POS>
            <NER>O</NER>
            <Speaker>PER0</Speaker>
          </token>
          <token id="35">
            <word>,</word>
            <lemma>,</lemma>
            <CharacterOffsetBegin>21715</CharacterOffsetBegin>
            <CharacterOffsetEnd>21716</CharacterOffsetEnd>
            <POS>,</POS>
            <NER>O</NER>
            <Speaker>PER0</Speaker>
          </token>
          <token id="36">
            <word>most</word>
            <lemma>most</lemma>
            <CharacterOffsetBegin>21717</CharacterOffsetBegin>
            <CharacterOffsetEnd>21721</CharacterOffsetEnd>
            <POS>JJS</POS>
            <NER>O</NER>
            <Speaker>PER0</Speaker>
          </token>
          <token id="37">
            <word>of</word>
            <lemma>of</lemma>
            <CharacterOffsetBegin>21722</CharacterOffsetBegin>
            <CharacterOffsetEnd>21724</CharacterOffsetEnd>
            <POS>IN</POS>
            <NER>O</NER>
            <Speaker>PER0</Speaker>
          </token>
          <token id="38">
            <word>the</word>
            <lemma>the</lemma>
            <CharacterOffsetBegin>21725</CharacterOffsetBegin>
            <CharacterOffsetEnd>21728</CharacterOffsetEnd>
            <POS>DT</POS>
            <NER>O</NER>
            <Speaker>PER0</Speaker>
          </token>
          <token id="39">
            <word>requests</word>
            <lemma>request</lemma>
            <CharacterOffsetBegin>21729</CharacterOffsetBegin>
            <CharacterOffsetEnd>21737</CharacterOffsetEnd>
            <POS>NNS</POS>
            <NER>O</NER>
            <Speaker>PER0</Speaker>
          </token>
          <token id="40">
            <word>I</word>
            <lemma>I</lemma>
            <CharacterOffsetBegin>21738</CharacterOffsetBegin>
            <CharacterOffsetEnd>21739</CharacterOffsetEnd>
            <POS>PRP</POS>
            <NER>O</NER>
            <Speaker>PER0</Speaker>
          </token>
          <token id="41">
            <word>had</word>
            <lemma>have</lemma>
            <CharacterOffsetBegin>21740</CharacterOffsetBegin>
            <CharacterOffsetEnd>21743</CharacterOffsetEnd>
            <POS>VBD</POS>
            <NER>O</NER>
            <Speaker>PER0</Speaker>
          </token>
          <token id="42">
            <word>not</word>
            <lemma>not</lemma>
            <CharacterOffsetBegin>21744</CharacterOffsetBegin>
            <CharacterOffsetEnd>21747</CharacterOffsetEnd>
            <POS>RB</POS>
            <NER>O</NER>
            <Speaker>PER0</Speaker>
          </token>
          <token id="43">
            <word>been</word>
            <lemma>be</lemma>
            <CharacterOffsetBegin>21748</CharacterOffsetBegin>
            <CharacterOffsetEnd>21752</CharacterOffsetEnd>
            <POS>VBN</POS>
            <NER>O</NER>
            <Speaker>PER0</Speaker>
          </token>
          <token id="44">
            <word>trained</word>
            <lemma>train</lemma>
            <CharacterOffsetBegin>21753</CharacterOffsetBegin>
            <CharacterOffsetEnd>21760</CharacterOffsetEnd>
            <POS>VBN</POS>
            <NER>O</NER>
            <Speaker>PER0</Speaker>
          </token>
          <token id="45">
            <word>how</word>
            <lemma>how</lemma>
            <CharacterOffsetBegin>21761</CharacterOffsetBegin>
            <CharacterOffsetEnd>21764</CharacterOffsetEnd>
            <POS>WRB</POS>
            <NER>O</NER>
            <Speaker>PER0</Speaker>
          </token>
          <token id="46">
            <word>to</word>
            <lemma>to</lemma>
            <CharacterOffsetBegin>21765</CharacterOffsetBegin>
            <CharacterOffsetEnd>21767</CharacterOffsetEnd>
            <POS>TO</POS>
            <NER>O</NER>
            <Speaker>PER0</Speaker>
          </token>
          <token id="47">
            <word>handle</word>
            <lemma>handle</lemma>
            <CharacterOffsetBegin>21768</CharacterOffsetBegin>
            <CharacterOffsetEnd>21774</CharacterOffsetEnd>
            <POS>VB</POS>
            <NER>O</NER>
            <Speaker>PER0</Speaker>
          </token>
          <token id="48">
            <word>and</word>
            <lemma>and</lemma>
            <CharacterOffsetBegin>21775</CharacterOffsetBegin>
            <CharacterOffsetEnd>21778</CharacterOffsetEnd>
            <POS>CC</POS>
            <NER>O</NER>
            <Speaker>PER0</Speaker>
          </token>
          <token id="49">
            <word>so</word>
            <lemma>so</lemma>
            <CharacterOffsetBegin>21779</CharacterOffsetBegin>
            <CharacterOffsetEnd>21781</CharacterOffsetEnd>
            <POS>IN</POS>
            <NER>O</NER>
            <Speaker>PER0</Speaker>
          </token>
          <token id="50">
            <word>the</word>
            <lemma>the</lemma>
            <CharacterOffsetBegin>21782</CharacterOffsetBegin>
            <CharacterOffsetEnd>21785</CharacterOffsetEnd>
            <POS>DT</POS>
            <NER>O</NER>
            <Speaker>PER0</Speaker>
          </token>
          <token id="51">
            <word>situation</word>
            <lemma>situation</lemma>
            <CharacterOffsetBegin>21786</CharacterOffsetBegin>
            <CharacterOffsetEnd>21795</CharacterOffsetEnd>
            <POS>NN</POS>
            <NER>O</NER>
            <Speaker>PER0</Speaker>
          </token>
          <token id="52">
            <word>got</word>
            <lemma>get</lemma>
            <CharacterOffsetBegin>21796</CharacterOffsetBegin>
            <CharacterOffsetEnd>21799</CharacterOffsetEnd>
            <POS>VBD</POS>
            <NER>O</NER>
            <Speaker>PER0</Speaker>
          </token>
          <token id="53">
            <word>out</word>
            <lemma>out</lemma>
            <CharacterOffsetBegin>21800</CharacterOffsetBegin>
            <CharacterOffsetEnd>21803</CharacterOffsetEnd>
            <POS>IN</POS>
            <NER>O</NER>
            <Speaker>PER0</Speaker>
          </token>
          <token id="54">
            <word>of</word>
            <lemma>of</lemma>
            <CharacterOffsetBegin>21804</CharacterOffsetBegin>
            <CharacterOffsetEnd>21806</CharacterOffsetEnd>
            <POS>IN</POS>
            <NER>O</NER>
            <Speaker>PER0</Speaker>
          </token>
          <token id="55">
            <word>hand</word>
            <lemma>hand</lemma>
            <CharacterOffsetBegin>21807</CharacterOffsetBegin>
            <CharacterOffsetEnd>21811</CharacterOffsetEnd>
            <POS>NN</POS>
            <NER>O</NER>
            <Speaker>PER0</Speaker>
          </token>
          <token id="56">
            <word>,</word>
            <lemma>,</lemma>
            <CharacterOffsetBegin>21811</CharacterOffsetBegin>
            <CharacterOffsetEnd>21812</CharacterOffsetEnd>
            <POS>,</POS>
            <NER>O</NER>
            <Speaker>PER0</Speaker>
          </token>
          <token id="57">
            <word>I</word>
            <lemma>I</lemma>
            <CharacterOffsetBegin>21813</CharacterOffsetBegin>
            <CharacterOffsetEnd>21814</CharacterOffsetEnd>
            <POS>PRP</POS>
            <NER>O</NER>
            <Speaker>PER0</Speaker>
          </token>
          <token id="58">
            <word>had</word>
            <lemma>have</lemma>
            <CharacterOffsetBegin>21815</CharacterOffsetBegin>
            <CharacterOffsetEnd>21818</CharacterOffsetEnd>
            <POS>VBD</POS>
            <NER>O</NER>
            <Speaker>PER0</Speaker>
          </token>
          <token id="59">
            <word>to</word>
            <lemma>to</lemma>
            <CharacterOffsetBegin>21819</CharacterOffsetBegin>
            <CharacterOffsetEnd>21821</CharacterOffsetEnd>
            <POS>TO</POS>
            <NER>O</NER>
            <Speaker>PER0</Speaker>
          </token>
          <token id="60">
            <word>send</word>
            <lemma>send</lemma>
            <CharacterOffsetBegin>21822</CharacterOffsetBegin>
            <CharacterOffsetEnd>21826</CharacterOffsetEnd>
            <POS>VB</POS>
            <NER>O</NER>
            <Speaker>PER0</Speaker>
          </token>
          <token id="61">
            <word>some</word>
            <lemma>some</lemma>
            <CharacterOffsetBegin>21827</CharacterOffsetBegin>
            <CharacterOffsetEnd>21831</CharacterOffsetEnd>
            <POS>DT</POS>
            <NER>O</NER>
            <Speaker>PER0</Speaker>
          </token>
          <token id="62">
            <word>requests</word>
            <lemma>request</lemma>
            <CharacterOffsetBegin>21832</CharacterOffsetBegin>
            <CharacterOffsetEnd>21840</CharacterOffsetEnd>
            <POS>NNS</POS>
            <NER>O</NER>
            <Speaker>PER0</Speaker>
          </token>
          <token id="63">
            <word>to</word>
            <lemma>to</lemma>
            <CharacterOffsetBegin>21841</CharacterOffsetBegin>
            <CharacterOffsetEnd>21843</CharacterOffsetEnd>
            <POS>TO</POS>
            <NER>O</NER>
            <Speaker>PER0</Speaker>
          </token>
          <token id="64">
            <word>other</word>
            <lemma>other</lemma>
            <CharacterOffsetBegin>21844</CharacterOffsetBegin>
            <CharacterOffsetEnd>21849</CharacterOffsetEnd>
            <POS>JJ</POS>
            <NER>O</NER>
            <Speaker>PER0</Speaker>
          </token>
          <token id="65">
            <word>members</word>
            <lemma>member</lemma>
            <CharacterOffsetBegin>21850</CharacterOffsetBegin>
            <CharacterOffsetEnd>21857</CharacterOffsetEnd>
            <POS>NNS</POS>
            <NER>O</NER>
            <Speaker>PER0</Speaker>
          </token>
          <token id="66">
            <word>of</word>
            <lemma>of</lemma>
            <CharacterOffsetBegin>21858</CharacterOffsetBegin>
            <CharacterOffsetEnd>21860</CharacterOffsetEnd>
            <POS>IN</POS>
            <NER>O</NER>
            <Speaker>PER0</Speaker>
          </token>
          <token id="67">
            <word>the</word>
            <lemma>the</lemma>
            <CharacterOffsetBegin>21861</CharacterOffsetBegin>
            <CharacterOffsetEnd>21864</CharacterOffsetEnd>
            <POS>DT</POS>
            <NER>O</NER>
            <Speaker>PER0</Speaker>
          </token>
          <token id="68">
            <word>team</word>
            <lemma>team</lemma>
            <CharacterOffsetBegin>21865</CharacterOffsetBegin>
            <CharacterOffsetEnd>21869</CharacterOffsetEnd>
            <POS>NN</POS>
            <NER>O</NER>
            <Speaker>PER0</Speaker>
          </token>
          <token id="69">
            <word>so</word>
            <lemma>so</lemma>
            <CharacterOffsetBegin>21870</CharacterOffsetBegin>
            <CharacterOffsetEnd>21872</CharacterOffsetEnd>
            <POS>IN</POS>
            <NER>O</NER>
            <Speaker>PER0</Speaker>
          </token>
          <token id="70">
            <word>they</word>
            <lemma>they</lemma>
            <CharacterOffsetBegin>21873</CharacterOffsetBegin>
            <CharacterOffsetEnd>21877</CharacterOffsetEnd>
            <POS>PRP</POS>
            <NER>O</NER>
            <Speaker>PER0</Speaker>
          </token>
          <token id="71">
            <word>could</word>
            <lemma>could</lemma>
            <CharacterOffsetBegin>21878</CharacterOffsetBegin>
            <CharacterOffsetEnd>21883</CharacterOffsetEnd>
            <POS>MD</POS>
            <NER>O</NER>
            <Speaker>PER0</Speaker>
          </token>
          <token id="72">
            <word>take</word>
            <lemma>take</lemma>
            <CharacterOffsetBegin>21884</CharacterOffsetBegin>
            <CharacterOffsetEnd>21888</CharacterOffsetEnd>
            <POS>VB</POS>
            <NER>O</NER>
            <Speaker>PER0</Speaker>
          </token>
          <token id="73">
            <word>care</word>
            <lemma>care</lemma>
            <CharacterOffsetBegin>21889</CharacterOffsetBegin>
            <CharacterOffsetEnd>21893</CharacterOffsetEnd>
            <POS>NN</POS>
            <NER>O</NER>
            <Speaker>PER0</Speaker>
          </token>
          <token id="74">
            <word>of</word>
            <lemma>of</lemma>
            <CharacterOffsetBegin>21894</CharacterOffsetBegin>
            <CharacterOffsetEnd>21896</CharacterOffsetEnd>
            <POS>IN</POS>
            <NER>O</NER>
            <Speaker>PER0</Speaker>
          </token>
          <token id="75">
            <word>them</word>
            <lemma>they</lemma>
            <CharacterOffsetBegin>21897</CharacterOffsetBegin>
            <CharacterOffsetEnd>21901</CharacterOffsetEnd>
            <POS>PRP</POS>
            <NER>O</NER>
            <Speaker>PER0</Speaker>
          </token>
          <token id="76">
            <word>.</word>
            <lemma>.</lemma>
            <CharacterOffsetBegin>21901</CharacterOffsetBegin>
            <CharacterOffsetEnd>21902</CharacterOffsetEnd>
            <POS>.</POS>
            <NER>O</NER>
            <Speaker>PER0</Speaker>
          </token>
        </tokens>
        <parse>(ROOT (S (S (NP (PRP I)) (VP (VBD expected) (SBAR (IN that) (S (NP (PRP I)) (VP (VBD was) (ADJP (RB only) (JJ responsible) (PP (IN for) (NP (DT the) (NNS tasks)))) (SBAR (IN that) (S (NP (PRP I)) (VP (VBD had) (VP (VBN been) (VP (VBN trained) (PP (IN in) (ADVP (RB however))) (SBAR (SBAR (WHNP (WP what)) (S (ADVP (RB actually)) (VP (VBD happened) (SBAR (S (S (VP (VBD was) (NP (NP (DT the) (NN queue)) (PP (IN of) (NP (NP (NNS requests)) (PP (IN in) (NP (DT this) (JJ online) (NN reporting) (NN system)))))))) (VP (VBD was) (ADJP (RB far) (RB too) (JJ large)))))))) (, ,) (SBAR (WHNP (WHNP (JJS most)) (PP (IN of) (NP (DT the) (NNS requests)))) (S (NP (PRP I)) (VP (VBD had) (RB not) (VP (VBN been) (VP (VBN trained) (SBAR (WHADVP (WRB how)) (S (VP (TO to) (VP (VB handle)))))))))) (CC and) (SBAR (IN so) (S (NP (DT the) (NN situation)) (VP (VBD got) (PRT (IN out)) (PP (IN of) (NP (NN hand))))))))))))))))) (, ,) (NP (PRP I)) (VP (VBD had) (S (VP (TO to) (VP (VB send) (NP (DT some) (NNS requests)) (PP (TO to) (NP (NP (JJ other) (NNS members)) (PP (IN of) (NP (DT the) (NN team)))))))) (SBAR (IN so) (S (NP (PRP they)) (VP (MD could) (VP (VB take) (NP (NP (NN care)) (PP (IN of) (NP (PRP them))))))))) (. .))) </parse>
        <dependencies type="basic-dependencies">
          <dep type="root">
            <governor idx="0">ROOT</governor>
            <dependent idx="58">had</dependent>
          </dep>
          <dep type="nsubj">
            <governor idx="2">expected</governor>
            <dependent idx="1">I</dependent>
          </dep>
          <dep type="ccomp">
            <governor idx="58">had</governor>
            <dependent idx="2">expected</dependent>
          </dep>
          <dep type="mark">
            <governor idx="7">responsible</governor>
            <dependent idx="3">that</dependent>
          </dep>
          <dep type="nsubj">
            <governor idx="7">responsible</governor>
            <dependent idx="4">I</dependent>
          </dep>
          <dep type="cop">
            <governor idx="7">responsible</governor>
            <dependent idx="5">was</dependent>
          </dep>
          <dep type="advmod">
            <governor idx="7">responsible</governor>
            <dependent idx="6">only</dependent>
          </dep>
          <dep type="ccomp">
            <governor idx="2">expected</governor>
            <dependent idx="7">responsible</dependent>
          </dep>
          <dep type="case">
            <governor idx="10">tasks</governor>
            <dependent idx="8">for</dependent>
          </dep>
          <dep type="det">
            <governor idx="10">tasks</governor>
            <dependent idx="9">the</dependent>
          </dep>
          <dep type="nmod">
            <governor idx="7">responsible</governor>
            <dependent idx="10">tasks</dependent>
          </dep>
          <dep type="mark">
            <governor idx="15">trained</governor>
            <dependent idx="11">that</dependent>
          </dep>
          <dep type="nsubjpass">
            <governor idx="15">trained</governor>
            <dependent idx="12">I</dependent>
          </dep>
          <dep type="aux">
            <governor idx="15">trained</governor>
            <dependent idx="13">had</dependent>
          </dep>
          <dep type="auxpass">
            <governor idx="15">trained</governor>
            <dependent idx="14">been</dependent>
          </dep>
          <dep type="ccomp">
            <governor idx="7">responsible</governor>
            <dependent idx="15">trained</dependent>
          </dep>
          <dep type="case">
            <governor idx="17">however</governor>
            <dependent idx="16">in</dependent>
          </dep>
          <dep type="advcl">
            <governor idx="15">trained</governor>
            <dependent idx="17">however</dependent>
          </dep>
          <dep type="nsubj">
            <governor idx="20">happened</governor>
            <dependent idx="18">what</dependent>
          </dep>
          <dep type="advmod">
            <governor idx="20">happened</governor>
            <dependent idx="19">actually</dependent>
          </dep>
          <dep type="advcl">
            <governor idx="15">trained</governor>
            <dependent idx="20">happened</dependent>
          </dep>
          <dep type="cop">
            <governor idx="23">queue</governor>
            <dependent idx="21">was</dependent>
          </dep>
          <dep type="det">
            <governor idx="23">queue</governor>
            <dependent idx="22">the</dependent>
          </dep>
          <dep type="csubj">
            <governor idx="34">large</governor>
            <dependent idx="23">queue</dependent>
          </dep>
          <dep type="case">
            <governor idx="25">requests</governor>
            <dependent idx="24">of</dependent>
          </dep>
          <dep type="nmod">
            <governor idx="23">queue</governor>
            <dependent idx="25">requests</dependent>
          </dep>
          <dep type="case">
            <governor idx="30">system</governor>
            <dependent idx="26">in</dependent>
          </dep>
          <dep type="det">
            <governor idx="30">system</governor>
            <dependent idx="27">this</dependent>
          </dep>
          <dep type="amod">
            <governor idx="30">system</governor>
            <dependent idx="28">online</dependent>
          </dep>
          <dep type="compound">
            <governor idx="30">system</governor>
            <dependent idx="29">reporting</dependent>
          </dep>
          <dep type="nmod">
            <governor idx="25">requests</governor>
            <dependent idx="30">system</dependent>
          </dep>
          <dep type="cop">
            <governor idx="34">large</governor>
            <dependent idx="31">was</dependent>
          </dep>
          <dep type="advmod">
            <governor idx="34">large</governor>
            <dependent idx="32">far</dependent>
          </dep>
          <dep type="advmod">
            <governor idx="34">large</governor>
            <dependent idx="33">too</dependent>
          </dep>
          <dep type="ccomp">
            <governor idx="20">happened</governor>
            <dependent idx="34">large</dependent>
          </dep>
          <dep type="punct">
            <governor idx="20">happened</governor>
            <dependent idx="35">,</dependent>
          </dep>
          <dep type="dobj">
            <governor idx="44">trained</governor>
            <dependent idx="36">most</dependent>
          </dep>
          <dep type="case">
            <governor idx="39">requests</governor>
            <dependent idx="37">of</dependent>
          </dep>
          <dep type="det">
            <governor idx="39">requests</governor>
            <dependent idx="38">the</dependent>
          </dep>
          <dep type="nmod">
            <governor idx="36">most</governor>
            <dependent idx="39">requests</dependent>
          </dep>
          <dep type="nsubjpass">
            <governor idx="44">trained</governor>
            <dependent idx="40">I</dependent>
          </dep>
          <dep type="aux">
            <governor idx="44">trained</governor>
            <dependent idx="41">had</dependent>
          </dep>
          <dep type="neg">
            <governor idx="44">trained</governor>
            <dependent idx="42">not</dependent>
          </dep>
          <dep type="auxpass">
            <governor idx="44">trained</governor>
            <dependent idx="43">been</dependent>
          </dep>
          <dep type="conj">
            <governor idx="20">happened</governor>
            <dependent idx="44">trained</dependent>
          </dep>
          <dep type="advmod">
            <governor idx="47">handle</governor>
            <dependent idx="45">how</dependent>
          </dep>
          <dep type="mark">
            <governor idx="47">handle</governor>
            <dependent idx="46">to</dependent>
          </dep>
          <dep type="ccomp">
            <governor idx="44">trained</governor>
            <dependent idx="47">handle</dependent>
          </dep>
          <dep type="cc">
            <governor idx="20">happened</governor>
            <dependent idx="48">and</dependent>
          </dep>
          <dep type="mark">
            <governor idx="52">got</governor>
            <dependent idx="49">so</dependent>
          </dep>
          <dep type="det">
            <governor idx="51">situation</governor>
            <dependent idx="50">the</dependent>
          </dep>
          <dep type="nsubj">
            <governor idx="52">got</governor>
            <dependent idx="51">situation</dependent>
          </dep>
          <dep type="conj">
            <governor idx="20">happened</governor>
            <dependent idx="52">got</dependent>
          </dep>
          <dep type="compound:prt">
            <governor idx="52">got</governor>
            <dependent idx="53">out</dependent>
          </dep>
          <dep type="case">
            <governor idx="55">hand</governor>
            <dependent idx="54">of</dependent>
          </dep>
          <dep type="nmod">
            <governor idx="52">got</governor>
            <dependent idx="55">hand</dependent>
          </dep>
          <dep type="punct">
            <governor idx="58">had</governor>
            <dependent idx="56">,</dependent>
          </dep>
          <dep type="nsubj">
            <governor idx="58">had</governor>
            <dependent idx="57">I</dependent>
          </dep>
          <dep type="mark">
            <governor idx="60">send</governor>
            <dependent idx="59">to</dependent>
          </dep>
          <dep type="xcomp">
            <governor idx="58">had</governor>
            <dependent idx="60">send</dependent>
          </dep>
          <dep type="det">
            <governor idx="62">requests</governor>
            <dependent idx="61">some</dependent>
          </dep>
          <dep type="dobj">
            <governor idx="60">send</governor>
            <dependent idx="62">requests</dependent>
          </dep>
          <dep type="case">
            <governor idx="65">members</governor>
            <dependent idx="63">to</dependent>
          </dep>
          <dep type="amod">
            <governor idx="65">members</governor>
            <dependent idx="64">other</dependent>
          </dep>
          <dep type="nmod">
            <governor idx="60">send</governor>
            <dependent idx="65">members</dependent>
          </dep>
          <dep type="case">
            <governor idx="68">team</governor>
            <dependent idx="66">of</dependent>
          </dep>
          <dep type="det">
            <governor idx="68">team</governor>
            <dependent idx="67">the</dependent>
          </dep>
          <dep type="nmod">
            <governor idx="65">members</governor>
            <dependent idx="68">team</dependent>
          </dep>
          <dep type="mark">
            <governor idx="72">take</governor>
            <dependent idx="69">so</dependent>
          </dep>
          <dep type="nsubj">
            <governor idx="72">take</governor>
            <dependent idx="70">they</dependent>
          </dep>
          <dep type="aux">
            <governor idx="72">take</governor>
            <dependent idx="71">could</dependent>
          </dep>
          <dep type="advcl">
            <governor idx="58">had</governor>
            <dependent idx="72">take</dependent>
          </dep>
          <dep type="dobj">
            <governor idx="72">take</governor>
            <dependent idx="73">care</dependent>
          </dep>
          <dep type="case">
            <governor idx="75">them</governor>
            <dependent idx="74">of</dependent>
          </dep>
          <dep type="nmod">
            <governor idx="73">care</governor>
            <dependent idx="75">them</dependent>
          </dep>
          <dep type="punct">
            <governor idx="58">had</governor>
            <dependent idx="76">.</dependent>
          </dep>
        </dependencies>
        <dependencies type="collapsed-dependencies">
          <dep type="root">
            <governor idx="0">ROOT</governor>
            <dependent idx="58">had</dependent>
          </dep>
          <dep type="nsubj">
            <governor idx="2">expected</governor>
            <dependent idx="1">I</dependent>
          </dep>
          <dep type="ccomp">
            <governor idx="58">had</governor>
            <dependent idx="2">expected</dependent>
          </dep>
          <dep type="mark">
            <governor idx="7">responsible</governor>
            <dependent idx="3">that</dependent>
          </dep>
          <dep type="nsubj">
            <governor idx="7">responsible</governor>
            <dependent idx="4">I</dependent>
          </dep>
          <dep type="cop">
            <governor idx="7">responsible</governor>
            <dependent idx="5">was</dependent>
          </dep>
          <dep type="advmod">
            <governor idx="7">responsible</governor>
            <dependent idx="6">only</dependent>
          </dep>
          <dep type="ccomp">
            <governor idx="2">expected</governor>
            <dependent idx="7">responsible</dependent>
          </dep>
          <dep type="case">
            <governor idx="10">tasks</governor>
            <dependent idx="8">for</dependent>
          </dep>
          <dep type="det">
            <governor idx="10">tasks</governor>
            <dependent idx="9">the</dependent>
          </dep>
          <dep type="nmod:for">
            <governor idx="7">responsible</governor>
            <dependent idx="10">tasks</dependent>
          </dep>
          <dep type="mark">
            <governor idx="15">trained</governor>
            <dependent idx="11">that</dependent>
          </dep>
          <dep type="nsubjpass">
            <governor idx="15">trained</governor>
            <dependent idx="12">I</dependent>
          </dep>
          <dep type="aux">
            <governor idx="15">trained</governor>
            <dependent idx="13">had</dependent>
          </dep>
          <dep type="auxpass">
            <governor idx="15">trained</governor>
            <dependent idx="14">been</dependent>
          </dep>
          <dep type="ccomp">
            <governor idx="7">responsible</governor>
            <dependent idx="15">trained</dependent>
          </dep>
          <dep type="case">
            <governor idx="17">however</governor>
            <dependent idx="16">in</dependent>
          </dep>
          <dep type="advcl:in">
            <governor idx="15">trained</governor>
            <dependent idx="17">however</dependent>
          </dep>
          <dep type="nsubj">
            <governor idx="20">happened</governor>
            <dependent idx="18">what</dependent>
          </dep>
          <dep type="advmod">
            <governor idx="20">happened</governor>
            <dependent idx="19">actually</dependent>
          </dep>
          <dep type="advcl">
            <governor idx="15">trained</governor>
            <dependent idx="20">happened</dependent>
          </dep>
          <dep type="cop">
            <governor idx="23">queue</governor>
            <dependent idx="21">was</dependent>
          </dep>
          <dep type="det">
            <governor idx="23">queue</governor>
            <dependent idx="22">the</dependent>
          </dep>
          <dep type="csubj">
            <governor idx="34">large</governor>
            <dependent idx="23">queue</dependent>
          </dep>
          <dep type="case">
            <governor idx="25">requests</governor>
            <dependent idx="24">of</dependent>
          </dep>
          <dep type="nmod:of">
            <governor idx="23">queue</governor>
            <dependent idx="25">requests</dependent>
          </dep>
          <dep type="case">
            <governor idx="30">system</governor>
            <dependent idx="26">in</dependent>
          </dep>
          <dep type="det">
            <governor idx="30">system</governor>
            <dependent idx="27">this</dependent>
          </dep>
          <dep type="amod">
            <governor idx="30">system</governor>
            <dependent idx="28">online</dependent>
          </dep>
          <dep type="compound">
            <governor idx="30">system</governor>
            <dependent idx="29">reporting</dependent>
          </dep>
          <dep type="nmod:in">
            <governor idx="25">requests</governor>
            <dependent idx="30">system</dependent>
          </dep>
          <dep type="cop">
            <governor idx="34">large</governor>
            <dependent idx="31">was</dependent>
          </dep>
          <dep type="advmod">
            <governor idx="34">large</governor>
            <dependent idx="32">far</dependent>
          </dep>
          <dep type="advmod">
            <governor idx="34">large</governor>
            <dependent idx="33">too</dependent>
          </dep>
          <dep type="ccomp">
            <governor idx="20">happened</governor>
            <dependent idx="34">large</dependent>
          </dep>
          <dep type="punct">
            <governor idx="20">happened</governor>
            <dependent idx="35">,</dependent>
          </dep>
          <dep type="dobj">
            <governor idx="44">trained</governor>
            <dependent idx="36">most</dependent>
          </dep>
          <dep type="case">
            <governor idx="39">requests</governor>
            <dependent idx="37">of</dependent>
          </dep>
          <dep type="det">
            <governor idx="39">requests</governor>
            <dependent idx="38">the</dependent>
          </dep>
          <dep type="nmod:of">
            <governor idx="36">most</governor>
            <dependent idx="39">requests</dependent>
          </dep>
          <dep type="nsubjpass">
            <governor idx="44">trained</governor>
            <dependent idx="40">I</dependent>
          </dep>
          <dep type="aux">
            <governor idx="44">trained</governor>
            <dependent idx="41">had</dependent>
          </dep>
          <dep type="neg">
            <governor idx="44">trained</governor>
            <dependent idx="42">not</dependent>
          </dep>
          <dep type="auxpass">
            <governor idx="44">trained</governor>
            <dependent idx="43">been</dependent>
          </dep>
          <dep type="conj:and">
            <governor idx="20">happened</governor>
            <dependent idx="44">trained</dependent>
          </dep>
          <dep type="advmod">
            <governor idx="47">handle</governor>
            <dependent idx="45">how</dependent>
          </dep>
          <dep type="mark">
            <governor idx="47">handle</governor>
            <dependent idx="46">to</dependent>
          </dep>
          <dep type="ccomp">
            <governor idx="44">trained</governor>
            <dependent idx="47">handle</dependent>
          </dep>
          <dep type="cc">
            <governor idx="20">happened</governor>
            <dependent idx="48">and</dependent>
          </dep>
          <dep type="mark">
            <governor idx="52">got</governor>
            <dependent idx="49">so</dependent>
          </dep>
          <dep type="det">
            <governor idx="51">situation</governor>
            <dependent idx="50">the</dependent>
          </dep>
          <dep type="nsubj">
            <governor idx="52">got</governor>
            <dependent idx="51">situation</dependent>
          </dep>
          <dep type="conj:and">
            <governor idx="20">happened</governor>
            <dependent idx="52">got</dependent>
          </dep>
          <dep type="compound:prt">
            <governor idx="52">got</governor>
            <dependent idx="53">out</dependent>
          </dep>
          <dep type="case">
            <governor idx="55">hand</governor>
            <dependent idx="54">of</dependent>
          </dep>
          <dep type="nmod:of">
            <governor idx="52">got</governor>
            <dependent idx="55">hand</dependent>
          </dep>
          <dep type="punct">
            <governor idx="58">had</governor>
            <dependent idx="56">,</dependent>
          </dep>
          <dep type="nsubj">
            <governor idx="58">had</governor>
            <dependent idx="57">I</dependent>
          </dep>
          <dep type="mark">
            <governor idx="60">send</governor>
            <dependent idx="59">to</dependent>
          </dep>
          <dep type="xcomp">
            <governor idx="58">had</governor>
            <dependent idx="60">send</dependent>
          </dep>
          <dep type="det">
            <governor idx="62">requests</governor>
            <dependent idx="61">some</dependent>
          </dep>
          <dep type="dobj">
            <governor idx="60">send</governor>
            <dependent idx="62">requests</dependent>
          </dep>
          <dep type="case">
            <governor idx="65">members</governor>
            <dependent idx="63">to</dependent>
          </dep>
          <dep type="amod">
            <governor idx="65">members</governor>
            <dependent idx="64">other</dependent>
          </dep>
          <dep type="nmod:to">
            <governor idx="60">send</governor>
            <dependent idx="65">members</dependent>
          </dep>
          <dep type="case">
            <governor idx="68">team</governor>
            <dependent idx="66">of</dependent>
          </dep>
          <dep type="det">
            <governor idx="68">team</governor>
            <dependent idx="67">the</dependent>
          </dep>
          <dep type="nmod:of">
            <governor idx="65">members</governor>
            <dependent idx="68">team</dependent>
          </dep>
          <dep type="mark">
            <governor idx="72">take</governor>
            <dependent idx="69">so</dependent>
          </dep>
          <dep type="nsubj">
            <governor idx="72">take</governor>
            <dependent idx="70">they</dependent>
          </dep>
          <dep type="aux">
            <governor idx="72">take</governor>
            <dependent idx="71">could</dependent>
          </dep>
          <dep type="advcl">
            <governor idx="58">had</governor>
            <dependent idx="72">take</dependent>
          </dep>
          <dep type="dobj">
            <governor idx="72">take</governor>
            <dependent idx="73">care</dependent>
          </dep>
          <dep type="case">
            <governor idx="75">them</governor>
            <dependent idx="74">of</dependent>
          </dep>
          <dep type="nmod:of">
            <governor idx="73">care</governor>
            <dependent idx="75">them</dependent>
          </dep>
          <dep type="punct">
            <governor idx="58">had</governor>
            <dependent idx="76">.</dependent>
          </dep>
        </dependencies>
        <dependencies type="collapsed-ccprocessed-dependencies">
          <dep type="root">
            <governor idx="0">ROOT</governor>
            <dependent idx="58">had</dependent>
          </dep>
          <dep type="nsubj">
            <governor idx="2">expected</governor>
            <dependent idx="1">I</dependent>
          </dep>
          <dep type="ccomp">
            <governor idx="58">had</governor>
            <dependent idx="2">expected</dependent>
          </dep>
          <dep type="mark">
            <governor idx="7">responsible</governor>
            <dependent idx="3">that</dependent>
          </dep>
          <dep type="nsubj">
            <governor idx="7">responsible</governor>
            <dependent idx="4">I</dependent>
          </dep>
          <dep type="cop">
            <governor idx="7">responsible</governor>
            <dependent idx="5">was</dependent>
          </dep>
          <dep type="advmod">
            <governor idx="7">responsible</governor>
            <dependent idx="6">only</dependent>
          </dep>
          <dep type="ccomp">
            <governor idx="2">expected</governor>
            <dependent idx="7">responsible</dependent>
          </dep>
          <dep type="case">
            <governor idx="10">tasks</governor>
            <dependent idx="8">for</dependent>
          </dep>
          <dep type="det">
            <governor idx="10">tasks</governor>
            <dependent idx="9">the</dependent>
          </dep>
          <dep type="nmod:for">
            <governor idx="7">responsible</governor>
            <dependent idx="10">tasks</dependent>
          </dep>
          <dep type="mark">
            <governor idx="15">trained</governor>
            <dependent idx="11">that</dependent>
          </dep>
          <dep type="nsubjpass">
            <governor idx="15">trained</governor>
            <dependent idx="12">I</dependent>
          </dep>
          <dep type="aux">
            <governor idx="15">trained</governor>
            <dependent idx="13">had</dependent>
          </dep>
          <dep type="auxpass">
            <governor idx="15">trained</governor>
            <dependent idx="14">been</dependent>
          </dep>
          <dep type="ccomp">
            <governor idx="7">responsible</governor>
            <dependent idx="15">trained</dependent>
          </dep>
          <dep type="case">
            <governor idx="17">however</governor>
            <dependent idx="16">in</dependent>
          </dep>
          <dep type="advcl:in">
            <governor idx="15">trained</governor>
            <dependent idx="17">however</dependent>
          </dep>
          <dep type="nsubj">
            <governor idx="20">happened</governor>
            <dependent idx="18">what</dependent>
          </dep>
          <dep type="advmod">
            <governor idx="20">happened</governor>
            <dependent idx="19">actually</dependent>
          </dep>
          <dep type="advcl">
            <governor idx="15">trained</governor>
            <dependent idx="20">happened</dependent>
          </dep>
          <dep type="cop">
            <governor idx="23">queue</governor>
            <dependent idx="21">was</dependent>
          </dep>
          <dep type="det">
            <governor idx="23">queue</governor>
            <dependent idx="22">the</dependent>
          </dep>
          <dep type="csubj">
            <governor idx="34">large</governor>
            <dependent idx="23">queue</dependent>
          </dep>
          <dep type="case">
            <governor idx="25">requests</governor>
            <dependent idx="24">of</dependent>
          </dep>
          <dep type="nmod:of">
            <governor idx="23">queue</governor>
            <dependent idx="25">requests</dependent>
          </dep>
          <dep type="case">
            <governor idx="30">system</governor>
            <dependent idx="26">in</dependent>
          </dep>
          <dep type="det">
            <governor idx="30">system</governor>
            <dependent idx="27">this</dependent>
          </dep>
          <dep type="amod">
            <governor idx="30">system</governor>
            <dependent idx="28">online</dependent>
          </dep>
          <dep type="compound">
            <governor idx="30">system</governor>
            <dependent idx="29">reporting</dependent>
          </dep>
          <dep type="nmod:in">
            <governor idx="25">requests</governor>
            <dependent idx="30">system</dependent>
          </dep>
          <dep type="cop">
            <governor idx="34">large</governor>
            <dependent idx="31">was</dependent>
          </dep>
          <dep type="advmod">
            <governor idx="34">large</governor>
            <dependent idx="32">far</dependent>
          </dep>
          <dep type="advmod">
            <governor idx="34">large</governor>
            <dependent idx="33">too</dependent>
          </dep>
          <dep type="ccomp">
            <governor idx="20">happened</governor>
            <dependent idx="34">large</dependent>
          </dep>
          <dep type="punct">
            <governor idx="20">happened</governor>
            <dependent idx="35">,</dependent>
          </dep>
          <dep type="dobj">
            <governor idx="44">trained</governor>
            <dependent idx="36">most</dependent>
          </dep>
          <dep type="case">
            <governor idx="39">requests</governor>
            <dependent idx="37">of</dependent>
          </dep>
          <dep type="det">
            <governor idx="39">requests</governor>
            <dependent idx="38">the</dependent>
          </dep>
          <dep type="nmod:of">
            <governor idx="36">most</governor>
            <dependent idx="39">requests</dependent>
          </dep>
          <dep type="nsubjpass">
            <governor idx="44">trained</governor>
            <dependent idx="40">I</dependent>
          </dep>
          <dep type="aux">
            <governor idx="44">trained</governor>
            <dependent idx="41">had</dependent>
          </dep>
          <dep type="neg">
            <governor idx="44">trained</governor>
            <dependent idx="42">not</dependent>
          </dep>
          <dep type="auxpass">
            <governor idx="44">trained</governor>
            <dependent idx="43">been</dependent>
          </dep>
          <dep type="advcl" extra="true">
            <governor idx="15">trained</governor>
            <dependent idx="44">trained</dependent>
          </dep>
          <dep type="conj:and">
            <governor idx="20">happened</governor>
            <dependent idx="44">trained</dependent>
          </dep>
          <dep type="advmod">
            <governor idx="47">handle</governor>
            <dependent idx="45">how</dependent>
          </dep>
          <dep type="mark">
            <governor idx="47">handle</governor>
            <dependent idx="46">to</dependent>
          </dep>
          <dep type="ccomp">
            <governor idx="44">trained</governor>
            <dependent idx="47">handle</dependent>
          </dep>
          <dep type="cc">
            <governor idx="20">happened</governor>
            <dependent idx="48">and</dependent>
          </dep>
          <dep type="mark">
            <governor idx="52">got</governor>
            <dependent idx="49">so</dependent>
          </dep>
          <dep type="det">
            <governor idx="51">situation</governor>
            <dependent idx="50">the</dependent>
          </dep>
          <dep type="nsubj">
            <governor idx="52">got</governor>
            <dependent idx="51">situation</dependent>
          </dep>
          <dep type="advcl" extra="true">
            <governor idx="15">trained</governor>
            <dependent idx="52">got</dependent>
          </dep>
          <dep type="conj:and">
            <governor idx="20">happened</governor>
            <dependent idx="52">got</dependent>
          </dep>
          <dep type="compound:prt">
            <governor idx="52">got</governor>
            <dependent idx="53">out</dependent>
          </dep>
          <dep type="case">
            <governor idx="55">hand</governor>
            <dependent idx="54">of</dependent>
          </dep>
          <dep type="nmod:of">
            <governor idx="52">got</governor>
            <dependent idx="55">hand</dependent>
          </dep>
          <dep type="punct">
            <governor idx="58">had</governor>
            <dependent idx="56">,</dependent>
          </dep>
          <dep type="nsubj">
            <governor idx="58">had</governor>
            <dependent idx="57">I</dependent>
          </dep>
          <dep type="mark">
            <governor idx="60">send</governor>
            <dependent idx="59">to</dependent>
          </dep>
          <dep type="xcomp">
            <governor idx="58">had</governor>
            <dependent idx="60">send</dependent>
          </dep>
          <dep type="det">
            <governor idx="62">requests</governor>
            <dependent idx="61">some</dependent>
          </dep>
          <dep type="dobj">
            <governor idx="60">send</governor>
            <dependent idx="62">requests</dependent>
          </dep>
          <dep type="case">
            <governor idx="65">members</governor>
            <dependent idx="63">to</dependent>
          </dep>
          <dep type="amod">
            <governor idx="65">members</governor>
            <dependent idx="64">other</dependent>
          </dep>
          <dep type="nmod:to">
            <governor idx="60">send</governor>
            <dependent idx="65">members</dependent>
          </dep>
          <dep type="case">
            <governor idx="68">team</governor>
            <dependent idx="66">of</dependent>
          </dep>
          <dep type="det">
            <governor idx="68">team</governor>
            <dependent idx="67">the</dependent>
          </dep>
          <dep type="nmod:of">
            <governor idx="65">members</governor>
            <dependent idx="68">team</dependent>
          </dep>
          <dep type="mark">
            <governor idx="72">take</governor>
            <dependent idx="69">so</dependent>
          </dep>
          <dep type="nsubj">
            <governor idx="72">take</governor>
            <dependent idx="70">they</dependent>
          </dep>
          <dep type="aux">
            <governor idx="72">take</governor>
            <dependent idx="71">could</dependent>
          </dep>
          <dep type="advcl">
            <governor idx="58">had</governor>
            <dependent idx="72">take</dependent>
          </dep>
          <dep type="dobj">
            <governor idx="72">take</governor>
            <dependent idx="73">care</dependent>
          </dep>
          <dep type="case">
            <governor idx="75">them</governor>
            <dependent idx="74">of</dependent>
          </dep>
          <dep type="nmod:of">
            <governor idx="73">care</governor>
            <dependent idx="75">them</dependent>
          </dep>
          <dep type="punct">
            <governor idx="58">had</governor>
            <dependent idx="76">.</dependent>
          </dep>
        </dependencies>
      </sentence>
      <sentence id="180">
        <tokens>
          <token id="1">
            <word>As</word>
            <lemma>as</lemma>
            <CharacterOffsetBegin>21903</CharacterOffsetBegin>
            <CharacterOffsetEnd>21905</CharacterOffsetEnd>
            <POS>IN</POS>
            <NER>O</NER>
            <Speaker>PER0</Speaker>
          </token>
          <token id="2">
            <word>a</word>
            <lemma>a</lemma>
            <CharacterOffsetBegin>21906</CharacterOffsetBegin>
            <CharacterOffsetEnd>21907</CharacterOffsetEnd>
            <POS>DT</POS>
            <NER>O</NER>
            <Speaker>PER0</Speaker>
          </token>
          <token id="3">
            <word>result</word>
            <lemma>result</lemma>
            <CharacterOffsetBegin>21908</CharacterOffsetBegin>
            <CharacterOffsetEnd>21914</CharacterOffsetEnd>
            <POS>NN</POS>
            <NER>O</NER>
            <Speaker>PER0</Speaker>
          </token>
          <token id="4">
            <word>the</word>
            <lemma>the</lemma>
            <CharacterOffsetBegin>21915</CharacterOffsetBegin>
            <CharacterOffsetEnd>21918</CharacterOffsetEnd>
            <POS>DT</POS>
            <NER>O</NER>
            <Speaker>PER0</Speaker>
          </token>
          <token id="5">
            <word>team</word>
            <lemma>team</lemma>
            <CharacterOffsetBegin>21919</CharacterOffsetBegin>
            <CharacterOffsetEnd>21923</CharacterOffsetEnd>
            <POS>NN</POS>
            <NER>O</NER>
            <Speaker>PER0</Speaker>
          </token>
          <token id="6">
            <word>was</word>
            <lemma>be</lemma>
            <CharacterOffsetBegin>21924</CharacterOffsetBegin>
            <CharacterOffsetEnd>21927</CharacterOffsetEnd>
            <POS>VBD</POS>
            <NER>O</NER>
            <Speaker>PER0</Speaker>
          </token>
          <token id="7">
            <word>juggling</word>
            <lemma>juggle</lemma>
            <CharacterOffsetBegin>21928</CharacterOffsetBegin>
            <CharacterOffsetEnd>21936</CharacterOffsetEnd>
            <POS>VBG</POS>
            <NER>O</NER>
            <Speaker>PER0</Speaker>
          </token>
          <token id="8">
            <word>too</word>
            <lemma>too</lemma>
            <CharacterOffsetBegin>21937</CharacterOffsetBegin>
            <CharacterOffsetEnd>21940</CharacterOffsetEnd>
            <POS>RB</POS>
            <NER>O</NER>
            <Speaker>PER0</Speaker>
          </token>
          <token id="9">
            <word>many</word>
            <lemma>many</lemma>
            <CharacterOffsetBegin>21941</CharacterOffsetBegin>
            <CharacterOffsetEnd>21945</CharacterOffsetEnd>
            <POS>JJ</POS>
            <NER>O</NER>
            <Speaker>PER0</Speaker>
          </token>
          <token id="10">
            <word>tasks</word>
            <lemma>task</lemma>
            <CharacterOffsetBegin>21946</CharacterOffsetBegin>
            <CharacterOffsetEnd>21951</CharacterOffsetEnd>
            <POS>NNS</POS>
            <NER>O</NER>
            <Speaker>PER0</Speaker>
          </token>
          <token id="11">
            <word>on</word>
            <lemma>on</lemma>
            <CharacterOffsetBegin>21952</CharacterOffsetBegin>
            <CharacterOffsetEnd>21954</CharacterOffsetEnd>
            <POS>IN</POS>
            <NER>O</NER>
            <Speaker>PER0</Speaker>
          </token>
          <token id="12">
            <word>top</word>
            <lemma>top</lemma>
            <CharacterOffsetBegin>21955</CharacterOffsetBegin>
            <CharacterOffsetEnd>21958</CharacterOffsetEnd>
            <POS>NN</POS>
            <NER>O</NER>
            <Speaker>PER0</Speaker>
          </token>
          <token id="13">
            <word>of</word>
            <lemma>of</lemma>
            <CharacterOffsetBegin>21959</CharacterOffsetBegin>
            <CharacterOffsetEnd>21961</CharacterOffsetEnd>
            <POS>IN</POS>
            <NER>O</NER>
            <Speaker>PER0</Speaker>
          </token>
          <token id="14">
            <word>their</word>
            <lemma>they</lemma>
            <CharacterOffsetBegin>21962</CharacterOffsetBegin>
            <CharacterOffsetEnd>21967</CharacterOffsetEnd>
            <POS>PRP$</POS>
            <NER>O</NER>
            <Speaker>PER0</Speaker>
          </token>
          <token id="15">
            <word>own</word>
            <lemma>own</lemma>
            <CharacterOffsetBegin>21968</CharacterOffsetBegin>
            <CharacterOffsetEnd>21971</CharacterOffsetEnd>
            <POS>JJ</POS>
            <NER>O</NER>
            <Speaker>PER0</Speaker>
          </token>
          <token id="16">
            <word>,</word>
            <lemma>,</lemma>
            <CharacterOffsetBegin>21971</CharacterOffsetBegin>
            <CharacterOffsetEnd>21972</CharacterOffsetEnd>
            <POS>,</POS>
            <NER>O</NER>
            <Speaker>PER0</Speaker>
          </token>
          <token id="17">
            <word>some</word>
            <lemma>some</lemma>
            <CharacterOffsetBegin>21973</CharacterOffsetBegin>
            <CharacterOffsetEnd>21977</CharacterOffsetEnd>
            <POS>DT</POS>
            <NER>O</NER>
            <Speaker>PER0</Speaker>
          </token>
          <token id="18">
            <word>engineers</word>
            <lemma>engineer</lemma>
            <CharacterOffsetBegin>21978</CharacterOffsetBegin>
            <CharacterOffsetEnd>21987</CharacterOffsetEnd>
            <POS>NNS</POS>
            <NER>O</NER>
            <Speaker>PER0</Speaker>
          </token>
          <token id="19">
            <word>called</word>
            <lemma>call</lemma>
            <CharacterOffsetBegin>21988</CharacterOffsetBegin>
            <CharacterOffsetEnd>21994</CharacterOffsetEnd>
            <POS>VBN</POS>
            <NER>O</NER>
            <Speaker>PER0</Speaker>
          </token>
          <token id="20">
            <word>in</word>
            <lemma>in</lemma>
            <CharacterOffsetBegin>21995</CharacterOffsetBegin>
            <CharacterOffsetEnd>21997</CharacterOffsetEnd>
            <POS>IN</POS>
            <NER>O</NER>
            <Speaker>PER0</Speaker>
          </token>
          <token id="21">
            <word>to</word>
            <lemma>to</lemma>
            <CharacterOffsetBegin>21998</CharacterOffsetBegin>
            <CharacterOffsetEnd>22000</CharacterOffsetEnd>
            <POS>TO</POS>
            <NER>O</NER>
            <Speaker>PER0</Speaker>
          </token>
          <token id="22">
            <word>complain</word>
            <lemma>complain</lemma>
            <CharacterOffsetBegin>22001</CharacterOffsetBegin>
            <CharacterOffsetEnd>22009</CharacterOffsetEnd>
            <POS>VB</POS>
            <NER>O</NER>
            <Speaker>PER0</Speaker>
          </token>
          <token id="23">
            <word>that</word>
            <lemma>that</lemma>
            <CharacterOffsetBegin>22010</CharacterOffsetBegin>
            <CharacterOffsetEnd>22014</CharacterOffsetEnd>
            <POS>IN</POS>
            <NER>O</NER>
            <Speaker>PER0</Speaker>
          </token>
          <token id="24">
            <word>their</word>
            <lemma>they</lemma>
            <CharacterOffsetBegin>22015</CharacterOffsetBegin>
            <CharacterOffsetEnd>22020</CharacterOffsetEnd>
            <POS>PRP$</POS>
            <NER>O</NER>
            <Speaker>PER0</Speaker>
          </token>
          <token id="25">
            <word>high</word>
            <lemma>high</lemma>
            <CharacterOffsetBegin>22021</CharacterOffsetBegin>
            <CharacterOffsetEnd>22025</CharacterOffsetEnd>
            <POS>JJ</POS>
            <NER>O</NER>
            <Speaker>PER0</Speaker>
          </token>
          <token id="26">
            <word>priority</word>
            <lemma>priority</lemma>
            <CharacterOffsetBegin>22026</CharacterOffsetBegin>
            <CharacterOffsetEnd>22034</CharacterOffsetEnd>
            <POS>NN</POS>
            <NER>O</NER>
            <Speaker>PER0</Speaker>
          </token>
          <token id="27">
            <word>requests</word>
            <lemma>request</lemma>
            <CharacterOffsetBegin>22035</CharacterOffsetBegin>
            <CharacterOffsetEnd>22043</CharacterOffsetEnd>
            <POS>NNS</POS>
            <NER>O</NER>
            <Speaker>PER0</Speaker>
          </token>
          <token id="28">
            <word>were</word>
            <lemma>be</lemma>
            <CharacterOffsetBegin>22044</CharacterOffsetBegin>
            <CharacterOffsetEnd>22048</CharacterOffsetEnd>
            <POS>VBD</POS>
            <NER>O</NER>
            <Speaker>PER0</Speaker>
          </token>
          <token id="29">
            <word>taking</word>
            <lemma>take</lemma>
            <CharacterOffsetBegin>22049</CharacterOffsetBegin>
            <CharacterOffsetEnd>22055</CharacterOffsetEnd>
            <POS>VBG</POS>
            <NER>O</NER>
            <Speaker>PER0</Speaker>
          </token>
          <token id="30">
            <word>too</word>
            <lemma>too</lemma>
            <CharacterOffsetBegin>22056</CharacterOffsetBegin>
            <CharacterOffsetEnd>22059</CharacterOffsetEnd>
            <POS>RB</POS>
            <NER>O</NER>
            <Speaker>PER0</Speaker>
          </token>
          <token id="31">
            <word>long</word>
            <lemma>long</lemma>
            <CharacterOffsetBegin>22060</CharacterOffsetBegin>
            <CharacterOffsetEnd>22064</CharacterOffsetEnd>
            <POS>RB</POS>
            <NER>O</NER>
            <Speaker>PER0</Speaker>
          </token>
          <token id="32">
            <word>to</word>
            <lemma>to</lemma>
            <CharacterOffsetBegin>22065</CharacterOffsetBegin>
            <CharacterOffsetEnd>22067</CharacterOffsetEnd>
            <POS>TO</POS>
            <NER>O</NER>
            <Speaker>PER0</Speaker>
          </token>
          <token id="33">
            <word>complete</word>
            <lemma>complete</lemma>
            <CharacterOffsetBegin>22068</CharacterOffsetBegin>
            <CharacterOffsetEnd>22076</CharacterOffsetEnd>
            <POS>VB</POS>
            <NER>O</NER>
            <Speaker>PER0</Speaker>
          </token>
          <token id="34">
            <word>.</word>
            <lemma>.</lemma>
            <CharacterOffsetBegin>22076</CharacterOffsetBegin>
            <CharacterOffsetEnd>22077</CharacterOffsetEnd>
            <POS>.</POS>
            <NER>O</NER>
            <Speaker>PER0</Speaker>
          </token>
        </tokens>
        <parse>(ROOT (S (PP (IN As) (NP (DT a) (NN result))) (NP (DT the) (NN team)) (VP (VBD was) (VP (VBG juggling) (NP (RB too) (JJ many) (NNS tasks)) (PP (IN on) (NP (NP (NN top)) (PP (IN of) (NP (PRP$ their) (JJ own))))) (, ,) (NP (NP (DT some) (NNS engineers)) (VP (VBN called) (PP (IN in)) (S (VP (TO to) (VP (VB complain) (SBAR (IN that) (S (NP (PRP$ their) (JJ high) (NN priority) (NNS requests)) (VP (VBD were) (VP (VBG taking) (ADVP (RB too) (RB long)) (S (VP (TO to) (VP (VB complete))))))))))))))) (. .))) </parse>
        <dependencies type="basic-dependencies">
          <dep type="root">
            <governor idx="0">ROOT</governor>
            <dependent idx="7">juggling</dependent>
          </dep>
          <dep type="case">
            <governor idx="3">result</governor>
            <dependent idx="1">As</dependent>
          </dep>
          <dep type="det">
            <governor idx="3">result</governor>
            <dependent idx="2">a</dependent>
          </dep>
          <dep type="nmod">
            <governor idx="7">juggling</governor>
            <dependent idx="3">result</dependent>
          </dep>
          <dep type="det">
            <governor idx="5">team</governor>
            <dependent idx="4">the</dependent>
          </dep>
          <dep type="nsubj">
            <governor idx="7">juggling</governor>
            <dependent idx="5">team</dependent>
          </dep>
          <dep type="aux">
            <governor idx="7">juggling</governor>
            <dependent idx="6">was</dependent>
          </dep>
          <dep type="advmod">
            <governor idx="10">tasks</governor>
            <dependent idx="8">too</dependent>
          </dep>
          <dep type="amod">
            <governor idx="10">tasks</governor>
            <dependent idx="9">many</dependent>
          </dep>
          <dep type="dobj">
            <governor idx="7">juggling</governor>
            <dependent idx="10">tasks</dependent>
          </dep>
          <dep type="case">
            <governor idx="12">top</governor>
            <dependent idx="11">on</dependent>
          </dep>
          <dep type="nmod">
            <governor idx="7">juggling</governor>
            <dependent idx="12">top</dependent>
          </dep>
          <dep type="case">
            <governor idx="15">own</governor>
            <dependent idx="13">of</dependent>
          </dep>
          <dep type="nmod:poss">
            <governor idx="15">own</governor>
            <dependent idx="14">their</dependent>
          </dep>
          <dep type="nmod">
            <governor idx="12">top</governor>
            <dependent idx="15">own</dependent>
          </dep>
          <dep type="punct">
            <governor idx="7">juggling</governor>
            <dependent idx="16">,</dependent>
          </dep>
          <dep type="det">
            <governor idx="18">engineers</governor>
            <dependent idx="17">some</dependent>
          </dep>
          <dep type="dobj">
            <governor idx="7">juggling</governor>
            <dependent idx="18">engineers</dependent>
          </dep>
          <dep type="acl">
            <governor idx="18">engineers</governor>
            <dependent idx="19">called</dependent>
          </dep>
          <dep type="nmod">
            <governor idx="19">called</governor>
            <dependent idx="20">in</dependent>
          </dep>
          <dep type="mark">
            <governor idx="22">complain</governor>
            <dependent idx="21">to</dependent>
          </dep>
          <dep type="xcomp">
            <governor idx="19">called</governor>
            <dependent idx="22">complain</dependent>
          </dep>
          <dep type="mark">
            <governor idx="29">taking</governor>
            <dependent idx="23">that</dependent>
          </dep>
          <dep type="nmod:poss">
            <governor idx="27">requests</governor>
            <dependent idx="24">their</dependent>
          </dep>
          <dep type="amod">
            <governor idx="27">requests</governor>
            <dependent idx="25">high</dependent>
          </dep>
          <dep type="compound">
            <governor idx="27">requests</governor>
            <dependent idx="26">priority</dependent>
          </dep>
          <dep type="nsubj">
            <governor idx="29">taking</governor>
            <dependent idx="27">requests</dependent>
          </dep>
          <dep type="aux">
            <governor idx="29">taking</governor>
            <dependent idx="28">were</dependent>
          </dep>
          <dep type="ccomp">
            <governor idx="22">complain</governor>
            <dependent idx="29">taking</dependent>
          </dep>
          <dep type="advmod">
            <governor idx="31">long</governor>
            <dependent idx="30">too</dependent>
          </dep>
          <dep type="advmod">
            <governor idx="29">taking</governor>
            <dependent idx="31">long</dependent>
          </dep>
          <dep type="mark">
            <governor idx="33">complete</governor>
            <dependent idx="32">to</dependent>
          </dep>
          <dep type="xcomp">
            <governor idx="29">taking</governor>
            <dependent idx="33">complete</dependent>
          </dep>
          <dep type="punct">
            <governor idx="7">juggling</governor>
            <dependent idx="34">.</dependent>
          </dep>
        </dependencies>
        <dependencies type="collapsed-dependencies">
          <dep type="root">
            <governor idx="0">ROOT</governor>
            <dependent idx="7">juggling</dependent>
          </dep>
          <dep type="case">
            <governor idx="3">result</governor>
            <dependent idx="1">As</dependent>
          </dep>
          <dep type="det">
            <governor idx="3">result</governor>
            <dependent idx="2">a</dependent>
          </dep>
          <dep type="nmod:as">
            <governor idx="7">juggling</governor>
            <dependent idx="3">result</dependent>
          </dep>
          <dep type="det">
            <governor idx="5">team</governor>
            <dependent idx="4">the</dependent>
          </dep>
          <dep type="nsubj">
            <governor idx="7">juggling</governor>
            <dependent idx="5">team</dependent>
          </dep>
          <dep type="aux">
            <governor idx="7">juggling</governor>
            <dependent idx="6">was</dependent>
          </dep>
          <dep type="advmod">
            <governor idx="10">tasks</governor>
            <dependent idx="8">too</dependent>
          </dep>
          <dep type="amod">
            <governor idx="10">tasks</governor>
            <dependent idx="9">many</dependent>
          </dep>
          <dep type="dobj">
            <governor idx="7">juggling</governor>
            <dependent idx="10">tasks</dependent>
          </dep>
          <dep type="case">
            <governor idx="15">own</governor>
            <dependent idx="11">on</dependent>
          </dep>
          <dep type="mwe">
            <governor idx="11">on</governor>
            <dependent idx="12">top</dependent>
          </dep>
          <dep type="mwe">
            <governor idx="11">on</governor>
            <dependent idx="13">of</dependent>
          </dep>
          <dep type="nmod:poss">
            <governor idx="15">own</governor>
            <dependent idx="14">their</dependent>
          </dep>
          <dep type="nmod:on_top_of">
            <governor idx="7">juggling</governor>
            <dependent idx="15">own</dependent>
          </dep>
          <dep type="punct">
            <governor idx="7">juggling</governor>
            <dependent idx="16">,</dependent>
          </dep>
          <dep type="det">
            <governor idx="18">engineers</governor>
            <dependent idx="17">some</dependent>
          </dep>
          <dep type="dobj">
            <governor idx="7">juggling</governor>
            <dependent idx="18">engineers</dependent>
          </dep>
          <dep type="acl">
            <governor idx="18">engineers</governor>
            <dependent idx="19">called</dependent>
          </dep>
          <dep type="nmod">
            <governor idx="19">called</governor>
            <dependent idx="20">in</dependent>
          </dep>
          <dep type="mark">
            <governor idx="22">complain</governor>
            <dependent idx="21">to</dependent>
          </dep>
          <dep type="xcomp">
            <governor idx="19">called</governor>
            <dependent idx="22">complain</dependent>
          </dep>
          <dep type="mark">
            <governor idx="29">taking</governor>
            <dependent idx="23">that</dependent>
          </dep>
          <dep type="nmod:poss">
            <governor idx="27">requests</governor>
            <dependent idx="24">their</dependent>
          </dep>
          <dep type="amod">
            <governor idx="27">requests</governor>
            <dependent idx="25">high</dependent>
          </dep>
          <dep type="compound">
            <governor idx="27">requests</governor>
            <dependent idx="26">priority</dependent>
          </dep>
          <dep type="nsubj">
            <governor idx="29">taking</governor>
            <dependent idx="27">requests</dependent>
          </dep>
          <dep type="aux">
            <governor idx="29">taking</governor>
            <dependent idx="28">were</dependent>
          </dep>
          <dep type="ccomp">
            <governor idx="22">complain</governor>
            <dependent idx="29">taking</dependent>
          </dep>
          <dep type="advmod">
            <governor idx="31">long</governor>
            <dependent idx="30">too</dependent>
          </dep>
          <dep type="advmod">
            <governor idx="29">taking</governor>
            <dependent idx="31">long</dependent>
          </dep>
          <dep type="mark">
            <governor idx="33">complete</governor>
            <dependent idx="32">to</dependent>
          </dep>
          <dep type="xcomp">
            <governor idx="29">taking</governor>
            <dependent idx="33">complete</dependent>
          </dep>
          <dep type="punct">
            <governor idx="7">juggling</governor>
            <dependent idx="34">.</dependent>
          </dep>
        </dependencies>
        <dependencies type="collapsed-ccprocessed-dependencies">
          <dep type="root">
            <governor idx="0">ROOT</governor>
            <dependent idx="7">juggling</dependent>
          </dep>
          <dep type="case">
            <governor idx="3">result</governor>
            <dependent idx="1">As</dependent>
          </dep>
          <dep type="det">
            <governor idx="3">result</governor>
            <dependent idx="2">a</dependent>
          </dep>
          <dep type="nmod:as">
            <governor idx="7">juggling</governor>
            <dependent idx="3">result</dependent>
          </dep>
          <dep type="det">
            <governor idx="5">team</governor>
            <dependent idx="4">the</dependent>
          </dep>
          <dep type="nsubj">
            <governor idx="7">juggling</governor>
            <dependent idx="5">team</dependent>
          </dep>
          <dep type="aux">
            <governor idx="7">juggling</governor>
            <dependent idx="6">was</dependent>
          </dep>
          <dep type="advmod">
            <governor idx="10">tasks</governor>
            <dependent idx="8">too</dependent>
          </dep>
          <dep type="amod">
            <governor idx="10">tasks</governor>
            <dependent idx="9">many</dependent>
          </dep>
          <dep type="dobj">
            <governor idx="7">juggling</governor>
            <dependent idx="10">tasks</dependent>
          </dep>
          <dep type="case">
            <governor idx="15">own</governor>
            <dependent idx="11">on</dependent>
          </dep>
          <dep type="mwe">
            <governor idx="11">on</governor>
            <dependent idx="12">top</dependent>
          </dep>
          <dep type="mwe">
            <governor idx="11">on</governor>
            <dependent idx="13">of</dependent>
          </dep>
          <dep type="nmod:poss">
            <governor idx="15">own</governor>
            <dependent idx="14">their</dependent>
          </dep>
          <dep type="nmod:on_top_of">
            <governor idx="7">juggling</governor>
            <dependent idx="15">own</dependent>
          </dep>
          <dep type="punct">
            <governor idx="7">juggling</governor>
            <dependent idx="16">,</dependent>
          </dep>
          <dep type="det">
            <governor idx="18">engineers</governor>
            <dependent idx="17">some</dependent>
          </dep>
          <dep type="dobj">
            <governor idx="7">juggling</governor>
            <dependent idx="18">engineers</dependent>
          </dep>
          <dep type="acl">
            <governor idx="18">engineers</governor>
            <dependent idx="19">called</dependent>
          </dep>
          <dep type="nmod">
            <governor idx="19">called</governor>
            <dependent idx="20">in</dependent>
          </dep>
          <dep type="mark">
            <governor idx="22">complain</governor>
            <dependent idx="21">to</dependent>
          </dep>
          <dep type="xcomp">
            <governor idx="19">called</governor>
            <dependent idx="22">complain</dependent>
          </dep>
          <dep type="mark">
            <governor idx="29">taking</governor>
            <dependent idx="23">that</dependent>
          </dep>
          <dep type="nmod:poss">
            <governor idx="27">requests</governor>
            <dependent idx="24">their</dependent>
          </dep>
          <dep type="amod">
            <governor idx="27">requests</governor>
            <dependent idx="25">high</dependent>
          </dep>
          <dep type="compound">
            <governor idx="27">requests</governor>
            <dependent idx="26">priority</dependent>
          </dep>
          <dep type="nsubj">
            <governor idx="29">taking</governor>
            <dependent idx="27">requests</dependent>
          </dep>
          <dep type="aux">
            <governor idx="29">taking</governor>
            <dependent idx="28">were</dependent>
          </dep>
          <dep type="ccomp">
            <governor idx="22">complain</governor>
            <dependent idx="29">taking</dependent>
          </dep>
          <dep type="advmod">
            <governor idx="31">long</governor>
            <dependent idx="30">too</dependent>
          </dep>
          <dep type="advmod">
            <governor idx="29">taking</governor>
            <dependent idx="31">long</dependent>
          </dep>
          <dep type="mark">
            <governor idx="33">complete</governor>
            <dependent idx="32">to</dependent>
          </dep>
          <dep type="xcomp">
            <governor idx="29">taking</governor>
            <dependent idx="33">complete</dependent>
          </dep>
          <dep type="punct">
            <governor idx="7">juggling</governor>
            <dependent idx="34">.</dependent>
          </dep>
        </dependencies>
      </sentence>
      <sentence id="181">
        <tokens>
          <token id="1">
            <word>The</word>
            <lemma>the</lemma>
            <CharacterOffsetBegin>22080</CharacterOffsetBegin>
            <CharacterOffsetEnd>22083</CharacterOffsetEnd>
            <POS>DT</POS>
            <NER>O</NER>
            <Speaker>PER0</Speaker>
          </token>
          <token id="2">
            <word>main</word>
            <lemma>main</lemma>
            <CharacterOffsetBegin>22084</CharacterOffsetBegin>
            <CharacterOffsetEnd>22088</CharacterOffsetEnd>
            <POS>JJ</POS>
            <NER>O</NER>
            <Speaker>PER0</Speaker>
          </token>
          <token id="3">
            <word>reason</word>
            <lemma>reason</lemma>
            <CharacterOffsetBegin>22089</CharacterOffsetBegin>
            <CharacterOffsetEnd>22095</CharacterOffsetEnd>
            <POS>NN</POS>
            <NER>O</NER>
            <Speaker>PER0</Speaker>
          </token>
          <token id="4">
            <word>this</word>
            <lemma>this</lemma>
            <CharacterOffsetBegin>22096</CharacterOffsetBegin>
            <CharacterOffsetEnd>22100</CharacterOffsetEnd>
            <POS>DT</POS>
            <NER>O</NER>
            <Speaker>PER0</Speaker>
          </token>
          <token id="5">
            <word>situation</word>
            <lemma>situation</lemma>
            <CharacterOffsetBegin>22101</CharacterOffsetBegin>
            <CharacterOffsetEnd>22110</CharacterOffsetEnd>
            <POS>NN</POS>
            <NER>O</NER>
            <Speaker>PER0</Speaker>
          </token>
          <token id="6">
            <word>got</word>
            <lemma>get</lemma>
            <CharacterOffsetBegin>22111</CharacterOffsetBegin>
            <CharacterOffsetEnd>22114</CharacterOffsetEnd>
            <POS>VBD</POS>
            <NER>O</NER>
            <Speaker>PER0</Speaker>
          </token>
          <token id="7">
            <word>so</word>
            <lemma>so</lemma>
            <CharacterOffsetBegin>22115</CharacterOffsetBegin>
            <CharacterOffsetEnd>22117</CharacterOffsetEnd>
            <POS>RB</POS>
            <NER>O</NER>
            <Speaker>PER0</Speaker>
          </token>
          <token id="8">
            <word>out</word>
            <lemma>out</lemma>
            <CharacterOffsetBegin>22118</CharacterOffsetBegin>
            <CharacterOffsetEnd>22121</CharacterOffsetEnd>
            <POS>IN</POS>
            <NER>O</NER>
            <Speaker>PER0</Speaker>
          </token>
          <token id="9">
            <word>of</word>
            <lemma>of</lemma>
            <CharacterOffsetBegin>22122</CharacterOffsetBegin>
            <CharacterOffsetEnd>22124</CharacterOffsetEnd>
            <POS>IN</POS>
            <NER>O</NER>
            <Speaker>PER0</Speaker>
          </token>
          <token id="10">
            <word>hand</word>
            <lemma>hand</lemma>
            <CharacterOffsetBegin>22125</CharacterOffsetBegin>
            <CharacterOffsetEnd>22129</CharacterOffsetEnd>
            <POS>NN</POS>
            <NER>O</NER>
            <Speaker>PER0</Speaker>
          </token>
          <token id="11">
            <word>was</word>
            <lemma>be</lemma>
            <CharacterOffsetBegin>22130</CharacterOffsetBegin>
            <CharacterOffsetEnd>22133</CharacterOffsetEnd>
            <POS>VBD</POS>
            <NER>O</NER>
            <Speaker>PER0</Speaker>
          </token>
          <token id="12">
            <word>because</word>
            <lemma>because</lemma>
            <CharacterOffsetBegin>22134</CharacterOffsetBegin>
            <CharacterOffsetEnd>22141</CharacterOffsetEnd>
            <POS>IN</POS>
            <NER>O</NER>
            <Speaker>PER0</Speaker>
          </token>
          <token id="13">
            <word>half</word>
            <lemma>half</lemma>
            <CharacterOffsetBegin>22142</CharacterOffsetBegin>
            <CharacterOffsetEnd>22146</CharacterOffsetEnd>
            <POS>PDT</POS>
            <NER>O</NER>
            <Speaker>PER0</Speaker>
          </token>
          <token id="14">
            <word>the</word>
            <lemma>the</lemma>
            <CharacterOffsetBegin>22147</CharacterOffsetBegin>
            <CharacterOffsetEnd>22150</CharacterOffsetEnd>
            <POS>DT</POS>
            <NER>O</NER>
            <Speaker>PER0</Speaker>
          </token>
          <token id="15">
            <word>team</word>
            <lemma>team</lemma>
            <CharacterOffsetBegin>22151</CharacterOffsetBegin>
            <CharacterOffsetEnd>22155</CharacterOffsetEnd>
            <POS>NN</POS>
            <NER>O</NER>
            <Speaker>PER0</Speaker>
          </token>
          <token id="16">
            <word>was</word>
            <lemma>be</lemma>
            <CharacterOffsetBegin>22156</CharacterOffsetBegin>
            <CharacterOffsetEnd>22159</CharacterOffsetEnd>
            <POS>VBD</POS>
            <NER>O</NER>
            <Speaker>PER0</Speaker>
          </token>
          <token id="17">
            <word>on</word>
            <lemma>on</lemma>
            <CharacterOffsetBegin>22160</CharacterOffsetBegin>
            <CharacterOffsetEnd>22162</CharacterOffsetEnd>
            <POS>IN</POS>
            <NER>O</NER>
            <Speaker>PER0</Speaker>
          </token>
          <token id="18">
            <word>training</word>
            <lemma>training</lemma>
            <CharacterOffsetBegin>22163</CharacterOffsetBegin>
            <CharacterOffsetEnd>22171</CharacterOffsetEnd>
            <POS>NN</POS>
            <NER>O</NER>
            <Speaker>PER0</Speaker>
          </token>
          <token id="19">
            <word>and</word>
            <lemma>and</lemma>
            <CharacterOffsetBegin>22172</CharacterOffsetBegin>
            <CharacterOffsetEnd>22175</CharacterOffsetEnd>
            <POS>CC</POS>
            <NER>O</NER>
            <Speaker>PER0</Speaker>
          </token>
          <token id="20">
            <word>I</word>
            <lemma>I</lemma>
            <CharacterOffsetBegin>22176</CharacterOffsetBegin>
            <CharacterOffsetEnd>22177</CharacterOffsetEnd>
            <POS>PRP</POS>
            <NER>O</NER>
            <Speaker>PER0</Speaker>
          </token>
          <token id="21">
            <word>was</word>
            <lemma>be</lemma>
            <CharacterOffsetBegin>22178</CharacterOffsetBegin>
            <CharacterOffsetEnd>22181</CharacterOffsetEnd>
            <POS>VBD</POS>
            <NER>O</NER>
            <Speaker>PER0</Speaker>
          </token>
          <token id="22">
            <word>the</word>
            <lemma>the</lemma>
            <CharacterOffsetBegin>22182</CharacterOffsetBegin>
            <CharacterOffsetEnd>22185</CharacterOffsetEnd>
            <POS>DT</POS>
            <NER>O</NER>
            <Speaker>PER0</Speaker>
          </token>
          <token id="23">
            <word>sole</word>
            <lemma>sole</lemma>
            <CharacterOffsetBegin>22186</CharacterOffsetBegin>
            <CharacterOffsetEnd>22190</CharacterOffsetEnd>
            <POS>JJ</POS>
            <NER>O</NER>
            <Speaker>PER0</Speaker>
          </token>
          <token id="24">
            <word>person</word>
            <lemma>person</lemma>
            <CharacterOffsetBegin>22191</CharacterOffsetBegin>
            <CharacterOffsetEnd>22197</CharacterOffsetEnd>
            <POS>NN</POS>
            <NER>O</NER>
            <Speaker>PER0</Speaker>
          </token>
          <token id="25">
            <word>responsible</word>
            <lemma>responsible</lemma>
            <CharacterOffsetBegin>22198</CharacterOffsetBegin>
            <CharacterOffsetEnd>22209</CharacterOffsetEnd>
            <POS>JJ</POS>
            <NER>O</NER>
            <Speaker>PER0</Speaker>
          </token>
          <token id="26">
            <word>for</word>
            <lemma>for</lemma>
            <CharacterOffsetBegin>22210</CharacterOffsetBegin>
            <CharacterOffsetEnd>22213</CharacterOffsetEnd>
            <POS>IN</POS>
            <NER>O</NER>
            <Speaker>PER0</Speaker>
          </token>
          <token id="27">
            <word>answering</word>
            <lemma>answer</lemma>
            <CharacterOffsetBegin>22214</CharacterOffsetBegin>
            <CharacterOffsetEnd>22223</CharacterOffsetEnd>
            <POS>VBG</POS>
            <NER>O</NER>
            <Speaker>PER0</Speaker>
          </token>
          <token id="28">
            <word>the</word>
            <lemma>the</lemma>
            <CharacterOffsetBegin>22224</CharacterOffsetBegin>
            <CharacterOffsetEnd>22227</CharacterOffsetEnd>
            <POS>DT</POS>
            <NER>O</NER>
            <Speaker>PER0</Speaker>
          </token>
          <token id="29">
            <word>engineers</word>
            <lemma>engineer</lemma>
            <CharacterOffsetBegin>22228</CharacterOffsetBegin>
            <CharacterOffsetEnd>22237</CharacterOffsetEnd>
            <POS>NNS</POS>
            <NER>O</NER>
            <Speaker>PER0</Speaker>
          </token>
          <token id="30">
            <word>'</word>
            <lemma>'</lemma>
            <CharacterOffsetBegin>22237</CharacterOffsetBegin>
            <CharacterOffsetEnd>22238</CharacterOffsetEnd>
            <POS>POS</POS>
            <NER>O</NER>
            <Speaker>PER0</Speaker>
          </token>
          <token id="31">
            <word>online</word>
            <lemma>online</lemma>
            <CharacterOffsetBegin>22239</CharacterOffsetBegin>
            <CharacterOffsetEnd>22245</CharacterOffsetEnd>
            <POS>JJ</POS>
            <NER>O</NER>
            <Speaker>PER0</Speaker>
          </token>
          <token id="32">
            <word>requests</word>
            <lemma>request</lemma>
            <CharacterOffsetBegin>22246</CharacterOffsetBegin>
            <CharacterOffsetEnd>22254</CharacterOffsetEnd>
            <POS>NNS</POS>
            <NER>O</NER>
            <Speaker>PER0</Speaker>
          </token>
          <token id="33">
            <word>.</word>
            <lemma>.</lemma>
            <CharacterOffsetBegin>22254</CharacterOffsetBegin>
            <CharacterOffsetEnd>22255</CharacterOffsetEnd>
            <POS>.</POS>
            <NER>O</NER>
            <Speaker>PER0</Speaker>
          </token>
        </tokens>
        <parse>(ROOT (S (NP (NP (DT The) (JJ main) (NN reason)) (SBAR (S (NP (DT this) (NN situation)) (VP (VBD got) (ADVP (RB so) (IN out)) (PP (IN of) (NP (NN hand))))))) (VP (VBD was) (SBAR (IN because) (S (S (NP (PDT half) (DT the) (NN team)) (VP (VBD was) (PP (IN on) (NP (NN training))))) (CC and) (S (NP (PRP I)) (VP (VBD was) (NP (NP (DT the) (JJ sole) (NN person)) (ADJP (JJ responsible) (PP (IN for) (S (VP (VBG answering) (NP (NP (DT the) (NNS engineers) (POS ')) (JJ online) (NNS requests)))))))))))) (. .))) </parse>
        <dependencies type="basic-dependencies">
          <dep type="root">
            <governor idx="0">ROOT</governor>
            <dependent idx="11">was</dependent>
          </dep>
          <dep type="det">
            <governor idx="3">reason</governor>
            <dependent idx="1">The</dependent>
          </dep>
          <dep type="amod">
            <governor idx="3">reason</governor>
            <dependent idx="2">main</dependent>
          </dep>
          <dep type="nsubj">
            <governor idx="11">was</governor>
            <dependent idx="3">reason</dependent>
          </dep>
          <dep type="det">
            <governor idx="5">situation</governor>
            <dependent idx="4">this</dependent>
          </dep>
          <dep type="nsubj">
            <governor idx="6">got</governor>
            <dependent idx="5">situation</dependent>
          </dep>
          <dep type="acl:relcl">
            <governor idx="3">reason</governor>
            <dependent idx="6">got</dependent>
          </dep>
          <dep type="advmod">
            <governor idx="6">got</governor>
            <dependent idx="7">so</dependent>
          </dep>
          <dep type="case">
            <governor idx="7">so</governor>
            <dependent idx="8">out</dependent>
          </dep>
          <dep type="case">
            <governor idx="10">hand</governor>
            <dependent idx="9">of</dependent>
          </dep>
          <dep type="nmod">
            <governor idx="6">got</governor>
            <dependent idx="10">hand</dependent>
          </dep>
          <dep type="mark">
            <governor idx="18">training</governor>
            <dependent idx="12">because</dependent>
          </dep>
          <dep type="det:predet">
            <governor idx="15">team</governor>
            <dependent idx="13">half</dependent>
          </dep>
          <dep type="det">
            <governor idx="15">team</governor>
            <dependent idx="14">the</dependent>
          </dep>
          <dep type="nsubj">
            <governor idx="18">training</governor>
            <dependent idx="15">team</dependent>
          </dep>
          <dep type="cop">
            <governor idx="18">training</governor>
            <dependent idx="16">was</dependent>
          </dep>
          <dep type="case">
            <governor idx="18">training</governor>
            <dependent idx="17">on</dependent>
          </dep>
          <dep type="advcl">
            <governor idx="11">was</governor>
            <dependent idx="18">training</dependent>
          </dep>
          <dep type="cc">
            <governor idx="18">training</governor>
            <dependent idx="19">and</dependent>
          </dep>
          <dep type="nsubj">
            <governor idx="24">person</governor>
            <dependent idx="20">I</dependent>
          </dep>
          <dep type="cop">
            <governor idx="24">person</governor>
            <dependent idx="21">was</dependent>
          </dep>
          <dep type="det">
            <governor idx="24">person</governor>
            <dependent idx="22">the</dependent>
          </dep>
          <dep type="amod">
            <governor idx="24">person</governor>
            <dependent idx="23">sole</dependent>
          </dep>
          <dep type="conj">
            <governor idx="18">training</governor>
            <dependent idx="24">person</dependent>
          </dep>
          <dep type="amod">
            <governor idx="24">person</governor>
            <dependent idx="25">responsible</dependent>
          </dep>
          <dep type="mark">
            <governor idx="27">answering</governor>
            <dependent idx="26">for</dependent>
          </dep>
          <dep type="advcl">
            <governor idx="25">responsible</governor>
            <dependent idx="27">answering</dependent>
          </dep>
          <dep type="det">
            <governor idx="29">engineers</governor>
            <dependent idx="28">the</dependent>
          </dep>
          <dep type="nmod:poss">
            <governor idx="32">requests</governor>
            <dependent idx="29">engineers</dependent>
          </dep>
          <dep type="case">
            <governor idx="29">engineers</governor>
            <dependent idx="30">'</dependent>
          </dep>
          <dep type="amod">
            <governor idx="32">requests</governor>
            <dependent idx="31">online</dependent>
          </dep>
          <dep type="dobj">
            <governor idx="27">answering</governor>
            <dependent idx="32">requests</dependent>
          </dep>
          <dep type="punct">
            <governor idx="11">was</governor>
            <dependent idx="33">.</dependent>
          </dep>
        </dependencies>
        <dependencies type="collapsed-dependencies">
          <dep type="root">
            <governor idx="0">ROOT</governor>
            <dependent idx="11">was</dependent>
          </dep>
          <dep type="det">
            <governor idx="3">reason</governor>
            <dependent idx="1">The</dependent>
          </dep>
          <dep type="amod">
            <governor idx="3">reason</governor>
            <dependent idx="2">main</dependent>
          </dep>
          <dep type="nsubj">
            <governor idx="11">was</governor>
            <dependent idx="3">reason</dependent>
          </dep>
          <dep type="det">
            <governor idx="5">situation</governor>
            <dependent idx="4">this</dependent>
          </dep>
          <dep type="nsubj">
            <governor idx="6">got</governor>
            <dependent idx="5">situation</dependent>
          </dep>
          <dep type="acl:relcl">
            <governor idx="3">reason</governor>
            <dependent idx="6">got</dependent>
          </dep>
          <dep type="advmod">
            <governor idx="6">got</governor>
            <dependent idx="7">so</dependent>
          </dep>
          <dep type="case">
            <governor idx="7">so</governor>
            <dependent idx="8">out</dependent>
          </dep>
          <dep type="case">
            <governor idx="10">hand</governor>
            <dependent idx="9">of</dependent>
          </dep>
          <dep type="nmod:of">
            <governor idx="6">got</governor>
            <dependent idx="10">hand</dependent>
          </dep>
          <dep type="mark">
            <governor idx="18">training</governor>
            <dependent idx="12">because</dependent>
          </dep>
          <dep type="det:predet">
            <governor idx="15">team</governor>
            <dependent idx="13">half</dependent>
          </dep>
          <dep type="det">
            <governor idx="15">team</governor>
            <dependent idx="14">the</dependent>
          </dep>
          <dep type="nsubj">
            <governor idx="18">training</governor>
            <dependent idx="15">team</dependent>
          </dep>
          <dep type="cop">
            <governor idx="18">training</governor>
            <dependent idx="16">was</dependent>
          </dep>
          <dep type="case">
            <governor idx="18">training</governor>
            <dependent idx="17">on</dependent>
          </dep>
          <dep type="advcl:on">
            <governor idx="11">was</governor>
            <dependent idx="18">training</dependent>
          </dep>
          <dep type="cc">
            <governor idx="18">training</governor>
            <dependent idx="19">and</dependent>
          </dep>
          <dep type="nsubj">
            <governor idx="24">person</governor>
            <dependent idx="20">I</dependent>
          </dep>
          <dep type="cop">
            <governor idx="24">person</governor>
            <dependent idx="21">was</dependent>
          </dep>
          <dep type="det">
            <governor idx="24">person</governor>
            <dependent idx="22">the</dependent>
          </dep>
          <dep type="amod">
            <governor idx="24">person</governor>
            <dependent idx="23">sole</dependent>
          </dep>
          <dep type="conj:and">
            <governor idx="18">training</governor>
            <dependent idx="24">person</dependent>
          </dep>
          <dep type="amod">
            <governor idx="24">person</governor>
            <dependent idx="25">responsible</dependent>
          </dep>
          <dep type="mark">
            <governor idx="27">answering</governor>
            <dependent idx="26">for</dependent>
          </dep>
          <dep type="advcl">
            <governor idx="25">responsible</governor>
            <dependent idx="27">answering</dependent>
          </dep>
          <dep type="det">
            <governor idx="29">engineers</governor>
            <dependent idx="28">the</dependent>
          </dep>
          <dep type="nmod:poss">
            <governor idx="32">requests</governor>
            <dependent idx="29">engineers</dependent>
          </dep>
          <dep type="case">
            <governor idx="29">engineers</governor>
            <dependent idx="30">'</dependent>
          </dep>
          <dep type="amod">
            <governor idx="32">requests</governor>
            <dependent idx="31">online</dependent>
          </dep>
          <dep type="dobj">
            <governor idx="27">answering</governor>
            <dependent idx="32">requests</dependent>
          </dep>
          <dep type="punct">
            <governor idx="11">was</governor>
            <dependent idx="33">.</dependent>
          </dep>
        </dependencies>
        <dependencies type="collapsed-ccprocessed-dependencies">
          <dep type="root">
            <governor idx="0">ROOT</governor>
            <dependent idx="11">was</dependent>
          </dep>
          <dep type="det">
            <governor idx="3">reason</governor>
            <dependent idx="1">The</dependent>
          </dep>
          <dep type="amod">
            <governor idx="3">reason</governor>
            <dependent idx="2">main</dependent>
          </dep>
          <dep type="nsubj">
            <governor idx="11">was</governor>
            <dependent idx="3">reason</dependent>
          </dep>
          <dep type="det">
            <governor idx="5">situation</governor>
            <dependent idx="4">this</dependent>
          </dep>
          <dep type="nsubj">
            <governor idx="6">got</governor>
            <dependent idx="5">situation</dependent>
          </dep>
          <dep type="acl:relcl">
            <governor idx="3">reason</governor>
            <dependent idx="6">got</dependent>
          </dep>
          <dep type="advmod">
            <governor idx="6">got</governor>
            <dependent idx="7">so</dependent>
          </dep>
          <dep type="case">
            <governor idx="7">so</governor>
            <dependent idx="8">out</dependent>
          </dep>
          <dep type="case">
            <governor idx="10">hand</governor>
            <dependent idx="9">of</dependent>
          </dep>
          <dep type="nmod:of">
            <governor idx="6">got</governor>
            <dependent idx="10">hand</dependent>
          </dep>
          <dep type="mark">
            <governor idx="18">training</governor>
            <dependent idx="12">because</dependent>
          </dep>
          <dep type="det:predet">
            <governor idx="15">team</governor>
            <dependent idx="13">half</dependent>
          </dep>
          <dep type="det">
            <governor idx="15">team</governor>
            <dependent idx="14">the</dependent>
          </dep>
          <dep type="nsubj">
            <governor idx="18">training</governor>
            <dependent idx="15">team</dependent>
          </dep>
          <dep type="cop">
            <governor idx="18">training</governor>
            <dependent idx="16">was</dependent>
          </dep>
          <dep type="case">
            <governor idx="18">training</governor>
            <dependent idx="17">on</dependent>
          </dep>
          <dep type="advcl:on">
            <governor idx="11">was</governor>
            <dependent idx="18">training</dependent>
          </dep>
          <dep type="cc">
            <governor idx="18">training</governor>
            <dependent idx="19">and</dependent>
          </dep>
          <dep type="nsubj">
            <governor idx="24">person</governor>
            <dependent idx="20">I</dependent>
          </dep>
          <dep type="cop">
            <governor idx="24">person</governor>
            <dependent idx="21">was</dependent>
          </dep>
          <dep type="det">
            <governor idx="24">person</governor>
            <dependent idx="22">the</dependent>
          </dep>
          <dep type="amod">
            <governor idx="24">person</governor>
            <dependent idx="23">sole</dependent>
          </dep>
          <dep type="advcl:on" extra="true">
            <governor idx="11">was</governor>
            <dependent idx="24">person</dependent>
          </dep>
          <dep type="conj:and">
            <governor idx="18">training</governor>
            <dependent idx="24">person</dependent>
          </dep>
          <dep type="amod">
            <governor idx="24">person</governor>
            <dependent idx="25">responsible</dependent>
          </dep>
          <dep type="mark">
            <governor idx="27">answering</governor>
            <dependent idx="26">for</dependent>
          </dep>
          <dep type="advcl">
            <governor idx="25">responsible</governor>
            <dependent idx="27">answering</dependent>
          </dep>
          <dep type="det">
            <governor idx="29">engineers</governor>
            <dependent idx="28">the</dependent>
          </dep>
          <dep type="nmod:poss">
            <governor idx="32">requests</governor>
            <dependent idx="29">engineers</dependent>
          </dep>
          <dep type="case">
            <governor idx="29">engineers</governor>
            <dependent idx="30">'</dependent>
          </dep>
          <dep type="amod">
            <governor idx="32">requests</governor>
            <dependent idx="31">online</dependent>
          </dep>
          <dep type="dobj">
            <governor idx="27">answering</governor>
            <dependent idx="32">requests</dependent>
          </dep>
          <dep type="punct">
            <governor idx="11">was</governor>
            <dependent idx="33">.</dependent>
          </dep>
        </dependencies>
      </sentence>
      <sentence id="182">
        <tokens>
          <token id="1">
            <word>The</word>
            <lemma>the</lemma>
            <CharacterOffsetBegin>22256</CharacterOffsetBegin>
            <CharacterOffsetEnd>22259</CharacterOffsetEnd>
            <POS>DT</POS>
            <NER>O</NER>
            <Speaker>PER0</Speaker>
          </token>
          <token id="2">
            <word>situation</word>
            <lemma>situation</lemma>
            <CharacterOffsetBegin>22260</CharacterOffsetBegin>
            <CharacterOffsetEnd>22269</CharacterOffsetEnd>
            <POS>NN</POS>
            <NER>O</NER>
            <Speaker>PER0</Speaker>
          </token>
          <token id="3">
            <word>would</word>
            <lemma>would</lemma>
            <CharacterOffsetBegin>22270</CharacterOffsetBegin>
            <CharacterOffsetEnd>22275</CharacterOffsetEnd>
            <POS>MD</POS>
            <NER>O</NER>
            <Speaker>PER0</Speaker>
          </token>
          <token id="4">
            <word>definitely</word>
            <lemma>definitely</lemma>
            <CharacterOffsetBegin>22276</CharacterOffsetBegin>
            <CharacterOffsetEnd>22286</CharacterOffsetEnd>
            <POS>RB</POS>
            <NER>O</NER>
            <Speaker>PER0</Speaker>
          </token>
          <token id="5">
            <word>have</word>
            <lemma>have</lemma>
            <CharacterOffsetBegin>22287</CharacterOffsetBegin>
            <CharacterOffsetEnd>22291</CharacterOffsetEnd>
            <POS>VB</POS>
            <NER>O</NER>
            <Speaker>PER0</Speaker>
          </token>
          <token id="6">
            <word>been</word>
            <lemma>be</lemma>
            <CharacterOffsetBegin>22292</CharacterOffsetBegin>
            <CharacterOffsetEnd>22296</CharacterOffsetEnd>
            <POS>VBN</POS>
            <NER>O</NER>
            <Speaker>PER0</Speaker>
          </token>
          <token id="7">
            <word>worse</word>
            <lemma>worse</lemma>
            <CharacterOffsetBegin>22297</CharacterOffsetBegin>
            <CharacterOffsetEnd>22302</CharacterOffsetEnd>
            <POS>JJR</POS>
            <NER>O</NER>
            <Speaker>PER0</Speaker>
          </token>
          <token id="8">
            <word>if</word>
            <lemma>if</lemma>
            <CharacterOffsetBegin>22303</CharacterOffsetBegin>
            <CharacterOffsetEnd>22305</CharacterOffsetEnd>
            <POS>IN</POS>
            <NER>O</NER>
            <Speaker>PER0</Speaker>
          </token>
          <token id="9">
            <word>I</word>
            <lemma>I</lemma>
            <CharacterOffsetBegin>22306</CharacterOffsetBegin>
            <CharacterOffsetEnd>22307</CharacterOffsetEnd>
            <POS>PRP</POS>
            <NER>O</NER>
            <Speaker>PER0</Speaker>
          </token>
          <token id="10">
            <word>did</word>
            <lemma>do</lemma>
            <CharacterOffsetBegin>22308</CharacterOffsetBegin>
            <CharacterOffsetEnd>22311</CharacterOffsetEnd>
            <POS>VBD</POS>
            <NER>O</NER>
            <Speaker>PER0</Speaker>
          </token>
          <token id="11">
            <word>not</word>
            <lemma>not</lemma>
            <CharacterOffsetBegin>22312</CharacterOffsetBegin>
            <CharacterOffsetEnd>22315</CharacterOffsetEnd>
            <POS>RB</POS>
            <NER>O</NER>
            <Speaker>PER0</Speaker>
          </token>
          <token id="12">
            <word>have</word>
            <lemma>have</lemma>
            <CharacterOffsetBegin>22316</CharacterOffsetBegin>
            <CharacterOffsetEnd>22320</CharacterOffsetEnd>
            <POS>VB</POS>
            <NER>O</NER>
            <Speaker>PER0</Speaker>
          </token>
          <token id="13">
            <word>the</word>
            <lemma>the</lemma>
            <CharacterOffsetBegin>22321</CharacterOffsetBegin>
            <CharacterOffsetEnd>22324</CharacterOffsetEnd>
            <POS>DT</POS>
            <NER>O</NER>
            <Speaker>PER0</Speaker>
          </token>
          <token id="14">
            <word>other</word>
            <lemma>other</lemma>
            <CharacterOffsetBegin>22325</CharacterOffsetBegin>
            <CharacterOffsetEnd>22330</CharacterOffsetEnd>
            <POS>JJ</POS>
            <NER>O</NER>
            <Speaker>PER0</Speaker>
          </token>
          <token id="15">
            <word>team</word>
            <lemma>team</lemma>
            <CharacterOffsetBegin>22331</CharacterOffsetBegin>
            <CharacterOffsetEnd>22335</CharacterOffsetEnd>
            <POS>NN</POS>
            <NER>O</NER>
            <Speaker>PER0</Speaker>
          </token>
          <token id="16">
            <word>members</word>
            <lemma>member</lemma>
            <CharacterOffsetBegin>22336</CharacterOffsetBegin>
            <CharacterOffsetEnd>22343</CharacterOffsetEnd>
            <POS>NNS</POS>
            <NER>O</NER>
            <Speaker>PER0</Speaker>
          </token>
          <token id="17">
            <word>to</word>
            <lemma>to</lemma>
            <CharacterOffsetBegin>22344</CharacterOffsetBegin>
            <CharacterOffsetEnd>22346</CharacterOffsetEnd>
            <POS>TO</POS>
            <NER>O</NER>
            <Speaker>PER0</Speaker>
          </token>
          <token id="18">
            <word>help</word>
            <lemma>help</lemma>
            <CharacterOffsetBegin>22347</CharacterOffsetBegin>
            <CharacterOffsetEnd>22351</CharacterOffsetEnd>
            <POS>VB</POS>
            <NER>O</NER>
            <Speaker>PER0</Speaker>
          </token>
          <token id="19">
            <word>me</word>
            <lemma>I</lemma>
            <CharacterOffsetBegin>22352</CharacterOffsetBegin>
            <CharacterOffsetEnd>22354</CharacterOffsetEnd>
            <POS>PRP</POS>
            <NER>O</NER>
            <Speaker>PER0</Speaker>
          </token>
          <token id="20">
            <word>,</word>
            <lemma>,</lemma>
            <CharacterOffsetBegin>22354</CharacterOffsetBegin>
            <CharacterOffsetEnd>22355</CharacterOffsetEnd>
            <POS>,</POS>
            <NER>O</NER>
            <Speaker>PER0</Speaker>
          </token>
          <token id="21">
            <word>however</word>
            <lemma>however</lemma>
            <CharacterOffsetBegin>22356</CharacterOffsetBegin>
            <CharacterOffsetEnd>22363</CharacterOffsetEnd>
            <POS>RB</POS>
            <NER>O</NER>
            <Speaker>PER0</Speaker>
          </token>
          <token id="22">
            <word>it</word>
            <lemma>it</lemma>
            <CharacterOffsetBegin>22364</CharacterOffsetBegin>
            <CharacterOffsetEnd>22366</CharacterOffsetEnd>
            <POS>PRP</POS>
            <NER>O</NER>
            <Speaker>PER0</Speaker>
          </token>
          <token id="23">
            <word>would</word>
            <lemma>would</lemma>
            <CharacterOffsetBegin>22367</CharacterOffsetBegin>
            <CharacterOffsetEnd>22372</CharacterOffsetEnd>
            <POS>MD</POS>
            <NER>O</NER>
            <Speaker>PER0</Speaker>
          </token>
          <token id="24">
            <word>have</word>
            <lemma>have</lemma>
            <CharacterOffsetBegin>22373</CharacterOffsetBegin>
            <CharacterOffsetEnd>22377</CharacterOffsetEnd>
            <POS>VB</POS>
            <NER>O</NER>
            <Speaker>PER0</Speaker>
          </token>
          <token id="25">
            <word>been</word>
            <lemma>be</lemma>
            <CharacterOffsetBegin>22378</CharacterOffsetBegin>
            <CharacterOffsetEnd>22382</CharacterOffsetEnd>
            <POS>VBN</POS>
            <NER>O</NER>
            <Speaker>PER0</Speaker>
          </token>
          <token id="26">
            <word>easily</word>
            <lemma>easily</lemma>
            <CharacterOffsetBegin>22383</CharacterOffsetBegin>
            <CharacterOffsetEnd>22389</CharacterOffsetEnd>
            <POS>RB</POS>
            <NER>O</NER>
            <Speaker>PER0</Speaker>
          </token>
          <token id="27">
            <word>resolved</word>
            <lemma>resolve</lemma>
            <CharacterOffsetBegin>22390</CharacterOffsetBegin>
            <CharacterOffsetEnd>22398</CharacterOffsetEnd>
            <POS>VBN</POS>
            <NER>O</NER>
            <Speaker>PER0</Speaker>
          </token>
          <token id="28">
            <word>if</word>
            <lemma>if</lemma>
            <CharacterOffsetBegin>22399</CharacterOffsetBegin>
            <CharacterOffsetEnd>22401</CharacterOffsetEnd>
            <POS>IN</POS>
            <NER>O</NER>
            <Speaker>PER0</Speaker>
          </token>
          <token id="29">
            <word>I</word>
            <lemma>I</lemma>
            <CharacterOffsetBegin>22402</CharacterOffsetBegin>
            <CharacterOffsetEnd>22403</CharacterOffsetEnd>
            <POS>PRP</POS>
            <NER>O</NER>
            <Speaker>PER0</Speaker>
          </token>
          <token id="30">
            <word>was</word>
            <lemma>be</lemma>
            <CharacterOffsetBegin>22404</CharacterOffsetBegin>
            <CharacterOffsetEnd>22407</CharacterOffsetEnd>
            <POS>VBD</POS>
            <NER>O</NER>
            <Speaker>PER0</Speaker>
          </token>
          <token id="31">
            <word>capable</word>
            <lemma>capable</lemma>
            <CharacterOffsetBegin>22408</CharacterOffsetBegin>
            <CharacterOffsetEnd>22415</CharacterOffsetEnd>
            <POS>JJ</POS>
            <NER>O</NER>
            <Speaker>PER0</Speaker>
          </token>
          <token id="32">
            <word>of</word>
            <lemma>of</lemma>
            <CharacterOffsetBegin>22416</CharacterOffsetBegin>
            <CharacterOffsetEnd>22418</CharacterOffsetEnd>
            <POS>IN</POS>
            <NER>O</NER>
            <Speaker>PER0</Speaker>
          </token>
          <token id="33">
            <word>solving</word>
            <lemma>solve</lemma>
            <CharacterOffsetBegin>22419</CharacterOffsetBegin>
            <CharacterOffsetEnd>22426</CharacterOffsetEnd>
            <POS>VBG</POS>
            <NER>O</NER>
            <Speaker>PER0</Speaker>
          </token>
          <token id="34">
            <word>all</word>
            <lemma>all</lemma>
            <CharacterOffsetBegin>22427</CharacterOffsetBegin>
            <CharacterOffsetEnd>22430</CharacterOffsetEnd>
            <POS>PDT</POS>
            <NER>O</NER>
            <Speaker>PER0</Speaker>
          </token>
          <token id="35">
            <word>the</word>
            <lemma>the</lemma>
            <CharacterOffsetBegin>22431</CharacterOffsetBegin>
            <CharacterOffsetEnd>22434</CharacterOffsetEnd>
            <POS>DT</POS>
            <NER>O</NER>
            <Speaker>PER0</Speaker>
          </token>
          <token id="36">
            <word>online</word>
            <lemma>online</lemma>
            <CharacterOffsetBegin>22435</CharacterOffsetBegin>
            <CharacterOffsetEnd>22441</CharacterOffsetEnd>
            <POS>NN</POS>
            <NER>O</NER>
            <Speaker>PER0</Speaker>
          </token>
          <token id="37">
            <word>requests</word>
            <lemma>request</lemma>
            <CharacterOffsetBegin>22442</CharacterOffsetBegin>
            <CharacterOffsetEnd>22450</CharacterOffsetEnd>
            <POS>NNS</POS>
            <NER>O</NER>
            <Speaker>PER0</Speaker>
          </token>
          <token id="38">
            <word>by</word>
            <lemma>by</lemma>
            <CharacterOffsetBegin>22451</CharacterOffsetBegin>
            <CharacterOffsetEnd>22453</CharacterOffsetEnd>
            <POS>IN</POS>
            <NER>O</NER>
            <Speaker>PER0</Speaker>
          </token>
          <token id="39">
            <word>myself</word>
            <lemma>myself</lemma>
            <CharacterOffsetBegin>22454</CharacterOffsetBegin>
            <CharacterOffsetEnd>22460</CharacterOffsetEnd>
            <POS>PRP</POS>
            <NER>O</NER>
            <Speaker>PER0</Speaker>
          </token>
          <token id="40">
            <word>because</word>
            <lemma>because</lemma>
            <CharacterOffsetBegin>22461</CharacterOffsetBegin>
            <CharacterOffsetEnd>22468</CharacterOffsetEnd>
            <POS>IN</POS>
            <NER>O</NER>
            <Speaker>PER0</Speaker>
          </token>
          <token id="41">
            <word>then</word>
            <lemma>then</lemma>
            <CharacterOffsetBegin>22469</CharacterOffsetBegin>
            <CharacterOffsetEnd>22473</CharacterOffsetEnd>
            <POS>RB</POS>
            <NER>O</NER>
            <Speaker>PER0</Speaker>
          </token>
          <token id="42">
            <word>I</word>
            <lemma>I</lemma>
            <CharacterOffsetBegin>22474</CharacterOffsetBegin>
            <CharacterOffsetEnd>22475</CharacterOffsetEnd>
            <POS>PRP</POS>
            <NER>O</NER>
            <Speaker>PER0</Speaker>
          </token>
          <token id="43">
            <word>would</word>
            <lemma>would</lemma>
            <CharacterOffsetBegin>22476</CharacterOffsetBegin>
            <CharacterOffsetEnd>22481</CharacterOffsetEnd>
            <POS>MD</POS>
            <NER>O</NER>
            <Speaker>PER0</Speaker>
          </token>
          <token id="44">
            <word>be</word>
            <lemma>be</lemma>
            <CharacterOffsetBegin>22482</CharacterOffsetBegin>
            <CharacterOffsetEnd>22484</CharacterOffsetEnd>
            <POS>VB</POS>
            <NER>O</NER>
            <Speaker>PER0</Speaker>
          </token>
          <token id="45">
            <word>carrying</word>
            <lemma>carry</lemma>
            <CharacterOffsetBegin>22485</CharacterOffsetBegin>
            <CharacterOffsetEnd>22493</CharacterOffsetEnd>
            <POS>VBG</POS>
            <NER>O</NER>
            <Speaker>PER0</Speaker>
          </token>
          <token id="46">
            <word>an</word>
            <lemma>a</lemma>
            <CharacterOffsetBegin>22494</CharacterOffsetBegin>
            <CharacterOffsetEnd>22496</CharacterOffsetEnd>
            <POS>DT</POS>
            <NER>O</NER>
            <Speaker>PER0</Speaker>
          </token>
          <token id="47">
            <word>equal</word>
            <lemma>equal</lemma>
            <CharacterOffsetBegin>22497</CharacterOffsetBegin>
            <CharacterOffsetEnd>22502</CharacterOffsetEnd>
            <POS>JJ</POS>
            <NER>O</NER>
            <Speaker>PER0</Speaker>
          </token>
          <token id="48">
            <word>responsibility</word>
            <lemma>responsibility</lemma>
            <CharacterOffsetBegin>22503</CharacterOffsetBegin>
            <CharacterOffsetEnd>22517</CharacterOffsetEnd>
            <POS>NN</POS>
            <NER>O</NER>
            <Speaker>PER0</Speaker>
          </token>
          <token id="49">
            <word>,</word>
            <lemma>,</lemma>
            <CharacterOffsetBegin>22517</CharacterOffsetBegin>
            <CharacterOffsetEnd>22518</CharacterOffsetEnd>
            <POS>,</POS>
            <NER>O</NER>
            <Speaker>PER0</Speaker>
          </token>
          <token id="50">
            <word>rather</word>
            <lemma>rather</lemma>
            <CharacterOffsetBegin>22519</CharacterOffsetBegin>
            <CharacterOffsetEnd>22525</CharacterOffsetEnd>
            <POS>RB</POS>
            <NER>O</NER>
            <Speaker>PER0</Speaker>
          </token>
          <token id="51">
            <word>than</word>
            <lemma>than</lemma>
            <CharacterOffsetBegin>22526</CharacterOffsetBegin>
            <CharacterOffsetEnd>22530</CharacterOffsetEnd>
            <POS>IN</POS>
            <NER>O</NER>
            <Speaker>PER0</Speaker>
          </token>
          <token id="52">
            <word>putting</word>
            <lemma>put</lemma>
            <CharacterOffsetBegin>22531</CharacterOffsetBegin>
            <CharacterOffsetEnd>22538</CharacterOffsetEnd>
            <POS>VBG</POS>
            <NER>O</NER>
            <Speaker>PER0</Speaker>
          </token>
          <token id="53">
            <word>more</word>
            <lemma>more</lemma>
            <CharacterOffsetBegin>22539</CharacterOffsetBegin>
            <CharacterOffsetEnd>22543</CharacterOffsetEnd>
            <POS>JJR</POS>
            <NER>O</NER>
            <Speaker>PER0</Speaker>
          </token>
          <token id="54">
            <word>work</word>
            <lemma>work</lemma>
            <CharacterOffsetBegin>22544</CharacterOffsetBegin>
            <CharacterOffsetEnd>22548</CharacterOffsetEnd>
            <POS>NN</POS>
            <NER>O</NER>
            <Speaker>PER0</Speaker>
          </token>
          <token id="55">
            <word>on</word>
            <lemma>on</lemma>
            <CharacterOffsetBegin>22549</CharacterOffsetBegin>
            <CharacterOffsetEnd>22551</CharacterOffsetEnd>
            <POS>IN</POS>
            <NER>O</NER>
            <Speaker>PER0</Speaker>
          </token>
          <token id="56">
            <word>others</word>
            <lemma>other</lemma>
            <CharacterOffsetBegin>22552</CharacterOffsetBegin>
            <CharacterOffsetEnd>22558</CharacterOffsetEnd>
            <POS>NNS</POS>
            <NER>O</NER>
            <Speaker>PER0</Speaker>
          </token>
          <token id="57">
            <word>.</word>
            <lemma>.</lemma>
            <CharacterOffsetBegin>22558</CharacterOffsetBegin>
            <CharacterOffsetEnd>22559</CharacterOffsetEnd>
            <POS>.</POS>
            <NER>O</NER>
            <Speaker>PER0</Speaker>
          </token>
        </tokens>
        <parse>(ROOT (S (S (NP (DT The) (NN situation)) (VP (MD would) (ADVP (RB definitely)) (VP (VB have) (VP (VBN been) (ADJP (ADJP (JJR worse)) (SBAR (IN if) (S (NP (PRP I)) (VP (VBD did) (RB not) (VP (VB have) (S (NP (DT the) (JJ other) (NN team) (NNS members)) (VP (TO to) (VP (VB help) (NP (PRP me)))))))))))))) (, ,) (ADVP (RB however)) (S (NP (PRP it)) (VP (MD would) (VP (VB have) (VP (VBN been) (VP (ADVP (RB easily)) (VBN resolved) (SBAR (IN if) (S (NP (PRP I)) (VP (VBD was) (ADJP (JJ capable) (PP (IN of) (S (VP (VP (VBG solving) (NP (PDT all) (DT the) (NN online) (NNS requests)) (PP (IN by) (NP (PRP myself))) (SBAR (IN because) (S (ADVP (RB then)) (NP (PRP I)) (VP (MD would) (VP (VB be) (VP (VBG carrying) (NP (DT an) (JJ equal) (NN responsibility)))))))) (, ,) (CONJP (RB rather) (IN than)) (VP (VBG putting) (NP (JJR more) (NN work)) (PP (IN on) (NP (NNS others)))))))))))))))) (. .))) </parse>
        <dependencies type="basic-dependencies">
          <dep type="root">
            <governor idx="0">ROOT</governor>
            <dependent idx="7">worse</dependent>
          </dep>
          <dep type="det">
            <governor idx="2">situation</governor>
            <dependent idx="1">The</dependent>
          </dep>
          <dep type="nsubj">
            <governor idx="7">worse</governor>
            <dependent idx="2">situation</dependent>
          </dep>
          <dep type="aux">
            <governor idx="7">worse</governor>
            <dependent idx="3">would</dependent>
          </dep>
          <dep type="advmod">
            <governor idx="7">worse</governor>
            <dependent idx="4">definitely</dependent>
          </dep>
          <dep type="aux">
            <governor idx="7">worse</governor>
            <dependent idx="5">have</dependent>
          </dep>
          <dep type="cop">
            <governor idx="7">worse</governor>
            <dependent idx="6">been</dependent>
          </dep>
          <dep type="mark">
            <governor idx="12">have</governor>
            <dependent idx="8">if</dependent>
          </dep>
          <dep type="nsubj">
            <governor idx="12">have</governor>
            <dependent idx="9">I</dependent>
          </dep>
          <dep type="aux">
            <governor idx="12">have</governor>
            <dependent idx="10">did</dependent>
          </dep>
          <dep type="neg">
            <governor idx="12">have</governor>
            <dependent idx="11">not</dependent>
          </dep>
          <dep type="ccomp">
            <governor idx="7">worse</governor>
            <dependent idx="12">have</dependent>
          </dep>
          <dep type="det">
            <governor idx="16">members</governor>
            <dependent idx="13">the</dependent>
          </dep>
          <dep type="amod">
            <governor idx="16">members</governor>
            <dependent idx="14">other</dependent>
          </dep>
          <dep type="compound">
            <governor idx="16">members</governor>
            <dependent idx="15">team</dependent>
          </dep>
          <dep type="dobj">
            <governor idx="12">have</governor>
            <dependent idx="16">members</dependent>
          </dep>
          <dep type="mark">
            <governor idx="18">help</governor>
            <dependent idx="17">to</dependent>
          </dep>
          <dep type="ccomp">
            <governor idx="12">have</governor>
            <dependent idx="18">help</dependent>
          </dep>
          <dep type="dobj">
            <governor idx="18">help</governor>
            <dependent idx="19">me</dependent>
          </dep>
          <dep type="punct">
            <governor idx="7">worse</governor>
            <dependent idx="20">,</dependent>
          </dep>
          <dep type="advmod">
            <governor idx="27">resolved</governor>
            <dependent idx="21">however</dependent>
          </dep>
          <dep type="nsubjpass">
            <governor idx="27">resolved</governor>
            <dependent idx="22">it</dependent>
          </dep>
          <dep type="aux">
            <governor idx="27">resolved</governor>
            <dependent idx="23">would</dependent>
          </dep>
          <dep type="aux">
            <governor idx="27">resolved</governor>
            <dependent idx="24">have</dependent>
          </dep>
          <dep type="auxpass">
            <governor idx="27">resolved</governor>
            <dependent idx="25">been</dependent>
          </dep>
          <dep type="advmod">
            <governor idx="27">resolved</governor>
            <dependent idx="26">easily</dependent>
          </dep>
          <dep type="parataxis">
            <governor idx="7">worse</governor>
            <dependent idx="27">resolved</dependent>
          </dep>
          <dep type="mark">
            <governor idx="31">capable</governor>
            <dependent idx="28">if</dependent>
          </dep>
          <dep type="nsubj">
            <governor idx="31">capable</governor>
            <dependent idx="29">I</dependent>
          </dep>
          <dep type="cop">
            <governor idx="31">capable</governor>
            <dependent idx="30">was</dependent>
          </dep>
          <dep type="advcl">
            <governor idx="27">resolved</governor>
            <dependent idx="31">capable</dependent>
          </dep>
          <dep type="mark">
            <governor idx="33">solving</governor>
            <dependent idx="32">of</dependent>
          </dep>
          <dep type="advcl">
            <governor idx="31">capable</governor>
            <dependent idx="33">solving</dependent>
          </dep>
          <dep type="det:predet">
            <governor idx="37">requests</governor>
            <dependent idx="34">all</dependent>
          </dep>
          <dep type="det">
            <governor idx="37">requests</governor>
            <dependent idx="35">the</dependent>
          </dep>
          <dep type="compound">
            <governor idx="37">requests</governor>
            <dependent idx="36">online</dependent>
          </dep>
          <dep type="dobj">
            <governor idx="33">solving</governor>
            <dependent idx="37">requests</dependent>
          </dep>
          <dep type="case">
            <governor idx="39">myself</governor>
            <dependent idx="38">by</dependent>
          </dep>
          <dep type="nmod">
            <governor idx="33">solving</governor>
            <dependent idx="39">myself</dependent>
          </dep>
          <dep type="mark">
            <governor idx="45">carrying</governor>
            <dependent idx="40">because</dependent>
          </dep>
          <dep type="advmod">
            <governor idx="45">carrying</governor>
            <dependent idx="41">then</dependent>
          </dep>
          <dep type="nsubj">
            <governor idx="45">carrying</governor>
            <dependent idx="42">I</dependent>
          </dep>
          <dep type="aux">
            <governor idx="45">carrying</governor>
            <dependent idx="43">would</dependent>
          </dep>
          <dep type="aux">
            <governor idx="45">carrying</governor>
            <dependent idx="44">be</dependent>
          </dep>
          <dep type="advcl">
            <governor idx="33">solving</governor>
            <dependent idx="45">carrying</dependent>
          </dep>
          <dep type="det">
            <governor idx="48">responsibility</governor>
            <dependent idx="46">an</dependent>
          </dep>
          <dep type="amod">
            <governor idx="48">responsibility</governor>
            <dependent idx="47">equal</dependent>
          </dep>
          <dep type="dobj">
            <governor idx="45">carrying</governor>
            <dependent idx="48">responsibility</dependent>
          </dep>
          <dep type="punct">
            <governor idx="33">solving</governor>
            <dependent idx="49">,</dependent>
          </dep>
          <dep type="cc">
            <governor idx="33">solving</governor>
            <dependent idx="50">rather</dependent>
          </dep>
          <dep type="mwe">
            <governor idx="50">rather</governor>
            <dependent idx="51">than</dependent>
          </dep>
          <dep type="conj">
            <governor idx="33">solving</governor>
            <dependent idx="52">putting</dependent>
          </dep>
          <dep type="amod">
            <governor idx="54">work</governor>
            <dependent idx="53">more</dependent>
          </dep>
          <dep type="dobj">
            <governor idx="52">putting</governor>
            <dependent idx="54">work</dependent>
          </dep>
          <dep type="case">
            <governor idx="56">others</governor>
            <dependent idx="55">on</dependent>
          </dep>
          <dep type="nmod">
            <governor idx="52">putting</governor>
            <dependent idx="56">others</dependent>
          </dep>
          <dep type="punct">
            <governor idx="7">worse</governor>
            <dependent idx="57">.</dependent>
          </dep>
        </dependencies>
        <dependencies type="collapsed-dependencies">
          <dep type="root">
            <governor idx="0">ROOT</governor>
            <dependent idx="7">worse</dependent>
          </dep>
          <dep type="det">
            <governor idx="2">situation</governor>
            <dependent idx="1">The</dependent>
          </dep>
          <dep type="nsubj">
            <governor idx="7">worse</governor>
            <dependent idx="2">situation</dependent>
          </dep>
          <dep type="aux">
            <governor idx="7">worse</governor>
            <dependent idx="3">would</dependent>
          </dep>
          <dep type="advmod">
            <governor idx="7">worse</governor>
            <dependent idx="4">definitely</dependent>
          </dep>
          <dep type="aux">
            <governor idx="7">worse</governor>
            <dependent idx="5">have</dependent>
          </dep>
          <dep type="cop">
            <governor idx="7">worse</governor>
            <dependent idx="6">been</dependent>
          </dep>
          <dep type="mark">
            <governor idx="12">have</governor>
            <dependent idx="8">if</dependent>
          </dep>
          <dep type="nsubj">
            <governor idx="12">have</governor>
            <dependent idx="9">I</dependent>
          </dep>
          <dep type="aux">
            <governor idx="12">have</governor>
            <dependent idx="10">did</dependent>
          </dep>
          <dep type="neg">
            <governor idx="12">have</governor>
            <dependent idx="11">not</dependent>
          </dep>
          <dep type="ccomp">
            <governor idx="7">worse</governor>
            <dependent idx="12">have</dependent>
          </dep>
          <dep type="det">
            <governor idx="16">members</governor>
            <dependent idx="13">the</dependent>
          </dep>
          <dep type="amod">
            <governor idx="16">members</governor>
            <dependent idx="14">other</dependent>
          </dep>
          <dep type="compound">
            <governor idx="16">members</governor>
            <dependent idx="15">team</dependent>
          </dep>
          <dep type="dobj">
            <governor idx="12">have</governor>
            <dependent idx="16">members</dependent>
          </dep>
          <dep type="mark">
            <governor idx="18">help</governor>
            <dependent idx="17">to</dependent>
          </dep>
          <dep type="ccomp">
            <governor idx="12">have</governor>
            <dependent idx="18">help</dependent>
          </dep>
          <dep type="dobj">
            <governor idx="18">help</governor>
            <dependent idx="19">me</dependent>
          </dep>
          <dep type="punct">
            <governor idx="7">worse</governor>
            <dependent idx="20">,</dependent>
          </dep>
          <dep type="advmod">
            <governor idx="27">resolved</governor>
            <dependent idx="21">however</dependent>
          </dep>
          <dep type="nsubjpass">
            <governor idx="27">resolved</governor>
            <dependent idx="22">it</dependent>
          </dep>
          <dep type="aux">
            <governor idx="27">resolved</governor>
            <dependent idx="23">would</dependent>
          </dep>
          <dep type="aux">
            <governor idx="27">resolved</governor>
            <dependent idx="24">have</dependent>
          </dep>
          <dep type="auxpass">
            <governor idx="27">resolved</governor>
            <dependent idx="25">been</dependent>
          </dep>
          <dep type="advmod">
            <governor idx="27">resolved</governor>
            <dependent idx="26">easily</dependent>
          </dep>
          <dep type="parataxis">
            <governor idx="7">worse</governor>
            <dependent idx="27">resolved</dependent>
          </dep>
          <dep type="mark">
            <governor idx="31">capable</governor>
            <dependent idx="28">if</dependent>
          </dep>
          <dep type="nsubj">
            <governor idx="31">capable</governor>
            <dependent idx="29">I</dependent>
          </dep>
          <dep type="cop">
            <governor idx="31">capable</governor>
            <dependent idx="30">was</dependent>
          </dep>
          <dep type="advcl">
            <governor idx="27">resolved</governor>
            <dependent idx="31">capable</dependent>
          </dep>
          <dep type="mark">
            <governor idx="33">solving</governor>
            <dependent idx="32">of</dependent>
          </dep>
          <dep type="advcl">
            <governor idx="31">capable</governor>
            <dependent idx="33">solving</dependent>
          </dep>
          <dep type="det:predet">
            <governor idx="37">requests</governor>
            <dependent idx="34">all</dependent>
          </dep>
          <dep type="det">
            <governor idx="37">requests</governor>
            <dependent idx="35">the</dependent>
          </dep>
          <dep type="compound">
            <governor idx="37">requests</governor>
            <dependent idx="36">online</dependent>
          </dep>
          <dep type="dobj">
            <governor idx="33">solving</governor>
            <dependent idx="37">requests</dependent>
          </dep>
          <dep type="case">
            <governor idx="39">myself</governor>
            <dependent idx="38">by</dependent>
          </dep>
          <dep type="nmod:by">
            <governor idx="33">solving</governor>
            <dependent idx="39">myself</dependent>
          </dep>
          <dep type="mark">
            <governor idx="45">carrying</governor>
            <dependent idx="40">because</dependent>
          </dep>
          <dep type="advmod">
            <governor idx="45">carrying</governor>
            <dependent idx="41">then</dependent>
          </dep>
          <dep type="nsubj">
            <governor idx="45">carrying</governor>
            <dependent idx="42">I</dependent>
          </dep>
          <dep type="aux">
            <governor idx="45">carrying</governor>
            <dependent idx="43">would</dependent>
          </dep>
          <dep type="aux">
            <governor idx="45">carrying</governor>
            <dependent idx="44">be</dependent>
          </dep>
          <dep type="advcl">
            <governor idx="33">solving</governor>
            <dependent idx="45">carrying</dependent>
          </dep>
          <dep type="det">
            <governor idx="48">responsibility</governor>
            <dependent idx="46">an</dependent>
          </dep>
          <dep type="amod">
            <governor idx="48">responsibility</governor>
            <dependent idx="47">equal</dependent>
          </dep>
          <dep type="dobj">
            <governor idx="45">carrying</governor>
            <dependent idx="48">responsibility</dependent>
          </dep>
          <dep type="punct">
            <governor idx="33">solving</governor>
            <dependent idx="49">,</dependent>
          </dep>
          <dep type="cc">
            <governor idx="33">solving</governor>
            <dependent idx="50">rather</dependent>
          </dep>
          <dep type="mwe">
            <governor idx="50">rather</governor>
            <dependent idx="51">than</dependent>
          </dep>
          <dep type="conj:negcc">
            <governor idx="33">solving</governor>
            <dependent idx="52">putting</dependent>
          </dep>
          <dep type="amod">
            <governor idx="54">work</governor>
            <dependent idx="53">more</dependent>
          </dep>
          <dep type="dobj">
            <governor idx="52">putting</governor>
            <dependent idx="54">work</dependent>
          </dep>
          <dep type="case">
            <governor idx="56">others</governor>
            <dependent idx="55">on</dependent>
          </dep>
          <dep type="nmod:on">
            <governor idx="52">putting</governor>
            <dependent idx="56">others</dependent>
          </dep>
          <dep type="punct">
            <governor idx="7">worse</governor>
            <dependent idx="57">.</dependent>
          </dep>
        </dependencies>
        <dependencies type="collapsed-ccprocessed-dependencies">
          <dep type="root">
            <governor idx="0">ROOT</governor>
            <dependent idx="7">worse</dependent>
          </dep>
          <dep type="det">
            <governor idx="2">situation</governor>
            <dependent idx="1">The</dependent>
          </dep>
          <dep type="nsubj">
            <governor idx="7">worse</governor>
            <dependent idx="2">situation</dependent>
          </dep>
          <dep type="aux">
            <governor idx="7">worse</governor>
            <dependent idx="3">would</dependent>
          </dep>
          <dep type="advmod">
            <governor idx="7">worse</governor>
            <dependent idx="4">definitely</dependent>
          </dep>
          <dep type="aux">
            <governor idx="7">worse</governor>
            <dependent idx="5">have</dependent>
          </dep>
          <dep type="cop">
            <governor idx="7">worse</governor>
            <dependent idx="6">been</dependent>
          </dep>
          <dep type="mark">
            <governor idx="12">have</governor>
            <dependent idx="8">if</dependent>
          </dep>
          <dep type="nsubj">
            <governor idx="12">have</governor>
            <dependent idx="9">I</dependent>
          </dep>
          <dep type="aux">
            <governor idx="12">have</governor>
            <dependent idx="10">did</dependent>
          </dep>
          <dep type="neg">
            <governor idx="12">have</governor>
            <dependent idx="11">not</dependent>
          </dep>
          <dep type="ccomp">
            <governor idx="7">worse</governor>
            <dependent idx="12">have</dependent>
          </dep>
          <dep type="det">
            <governor idx="16">members</governor>
            <dependent idx="13">the</dependent>
          </dep>
          <dep type="amod">
            <governor idx="16">members</governor>
            <dependent idx="14">other</dependent>
          </dep>
          <dep type="compound">
            <governor idx="16">members</governor>
            <dependent idx="15">team</dependent>
          </dep>
          <dep type="dobj">
            <governor idx="12">have</governor>
            <dependent idx="16">members</dependent>
          </dep>
          <dep type="mark">
            <governor idx="18">help</governor>
            <dependent idx="17">to</dependent>
          </dep>
          <dep type="ccomp">
            <governor idx="12">have</governor>
            <dependent idx="18">help</dependent>
          </dep>
          <dep type="dobj">
            <governor idx="18">help</governor>
            <dependent idx="19">me</dependent>
          </dep>
          <dep type="punct">
            <governor idx="7">worse</governor>
            <dependent idx="20">,</dependent>
          </dep>
          <dep type="advmod">
            <governor idx="27">resolved</governor>
            <dependent idx="21">however</dependent>
          </dep>
          <dep type="nsubjpass">
            <governor idx="27">resolved</governor>
            <dependent idx="22">it</dependent>
          </dep>
          <dep type="aux">
            <governor idx="27">resolved</governor>
            <dependent idx="23">would</dependent>
          </dep>
          <dep type="aux">
            <governor idx="27">resolved</governor>
            <dependent idx="24">have</dependent>
          </dep>
          <dep type="auxpass">
            <governor idx="27">resolved</governor>
            <dependent idx="25">been</dependent>
          </dep>
          <dep type="advmod">
            <governor idx="27">resolved</governor>
            <dependent idx="26">easily</dependent>
          </dep>
          <dep type="parataxis">
            <governor idx="7">worse</governor>
            <dependent idx="27">resolved</dependent>
          </dep>
          <dep type="mark">
            <governor idx="31">capable</governor>
            <dependent idx="28">if</dependent>
          </dep>
          <dep type="nsubj">
            <governor idx="31">capable</governor>
            <dependent idx="29">I</dependent>
          </dep>
          <dep type="cop">
            <governor idx="31">capable</governor>
            <dependent idx="30">was</dependent>
          </dep>
          <dep type="advcl">
            <governor idx="27">resolved</governor>
            <dependent idx="31">capable</dependent>
          </dep>
          <dep type="mark">
            <governor idx="33">solving</governor>
            <dependent idx="32">of</dependent>
          </dep>
          <dep type="advcl">
            <governor idx="31">capable</governor>
            <dependent idx="33">solving</dependent>
          </dep>
          <dep type="det:predet">
            <governor idx="37">requests</governor>
            <dependent idx="34">all</dependent>
          </dep>
          <dep type="det">
            <governor idx="37">requests</governor>
            <dependent idx="35">the</dependent>
          </dep>
          <dep type="compound">
            <governor idx="37">requests</governor>
            <dependent idx="36">online</dependent>
          </dep>
          <dep type="dobj">
            <governor idx="33">solving</governor>
            <dependent idx="37">requests</dependent>
          </dep>
          <dep type="case">
            <governor idx="39">myself</governor>
            <dependent idx="38">by</dependent>
          </dep>
          <dep type="nmod:by">
            <governor idx="33">solving</governor>
            <dependent idx="39">myself</dependent>
          </dep>
          <dep type="mark">
            <governor idx="45">carrying</governor>
            <dependent idx="40">because</dependent>
          </dep>
          <dep type="advmod">
            <governor idx="45">carrying</governor>
            <dependent idx="41">then</dependent>
          </dep>
          <dep type="nsubj">
            <governor idx="45">carrying</governor>
            <dependent idx="42">I</dependent>
          </dep>
          <dep type="aux">
            <governor idx="45">carrying</governor>
            <dependent idx="43">would</dependent>
          </dep>
          <dep type="aux">
            <governor idx="45">carrying</governor>
            <dependent idx="44">be</dependent>
          </dep>
          <dep type="advcl">
            <governor idx="33">solving</governor>
            <dependent idx="45">carrying</dependent>
          </dep>
          <dep type="det">
            <governor idx="48">responsibility</governor>
            <dependent idx="46">an</dependent>
          </dep>
          <dep type="amod">
            <governor idx="48">responsibility</governor>
            <dependent idx="47">equal</dependent>
          </dep>
          <dep type="dobj">
            <governor idx="45">carrying</governor>
            <dependent idx="48">responsibility</dependent>
          </dep>
          <dep type="punct">
            <governor idx="33">solving</governor>
            <dependent idx="49">,</dependent>
          </dep>
          <dep type="cc">
            <governor idx="33">solving</governor>
            <dependent idx="50">rather</dependent>
          </dep>
          <dep type="mwe">
            <governor idx="50">rather</governor>
            <dependent idx="51">than</dependent>
          </dep>
          <dep type="advcl" extra="true">
            <governor idx="31">capable</governor>
            <dependent idx="52">putting</dependent>
          </dep>
          <dep type="conj:negcc">
            <governor idx="33">solving</governor>
            <dependent idx="52">putting</dependent>
          </dep>
          <dep type="amod">
            <governor idx="54">work</governor>
            <dependent idx="53">more</dependent>
          </dep>
          <dep type="dobj">
            <governor idx="52">putting</governor>
            <dependent idx="54">work</dependent>
          </dep>
          <dep type="case">
            <governor idx="56">others</governor>
            <dependent idx="55">on</dependent>
          </dep>
          <dep type="nmod:on">
            <governor idx="52">putting</governor>
            <dependent idx="56">others</dependent>
          </dep>
          <dep type="punct">
            <governor idx="7">worse</governor>
            <dependent idx="57">.</dependent>
          </dep>
        </dependencies>
      </sentence>
      <sentence id="183">
        <tokens>
          <token id="1">
            <word>I</word>
            <lemma>I</lemma>
            <CharacterOffsetBegin>22560</CharacterOffsetBegin>
            <CharacterOffsetEnd>22561</CharacterOffsetEnd>
            <POS>PRP</POS>
            <NER>O</NER>
            <Speaker>PER0</Speaker>
          </token>
          <token id="2">
            <word>understand</word>
            <lemma>understand</lemma>
            <CharacterOffsetBegin>22562</CharacterOffsetBegin>
            <CharacterOffsetEnd>22572</CharacterOffsetEnd>
            <POS>VBP</POS>
            <NER>O</NER>
            <Speaker>PER0</Speaker>
          </token>
          <token id="3">
            <word>that</word>
            <lemma>that</lemma>
            <CharacterOffsetBegin>22573</CharacterOffsetBegin>
            <CharacterOffsetEnd>22577</CharacterOffsetEnd>
            <POS>IN</POS>
            <NER>O</NER>
            <Speaker>PER0</Speaker>
          </token>
          <token id="4">
            <word>I</word>
            <lemma>I</lemma>
            <CharacterOffsetBegin>22578</CharacterOffsetBegin>
            <CharacterOffsetEnd>22579</CharacterOffsetEnd>
            <POS>PRP</POS>
            <NER>O</NER>
            <Speaker>PER0</Speaker>
          </token>
          <token id="5">
            <word>could</word>
            <lemma>could</lemma>
            <CharacterOffsetBegin>22580</CharacterOffsetBegin>
            <CharacterOffsetEnd>22585</CharacterOffsetEnd>
            <POS>MD</POS>
            <NER>O</NER>
            <Speaker>PER0</Speaker>
          </token>
          <token id="6">
            <word>do</word>
            <lemma>do</lemma>
            <CharacterOffsetBegin>22586</CharacterOffsetBegin>
            <CharacterOffsetEnd>22588</CharacterOffsetEnd>
            <POS>VB</POS>
            <NER>O</NER>
            <Speaker>PER0</Speaker>
          </token>
          <token id="7">
            <word>nothing</word>
            <lemma>nothing</lemma>
            <CharacterOffsetBegin>22589</CharacterOffsetBegin>
            <CharacterOffsetEnd>22596</CharacterOffsetEnd>
            <POS>NN</POS>
            <NER>O</NER>
            <Speaker>PER0</Speaker>
          </token>
          <token id="8">
            <word>in</word>
            <lemma>in</lemma>
            <CharacterOffsetBegin>22597</CharacterOffsetBegin>
            <CharacterOffsetEnd>22599</CharacterOffsetEnd>
            <POS>IN</POS>
            <NER>O</NER>
            <Speaker>PER0</Speaker>
          </token>
          <token id="9">
            <word>this</word>
            <lemma>this</lemma>
            <CharacterOffsetBegin>22600</CharacterOffsetBegin>
            <CharacterOffsetEnd>22604</CharacterOffsetEnd>
            <POS>DT</POS>
            <NER>O</NER>
            <Speaker>PER0</Speaker>
          </token>
          <token id="10">
            <word>situation</word>
            <lemma>situation</lemma>
            <CharacterOffsetBegin>22605</CharacterOffsetBegin>
            <CharacterOffsetEnd>22614</CharacterOffsetEnd>
            <POS>NN</POS>
            <NER>O</NER>
            <Speaker>PER0</Speaker>
          </token>
          <token id="11">
            <word>because</word>
            <lemma>because</lemma>
            <CharacterOffsetBegin>22615</CharacterOffsetBegin>
            <CharacterOffsetEnd>22622</CharacterOffsetEnd>
            <POS>IN</POS>
            <NER>O</NER>
            <Speaker>PER0</Speaker>
          </token>
          <token id="12">
            <word>I</word>
            <lemma>I</lemma>
            <CharacterOffsetBegin>22623</CharacterOffsetBegin>
            <CharacterOffsetEnd>22624</CharacterOffsetEnd>
            <POS>PRP</POS>
            <NER>O</NER>
            <Speaker>PER0</Speaker>
          </token>
          <token id="13">
            <word>had</word>
            <lemma>have</lemma>
            <CharacterOffsetBegin>22625</CharacterOffsetBegin>
            <CharacterOffsetEnd>22628</CharacterOffsetEnd>
            <POS>VBD</POS>
            <NER>O</NER>
            <Speaker>PER0</Speaker>
          </token>
          <token id="14">
            <word>handled</word>
            <lemma>handle</lemma>
            <CharacterOffsetBegin>22629</CharacterOffsetBegin>
            <CharacterOffsetEnd>22636</CharacterOffsetEnd>
            <POS>VBN</POS>
            <NER>O</NER>
            <Speaker>PER0</Speaker>
          </token>
          <token id="15">
            <word>the</word>
            <lemma>the</lemma>
            <CharacterOffsetBegin>22637</CharacterOffsetBegin>
            <CharacterOffsetEnd>22640</CharacterOffsetEnd>
            <POS>DT</POS>
            <NER>O</NER>
            <Speaker>PER0</Speaker>
          </token>
          <token id="16">
            <word>tasks</word>
            <lemma>task</lemma>
            <CharacterOffsetBegin>22641</CharacterOffsetBegin>
            <CharacterOffsetEnd>22646</CharacterOffsetEnd>
            <POS>NNS</POS>
            <NER>O</NER>
            <Speaker>PER0</Speaker>
          </token>
          <token id="17">
            <word>that</word>
            <lemma>that</lemma>
            <CharacterOffsetBegin>22647</CharacterOffsetBegin>
            <CharacterOffsetEnd>22651</CharacterOffsetEnd>
            <POS>IN</POS>
            <NER>O</NER>
            <Speaker>PER0</Speaker>
          </token>
          <token id="18">
            <word>I</word>
            <lemma>I</lemma>
            <CharacterOffsetBegin>22652</CharacterOffsetBegin>
            <CharacterOffsetEnd>22653</CharacterOffsetEnd>
            <POS>PRP</POS>
            <NER>O</NER>
            <Speaker>PER0</Speaker>
          </token>
          <token id="19">
            <word>had</word>
            <lemma>have</lemma>
            <CharacterOffsetBegin>22654</CharacterOffsetBegin>
            <CharacterOffsetEnd>22657</CharacterOffsetEnd>
            <POS>VBD</POS>
            <NER>O</NER>
            <Speaker>PER0</Speaker>
          </token>
          <token id="20">
            <word>been</word>
            <lemma>be</lemma>
            <CharacterOffsetBegin>22658</CharacterOffsetBegin>
            <CharacterOffsetEnd>22662</CharacterOffsetEnd>
            <POS>VBN</POS>
            <NER>O</NER>
            <Speaker>PER0</Speaker>
          </token>
          <token id="21">
            <word>trained</word>
            <lemma>train</lemma>
            <CharacterOffsetBegin>22663</CharacterOffsetBegin>
            <CharacterOffsetEnd>22670</CharacterOffsetEnd>
            <POS>VBN</POS>
            <NER>O</NER>
            <Speaker>PER0</Speaker>
          </token>
          <token id="22">
            <word>in</word>
            <lemma>in</lemma>
            <CharacterOffsetBegin>22671</CharacterOffsetBegin>
            <CharacterOffsetEnd>22673</CharacterOffsetEnd>
            <POS>IN</POS>
            <NER>O</NER>
            <Speaker>PER0</Speaker>
          </token>
          <token id="23">
            <word>,</word>
            <lemma>,</lemma>
            <CharacterOffsetBegin>22673</CharacterOffsetBegin>
            <CharacterOffsetEnd>22674</CharacterOffsetEnd>
            <POS>,</POS>
            <NER>O</NER>
            <Speaker>PER0</Speaker>
          </token>
          <token id="24">
            <word>however</word>
            <lemma>however</lemma>
            <CharacterOffsetBegin>22675</CharacterOffsetBegin>
            <CharacterOffsetEnd>22682</CharacterOffsetEnd>
            <POS>RB</POS>
            <NER>O</NER>
            <Speaker>PER0</Speaker>
          </token>
          <token id="25">
            <word>I</word>
            <lemma>I</lemma>
            <CharacterOffsetBegin>22683</CharacterOffsetBegin>
            <CharacterOffsetEnd>22684</CharacterOffsetEnd>
            <POS>PRP</POS>
            <NER>O</NER>
            <Speaker>PER0</Speaker>
          </token>
          <token id="26">
            <word>felt</word>
            <lemma>feel</lemma>
            <CharacterOffsetBegin>22685</CharacterOffsetBegin>
            <CharacterOffsetEnd>22689</CharacterOffsetEnd>
            <POS>VBD</POS>
            <NER>O</NER>
            <Speaker>PER0</Speaker>
          </token>
          <token id="27">
            <word>that</word>
            <lemma>that</lemma>
            <CharacterOffsetBegin>22690</CharacterOffsetBegin>
            <CharacterOffsetEnd>22694</CharacterOffsetEnd>
            <POS>IN</POS>
            <NER>O</NER>
            <Speaker>PER0</Speaker>
          </token>
          <token id="28">
            <word>if</word>
            <lemma>if</lemma>
            <CharacterOffsetBegin>22695</CharacterOffsetBegin>
            <CharacterOffsetEnd>22697</CharacterOffsetEnd>
            <POS>IN</POS>
            <NER>O</NER>
            <Speaker>PER0</Speaker>
          </token>
          <token id="29">
            <word>I</word>
            <lemma>I</lemma>
            <CharacterOffsetBegin>22698</CharacterOffsetBegin>
            <CharacterOffsetEnd>22699</CharacterOffsetEnd>
            <POS>PRP</POS>
            <NER>O</NER>
            <Speaker>PER0</Speaker>
          </token>
          <token id="30">
            <word>knew</word>
            <lemma>know</lemma>
            <CharacterOffsetBegin>22700</CharacterOffsetBegin>
            <CharacterOffsetEnd>22704</CharacterOffsetEnd>
            <POS>VBD</POS>
            <NER>O</NER>
            <Speaker>PER0</Speaker>
          </token>
          <token id="31">
            <word>more</word>
            <lemma>more</lemma>
            <CharacterOffsetBegin>22705</CharacterOffsetBegin>
            <CharacterOffsetEnd>22709</CharacterOffsetEnd>
            <POS>RBR</POS>
            <NER>O</NER>
            <Speaker>PER0</Speaker>
          </token>
          <token id="32">
            <word>I</word>
            <lemma>I</lemma>
            <CharacterOffsetBegin>22710</CharacterOffsetBegin>
            <CharacterOffsetEnd>22711</CharacterOffsetEnd>
            <POS>PRP</POS>
            <NER>O</NER>
            <Speaker>PER0</Speaker>
          </token>
          <token id="33">
            <word>would</word>
            <lemma>would</lemma>
            <CharacterOffsetBegin>22712</CharacterOffsetBegin>
            <CharacterOffsetEnd>22717</CharacterOffsetEnd>
            <POS>MD</POS>
            <NER>O</NER>
            <Speaker>PER0</Speaker>
          </token>
          <token id="34">
            <word>have</word>
            <lemma>have</lemma>
            <CharacterOffsetBegin>22718</CharacterOffsetBegin>
            <CharacterOffsetEnd>22722</CharacterOffsetEnd>
            <POS>VB</POS>
            <NER>O</NER>
            <Speaker>PER0</Speaker>
          </token>
          <token id="35">
            <word>been</word>
            <lemma>be</lemma>
            <CharacterOffsetBegin>22723</CharacterOffsetBegin>
            <CharacterOffsetEnd>22727</CharacterOffsetEnd>
            <POS>VBN</POS>
            <NER>O</NER>
            <Speaker>PER0</Speaker>
          </token>
          <token id="36">
            <word>more</word>
            <lemma>more</lemma>
            <CharacterOffsetBegin>22728</CharacterOffsetBegin>
            <CharacterOffsetEnd>22732</CharacterOffsetEnd>
            <POS>JJR</POS>
            <NER>O</NER>
            <Speaker>PER0</Speaker>
          </token>
          <token id="37">
            <word>help</word>
            <lemma>help</lemma>
            <CharacterOffsetBegin>22733</CharacterOffsetBegin>
            <CharacterOffsetEnd>22737</CharacterOffsetEnd>
            <POS>NN</POS>
            <NER>O</NER>
            <Speaker>PER0</Speaker>
          </token>
          <token id="38">
            <word>and</word>
            <lemma>and</lemma>
            <CharacterOffsetBegin>22738</CharacterOffsetBegin>
            <CharacterOffsetEnd>22741</CharacterOffsetEnd>
            <POS>CC</POS>
            <NER>O</NER>
            <Speaker>PER0</Speaker>
          </token>
          <token id="39">
            <word>the</word>
            <lemma>the</lemma>
            <CharacterOffsetBegin>22742</CharacterOffsetBegin>
            <CharacterOffsetEnd>22745</CharacterOffsetEnd>
            <POS>DT</POS>
            <NER>O</NER>
            <Speaker>PER0</Speaker>
          </token>
          <token id="40">
            <word>situation</word>
            <lemma>situation</lemma>
            <CharacterOffsetBegin>22746</CharacterOffsetBegin>
            <CharacterOffsetEnd>22755</CharacterOffsetEnd>
            <POS>NN</POS>
            <NER>O</NER>
            <Speaker>PER0</Speaker>
          </token>
          <token id="41">
            <word>would</word>
            <lemma>would</lemma>
            <CharacterOffsetBegin>22756</CharacterOffsetBegin>
            <CharacterOffsetEnd>22761</CharacterOffsetEnd>
            <POS>MD</POS>
            <NER>O</NER>
            <Speaker>PER0</Speaker>
          </token>
          <token id="42">
            <word>not</word>
            <lemma>not</lemma>
            <CharacterOffsetBegin>22762</CharacterOffsetBegin>
            <CharacterOffsetEnd>22765</CharacterOffsetEnd>
            <POS>RB</POS>
            <NER>O</NER>
            <Speaker>PER0</Speaker>
          </token>
          <token id="43">
            <word>have</word>
            <lemma>have</lemma>
            <CharacterOffsetBegin>22766</CharacterOffsetBegin>
            <CharacterOffsetEnd>22770</CharacterOffsetEnd>
            <POS>VB</POS>
            <NER>O</NER>
            <Speaker>PER0</Speaker>
          </token>
          <token id="44">
            <word>gotten</word>
            <lemma>get</lemma>
            <CharacterOffsetBegin>22771</CharacterOffsetBegin>
            <CharacterOffsetEnd>22777</CharacterOffsetEnd>
            <POS>VBN</POS>
            <NER>O</NER>
            <Speaker>PER0</Speaker>
          </token>
          <token id="45">
            <word>so</word>
            <lemma>so</lemma>
            <CharacterOffsetBegin>22778</CharacterOffsetBegin>
            <CharacterOffsetEnd>22780</CharacterOffsetEnd>
            <POS>RB</POS>
            <NER>O</NER>
            <Speaker>PER0</Speaker>
          </token>
          <token id="46">
            <word>out</word>
            <lemma>out</lemma>
            <CharacterOffsetBegin>22781</CharacterOffsetBegin>
            <CharacterOffsetEnd>22784</CharacterOffsetEnd>
            <POS>IN</POS>
            <NER>O</NER>
            <Speaker>PER0</Speaker>
          </token>
          <token id="47">
            <word>of</word>
            <lemma>of</lemma>
            <CharacterOffsetBegin>22785</CharacterOffsetBegin>
            <CharacterOffsetEnd>22787</CharacterOffsetEnd>
            <POS>IN</POS>
            <NER>O</NER>
            <Speaker>PER0</Speaker>
          </token>
          <token id="48">
            <word>hand</word>
            <lemma>hand</lemma>
            <CharacterOffsetBegin>22788</CharacterOffsetBegin>
            <CharacterOffsetEnd>22792</CharacterOffsetEnd>
            <POS>NN</POS>
            <NER>O</NER>
            <Speaker>PER0</Speaker>
          </token>
          <token id="49">
            <word>.</word>
            <lemma>.</lemma>
            <CharacterOffsetBegin>22792</CharacterOffsetBegin>
            <CharacterOffsetEnd>22793</CharacterOffsetEnd>
            <POS>.</POS>
            <NER>O</NER>
            <Speaker>PER0</Speaker>
          </token>
        </tokens>
        <parse>(ROOT (S (S (NP (PRP I)) (VP (VBP understand) (SBAR (IN that) (S (NP (PRP I)) (VP (MD could) (VP (VB do) (NP (NN nothing)) (PP (IN in) (NP (DT this) (NN situation))) (SBAR (IN because) (S (NP (PRP I)) (VP (VBD had) (VP (VBN handled) (NP (DT the) (NNS tasks)) (SBAR (IN that) (S (NP (PRP I)) (VP (VBD had) (VP (VBN been) (VP (VBN trained) (PP (IN in))))))))))))))))) (, ,) (S (ADVP (RB however)) (NP (PRP I)) (VP (VBD felt) (SBAR (IN that) (S (SBAR (IN if) (S (NP (PRP I)) (VP (VBD knew) (ADVP (RBR more))))) (NP (PRP I)) (VP (MD would) (VP (VB have) (VP (VBN been) (NP (JJR more) (NN help))))))))) (CC and) (S (NP (DT the) (NN situation)) (VP (MD would) (RB not) (VP (VB have) (VP (VBN gotten) (ADVP (RB so) (IN out)) (PP (IN of) (NP (NN hand))))))) (. .))) </parse>
        <dependencies type="basic-dependencies">
          <dep type="root">
            <governor idx="0">ROOT</governor>
            <dependent idx="2">understand</dependent>
          </dep>
          <dep type="nsubj">
            <governor idx="2">understand</governor>
            <dependent idx="1">I</dependent>
          </dep>
          <dep type="mark">
            <governor idx="6">do</governor>
            <dependent idx="3">that</dependent>
          </dep>
          <dep type="nsubj">
            <governor idx="6">do</governor>
            <dependent idx="4">I</dependent>
          </dep>
          <dep type="aux">
            <governor idx="6">do</governor>
            <dependent idx="5">could</dependent>
          </dep>
          <dep type="ccomp">
            <governor idx="2">understand</governor>
            <dependent idx="6">do</dependent>
          </dep>
          <dep type="dobj">
            <governor idx="6">do</governor>
            <dependent idx="7">nothing</dependent>
          </dep>
          <dep type="case">
            <governor idx="10">situation</governor>
            <dependent idx="8">in</dependent>
          </dep>
          <dep type="det">
            <governor idx="10">situation</governor>
            <dependent idx="9">this</dependent>
          </dep>
          <dep type="nmod">
            <governor idx="6">do</governor>
            <dependent idx="10">situation</dependent>
          </dep>
          <dep type="mark">
            <governor idx="14">handled</governor>
            <dependent idx="11">because</dependent>
          </dep>
          <dep type="nsubj">
            <governor idx="14">handled</governor>
            <dependent idx="12">I</dependent>
          </dep>
          <dep type="aux">
            <governor idx="14">handled</governor>
            <dependent idx="13">had</dependent>
          </dep>
          <dep type="advcl">
            <governor idx="6">do</governor>
            <dependent idx="14">handled</dependent>
          </dep>
          <dep type="det">
            <governor idx="16">tasks</governor>
            <dependent idx="15">the</dependent>
          </dep>
          <dep type="dobj">
            <governor idx="14">handled</governor>
            <dependent idx="16">tasks</dependent>
          </dep>
          <dep type="mark">
            <governor idx="21">trained</governor>
            <dependent idx="17">that</dependent>
          </dep>
          <dep type="nsubjpass">
            <governor idx="21">trained</governor>
            <dependent idx="18">I</dependent>
          </dep>
          <dep type="aux">
            <governor idx="21">trained</governor>
            <dependent idx="19">had</dependent>
          </dep>
          <dep type="auxpass">
            <governor idx="21">trained</governor>
            <dependent idx="20">been</dependent>
          </dep>
          <dep type="ccomp">
            <governor idx="14">handled</governor>
            <dependent idx="21">trained</dependent>
          </dep>
          <dep type="nmod">
            <governor idx="21">trained</governor>
            <dependent idx="22">in</dependent>
          </dep>
          <dep type="punct">
            <governor idx="2">understand</governor>
            <dependent idx="23">,</dependent>
          </dep>
          <dep type="advmod">
            <governor idx="26">felt</governor>
            <dependent idx="24">however</dependent>
          </dep>
          <dep type="nsubj">
            <governor idx="26">felt</governor>
            <dependent idx="25">I</dependent>
          </dep>
          <dep type="conj">
            <governor idx="2">understand</governor>
            <dependent idx="26">felt</dependent>
          </dep>
          <dep type="mark">
            <governor idx="37">help</governor>
            <dependent idx="27">that</dependent>
          </dep>
          <dep type="mark">
            <governor idx="30">knew</governor>
            <dependent idx="28">if</dependent>
          </dep>
          <dep type="nsubj">
            <governor idx="30">knew</governor>
            <dependent idx="29">I</dependent>
          </dep>
          <dep type="advcl">
            <governor idx="37">help</governor>
            <dependent idx="30">knew</dependent>
          </dep>
          <dep type="advmod">
            <governor idx="30">knew</governor>
            <dependent idx="31">more</dependent>
          </dep>
          <dep type="nsubj">
            <governor idx="37">help</governor>
            <dependent idx="32">I</dependent>
          </dep>
          <dep type="aux">
            <governor idx="37">help</governor>
            <dependent idx="33">would</dependent>
          </dep>
          <dep type="aux">
            <governor idx="37">help</governor>
            <dependent idx="34">have</dependent>
          </dep>
          <dep type="cop">
            <governor idx="37">help</governor>
            <dependent idx="35">been</dependent>
          </dep>
          <dep type="amod">
            <governor idx="37">help</governor>
            <dependent idx="36">more</dependent>
          </dep>
          <dep type="ccomp">
            <governor idx="26">felt</governor>
            <dependent idx="37">help</dependent>
          </dep>
          <dep type="cc">
            <governor idx="2">understand</governor>
            <dependent idx="38">and</dependent>
          </dep>
          <dep type="det">
            <governor idx="40">situation</governor>
            <dependent idx="39">the</dependent>
          </dep>
          <dep type="nsubj">
            <governor idx="44">gotten</governor>
            <dependent idx="40">situation</dependent>
          </dep>
          <dep type="aux">
            <governor idx="44">gotten</governor>
            <dependent idx="41">would</dependent>
          </dep>
          <dep type="neg">
            <governor idx="44">gotten</governor>
            <dependent idx="42">not</dependent>
          </dep>
          <dep type="aux">
            <governor idx="44">gotten</governor>
            <dependent idx="43">have</dependent>
          </dep>
          <dep type="conj">
            <governor idx="2">understand</governor>
            <dependent idx="44">gotten</dependent>
          </dep>
          <dep type="advmod">
            <governor idx="44">gotten</governor>
            <dependent idx="45">so</dependent>
          </dep>
          <dep type="case">
            <governor idx="45">so</governor>
            <dependent idx="46">out</dependent>
          </dep>
          <dep type="case">
            <governor idx="48">hand</governor>
            <dependent idx="47">of</dependent>
          </dep>
          <dep type="nmod">
            <governor idx="44">gotten</governor>
            <dependent idx="48">hand</dependent>
          </dep>
          <dep type="punct">
            <governor idx="2">understand</governor>
            <dependent idx="49">.</dependent>
          </dep>
        </dependencies>
        <dependencies type="collapsed-dependencies">
          <dep type="root">
            <governor idx="0">ROOT</governor>
            <dependent idx="2">understand</dependent>
          </dep>
          <dep type="nsubj">
            <governor idx="2">understand</governor>
            <dependent idx="1">I</dependent>
          </dep>
          <dep type="mark">
            <governor idx="6">do</governor>
            <dependent idx="3">that</dependent>
          </dep>
          <dep type="nsubj">
            <governor idx="6">do</governor>
            <dependent idx="4">I</dependent>
          </dep>
          <dep type="aux">
            <governor idx="6">do</governor>
            <dependent idx="5">could</dependent>
          </dep>
          <dep type="ccomp">
            <governor idx="2">understand</governor>
            <dependent idx="6">do</dependent>
          </dep>
          <dep type="dobj">
            <governor idx="6">do</governor>
            <dependent idx="7">nothing</dependent>
          </dep>
          <dep type="case">
            <governor idx="10">situation</governor>
            <dependent idx="8">in</dependent>
          </dep>
          <dep type="det">
            <governor idx="10">situation</governor>
            <dependent idx="9">this</dependent>
          </dep>
          <dep type="nmod:in">
            <governor idx="6">do</governor>
            <dependent idx="10">situation</dependent>
          </dep>
          <dep type="mark">
            <governor idx="14">handled</governor>
            <dependent idx="11">because</dependent>
          </dep>
          <dep type="nsubj">
            <governor idx="14">handled</governor>
            <dependent idx="12">I</dependent>
          </dep>
          <dep type="aux">
            <governor idx="14">handled</governor>
            <dependent idx="13">had</dependent>
          </dep>
          <dep type="advcl">
            <governor idx="6">do</governor>
            <dependent idx="14">handled</dependent>
          </dep>
          <dep type="det">
            <governor idx="16">tasks</governor>
            <dependent idx="15">the</dependent>
          </dep>
          <dep type="dobj">
            <governor idx="14">handled</governor>
            <dependent idx="16">tasks</dependent>
          </dep>
          <dep type="mark">
            <governor idx="21">trained</governor>
            <dependent idx="17">that</dependent>
          </dep>
          <dep type="nsubjpass">
            <governor idx="21">trained</governor>
            <dependent idx="18">I</dependent>
          </dep>
          <dep type="aux">
            <governor idx="21">trained</governor>
            <dependent idx="19">had</dependent>
          </dep>
          <dep type="auxpass">
            <governor idx="21">trained</governor>
            <dependent idx="20">been</dependent>
          </dep>
          <dep type="ccomp">
            <governor idx="14">handled</governor>
            <dependent idx="21">trained</dependent>
          </dep>
          <dep type="nmod">
            <governor idx="21">trained</governor>
            <dependent idx="22">in</dependent>
          </dep>
          <dep type="punct">
            <governor idx="2">understand</governor>
            <dependent idx="23">,</dependent>
          </dep>
          <dep type="advmod">
            <governor idx="26">felt</governor>
            <dependent idx="24">however</dependent>
          </dep>
          <dep type="nsubj">
            <governor idx="26">felt</governor>
            <dependent idx="25">I</dependent>
          </dep>
          <dep type="conj:and">
            <governor idx="2">understand</governor>
            <dependent idx="26">felt</dependent>
          </dep>
          <dep type="mark">
            <governor idx="37">help</governor>
            <dependent idx="27">that</dependent>
          </dep>
          <dep type="mark">
            <governor idx="30">knew</governor>
            <dependent idx="28">if</dependent>
          </dep>
          <dep type="nsubj">
            <governor idx="30">knew</governor>
            <dependent idx="29">I</dependent>
          </dep>
          <dep type="advcl">
            <governor idx="37">help</governor>
            <dependent idx="30">knew</dependent>
          </dep>
          <dep type="advmod">
            <governor idx="30">knew</governor>
            <dependent idx="31">more</dependent>
          </dep>
          <dep type="nsubj">
            <governor idx="37">help</governor>
            <dependent idx="32">I</dependent>
          </dep>
          <dep type="aux">
            <governor idx="37">help</governor>
            <dependent idx="33">would</dependent>
          </dep>
          <dep type="aux">
            <governor idx="37">help</governor>
            <dependent idx="34">have</dependent>
          </dep>
          <dep type="cop">
            <governor idx="37">help</governor>
            <dependent idx="35">been</dependent>
          </dep>
          <dep type="amod">
            <governor idx="37">help</governor>
            <dependent idx="36">more</dependent>
          </dep>
          <dep type="ccomp">
            <governor idx="26">felt</governor>
            <dependent idx="37">help</dependent>
          </dep>
          <dep type="cc">
            <governor idx="2">understand</governor>
            <dependent idx="38">and</dependent>
          </dep>
          <dep type="det">
            <governor idx="40">situation</governor>
            <dependent idx="39">the</dependent>
          </dep>
          <dep type="nsubj">
            <governor idx="44">gotten</governor>
            <dependent idx="40">situation</dependent>
          </dep>
          <dep type="aux">
            <governor idx="44">gotten</governor>
            <dependent idx="41">would</dependent>
          </dep>
          <dep type="neg">
            <governor idx="44">gotten</governor>
            <dependent idx="42">not</dependent>
          </dep>
          <dep type="aux">
            <governor idx="44">gotten</governor>
            <dependent idx="43">have</dependent>
          </dep>
          <dep type="conj:and">
            <governor idx="2">understand</governor>
            <dependent idx="44">gotten</dependent>
          </dep>
          <dep type="advmod">
            <governor idx="44">gotten</governor>
            <dependent idx="45">so</dependent>
          </dep>
          <dep type="case">
            <governor idx="45">so</governor>
            <dependent idx="46">out</dependent>
          </dep>
          <dep type="case">
            <governor idx="48">hand</governor>
            <dependent idx="47">of</dependent>
          </dep>
          <dep type="nmod:of">
            <governor idx="44">gotten</governor>
            <dependent idx="48">hand</dependent>
          </dep>
          <dep type="punct">
            <governor idx="2">understand</governor>
            <dependent idx="49">.</dependent>
          </dep>
        </dependencies>
        <dependencies type="collapsed-ccprocessed-dependencies">
          <dep type="root">
            <governor idx="0">ROOT</governor>
            <dependent idx="2">understand</dependent>
          </dep>
          <dep type="nsubj">
            <governor idx="2">understand</governor>
            <dependent idx="1">I</dependent>
          </dep>
          <dep type="mark">
            <governor idx="6">do</governor>
            <dependent idx="3">that</dependent>
          </dep>
          <dep type="nsubj">
            <governor idx="6">do</governor>
            <dependent idx="4">I</dependent>
          </dep>
          <dep type="aux">
            <governor idx="6">do</governor>
            <dependent idx="5">could</dependent>
          </dep>
          <dep type="ccomp">
            <governor idx="2">understand</governor>
            <dependent idx="6">do</dependent>
          </dep>
          <dep type="dobj">
            <governor idx="6">do</governor>
            <dependent idx="7">nothing</dependent>
          </dep>
          <dep type="case">
            <governor idx="10">situation</governor>
            <dependent idx="8">in</dependent>
          </dep>
          <dep type="det">
            <governor idx="10">situation</governor>
            <dependent idx="9">this</dependent>
          </dep>
          <dep type="nmod:in">
            <governor idx="6">do</governor>
            <dependent idx="10">situation</dependent>
          </dep>
          <dep type="mark">
            <governor idx="14">handled</governor>
            <dependent idx="11">because</dependent>
          </dep>
          <dep type="nsubj">
            <governor idx="14">handled</governor>
            <dependent idx="12">I</dependent>
          </dep>
          <dep type="aux">
            <governor idx="14">handled</governor>
            <dependent idx="13">had</dependent>
          </dep>
          <dep type="advcl">
            <governor idx="6">do</governor>
            <dependent idx="14">handled</dependent>
          </dep>
          <dep type="det">
            <governor idx="16">tasks</governor>
            <dependent idx="15">the</dependent>
          </dep>
          <dep type="dobj">
            <governor idx="14">handled</governor>
            <dependent idx="16">tasks</dependent>
          </dep>
          <dep type="mark">
            <governor idx="21">trained</governor>
            <dependent idx="17">that</dependent>
          </dep>
          <dep type="nsubjpass">
            <governor idx="21">trained</governor>
            <dependent idx="18">I</dependent>
          </dep>
          <dep type="aux">
            <governor idx="21">trained</governor>
            <dependent idx="19">had</dependent>
          </dep>
          <dep type="auxpass">
            <governor idx="21">trained</governor>
            <dependent idx="20">been</dependent>
          </dep>
          <dep type="ccomp">
            <governor idx="14">handled</governor>
            <dependent idx="21">trained</dependent>
          </dep>
          <dep type="nmod">
            <governor idx="21">trained</governor>
            <dependent idx="22">in</dependent>
          </dep>
          <dep type="punct">
            <governor idx="2">understand</governor>
            <dependent idx="23">,</dependent>
          </dep>
          <dep type="advmod">
            <governor idx="26">felt</governor>
            <dependent idx="24">however</dependent>
          </dep>
          <dep type="nsubj">
            <governor idx="26">felt</governor>
            <dependent idx="25">I</dependent>
          </dep>
          <dep type="conj:and">
            <governor idx="2">understand</governor>
            <dependent idx="26">felt</dependent>
          </dep>
          <dep type="mark">
            <governor idx="37">help</governor>
            <dependent idx="27">that</dependent>
          </dep>
          <dep type="mark">
            <governor idx="30">knew</governor>
            <dependent idx="28">if</dependent>
          </dep>
          <dep type="nsubj">
            <governor idx="30">knew</governor>
            <dependent idx="29">I</dependent>
          </dep>
          <dep type="advcl">
            <governor idx="37">help</governor>
            <dependent idx="30">knew</dependent>
          </dep>
          <dep type="advmod">
            <governor idx="30">knew</governor>
            <dependent idx="31">more</dependent>
          </dep>
          <dep type="nsubj">
            <governor idx="37">help</governor>
            <dependent idx="32">I</dependent>
          </dep>
          <dep type="aux">
            <governor idx="37">help</governor>
            <dependent idx="33">would</dependent>
          </dep>
          <dep type="aux">
            <governor idx="37">help</governor>
            <dependent idx="34">have</dependent>
          </dep>
          <dep type="cop">
            <governor idx="37">help</governor>
            <dependent idx="35">been</dependent>
          </dep>
          <dep type="amod">
            <governor idx="37">help</governor>
            <dependent idx="36">more</dependent>
          </dep>
          <dep type="ccomp">
            <governor idx="26">felt</governor>
            <dependent idx="37">help</dependent>
          </dep>
          <dep type="cc">
            <governor idx="2">understand</governor>
            <dependent idx="38">and</dependent>
          </dep>
          <dep type="det">
            <governor idx="40">situation</governor>
            <dependent idx="39">the</dependent>
          </dep>
          <dep type="nsubj">
            <governor idx="44">gotten</governor>
            <dependent idx="40">situation</dependent>
          </dep>
          <dep type="aux">
            <governor idx="44">gotten</governor>
            <dependent idx="41">would</dependent>
          </dep>
          <dep type="neg">
            <governor idx="44">gotten</governor>
            <dependent idx="42">not</dependent>
          </dep>
          <dep type="aux">
            <governor idx="44">gotten</governor>
            <dependent idx="43">have</dependent>
          </dep>
          <dep type="conj:and">
            <governor idx="2">understand</governor>
            <dependent idx="44">gotten</dependent>
          </dep>
          <dep type="advmod">
            <governor idx="44">gotten</governor>
            <dependent idx="45">so</dependent>
          </dep>
          <dep type="case">
            <governor idx="45">so</governor>
            <dependent idx="46">out</dependent>
          </dep>
          <dep type="case">
            <governor idx="48">hand</governor>
            <dependent idx="47">of</dependent>
          </dep>
          <dep type="nmod:of">
            <governor idx="44">gotten</governor>
            <dependent idx="48">hand</dependent>
          </dep>
          <dep type="punct">
            <governor idx="2">understand</governor>
            <dependent idx="49">.</dependent>
          </dep>
        </dependencies>
      </sentence>
      <sentence id="184">
        <tokens>
          <token id="1">
            <word>In</word>
            <lemma>in</lemma>
            <CharacterOffsetBegin>22794</CharacterOffsetBegin>
            <CharacterOffsetEnd>22796</CharacterOffsetEnd>
            <POS>IN</POS>
            <NER>O</NER>
            <Speaker>PER0</Speaker>
          </token>
          <token id="2">
            <word>the</word>
            <lemma>the</lemma>
            <CharacterOffsetBegin>22797</CharacterOffsetBegin>
            <CharacterOffsetEnd>22800</CharacterOffsetEnd>
            <POS>DT</POS>
            <NER>O</NER>
            <Speaker>PER0</Speaker>
          </token>
          <token id="3">
            <word>end</word>
            <lemma>end</lemma>
            <CharacterOffsetBegin>22801</CharacterOffsetBegin>
            <CharacterOffsetEnd>22804</CharacterOffsetEnd>
            <POS>NN</POS>
            <NER>O</NER>
            <Speaker>PER0</Speaker>
          </token>
          <token id="4">
            <word>I</word>
            <lemma>I</lemma>
            <CharacterOffsetBegin>22805</CharacterOffsetBegin>
            <CharacterOffsetEnd>22806</CharacterOffsetEnd>
            <POS>PRP</POS>
            <NER>O</NER>
            <Speaker>PER0</Speaker>
          </token>
          <token id="5">
            <word>felt</word>
            <lemma>feel</lemma>
            <CharacterOffsetBegin>22807</CharacterOffsetBegin>
            <CharacterOffsetEnd>22811</CharacterOffsetEnd>
            <POS>VBD</POS>
            <NER>O</NER>
            <Speaker>PER0</Speaker>
          </token>
          <token id="6">
            <word>quite</word>
            <lemma>quite</lemma>
            <CharacterOffsetBegin>22812</CharacterOffsetBegin>
            <CharacterOffsetEnd>22817</CharacterOffsetEnd>
            <POS>RB</POS>
            <NER>O</NER>
            <Speaker>PER0</Speaker>
          </token>
          <token id="7">
            <word>useless</word>
            <lemma>useless</lemma>
            <CharacterOffsetBegin>22818</CharacterOffsetBegin>
            <CharacterOffsetEnd>22825</CharacterOffsetEnd>
            <POS>JJ</POS>
            <NER>O</NER>
            <Speaker>PER0</Speaker>
          </token>
          <token id="8">
            <word>and</word>
            <lemma>and</lemma>
            <CharacterOffsetBegin>22826</CharacterOffsetBegin>
            <CharacterOffsetEnd>22829</CharacterOffsetEnd>
            <POS>CC</POS>
            <NER>O</NER>
            <Speaker>PER0</Speaker>
          </token>
          <token id="9">
            <word>frustrated</word>
            <lemma>frustrated</lemma>
            <CharacterOffsetBegin>22830</CharacterOffsetBegin>
            <CharacterOffsetEnd>22840</CharacterOffsetEnd>
            <POS>JJ</POS>
            <NER>O</NER>
            <Speaker>PER0</Speaker>
          </token>
          <token id="10">
            <word>that</word>
            <lemma>that</lemma>
            <CharacterOffsetBegin>22841</CharacterOffsetBegin>
            <CharacterOffsetEnd>22845</CharacterOffsetEnd>
            <POS>IN</POS>
            <NER>O</NER>
            <Speaker>PER0</Speaker>
          </token>
          <token id="11">
            <word>my</word>
            <lemma>my</lemma>
            <CharacterOffsetBegin>22846</CharacterOffsetBegin>
            <CharacterOffsetEnd>22848</CharacterOffsetEnd>
            <POS>PRP$</POS>
            <NER>O</NER>
            <Speaker>PER0</Speaker>
          </token>
          <token id="12">
            <word>knowledge</word>
            <lemma>knowledge</lemma>
            <CharacterOffsetBegin>22849</CharacterOffsetBegin>
            <CharacterOffsetEnd>22858</CharacterOffsetEnd>
            <POS>NN</POS>
            <NER>O</NER>
            <Speaker>PER0</Speaker>
          </token>
          <token id="13">
            <word>after</word>
            <lemma>after</lemma>
            <CharacterOffsetBegin>22859</CharacterOffsetBegin>
            <CharacterOffsetEnd>22864</CharacterOffsetEnd>
            <POS>IN</POS>
            <NER>O</NER>
            <Speaker>PER0</Speaker>
          </token>
          <token id="14">
            <word>almost</word>
            <lemma>almost</lemma>
            <CharacterOffsetBegin>22865</CharacterOffsetBegin>
            <CharacterOffsetEnd>22871</CharacterOffsetEnd>
            <POS>RB</POS>
            <NER>O</NER>
            <Speaker>PER0</Speaker>
          </token>
          <token id="15">
            <word>three</word>
            <lemma>three</lemma>
            <CharacterOffsetBegin>22872</CharacterOffsetBegin>
            <CharacterOffsetEnd>22877</CharacterOffsetEnd>
            <POS>CD</POS>
            <NER>DURATION</NER>
            <NormalizedNER>P3W</NormalizedNER>
            <Speaker>PER0</Speaker>
            <Timex tid="t35" type="DURATION">P3W</Timex>
          </token>
          <token id="16">
            <word>weeks</word>
            <lemma>week</lemma>
            <CharacterOffsetBegin>22878</CharacterOffsetBegin>
            <CharacterOffsetEnd>22883</CharacterOffsetEnd>
            <POS>NNS</POS>
            <NER>DURATION</NER>
            <NormalizedNER>P3W</NormalizedNER>
            <Speaker>PER0</Speaker>
            <Timex tid="t35" type="DURATION">P3W</Timex>
          </token>
          <token id="17">
            <word>in</word>
            <lemma>in</lemma>
            <CharacterOffsetBegin>22884</CharacterOffsetBegin>
            <CharacterOffsetEnd>22886</CharacterOffsetEnd>
            <POS>IN</POS>
            <NER>O</NER>
            <Speaker>PER0</Speaker>
          </token>
          <token id="18">
            <word>the</word>
            <lemma>the</lemma>
            <CharacterOffsetBegin>22887</CharacterOffsetBegin>
            <CharacterOffsetEnd>22890</CharacterOffsetEnd>
            <POS>DT</POS>
            <NER>O</NER>
            <Speaker>PER0</Speaker>
          </token>
          <token id="19">
            <word>role</word>
            <lemma>role</lemma>
            <CharacterOffsetBegin>22891</CharacterOffsetBegin>
            <CharacterOffsetEnd>22895</CharacterOffsetEnd>
            <POS>NN</POS>
            <NER>O</NER>
            <Speaker>PER0</Speaker>
          </token>
          <token id="20">
            <word>was</word>
            <lemma>be</lemma>
            <CharacterOffsetBegin>22896</CharacterOffsetBegin>
            <CharacterOffsetEnd>22899</CharacterOffsetEnd>
            <POS>VBD</POS>
            <NER>O</NER>
            <Speaker>PER0</Speaker>
          </token>
          <token id="21">
            <word>indeed</word>
            <lemma>indeed</lemma>
            <CharacterOffsetBegin>22900</CharacterOffsetBegin>
            <CharacterOffsetEnd>22906</CharacterOffsetEnd>
            <POS>RB</POS>
            <NER>O</NER>
            <Speaker>PER0</Speaker>
          </token>
          <token id="22">
            <word>limited</word>
            <lemma>limit</lemma>
            <CharacterOffsetBegin>22907</CharacterOffsetBegin>
            <CharacterOffsetEnd>22914</CharacterOffsetEnd>
            <POS>VBN</POS>
            <NER>O</NER>
            <Speaker>PER0</Speaker>
          </token>
          <token id="23">
            <word>.</word>
            <lemma>.</lemma>
            <CharacterOffsetBegin>22914</CharacterOffsetBegin>
            <CharacterOffsetEnd>22915</CharacterOffsetEnd>
            <POS>.</POS>
            <NER>O</NER>
            <Speaker>PER0</Speaker>
          </token>
        </tokens>
        <parse>(ROOT (S (PP (IN In) (NP (DT the) (NN end))) (NP (PRP I)) (VP (VBD felt) (ADJP (RB quite) (JJ useless) (CC and) (JJ frustrated) (SBAR (IN that) (S (NP (NP (PRP$ my) (NN knowledge)) (PP (IN after) (NP (NP (QP (RB almost) (CD three)) (NNS weeks)) (PP (IN in) (NP (DT the) (NN role)))))) (VP (VBD was) (VP (ADVP (RB indeed)) (VBN limited))))))) (. .))) </parse>
        <dependencies type="basic-dependencies">
          <dep type="root">
            <governor idx="0">ROOT</governor>
            <dependent idx="5">felt</dependent>
          </dep>
          <dep type="case">
            <governor idx="3">end</governor>
            <dependent idx="1">In</dependent>
          </dep>
          <dep type="det">
            <governor idx="3">end</governor>
            <dependent idx="2">the</dependent>
          </dep>
          <dep type="nmod">
            <governor idx="5">felt</governor>
            <dependent idx="3">end</dependent>
          </dep>
          <dep type="nsubj">
            <governor idx="5">felt</governor>
            <dependent idx="4">I</dependent>
          </dep>
          <dep type="advmod">
            <governor idx="7">useless</governor>
            <dependent idx="6">quite</dependent>
          </dep>
          <dep type="xcomp">
            <governor idx="5">felt</governor>
            <dependent idx="7">useless</dependent>
          </dep>
          <dep type="cc">
            <governor idx="7">useless</governor>
            <dependent idx="8">and</dependent>
          </dep>
          <dep type="conj">
            <governor idx="7">useless</governor>
            <dependent idx="9">frustrated</dependent>
          </dep>
          <dep type="mark">
            <governor idx="22">limited</governor>
            <dependent idx="10">that</dependent>
          </dep>
          <dep type="nmod:poss">
            <governor idx="12">knowledge</governor>
            <dependent idx="11">my</dependent>
          </dep>
          <dep type="nsubjpass">
            <governor idx="22">limited</governor>
            <dependent idx="12">knowledge</dependent>
          </dep>
          <dep type="case">
            <governor idx="16">weeks</governor>
            <dependent idx="13">after</dependent>
          </dep>
          <dep type="advmod">
            <governor idx="15">three</governor>
            <dependent idx="14">almost</dependent>
          </dep>
          <dep type="nummod">
            <governor idx="16">weeks</governor>
            <dependent idx="15">three</dependent>
          </dep>
          <dep type="nmod">
            <governor idx="12">knowledge</governor>
            <dependent idx="16">weeks</dependent>
          </dep>
          <dep type="case">
            <governor idx="19">role</governor>
            <dependent idx="17">in</dependent>
          </dep>
          <dep type="det">
            <governor idx="19">role</governor>
            <dependent idx="18">the</dependent>
          </dep>
          <dep type="nmod">
            <governor idx="16">weeks</governor>
            <dependent idx="19">role</dependent>
          </dep>
          <dep type="auxpass">
            <governor idx="22">limited</governor>
            <dependent idx="20">was</dependent>
          </dep>
          <dep type="advmod">
            <governor idx="22">limited</governor>
            <dependent idx="21">indeed</dependent>
          </dep>
          <dep type="ccomp">
            <governor idx="7">useless</governor>
            <dependent idx="22">limited</dependent>
          </dep>
          <dep type="punct">
            <governor idx="5">felt</governor>
            <dependent idx="23">.</dependent>
          </dep>
        </dependencies>
        <dependencies type="collapsed-dependencies">
          <dep type="root">
            <governor idx="0">ROOT</governor>
            <dependent idx="5">felt</dependent>
          </dep>
          <dep type="case">
            <governor idx="3">end</governor>
            <dependent idx="1">In</dependent>
          </dep>
          <dep type="det">
            <governor idx="3">end</governor>
            <dependent idx="2">the</dependent>
          </dep>
          <dep type="nmod:in">
            <governor idx="5">felt</governor>
            <dependent idx="3">end</dependent>
          </dep>
          <dep type="nsubj">
            <governor idx="5">felt</governor>
            <dependent idx="4">I</dependent>
          </dep>
          <dep type="advmod">
            <governor idx="7">useless</governor>
            <dependent idx="6">quite</dependent>
          </dep>
          <dep type="xcomp">
            <governor idx="5">felt</governor>
            <dependent idx="7">useless</dependent>
          </dep>
          <dep type="cc">
            <governor idx="7">useless</governor>
            <dependent idx="8">and</dependent>
          </dep>
          <dep type="conj:and">
            <governor idx="7">useless</governor>
            <dependent idx="9">frustrated</dependent>
          </dep>
          <dep type="mark">
            <governor idx="22">limited</governor>
            <dependent idx="10">that</dependent>
          </dep>
          <dep type="nmod:poss">
            <governor idx="12">knowledge</governor>
            <dependent idx="11">my</dependent>
          </dep>
          <dep type="nsubjpass">
            <governor idx="22">limited</governor>
            <dependent idx="12">knowledge</dependent>
          </dep>
          <dep type="case">
            <governor idx="16">weeks</governor>
            <dependent idx="13">after</dependent>
          </dep>
          <dep type="advmod">
            <governor idx="15">three</governor>
            <dependent idx="14">almost</dependent>
          </dep>
          <dep type="nummod">
            <governor idx="16">weeks</governor>
            <dependent idx="15">three</dependent>
          </dep>
          <dep type="nmod:after">
            <governor idx="12">knowledge</governor>
            <dependent idx="16">weeks</dependent>
          </dep>
          <dep type="case">
            <governor idx="19">role</governor>
            <dependent idx="17">in</dependent>
          </dep>
          <dep type="det">
            <governor idx="19">role</governor>
            <dependent idx="18">the</dependent>
          </dep>
          <dep type="nmod:in">
            <governor idx="16">weeks</governor>
            <dependent idx="19">role</dependent>
          </dep>
          <dep type="auxpass">
            <governor idx="22">limited</governor>
            <dependent idx="20">was</dependent>
          </dep>
          <dep type="advmod">
            <governor idx="22">limited</governor>
            <dependent idx="21">indeed</dependent>
          </dep>
          <dep type="ccomp">
            <governor idx="7">useless</governor>
            <dependent idx="22">limited</dependent>
          </dep>
          <dep type="punct">
            <governor idx="5">felt</governor>
            <dependent idx="23">.</dependent>
          </dep>
        </dependencies>
        <dependencies type="collapsed-ccprocessed-dependencies">
          <dep type="root">
            <governor idx="0">ROOT</governor>
            <dependent idx="5">felt</dependent>
          </dep>
          <dep type="case">
            <governor idx="3">end</governor>
            <dependent idx="1">In</dependent>
          </dep>
          <dep type="det">
            <governor idx="3">end</governor>
            <dependent idx="2">the</dependent>
          </dep>
          <dep type="nmod:in">
            <governor idx="5">felt</governor>
            <dependent idx="3">end</dependent>
          </dep>
          <dep type="nsubj">
            <governor idx="5">felt</governor>
            <dependent idx="4">I</dependent>
          </dep>
          <dep type="advmod">
            <governor idx="7">useless</governor>
            <dependent idx="6">quite</dependent>
          </dep>
          <dep type="xcomp">
            <governor idx="5">felt</governor>
            <dependent idx="7">useless</dependent>
          </dep>
          <dep type="cc">
            <governor idx="7">useless</governor>
            <dependent idx="8">and</dependent>
          </dep>
          <dep type="xcomp" extra="true">
            <governor idx="5">felt</governor>
            <dependent idx="9">frustrated</dependent>
          </dep>
          <dep type="conj:and">
            <governor idx="7">useless</governor>
            <dependent idx="9">frustrated</dependent>
          </dep>
          <dep type="mark">
            <governor idx="22">limited</governor>
            <dependent idx="10">that</dependent>
          </dep>
          <dep type="nmod:poss">
            <governor idx="12">knowledge</governor>
            <dependent idx="11">my</dependent>
          </dep>
          <dep type="nsubjpass">
            <governor idx="22">limited</governor>
            <dependent idx="12">knowledge</dependent>
          </dep>
          <dep type="case">
            <governor idx="16">weeks</governor>
            <dependent idx="13">after</dependent>
          </dep>
          <dep type="advmod">
            <governor idx="15">three</governor>
            <dependent idx="14">almost</dependent>
          </dep>
          <dep type="nummod">
            <governor idx="16">weeks</governor>
            <dependent idx="15">three</dependent>
          </dep>
          <dep type="nmod:after">
            <governor idx="12">knowledge</governor>
            <dependent idx="16">weeks</dependent>
          </dep>
          <dep type="case">
            <governor idx="19">role</governor>
            <dependent idx="17">in</dependent>
          </dep>
          <dep type="det">
            <governor idx="19">role</governor>
            <dependent idx="18">the</dependent>
          </dep>
          <dep type="nmod:in">
            <governor idx="16">weeks</governor>
            <dependent idx="19">role</dependent>
          </dep>
          <dep type="auxpass">
            <governor idx="22">limited</governor>
            <dependent idx="20">was</dependent>
          </dep>
          <dep type="advmod">
            <governor idx="22">limited</governor>
            <dependent idx="21">indeed</dependent>
          </dep>
          <dep type="ccomp">
            <governor idx="7">useless</governor>
            <dependent idx="22">limited</dependent>
          </dep>
          <dep type="punct">
            <governor idx="5">felt</governor>
            <dependent idx="23">.</dependent>
          </dep>
        </dependencies>
      </sentence>
      <sentence id="185">
        <tokens>
          <token id="1">
            <word>Personally</word>
            <lemma>personally</lemma>
            <CharacterOffsetBegin>22916</CharacterOffsetBegin>
            <CharacterOffsetEnd>22926</CharacterOffsetEnd>
            <POS>RB</POS>
            <NER>O</NER>
            <Speaker>PER0</Speaker>
          </token>
          <token id="2">
            <word>I</word>
            <lemma>I</lemma>
            <CharacterOffsetBegin>22927</CharacterOffsetBegin>
            <CharacterOffsetEnd>22928</CharacterOffsetEnd>
            <POS>PRP</POS>
            <NER>O</NER>
            <Speaker>PER0</Speaker>
          </token>
          <token id="3">
            <word>believe</word>
            <lemma>believe</lemma>
            <CharacterOffsetBegin>22929</CharacterOffsetBegin>
            <CharacterOffsetEnd>22936</CharacterOffsetEnd>
            <POS>VBP</POS>
            <NER>O</NER>
            <Speaker>PER0</Speaker>
          </token>
          <token id="4">
            <word>I</word>
            <lemma>I</lemma>
            <CharacterOffsetBegin>22937</CharacterOffsetBegin>
            <CharacterOffsetEnd>22938</CharacterOffsetEnd>
            <POS>PRP</POS>
            <NER>O</NER>
            <Speaker>PER0</Speaker>
          </token>
          <token id="5">
            <word>performed</word>
            <lemma>perform</lemma>
            <CharacterOffsetBegin>22939</CharacterOffsetBegin>
            <CharacterOffsetEnd>22948</CharacterOffsetEnd>
            <POS>VBN</POS>
            <NER>O</NER>
            <Speaker>PER0</Speaker>
          </token>
          <token id="6">
            <word>well</word>
            <lemma>well</lemma>
            <CharacterOffsetBegin>22949</CharacterOffsetBegin>
            <CharacterOffsetEnd>22953</CharacterOffsetEnd>
            <POS>RB</POS>
            <NER>O</NER>
            <Speaker>PER0</Speaker>
          </token>
          <token id="7">
            <word>in</word>
            <lemma>in</lemma>
            <CharacterOffsetBegin>22954</CharacterOffsetBegin>
            <CharacterOffsetEnd>22956</CharacterOffsetEnd>
            <POS>IN</POS>
            <NER>O</NER>
            <Speaker>PER0</Speaker>
          </token>
          <token id="8">
            <word>the</word>
            <lemma>the</lemma>
            <CharacterOffsetBegin>22957</CharacterOffsetBegin>
            <CharacterOffsetEnd>22960</CharacterOffsetEnd>
            <POS>DT</POS>
            <NER>O</NER>
            <Speaker>PER0</Speaker>
          </token>
          <token id="9">
            <word>things</word>
            <lemma>thing</lemma>
            <CharacterOffsetBegin>22961</CharacterOffsetBegin>
            <CharacterOffsetEnd>22967</CharacterOffsetEnd>
            <POS>NNS</POS>
            <NER>O</NER>
            <Speaker>PER0</Speaker>
          </token>
          <token id="10">
            <word>I</word>
            <lemma>I</lemma>
            <CharacterOffsetBegin>22968</CharacterOffsetBegin>
            <CharacterOffsetEnd>22969</CharacterOffsetEnd>
            <POS>PRP</POS>
            <NER>O</NER>
            <Speaker>PER0</Speaker>
          </token>
          <token id="11">
            <word>felt</word>
            <lemma>feel</lemma>
            <CharacterOffsetBegin>22970</CharacterOffsetBegin>
            <CharacterOffsetEnd>22974</CharacterOffsetEnd>
            <POS>VBD</POS>
            <NER>O</NER>
            <Speaker>PER0</Speaker>
          </token>
          <token id="12">
            <word>qualified</word>
            <lemma>qualify</lemma>
            <CharacterOffsetBegin>22975</CharacterOffsetBegin>
            <CharacterOffsetEnd>22984</CharacterOffsetEnd>
            <POS>VBN</POS>
            <NER>O</NER>
            <Speaker>PER0</Speaker>
          </token>
          <token id="13">
            <word>to</word>
            <lemma>to</lemma>
            <CharacterOffsetBegin>22985</CharacterOffsetBegin>
            <CharacterOffsetEnd>22987</CharacterOffsetEnd>
            <POS>TO</POS>
            <NER>O</NER>
            <Speaker>PER0</Speaker>
          </token>
          <token id="14">
            <word>do</word>
            <lemma>do</lemma>
            <CharacterOffsetBegin>22988</CharacterOffsetBegin>
            <CharacterOffsetEnd>22990</CharacterOffsetEnd>
            <POS>VB</POS>
            <NER>O</NER>
            <Speaker>PER0</Speaker>
          </token>
          <token id="15">
            <word>,</word>
            <lemma>,</lemma>
            <CharacterOffsetBegin>22990</CharacterOffsetBegin>
            <CharacterOffsetEnd>22991</CharacterOffsetEnd>
            <POS>,</POS>
            <NER>O</NER>
            <Speaker>PER0</Speaker>
          </token>
          <token id="16">
            <word>but</word>
            <lemma>but</lemma>
            <CharacterOffsetBegin>22992</CharacterOffsetBegin>
            <CharacterOffsetEnd>22995</CharacterOffsetEnd>
            <POS>CC</POS>
            <NER>O</NER>
            <Speaker>PER0</Speaker>
          </token>
          <token id="17">
            <word>as</word>
            <lemma>as</lemma>
            <CharacterOffsetBegin>22996</CharacterOffsetBegin>
            <CharacterOffsetEnd>22998</CharacterOffsetEnd>
            <POS>IN</POS>
            <NER>O</NER>
            <Speaker>PER0</Speaker>
          </token>
          <token id="18">
            <word>for</word>
            <lemma>for</lemma>
            <CharacterOffsetBegin>22999</CharacterOffsetBegin>
            <CharacterOffsetEnd>23002</CharacterOffsetEnd>
            <POS>IN</POS>
            <NER>O</NER>
            <Speaker>PER0</Speaker>
          </token>
          <token id="19">
            <word>those</word>
            <lemma>those</lemma>
            <CharacterOffsetBegin>23003</CharacterOffsetBegin>
            <CharacterOffsetEnd>23008</CharacterOffsetEnd>
            <POS>DT</POS>
            <NER>O</NER>
            <Speaker>PER0</Speaker>
          </token>
          <token id="20">
            <word>that</word>
            <lemma>that</lemma>
            <CharacterOffsetBegin>23009</CharacterOffsetBegin>
            <CharacterOffsetEnd>23013</CharacterOffsetEnd>
            <POS>WDT</POS>
            <NER>O</NER>
            <Speaker>PER0</Speaker>
          </token>
          <token id="21">
            <word>I</word>
            <lemma>I</lemma>
            <CharacterOffsetBegin>23014</CharacterOffsetBegin>
            <CharacterOffsetEnd>23015</CharacterOffsetEnd>
            <POS>PRP</POS>
            <NER>O</NER>
            <Speaker>PER0</Speaker>
          </token>
          <token id="22">
            <word>had</word>
            <lemma>have</lemma>
            <CharacterOffsetBegin>23016</CharacterOffsetBegin>
            <CharacterOffsetEnd>23019</CharacterOffsetEnd>
            <POS>VBD</POS>
            <NER>O</NER>
            <Speaker>PER0</Speaker>
          </token>
          <token id="23">
            <word>not</word>
            <lemma>not</lemma>
            <CharacterOffsetBegin>23020</CharacterOffsetBegin>
            <CharacterOffsetEnd>23023</CharacterOffsetEnd>
            <POS>RB</POS>
            <NER>O</NER>
            <Speaker>PER0</Speaker>
          </token>
          <token id="24">
            <word>been</word>
            <lemma>be</lemma>
            <CharacterOffsetBegin>23024</CharacterOffsetBegin>
            <CharacterOffsetEnd>23028</CharacterOffsetEnd>
            <POS>VBN</POS>
            <NER>O</NER>
            <Speaker>PER0</Speaker>
          </token>
          <token id="25">
            <word>trained</word>
            <lemma>train</lemma>
            <CharacterOffsetBegin>23029</CharacterOffsetBegin>
            <CharacterOffsetEnd>23036</CharacterOffsetEnd>
            <POS>VBN</POS>
            <NER>O</NER>
            <Speaker>PER0</Speaker>
          </token>
          <token id="26">
            <word>in</word>
            <lemma>in</lemma>
            <CharacterOffsetBegin>23037</CharacterOffsetBegin>
            <CharacterOffsetEnd>23039</CharacterOffsetEnd>
            <POS>IN</POS>
            <NER>O</NER>
            <Speaker>PER0</Speaker>
          </token>
          <token id="27">
            <word>,</word>
            <lemma>,</lemma>
            <CharacterOffsetBegin>23039</CharacterOffsetBegin>
            <CharacterOffsetEnd>23040</CharacterOffsetEnd>
            <POS>,</POS>
            <NER>O</NER>
            <Speaker>PER0</Speaker>
          </token>
          <token id="28">
            <word>I</word>
            <lemma>I</lemma>
            <CharacterOffsetBegin>23041</CharacterOffsetBegin>
            <CharacterOffsetEnd>23042</CharacterOffsetEnd>
            <POS>PRP</POS>
            <NER>O</NER>
            <Speaker>PER0</Speaker>
          </token>
          <token id="29">
            <word>felt</word>
            <lemma>feel</lemma>
            <CharacterOffsetBegin>23043</CharacterOffsetBegin>
            <CharacterOffsetEnd>23047</CharacterOffsetEnd>
            <POS>VBD</POS>
            <NER>O</NER>
            <Speaker>PER0</Speaker>
          </token>
          <token id="30">
            <word>that</word>
            <lemma>that</lemma>
            <CharacterOffsetBegin>23048</CharacterOffsetBegin>
            <CharacterOffsetEnd>23052</CharacterOffsetEnd>
            <POS>IN</POS>
            <NER>O</NER>
            <Speaker>PER0</Speaker>
          </token>
          <token id="31">
            <word>I</word>
            <lemma>I</lemma>
            <CharacterOffsetBegin>23053</CharacterOffsetBegin>
            <CharacterOffsetEnd>23054</CharacterOffsetEnd>
            <POS>PRP</POS>
            <NER>O</NER>
            <Speaker>PER0</Speaker>
          </token>
          <token id="32">
            <word>handled</word>
            <lemma>handle</lemma>
            <CharacterOffsetBegin>23055</CharacterOffsetBegin>
            <CharacterOffsetEnd>23062</CharacterOffsetEnd>
            <POS>VBD</POS>
            <NER>O</NER>
            <Speaker>PER0</Speaker>
          </token>
          <token id="33">
            <word>the</word>
            <lemma>the</lemma>
            <CharacterOffsetBegin>23063</CharacterOffsetBegin>
            <CharacterOffsetEnd>23066</CharacterOffsetEnd>
            <POS>DT</POS>
            <NER>O</NER>
            <Speaker>PER0</Speaker>
          </token>
          <token id="34">
            <word>situation</word>
            <lemma>situation</lemma>
            <CharacterOffsetBegin>23067</CharacterOffsetBegin>
            <CharacterOffsetEnd>23076</CharacterOffsetEnd>
            <POS>NN</POS>
            <NER>O</NER>
            <Speaker>PER0</Speaker>
          </token>
          <token id="35">
            <word>very</word>
            <lemma>very</lemma>
            <CharacterOffsetBegin>23077</CharacterOffsetBegin>
            <CharacterOffsetEnd>23081</CharacterOffsetEnd>
            <POS>RB</POS>
            <NER>O</NER>
            <Speaker>PER0</Speaker>
          </token>
          <token id="36">
            <word>poorly</word>
            <lemma>poorly</lemma>
            <CharacterOffsetBegin>23082</CharacterOffsetBegin>
            <CharacterOffsetEnd>23088</CharacterOffsetEnd>
            <POS>RB</POS>
            <NER>O</NER>
            <Speaker>PER0</Speaker>
          </token>
          <token id="37">
            <word>by</word>
            <lemma>by</lemma>
            <CharacterOffsetBegin>23089</CharacterOffsetBegin>
            <CharacterOffsetEnd>23091</CharacterOffsetEnd>
            <POS>IN</POS>
            <NER>O</NER>
            <Speaker>PER0</Speaker>
          </token>
          <token id="38">
            <word>giving</word>
            <lemma>give</lemma>
            <CharacterOffsetBegin>23092</CharacterOffsetBegin>
            <CharacterOffsetEnd>23098</CharacterOffsetEnd>
            <POS>VBG</POS>
            <NER>O</NER>
            <Speaker>PER0</Speaker>
          </token>
          <token id="39">
            <word>the</word>
            <lemma>the</lemma>
            <CharacterOffsetBegin>23099</CharacterOffsetBegin>
            <CharacterOffsetEnd>23102</CharacterOffsetEnd>
            <POS>DT</POS>
            <NER>O</NER>
            <Speaker>PER0</Speaker>
          </token>
          <token id="40">
            <word>work</word>
            <lemma>work</lemma>
            <CharacterOffsetBegin>23103</CharacterOffsetBegin>
            <CharacterOffsetEnd>23107</CharacterOffsetEnd>
            <POS>NN</POS>
            <NER>O</NER>
            <Speaker>PER0</Speaker>
          </token>
          <token id="41">
            <word>to</word>
            <lemma>to</lemma>
            <CharacterOffsetBegin>23108</CharacterOffsetBegin>
            <CharacterOffsetEnd>23110</CharacterOffsetEnd>
            <POS>TO</POS>
            <NER>O</NER>
            <Speaker>PER0</Speaker>
          </token>
          <token id="42">
            <word>others</word>
            <lemma>other</lemma>
            <CharacterOffsetBegin>23111</CharacterOffsetBegin>
            <CharacterOffsetEnd>23117</CharacterOffsetEnd>
            <POS>NNS</POS>
            <NER>O</NER>
            <Speaker>PER0</Speaker>
          </token>
          <token id="43">
            <word>in</word>
            <lemma>in</lemma>
            <CharacterOffsetBegin>23118</CharacterOffsetBegin>
            <CharacterOffsetEnd>23120</CharacterOffsetEnd>
            <POS>IN</POS>
            <NER>O</NER>
            <Speaker>PER0</Speaker>
          </token>
          <token id="44">
            <word>my</word>
            <lemma>my</lemma>
            <CharacterOffsetBegin>23121</CharacterOffsetBegin>
            <CharacterOffsetEnd>23123</CharacterOffsetEnd>
            <POS>PRP$</POS>
            <NER>O</NER>
            <Speaker>PER0</Speaker>
          </token>
          <token id="45">
            <word>team</word>
            <lemma>team</lemma>
            <CharacterOffsetBegin>23124</CharacterOffsetBegin>
            <CharacterOffsetEnd>23128</CharacterOffsetEnd>
            <POS>NN</POS>
            <NER>O</NER>
            <Speaker>PER0</Speaker>
          </token>
          <token id="46">
            <word>.</word>
            <lemma>.</lemma>
            <CharacterOffsetBegin>23128</CharacterOffsetBegin>
            <CharacterOffsetEnd>23129</CharacterOffsetEnd>
            <POS>.</POS>
            <NER>O</NER>
            <Speaker>PER0</Speaker>
          </token>
        </tokens>
        <parse>(ROOT (S (ADVP (RB Personally)) (NP (PRP I)) (VP (VBP believe) (S (NP (PRP I)) (VP (VBN performed) (ADVP (RB well) (PP (IN in) (NP (DT the) (NNS things)))) (SBAR (SBAR (S (NP (PRP I)) (VP (VBD felt) (ADJP (VBN qualified) (S (VP (TO to) (VP (VB do)))))))) (, ,) (CC but) (SBAR (IN as) (S (PP (IN for) (NP (NP (DT those)) (SBAR (WHNP (WDT that)) (S (NP (PRP I)) (VP (VBD had) (RB not) (VP (VBN been) (VP (VBN trained) (PP (IN in))))))))) (, ,) (NP (PRP I)) (VP (VBD felt) (SBAR (IN that) (S (NP (PRP I)) (VP (VBD handled) (NP (DT the) (NN situation)) (ADVP (RB very) (RB poorly)) (PP (IN by) (S (VP (VBG giving) (NP (DT the) (NN work)) (PP (TO to) (NP (NP (NNS others)) (PP (IN in) (NP (PRP$ my) (NN team)))))))))))))))))) (. .))) </parse>
        <dependencies type="basic-dependencies">
          <dep type="root">
            <governor idx="0">ROOT</governor>
            <dependent idx="3">believe</dependent>
          </dep>
          <dep type="advmod">
            <governor idx="3">believe</governor>
            <dependent idx="1">Personally</dependent>
          </dep>
          <dep type="nsubj">
            <governor idx="3">believe</governor>
            <dependent idx="2">I</dependent>
          </dep>
          <dep type="nsubj">
            <governor idx="5">performed</governor>
            <dependent idx="4">I</dependent>
          </dep>
          <dep type="dep">
            <governor idx="3">believe</governor>
            <dependent idx="5">performed</dependent>
          </dep>
          <dep type="advmod">
            <governor idx="5">performed</governor>
            <dependent idx="6">well</dependent>
          </dep>
          <dep type="case">
            <governor idx="9">things</governor>
            <dependent idx="7">in</dependent>
          </dep>
          <dep type="det">
            <governor idx="9">things</governor>
            <dependent idx="8">the</dependent>
          </dep>
          <dep type="nmod">
            <governor idx="6">well</governor>
            <dependent idx="9">things</dependent>
          </dep>
          <dep type="nsubj">
            <governor idx="11">felt</governor>
            <dependent idx="10">I</dependent>
          </dep>
          <dep type="advcl">
            <governor idx="5">performed</governor>
            <dependent idx="11">felt</dependent>
          </dep>
          <dep type="xcomp">
            <governor idx="11">felt</governor>
            <dependent idx="12">qualified</dependent>
          </dep>
          <dep type="mark">
            <governor idx="14">do</governor>
            <dependent idx="13">to</dependent>
          </dep>
          <dep type="xcomp">
            <governor idx="12">qualified</governor>
            <dependent idx="14">do</dependent>
          </dep>
          <dep type="punct">
            <governor idx="11">felt</governor>
            <dependent idx="15">,</dependent>
          </dep>
          <dep type="cc">
            <governor idx="11">felt</governor>
            <dependent idx="16">but</dependent>
          </dep>
          <dep type="mark">
            <governor idx="29">felt</governor>
            <dependent idx="17">as</dependent>
          </dep>
          <dep type="case">
            <governor idx="19">those</governor>
            <dependent idx="18">for</dependent>
          </dep>
          <dep type="nmod">
            <governor idx="29">felt</governor>
            <dependent idx="19">those</dependent>
          </dep>
          <dep type="nmod">
            <governor idx="25">trained</governor>
            <dependent idx="20">that</dependent>
          </dep>
          <dep type="nsubjpass">
            <governor idx="25">trained</governor>
            <dependent idx="21">I</dependent>
          </dep>
          <dep type="aux">
            <governor idx="25">trained</governor>
            <dependent idx="22">had</dependent>
          </dep>
          <dep type="neg">
            <governor idx="25">trained</governor>
            <dependent idx="23">not</dependent>
          </dep>
          <dep type="auxpass">
            <governor idx="25">trained</governor>
            <dependent idx="24">been</dependent>
          </dep>
          <dep type="acl:relcl">
            <governor idx="19">those</governor>
            <dependent idx="25">trained</dependent>
          </dep>
          <dep type="case">
            <governor idx="20">that</governor>
            <dependent idx="26">in</dependent>
          </dep>
          <dep type="punct">
            <governor idx="29">felt</governor>
            <dependent idx="27">,</dependent>
          </dep>
          <dep type="nsubj">
            <governor idx="29">felt</governor>
            <dependent idx="28">I</dependent>
          </dep>
          <dep type="conj">
            <governor idx="11">felt</governor>
            <dependent idx="29">felt</dependent>
          </dep>
          <dep type="mark">
            <governor idx="32">handled</governor>
            <dependent idx="30">that</dependent>
          </dep>
          <dep type="nsubj">
            <governor idx="32">handled</governor>
            <dependent idx="31">I</dependent>
          </dep>
          <dep type="ccomp">
            <governor idx="29">felt</governor>
            <dependent idx="32">handled</dependent>
          </dep>
          <dep type="det">
            <governor idx="34">situation</governor>
            <dependent idx="33">the</dependent>
          </dep>
          <dep type="dobj">
            <governor idx="32">handled</governor>
            <dependent idx="34">situation</dependent>
          </dep>
          <dep type="advmod">
            <governor idx="36">poorly</governor>
            <dependent idx="35">very</dependent>
          </dep>
          <dep type="advmod">
            <governor idx="32">handled</governor>
            <dependent idx="36">poorly</dependent>
          </dep>
          <dep type="mark">
            <governor idx="38">giving</governor>
            <dependent idx="37">by</dependent>
          </dep>
          <dep type="advcl">
            <governor idx="32">handled</governor>
            <dependent idx="38">giving</dependent>
          </dep>
          <dep type="det">
            <governor idx="40">work</governor>
            <dependent idx="39">the</dependent>
          </dep>
          <dep type="dobj">
            <governor idx="38">giving</governor>
            <dependent idx="40">work</dependent>
          </dep>
          <dep type="case">
            <governor idx="42">others</governor>
            <dependent idx="41">to</dependent>
          </dep>
          <dep type="nmod">
            <governor idx="38">giving</governor>
            <dependent idx="42">others</dependent>
          </dep>
          <dep type="case">
            <governor idx="45">team</governor>
            <dependent idx="43">in</dependent>
          </dep>
          <dep type="nmod:poss">
            <governor idx="45">team</governor>
            <dependent idx="44">my</dependent>
          </dep>
          <dep type="nmod">
            <governor idx="42">others</governor>
            <dependent idx="45">team</dependent>
          </dep>
          <dep type="punct">
            <governor idx="3">believe</governor>
            <dependent idx="46">.</dependent>
          </dep>
        </dependencies>
        <dependencies type="collapsed-dependencies">
          <dep type="root">
            <governor idx="0">ROOT</governor>
            <dependent idx="3">believe</dependent>
          </dep>
          <dep type="advmod">
            <governor idx="3">believe</governor>
            <dependent idx="1">Personally</dependent>
          </dep>
          <dep type="nsubj">
            <governor idx="3">believe</governor>
            <dependent idx="2">I</dependent>
          </dep>
          <dep type="nsubj">
            <governor idx="5">performed</governor>
            <dependent idx="4">I</dependent>
          </dep>
          <dep type="dep">
            <governor idx="3">believe</governor>
            <dependent idx="5">performed</dependent>
          </dep>
          <dep type="advmod">
            <governor idx="5">performed</governor>
            <dependent idx="6">well</dependent>
          </dep>
          <dep type="case">
            <governor idx="9">things</governor>
            <dependent idx="7">in</dependent>
          </dep>
          <dep type="det">
            <governor idx="9">things</governor>
            <dependent idx="8">the</dependent>
          </dep>
          <dep type="nmod:in">
            <governor idx="6">well</governor>
            <dependent idx="9">things</dependent>
          </dep>
          <dep type="nsubj">
            <governor idx="11">felt</governor>
            <dependent idx="10">I</dependent>
          </dep>
          <dep type="advcl">
            <governor idx="5">performed</governor>
            <dependent idx="11">felt</dependent>
          </dep>
          <dep type="xcomp">
            <governor idx="11">felt</governor>
            <dependent idx="12">qualified</dependent>
          </dep>
          <dep type="mark">
            <governor idx="14">do</governor>
            <dependent idx="13">to</dependent>
          </dep>
          <dep type="xcomp">
            <governor idx="12">qualified</governor>
            <dependent idx="14">do</dependent>
          </dep>
          <dep type="punct">
            <governor idx="11">felt</governor>
            <dependent idx="15">,</dependent>
          </dep>
          <dep type="cc">
            <governor idx="11">felt</governor>
            <dependent idx="16">but</dependent>
          </dep>
          <dep type="mark">
            <governor idx="29">felt</governor>
            <dependent idx="17">as</dependent>
          </dep>
          <dep type="case">
            <governor idx="19">those</governor>
            <dependent idx="18">for</dependent>
          </dep>
          <dep type="nmod:for">
            <governor idx="29">felt</governor>
            <dependent idx="19">those</dependent>
          </dep>
          <dep type="nmod:in">
            <governor idx="25">trained</governor>
            <dependent idx="20">that</dependent>
          </dep>
          <dep type="nsubjpass">
            <governor idx="25">trained</governor>
            <dependent idx="21">I</dependent>
          </dep>
          <dep type="aux">
            <governor idx="25">trained</governor>
            <dependent idx="22">had</dependent>
          </dep>
          <dep type="neg">
            <governor idx="25">trained</governor>
            <dependent idx="23">not</dependent>
          </dep>
          <dep type="auxpass">
            <governor idx="25">trained</governor>
            <dependent idx="24">been</dependent>
          </dep>
          <dep type="acl:relcl">
            <governor idx="19">those</governor>
            <dependent idx="25">trained</dependent>
          </dep>
          <dep type="case">
            <governor idx="20">that</governor>
            <dependent idx="26">in</dependent>
          </dep>
          <dep type="punct">
            <governor idx="29">felt</governor>
            <dependent idx="27">,</dependent>
          </dep>
          <dep type="nsubj">
            <governor idx="29">felt</governor>
            <dependent idx="28">I</dependent>
          </dep>
          <dep type="conj:but">
            <governor idx="11">felt</governor>
            <dependent idx="29">felt</dependent>
          </dep>
          <dep type="mark">
            <governor idx="32">handled</governor>
            <dependent idx="30">that</dependent>
          </dep>
          <dep type="nsubj">
            <governor idx="32">handled</governor>
            <dependent idx="31">I</dependent>
          </dep>
          <dep type="ccomp">
            <governor idx="29">felt</governor>
            <dependent idx="32">handled</dependent>
          </dep>
          <dep type="det">
            <governor idx="34">situation</governor>
            <dependent idx="33">the</dependent>
          </dep>
          <dep type="dobj">
            <governor idx="32">handled</governor>
            <dependent idx="34">situation</dependent>
          </dep>
          <dep type="advmod">
            <governor idx="36">poorly</governor>
            <dependent idx="35">very</dependent>
          </dep>
          <dep type="advmod">
            <governor idx="32">handled</governor>
            <dependent idx="36">poorly</dependent>
          </dep>
          <dep type="mark">
            <governor idx="38">giving</governor>
            <dependent idx="37">by</dependent>
          </dep>
          <dep type="advcl">
            <governor idx="32">handled</governor>
            <dependent idx="38">giving</dependent>
          </dep>
          <dep type="det">
            <governor idx="40">work</governor>
            <dependent idx="39">the</dependent>
          </dep>
          <dep type="dobj">
            <governor idx="38">giving</governor>
            <dependent idx="40">work</dependent>
          </dep>
          <dep type="case">
            <governor idx="42">others</governor>
            <dependent idx="41">to</dependent>
          </dep>
          <dep type="nmod:to">
            <governor idx="38">giving</governor>
            <dependent idx="42">others</dependent>
          </dep>
          <dep type="case">
            <governor idx="45">team</governor>
            <dependent idx="43">in</dependent>
          </dep>
          <dep type="nmod:poss">
            <governor idx="45">team</governor>
            <dependent idx="44">my</dependent>
          </dep>
          <dep type="nmod:in">
            <governor idx="42">others</governor>
            <dependent idx="45">team</dependent>
          </dep>
          <dep type="punct">
            <governor idx="3">believe</governor>
            <dependent idx="46">.</dependent>
          </dep>
        </dependencies>
        <dependencies type="collapsed-ccprocessed-dependencies">
          <dep type="root">
            <governor idx="0">ROOT</governor>
            <dependent idx="3">believe</dependent>
          </dep>
          <dep type="advmod">
            <governor idx="3">believe</governor>
            <dependent idx="1">Personally</dependent>
          </dep>
          <dep type="nsubj">
            <governor idx="3">believe</governor>
            <dependent idx="2">I</dependent>
          </dep>
          <dep type="nsubj">
            <governor idx="5">performed</governor>
            <dependent idx="4">I</dependent>
          </dep>
          <dep type="dep">
            <governor idx="3">believe</governor>
            <dependent idx="5">performed</dependent>
          </dep>
          <dep type="advmod">
            <governor idx="5">performed</governor>
            <dependent idx="6">well</dependent>
          </dep>
          <dep type="case">
            <governor idx="9">things</governor>
            <dependent idx="7">in</dependent>
          </dep>
          <dep type="det">
            <governor idx="9">things</governor>
            <dependent idx="8">the</dependent>
          </dep>
          <dep type="nmod:in">
            <governor idx="6">well</governor>
            <dependent idx="9">things</dependent>
          </dep>
          <dep type="nsubj">
            <governor idx="11">felt</governor>
            <dependent idx="10">I</dependent>
          </dep>
          <dep type="advcl">
            <governor idx="5">performed</governor>
            <dependent idx="11">felt</dependent>
          </dep>
          <dep type="xcomp">
            <governor idx="11">felt</governor>
            <dependent idx="12">qualified</dependent>
          </dep>
          <dep type="mark">
            <governor idx="14">do</governor>
            <dependent idx="13">to</dependent>
          </dep>
          <dep type="xcomp">
            <governor idx="12">qualified</governor>
            <dependent idx="14">do</dependent>
          </dep>
          <dep type="punct">
            <governor idx="11">felt</governor>
            <dependent idx="15">,</dependent>
          </dep>
          <dep type="cc">
            <governor idx="11">felt</governor>
            <dependent idx="16">but</dependent>
          </dep>
          <dep type="mark">
            <governor idx="29">felt</governor>
            <dependent idx="17">as</dependent>
          </dep>
          <dep type="case">
            <governor idx="19">those</governor>
            <dependent idx="18">for</dependent>
          </dep>
          <dep type="nmod:for">
            <governor idx="29">felt</governor>
            <dependent idx="19">those</dependent>
          </dep>
          <dep type="nmod:in">
            <governor idx="25">trained</governor>
            <dependent idx="20">that</dependent>
          </dep>
          <dep type="nsubjpass">
            <governor idx="25">trained</governor>
            <dependent idx="21">I</dependent>
          </dep>
          <dep type="aux">
            <governor idx="25">trained</governor>
            <dependent idx="22">had</dependent>
          </dep>
          <dep type="neg">
            <governor idx="25">trained</governor>
            <dependent idx="23">not</dependent>
          </dep>
          <dep type="auxpass">
            <governor idx="25">trained</governor>
            <dependent idx="24">been</dependent>
          </dep>
          <dep type="acl:relcl">
            <governor idx="19">those</governor>
            <dependent idx="25">trained</dependent>
          </dep>
          <dep type="case">
            <governor idx="20">that</governor>
            <dependent idx="26">in</dependent>
          </dep>
          <dep type="punct">
            <governor idx="29">felt</governor>
            <dependent idx="27">,</dependent>
          </dep>
          <dep type="nsubj">
            <governor idx="29">felt</governor>
            <dependent idx="28">I</dependent>
          </dep>
          <dep type="advcl" extra="true">
            <governor idx="5">performed</governor>
            <dependent idx="29">felt</dependent>
          </dep>
          <dep type="conj:but">
            <governor idx="11">felt</governor>
            <dependent idx="29">felt</dependent>
          </dep>
          <dep type="mark">
            <governor idx="32">handled</governor>
            <dependent idx="30">that</dependent>
          </dep>
          <dep type="nsubj">
            <governor idx="32">handled</governor>
            <dependent idx="31">I</dependent>
          </dep>
          <dep type="ccomp">
            <governor idx="29">felt</governor>
            <dependent idx="32">handled</dependent>
          </dep>
          <dep type="det">
            <governor idx="34">situation</governor>
            <dependent idx="33">the</dependent>
          </dep>
          <dep type="dobj">
            <governor idx="32">handled</governor>
            <dependent idx="34">situation</dependent>
          </dep>
          <dep type="advmod">
            <governor idx="36">poorly</governor>
            <dependent idx="35">very</dependent>
          </dep>
          <dep type="advmod">
            <governor idx="32">handled</governor>
            <dependent idx="36">poorly</dependent>
          </dep>
          <dep type="mark">
            <governor idx="38">giving</governor>
            <dependent idx="37">by</dependent>
          </dep>
          <dep type="advcl">
            <governor idx="32">handled</governor>
            <dependent idx="38">giving</dependent>
          </dep>
          <dep type="det">
            <governor idx="40">work</governor>
            <dependent idx="39">the</dependent>
          </dep>
          <dep type="dobj">
            <governor idx="38">giving</governor>
            <dependent idx="40">work</dependent>
          </dep>
          <dep type="case">
            <governor idx="42">others</governor>
            <dependent idx="41">to</dependent>
          </dep>
          <dep type="nmod:to">
            <governor idx="38">giving</governor>
            <dependent idx="42">others</dependent>
          </dep>
          <dep type="case">
            <governor idx="45">team</governor>
            <dependent idx="43">in</dependent>
          </dep>
          <dep type="nmod:poss">
            <governor idx="45">team</governor>
            <dependent idx="44">my</dependent>
          </dep>
          <dep type="nmod:in">
            <governor idx="42">others</governor>
            <dependent idx="45">team</dependent>
          </dep>
          <dep type="punct">
            <governor idx="3">believe</governor>
            <dependent idx="46">.</dependent>
          </dep>
        </dependencies>
      </sentence>
      <sentence id="186">
        <tokens>
          <token id="1">
            <word>I</word>
            <lemma>I</lemma>
            <CharacterOffsetBegin>23130</CharacterOffsetBegin>
            <CharacterOffsetEnd>23131</CharacterOffsetEnd>
            <POS>PRP</POS>
            <NER>O</NER>
            <Speaker>PER0</Speaker>
          </token>
          <token id="2">
            <word>learnt</word>
            <lemma>learn</lemma>
            <CharacterOffsetBegin>23132</CharacterOffsetBegin>
            <CharacterOffsetEnd>23138</CharacterOffsetEnd>
            <POS>VBD</POS>
            <NER>O</NER>
            <Speaker>PER0</Speaker>
          </token>
          <token id="3">
            <word>that</word>
            <lemma>that</lemma>
            <CharacterOffsetBegin>23139</CharacterOffsetBegin>
            <CharacterOffsetEnd>23143</CharacterOffsetEnd>
            <POS>IN</POS>
            <NER>O</NER>
            <Speaker>PER0</Speaker>
          </token>
          <token id="4">
            <word>a</word>
            <lemma>a</lemma>
            <CharacterOffsetBegin>23144</CharacterOffsetBegin>
            <CharacterOffsetEnd>23145</CharacterOffsetEnd>
            <POS>DT</POS>
            <NER>O</NER>
            <Speaker>PER0</Speaker>
          </token>
          <token id="5">
            <word>team</word>
            <lemma>team</lemma>
            <CharacterOffsetBegin>23146</CharacterOffsetBegin>
            <CharacterOffsetEnd>23150</CharacterOffsetEnd>
            <POS>NN</POS>
            <NER>O</NER>
            <Speaker>PER0</Speaker>
          </token>
          <token id="6">
            <word>can</word>
            <lemma>can</lemma>
            <CharacterOffsetBegin>23151</CharacterOffsetBegin>
            <CharacterOffsetEnd>23154</CharacterOffsetEnd>
            <POS>MD</POS>
            <NER>O</NER>
            <Speaker>PER0</Speaker>
          </token>
          <token id="7">
            <word>only</word>
            <lemma>only</lemma>
            <CharacterOffsetBegin>23155</CharacterOffsetBegin>
            <CharacterOffsetEnd>23159</CharacterOffsetEnd>
            <POS>RB</POS>
            <NER>O</NER>
            <Speaker>PER0</Speaker>
          </token>
          <token id="8">
            <word>truly</word>
            <lemma>truly</lemma>
            <CharacterOffsetBegin>23160</CharacterOffsetBegin>
            <CharacterOffsetEnd>23165</CharacterOffsetEnd>
            <POS>RB</POS>
            <NER>O</NER>
            <Speaker>PER0</Speaker>
          </token>
          <token id="9">
            <word>be</word>
            <lemma>be</lemma>
            <CharacterOffsetBegin>23166</CharacterOffsetBegin>
            <CharacterOffsetEnd>23168</CharacterOffsetEnd>
            <POS>VB</POS>
            <NER>O</NER>
            <Speaker>PER0</Speaker>
          </token>
          <token id="10">
            <word>efficient</word>
            <lemma>efficient</lemma>
            <CharacterOffsetBegin>23169</CharacterOffsetBegin>
            <CharacterOffsetEnd>23178</CharacterOffsetEnd>
            <POS>JJ</POS>
            <NER>O</NER>
            <Speaker>PER0</Speaker>
          </token>
          <token id="11">
            <word>if</word>
            <lemma>if</lemma>
            <CharacterOffsetBegin>23179</CharacterOffsetBegin>
            <CharacterOffsetEnd>23181</CharacterOffsetEnd>
            <POS>IN</POS>
            <NER>O</NER>
            <Speaker>PER0</Speaker>
          </token>
          <token id="12">
            <word>each</word>
            <lemma>each</lemma>
            <CharacterOffsetBegin>23182</CharacterOffsetBegin>
            <CharacterOffsetEnd>23186</CharacterOffsetEnd>
            <POS>DT</POS>
            <NER>O</NER>
            <Speaker>PER0</Speaker>
          </token>
          <token id="13">
            <word>member</word>
            <lemma>member</lemma>
            <CharacterOffsetBegin>23187</CharacterOffsetBegin>
            <CharacterOffsetEnd>23193</CharacterOffsetEnd>
            <POS>NN</POS>
            <NER>O</NER>
            <Speaker>PER0</Speaker>
          </token>
          <token id="14">
            <word>bears</word>
            <lemma>bear</lemma>
            <CharacterOffsetBegin>23194</CharacterOffsetBegin>
            <CharacterOffsetEnd>23199</CharacterOffsetEnd>
            <POS>VBZ</POS>
            <NER>O</NER>
            <Speaker>PER0</Speaker>
          </token>
          <token id="15">
            <word>the</word>
            <lemma>the</lemma>
            <CharacterOffsetBegin>23200</CharacterOffsetBegin>
            <CharacterOffsetEnd>23203</CharacterOffsetEnd>
            <POS>DT</POS>
            <NER>O</NER>
            <Speaker>PER0</Speaker>
          </token>
          <token id="16">
            <word>responsibility</word>
            <lemma>responsibility</lemma>
            <CharacterOffsetBegin>23204</CharacterOffsetBegin>
            <CharacterOffsetEnd>23218</CharacterOffsetEnd>
            <POS>NN</POS>
            <NER>O</NER>
            <Speaker>PER0</Speaker>
          </token>
          <token id="17">
            <word>of</word>
            <lemma>of</lemma>
            <CharacterOffsetBegin>23219</CharacterOffsetBegin>
            <CharacterOffsetEnd>23221</CharacterOffsetEnd>
            <POS>IN</POS>
            <NER>O</NER>
            <Speaker>PER0</Speaker>
          </token>
          <token id="18">
            <word>their</word>
            <lemma>they</lemma>
            <CharacterOffsetBegin>23222</CharacterOffsetBegin>
            <CharacterOffsetEnd>23227</CharacterOffsetEnd>
            <POS>PRP$</POS>
            <NER>O</NER>
            <Speaker>PER0</Speaker>
          </token>
          <token id="19">
            <word>role</word>
            <lemma>role</lemma>
            <CharacterOffsetBegin>23228</CharacterOffsetBegin>
            <CharacterOffsetEnd>23232</CharacterOffsetEnd>
            <POS>NN</POS>
            <NER>O</NER>
            <Speaker>PER0</Speaker>
          </token>
          <token id="20">
            <word>,</word>
            <lemma>,</lemma>
            <CharacterOffsetBegin>23232</CharacterOffsetBegin>
            <CharacterOffsetEnd>23233</CharacterOffsetEnd>
            <POS>,</POS>
            <NER>O</NER>
            <Speaker>PER0</Speaker>
          </token>
          <token id="21">
            <word>if</word>
            <lemma>if</lemma>
            <CharacterOffsetBegin>23234</CharacterOffsetBegin>
            <CharacterOffsetEnd>23236</CharacterOffsetEnd>
            <POS>IN</POS>
            <NER>O</NER>
            <Speaker>PER0</Speaker>
          </token>
          <token id="22">
            <word>this</word>
            <lemma>this</lemma>
            <CharacterOffsetBegin>23237</CharacterOffsetBegin>
            <CharacterOffsetEnd>23241</CharacterOffsetEnd>
            <POS>DT</POS>
            <NER>O</NER>
            <Speaker>PER0</Speaker>
          </token>
          <token id="23">
            <word>responsibility</word>
            <lemma>responsibility</lemma>
            <CharacterOffsetBegin>23242</CharacterOffsetBegin>
            <CharacterOffsetEnd>23256</CharacterOffsetEnd>
            <POS>NN</POS>
            <NER>O</NER>
            <Speaker>PER0</Speaker>
          </token>
          <token id="24">
            <word>is</word>
            <lemma>be</lemma>
            <CharacterOffsetBegin>23257</CharacterOffsetBegin>
            <CharacterOffsetEnd>23259</CharacterOffsetEnd>
            <POS>VBZ</POS>
            <NER>O</NER>
            <Speaker>PER0</Speaker>
          </token>
          <token id="25">
            <word>equal</word>
            <lemma>equal</lemma>
            <CharacterOffsetBegin>23260</CharacterOffsetBegin>
            <CharacterOffsetEnd>23265</CharacterOffsetEnd>
            <POS>JJ</POS>
            <NER>O</NER>
            <Speaker>PER0</Speaker>
          </token>
          <token id="26">
            <word>to</word>
            <lemma>to</lemma>
            <CharacterOffsetBegin>23266</CharacterOffsetBegin>
            <CharacterOffsetEnd>23268</CharacterOffsetEnd>
            <POS>TO</POS>
            <NER>O</NER>
            <Speaker>PER0</Speaker>
          </token>
          <token id="27">
            <word>that</word>
            <lemma>that</lemma>
            <CharacterOffsetBegin>23269</CharacterOffsetBegin>
            <CharacterOffsetEnd>23273</CharacterOffsetEnd>
            <POS>DT</POS>
            <NER>O</NER>
            <Speaker>PER0</Speaker>
          </token>
          <token id="28">
            <word>of</word>
            <lemma>of</lemma>
            <CharacterOffsetBegin>23274</CharacterOffsetBegin>
            <CharacterOffsetEnd>23276</CharacterOffsetEnd>
            <POS>IN</POS>
            <NER>O</NER>
            <Speaker>PER0</Speaker>
          </token>
          <token id="29">
            <word>others</word>
            <lemma>other</lemma>
            <CharacterOffsetBegin>23277</CharacterOffsetBegin>
            <CharacterOffsetEnd>23283</CharacterOffsetEnd>
            <POS>NNS</POS>
            <NER>O</NER>
            <Speaker>PER0</Speaker>
          </token>
          <token id="30">
            <word>and</word>
            <lemma>and</lemma>
            <CharacterOffsetBegin>23284</CharacterOffsetBegin>
            <CharacterOffsetEnd>23287</CharacterOffsetEnd>
            <POS>CC</POS>
            <NER>O</NER>
            <Speaker>PER0</Speaker>
          </token>
          <token id="31">
            <word>if</word>
            <lemma>if</lemma>
            <CharacterOffsetBegin>23288</CharacterOffsetBegin>
            <CharacterOffsetEnd>23290</CharacterOffsetEnd>
            <POS>IN</POS>
            <NER>O</NER>
            <Speaker>PER0</Speaker>
          </token>
          <token id="32">
            <word>they</word>
            <lemma>they</lemma>
            <CharacterOffsetBegin>23291</CharacterOffsetBegin>
            <CharacterOffsetEnd>23295</CharacterOffsetEnd>
            <POS>PRP</POS>
            <NER>O</NER>
            <Speaker>PER0</Speaker>
          </token>
          <token id="33">
            <word>have</word>
            <lemma>have</lemma>
            <CharacterOffsetBegin>23296</CharacterOffsetBegin>
            <CharacterOffsetEnd>23300</CharacterOffsetEnd>
            <POS>VBP</POS>
            <NER>O</NER>
            <Speaker>PER0</Speaker>
          </token>
          <token id="34">
            <word>the</word>
            <lemma>the</lemma>
            <CharacterOffsetBegin>23301</CharacterOffsetBegin>
            <CharacterOffsetEnd>23304</CharacterOffsetEnd>
            <POS>DT</POS>
            <NER>O</NER>
            <Speaker>PER0</Speaker>
          </token>
          <token id="35">
            <word>capacity</word>
            <lemma>capacity</lemma>
            <CharacterOffsetBegin>23305</CharacterOffsetBegin>
            <CharacterOffsetEnd>23313</CharacterOffsetEnd>
            <POS>NN</POS>
            <NER>O</NER>
            <Speaker>PER0</Speaker>
          </token>
          <token id="36">
            <word>to</word>
            <lemma>to</lemma>
            <CharacterOffsetBegin>23314</CharacterOffsetBegin>
            <CharacterOffsetEnd>23316</CharacterOffsetEnd>
            <POS>TO</POS>
            <NER>O</NER>
            <Speaker>PER0</Speaker>
          </token>
          <token id="37">
            <word>handle</word>
            <lemma>handle</lemma>
            <CharacterOffsetBegin>23317</CharacterOffsetBegin>
            <CharacterOffsetEnd>23323</CharacterOffsetEnd>
            <POS>VB</POS>
            <NER>O</NER>
            <Speaker>PER0</Speaker>
          </token>
          <token id="38">
            <word>the</word>
            <lemma>the</lemma>
            <CharacterOffsetBegin>23324</CharacterOffsetBegin>
            <CharacterOffsetEnd>23327</CharacterOffsetEnd>
            <POS>DT</POS>
            <NER>O</NER>
            <Speaker>PER0</Speaker>
          </token>
          <token id="39">
            <word>consequences</word>
            <lemma>consequence</lemma>
            <CharacterOffsetBegin>23328</CharacterOffsetBegin>
            <CharacterOffsetEnd>23340</CharacterOffsetEnd>
            <POS>NNS</POS>
            <NER>O</NER>
            <Speaker>PER0</Speaker>
          </token>
          <token id="40">
            <word>of</word>
            <lemma>of</lemma>
            <CharacterOffsetBegin>23341</CharacterOffsetBegin>
            <CharacterOffsetEnd>23343</CharacterOffsetEnd>
            <POS>IN</POS>
            <NER>O</NER>
            <Speaker>PER0</Speaker>
          </token>
          <token id="41">
            <word>their</word>
            <lemma>they</lemma>
            <CharacterOffsetBegin>23344</CharacterOffsetBegin>
            <CharacterOffsetEnd>23349</CharacterOffsetEnd>
            <POS>PRP$</POS>
            <NER>O</NER>
            <Speaker>PER0</Speaker>
          </token>
          <token id="42">
            <word>actions</word>
            <lemma>action</lemma>
            <CharacterOffsetBegin>23350</CharacterOffsetBegin>
            <CharacterOffsetEnd>23357</CharacterOffsetEnd>
            <POS>NNS</POS>
            <NER>O</NER>
            <Speaker>PER0</Speaker>
          </token>
          <token id="43">
            <word>.</word>
            <lemma>.</lemma>
            <CharacterOffsetBegin>23357</CharacterOffsetBegin>
            <CharacterOffsetEnd>23358</CharacterOffsetEnd>
            <POS>.</POS>
            <NER>O</NER>
            <Speaker>PER0</Speaker>
          </token>
        </tokens>
        <parse>(ROOT (S (NP (PRP I)) (VP (VBD learnt) (SBAR (SBAR (IN that) (S (NP (DT a) (NN team)) (VP (MD can) (ADVP (RB only)) (ADVP (RB truly)) (VP (VB be) (ADJP (JJ efficient)) (SBAR (IN if) (S (NP (DT each) (NN member)) (VP (VBZ bears) (NP (NP (DT the) (NN responsibility)) (PP (IN of) (NP (PRP$ their) (NN role))))))))))) (, ,) (SBAR (IN if) (S (NP (DT this) (NN responsibility)) (VP (VBZ is) (ADJP (JJ equal) (PP (TO to) (NP (NP (DT that)) (PP (IN of) (NP (NNS others))))))))) (CC and) (SBAR (IN if) (S (NP (PRP they)) (VP (VBP have) (NP (DT the) (NN capacity) (S (VP (TO to) (VP (VB handle) (NP (NP (DT the) (NNS consequences)) (PP (IN of) (NP (PRP$ their) (NNS actions))))))))))))) (. .))) </parse>
        <dependencies type="basic-dependencies">
          <dep type="root">
            <governor idx="0">ROOT</governor>
            <dependent idx="2">learnt</dependent>
          </dep>
          <dep type="nsubj">
            <governor idx="2">learnt</governor>
            <dependent idx="1">I</dependent>
          </dep>
          <dep type="mark">
            <governor idx="10">efficient</governor>
            <dependent idx="3">that</dependent>
          </dep>
          <dep type="det">
            <governor idx="5">team</governor>
            <dependent idx="4">a</dependent>
          </dep>
          <dep type="nsubj">
            <governor idx="10">efficient</governor>
            <dependent idx="5">team</dependent>
          </dep>
          <dep type="aux">
            <governor idx="10">efficient</governor>
            <dependent idx="6">can</dependent>
          </dep>
          <dep type="advmod">
            <governor idx="10">efficient</governor>
            <dependent idx="7">only</dependent>
          </dep>
          <dep type="advmod">
            <governor idx="10">efficient</governor>
            <dependent idx="8">truly</dependent>
          </dep>
          <dep type="cop">
            <governor idx="10">efficient</governor>
            <dependent idx="9">be</dependent>
          </dep>
          <dep type="advcl">
            <governor idx="2">learnt</governor>
            <dependent idx="10">efficient</dependent>
          </dep>
          <dep type="mark">
            <governor idx="14">bears</governor>
            <dependent idx="11">if</dependent>
          </dep>
          <dep type="det">
            <governor idx="13">member</governor>
            <dependent idx="12">each</dependent>
          </dep>
          <dep type="nsubj">
            <governor idx="14">bears</governor>
            <dependent idx="13">member</dependent>
          </dep>
          <dep type="advcl">
            <governor idx="10">efficient</governor>
            <dependent idx="14">bears</dependent>
          </dep>
          <dep type="det">
            <governor idx="16">responsibility</governor>
            <dependent idx="15">the</dependent>
          </dep>
          <dep type="dobj">
            <governor idx="14">bears</governor>
            <dependent idx="16">responsibility</dependent>
          </dep>
          <dep type="case">
            <governor idx="19">role</governor>
            <dependent idx="17">of</dependent>
          </dep>
          <dep type="nmod:poss">
            <governor idx="19">role</governor>
            <dependent idx="18">their</dependent>
          </dep>
          <dep type="nmod">
            <governor idx="16">responsibility</governor>
            <dependent idx="19">role</dependent>
          </dep>
          <dep type="punct">
            <governor idx="10">efficient</governor>
            <dependent idx="20">,</dependent>
          </dep>
          <dep type="mark">
            <governor idx="25">equal</governor>
            <dependent idx="21">if</dependent>
          </dep>
          <dep type="det">
            <governor idx="23">responsibility</governor>
            <dependent idx="22">this</dependent>
          </dep>
          <dep type="nsubj">
            <governor idx="25">equal</governor>
            <dependent idx="23">responsibility</dependent>
          </dep>
          <dep type="cop">
            <governor idx="25">equal</governor>
            <dependent idx="24">is</dependent>
          </dep>
          <dep type="conj">
            <governor idx="10">efficient</governor>
            <dependent idx="25">equal</dependent>
          </dep>
          <dep type="case">
            <governor idx="27">that</governor>
            <dependent idx="26">to</dependent>
          </dep>
          <dep type="nmod">
            <governor idx="25">equal</governor>
            <dependent idx="27">that</dependent>
          </dep>
          <dep type="case">
            <governor idx="29">others</governor>
            <dependent idx="28">of</dependent>
          </dep>
          <dep type="nmod">
            <governor idx="27">that</governor>
            <dependent idx="29">others</dependent>
          </dep>
          <dep type="cc">
            <governor idx="10">efficient</governor>
            <dependent idx="30">and</dependent>
          </dep>
          <dep type="mark">
            <governor idx="33">have</governor>
            <dependent idx="31">if</dependent>
          </dep>
          <dep type="nsubj">
            <governor idx="33">have</governor>
            <dependent idx="32">they</dependent>
          </dep>
          <dep type="conj">
            <governor idx="10">efficient</governor>
            <dependent idx="33">have</dependent>
          </dep>
          <dep type="det">
            <governor idx="35">capacity</governor>
            <dependent idx="34">the</dependent>
          </dep>
          <dep type="dobj">
            <governor idx="33">have</governor>
            <dependent idx="35">capacity</dependent>
          </dep>
          <dep type="mark">
            <governor idx="37">handle</governor>
            <dependent idx="36">to</dependent>
          </dep>
          <dep type="acl">
            <governor idx="35">capacity</governor>
            <dependent idx="37">handle</dependent>
          </dep>
          <dep type="det">
            <governor idx="39">consequences</governor>
            <dependent idx="38">the</dependent>
          </dep>
          <dep type="dobj">
            <governor idx="37">handle</governor>
            <dependent idx="39">consequences</dependent>
          </dep>
          <dep type="case">
            <governor idx="42">actions</governor>
            <dependent idx="40">of</dependent>
          </dep>
          <dep type="nmod:poss">
            <governor idx="42">actions</governor>
            <dependent idx="41">their</dependent>
          </dep>
          <dep type="nmod">
            <governor idx="39">consequences</governor>
            <dependent idx="42">actions</dependent>
          </dep>
          <dep type="punct">
            <governor idx="2">learnt</governor>
            <dependent idx="43">.</dependent>
          </dep>
        </dependencies>
        <dependencies type="collapsed-dependencies">
          <dep type="root">
            <governor idx="0">ROOT</governor>
            <dependent idx="2">learnt</dependent>
          </dep>
          <dep type="nsubj">
            <governor idx="2">learnt</governor>
            <dependent idx="1">I</dependent>
          </dep>
          <dep type="mark">
            <governor idx="10">efficient</governor>
            <dependent idx="3">that</dependent>
          </dep>
          <dep type="det">
            <governor idx="5">team</governor>
            <dependent idx="4">a</dependent>
          </dep>
          <dep type="nsubj">
            <governor idx="10">efficient</governor>
            <dependent idx="5">team</dependent>
          </dep>
          <dep type="aux">
            <governor idx="10">efficient</governor>
            <dependent idx="6">can</dependent>
          </dep>
          <dep type="advmod">
            <governor idx="10">efficient</governor>
            <dependent idx="7">only</dependent>
          </dep>
          <dep type="advmod">
            <governor idx="10">efficient</governor>
            <dependent idx="8">truly</dependent>
          </dep>
          <dep type="cop">
            <governor idx="10">efficient</governor>
            <dependent idx="9">be</dependent>
          </dep>
          <dep type="advcl">
            <governor idx="2">learnt</governor>
            <dependent idx="10">efficient</dependent>
          </dep>
          <dep type="mark">
            <governor idx="14">bears</governor>
            <dependent idx="11">if</dependent>
          </dep>
          <dep type="det">
            <governor idx="13">member</governor>
            <dependent idx="12">each</dependent>
          </dep>
          <dep type="nsubj">
            <governor idx="14">bears</governor>
            <dependent idx="13">member</dependent>
          </dep>
          <dep type="advcl">
            <governor idx="10">efficient</governor>
            <dependent idx="14">bears</dependent>
          </dep>
          <dep type="det">
            <governor idx="16">responsibility</governor>
            <dependent idx="15">the</dependent>
          </dep>
          <dep type="dobj">
            <governor idx="14">bears</governor>
            <dependent idx="16">responsibility</dependent>
          </dep>
          <dep type="case">
            <governor idx="19">role</governor>
            <dependent idx="17">of</dependent>
          </dep>
          <dep type="nmod:poss">
            <governor idx="19">role</governor>
            <dependent idx="18">their</dependent>
          </dep>
          <dep type="nmod:of">
            <governor idx="16">responsibility</governor>
            <dependent idx="19">role</dependent>
          </dep>
          <dep type="punct">
            <governor idx="10">efficient</governor>
            <dependent idx="20">,</dependent>
          </dep>
          <dep type="mark">
            <governor idx="25">equal</governor>
            <dependent idx="21">if</dependent>
          </dep>
          <dep type="det">
            <governor idx="23">responsibility</governor>
            <dependent idx="22">this</dependent>
          </dep>
          <dep type="nsubj">
            <governor idx="25">equal</governor>
            <dependent idx="23">responsibility</dependent>
          </dep>
          <dep type="cop">
            <governor idx="25">equal</governor>
            <dependent idx="24">is</dependent>
          </dep>
          <dep type="conj:and">
            <governor idx="10">efficient</governor>
            <dependent idx="25">equal</dependent>
          </dep>
          <dep type="case">
            <governor idx="27">that</governor>
            <dependent idx="26">to</dependent>
          </dep>
          <dep type="nmod:to">
            <governor idx="25">equal</governor>
            <dependent idx="27">that</dependent>
          </dep>
          <dep type="case">
            <governor idx="29">others</governor>
            <dependent idx="28">of</dependent>
          </dep>
          <dep type="nmod:of">
            <governor idx="27">that</governor>
            <dependent idx="29">others</dependent>
          </dep>
          <dep type="cc">
            <governor idx="10">efficient</governor>
            <dependent idx="30">and</dependent>
          </dep>
          <dep type="mark">
            <governor idx="33">have</governor>
            <dependent idx="31">if</dependent>
          </dep>
          <dep type="nsubj">
            <governor idx="33">have</governor>
            <dependent idx="32">they</dependent>
          </dep>
          <dep type="conj:and">
            <governor idx="10">efficient</governor>
            <dependent idx="33">have</dependent>
          </dep>
          <dep type="det">
            <governor idx="35">capacity</governor>
            <dependent idx="34">the</dependent>
          </dep>
          <dep type="dobj">
            <governor idx="33">have</governor>
            <dependent idx="35">capacity</dependent>
          </dep>
          <dep type="mark">
            <governor idx="37">handle</governor>
            <dependent idx="36">to</dependent>
          </dep>
          <dep type="acl">
            <governor idx="35">capacity</governor>
            <dependent idx="37">handle</dependent>
          </dep>
          <dep type="det">
            <governor idx="39">consequences</governor>
            <dependent idx="38">the</dependent>
          </dep>
          <dep type="dobj">
            <governor idx="37">handle</governor>
            <dependent idx="39">consequences</dependent>
          </dep>
          <dep type="case">
            <governor idx="42">actions</governor>
            <dependent idx="40">of</dependent>
          </dep>
          <dep type="nmod:poss">
            <governor idx="42">actions</governor>
            <dependent idx="41">their</dependent>
          </dep>
          <dep type="nmod:of">
            <governor idx="39">consequences</governor>
            <dependent idx="42">actions</dependent>
          </dep>
          <dep type="punct">
            <governor idx="2">learnt</governor>
            <dependent idx="43">.</dependent>
          </dep>
        </dependencies>
        <dependencies type="collapsed-ccprocessed-dependencies">
          <dep type="root">
            <governor idx="0">ROOT</governor>
            <dependent idx="2">learnt</dependent>
          </dep>
          <dep type="nsubj">
            <governor idx="2">learnt</governor>
            <dependent idx="1">I</dependent>
          </dep>
          <dep type="mark">
            <governor idx="10">efficient</governor>
            <dependent idx="3">that</dependent>
          </dep>
          <dep type="det">
            <governor idx="5">team</governor>
            <dependent idx="4">a</dependent>
          </dep>
          <dep type="nsubj">
            <governor idx="10">efficient</governor>
            <dependent idx="5">team</dependent>
          </dep>
          <dep type="aux">
            <governor idx="10">efficient</governor>
            <dependent idx="6">can</dependent>
          </dep>
          <dep type="advmod">
            <governor idx="10">efficient</governor>
            <dependent idx="7">only</dependent>
          </dep>
          <dep type="advmod">
            <governor idx="10">efficient</governor>
            <dependent idx="8">truly</dependent>
          </dep>
          <dep type="cop">
            <governor idx="10">efficient</governor>
            <dependent idx="9">be</dependent>
          </dep>
          <dep type="advcl">
            <governor idx="2">learnt</governor>
            <dependent idx="10">efficient</dependent>
          </dep>
          <dep type="mark">
            <governor idx="14">bears</governor>
            <dependent idx="11">if</dependent>
          </dep>
          <dep type="det">
            <governor idx="13">member</governor>
            <dependent idx="12">each</dependent>
          </dep>
          <dep type="nsubj">
            <governor idx="14">bears</governor>
            <dependent idx="13">member</dependent>
          </dep>
          <dep type="advcl">
            <governor idx="10">efficient</governor>
            <dependent idx="14">bears</dependent>
          </dep>
          <dep type="det">
            <governor idx="16">responsibility</governor>
            <dependent idx="15">the</dependent>
          </dep>
          <dep type="dobj">
            <governor idx="14">bears</governor>
            <dependent idx="16">responsibility</dependent>
          </dep>
          <dep type="case">
            <governor idx="19">role</governor>
            <dependent idx="17">of</dependent>
          </dep>
          <dep type="nmod:poss">
            <governor idx="19">role</governor>
            <dependent idx="18">their</dependent>
          </dep>
          <dep type="nmod:of">
            <governor idx="16">responsibility</governor>
            <dependent idx="19">role</dependent>
          </dep>
          <dep type="punct">
            <governor idx="10">efficient</governor>
            <dependent idx="20">,</dependent>
          </dep>
          <dep type="mark">
            <governor idx="25">equal</governor>
            <dependent idx="21">if</dependent>
          </dep>
          <dep type="det">
            <governor idx="23">responsibility</governor>
            <dependent idx="22">this</dependent>
          </dep>
          <dep type="nsubj">
            <governor idx="25">equal</governor>
            <dependent idx="23">responsibility</dependent>
          </dep>
          <dep type="cop">
            <governor idx="25">equal</governor>
            <dependent idx="24">is</dependent>
          </dep>
          <dep type="advcl" extra="true">
            <governor idx="2">learnt</governor>
            <dependent idx="25">equal</dependent>
          </dep>
          <dep type="conj:and">
            <governor idx="10">efficient</governor>
            <dependent idx="25">equal</dependent>
          </dep>
          <dep type="case">
            <governor idx="27">that</governor>
            <dependent idx="26">to</dependent>
          </dep>
          <dep type="nmod:to">
            <governor idx="25">equal</governor>
            <dependent idx="27">that</dependent>
          </dep>
          <dep type="case">
            <governor idx="29">others</governor>
            <dependent idx="28">of</dependent>
          </dep>
          <dep type="nmod:of">
            <governor idx="27">that</governor>
            <dependent idx="29">others</dependent>
          </dep>
          <dep type="cc">
            <governor idx="10">efficient</governor>
            <dependent idx="30">and</dependent>
          </dep>
          <dep type="mark">
            <governor idx="33">have</governor>
            <dependent idx="31">if</dependent>
          </dep>
          <dep type="nsubj">
            <governor idx="33">have</governor>
            <dependent idx="32">they</dependent>
          </dep>
          <dep type="advcl" extra="true">
            <governor idx="2">learnt</governor>
            <dependent idx="33">have</dependent>
          </dep>
          <dep type="conj:and">
            <governor idx="10">efficient</governor>
            <dependent idx="33">have</dependent>
          </dep>
          <dep type="det">
            <governor idx="35">capacity</governor>
            <dependent idx="34">the</dependent>
          </dep>
          <dep type="dobj">
            <governor idx="33">have</governor>
            <dependent idx="35">capacity</dependent>
          </dep>
          <dep type="mark">
            <governor idx="37">handle</governor>
            <dependent idx="36">to</dependent>
          </dep>
          <dep type="acl">
            <governor idx="35">capacity</governor>
            <dependent idx="37">handle</dependent>
          </dep>
          <dep type="det">
            <governor idx="39">consequences</governor>
            <dependent idx="38">the</dependent>
          </dep>
          <dep type="dobj">
            <governor idx="37">handle</governor>
            <dependent idx="39">consequences</dependent>
          </dep>
          <dep type="case">
            <governor idx="42">actions</governor>
            <dependent idx="40">of</dependent>
          </dep>
          <dep type="nmod:poss">
            <governor idx="42">actions</governor>
            <dependent idx="41">their</dependent>
          </dep>
          <dep type="nmod:of">
            <governor idx="39">consequences</governor>
            <dependent idx="42">actions</dependent>
          </dep>
          <dep type="punct">
            <governor idx="2">learnt</governor>
            <dependent idx="43">.</dependent>
          </dep>
        </dependencies>
      </sentence>
      <sentence id="187">
        <tokens>
          <token id="1">
            <word>I</word>
            <lemma>I</lemma>
            <CharacterOffsetBegin>23359</CharacterOffsetBegin>
            <CharacterOffsetEnd>23360</CharacterOffsetEnd>
            <POS>PRP</POS>
            <NER>O</NER>
            <Speaker>PER0</Speaker>
          </token>
          <token id="2">
            <word>feel</word>
            <lemma>feel</lemma>
            <CharacterOffsetBegin>23361</CharacterOffsetBegin>
            <CharacterOffsetEnd>23365</CharacterOffsetEnd>
            <POS>VBP</POS>
            <NER>O</NER>
            <Speaker>PER0</Speaker>
          </token>
          <token id="3">
            <word>that</word>
            <lemma>that</lemma>
            <CharacterOffsetBegin>23366</CharacterOffsetBegin>
            <CharacterOffsetEnd>23370</CharacterOffsetEnd>
            <POS>IN</POS>
            <NER>O</NER>
            <Speaker>PER0</Speaker>
          </token>
          <token id="4">
            <word>I</word>
            <lemma>I</lemma>
            <CharacterOffsetBegin>23371</CharacterOffsetBegin>
            <CharacterOffsetEnd>23372</CharacterOffsetEnd>
            <POS>PRP</POS>
            <NER>O</NER>
            <Speaker>PER0</Speaker>
          </token>
          <token id="5">
            <word>did</word>
            <lemma>do</lemma>
            <CharacterOffsetBegin>23373</CharacterOffsetBegin>
            <CharacterOffsetEnd>23376</CharacterOffsetEnd>
            <POS>VBD</POS>
            <NER>O</NER>
            <Speaker>PER0</Speaker>
          </token>
          <token id="6">
            <word>this</word>
            <lemma>this</lemma>
            <CharacterOffsetBegin>23377</CharacterOffsetBegin>
            <CharacterOffsetEnd>23381</CharacterOffsetEnd>
            <POS>DT</POS>
            <NER>O</NER>
            <Speaker>PER0</Speaker>
          </token>
          <token id="7">
            <word>very</word>
            <lemma>very</lemma>
            <CharacterOffsetBegin>23382</CharacterOffsetBegin>
            <CharacterOffsetEnd>23386</CharacterOffsetEnd>
            <POS>RB</POS>
            <NER>O</NER>
            <Speaker>PER0</Speaker>
          </token>
          <token id="8">
            <word>poorly</word>
            <lemma>poorly</lemma>
            <CharacterOffsetBegin>23387</CharacterOffsetBegin>
            <CharacterOffsetEnd>23393</CharacterOffsetEnd>
            <POS>RB</POS>
            <NER>O</NER>
            <Speaker>PER0</Speaker>
          </token>
          <token id="9">
            <word>and</word>
            <lemma>and</lemma>
            <CharacterOffsetBegin>23394</CharacterOffsetBegin>
            <CharacterOffsetEnd>23397</CharacterOffsetEnd>
            <POS>CC</POS>
            <NER>O</NER>
            <Speaker>PER0</Speaker>
          </token>
          <token id="10">
            <word>thus</word>
            <lemma>thus</lemma>
            <CharacterOffsetBegin>23398</CharacterOffsetBegin>
            <CharacterOffsetEnd>23402</CharacterOffsetEnd>
            <POS>RB</POS>
            <NER>O</NER>
            <Speaker>PER0</Speaker>
          </token>
          <token id="11">
            <word>impacted</word>
            <lemma>impact</lemma>
            <CharacterOffsetBegin>23403</CharacterOffsetBegin>
            <CharacterOffsetEnd>23411</CharacterOffsetEnd>
            <POS>VBD</POS>
            <NER>O</NER>
            <Speaker>PER0</Speaker>
          </token>
          <token id="12">
            <word>the</word>
            <lemma>the</lemma>
            <CharacterOffsetBegin>23412</CharacterOffsetBegin>
            <CharacterOffsetEnd>23415</CharacterOffsetEnd>
            <POS>DT</POS>
            <NER>O</NER>
            <Speaker>PER0</Speaker>
          </token>
          <token id="13">
            <word>team</word>
            <lemma>team</lemma>
            <CharacterOffsetBegin>23416</CharacterOffsetBegin>
            <CharacterOffsetEnd>23420</CharacterOffsetEnd>
            <POS>NN</POS>
            <NER>O</NER>
            <Speaker>PER0</Speaker>
          </token>
          <token id="14">
            <word>and</word>
            <lemma>and</lemma>
            <CharacterOffsetBegin>23421</CharacterOffsetBegin>
            <CharacterOffsetEnd>23424</CharacterOffsetEnd>
            <POS>CC</POS>
            <NER>O</NER>
            <Speaker>PER0</Speaker>
          </token>
          <token id="15">
            <word>as</word>
            <lemma>as</lemma>
            <CharacterOffsetBegin>23425</CharacterOffsetBegin>
            <CharacterOffsetEnd>23427</CharacterOffsetEnd>
            <POS>IN</POS>
            <NER>O</NER>
            <Speaker>PER0</Speaker>
          </token>
          <token id="16">
            <word>a</word>
            <lemma>a</lemma>
            <CharacterOffsetBegin>23428</CharacterOffsetBegin>
            <CharacterOffsetEnd>23429</CharacterOffsetEnd>
            <POS>DT</POS>
            <NER>O</NER>
            <Speaker>PER0</Speaker>
          </token>
          <token id="17">
            <word>result</word>
            <lemma>result</lemma>
            <CharacterOffsetBegin>23430</CharacterOffsetBegin>
            <CharacterOffsetEnd>23436</CharacterOffsetEnd>
            <POS>NN</POS>
            <NER>O</NER>
            <Speaker>PER0</Speaker>
          </token>
          <token id="18">
            <word>,</word>
            <lemma>,</lemma>
            <CharacterOffsetBegin>23436</CharacterOffsetBegin>
            <CharacterOffsetEnd>23437</CharacterOffsetEnd>
            <POS>,</POS>
            <NER>O</NER>
            <Speaker>PER0</Speaker>
          </token>
          <token id="19">
            <word>on</word>
            <lemma>on</lemma>
            <CharacterOffsetBegin>23438</CharacterOffsetBegin>
            <CharacterOffsetEnd>23440</CharacterOffsetEnd>
            <POS>IN</POS>
            <NER>O</NER>
            <Speaker>PER0</Speaker>
          </token>
          <token id="20">
            <word>this</word>
            <lemma>this</lemma>
            <CharacterOffsetBegin>23441</CharacterOffsetBegin>
            <CharacterOffsetEnd>23445</CharacterOffsetEnd>
            <POS>DT</POS>
            <NER>O</NER>
            <Speaker>PER0</Speaker>
          </token>
          <token id="21">
            <word>occasion</word>
            <lemma>occasion</lemma>
            <CharacterOffsetBegin>23446</CharacterOffsetBegin>
            <CharacterOffsetEnd>23454</CharacterOffsetEnd>
            <POS>NN</POS>
            <NER>O</NER>
            <Speaker>PER0</Speaker>
          </token>
          <token id="22">
            <word>,</word>
            <lemma>,</lemma>
            <CharacterOffsetBegin>23454</CharacterOffsetBegin>
            <CharacterOffsetEnd>23455</CharacterOffsetEnd>
            <POS>,</POS>
            <NER>O</NER>
            <Speaker>PER0</Speaker>
          </token>
          <token id="23">
            <word>we</word>
            <lemma>we</lemma>
            <CharacterOffsetBegin>23456</CharacterOffsetBegin>
            <CharacterOffsetEnd>23458</CharacterOffsetEnd>
            <POS>PRP</POS>
            <NER>O</NER>
            <Speaker>PER0</Speaker>
          </token>
          <token id="24">
            <word>were</word>
            <lemma>be</lemma>
            <CharacterOffsetBegin>23459</CharacterOffsetBegin>
            <CharacterOffsetEnd>23463</CharacterOffsetEnd>
            <POS>VBD</POS>
            <NER>O</NER>
            <Speaker>PER0</Speaker>
          </token>
          <token id="25">
            <word>very</word>
            <lemma>very</lemma>
            <CharacterOffsetBegin>23464</CharacterOffsetBegin>
            <CharacterOffsetEnd>23468</CharacterOffsetEnd>
            <POS>RB</POS>
            <NER>O</NER>
            <Speaker>PER0</Speaker>
          </token>
          <token id="26">
            <word>inefficient</word>
            <lemma>inefficient</lemma>
            <CharacterOffsetBegin>23469</CharacterOffsetBegin>
            <CharacterOffsetEnd>23480</CharacterOffsetEnd>
            <POS>JJ</POS>
            <NER>O</NER>
            <Speaker>PER0</Speaker>
          </token>
          <token id="27">
            <word>.</word>
            <lemma>.</lemma>
            <CharacterOffsetBegin>23480</CharacterOffsetBegin>
            <CharacterOffsetEnd>23481</CharacterOffsetEnd>
            <POS>.</POS>
            <NER>O</NER>
            <Speaker>PER0</Speaker>
          </token>
        </tokens>
        <parse>(ROOT (S (NP (PRP I)) (VP (VBP feel) (SBAR (SBAR (IN that) (S (NP (PRP I)) (VP (VP (VBD did) (S (NP (DT this)) (ADJP (RB very) (RB poorly)))) (CC and) (VP (ADVP (RB thus)) (VBD impacted) (NP (DT the) (NN team)))))) (CC and) (SBAR (IN as) (S (NP (DT a) (NN result)) (, ,) (PP (IN on) (NP (DT this) (NN occasion))) (, ,) (NP (PRP we)) (VP (VBD were) (ADJP (RB very) (JJ inefficient))))))) (. .))) </parse>
        <dependencies type="basic-dependencies">
          <dep type="root">
            <governor idx="0">ROOT</governor>
            <dependent idx="2">feel</dependent>
          </dep>
          <dep type="nsubj">
            <governor idx="2">feel</governor>
            <dependent idx="1">I</dependent>
          </dep>
          <dep type="mark">
            <governor idx="5">did</governor>
            <dependent idx="3">that</dependent>
          </dep>
          <dep type="nsubj">
            <governor idx="5">did</governor>
            <dependent idx="4">I</dependent>
          </dep>
          <dep type="advcl">
            <governor idx="2">feel</governor>
            <dependent idx="5">did</dependent>
          </dep>
          <dep type="nsubj">
            <governor idx="8">poorly</governor>
            <dependent idx="6">this</dependent>
          </dep>
          <dep type="advmod">
            <governor idx="8">poorly</governor>
            <dependent idx="7">very</dependent>
          </dep>
          <dep type="xcomp">
            <governor idx="5">did</governor>
            <dependent idx="8">poorly</dependent>
          </dep>
          <dep type="cc">
            <governor idx="5">did</governor>
            <dependent idx="9">and</dependent>
          </dep>
          <dep type="advmod">
            <governor idx="11">impacted</governor>
            <dependent idx="10">thus</dependent>
          </dep>
          <dep type="conj">
            <governor idx="5">did</governor>
            <dependent idx="11">impacted</dependent>
          </dep>
          <dep type="det">
            <governor idx="13">team</governor>
            <dependent idx="12">the</dependent>
          </dep>
          <dep type="dobj">
            <governor idx="11">impacted</governor>
            <dependent idx="13">team</dependent>
          </dep>
          <dep type="cc">
            <governor idx="5">did</governor>
            <dependent idx="14">and</dependent>
          </dep>
          <dep type="mark">
            <governor idx="26">inefficient</governor>
            <dependent idx="15">as</dependent>
          </dep>
          <dep type="det">
            <governor idx="17">result</governor>
            <dependent idx="16">a</dependent>
          </dep>
          <dep type="nsubj">
            <governor idx="26">inefficient</governor>
            <dependent idx="17">result</dependent>
          </dep>
          <dep type="punct">
            <governor idx="26">inefficient</governor>
            <dependent idx="18">,</dependent>
          </dep>
          <dep type="case">
            <governor idx="21">occasion</governor>
            <dependent idx="19">on</dependent>
          </dep>
          <dep type="det">
            <governor idx="21">occasion</governor>
            <dependent idx="20">this</dependent>
          </dep>
          <dep type="nmod">
            <governor idx="26">inefficient</governor>
            <dependent idx="21">occasion</dependent>
          </dep>
          <dep type="punct">
            <governor idx="26">inefficient</governor>
            <dependent idx="22">,</dependent>
          </dep>
          <dep type="nsubj">
            <governor idx="26">inefficient</governor>
            <dependent idx="23">we</dependent>
          </dep>
          <dep type="cop">
            <governor idx="26">inefficient</governor>
            <dependent idx="24">were</dependent>
          </dep>
          <dep type="advmod">
            <governor idx="26">inefficient</governor>
            <dependent idx="25">very</dependent>
          </dep>
          <dep type="conj">
            <governor idx="5">did</governor>
            <dependent idx="26">inefficient</dependent>
          </dep>
          <dep type="punct">
            <governor idx="2">feel</governor>
            <dependent idx="27">.</dependent>
          </dep>
        </dependencies>
        <dependencies type="collapsed-dependencies">
          <dep type="root">
            <governor idx="0">ROOT</governor>
            <dependent idx="2">feel</dependent>
          </dep>
          <dep type="nsubj">
            <governor idx="2">feel</governor>
            <dependent idx="1">I</dependent>
          </dep>
          <dep type="mark">
            <governor idx="5">did</governor>
            <dependent idx="3">that</dependent>
          </dep>
          <dep type="nsubj">
            <governor idx="5">did</governor>
            <dependent idx="4">I</dependent>
          </dep>
          <dep type="advcl">
            <governor idx="2">feel</governor>
            <dependent idx="5">did</dependent>
          </dep>
          <dep type="nsubj">
            <governor idx="8">poorly</governor>
            <dependent idx="6">this</dependent>
          </dep>
          <dep type="advmod">
            <governor idx="8">poorly</governor>
            <dependent idx="7">very</dependent>
          </dep>
          <dep type="xcomp">
            <governor idx="5">did</governor>
            <dependent idx="8">poorly</dependent>
          </dep>
          <dep type="cc">
            <governor idx="5">did</governor>
            <dependent idx="9">and</dependent>
          </dep>
          <dep type="advmod">
            <governor idx="11">impacted</governor>
            <dependent idx="10">thus</dependent>
          </dep>
          <dep type="conj:and">
            <governor idx="5">did</governor>
            <dependent idx="11">impacted</dependent>
          </dep>
          <dep type="det">
            <governor idx="13">team</governor>
            <dependent idx="12">the</dependent>
          </dep>
          <dep type="dobj">
            <governor idx="11">impacted</governor>
            <dependent idx="13">team</dependent>
          </dep>
          <dep type="cc">
            <governor idx="5">did</governor>
            <dependent idx="14">and</dependent>
          </dep>
          <dep type="mark">
            <governor idx="26">inefficient</governor>
            <dependent idx="15">as</dependent>
          </dep>
          <dep type="det">
            <governor idx="17">result</governor>
            <dependent idx="16">a</dependent>
          </dep>
          <dep type="nsubj">
            <governor idx="26">inefficient</governor>
            <dependent idx="17">result</dependent>
          </dep>
          <dep type="punct">
            <governor idx="26">inefficient</governor>
            <dependent idx="18">,</dependent>
          </dep>
          <dep type="case">
            <governor idx="21">occasion</governor>
            <dependent idx="19">on</dependent>
          </dep>
          <dep type="det">
            <governor idx="21">occasion</governor>
            <dependent idx="20">this</dependent>
          </dep>
          <dep type="nmod:on">
            <governor idx="26">inefficient</governor>
            <dependent idx="21">occasion</dependent>
          </dep>
          <dep type="punct">
            <governor idx="26">inefficient</governor>
            <dependent idx="22">,</dependent>
          </dep>
          <dep type="nsubj">
            <governor idx="26">inefficient</governor>
            <dependent idx="23">we</dependent>
          </dep>
          <dep type="cop">
            <governor idx="26">inefficient</governor>
            <dependent idx="24">were</dependent>
          </dep>
          <dep type="advmod">
            <governor idx="26">inefficient</governor>
            <dependent idx="25">very</dependent>
          </dep>
          <dep type="conj:and">
            <governor idx="5">did</governor>
            <dependent idx="26">inefficient</dependent>
          </dep>
          <dep type="punct">
            <governor idx="2">feel</governor>
            <dependent idx="27">.</dependent>
          </dep>
        </dependencies>
        <dependencies type="collapsed-ccprocessed-dependencies">
          <dep type="root">
            <governor idx="0">ROOT</governor>
            <dependent idx="2">feel</dependent>
          </dep>
          <dep type="nsubj">
            <governor idx="2">feel</governor>
            <dependent idx="1">I</dependent>
          </dep>
          <dep type="mark">
            <governor idx="5">did</governor>
            <dependent idx="3">that</dependent>
          </dep>
          <dep type="nsubj">
            <governor idx="5">did</governor>
            <dependent idx="4">I</dependent>
          </dep>
          <dep type="nsubj" extra="true">
            <governor idx="11">impacted</governor>
            <dependent idx="4">I</dependent>
          </dep>
          <dep type="advcl">
            <governor idx="2">feel</governor>
            <dependent idx="5">did</dependent>
          </dep>
          <dep type="nsubj">
            <governor idx="8">poorly</governor>
            <dependent idx="6">this</dependent>
          </dep>
          <dep type="advmod">
            <governor idx="8">poorly</governor>
            <dependent idx="7">very</dependent>
          </dep>
          <dep type="xcomp">
            <governor idx="5">did</governor>
            <dependent idx="8">poorly</dependent>
          </dep>
          <dep type="cc">
            <governor idx="5">did</governor>
            <dependent idx="9">and</dependent>
          </dep>
          <dep type="advmod">
            <governor idx="11">impacted</governor>
            <dependent idx="10">thus</dependent>
          </dep>
          <dep type="advcl" extra="true">
            <governor idx="2">feel</governor>
            <dependent idx="11">impacted</dependent>
          </dep>
          <dep type="conj:and">
            <governor idx="5">did</governor>
            <dependent idx="11">impacted</dependent>
          </dep>
          <dep type="det">
            <governor idx="13">team</governor>
            <dependent idx="12">the</dependent>
          </dep>
          <dep type="dobj">
            <governor idx="11">impacted</governor>
            <dependent idx="13">team</dependent>
          </dep>
          <dep type="cc">
            <governor idx="5">did</governor>
            <dependent idx="14">and</dependent>
          </dep>
          <dep type="mark">
            <governor idx="26">inefficient</governor>
            <dependent idx="15">as</dependent>
          </dep>
          <dep type="det">
            <governor idx="17">result</governor>
            <dependent idx="16">a</dependent>
          </dep>
          <dep type="nsubj">
            <governor idx="26">inefficient</governor>
            <dependent idx="17">result</dependent>
          </dep>
          <dep type="punct">
            <governor idx="26">inefficient</governor>
            <dependent idx="18">,</dependent>
          </dep>
          <dep type="case">
            <governor idx="21">occasion</governor>
            <dependent idx="19">on</dependent>
          </dep>
          <dep type="det">
            <governor idx="21">occasion</governor>
            <dependent idx="20">this</dependent>
          </dep>
          <dep type="nmod:on">
            <governor idx="26">inefficient</governor>
            <dependent idx="21">occasion</dependent>
          </dep>
          <dep type="punct">
            <governor idx="26">inefficient</governor>
            <dependent idx="22">,</dependent>
          </dep>
          <dep type="nsubj">
            <governor idx="26">inefficient</governor>
            <dependent idx="23">we</dependent>
          </dep>
          <dep type="cop">
            <governor idx="26">inefficient</governor>
            <dependent idx="24">were</dependent>
          </dep>
          <dep type="advmod">
            <governor idx="26">inefficient</governor>
            <dependent idx="25">very</dependent>
          </dep>
          <dep type="advcl" extra="true">
            <governor idx="2">feel</governor>
            <dependent idx="26">inefficient</dependent>
          </dep>
          <dep type="conj:and">
            <governor idx="5">did</governor>
            <dependent idx="26">inefficient</dependent>
          </dep>
          <dep type="punct">
            <governor idx="2">feel</governor>
            <dependent idx="27">.</dependent>
          </dep>
        </dependencies>
      </sentence>
      <sentence id="188">
        <tokens>
          <token id="1">
            <word>The</word>
            <lemma>the</lemma>
            <CharacterOffsetBegin>23483</CharacterOffsetBegin>
            <CharacterOffsetEnd>23486</CharacterOffsetEnd>
            <POS>DT</POS>
            <NER>O</NER>
            <Speaker>PER0</Speaker>
          </token>
          <token id="2">
            <word>way</word>
            <lemma>way</lemma>
            <CharacterOffsetBegin>23487</CharacterOffsetBegin>
            <CharacterOffsetEnd>23490</CharacterOffsetEnd>
            <POS>NN</POS>
            <NER>O</NER>
            <Speaker>PER0</Speaker>
          </token>
          <token id="3">
            <word>individuals</word>
            <lemma>individual</lemma>
            <CharacterOffsetBegin>23491</CharacterOffsetBegin>
            <CharacterOffsetEnd>23502</CharacterOffsetEnd>
            <POS>NNS</POS>
            <NER>O</NER>
            <Speaker>PER0</Speaker>
          </token>
          <token id="4">
            <word>take</word>
            <lemma>take</lemma>
            <CharacterOffsetBegin>23503</CharacterOffsetBegin>
            <CharacterOffsetEnd>23507</CharacterOffsetEnd>
            <POS>VBP</POS>
            <NER>O</NER>
            <Speaker>PER0</Speaker>
          </token>
          <token id="5">
            <word>responsibility</word>
            <lemma>responsibility</lemma>
            <CharacterOffsetBegin>23508</CharacterOffsetBegin>
            <CharacterOffsetEnd>23522</CharacterOffsetEnd>
            <POS>NN</POS>
            <NER>O</NER>
            <Speaker>PER0</Speaker>
          </token>
          <token id="6">
            <word>for</word>
            <lemma>for</lemma>
            <CharacterOffsetBegin>23523</CharacterOffsetBegin>
            <CharacterOffsetEnd>23526</CharacterOffsetEnd>
            <POS>IN</POS>
            <NER>O</NER>
            <Speaker>PER0</Speaker>
          </token>
          <token id="7">
            <word>their</word>
            <lemma>they</lemma>
            <CharacterOffsetBegin>23527</CharacterOffsetBegin>
            <CharacterOffsetEnd>23532</CharacterOffsetEnd>
            <POS>PRP$</POS>
            <NER>O</NER>
            <Speaker>PER0</Speaker>
          </token>
          <token id="8">
            <word>roles</word>
            <lemma>role</lemma>
            <CharacterOffsetBegin>23533</CharacterOffsetBegin>
            <CharacterOffsetEnd>23538</CharacterOffsetEnd>
            <POS>NNS</POS>
            <NER>O</NER>
            <Speaker>PER0</Speaker>
          </token>
          <token id="9">
            <word>does</word>
            <lemma>do</lemma>
            <CharacterOffsetBegin>23539</CharacterOffsetBegin>
            <CharacterOffsetEnd>23543</CharacterOffsetEnd>
            <POS>VBZ</POS>
            <NER>O</NER>
            <Speaker>PER0</Speaker>
          </token>
          <token id="10">
            <word>not</word>
            <lemma>not</lemma>
            <CharacterOffsetBegin>23544</CharacterOffsetBegin>
            <CharacterOffsetEnd>23547</CharacterOffsetEnd>
            <POS>RB</POS>
            <NER>O</NER>
            <Speaker>PER0</Speaker>
          </token>
          <token id="11">
            <word>only</word>
            <lemma>only</lemma>
            <CharacterOffsetBegin>23548</CharacterOffsetBegin>
            <CharacterOffsetEnd>23552</CharacterOffsetEnd>
            <POS>RB</POS>
            <NER>O</NER>
            <Speaker>PER0</Speaker>
          </token>
          <token id="12">
            <word>apply</word>
            <lemma>apply</lemma>
            <CharacterOffsetBegin>23553</CharacterOffsetBegin>
            <CharacterOffsetEnd>23558</CharacterOffsetEnd>
            <POS>VB</POS>
            <NER>O</NER>
            <Speaker>PER0</Speaker>
          </token>
          <token id="13">
            <word>to</word>
            <lemma>to</lemma>
            <CharacterOffsetBegin>23559</CharacterOffsetBegin>
            <CharacterOffsetEnd>23561</CharacterOffsetEnd>
            <POS>TO</POS>
            <NER>O</NER>
            <Speaker>PER0</Speaker>
          </token>
          <token id="14">
            <word>team</word>
            <lemma>team</lemma>
            <CharacterOffsetBegin>23562</CharacterOffsetBegin>
            <CharacterOffsetEnd>23566</CharacterOffsetEnd>
            <POS>NN</POS>
            <NER>O</NER>
            <Speaker>PER0</Speaker>
          </token>
          <token id="15">
            <word>situations</word>
            <lemma>situation</lemma>
            <CharacterOffsetBegin>23567</CharacterOffsetBegin>
            <CharacterOffsetEnd>23577</CharacterOffsetEnd>
            <POS>NNS</POS>
            <NER>O</NER>
            <Speaker>PER0</Speaker>
          </token>
          <token id="16">
            <word>.</word>
            <lemma>.</lemma>
            <CharacterOffsetBegin>23577</CharacterOffsetBegin>
            <CharacterOffsetEnd>23578</CharacterOffsetEnd>
            <POS>.</POS>
            <NER>O</NER>
            <Speaker>PER0</Speaker>
          </token>
        </tokens>
        <parse>(ROOT (S (NP (DT The) (NN way) (NNS individuals)) (VP (VBP take) (SBAR (S (NP (NP (NN responsibility)) (PP (IN for) (NP (PRP$ their) (NNS roles)))) (VP (VBZ does) (RB not) (ADVP (RB only)) (VP (VB apply) (PP (TO to) (NP (NN team) (NNS situations)))))))) (. .))) </parse>
        <dependencies type="basic-dependencies">
          <dep type="root">
            <governor idx="0">ROOT</governor>
            <dependent idx="4">take</dependent>
          </dep>
          <dep type="det">
            <governor idx="3">individuals</governor>
            <dependent idx="1">The</dependent>
          </dep>
          <dep type="compound">
            <governor idx="3">individuals</governor>
            <dependent idx="2">way</dependent>
          </dep>
          <dep type="nsubj">
            <governor idx="4">take</governor>
            <dependent idx="3">individuals</dependent>
          </dep>
          <dep type="nsubj">
            <governor idx="12">apply</governor>
            <dependent idx="5">responsibility</dependent>
          </dep>
          <dep type="case">
            <governor idx="8">roles</governor>
            <dependent idx="6">for</dependent>
          </dep>
          <dep type="nmod:poss">
            <governor idx="8">roles</governor>
            <dependent idx="7">their</dependent>
          </dep>
          <dep type="nmod">
            <governor idx="5">responsibility</governor>
            <dependent idx="8">roles</dependent>
          </dep>
          <dep type="aux">
            <governor idx="12">apply</governor>
            <dependent idx="9">does</dependent>
          </dep>
          <dep type="neg">
            <governor idx="12">apply</governor>
            <dependent idx="10">not</dependent>
          </dep>
          <dep type="advmod">
            <governor idx="12">apply</governor>
            <dependent idx="11">only</dependent>
          </dep>
          <dep type="ccomp">
            <governor idx="4">take</governor>
            <dependent idx="12">apply</dependent>
          </dep>
          <dep type="case">
            <governor idx="15">situations</governor>
            <dependent idx="13">to</dependent>
          </dep>
          <dep type="compound">
            <governor idx="15">situations</governor>
            <dependent idx="14">team</dependent>
          </dep>
          <dep type="nmod">
            <governor idx="12">apply</governor>
            <dependent idx="15">situations</dependent>
          </dep>
          <dep type="punct">
            <governor idx="4">take</governor>
            <dependent idx="16">.</dependent>
          </dep>
        </dependencies>
        <dependencies type="collapsed-dependencies">
          <dep type="root">
            <governor idx="0">ROOT</governor>
            <dependent idx="4">take</dependent>
          </dep>
          <dep type="det">
            <governor idx="3">individuals</governor>
            <dependent idx="1">The</dependent>
          </dep>
          <dep type="compound">
            <governor idx="3">individuals</governor>
            <dependent idx="2">way</dependent>
          </dep>
          <dep type="nsubj">
            <governor idx="4">take</governor>
            <dependent idx="3">individuals</dependent>
          </dep>
          <dep type="nsubj">
            <governor idx="12">apply</governor>
            <dependent idx="5">responsibility</dependent>
          </dep>
          <dep type="case">
            <governor idx="8">roles</governor>
            <dependent idx="6">for</dependent>
          </dep>
          <dep type="nmod:poss">
            <governor idx="8">roles</governor>
            <dependent idx="7">their</dependent>
          </dep>
          <dep type="nmod:for">
            <governor idx="5">responsibility</governor>
            <dependent idx="8">roles</dependent>
          </dep>
          <dep type="aux">
            <governor idx="12">apply</governor>
            <dependent idx="9">does</dependent>
          </dep>
          <dep type="neg">
            <governor idx="12">apply</governor>
            <dependent idx="10">not</dependent>
          </dep>
          <dep type="advmod">
            <governor idx="12">apply</governor>
            <dependent idx="11">only</dependent>
          </dep>
          <dep type="ccomp">
            <governor idx="4">take</governor>
            <dependent idx="12">apply</dependent>
          </dep>
          <dep type="case">
            <governor idx="15">situations</governor>
            <dependent idx="13">to</dependent>
          </dep>
          <dep type="compound">
            <governor idx="15">situations</governor>
            <dependent idx="14">team</dependent>
          </dep>
          <dep type="nmod:to">
            <governor idx="12">apply</governor>
            <dependent idx="15">situations</dependent>
          </dep>
          <dep type="punct">
            <governor idx="4">take</governor>
            <dependent idx="16">.</dependent>
          </dep>
        </dependencies>
        <dependencies type="collapsed-ccprocessed-dependencies">
          <dep type="root">
            <governor idx="0">ROOT</governor>
            <dependent idx="4">take</dependent>
          </dep>
          <dep type="det">
            <governor idx="3">individuals</governor>
            <dependent idx="1">The</dependent>
          </dep>
          <dep type="compound">
            <governor idx="3">individuals</governor>
            <dependent idx="2">way</dependent>
          </dep>
          <dep type="nsubj">
            <governor idx="4">take</governor>
            <dependent idx="3">individuals</dependent>
          </dep>
          <dep type="nsubj">
            <governor idx="12">apply</governor>
            <dependent idx="5">responsibility</dependent>
          </dep>
          <dep type="case">
            <governor idx="8">roles</governor>
            <dependent idx="6">for</dependent>
          </dep>
          <dep type="nmod:poss">
            <governor idx="8">roles</governor>
            <dependent idx="7">their</dependent>
          </dep>
          <dep type="nmod:for">
            <governor idx="5">responsibility</governor>
            <dependent idx="8">roles</dependent>
          </dep>
          <dep type="aux">
            <governor idx="12">apply</governor>
            <dependent idx="9">does</dependent>
          </dep>
          <dep type="neg">
            <governor idx="12">apply</governor>
            <dependent idx="10">not</dependent>
          </dep>
          <dep type="advmod">
            <governor idx="12">apply</governor>
            <dependent idx="11">only</dependent>
          </dep>
          <dep type="ccomp">
            <governor idx="4">take</governor>
            <dependent idx="12">apply</dependent>
          </dep>
          <dep type="case">
            <governor idx="15">situations</governor>
            <dependent idx="13">to</dependent>
          </dep>
          <dep type="compound">
            <governor idx="15">situations</governor>
            <dependent idx="14">team</dependent>
          </dep>
          <dep type="nmod:to">
            <governor idx="12">apply</governor>
            <dependent idx="15">situations</dependent>
          </dep>
          <dep type="punct">
            <governor idx="4">take</governor>
            <dependent idx="16">.</dependent>
          </dep>
        </dependencies>
      </sentence>
      <sentence id="189">
        <tokens>
          <token id="1">
            <word>It</word>
            <lemma>it</lemma>
            <CharacterOffsetBegin>23579</CharacterOffsetBegin>
            <CharacterOffsetEnd>23581</CharacterOffsetEnd>
            <POS>PRP</POS>
            <NER>O</NER>
            <Speaker>PER0</Speaker>
          </token>
          <token id="2">
            <word>is</word>
            <lemma>be</lemma>
            <CharacterOffsetBegin>23582</CharacterOffsetBegin>
            <CharacterOffsetEnd>23584</CharacterOffsetEnd>
            <POS>VBZ</POS>
            <NER>O</NER>
            <Speaker>PER0</Speaker>
          </token>
          <token id="3">
            <word>fundamental</word>
            <lemma>fundamental</lemma>
            <CharacterOffsetBegin>23585</CharacterOffsetBegin>
            <CharacterOffsetEnd>23596</CharacterOffsetEnd>
            <POS>JJ</POS>
            <NER>O</NER>
            <Speaker>PER0</Speaker>
          </token>
          <token id="4">
            <word>in</word>
            <lemma>in</lemma>
            <CharacterOffsetBegin>23597</CharacterOffsetBegin>
            <CharacterOffsetEnd>23599</CharacterOffsetEnd>
            <POS>IN</POS>
            <NER>O</NER>
            <Speaker>PER0</Speaker>
          </token>
          <token id="5">
            <word>the</word>
            <lemma>the</lemma>
            <CharacterOffsetBegin>23600</CharacterOffsetBegin>
            <CharacterOffsetEnd>23603</CharacterOffsetEnd>
            <POS>DT</POS>
            <NER>O</NER>
            <Speaker>PER0</Speaker>
          </token>
          <token id="6">
            <word>life</word>
            <lemma>life</lemma>
            <CharacterOffsetBegin>23604</CharacterOffsetBegin>
            <CharacterOffsetEnd>23608</CharacterOffsetEnd>
            <POS>NN</POS>
            <NER>O</NER>
            <Speaker>PER0</Speaker>
          </token>
          <token id="7">
            <word>of</word>
            <lemma>of</lemma>
            <CharacterOffsetBegin>23609</CharacterOffsetBegin>
            <CharacterOffsetEnd>23611</CharacterOffsetEnd>
            <POS>IN</POS>
            <NER>O</NER>
            <Speaker>PER0</Speaker>
          </token>
          <token id="8">
            <word>an</word>
            <lemma>a</lemma>
            <CharacterOffsetBegin>23612</CharacterOffsetBegin>
            <CharacterOffsetEnd>23614</CharacterOffsetEnd>
            <POS>DT</POS>
            <NER>O</NER>
            <Speaker>PER0</Speaker>
          </token>
          <token id="9">
            <word>engineer</word>
            <lemma>engineer</lemma>
            <CharacterOffsetBegin>23615</CharacterOffsetBegin>
            <CharacterOffsetEnd>23623</CharacterOffsetEnd>
            <POS>NN</POS>
            <NER>O</NER>
            <Speaker>PER0</Speaker>
          </token>
          <token id="10">
            <word>as</word>
            <lemma>as</lemma>
            <CharacterOffsetBegin>23624</CharacterOffsetBegin>
            <CharacterOffsetEnd>23626</CharacterOffsetEnd>
            <POS>IN</POS>
            <NER>O</NER>
            <Speaker>PER0</Speaker>
          </token>
          <token id="11">
            <word>they</word>
            <lemma>they</lemma>
            <CharacterOffsetBegin>23627</CharacterOffsetBegin>
            <CharacterOffsetEnd>23631</CharacterOffsetEnd>
            <POS>PRP</POS>
            <NER>O</NER>
            <Speaker>PER0</Speaker>
          </token>
          <token id="12">
            <word>are</word>
            <lemma>be</lemma>
            <CharacterOffsetBegin>23632</CharacterOffsetBegin>
            <CharacterOffsetEnd>23635</CharacterOffsetEnd>
            <POS>VBP</POS>
            <NER>O</NER>
            <Speaker>PER0</Speaker>
          </token>
          <token id="13">
            <word>required</word>
            <lemma>require</lemma>
            <CharacterOffsetBegin>23636</CharacterOffsetBegin>
            <CharacterOffsetEnd>23644</CharacterOffsetEnd>
            <POS>VBN</POS>
            <NER>O</NER>
            <Speaker>PER0</Speaker>
          </token>
          <token id="14">
            <word>to</word>
            <lemma>to</lemma>
            <CharacterOffsetBegin>23645</CharacterOffsetBegin>
            <CharacterOffsetEnd>23647</CharacterOffsetEnd>
            <POS>TO</POS>
            <NER>O</NER>
            <Speaker>PER0</Speaker>
          </token>
          <token id="15">
            <word>be</word>
            <lemma>be</lemma>
            <CharacterOffsetBegin>23648</CharacterOffsetBegin>
            <CharacterOffsetEnd>23650</CharacterOffsetEnd>
            <POS>VB</POS>
            <NER>O</NER>
            <Speaker>PER0</Speaker>
          </token>
          <token id="16">
            <word>accountable</word>
            <lemma>accountable</lemma>
            <CharacterOffsetBegin>23651</CharacterOffsetBegin>
            <CharacterOffsetEnd>23662</CharacterOffsetEnd>
            <POS>JJ</POS>
            <NER>O</NER>
            <Speaker>PER0</Speaker>
          </token>
          <token id="17">
            <word>for</word>
            <lemma>for</lemma>
            <CharacterOffsetBegin>23663</CharacterOffsetBegin>
            <CharacterOffsetEnd>23666</CharacterOffsetEnd>
            <POS>IN</POS>
            <NER>O</NER>
            <Speaker>PER0</Speaker>
          </token>
          <token id="18">
            <word>their</word>
            <lemma>they</lemma>
            <CharacterOffsetBegin>23667</CharacterOffsetBegin>
            <CharacterOffsetEnd>23672</CharacterOffsetEnd>
            <POS>PRP$</POS>
            <NER>O</NER>
            <Speaker>PER0</Speaker>
          </token>
          <token id="19">
            <word>actions</word>
            <lemma>action</lemma>
            <CharacterOffsetBegin>23673</CharacterOffsetBegin>
            <CharacterOffsetEnd>23680</CharacterOffsetEnd>
            <POS>NNS</POS>
            <NER>O</NER>
            <Speaker>PER0</Speaker>
          </token>
          <token id="20">
            <word>.</word>
            <lemma>.</lemma>
            <CharacterOffsetBegin>23680</CharacterOffsetBegin>
            <CharacterOffsetEnd>23681</CharacterOffsetEnd>
            <POS>.</POS>
            <NER>O</NER>
            <Speaker>PER0</Speaker>
          </token>
        </tokens>
        <parse>(ROOT (S (NP (PRP It)) (VP (VBZ is) (ADJP (JJ fundamental) (PP (IN in) (NP (NP (DT the) (NN life)) (PP (IN of) (NP (DT an) (NN engineer)))))) (SBAR (IN as) (S (NP (PRP they)) (VP (VBP are) (VP (VBN required) (S (VP (TO to) (VP (VB be) (ADJP (JJ accountable) (PP (IN for) (NP (PRP$ their) (NNS actions)))))))))))) (. .))) </parse>
        <dependencies type="basic-dependencies">
          <dep type="root">
            <governor idx="0">ROOT</governor>
            <dependent idx="3">fundamental</dependent>
          </dep>
          <dep type="nsubj">
            <governor idx="3">fundamental</governor>
            <dependent idx="1">It</dependent>
          </dep>
          <dep type="cop">
            <governor idx="3">fundamental</governor>
            <dependent idx="2">is</dependent>
          </dep>
          <dep type="case">
            <governor idx="6">life</governor>
            <dependent idx="4">in</dependent>
          </dep>
          <dep type="det">
            <governor idx="6">life</governor>
            <dependent idx="5">the</dependent>
          </dep>
          <dep type="nmod">
            <governor idx="3">fundamental</governor>
            <dependent idx="6">life</dependent>
          </dep>
          <dep type="case">
            <governor idx="9">engineer</governor>
            <dependent idx="7">of</dependent>
          </dep>
          <dep type="det">
            <governor idx="9">engineer</governor>
            <dependent idx="8">an</dependent>
          </dep>
          <dep type="nmod">
            <governor idx="6">life</governor>
            <dependent idx="9">engineer</dependent>
          </dep>
          <dep type="mark">
            <governor idx="13">required</governor>
            <dependent idx="10">as</dependent>
          </dep>
          <dep type="nsubjpass">
            <governor idx="13">required</governor>
            <dependent idx="11">they</dependent>
          </dep>
          <dep type="auxpass">
            <governor idx="13">required</governor>
            <dependent idx="12">are</dependent>
          </dep>
          <dep type="advcl">
            <governor idx="3">fundamental</governor>
            <dependent idx="13">required</dependent>
          </dep>
          <dep type="mark">
            <governor idx="16">accountable</governor>
            <dependent idx="14">to</dependent>
          </dep>
          <dep type="cop">
            <governor idx="16">accountable</governor>
            <dependent idx="15">be</dependent>
          </dep>
          <dep type="xcomp">
            <governor idx="13">required</governor>
            <dependent idx="16">accountable</dependent>
          </dep>
          <dep type="case">
            <governor idx="19">actions</governor>
            <dependent idx="17">for</dependent>
          </dep>
          <dep type="nmod:poss">
            <governor idx="19">actions</governor>
            <dependent idx="18">their</dependent>
          </dep>
          <dep type="nmod">
            <governor idx="16">accountable</governor>
            <dependent idx="19">actions</dependent>
          </dep>
          <dep type="punct">
            <governor idx="3">fundamental</governor>
            <dependent idx="20">.</dependent>
          </dep>
        </dependencies>
        <dependencies type="collapsed-dependencies">
          <dep type="root">
            <governor idx="0">ROOT</governor>
            <dependent idx="3">fundamental</dependent>
          </dep>
          <dep type="nsubj">
            <governor idx="3">fundamental</governor>
            <dependent idx="1">It</dependent>
          </dep>
          <dep type="cop">
            <governor idx="3">fundamental</governor>
            <dependent idx="2">is</dependent>
          </dep>
          <dep type="case">
            <governor idx="6">life</governor>
            <dependent idx="4">in</dependent>
          </dep>
          <dep type="det">
            <governor idx="6">life</governor>
            <dependent idx="5">the</dependent>
          </dep>
          <dep type="nmod:in">
            <governor idx="3">fundamental</governor>
            <dependent idx="6">life</dependent>
          </dep>
          <dep type="case">
            <governor idx="9">engineer</governor>
            <dependent idx="7">of</dependent>
          </dep>
          <dep type="det">
            <governor idx="9">engineer</governor>
            <dependent idx="8">an</dependent>
          </dep>
          <dep type="nmod:of">
            <governor idx="6">life</governor>
            <dependent idx="9">engineer</dependent>
          </dep>
          <dep type="mark">
            <governor idx="13">required</governor>
            <dependent idx="10">as</dependent>
          </dep>
          <dep type="nsubjpass">
            <governor idx="13">required</governor>
            <dependent idx="11">they</dependent>
          </dep>
          <dep type="auxpass">
            <governor idx="13">required</governor>
            <dependent idx="12">are</dependent>
          </dep>
          <dep type="advcl">
            <governor idx="3">fundamental</governor>
            <dependent idx="13">required</dependent>
          </dep>
          <dep type="mark">
            <governor idx="16">accountable</governor>
            <dependent idx="14">to</dependent>
          </dep>
          <dep type="cop">
            <governor idx="16">accountable</governor>
            <dependent idx="15">be</dependent>
          </dep>
          <dep type="xcomp">
            <governor idx="13">required</governor>
            <dependent idx="16">accountable</dependent>
          </dep>
          <dep type="case">
            <governor idx="19">actions</governor>
            <dependent idx="17">for</dependent>
          </dep>
          <dep type="nmod:poss">
            <governor idx="19">actions</governor>
            <dependent idx="18">their</dependent>
          </dep>
          <dep type="nmod:for">
            <governor idx="16">accountable</governor>
            <dependent idx="19">actions</dependent>
          </dep>
          <dep type="punct">
            <governor idx="3">fundamental</governor>
            <dependent idx="20">.</dependent>
          </dep>
        </dependencies>
        <dependencies type="collapsed-ccprocessed-dependencies">
          <dep type="root">
            <governor idx="0">ROOT</governor>
            <dependent idx="3">fundamental</dependent>
          </dep>
          <dep type="nsubj">
            <governor idx="3">fundamental</governor>
            <dependent idx="1">It</dependent>
          </dep>
          <dep type="cop">
            <governor idx="3">fundamental</governor>
            <dependent idx="2">is</dependent>
          </dep>
          <dep type="case">
            <governor idx="6">life</governor>
            <dependent idx="4">in</dependent>
          </dep>
          <dep type="det">
            <governor idx="6">life</governor>
            <dependent idx="5">the</dependent>
          </dep>
          <dep type="nmod:in">
            <governor idx="3">fundamental</governor>
            <dependent idx="6">life</dependent>
          </dep>
          <dep type="case">
            <governor idx="9">engineer</governor>
            <dependent idx="7">of</dependent>
          </dep>
          <dep type="det">
            <governor idx="9">engineer</governor>
            <dependent idx="8">an</dependent>
          </dep>
          <dep type="nmod:of">
            <governor idx="6">life</governor>
            <dependent idx="9">engineer</dependent>
          </dep>
          <dep type="mark">
            <governor idx="13">required</governor>
            <dependent idx="10">as</dependent>
          </dep>
          <dep type="nsubjpass">
            <governor idx="13">required</governor>
            <dependent idx="11">they</dependent>
          </dep>
          <dep type="auxpass">
            <governor idx="13">required</governor>
            <dependent idx="12">are</dependent>
          </dep>
          <dep type="advcl">
            <governor idx="3">fundamental</governor>
            <dependent idx="13">required</dependent>
          </dep>
          <dep type="mark">
            <governor idx="16">accountable</governor>
            <dependent idx="14">to</dependent>
          </dep>
          <dep type="cop">
            <governor idx="16">accountable</governor>
            <dependent idx="15">be</dependent>
          </dep>
          <dep type="xcomp">
            <governor idx="13">required</governor>
            <dependent idx="16">accountable</dependent>
          </dep>
          <dep type="case">
            <governor idx="19">actions</governor>
            <dependent idx="17">for</dependent>
          </dep>
          <dep type="nmod:poss">
            <governor idx="19">actions</governor>
            <dependent idx="18">their</dependent>
          </dep>
          <dep type="nmod:for">
            <governor idx="16">accountable</governor>
            <dependent idx="19">actions</dependent>
          </dep>
          <dep type="punct">
            <governor idx="3">fundamental</governor>
            <dependent idx="20">.</dependent>
          </dep>
        </dependencies>
      </sentence>
      <sentence id="190">
        <tokens>
          <token id="1">
            <word>A</word>
            <lemma>a</lemma>
            <CharacterOffsetBegin>23682</CharacterOffsetBegin>
            <CharacterOffsetEnd>23683</CharacterOffsetEnd>
            <POS>DT</POS>
            <NER>O</NER>
            <Speaker>PER0</Speaker>
          </token>
          <token id="2">
            <word>situation</word>
            <lemma>situation</lemma>
            <CharacterOffsetBegin>23684</CharacterOffsetBegin>
            <CharacterOffsetEnd>23693</CharacterOffsetEnd>
            <POS>NN</POS>
            <NER>O</NER>
            <Speaker>PER0</Speaker>
          </token>
          <token id="3">
            <word>such</word>
            <lemma>such</lemma>
            <CharacterOffsetBegin>23694</CharacterOffsetBegin>
            <CharacterOffsetEnd>23698</CharacterOffsetEnd>
            <POS>JJ</POS>
            <NER>O</NER>
            <Speaker>PER0</Speaker>
          </token>
          <token id="4">
            <word>as</word>
            <lemma>as</lemma>
            <CharacterOffsetBegin>23699</CharacterOffsetBegin>
            <CharacterOffsetEnd>23701</CharacterOffsetEnd>
            <POS>IN</POS>
            <NER>O</NER>
            <Speaker>PER0</Speaker>
          </token>
          <token id="5">
            <word>ethical</word>
            <lemma>ethical</lemma>
            <CharacterOffsetBegin>23702</CharacterOffsetBegin>
            <CharacterOffsetEnd>23709</CharacterOffsetEnd>
            <POS>JJ</POS>
            <NER>O</NER>
            <Speaker>PER0</Speaker>
          </token>
          <token id="6">
            <word>decision</word>
            <lemma>decision</lemma>
            <CharacterOffsetBegin>23710</CharacterOffsetBegin>
            <CharacterOffsetEnd>23718</CharacterOffsetEnd>
            <POS>NN</POS>
            <NER>O</NER>
            <Speaker>PER0</Speaker>
          </token>
          <token id="7">
            <word>making</word>
            <lemma>make</lemma>
            <CharacterOffsetBegin>23719</CharacterOffsetBegin>
            <CharacterOffsetEnd>23725</CharacterOffsetEnd>
            <POS>VBG</POS>
            <NER>O</NER>
            <Speaker>PER0</Speaker>
          </token>
          <token id="8">
            <word>or</word>
            <lemma>or</lemma>
            <CharacterOffsetBegin>23726</CharacterOffsetBegin>
            <CharacterOffsetEnd>23728</CharacterOffsetEnd>
            <POS>CC</POS>
            <NER>O</NER>
            <Speaker>PER0</Speaker>
          </token>
          <token id="9">
            <word>a</word>
            <lemma>a</lemma>
            <CharacterOffsetBegin>23729</CharacterOffsetBegin>
            <CharacterOffsetEnd>23730</CharacterOffsetEnd>
            <POS>DT</POS>
            <NER>O</NER>
            <Speaker>PER0</Speaker>
          </token>
          <token id="10">
            <word>safety</word>
            <lemma>safety</lemma>
            <CharacterOffsetBegin>23731</CharacterOffsetBegin>
            <CharacterOffsetEnd>23737</CharacterOffsetEnd>
            <POS>NN</POS>
            <NER>O</NER>
            <Speaker>PER0</Speaker>
          </token>
          <token id="11">
            <word>issue</word>
            <lemma>issue</lemma>
            <CharacterOffsetBegin>23738</CharacterOffsetBegin>
            <CharacterOffsetEnd>23743</CharacterOffsetEnd>
            <POS>NN</POS>
            <NER>O</NER>
            <Speaker>PER0</Speaker>
          </token>
          <token id="12">
            <word>while</word>
            <lemma>while</lemma>
            <CharacterOffsetBegin>23744</CharacterOffsetBegin>
            <CharacterOffsetEnd>23749</CharacterOffsetEnd>
            <POS>IN</POS>
            <NER>O</NER>
            <Speaker>PER0</Speaker>
          </token>
          <token id="13">
            <word>repairing</word>
            <lemma>repair</lemma>
            <CharacterOffsetBegin>23750</CharacterOffsetBegin>
            <CharacterOffsetEnd>23759</CharacterOffsetEnd>
            <POS>VBG</POS>
            <NER>O</NER>
            <Speaker>PER0</Speaker>
          </token>
          <token id="14">
            <word>a</word>
            <lemma>a</lemma>
            <CharacterOffsetBegin>23760</CharacterOffsetBegin>
            <CharacterOffsetEnd>23761</CharacterOffsetEnd>
            <POS>DT</POS>
            <NER>O</NER>
            <Speaker>PER0</Speaker>
          </token>
          <token id="15">
            <word>machine</word>
            <lemma>machine</lemma>
            <CharacterOffsetBegin>23762</CharacterOffsetBegin>
            <CharacterOffsetEnd>23769</CharacterOffsetEnd>
            <POS>NN</POS>
            <NER>O</NER>
            <Speaker>PER0</Speaker>
          </token>
          <token id="16">
            <word>on</word>
            <lemma>on</lemma>
            <CharacterOffsetBegin>23770</CharacterOffsetBegin>
            <CharacterOffsetEnd>23772</CharacterOffsetEnd>
            <POS>IN</POS>
            <NER>O</NER>
            <Speaker>PER0</Speaker>
          </token>
          <token id="17">
            <word>the</word>
            <lemma>the</lemma>
            <CharacterOffsetBegin>23773</CharacterOffsetBegin>
            <CharacterOffsetEnd>23776</CharacterOffsetEnd>
            <POS>DT</POS>
            <NER>O</NER>
            <Speaker>PER0</Speaker>
          </token>
          <token id="18">
            <word>job</word>
            <lemma>job</lemma>
            <CharacterOffsetBegin>23777</CharacterOffsetBegin>
            <CharacterOffsetEnd>23780</CharacterOffsetEnd>
            <POS>NN</POS>
            <NER>O</NER>
            <Speaker>PER0</Speaker>
          </token>
          <token id="19">
            <word>for</word>
            <lemma>for</lemma>
            <CharacterOffsetBegin>23781</CharacterOffsetBegin>
            <CharacterOffsetEnd>23784</CharacterOffsetEnd>
            <POS>IN</POS>
            <NER>O</NER>
            <Speaker>PER0</Speaker>
          </token>
          <token id="20">
            <word>example</word>
            <lemma>example</lemma>
            <CharacterOffsetBegin>23785</CharacterOffsetBegin>
            <CharacterOffsetEnd>23792</CharacterOffsetEnd>
            <POS>NN</POS>
            <NER>O</NER>
            <Speaker>PER0</Speaker>
          </token>
          <token id="21">
            <word>is</word>
            <lemma>be</lemma>
            <CharacterOffsetBegin>23793</CharacterOffsetBegin>
            <CharacterOffsetEnd>23795</CharacterOffsetEnd>
            <POS>VBZ</POS>
            <NER>O</NER>
            <Speaker>PER0</Speaker>
          </token>
          <token id="22">
            <word>a</word>
            <lemma>a</lemma>
            <CharacterOffsetBegin>23796</CharacterOffsetBegin>
            <CharacterOffsetEnd>23797</CharacterOffsetEnd>
            <POS>DT</POS>
            <NER>O</NER>
            <Speaker>PER0</Speaker>
          </token>
          <token id="23">
            <word>very</word>
            <lemma>very</lemma>
            <CharacterOffsetBegin>23798</CharacterOffsetBegin>
            <CharacterOffsetEnd>23802</CharacterOffsetEnd>
            <POS>RB</POS>
            <NER>O</NER>
            <Speaker>PER0</Speaker>
          </token>
          <token id="24">
            <word>common</word>
            <lemma>common</lemma>
            <CharacterOffsetBegin>23803</CharacterOffsetBegin>
            <CharacterOffsetEnd>23809</CharacterOffsetEnd>
            <POS>JJ</POS>
            <NER>O</NER>
            <Speaker>PER0</Speaker>
          </token>
          <token id="25">
            <word>situation</word>
            <lemma>situation</lemma>
            <CharacterOffsetBegin>23810</CharacterOffsetBegin>
            <CharacterOffsetEnd>23819</CharacterOffsetEnd>
            <POS>NN</POS>
            <NER>O</NER>
            <Speaker>PER0</Speaker>
          </token>
          <token id="26">
            <word>where</word>
            <lemma>where</lemma>
            <CharacterOffsetBegin>23820</CharacterOffsetBegin>
            <CharacterOffsetEnd>23825</CharacterOffsetEnd>
            <POS>WRB</POS>
            <NER>O</NER>
            <Speaker>PER0</Speaker>
          </token>
          <token id="27">
            <word>an</word>
            <lemma>a</lemma>
            <CharacterOffsetBegin>23826</CharacterOffsetBegin>
            <CharacterOffsetEnd>23828</CharacterOffsetEnd>
            <POS>DT</POS>
            <NER>O</NER>
            <Speaker>PER0</Speaker>
          </token>
          <token id="28">
            <word>engineer</word>
            <lemma>engineer</lemma>
            <CharacterOffsetBegin>23829</CharacterOffsetBegin>
            <CharacterOffsetEnd>23837</CharacterOffsetEnd>
            <POS>NN</POS>
            <NER>O</NER>
            <Speaker>PER0</Speaker>
          </token>
          <token id="29">
            <word>must</word>
            <lemma>must</lemma>
            <CharacterOffsetBegin>23838</CharacterOffsetBegin>
            <CharacterOffsetEnd>23842</CharacterOffsetEnd>
            <POS>MD</POS>
            <NER>O</NER>
            <Speaker>PER0</Speaker>
          </token>
          <token id="30">
            <word>be</word>
            <lemma>be</lemma>
            <CharacterOffsetBegin>23843</CharacterOffsetBegin>
            <CharacterOffsetEnd>23845</CharacterOffsetEnd>
            <POS>VB</POS>
            <NER>O</NER>
            <Speaker>PER0</Speaker>
          </token>
          <token id="31">
            <word>able</word>
            <lemma>able</lemma>
            <CharacterOffsetBegin>23846</CharacterOffsetBegin>
            <CharacterOffsetEnd>23850</CharacterOffsetEnd>
            <POS>JJ</POS>
            <NER>O</NER>
            <Speaker>PER0</Speaker>
          </token>
          <token id="32">
            <word>to</word>
            <lemma>to</lemma>
            <CharacterOffsetBegin>23851</CharacterOffsetBegin>
            <CharacterOffsetEnd>23853</CharacterOffsetEnd>
            <POS>TO</POS>
            <NER>O</NER>
            <Speaker>PER0</Speaker>
          </token>
          <token id="33">
            <word>hold</word>
            <lemma>hold</lemma>
            <CharacterOffsetBegin>23854</CharacterOffsetBegin>
            <CharacterOffsetEnd>23858</CharacterOffsetEnd>
            <POS>VB</POS>
            <NER>O</NER>
            <Speaker>PER0</Speaker>
          </token>
          <token id="34">
            <word>the</word>
            <lemma>the</lemma>
            <CharacterOffsetBegin>23859</CharacterOffsetBegin>
            <CharacterOffsetEnd>23862</CharacterOffsetEnd>
            <POS>DT</POS>
            <NER>O</NER>
            <Speaker>PER0</Speaker>
          </token>
          <token id="35">
            <word>responsibility</word>
            <lemma>responsibility</lemma>
            <CharacterOffsetBegin>23863</CharacterOffsetBegin>
            <CharacterOffsetEnd>23877</CharacterOffsetEnd>
            <POS>NN</POS>
            <NER>O</NER>
            <Speaker>PER0</Speaker>
          </token>
          <token id="36">
            <word>of</word>
            <lemma>of</lemma>
            <CharacterOffsetBegin>23878</CharacterOffsetBegin>
            <CharacterOffsetEnd>23880</CharacterOffsetEnd>
            <POS>IN</POS>
            <NER>O</NER>
            <Speaker>PER0</Speaker>
          </token>
          <token id="37">
            <word>her</word>
            <lemma>she</lemma>
            <CharacterOffsetBegin>23881</CharacterOffsetBegin>
            <CharacterOffsetEnd>23884</CharacterOffsetEnd>
            <POS>PRP$</POS>
            <NER>O</NER>
            <Speaker>PER0</Speaker>
          </token>
          <token id="38">
            <word>role</word>
            <lemma>role</lemma>
            <CharacterOffsetBegin>23885</CharacterOffsetBegin>
            <CharacterOffsetEnd>23889</CharacterOffsetEnd>
            <POS>NN</POS>
            <NER>O</NER>
            <Speaker>PER0</Speaker>
          </token>
          <token id="39">
            <word>and</word>
            <lemma>and</lemma>
            <CharacterOffsetBegin>23890</CharacterOffsetBegin>
            <CharacterOffsetEnd>23893</CharacterOffsetEnd>
            <POS>CC</POS>
            <NER>O</NER>
            <Speaker>PER0</Speaker>
          </token>
          <token id="40">
            <word>act</word>
            <lemma>act</lemma>
            <CharacterOffsetBegin>23894</CharacterOffsetBegin>
            <CharacterOffsetEnd>23897</CharacterOffsetEnd>
            <POS>VBP</POS>
            <NER>O</NER>
            <Speaker>PER0</Speaker>
          </token>
          <token id="41">
            <word>accordingly</word>
            <lemma>accordingly</lemma>
            <CharacterOffsetBegin>23898</CharacterOffsetBegin>
            <CharacterOffsetEnd>23909</CharacterOffsetEnd>
            <POS>RB</POS>
            <NER>O</NER>
            <Speaker>PER0</Speaker>
          </token>
          <token id="42">
            <word>.</word>
            <lemma>.</lemma>
            <CharacterOffsetBegin>23909</CharacterOffsetBegin>
            <CharacterOffsetEnd>23910</CharacterOffsetEnd>
            <POS>.</POS>
            <NER>O</NER>
            <Speaker>PER0</Speaker>
          </token>
        </tokens>
        <parse>(ROOT (S (NP (NP (DT A) (NN situation)) (PP (JJ such) (IN as) (NP (NP (NP (JJ ethical) (NN decision)) (VP (VBG making))) (CC or) (NP (NP (DT a) (NN safety) (NN issue)) (SBAR (IN while) (S (VP (VBG repairing) (NP (DT a) (NN machine)) (PP (IN on) (NP (NP (DT the) (NN job)) (PP (IN for) (NP (NN example)))))))))))) (VP (VBZ is) (NP (NP (DT a) (ADJP (RB very) (JJ common)) (NN situation)) (SBAR (WHADVP (WRB where)) (S (NP (DT an) (NN engineer)) (VP (VP (MD must) (VP (VB be) (ADJP (JJ able) (S (VP (TO to) (VP (VB hold) (NP (NP (DT the) (NN responsibility)) (PP (IN of) (NP (PRP$ her) (NN role)))))))))) (CC and) (VP (VBP act) (ADVP (RB accordingly)))))))) (. .))) </parse>
        <dependencies type="basic-dependencies">
          <dep type="root">
            <governor idx="0">ROOT</governor>
            <dependent idx="25">situation</dependent>
          </dep>
          <dep type="det">
            <governor idx="2">situation</governor>
            <dependent idx="1">A</dependent>
          </dep>
          <dep type="nsubj">
            <governor idx="25">situation</governor>
            <dependent idx="2">situation</dependent>
          </dep>
          <dep type="case">
            <governor idx="6">decision</governor>
            <dependent idx="3">such</dependent>
          </dep>
          <dep type="mwe">
            <governor idx="3">such</governor>
            <dependent idx="4">as</dependent>
          </dep>
          <dep type="amod">
            <governor idx="6">decision</governor>
            <dependent idx="5">ethical</dependent>
          </dep>
          <dep type="nmod">
            <governor idx="2">situation</governor>
            <dependent idx="6">decision</dependent>
          </dep>
          <dep type="acl">
            <governor idx="6">decision</governor>
            <dependent idx="7">making</dependent>
          </dep>
          <dep type="cc">
            <governor idx="6">decision</governor>
            <dependent idx="8">or</dependent>
          </dep>
          <dep type="det">
            <governor idx="11">issue</governor>
            <dependent idx="9">a</dependent>
          </dep>
          <dep type="compound">
            <governor idx="11">issue</governor>
            <dependent idx="10">safety</dependent>
          </dep>
          <dep type="conj">
            <governor idx="6">decision</governor>
            <dependent idx="11">issue</dependent>
          </dep>
          <dep type="mark">
            <governor idx="13">repairing</governor>
            <dependent idx="12">while</dependent>
          </dep>
          <dep type="dep">
            <governor idx="11">issue</governor>
            <dependent idx="13">repairing</dependent>
          </dep>
          <dep type="det">
            <governor idx="15">machine</governor>
            <dependent idx="14">a</dependent>
          </dep>
          <dep type="dobj">
            <governor idx="13">repairing</governor>
            <dependent idx="15">machine</dependent>
          </dep>
          <dep type="case">
            <governor idx="18">job</governor>
            <dependent idx="16">on</dependent>
          </dep>
          <dep type="det">
            <governor idx="18">job</governor>
            <dependent idx="17">the</dependent>
          </dep>
          <dep type="nmod">
            <governor idx="13">repairing</governor>
            <dependent idx="18">job</dependent>
          </dep>
          <dep type="case">
            <governor idx="20">example</governor>
            <dependent idx="19">for</dependent>
          </dep>
          <dep type="nmod">
            <governor idx="18">job</governor>
            <dependent idx="20">example</dependent>
          </dep>
          <dep type="cop">
            <governor idx="25">situation</governor>
            <dependent idx="21">is</dependent>
          </dep>
          <dep type="det">
            <governor idx="25">situation</governor>
            <dependent idx="22">a</dependent>
          </dep>
          <dep type="advmod">
            <governor idx="24">common</governor>
            <dependent idx="23">very</dependent>
          </dep>
          <dep type="amod">
            <governor idx="25">situation</governor>
            <dependent idx="24">common</dependent>
          </dep>
          <dep type="advmod">
            <governor idx="31">able</governor>
            <dependent idx="26">where</dependent>
          </dep>
          <dep type="det">
            <governor idx="28">engineer</governor>
            <dependent idx="27">an</dependent>
          </dep>
          <dep type="nsubj">
            <governor idx="31">able</governor>
            <dependent idx="28">engineer</dependent>
          </dep>
          <dep type="aux">
            <governor idx="31">able</governor>
            <dependent idx="29">must</dependent>
          </dep>
          <dep type="cop">
            <governor idx="31">able</governor>
            <dependent idx="30">be</dependent>
          </dep>
          <dep type="acl:relcl">
            <governor idx="25">situation</governor>
            <dependent idx="31">able</dependent>
          </dep>
          <dep type="mark">
            <governor idx="33">hold</governor>
            <dependent idx="32">to</dependent>
          </dep>
          <dep type="xcomp">
            <governor idx="31">able</governor>
            <dependent idx="33">hold</dependent>
          </dep>
          <dep type="det">
            <governor idx="35">responsibility</governor>
            <dependent idx="34">the</dependent>
          </dep>
          <dep type="dobj">
            <governor idx="33">hold</governor>
            <dependent idx="35">responsibility</dependent>
          </dep>
          <dep type="case">
            <governor idx="38">role</governor>
            <dependent idx="36">of</dependent>
          </dep>
          <dep type="nmod:poss">
            <governor idx="38">role</governor>
            <dependent idx="37">her</dependent>
          </dep>
          <dep type="nmod">
            <governor idx="35">responsibility</governor>
            <dependent idx="38">role</dependent>
          </dep>
          <dep type="cc">
            <governor idx="31">able</governor>
            <dependent idx="39">and</dependent>
          </dep>
          <dep type="conj">
            <governor idx="31">able</governor>
            <dependent idx="40">act</dependent>
          </dep>
          <dep type="advmod">
            <governor idx="40">act</governor>
            <dependent idx="41">accordingly</dependent>
          </dep>
          <dep type="punct">
            <governor idx="25">situation</governor>
            <dependent idx="42">.</dependent>
          </dep>
        </dependencies>
        <dependencies type="collapsed-dependencies">
          <dep type="root">
            <governor idx="0">ROOT</governor>
            <dependent idx="25">situation</dependent>
          </dep>
          <dep type="det">
            <governor idx="2">situation</governor>
            <dependent idx="1">A</dependent>
          </dep>
          <dep type="nsubj">
            <governor idx="25">situation</governor>
            <dependent idx="2">situation</dependent>
          </dep>
          <dep type="case">
            <governor idx="6">decision</governor>
            <dependent idx="3">such</dependent>
          </dep>
          <dep type="mwe">
            <governor idx="3">such</governor>
            <dependent idx="4">as</dependent>
          </dep>
          <dep type="amod">
            <governor idx="6">decision</governor>
            <dependent idx="5">ethical</dependent>
          </dep>
          <dep type="nmod:such_as">
            <governor idx="2">situation</governor>
            <dependent idx="6">decision</dependent>
          </dep>
          <dep type="acl">
            <governor idx="6">decision</governor>
            <dependent idx="7">making</dependent>
          </dep>
          <dep type="cc">
            <governor idx="6">decision</governor>
            <dependent idx="8">or</dependent>
          </dep>
          <dep type="det">
            <governor idx="11">issue</governor>
            <dependent idx="9">a</dependent>
          </dep>
          <dep type="compound">
            <governor idx="11">issue</governor>
            <dependent idx="10">safety</dependent>
          </dep>
          <dep type="conj:or">
            <governor idx="6">decision</governor>
            <dependent idx="11">issue</dependent>
          </dep>
          <dep type="mark">
            <governor idx="13">repairing</governor>
            <dependent idx="12">while</dependent>
          </dep>
          <dep type="dep">
            <governor idx="11">issue</governor>
            <dependent idx="13">repairing</dependent>
          </dep>
          <dep type="det">
            <governor idx="15">machine</governor>
            <dependent idx="14">a</dependent>
          </dep>
          <dep type="dobj">
            <governor idx="13">repairing</governor>
            <dependent idx="15">machine</dependent>
          </dep>
          <dep type="case">
            <governor idx="18">job</governor>
            <dependent idx="16">on</dependent>
          </dep>
          <dep type="det">
            <governor idx="18">job</governor>
            <dependent idx="17">the</dependent>
          </dep>
          <dep type="nmod:on">
            <governor idx="13">repairing</governor>
            <dependent idx="18">job</dependent>
          </dep>
          <dep type="case">
            <governor idx="20">example</governor>
            <dependent idx="19">for</dependent>
          </dep>
          <dep type="nmod:for">
            <governor idx="18">job</governor>
            <dependent idx="20">example</dependent>
          </dep>
          <dep type="cop">
            <governor idx="25">situation</governor>
            <dependent idx="21">is</dependent>
          </dep>
          <dep type="det">
            <governor idx="25">situation</governor>
            <dependent idx="22">a</dependent>
          </dep>
          <dep type="advmod">
            <governor idx="24">common</governor>
            <dependent idx="23">very</dependent>
          </dep>
          <dep type="amod">
            <governor idx="25">situation</governor>
            <dependent idx="24">common</dependent>
          </dep>
          <dep type="advmod">
            <governor idx="31">able</governor>
            <dependent idx="26">where</dependent>
          </dep>
          <dep type="det">
            <governor idx="28">engineer</governor>
            <dependent idx="27">an</dependent>
          </dep>
          <dep type="nsubj">
            <governor idx="31">able</governor>
            <dependent idx="28">engineer</dependent>
          </dep>
          <dep type="aux">
            <governor idx="31">able</governor>
            <dependent idx="29">must</dependent>
          </dep>
          <dep type="cop">
            <governor idx="31">able</governor>
            <dependent idx="30">be</dependent>
          </dep>
          <dep type="acl:relcl">
            <governor idx="25">situation</governor>
            <dependent idx="31">able</dependent>
          </dep>
          <dep type="mark">
            <governor idx="33">hold</governor>
            <dependent idx="32">to</dependent>
          </dep>
          <dep type="xcomp">
            <governor idx="31">able</governor>
            <dependent idx="33">hold</dependent>
          </dep>
          <dep type="det">
            <governor idx="35">responsibility</governor>
            <dependent idx="34">the</dependent>
          </dep>
          <dep type="dobj">
            <governor idx="33">hold</governor>
            <dependent idx="35">responsibility</dependent>
          </dep>
          <dep type="case">
            <governor idx="38">role</governor>
            <dependent idx="36">of</dependent>
          </dep>
          <dep type="nmod:poss">
            <governor idx="38">role</governor>
            <dependent idx="37">her</dependent>
          </dep>
          <dep type="nmod:of">
            <governor idx="35">responsibility</governor>
            <dependent idx="38">role</dependent>
          </dep>
          <dep type="cc">
            <governor idx="31">able</governor>
            <dependent idx="39">and</dependent>
          </dep>
          <dep type="conj:and">
            <governor idx="31">able</governor>
            <dependent idx="40">act</dependent>
          </dep>
          <dep type="advmod">
            <governor idx="40">act</governor>
            <dependent idx="41">accordingly</dependent>
          </dep>
          <dep type="punct">
            <governor idx="25">situation</governor>
            <dependent idx="42">.</dependent>
          </dep>
        </dependencies>
        <dependencies type="collapsed-ccprocessed-dependencies">
          <dep type="root">
            <governor idx="0">ROOT</governor>
            <dependent idx="25">situation</dependent>
          </dep>
          <dep type="det">
            <governor idx="2">situation</governor>
            <dependent idx="1">A</dependent>
          </dep>
          <dep type="nsubj">
            <governor idx="25">situation</governor>
            <dependent idx="2">situation</dependent>
          </dep>
          <dep type="case">
            <governor idx="6">decision</governor>
            <dependent idx="3">such</dependent>
          </dep>
          <dep type="mwe">
            <governor idx="3">such</governor>
            <dependent idx="4">as</dependent>
          </dep>
          <dep type="amod">
            <governor idx="6">decision</governor>
            <dependent idx="5">ethical</dependent>
          </dep>
          <dep type="nmod:such_as">
            <governor idx="2">situation</governor>
            <dependent idx="6">decision</dependent>
          </dep>
          <dep type="acl">
            <governor idx="6">decision</governor>
            <dependent idx="7">making</dependent>
          </dep>
          <dep type="cc">
            <governor idx="6">decision</governor>
            <dependent idx="8">or</dependent>
          </dep>
          <dep type="det">
            <governor idx="11">issue</governor>
            <dependent idx="9">a</dependent>
          </dep>
          <dep type="compound">
            <governor idx="11">issue</governor>
            <dependent idx="10">safety</dependent>
          </dep>
          <dep type="nmod:such_as" extra="true">
            <governor idx="2">situation</governor>
            <dependent idx="11">issue</dependent>
          </dep>
          <dep type="conj:or">
            <governor idx="6">decision</governor>
            <dependent idx="11">issue</dependent>
          </dep>
          <dep type="mark">
            <governor idx="13">repairing</governor>
            <dependent idx="12">while</dependent>
          </dep>
          <dep type="dep">
            <governor idx="11">issue</governor>
            <dependent idx="13">repairing</dependent>
          </dep>
          <dep type="det">
            <governor idx="15">machine</governor>
            <dependent idx="14">a</dependent>
          </dep>
          <dep type="dobj">
            <governor idx="13">repairing</governor>
            <dependent idx="15">machine</dependent>
          </dep>
          <dep type="case">
            <governor idx="18">job</governor>
            <dependent idx="16">on</dependent>
          </dep>
          <dep type="det">
            <governor idx="18">job</governor>
            <dependent idx="17">the</dependent>
          </dep>
          <dep type="nmod:on">
            <governor idx="13">repairing</governor>
            <dependent idx="18">job</dependent>
          </dep>
          <dep type="case">
            <governor idx="20">example</governor>
            <dependent idx="19">for</dependent>
          </dep>
          <dep type="nmod:for">
            <governor idx="18">job</governor>
            <dependent idx="20">example</dependent>
          </dep>
          <dep type="cop">
            <governor idx="25">situation</governor>
            <dependent idx="21">is</dependent>
          </dep>
          <dep type="det">
            <governor idx="25">situation</governor>
            <dependent idx="22">a</dependent>
          </dep>
          <dep type="advmod">
            <governor idx="24">common</governor>
            <dependent idx="23">very</dependent>
          </dep>
          <dep type="amod">
            <governor idx="25">situation</governor>
            <dependent idx="24">common</dependent>
          </dep>
          <dep type="advmod">
            <governor idx="31">able</governor>
            <dependent idx="26">where</dependent>
          </dep>
          <dep type="det">
            <governor idx="28">engineer</governor>
            <dependent idx="27">an</dependent>
          </dep>
          <dep type="nsubj">
            <governor idx="31">able</governor>
            <dependent idx="28">engineer</dependent>
          </dep>
          <dep type="nsubj" extra="true">
            <governor idx="40">act</governor>
            <dependent idx="28">engineer</dependent>
          </dep>
          <dep type="aux">
            <governor idx="31">able</governor>
            <dependent idx="29">must</dependent>
          </dep>
          <dep type="cop">
            <governor idx="31">able</governor>
            <dependent idx="30">be</dependent>
          </dep>
          <dep type="acl:relcl">
            <governor idx="25">situation</governor>
            <dependent idx="31">able</dependent>
          </dep>
          <dep type="mark">
            <governor idx="33">hold</governor>
            <dependent idx="32">to</dependent>
          </dep>
          <dep type="xcomp">
            <governor idx="31">able</governor>
            <dependent idx="33">hold</dependent>
          </dep>
          <dep type="det">
            <governor idx="35">responsibility</governor>
            <dependent idx="34">the</dependent>
          </dep>
          <dep type="dobj">
            <governor idx="33">hold</governor>
            <dependent idx="35">responsibility</dependent>
          </dep>
          <dep type="case">
            <governor idx="38">role</governor>
            <dependent idx="36">of</dependent>
          </dep>
          <dep type="nmod:poss">
            <governor idx="38">role</governor>
            <dependent idx="37">her</dependent>
          </dep>
          <dep type="nmod:of">
            <governor idx="35">responsibility</governor>
            <dependent idx="38">role</dependent>
          </dep>
          <dep type="cc">
            <governor idx="31">able</governor>
            <dependent idx="39">and</dependent>
          </dep>
          <dep type="acl:relcl" extra="true">
            <governor idx="25">situation</governor>
            <dependent idx="40">act</dependent>
          </dep>
          <dep type="conj:and">
            <governor idx="31">able</governor>
            <dependent idx="40">act</dependent>
          </dep>
          <dep type="advmod">
            <governor idx="40">act</governor>
            <dependent idx="41">accordingly</dependent>
          </dep>
          <dep type="punct">
            <governor idx="25">situation</governor>
            <dependent idx="42">.</dependent>
          </dep>
        </dependencies>
      </sentence>
      <sentence id="191">
        <tokens>
          <token id="1">
            <word>It</word>
            <lemma>it</lemma>
            <CharacterOffsetBegin>23911</CharacterOffsetBegin>
            <CharacterOffsetEnd>23913</CharacterOffsetEnd>
            <POS>PRP</POS>
            <NER>O</NER>
            <Speaker>PER0</Speaker>
          </token>
          <token id="2">
            <word>is</word>
            <lemma>be</lemma>
            <CharacterOffsetBegin>23914</CharacterOffsetBegin>
            <CharacterOffsetEnd>23916</CharacterOffsetEnd>
            <POS>VBZ</POS>
            <NER>O</NER>
            <Speaker>PER0</Speaker>
          </token>
          <token id="3">
            <word>no</word>
            <lemma>no</lemma>
            <CharacterOffsetBegin>23917</CharacterOffsetBegin>
            <CharacterOffsetEnd>23919</CharacterOffsetEnd>
            <POS>DT</POS>
            <NER>O</NER>
            <Speaker>PER0</Speaker>
          </token>
          <token id="4">
            <word>use</word>
            <lemma>use</lemma>
            <CharacterOffsetBegin>23920</CharacterOffsetBegin>
            <CharacterOffsetEnd>23923</CharacterOffsetEnd>
            <POS>NN</POS>
            <NER>O</NER>
            <Speaker>PER0</Speaker>
          </token>
          <token id="5">
            <word>throwing</word>
            <lemma>throw</lemma>
            <CharacterOffsetBegin>23924</CharacterOffsetBegin>
            <CharacterOffsetEnd>23932</CharacterOffsetEnd>
            <POS>VBG</POS>
            <NER>O</NER>
            <Speaker>PER0</Speaker>
          </token>
          <token id="6">
            <word>the</word>
            <lemma>the</lemma>
            <CharacterOffsetBegin>23933</CharacterOffsetBegin>
            <CharacterOffsetEnd>23936</CharacterOffsetEnd>
            <POS>DT</POS>
            <NER>O</NER>
            <Speaker>PER0</Speaker>
          </token>
          <token id="7">
            <word>burden</word>
            <lemma>burden</lemma>
            <CharacterOffsetBegin>23937</CharacterOffsetBegin>
            <CharacterOffsetEnd>23943</CharacterOffsetEnd>
            <POS>NN</POS>
            <NER>O</NER>
            <Speaker>PER0</Speaker>
          </token>
          <token id="8">
            <word>on</word>
            <lemma>on</lemma>
            <CharacterOffsetBegin>23944</CharacterOffsetBegin>
            <CharacterOffsetEnd>23946</CharacterOffsetEnd>
            <POS>IN</POS>
            <NER>O</NER>
            <Speaker>PER0</Speaker>
          </token>
          <token id="9">
            <word>somebody</word>
            <lemma>somebody</lemma>
            <CharacterOffsetBegin>23947</CharacterOffsetBegin>
            <CharacterOffsetEnd>23955</CharacterOffsetEnd>
            <POS>NN</POS>
            <NER>O</NER>
            <Speaker>PER0</Speaker>
          </token>
          <token id="10">
            <word>else</word>
            <lemma>else</lemma>
            <CharacterOffsetBegin>23956</CharacterOffsetBegin>
            <CharacterOffsetEnd>23960</CharacterOffsetEnd>
            <POS>RB</POS>
            <NER>O</NER>
            <Speaker>PER0</Speaker>
          </token>
          <token id="11">
            <word>because</word>
            <lemma>because</lemma>
            <CharacterOffsetBegin>23961</CharacterOffsetBegin>
            <CharacterOffsetEnd>23968</CharacterOffsetEnd>
            <POS>IN</POS>
            <NER>O</NER>
            <Speaker>PER0</Speaker>
          </token>
          <token id="12">
            <word>this</word>
            <lemma>this</lemma>
            <CharacterOffsetBegin>23969</CharacterOffsetBegin>
            <CharacterOffsetEnd>23973</CharacterOffsetEnd>
            <POS>DT</POS>
            <NER>O</NER>
            <Speaker>PER0</Speaker>
          </token>
          <token id="13">
            <word>engineer</word>
            <lemma>engineer</lemma>
            <CharacterOffsetBegin>23974</CharacterOffsetBegin>
            <CharacterOffsetEnd>23982</CharacterOffsetEnd>
            <POS>NN</POS>
            <NER>O</NER>
            <Speaker>PER0</Speaker>
          </token>
          <token id="14">
            <word>is</word>
            <lemma>be</lemma>
            <CharacterOffsetBegin>23983</CharacterOffsetBegin>
            <CharacterOffsetEnd>23985</CharacterOffsetEnd>
            <POS>VBZ</POS>
            <NER>O</NER>
            <Speaker>PER0</Speaker>
          </token>
          <token id="15">
            <word>entirely</word>
            <lemma>entirely</lemma>
            <CharacterOffsetBegin>23986</CharacterOffsetBegin>
            <CharacterOffsetEnd>23994</CharacterOffsetEnd>
            <POS>RB</POS>
            <NER>O</NER>
            <Speaker>PER0</Speaker>
          </token>
          <token id="16">
            <word>responsible</word>
            <lemma>responsible</lemma>
            <CharacterOffsetBegin>23995</CharacterOffsetBegin>
            <CharacterOffsetEnd>24006</CharacterOffsetEnd>
            <POS>JJ</POS>
            <NER>O</NER>
            <Speaker>PER0</Speaker>
          </token>
          <token id="17">
            <word>for</word>
            <lemma>for</lemma>
            <CharacterOffsetBegin>24007</CharacterOffsetBegin>
            <CharacterOffsetEnd>24010</CharacterOffsetEnd>
            <POS>IN</POS>
            <NER>O</NER>
            <Speaker>PER0</Speaker>
          </token>
          <token id="18">
            <word>their</word>
            <lemma>they</lemma>
            <CharacterOffsetBegin>24011</CharacterOffsetBegin>
            <CharacterOffsetEnd>24016</CharacterOffsetEnd>
            <POS>PRP$</POS>
            <NER>O</NER>
            <Speaker>PER0</Speaker>
          </token>
          <token id="19">
            <word>job</word>
            <lemma>job</lemma>
            <CharacterOffsetBegin>24017</CharacterOffsetBegin>
            <CharacterOffsetEnd>24020</CharacterOffsetEnd>
            <POS>NN</POS>
            <NER>O</NER>
            <Speaker>PER0</Speaker>
          </token>
          <token id="20">
            <word>and</word>
            <lemma>and</lemma>
            <CharacterOffsetBegin>24021</CharacterOffsetBegin>
            <CharacterOffsetEnd>24024</CharacterOffsetEnd>
            <POS>CC</POS>
            <NER>O</NER>
            <Speaker>PER0</Speaker>
          </token>
          <token id="21">
            <word>their</word>
            <lemma>they</lemma>
            <CharacterOffsetBegin>24025</CharacterOffsetBegin>
            <CharacterOffsetEnd>24030</CharacterOffsetEnd>
            <POS>PRP$</POS>
            <NER>O</NER>
            <Speaker>PER0</Speaker>
          </token>
          <token id="22">
            <word>client</word>
            <lemma>client</lemma>
            <CharacterOffsetBegin>24031</CharacterOffsetBegin>
            <CharacterOffsetEnd>24037</CharacterOffsetEnd>
            <POS>NN</POS>
            <NER>O</NER>
            <Speaker>PER0</Speaker>
          </token>
          <token id="23">
            <word>while</word>
            <lemma>while</lemma>
            <CharacterOffsetBegin>24038</CharacterOffsetBegin>
            <CharacterOffsetEnd>24043</CharacterOffsetEnd>
            <POS>IN</POS>
            <NER>O</NER>
            <Speaker>PER0</Speaker>
          </token>
          <token id="24">
            <word>on</word>
            <lemma>on</lemma>
            <CharacterOffsetBegin>24044</CharacterOffsetBegin>
            <CharacterOffsetEnd>24046</CharacterOffsetEnd>
            <POS>IN</POS>
            <NER>O</NER>
            <Speaker>PER0</Speaker>
          </token>
          <token id="25">
            <word>site</word>
            <lemma>site</lemma>
            <CharacterOffsetBegin>24047</CharacterOffsetBegin>
            <CharacterOffsetEnd>24051</CharacterOffsetEnd>
            <POS>NN</POS>
            <NER>O</NER>
            <Speaker>PER0</Speaker>
          </token>
          <token id="26">
            <word>.</word>
            <lemma>.</lemma>
            <CharacterOffsetBegin>24051</CharacterOffsetBegin>
            <CharacterOffsetEnd>24052</CharacterOffsetEnd>
            <POS>.</POS>
            <NER>O</NER>
            <Speaker>PER0</Speaker>
          </token>
        </tokens>
        <parse>(ROOT (S (NP (PRP It)) (VP (VBZ is) (NP (NP (DT no) (NN use)) (VP (VBG throwing) (S (NP (NP (DT the) (NN burden)) (PP (IN on) (NP (NN somebody)))) (ADJP (RB else))) (SBAR (IN because) (S (NP (DT this) (NN engineer)) (VP (VBZ is) (ADJP (RB entirely) (JJ responsible) (PP (IN for) (NP (NP (PRP$ their) (NN job)) (CC and) (NP (PRP$ their) (NN client))))) (PP (IN while) (PP (IN on) (NP (NN site)))))))))) (. .))) </parse>
        <dependencies type="basic-dependencies">
          <dep type="root">
            <governor idx="0">ROOT</governor>
            <dependent idx="4">use</dependent>
          </dep>
          <dep type="nsubj">
            <governor idx="4">use</governor>
            <dependent idx="1">It</dependent>
          </dep>
          <dep type="cop">
            <governor idx="4">use</governor>
            <dependent idx="2">is</dependent>
          </dep>
          <dep type="neg">
            <governor idx="4">use</governor>
            <dependent idx="3">no</dependent>
          </dep>
          <dep type="acl">
            <governor idx="4">use</governor>
            <dependent idx="5">throwing</dependent>
          </dep>
          <dep type="det">
            <governor idx="7">burden</governor>
            <dependent idx="6">the</dependent>
          </dep>
          <dep type="nsubj">
            <governor idx="10">else</governor>
            <dependent idx="7">burden</dependent>
          </dep>
          <dep type="case">
            <governor idx="9">somebody</governor>
            <dependent idx="8">on</dependent>
          </dep>
          <dep type="nmod">
            <governor idx="7">burden</governor>
            <dependent idx="9">somebody</dependent>
          </dep>
          <dep type="xcomp">
            <governor idx="5">throwing</governor>
            <dependent idx="10">else</dependent>
          </dep>
          <dep type="mark">
            <governor idx="16">responsible</governor>
            <dependent idx="11">because</dependent>
          </dep>
          <dep type="det">
            <governor idx="13">engineer</governor>
            <dependent idx="12">this</dependent>
          </dep>
          <dep type="nsubj">
            <governor idx="16">responsible</governor>
            <dependent idx="13">engineer</dependent>
          </dep>
          <dep type="cop">
            <governor idx="16">responsible</governor>
            <dependent idx="14">is</dependent>
          </dep>
          <dep type="advmod">
            <governor idx="16">responsible</governor>
            <dependent idx="15">entirely</dependent>
          </dep>
          <dep type="advcl">
            <governor idx="5">throwing</governor>
            <dependent idx="16">responsible</dependent>
          </dep>
          <dep type="case">
            <governor idx="19">job</governor>
            <dependent idx="17">for</dependent>
          </dep>
          <dep type="nmod:poss">
            <governor idx="19">job</governor>
            <dependent idx="18">their</dependent>
          </dep>
          <dep type="nmod">
            <governor idx="16">responsible</governor>
            <dependent idx="19">job</dependent>
          </dep>
          <dep type="cc">
            <governor idx="19">job</governor>
            <dependent idx="20">and</dependent>
          </dep>
          <dep type="nmod:poss">
            <governor idx="22">client</governor>
            <dependent idx="21">their</dependent>
          </dep>
          <dep type="conj">
            <governor idx="19">job</governor>
            <dependent idx="22">client</dependent>
          </dep>
          <dep type="case">
            <governor idx="25">site</governor>
            <dependent idx="23">while</dependent>
          </dep>
          <dep type="case">
            <governor idx="25">site</governor>
            <dependent idx="24">on</dependent>
          </dep>
          <dep type="nmod">
            <governor idx="16">responsible</governor>
            <dependent idx="25">site</dependent>
          </dep>
          <dep type="punct">
            <governor idx="4">use</governor>
            <dependent idx="26">.</dependent>
          </dep>
        </dependencies>
        <dependencies type="collapsed-dependencies">
          <dep type="root">
            <governor idx="0">ROOT</governor>
            <dependent idx="4">use</dependent>
          </dep>
          <dep type="nsubj">
            <governor idx="4">use</governor>
            <dependent idx="1">It</dependent>
          </dep>
          <dep type="cop">
            <governor idx="4">use</governor>
            <dependent idx="2">is</dependent>
          </dep>
          <dep type="neg">
            <governor idx="4">use</governor>
            <dependent idx="3">no</dependent>
          </dep>
          <dep type="acl">
            <governor idx="4">use</governor>
            <dependent idx="5">throwing</dependent>
          </dep>
          <dep type="det">
            <governor idx="7">burden</governor>
            <dependent idx="6">the</dependent>
          </dep>
          <dep type="nsubj">
            <governor idx="10">else</governor>
            <dependent idx="7">burden</dependent>
          </dep>
          <dep type="case">
            <governor idx="9">somebody</governor>
            <dependent idx="8">on</dependent>
          </dep>
          <dep type="nmod:on">
            <governor idx="7">burden</governor>
            <dependent idx="9">somebody</dependent>
          </dep>
          <dep type="xcomp">
            <governor idx="5">throwing</governor>
            <dependent idx="10">else</dependent>
          </dep>
          <dep type="mark">
            <governor idx="16">responsible</governor>
            <dependent idx="11">because</dependent>
          </dep>
          <dep type="det">
            <governor idx="13">engineer</governor>
            <dependent idx="12">this</dependent>
          </dep>
          <dep type="nsubj">
            <governor idx="16">responsible</governor>
            <dependent idx="13">engineer</dependent>
          </dep>
          <dep type="cop">
            <governor idx="16">responsible</governor>
            <dependent idx="14">is</dependent>
          </dep>
          <dep type="advmod">
            <governor idx="16">responsible</governor>
            <dependent idx="15">entirely</dependent>
          </dep>
          <dep type="advcl">
            <governor idx="5">throwing</governor>
            <dependent idx="16">responsible</dependent>
          </dep>
          <dep type="case">
            <governor idx="19">job</governor>
            <dependent idx="17">for</dependent>
          </dep>
          <dep type="nmod:poss">
            <governor idx="19">job</governor>
            <dependent idx="18">their</dependent>
          </dep>
          <dep type="nmod:for">
            <governor idx="16">responsible</governor>
            <dependent idx="19">job</dependent>
          </dep>
          <dep type="cc">
            <governor idx="19">job</governor>
            <dependent idx="20">and</dependent>
          </dep>
          <dep type="nmod:poss">
            <governor idx="22">client</governor>
            <dependent idx="21">their</dependent>
          </dep>
          <dep type="conj:and">
            <governor idx="19">job</governor>
            <dependent idx="22">client</dependent>
          </dep>
          <dep type="case">
            <governor idx="25">site</governor>
            <dependent idx="23">while</dependent>
          </dep>
          <dep type="case">
            <governor idx="25">site</governor>
            <dependent idx="24">on</dependent>
          </dep>
          <dep type="nmod:on">
            <governor idx="16">responsible</governor>
            <dependent idx="25">site</dependent>
          </dep>
          <dep type="punct">
            <governor idx="4">use</governor>
            <dependent idx="26">.</dependent>
          </dep>
        </dependencies>
        <dependencies type="collapsed-ccprocessed-dependencies">
          <dep type="root">
            <governor idx="0">ROOT</governor>
            <dependent idx="4">use</dependent>
          </dep>
          <dep type="nsubj">
            <governor idx="4">use</governor>
            <dependent idx="1">It</dependent>
          </dep>
          <dep type="cop">
            <governor idx="4">use</governor>
            <dependent idx="2">is</dependent>
          </dep>
          <dep type="neg">
            <governor idx="4">use</governor>
            <dependent idx="3">no</dependent>
          </dep>
          <dep type="acl">
            <governor idx="4">use</governor>
            <dependent idx="5">throwing</dependent>
          </dep>
          <dep type="det">
            <governor idx="7">burden</governor>
            <dependent idx="6">the</dependent>
          </dep>
          <dep type="nsubj">
            <governor idx="10">else</governor>
            <dependent idx="7">burden</dependent>
          </dep>
          <dep type="case">
            <governor idx="9">somebody</governor>
            <dependent idx="8">on</dependent>
          </dep>
          <dep type="nmod:on">
            <governor idx="7">burden</governor>
            <dependent idx="9">somebody</dependent>
          </dep>
          <dep type="xcomp">
            <governor idx="5">throwing</governor>
            <dependent idx="10">else</dependent>
          </dep>
          <dep type="mark">
            <governor idx="16">responsible</governor>
            <dependent idx="11">because</dependent>
          </dep>
          <dep type="det">
            <governor idx="13">engineer</governor>
            <dependent idx="12">this</dependent>
          </dep>
          <dep type="nsubj">
            <governor idx="16">responsible</governor>
            <dependent idx="13">engineer</dependent>
          </dep>
          <dep type="cop">
            <governor idx="16">responsible</governor>
            <dependent idx="14">is</dependent>
          </dep>
          <dep type="advmod">
            <governor idx="16">responsible</governor>
            <dependent idx="15">entirely</dependent>
          </dep>
          <dep type="advcl">
            <governor idx="5">throwing</governor>
            <dependent idx="16">responsible</dependent>
          </dep>
          <dep type="case">
            <governor idx="19">job</governor>
            <dependent idx="17">for</dependent>
          </dep>
          <dep type="nmod:poss">
            <governor idx="19">job</governor>
            <dependent idx="18">their</dependent>
          </dep>
          <dep type="nmod:for">
            <governor idx="16">responsible</governor>
            <dependent idx="19">job</dependent>
          </dep>
          <dep type="cc">
            <governor idx="19">job</governor>
            <dependent idx="20">and</dependent>
          </dep>
          <dep type="nmod:poss">
            <governor idx="22">client</governor>
            <dependent idx="21">their</dependent>
          </dep>
          <dep type="nmod:for" extra="true">
            <governor idx="16">responsible</governor>
            <dependent idx="22">client</dependent>
          </dep>
          <dep type="conj:and">
            <governor idx="19">job</governor>
            <dependent idx="22">client</dependent>
          </dep>
          <dep type="case">
            <governor idx="25">site</governor>
            <dependent idx="23">while</dependent>
          </dep>
          <dep type="case">
            <governor idx="25">site</governor>
            <dependent idx="24">on</dependent>
          </dep>
          <dep type="nmod:on">
            <governor idx="16">responsible</governor>
            <dependent idx="25">site</dependent>
          </dep>
          <dep type="punct">
            <governor idx="4">use</governor>
            <dependent idx="26">.</dependent>
          </dep>
        </dependencies>
      </sentence>
      <sentence id="192">
        <tokens>
          <token id="1">
            <word>Another</word>
            <lemma>another</lemma>
            <CharacterOffsetBegin>24053</CharacterOffsetBegin>
            <CharacterOffsetEnd>24060</CharacterOffsetEnd>
            <POS>DT</POS>
            <NER>O</NER>
            <Speaker>PER0</Speaker>
          </token>
          <token id="2">
            <word>situation</word>
            <lemma>situation</lemma>
            <CharacterOffsetBegin>24061</CharacterOffsetBegin>
            <CharacterOffsetEnd>24070</CharacterOffsetEnd>
            <POS>NN</POS>
            <NER>O</NER>
            <Speaker>PER0</Speaker>
          </token>
          <token id="3">
            <word>where</word>
            <lemma>where</lemma>
            <CharacterOffsetBegin>24071</CharacterOffsetBegin>
            <CharacterOffsetEnd>24076</CharacterOffsetEnd>
            <POS>WRB</POS>
            <NER>O</NER>
            <Speaker>PER0</Speaker>
          </token>
          <token id="4">
            <word>the</word>
            <lemma>the</lemma>
            <CharacterOffsetBegin>24077</CharacterOffsetBegin>
            <CharacterOffsetEnd>24080</CharacterOffsetEnd>
            <POS>DT</POS>
            <NER>O</NER>
            <Speaker>PER0</Speaker>
          </token>
          <token id="5">
            <word>efficiency</word>
            <lemma>efficiency</lemma>
            <CharacterOffsetBegin>24081</CharacterOffsetBegin>
            <CharacterOffsetEnd>24091</CharacterOffsetEnd>
            <POS>NN</POS>
            <NER>O</NER>
            <Speaker>PER0</Speaker>
          </token>
          <token id="6">
            <word>of</word>
            <lemma>of</lemma>
            <CharacterOffsetBegin>24092</CharacterOffsetBegin>
            <CharacterOffsetEnd>24094</CharacterOffsetEnd>
            <POS>IN</POS>
            <NER>O</NER>
            <Speaker>PER0</Speaker>
          </token>
          <token id="7">
            <word>an</word>
            <lemma>a</lemma>
            <CharacterOffsetBegin>24095</CharacterOffsetBegin>
            <CharacterOffsetEnd>24097</CharacterOffsetEnd>
            <POS>DT</POS>
            <NER>O</NER>
            <Speaker>PER0</Speaker>
          </token>
          <token id="8">
            <word>individual</word>
            <lemma>individual</lemma>
            <CharacterOffsetBegin>24098</CharacterOffsetBegin>
            <CharacterOffsetEnd>24108</CharacterOffsetEnd>
            <POS>NN</POS>
            <NER>O</NER>
            <Speaker>PER0</Speaker>
          </token>
          <token id="9">
            <word>is</word>
            <lemma>be</lemma>
            <CharacterOffsetBegin>24109</CharacterOffsetBegin>
            <CharacterOffsetEnd>24111</CharacterOffsetEnd>
            <POS>VBZ</POS>
            <NER>O</NER>
            <Speaker>PER0</Speaker>
          </token>
          <token id="10">
            <word>highly</word>
            <lemma>highly</lemma>
            <CharacterOffsetBegin>24112</CharacterOffsetBegin>
            <CharacterOffsetEnd>24118</CharacterOffsetEnd>
            <POS>RB</POS>
            <NER>O</NER>
            <Speaker>PER0</Speaker>
          </token>
          <token id="11">
            <word>important</word>
            <lemma>important</lemma>
            <CharacterOffsetBegin>24119</CharacterOffsetBegin>
            <CharacterOffsetEnd>24128</CharacterOffsetEnd>
            <POS>JJ</POS>
            <NER>O</NER>
            <Speaker>PER0</Speaker>
          </token>
          <token id="12">
            <word>in</word>
            <lemma>in</lemma>
            <CharacterOffsetBegin>24129</CharacterOffsetBegin>
            <CharacterOffsetEnd>24131</CharacterOffsetEnd>
            <POS>IN</POS>
            <NER>O</NER>
            <Speaker>PER0</Speaker>
          </token>
          <token id="13">
            <word>this</word>
            <lemma>this</lemma>
            <CharacterOffsetBegin>24132</CharacterOffsetBegin>
            <CharacterOffsetEnd>24136</CharacterOffsetEnd>
            <POS>DT</POS>
            <NER>O</NER>
            <Speaker>PER0</Speaker>
          </token>
          <token id="14">
            <word>regard</word>
            <lemma>regard</lemma>
            <CharacterOffsetBegin>24137</CharacterOffsetBegin>
            <CharacterOffsetEnd>24143</CharacterOffsetEnd>
            <POS>NN</POS>
            <NER>O</NER>
            <Speaker>PER0</Speaker>
          </token>
          <token id="15">
            <word>is</word>
            <lemma>be</lemma>
            <CharacterOffsetBegin>24144</CharacterOffsetBegin>
            <CharacterOffsetEnd>24146</CharacterOffsetEnd>
            <POS>VBZ</POS>
            <NER>O</NER>
            <Speaker>PER0</Speaker>
          </token>
          <token id="16">
            <word>when</word>
            <lemma>when</lemma>
            <CharacterOffsetBegin>24147</CharacterOffsetBegin>
            <CharacterOffsetEnd>24151</CharacterOffsetEnd>
            <POS>WRB</POS>
            <NER>O</NER>
            <Speaker>PER0</Speaker>
          </token>
          <token id="17">
            <word>an</word>
            <lemma>a</lemma>
            <CharacterOffsetBegin>24152</CharacterOffsetBegin>
            <CharacterOffsetEnd>24154</CharacterOffsetEnd>
            <POS>DT</POS>
            <NER>O</NER>
            <Speaker>PER0</Speaker>
          </token>
          <token id="18">
            <word>engineer</word>
            <lemma>engineer</lemma>
            <CharacterOffsetBegin>24155</CharacterOffsetBegin>
            <CharacterOffsetEnd>24163</CharacterOffsetEnd>
            <POS>NN</POS>
            <NER>O</NER>
            <Speaker>PER0</Speaker>
          </token>
          <token id="19">
            <word>may</word>
            <lemma>may</lemma>
            <CharacterOffsetBegin>24164</CharacterOffsetBegin>
            <CharacterOffsetEnd>24167</CharacterOffsetEnd>
            <POS>MD</POS>
            <NER>O</NER>
            <Speaker>PER0</Speaker>
          </token>
          <token id="20">
            <word>need</word>
            <lemma>need</lemma>
            <CharacterOffsetBegin>24168</CharacterOffsetBegin>
            <CharacterOffsetEnd>24172</CharacterOffsetEnd>
            <POS>VB</POS>
            <NER>O</NER>
            <Speaker>PER0</Speaker>
          </token>
          <token id="21">
            <word>to</word>
            <lemma>to</lemma>
            <CharacterOffsetBegin>24173</CharacterOffsetBegin>
            <CharacterOffsetEnd>24175</CharacterOffsetEnd>
            <POS>TO</POS>
            <NER>O</NER>
            <Speaker>PER0</Speaker>
          </token>
          <token id="22">
            <word>manage</word>
            <lemma>manage</lemma>
            <CharacterOffsetBegin>24176</CharacterOffsetBegin>
            <CharacterOffsetEnd>24182</CharacterOffsetEnd>
            <POS>VB</POS>
            <NER>O</NER>
            <Speaker>PER0</Speaker>
          </token>
          <token id="23">
            <word>a</word>
            <lemma>a</lemma>
            <CharacterOffsetBegin>24183</CharacterOffsetBegin>
            <CharacterOffsetEnd>24184</CharacterOffsetEnd>
            <POS>DT</POS>
            <NER>O</NER>
            <Speaker>PER0</Speaker>
          </token>
          <token id="24">
            <word>team</word>
            <lemma>team</lemma>
            <CharacterOffsetBegin>24185</CharacterOffsetBegin>
            <CharacterOffsetEnd>24189</CharacterOffsetEnd>
            <POS>NN</POS>
            <NER>O</NER>
            <Speaker>PER0</Speaker>
          </token>
          <token id="25">
            <word>,</word>
            <lemma>,</lemma>
            <CharacterOffsetBegin>24189</CharacterOffsetBegin>
            <CharacterOffsetEnd>24190</CharacterOffsetEnd>
            <POS>,</POS>
            <NER>O</NER>
            <Speaker>PER0</Speaker>
          </token>
          <token id="26">
            <word>rather</word>
            <lemma>rather</lemma>
            <CharacterOffsetBegin>24191</CharacterOffsetBegin>
            <CharacterOffsetEnd>24197</CharacterOffsetEnd>
            <POS>RB</POS>
            <NER>O</NER>
            <Speaker>PER0</Speaker>
          </token>
          <token id="27">
            <word>than</word>
            <lemma>than</lemma>
            <CharacterOffsetBegin>24198</CharacterOffsetBegin>
            <CharacterOffsetEnd>24202</CharacterOffsetEnd>
            <POS>IN</POS>
            <NER>O</NER>
            <Speaker>PER0</Speaker>
          </token>
          <token id="28">
            <word>being</word>
            <lemma>be</lemma>
            <CharacterOffsetBegin>24203</CharacterOffsetBegin>
            <CharacterOffsetEnd>24208</CharacterOffsetEnd>
            <POS>VBG</POS>
            <NER>O</NER>
            <Speaker>PER0</Speaker>
          </token>
          <token id="29">
            <word>a</word>
            <lemma>a</lemma>
            <CharacterOffsetBegin>24209</CharacterOffsetBegin>
            <CharacterOffsetEnd>24210</CharacterOffsetEnd>
            <POS>DT</POS>
            <NER>O</NER>
            <Speaker>PER0</Speaker>
          </token>
          <token id="30">
            <word>member</word>
            <lemma>member</lemma>
            <CharacterOffsetBegin>24211</CharacterOffsetBegin>
            <CharacterOffsetEnd>24217</CharacterOffsetEnd>
            <POS>NN</POS>
            <NER>O</NER>
            <Speaker>PER0</Speaker>
          </token>
          <token id="31">
            <word>in</word>
            <lemma>in</lemma>
            <CharacterOffsetBegin>24218</CharacterOffsetBegin>
            <CharacterOffsetEnd>24220</CharacterOffsetEnd>
            <POS>IN</POS>
            <NER>O</NER>
            <Speaker>PER0</Speaker>
          </token>
          <token id="32">
            <word>the</word>
            <lemma>the</lemma>
            <CharacterOffsetBegin>24221</CharacterOffsetBegin>
            <CharacterOffsetEnd>24224</CharacterOffsetEnd>
            <POS>DT</POS>
            <NER>O</NER>
            <Speaker>PER0</Speaker>
          </token>
          <token id="33">
            <word>team</word>
            <lemma>team</lemma>
            <CharacterOffsetBegin>24225</CharacterOffsetBegin>
            <CharacterOffsetEnd>24229</CharacterOffsetEnd>
            <POS>NN</POS>
            <NER>O</NER>
            <Speaker>PER0</Speaker>
          </token>
          <token id="34">
            <word>.</word>
            <lemma>.</lemma>
            <CharacterOffsetBegin>24229</CharacterOffsetBegin>
            <CharacterOffsetEnd>24230</CharacterOffsetEnd>
            <POS>.</POS>
            <NER>O</NER>
            <Speaker>PER0</Speaker>
          </token>
        </tokens>
        <parse>(ROOT (S (NP (NP (DT Another) (NN situation)) (SBAR (WHADVP (WRB where)) (S (NP (NP (DT the) (NN efficiency)) (PP (IN of) (NP (DT an) (NN individual)))) (VP (VBZ is) (ADJP (RB highly) (JJ important) (PP (IN in) (NP (DT this) (NN regard)))))))) (VP (VBZ is) (SBAR (WHADVP (WRB when)) (S (NP (DT an) (NN engineer)) (VP (MD may) (VP (VB need) (S (VP (TO to) (VP (VB manage) (NP (DT a) (NN team)) (, ,) (PP (RB rather) (IN than) (S (VP (VBG being) (NP (NP (DT a) (NN member)) (PP (IN in) (NP (DT the) (NN team))))))))))))))) (. .))) </parse>
        <dependencies type="basic-dependencies">
          <dep type="root">
            <governor idx="0">ROOT</governor>
            <dependent idx="15">is</dependent>
          </dep>
          <dep type="det">
            <governor idx="2">situation</governor>
            <dependent idx="1">Another</dependent>
          </dep>
          <dep type="nsubj">
            <governor idx="15">is</governor>
            <dependent idx="2">situation</dependent>
          </dep>
          <dep type="advmod">
            <governor idx="11">important</governor>
            <dependent idx="3">where</dependent>
          </dep>
          <dep type="det">
            <governor idx="5">efficiency</governor>
            <dependent idx="4">the</dependent>
          </dep>
          <dep type="nsubj">
            <governor idx="11">important</governor>
            <dependent idx="5">efficiency</dependent>
          </dep>
          <dep type="case">
            <governor idx="8">individual</governor>
            <dependent idx="6">of</dependent>
          </dep>
          <dep type="det">
            <governor idx="8">individual</governor>
            <dependent idx="7">an</dependent>
          </dep>
          <dep type="nmod">
            <governor idx="5">efficiency</governor>
            <dependent idx="8">individual</dependent>
          </dep>
          <dep type="cop">
            <governor idx="11">important</governor>
            <dependent idx="9">is</dependent>
          </dep>
          <dep type="advmod">
            <governor idx="11">important</governor>
            <dependent idx="10">highly</dependent>
          </dep>
          <dep type="acl:relcl">
            <governor idx="2">situation</governor>
            <dependent idx="11">important</dependent>
          </dep>
          <dep type="case">
            <governor idx="14">regard</governor>
            <dependent idx="12">in</dependent>
          </dep>
          <dep type="det">
            <governor idx="14">regard</governor>
            <dependent idx="13">this</dependent>
          </dep>
          <dep type="nmod">
            <governor idx="11">important</governor>
            <dependent idx="14">regard</dependent>
          </dep>
          <dep type="advmod">
            <governor idx="20">need</governor>
            <dependent idx="16">when</dependent>
          </dep>
          <dep type="det">
            <governor idx="18">engineer</governor>
            <dependent idx="17">an</dependent>
          </dep>
          <dep type="nsubj">
            <governor idx="20">need</governor>
            <dependent idx="18">engineer</dependent>
          </dep>
          <dep type="aux">
            <governor idx="20">need</governor>
            <dependent idx="19">may</dependent>
          </dep>
          <dep type="advcl">
            <governor idx="15">is</governor>
            <dependent idx="20">need</dependent>
          </dep>
          <dep type="mark">
            <governor idx="22">manage</governor>
            <dependent idx="21">to</dependent>
          </dep>
          <dep type="xcomp">
            <governor idx="20">need</governor>
            <dependent idx="22">manage</dependent>
          </dep>
          <dep type="det">
            <governor idx="24">team</governor>
            <dependent idx="23">a</dependent>
          </dep>
          <dep type="dobj">
            <governor idx="22">manage</governor>
            <dependent idx="24">team</dependent>
          </dep>
          <dep type="punct">
            <governor idx="22">manage</governor>
            <dependent idx="25">,</dependent>
          </dep>
          <dep type="mark">
            <governor idx="30">member</governor>
            <dependent idx="26">rather</dependent>
          </dep>
          <dep type="mwe">
            <governor idx="26">rather</governor>
            <dependent idx="27">than</dependent>
          </dep>
          <dep type="cop">
            <governor idx="30">member</governor>
            <dependent idx="28">being</dependent>
          </dep>
          <dep type="det">
            <governor idx="30">member</governor>
            <dependent idx="29">a</dependent>
          </dep>
          <dep type="advcl">
            <governor idx="22">manage</governor>
            <dependent idx="30">member</dependent>
          </dep>
          <dep type="case">
            <governor idx="33">team</governor>
            <dependent idx="31">in</dependent>
          </dep>
          <dep type="det">
            <governor idx="33">team</governor>
            <dependent idx="32">the</dependent>
          </dep>
          <dep type="nmod">
            <governor idx="30">member</governor>
            <dependent idx="33">team</dependent>
          </dep>
          <dep type="punct">
            <governor idx="15">is</governor>
            <dependent idx="34">.</dependent>
          </dep>
        </dependencies>
        <dependencies type="collapsed-dependencies">
          <dep type="root">
            <governor idx="0">ROOT</governor>
            <dependent idx="15">is</dependent>
          </dep>
          <dep type="det">
            <governor idx="2">situation</governor>
            <dependent idx="1">Another</dependent>
          </dep>
          <dep type="nsubj">
            <governor idx="15">is</governor>
            <dependent idx="2">situation</dependent>
          </dep>
          <dep type="advmod">
            <governor idx="11">important</governor>
            <dependent idx="3">where</dependent>
          </dep>
          <dep type="det">
            <governor idx="5">efficiency</governor>
            <dependent idx="4">the</dependent>
          </dep>
          <dep type="nsubj">
            <governor idx="11">important</governor>
            <dependent idx="5">efficiency</dependent>
          </dep>
          <dep type="case">
            <governor idx="8">individual</governor>
            <dependent idx="6">of</dependent>
          </dep>
          <dep type="det">
            <governor idx="8">individual</governor>
            <dependent idx="7">an</dependent>
          </dep>
          <dep type="nmod:of">
            <governor idx="5">efficiency</governor>
            <dependent idx="8">individual</dependent>
          </dep>
          <dep type="cop">
            <governor idx="11">important</governor>
            <dependent idx="9">is</dependent>
          </dep>
          <dep type="advmod">
            <governor idx="11">important</governor>
            <dependent idx="10">highly</dependent>
          </dep>
          <dep type="acl:relcl">
            <governor idx="2">situation</governor>
            <dependent idx="11">important</dependent>
          </dep>
          <dep type="case">
            <governor idx="14">regard</governor>
            <dependent idx="12">in</dependent>
          </dep>
          <dep type="det">
            <governor idx="14">regard</governor>
            <dependent idx="13">this</dependent>
          </dep>
          <dep type="nmod:in">
            <governor idx="11">important</governor>
            <dependent idx="14">regard</dependent>
          </dep>
          <dep type="advmod">
            <governor idx="20">need</governor>
            <dependent idx="16">when</dependent>
          </dep>
          <dep type="det">
            <governor idx="18">engineer</governor>
            <dependent idx="17">an</dependent>
          </dep>
          <dep type="nsubj">
            <governor idx="20">need</governor>
            <dependent idx="18">engineer</dependent>
          </dep>
          <dep type="aux">
            <governor idx="20">need</governor>
            <dependent idx="19">may</dependent>
          </dep>
          <dep type="advcl">
            <governor idx="15">is</governor>
            <dependent idx="20">need</dependent>
          </dep>
          <dep type="mark">
            <governor idx="22">manage</governor>
            <dependent idx="21">to</dependent>
          </dep>
          <dep type="xcomp">
            <governor idx="20">need</governor>
            <dependent idx="22">manage</dependent>
          </dep>
          <dep type="det">
            <governor idx="24">team</governor>
            <dependent idx="23">a</dependent>
          </dep>
          <dep type="dobj">
            <governor idx="22">manage</governor>
            <dependent idx="24">team</dependent>
          </dep>
          <dep type="punct">
            <governor idx="22">manage</governor>
            <dependent idx="25">,</dependent>
          </dep>
          <dep type="mark">
            <governor idx="30">member</governor>
            <dependent idx="26">rather</dependent>
          </dep>
          <dep type="mwe">
            <governor idx="26">rather</governor>
            <dependent idx="27">than</dependent>
          </dep>
          <dep type="cop">
            <governor idx="30">member</governor>
            <dependent idx="28">being</dependent>
          </dep>
          <dep type="det">
            <governor idx="30">member</governor>
            <dependent idx="29">a</dependent>
          </dep>
          <dep type="advcl">
            <governor idx="22">manage</governor>
            <dependent idx="30">member</dependent>
          </dep>
          <dep type="case">
            <governor idx="33">team</governor>
            <dependent idx="31">in</dependent>
          </dep>
          <dep type="det">
            <governor idx="33">team</governor>
            <dependent idx="32">the</dependent>
          </dep>
          <dep type="nmod:in">
            <governor idx="30">member</governor>
            <dependent idx="33">team</dependent>
          </dep>
          <dep type="punct">
            <governor idx="15">is</governor>
            <dependent idx="34">.</dependent>
          </dep>
        </dependencies>
        <dependencies type="collapsed-ccprocessed-dependencies">
          <dep type="root">
            <governor idx="0">ROOT</governor>
            <dependent idx="15">is</dependent>
          </dep>
          <dep type="det">
            <governor idx="2">situation</governor>
            <dependent idx="1">Another</dependent>
          </dep>
          <dep type="nsubj">
            <governor idx="15">is</governor>
            <dependent idx="2">situation</dependent>
          </dep>
          <dep type="advmod">
            <governor idx="11">important</governor>
            <dependent idx="3">where</dependent>
          </dep>
          <dep type="det">
            <governor idx="5">efficiency</governor>
            <dependent idx="4">the</dependent>
          </dep>
          <dep type="nsubj">
            <governor idx="11">important</governor>
            <dependent idx="5">efficiency</dependent>
          </dep>
          <dep type="case">
            <governor idx="8">individual</governor>
            <dependent idx="6">of</dependent>
          </dep>
          <dep type="det">
            <governor idx="8">individual</governor>
            <dependent idx="7">an</dependent>
          </dep>
          <dep type="nmod:of">
            <governor idx="5">efficiency</governor>
            <dependent idx="8">individual</dependent>
          </dep>
          <dep type="cop">
            <governor idx="11">important</governor>
            <dependent idx="9">is</dependent>
          </dep>
          <dep type="advmod">
            <governor idx="11">important</governor>
            <dependent idx="10">highly</dependent>
          </dep>
          <dep type="acl:relcl">
            <governor idx="2">situation</governor>
            <dependent idx="11">important</dependent>
          </dep>
          <dep type="case">
            <governor idx="14">regard</governor>
            <dependent idx="12">in</dependent>
          </dep>
          <dep type="det">
            <governor idx="14">regard</governor>
            <dependent idx="13">this</dependent>
          </dep>
          <dep type="nmod:in">
            <governor idx="11">important</governor>
            <dependent idx="14">regard</dependent>
          </dep>
          <dep type="advmod">
            <governor idx="20">need</governor>
            <dependent idx="16">when</dependent>
          </dep>
          <dep type="det">
            <governor idx="18">engineer</governor>
            <dependent idx="17">an</dependent>
          </dep>
          <dep type="nsubj">
            <governor idx="20">need</governor>
            <dependent idx="18">engineer</dependent>
          </dep>
          <dep type="aux">
            <governor idx="20">need</governor>
            <dependent idx="19">may</dependent>
          </dep>
          <dep type="advcl">
            <governor idx="15">is</governor>
            <dependent idx="20">need</dependent>
          </dep>
          <dep type="mark">
            <governor idx="22">manage</governor>
            <dependent idx="21">to</dependent>
          </dep>
          <dep type="xcomp">
            <governor idx="20">need</governor>
            <dependent idx="22">manage</dependent>
          </dep>
          <dep type="det">
            <governor idx="24">team</governor>
            <dependent idx="23">a</dependent>
          </dep>
          <dep type="dobj">
            <governor idx="22">manage</governor>
            <dependent idx="24">team</dependent>
          </dep>
          <dep type="punct">
            <governor idx="22">manage</governor>
            <dependent idx="25">,</dependent>
          </dep>
          <dep type="mark">
            <governor idx="30">member</governor>
            <dependent idx="26">rather</dependent>
          </dep>
          <dep type="mwe">
            <governor idx="26">rather</governor>
            <dependent idx="27">than</dependent>
          </dep>
          <dep type="cop">
            <governor idx="30">member</governor>
            <dependent idx="28">being</dependent>
          </dep>
          <dep type="det">
            <governor idx="30">member</governor>
            <dependent idx="29">a</dependent>
          </dep>
          <dep type="advcl">
            <governor idx="22">manage</governor>
            <dependent idx="30">member</dependent>
          </dep>
          <dep type="case">
            <governor idx="33">team</governor>
            <dependent idx="31">in</dependent>
          </dep>
          <dep type="det">
            <governor idx="33">team</governor>
            <dependent idx="32">the</dependent>
          </dep>
          <dep type="nmod:in">
            <governor idx="30">member</governor>
            <dependent idx="33">team</dependent>
          </dep>
          <dep type="punct">
            <governor idx="15">is</governor>
            <dependent idx="34">.</dependent>
          </dep>
        </dependencies>
      </sentence>
      <sentence id="193">
        <tokens>
          <token id="1">
            <word>As</word>
            <lemma>as</lemma>
            <CharacterOffsetBegin>24231</CharacterOffsetBegin>
            <CharacterOffsetEnd>24233</CharacterOffsetEnd>
            <POS>IN</POS>
            <NER>O</NER>
            <Speaker>PER0</Speaker>
          </token>
          <token id="2">
            <word>part</word>
            <lemma>part</lemma>
            <CharacterOffsetBegin>24234</CharacterOffsetBegin>
            <CharacterOffsetEnd>24238</CharacterOffsetEnd>
            <POS>NN</POS>
            <NER>O</NER>
            <Speaker>PER0</Speaker>
          </token>
          <token id="3">
            <word>of</word>
            <lemma>of</lemma>
            <CharacterOffsetBegin>24239</CharacterOffsetBegin>
            <CharacterOffsetEnd>24241</CharacterOffsetEnd>
            <POS>IN</POS>
            <NER>O</NER>
            <Speaker>PER0</Speaker>
          </token>
          <token id="4">
            <word>their</word>
            <lemma>they</lemma>
            <CharacterOffsetBegin>24242</CharacterOffsetBegin>
            <CharacterOffsetEnd>24247</CharacterOffsetEnd>
            <POS>PRP$</POS>
            <NER>O</NER>
            <Speaker>PER0</Speaker>
          </token>
          <token id="5">
            <word>role</word>
            <lemma>role</lemma>
            <CharacterOffsetBegin>24248</CharacterOffsetBegin>
            <CharacterOffsetEnd>24252</CharacterOffsetEnd>
            <POS>NN</POS>
            <NER>O</NER>
            <Speaker>PER0</Speaker>
          </token>
          <token id="6">
            <word>,</word>
            <lemma>,</lemma>
            <CharacterOffsetBegin>24252</CharacterOffsetBegin>
            <CharacterOffsetEnd>24253</CharacterOffsetEnd>
            <POS>,</POS>
            <NER>O</NER>
            <Speaker>PER0</Speaker>
          </token>
          <token id="7">
            <word>they</word>
            <lemma>they</lemma>
            <CharacterOffsetBegin>24254</CharacterOffsetBegin>
            <CharacterOffsetEnd>24258</CharacterOffsetEnd>
            <POS>PRP</POS>
            <NER>O</NER>
            <Speaker>PER0</Speaker>
          </token>
          <token id="8">
            <word>have</word>
            <lemma>have</lemma>
            <CharacterOffsetBegin>24259</CharacterOffsetBegin>
            <CharacterOffsetEnd>24263</CharacterOffsetEnd>
            <POS>VBP</POS>
            <NER>O</NER>
            <Speaker>PER0</Speaker>
          </token>
          <token id="9">
            <word>responsibility</word>
            <lemma>responsibility</lemma>
            <CharacterOffsetBegin>24264</CharacterOffsetBegin>
            <CharacterOffsetEnd>24278</CharacterOffsetEnd>
            <POS>NN</POS>
            <NER>O</NER>
            <Speaker>PER0</Speaker>
          </token>
          <token id="10">
            <word>for</word>
            <lemma>for</lemma>
            <CharacterOffsetBegin>24279</CharacterOffsetBegin>
            <CharacterOffsetEnd>24282</CharacterOffsetEnd>
            <POS>IN</POS>
            <NER>O</NER>
            <Speaker>PER0</Speaker>
          </token>
          <token id="11">
            <word>each</word>
            <lemma>each</lemma>
            <CharacterOffsetBegin>24283</CharacterOffsetBegin>
            <CharacterOffsetEnd>24287</CharacterOffsetEnd>
            <POS>DT</POS>
            <NER>O</NER>
            <Speaker>PER0</Speaker>
          </token>
          <token id="12">
            <word>member</word>
            <lemma>member</lemma>
            <CharacterOffsetBegin>24288</CharacterOffsetBegin>
            <CharacterOffsetEnd>24294</CharacterOffsetEnd>
            <POS>NN</POS>
            <NER>O</NER>
            <Speaker>PER0</Speaker>
          </token>
          <token id="13">
            <word>and</word>
            <lemma>and</lemma>
            <CharacterOffsetBegin>24295</CharacterOffsetBegin>
            <CharacterOffsetEnd>24298</CharacterOffsetEnd>
            <POS>CC</POS>
            <NER>O</NER>
            <Speaker>PER0</Speaker>
          </token>
          <token id="14">
            <word>must</word>
            <lemma>must</lemma>
            <CharacterOffsetBegin>24299</CharacterOffsetBegin>
            <CharacterOffsetEnd>24303</CharacterOffsetEnd>
            <POS>MD</POS>
            <NER>O</NER>
            <Speaker>PER0</Speaker>
          </token>
          <token id="15">
            <word>be</word>
            <lemma>be</lemma>
            <CharacterOffsetBegin>24304</CharacterOffsetBegin>
            <CharacterOffsetEnd>24306</CharacterOffsetEnd>
            <POS>VB</POS>
            <NER>O</NER>
            <Speaker>PER0</Speaker>
          </token>
          <token id="16">
            <word>able</word>
            <lemma>able</lemma>
            <CharacterOffsetBegin>24307</CharacterOffsetBegin>
            <CharacterOffsetEnd>24311</CharacterOffsetEnd>
            <POS>JJ</POS>
            <NER>O</NER>
            <Speaker>PER0</Speaker>
          </token>
          <token id="17">
            <word>to</word>
            <lemma>to</lemma>
            <CharacterOffsetBegin>24312</CharacterOffsetBegin>
            <CharacterOffsetEnd>24314</CharacterOffsetEnd>
            <POS>TO</POS>
            <NER>O</NER>
            <Speaker>PER0</Speaker>
          </token>
          <token id="18">
            <word>handle</word>
            <lemma>handle</lemma>
            <CharacterOffsetBegin>24315</CharacterOffsetBegin>
            <CharacterOffsetEnd>24321</CharacterOffsetEnd>
            <POS>VB</POS>
            <NER>O</NER>
            <Speaker>PER0</Speaker>
          </token>
          <token id="19">
            <word>the</word>
            <lemma>the</lemma>
            <CharacterOffsetBegin>24322</CharacterOffsetBegin>
            <CharacterOffsetEnd>24325</CharacterOffsetEnd>
            <POS>DT</POS>
            <NER>O</NER>
            <Speaker>PER0</Speaker>
          </token>
          <token id="20">
            <word>consequences</word>
            <lemma>consequence</lemma>
            <CharacterOffsetBegin>24326</CharacterOffsetBegin>
            <CharacterOffsetEnd>24338</CharacterOffsetEnd>
            <POS>NNS</POS>
            <NER>O</NER>
            <Speaker>PER0</Speaker>
          </token>
          <token id="21">
            <word>of</word>
            <lemma>of</lemma>
            <CharacterOffsetBegin>24339</CharacterOffsetBegin>
            <CharacterOffsetEnd>24341</CharacterOffsetEnd>
            <POS>IN</POS>
            <NER>O</NER>
            <Speaker>PER0</Speaker>
          </token>
          <token id="22">
            <word>their</word>
            <lemma>they</lemma>
            <CharacterOffsetBegin>24342</CharacterOffsetBegin>
            <CharacterOffsetEnd>24347</CharacterOffsetEnd>
            <POS>PRP$</POS>
            <NER>O</NER>
            <Speaker>PER0</Speaker>
          </token>
          <token id="23">
            <word>actions</word>
            <lemma>action</lemma>
            <CharacterOffsetBegin>24348</CharacterOffsetBegin>
            <CharacterOffsetEnd>24355</CharacterOffsetEnd>
            <POS>NNS</POS>
            <NER>O</NER>
            <Speaker>PER0</Speaker>
          </token>
          <token id="24">
            <word>and</word>
            <lemma>and</lemma>
            <CharacterOffsetBegin>24356</CharacterOffsetBegin>
            <CharacterOffsetEnd>24359</CharacterOffsetEnd>
            <POS>CC</POS>
            <NER>O</NER>
            <Speaker>PER0</Speaker>
          </token>
          <token id="25">
            <word>the</word>
            <lemma>the</lemma>
            <CharacterOffsetBegin>24360</CharacterOffsetBegin>
            <CharacterOffsetEnd>24363</CharacterOffsetEnd>
            <POS>DT</POS>
            <NER>O</NER>
            <Speaker>PER0</Speaker>
          </token>
          <token id="26">
            <word>actions</word>
            <lemma>action</lemma>
            <CharacterOffsetBegin>24364</CharacterOffsetBegin>
            <CharacterOffsetEnd>24371</CharacterOffsetEnd>
            <POS>NNS</POS>
            <NER>O</NER>
            <Speaker>PER0</Speaker>
          </token>
          <token id="27">
            <word>of</word>
            <lemma>of</lemma>
            <CharacterOffsetBegin>24372</CharacterOffsetBegin>
            <CharacterOffsetEnd>24374</CharacterOffsetEnd>
            <POS>IN</POS>
            <NER>O</NER>
            <Speaker>PER0</Speaker>
          </token>
          <token id="28">
            <word>the</word>
            <lemma>the</lemma>
            <CharacterOffsetBegin>24375</CharacterOffsetBegin>
            <CharacterOffsetEnd>24378</CharacterOffsetEnd>
            <POS>DT</POS>
            <NER>O</NER>
            <Speaker>PER0</Speaker>
          </token>
          <token id="29">
            <word>members</word>
            <lemma>member</lemma>
            <CharacterOffsetBegin>24379</CharacterOffsetBegin>
            <CharacterOffsetEnd>24386</CharacterOffsetEnd>
            <POS>NNS</POS>
            <NER>O</NER>
            <Speaker>PER0</Speaker>
          </token>
          <token id="30">
            <word>in</word>
            <lemma>in</lemma>
            <CharacterOffsetBegin>24387</CharacterOffsetBegin>
            <CharacterOffsetEnd>24389</CharacterOffsetEnd>
            <POS>IN</POS>
            <NER>O</NER>
            <Speaker>PER0</Speaker>
          </token>
          <token id="31">
            <word>their</word>
            <lemma>they</lemma>
            <CharacterOffsetBegin>24390</CharacterOffsetBegin>
            <CharacterOffsetEnd>24395</CharacterOffsetEnd>
            <POS>PRP$</POS>
            <NER>O</NER>
            <Speaker>PER0</Speaker>
          </token>
          <token id="32">
            <word>team</word>
            <lemma>team</lemma>
            <CharacterOffsetBegin>24396</CharacterOffsetBegin>
            <CharacterOffsetEnd>24400</CharacterOffsetEnd>
            <POS>NN</POS>
            <NER>O</NER>
            <Speaker>PER0</Speaker>
          </token>
          <token id="33">
            <word>.</word>
            <lemma>.</lemma>
            <CharacterOffsetBegin>24400</CharacterOffsetBegin>
            <CharacterOffsetEnd>24401</CharacterOffsetEnd>
            <POS>.</POS>
            <NER>O</NER>
            <Speaker>PER0</Speaker>
          </token>
        </tokens>
        <parse>(ROOT (S (PP (IN As) (NP (NP (NN part)) (PP (IN of) (NP (PRP$ their) (NN role))))) (, ,) (NP (PRP they)) (VP (VP (VBP have) (NP (NP (NN responsibility)) (PP (IN for) (NP (DT each) (NN member))))) (CC and) (VP (MD must) (VP (VB be) (ADJP (JJ able) (S (VP (TO to) (VP (VB handle) (NP (NP (NP (DT the) (NNS consequences)) (PP (IN of) (NP (PRP$ their) (NNS actions)))) (CC and) (NP (NP (DT the) (NNS actions)) (PP (IN of) (NP (NP (DT the) (NNS members)) (PP (IN in) (NP (PRP$ their) (NN team)))))))))))))) (. .))) </parse>
        <dependencies type="basic-dependencies">
          <dep type="root">
            <governor idx="0">ROOT</governor>
            <dependent idx="8">have</dependent>
          </dep>
          <dep type="case">
            <governor idx="2">part</governor>
            <dependent idx="1">As</dependent>
          </dep>
          <dep type="nmod">
            <governor idx="8">have</governor>
            <dependent idx="2">part</dependent>
          </dep>
          <dep type="case">
            <governor idx="5">role</governor>
            <dependent idx="3">of</dependent>
          </dep>
          <dep type="nmod:poss">
            <governor idx="5">role</governor>
            <dependent idx="4">their</dependent>
          </dep>
          <dep type="nmod">
            <governor idx="2">part</governor>
            <dependent idx="5">role</dependent>
          </dep>
          <dep type="punct">
            <governor idx="8">have</governor>
            <dependent idx="6">,</dependent>
          </dep>
          <dep type="nsubj">
            <governor idx="8">have</governor>
            <dependent idx="7">they</dependent>
          </dep>
          <dep type="dobj">
            <governor idx="8">have</governor>
            <dependent idx="9">responsibility</dependent>
          </dep>
          <dep type="case">
            <governor idx="12">member</governor>
            <dependent idx="10">for</dependent>
          </dep>
          <dep type="det">
            <governor idx="12">member</governor>
            <dependent idx="11">each</dependent>
          </dep>
          <dep type="nmod">
            <governor idx="9">responsibility</governor>
            <dependent idx="12">member</dependent>
          </dep>
          <dep type="cc">
            <governor idx="8">have</governor>
            <dependent idx="13">and</dependent>
          </dep>
          <dep type="aux">
            <governor idx="16">able</governor>
            <dependent idx="14">must</dependent>
          </dep>
          <dep type="cop">
            <governor idx="16">able</governor>
            <dependent idx="15">be</dependent>
          </dep>
          <dep type="conj">
            <governor idx="8">have</governor>
            <dependent idx="16">able</dependent>
          </dep>
          <dep type="mark">
            <governor idx="18">handle</governor>
            <dependent idx="17">to</dependent>
          </dep>
          <dep type="xcomp">
            <governor idx="16">able</governor>
            <dependent idx="18">handle</dependent>
          </dep>
          <dep type="det">
            <governor idx="20">consequences</governor>
            <dependent idx="19">the</dependent>
          </dep>
          <dep type="dobj">
            <governor idx="18">handle</governor>
            <dependent idx="20">consequences</dependent>
          </dep>
          <dep type="case">
            <governor idx="23">actions</governor>
            <dependent idx="21">of</dependent>
          </dep>
          <dep type="nmod:poss">
            <governor idx="23">actions</governor>
            <dependent idx="22">their</dependent>
          </dep>
          <dep type="nmod">
            <governor idx="20">consequences</governor>
            <dependent idx="23">actions</dependent>
          </dep>
          <dep type="cc">
            <governor idx="20">consequences</governor>
            <dependent idx="24">and</dependent>
          </dep>
          <dep type="det">
            <governor idx="26">actions</governor>
            <dependent idx="25">the</dependent>
          </dep>
          <dep type="conj">
            <governor idx="20">consequences</governor>
            <dependent idx="26">actions</dependent>
          </dep>
          <dep type="case">
            <governor idx="29">members</governor>
            <dependent idx="27">of</dependent>
          </dep>
          <dep type="det">
            <governor idx="29">members</governor>
            <dependent idx="28">the</dependent>
          </dep>
          <dep type="nmod">
            <governor idx="26">actions</governor>
            <dependent idx="29">members</dependent>
          </dep>
          <dep type="case">
            <governor idx="32">team</governor>
            <dependent idx="30">in</dependent>
          </dep>
          <dep type="nmod:poss">
            <governor idx="32">team</governor>
            <dependent idx="31">their</dependent>
          </dep>
          <dep type="nmod">
            <governor idx="29">members</governor>
            <dependent idx="32">team</dependent>
          </dep>
          <dep type="punct">
            <governor idx="8">have</governor>
            <dependent idx="33">.</dependent>
          </dep>
        </dependencies>
        <dependencies type="collapsed-dependencies">
          <dep type="root">
            <governor idx="0">ROOT</governor>
            <dependent idx="8">have</dependent>
          </dep>
          <dep type="case">
            <governor idx="2">part</governor>
            <dependent idx="1">As</dependent>
          </dep>
          <dep type="nmod:as">
            <governor idx="8">have</governor>
            <dependent idx="2">part</dependent>
          </dep>
          <dep type="case">
            <governor idx="5">role</governor>
            <dependent idx="3">of</dependent>
          </dep>
          <dep type="nmod:poss">
            <governor idx="5">role</governor>
            <dependent idx="4">their</dependent>
          </dep>
          <dep type="nmod:of">
            <governor idx="2">part</governor>
            <dependent idx="5">role</dependent>
          </dep>
          <dep type="punct">
            <governor idx="8">have</governor>
            <dependent idx="6">,</dependent>
          </dep>
          <dep type="nsubj">
            <governor idx="8">have</governor>
            <dependent idx="7">they</dependent>
          </dep>
          <dep type="dobj">
            <governor idx="8">have</governor>
            <dependent idx="9">responsibility</dependent>
          </dep>
          <dep type="case">
            <governor idx="12">member</governor>
            <dependent idx="10">for</dependent>
          </dep>
          <dep type="det">
            <governor idx="12">member</governor>
            <dependent idx="11">each</dependent>
          </dep>
          <dep type="nmod:for">
            <governor idx="9">responsibility</governor>
            <dependent idx="12">member</dependent>
          </dep>
          <dep type="cc">
            <governor idx="8">have</governor>
            <dependent idx="13">and</dependent>
          </dep>
          <dep type="aux">
            <governor idx="16">able</governor>
            <dependent idx="14">must</dependent>
          </dep>
          <dep type="cop">
            <governor idx="16">able</governor>
            <dependent idx="15">be</dependent>
          </dep>
          <dep type="conj:and">
            <governor idx="8">have</governor>
            <dependent idx="16">able</dependent>
          </dep>
          <dep type="mark">
            <governor idx="18">handle</governor>
            <dependent idx="17">to</dependent>
          </dep>
          <dep type="xcomp">
            <governor idx="16">able</governor>
            <dependent idx="18">handle</dependent>
          </dep>
          <dep type="det">
            <governor idx="20">consequences</governor>
            <dependent idx="19">the</dependent>
          </dep>
          <dep type="dobj">
            <governor idx="18">handle</governor>
            <dependent idx="20">consequences</dependent>
          </dep>
          <dep type="case">
            <governor idx="23">actions</governor>
            <dependent idx="21">of</dependent>
          </dep>
          <dep type="nmod:poss">
            <governor idx="23">actions</governor>
            <dependent idx="22">their</dependent>
          </dep>
          <dep type="nmod:of">
            <governor idx="20">consequences</governor>
            <dependent idx="23">actions</dependent>
          </dep>
          <dep type="cc">
            <governor idx="20">consequences</governor>
            <dependent idx="24">and</dependent>
          </dep>
          <dep type="det">
            <governor idx="26">actions</governor>
            <dependent idx="25">the</dependent>
          </dep>
          <dep type="conj:and">
            <governor idx="20">consequences</governor>
            <dependent idx="26">actions</dependent>
          </dep>
          <dep type="case">
            <governor idx="29">members</governor>
            <dependent idx="27">of</dependent>
          </dep>
          <dep type="det">
            <governor idx="29">members</governor>
            <dependent idx="28">the</dependent>
          </dep>
          <dep type="nmod:of">
            <governor idx="26">actions</governor>
            <dependent idx="29">members</dependent>
          </dep>
          <dep type="case">
            <governor idx="32">team</governor>
            <dependent idx="30">in</dependent>
          </dep>
          <dep type="nmod:poss">
            <governor idx="32">team</governor>
            <dependent idx="31">their</dependent>
          </dep>
          <dep type="nmod:in">
            <governor idx="29">members</governor>
            <dependent idx="32">team</dependent>
          </dep>
          <dep type="punct">
            <governor idx="8">have</governor>
            <dependent idx="33">.</dependent>
          </dep>
        </dependencies>
        <dependencies type="collapsed-ccprocessed-dependencies">
          <dep type="root">
            <governor idx="0">ROOT</governor>
            <dependent idx="8">have</dependent>
          </dep>
          <dep type="case">
            <governor idx="2">part</governor>
            <dependent idx="1">As</dependent>
          </dep>
          <dep type="nmod:as">
            <governor idx="8">have</governor>
            <dependent idx="2">part</dependent>
          </dep>
          <dep type="case">
            <governor idx="5">role</governor>
            <dependent idx="3">of</dependent>
          </dep>
          <dep type="nmod:poss">
            <governor idx="5">role</governor>
            <dependent idx="4">their</dependent>
          </dep>
          <dep type="nmod:of">
            <governor idx="2">part</governor>
            <dependent idx="5">role</dependent>
          </dep>
          <dep type="punct">
            <governor idx="8">have</governor>
            <dependent idx="6">,</dependent>
          </dep>
          <dep type="nsubj">
            <governor idx="8">have</governor>
            <dependent idx="7">they</dependent>
          </dep>
          <dep type="nsubj" extra="true">
            <governor idx="16">able</governor>
            <dependent idx="7">they</dependent>
          </dep>
          <dep type="dobj">
            <governor idx="8">have</governor>
            <dependent idx="9">responsibility</dependent>
          </dep>
          <dep type="case">
            <governor idx="12">member</governor>
            <dependent idx="10">for</dependent>
          </dep>
          <dep type="det">
            <governor idx="12">member</governor>
            <dependent idx="11">each</dependent>
          </dep>
          <dep type="nmod:for">
            <governor idx="9">responsibility</governor>
            <dependent idx="12">member</dependent>
          </dep>
          <dep type="cc">
            <governor idx="8">have</governor>
            <dependent idx="13">and</dependent>
          </dep>
          <dep type="aux">
            <governor idx="16">able</governor>
            <dependent idx="14">must</dependent>
          </dep>
          <dep type="cop">
            <governor idx="16">able</governor>
            <dependent idx="15">be</dependent>
          </dep>
          <dep type="conj:and">
            <governor idx="8">have</governor>
            <dependent idx="16">able</dependent>
          </dep>
          <dep type="mark">
            <governor idx="18">handle</governor>
            <dependent idx="17">to</dependent>
          </dep>
          <dep type="xcomp">
            <governor idx="16">able</governor>
            <dependent idx="18">handle</dependent>
          </dep>
          <dep type="det">
            <governor idx="20">consequences</governor>
            <dependent idx="19">the</dependent>
          </dep>
          <dep type="dobj">
            <governor idx="18">handle</governor>
            <dependent idx="20">consequences</dependent>
          </dep>
          <dep type="case">
            <governor idx="23">actions</governor>
            <dependent idx="21">of</dependent>
          </dep>
          <dep type="nmod:poss">
            <governor idx="23">actions</governor>
            <dependent idx="22">their</dependent>
          </dep>
          <dep type="nmod:of">
            <governor idx="20">consequences</governor>
            <dependent idx="23">actions</dependent>
          </dep>
          <dep type="cc">
            <governor idx="20">consequences</governor>
            <dependent idx="24">and</dependent>
          </dep>
          <dep type="det">
            <governor idx="26">actions</governor>
            <dependent idx="25">the</dependent>
          </dep>
          <dep type="dobj" extra="true">
            <governor idx="18">handle</governor>
            <dependent idx="26">actions</dependent>
          </dep>
          <dep type="conj:and">
            <governor idx="20">consequences</governor>
            <dependent idx="26">actions</dependent>
          </dep>
          <dep type="case">
            <governor idx="29">members</governor>
            <dependent idx="27">of</dependent>
          </dep>
          <dep type="det">
            <governor idx="29">members</governor>
            <dependent idx="28">the</dependent>
          </dep>
          <dep type="nmod:of">
            <governor idx="26">actions</governor>
            <dependent idx="29">members</dependent>
          </dep>
          <dep type="case">
            <governor idx="32">team</governor>
            <dependent idx="30">in</dependent>
          </dep>
          <dep type="nmod:poss">
            <governor idx="32">team</governor>
            <dependent idx="31">their</dependent>
          </dep>
          <dep type="nmod:in">
            <governor idx="29">members</governor>
            <dependent idx="32">team</dependent>
          </dep>
          <dep type="punct">
            <governor idx="8">have</governor>
            <dependent idx="33">.</dependent>
          </dep>
        </dependencies>
      </sentence>
      <sentence id="194">
        <tokens>
          <token id="1">
            <word>As</word>
            <lemma>as</lemma>
            <CharacterOffsetBegin>24402</CharacterOffsetBegin>
            <CharacterOffsetEnd>24404</CharacterOffsetEnd>
            <POS>IN</POS>
            <NER>O</NER>
            <Speaker>PER0</Speaker>
          </token>
          <token id="2">
            <word>a</word>
            <lemma>a</lemma>
            <CharacterOffsetBegin>24405</CharacterOffsetBegin>
            <CharacterOffsetEnd>24406</CharacterOffsetEnd>
            <POS>DT</POS>
            <NER>O</NER>
            <Speaker>PER0</Speaker>
          </token>
          <token id="3">
            <word>result</word>
            <lemma>result</lemma>
            <CharacterOffsetBegin>24407</CharacterOffsetBegin>
            <CharacterOffsetEnd>24413</CharacterOffsetEnd>
            <POS>NN</POS>
            <NER>O</NER>
            <Speaker>PER0</Speaker>
          </token>
          <token id="4">
            <word>the</word>
            <lemma>the</lemma>
            <CharacterOffsetBegin>24414</CharacterOffsetBegin>
            <CharacterOffsetEnd>24417</CharacterOffsetEnd>
            <POS>DT</POS>
            <NER>O</NER>
            <Speaker>PER0</Speaker>
          </token>
          <token id="5">
            <word>lesson</word>
            <lemma>lesson</lemma>
            <CharacterOffsetBegin>24418</CharacterOffsetBegin>
            <CharacterOffsetEnd>24424</CharacterOffsetEnd>
            <POS>NN</POS>
            <NER>O</NER>
            <Speaker>PER0</Speaker>
          </token>
          <token id="6">
            <word>that</word>
            <lemma>that</lemma>
            <CharacterOffsetBegin>24425</CharacterOffsetBegin>
            <CharacterOffsetEnd>24429</CharacterOffsetEnd>
            <POS>IN</POS>
            <NER>O</NER>
            <Speaker>PER0</Speaker>
          </token>
          <token id="7">
            <word>I</word>
            <lemma>I</lemma>
            <CharacterOffsetBegin>24430</CharacterOffsetBegin>
            <CharacterOffsetEnd>24431</CharacterOffsetEnd>
            <POS>PRP</POS>
            <NER>O</NER>
            <Speaker>PER0</Speaker>
          </token>
          <token id="8">
            <word>learnt</word>
            <lemma>learn</lemma>
            <CharacterOffsetBegin>24432</CharacterOffsetBegin>
            <CharacterOffsetEnd>24438</CharacterOffsetEnd>
            <POS>VBD</POS>
            <NER>O</NER>
            <Speaker>PER0</Speaker>
          </token>
          <token id="9">
            <word>about</word>
            <lemma>about</lemma>
            <CharacterOffsetBegin>24439</CharacterOffsetBegin>
            <CharacterOffsetEnd>24444</CharacterOffsetEnd>
            <POS>IN</POS>
            <NER>O</NER>
            <Speaker>PER0</Speaker>
          </token>
          <token id="10">
            <word>being</word>
            <lemma>be</lemma>
            <CharacterOffsetBegin>24445</CharacterOffsetBegin>
            <CharacterOffsetEnd>24450</CharacterOffsetEnd>
            <POS>VBG</POS>
            <NER>O</NER>
            <Speaker>PER0</Speaker>
          </token>
          <token id="11">
            <word>accountable</word>
            <lemma>accountable</lemma>
            <CharacterOffsetBegin>24451</CharacterOffsetBegin>
            <CharacterOffsetEnd>24462</CharacterOffsetEnd>
            <POS>JJ</POS>
            <NER>O</NER>
            <Speaker>PER0</Speaker>
          </token>
          <token id="12">
            <word>for</word>
            <lemma>for</lemma>
            <CharacterOffsetBegin>24463</CharacterOffsetBegin>
            <CharacterOffsetEnd>24466</CharacterOffsetEnd>
            <POS>IN</POS>
            <NER>O</NER>
            <Speaker>PER0</Speaker>
          </token>
          <token id="13">
            <word>actions</word>
            <lemma>action</lemma>
            <CharacterOffsetBegin>24467</CharacterOffsetBegin>
            <CharacterOffsetEnd>24474</CharacterOffsetEnd>
            <POS>NNS</POS>
            <NER>O</NER>
            <Speaker>PER0</Speaker>
          </token>
          <token id="14">
            <word>can</word>
            <lemma>can</lemma>
            <CharacterOffsetBegin>24475</CharacterOffsetBegin>
            <CharacterOffsetEnd>24478</CharacterOffsetEnd>
            <POS>MD</POS>
            <NER>O</NER>
            <Speaker>PER0</Speaker>
          </token>
          <token id="15">
            <word>be</word>
            <lemma>be</lemma>
            <CharacterOffsetBegin>24479</CharacterOffsetBegin>
            <CharacterOffsetEnd>24481</CharacterOffsetEnd>
            <POS>VB</POS>
            <NER>O</NER>
            <Speaker>PER0</Speaker>
          </token>
          <token id="16">
            <word>applied</word>
            <lemma>apply</lemma>
            <CharacterOffsetBegin>24482</CharacterOffsetBegin>
            <CharacterOffsetEnd>24489</CharacterOffsetEnd>
            <POS>VBN</POS>
            <NER>O</NER>
            <Speaker>PER0</Speaker>
          </token>
          <token id="17">
            <word>to</word>
            <lemma>to</lemma>
            <CharacterOffsetBegin>24490</CharacterOffsetBegin>
            <CharacterOffsetEnd>24492</CharacterOffsetEnd>
            <POS>TO</POS>
            <NER>O</NER>
            <Speaker>PER0</Speaker>
          </token>
          <token id="18">
            <word>any</word>
            <lemma>any</lemma>
            <CharacterOffsetBegin>24493</CharacterOffsetBegin>
            <CharacterOffsetEnd>24496</CharacterOffsetEnd>
            <POS>DT</POS>
            <NER>O</NER>
            <Speaker>PER0</Speaker>
          </token>
          <token id="19">
            <word>individual</word>
            <lemma>individual</lemma>
            <CharacterOffsetBegin>24497</CharacterOffsetBegin>
            <CharacterOffsetEnd>24507</CharacterOffsetEnd>
            <POS>JJ</POS>
            <NER>O</NER>
            <Speaker>PER0</Speaker>
          </token>
          <token id="20">
            <word>situation</word>
            <lemma>situation</lemma>
            <CharacterOffsetBegin>24508</CharacterOffsetBegin>
            <CharacterOffsetEnd>24517</CharacterOffsetEnd>
            <POS>NN</POS>
            <NER>O</NER>
            <Speaker>PER0</Speaker>
          </token>
          <token id="21">
            <word>where</word>
            <lemma>where</lemma>
            <CharacterOffsetBegin>24518</CharacterOffsetBegin>
            <CharacterOffsetEnd>24523</CharacterOffsetEnd>
            <POS>WRB</POS>
            <NER>O</NER>
            <Speaker>PER0</Speaker>
          </token>
          <token id="22">
            <word>decision</word>
            <lemma>decision</lemma>
            <CharacterOffsetBegin>24524</CharacterOffsetBegin>
            <CharacterOffsetEnd>24532</CharacterOffsetEnd>
            <POS>NN</POS>
            <NER>O</NER>
            <Speaker>PER0</Speaker>
          </token>
          <token id="23">
            <word>making</word>
            <lemma>making</lemma>
            <CharacterOffsetBegin>24533</CharacterOffsetBegin>
            <CharacterOffsetEnd>24539</CharacterOffsetEnd>
            <POS>NN</POS>
            <NER>O</NER>
            <Speaker>PER0</Speaker>
          </token>
          <token id="24">
            <word>is</word>
            <lemma>be</lemma>
            <CharacterOffsetBegin>24540</CharacterOffsetBegin>
            <CharacterOffsetEnd>24542</CharacterOffsetEnd>
            <POS>VBZ</POS>
            <NER>O</NER>
            <Speaker>PER0</Speaker>
          </token>
          <token id="25">
            <word>required</word>
            <lemma>require</lemma>
            <CharacterOffsetBegin>24543</CharacterOffsetBegin>
            <CharacterOffsetEnd>24551</CharacterOffsetEnd>
            <POS>VBN</POS>
            <NER>O</NER>
            <Speaker>PER0</Speaker>
          </token>
          <token id="26">
            <word>,</word>
            <lemma>,</lemma>
            <CharacterOffsetBegin>24551</CharacterOffsetBegin>
            <CharacterOffsetEnd>24552</CharacterOffsetEnd>
            <POS>,</POS>
            <NER>O</NER>
            <Speaker>PER0</Speaker>
          </token>
          <token id="27">
            <word>or</word>
            <lemma>or</lemma>
            <CharacterOffsetBegin>24553</CharacterOffsetBegin>
            <CharacterOffsetEnd>24555</CharacterOffsetEnd>
            <POS>CC</POS>
            <NER>O</NER>
            <Speaker>PER0</Speaker>
          </token>
          <token id="28">
            <word>to</word>
            <lemma>to</lemma>
            <CharacterOffsetBegin>24556</CharacterOffsetBegin>
            <CharacterOffsetEnd>24558</CharacterOffsetEnd>
            <POS>TO</POS>
            <NER>O</NER>
            <Speaker>PER0</Speaker>
          </token>
          <token id="29">
            <word>situations</word>
            <lemma>situation</lemma>
            <CharacterOffsetBegin>24559</CharacterOffsetBegin>
            <CharacterOffsetEnd>24569</CharacterOffsetEnd>
            <POS>NNS</POS>
            <NER>O</NER>
            <Speaker>PER0</Speaker>
          </token>
          <token id="30">
            <word>where</word>
            <lemma>where</lemma>
            <CharacterOffsetBegin>24570</CharacterOffsetBegin>
            <CharacterOffsetEnd>24575</CharacterOffsetEnd>
            <POS>WRB</POS>
            <NER>O</NER>
            <Speaker>PER0</Speaker>
          </token>
          <token id="31">
            <word>an</word>
            <lemma>a</lemma>
            <CharacterOffsetBegin>24576</CharacterOffsetBegin>
            <CharacterOffsetEnd>24578</CharacterOffsetEnd>
            <POS>DT</POS>
            <NER>O</NER>
            <Speaker>PER0</Speaker>
          </token>
          <token id="32">
            <word>engineer</word>
            <lemma>engineer</lemma>
            <CharacterOffsetBegin>24579</CharacterOffsetBegin>
            <CharacterOffsetEnd>24587</CharacterOffsetEnd>
            <POS>NN</POS>
            <NER>O</NER>
            <Speaker>PER0</Speaker>
          </token>
          <token id="33">
            <word>must</word>
            <lemma>must</lemma>
            <CharacterOffsetBegin>24588</CharacterOffsetBegin>
            <CharacterOffsetEnd>24592</CharacterOffsetEnd>
            <POS>MD</POS>
            <NER>O</NER>
            <Speaker>PER0</Speaker>
          </token>
          <token id="34">
            <word>be</word>
            <lemma>be</lemma>
            <CharacterOffsetBegin>24593</CharacterOffsetBegin>
            <CharacterOffsetEnd>24595</CharacterOffsetEnd>
            <POS>VB</POS>
            <NER>O</NER>
            <Speaker>PER0</Speaker>
          </token>
          <token id="35">
            <word>able</word>
            <lemma>able</lemma>
            <CharacterOffsetBegin>24596</CharacterOffsetBegin>
            <CharacterOffsetEnd>24600</CharacterOffsetEnd>
            <POS>JJ</POS>
            <NER>O</NER>
            <Speaker>PER0</Speaker>
          </token>
          <token id="36">
            <word>to</word>
            <lemma>to</lemma>
            <CharacterOffsetBegin>24601</CharacterOffsetBegin>
            <CharacterOffsetEnd>24603</CharacterOffsetEnd>
            <POS>TO</POS>
            <NER>O</NER>
            <Speaker>PER0</Speaker>
          </token>
          <token id="37">
            <word>manage</word>
            <lemma>manage</lemma>
            <CharacterOffsetBegin>24604</CharacterOffsetBegin>
            <CharacterOffsetEnd>24610</CharacterOffsetEnd>
            <POS>VB</POS>
            <NER>O</NER>
            <Speaker>PER0</Speaker>
          </token>
          <token id="38">
            <word>others</word>
            <lemma>other</lemma>
            <CharacterOffsetBegin>24611</CharacterOffsetBegin>
            <CharacterOffsetEnd>24617</CharacterOffsetEnd>
            <POS>NNS</POS>
            <NER>O</NER>
            <Speaker>PER0</Speaker>
          </token>
          <token id="39">
            <word>.</word>
            <lemma>.</lemma>
            <CharacterOffsetBegin>24617</CharacterOffsetBegin>
            <CharacterOffsetEnd>24618</CharacterOffsetEnd>
            <POS>.</POS>
            <NER>O</NER>
            <Speaker>PER0</Speaker>
          </token>
        </tokens>
        <parse>(ROOT (S (PP (IN As) (NP (DT a) (NN result))) (NP (NP (DT the) (NN lesson)) (SBAR (IN that) (S (NP (PRP I)) (VP (VBD learnt) (PP (IN about) (S (VP (VBG being) (ADJP (JJ accountable) (PP (IN for) (NP (NNS actions))))))))))) (VP (MD can) (VP (VB be) (VP (VBN applied) (PP (PP (TO to) (NP (NP (DT any) (JJ individual) (NN situation)) (SBAR (WHADVP (WRB where)) (S (NP (NN decision) (NN making)) (VP (VBZ is) (VP (VBN required))))))) (, ,) (CC or) (PP (TO to) (NP (NP (NNS situations)) (SBAR (WHADVP (WRB where)) (S (NP (DT an) (NN engineer)) (VP (MD must) (VP (VB be) (ADJP (JJ able) (S (VP (TO to) (VP (VB manage) (NP (NNS others)))))))))))))))) (. .))) </parse>
        <dependencies type="basic-dependencies">
          <dep type="root">
            <governor idx="0">ROOT</governor>
            <dependent idx="16">applied</dependent>
          </dep>
          <dep type="case">
            <governor idx="3">result</governor>
            <dependent idx="1">As</dependent>
          </dep>
          <dep type="det">
            <governor idx="3">result</governor>
            <dependent idx="2">a</dependent>
          </dep>
          <dep type="nmod">
            <governor idx="16">applied</governor>
            <dependent idx="3">result</dependent>
          </dep>
          <dep type="det">
            <governor idx="5">lesson</governor>
            <dependent idx="4">the</dependent>
          </dep>
          <dep type="nsubjpass">
            <governor idx="16">applied</governor>
            <dependent idx="5">lesson</dependent>
          </dep>
          <dep type="mark">
            <governor idx="8">learnt</governor>
            <dependent idx="6">that</dependent>
          </dep>
          <dep type="nsubj">
            <governor idx="8">learnt</governor>
            <dependent idx="7">I</dependent>
          </dep>
          <dep type="dep">
            <governor idx="5">lesson</governor>
            <dependent idx="8">learnt</dependent>
          </dep>
          <dep type="mark">
            <governor idx="11">accountable</governor>
            <dependent idx="9">about</dependent>
          </dep>
          <dep type="cop">
            <governor idx="11">accountable</governor>
            <dependent idx="10">being</dependent>
          </dep>
          <dep type="advcl">
            <governor idx="8">learnt</governor>
            <dependent idx="11">accountable</dependent>
          </dep>
          <dep type="case">
            <governor idx="13">actions</governor>
            <dependent idx="12">for</dependent>
          </dep>
          <dep type="nmod">
            <governor idx="11">accountable</governor>
            <dependent idx="13">actions</dependent>
          </dep>
          <dep type="aux">
            <governor idx="16">applied</governor>
            <dependent idx="14">can</dependent>
          </dep>
          <dep type="auxpass">
            <governor idx="16">applied</governor>
            <dependent idx="15">be</dependent>
          </dep>
          <dep type="case">
            <governor idx="20">situation</governor>
            <dependent idx="17">to</dependent>
          </dep>
          <dep type="det">
            <governor idx="20">situation</governor>
            <dependent idx="18">any</dependent>
          </dep>
          <dep type="amod">
            <governor idx="20">situation</governor>
            <dependent idx="19">individual</dependent>
          </dep>
          <dep type="nmod">
            <governor idx="16">applied</governor>
            <dependent idx="20">situation</dependent>
          </dep>
          <dep type="advmod">
            <governor idx="25">required</governor>
            <dependent idx="21">where</dependent>
          </dep>
          <dep type="compound">
            <governor idx="23">making</governor>
            <dependent idx="22">decision</dependent>
          </dep>
          <dep type="nsubjpass">
            <governor idx="25">required</governor>
            <dependent idx="23">making</dependent>
          </dep>
          <dep type="auxpass">
            <governor idx="25">required</governor>
            <dependent idx="24">is</dependent>
          </dep>
          <dep type="acl:relcl">
            <governor idx="20">situation</governor>
            <dependent idx="25">required</dependent>
          </dep>
          <dep type="punct">
            <governor idx="20">situation</governor>
            <dependent idx="26">,</dependent>
          </dep>
          <dep type="cc">
            <governor idx="20">situation</governor>
            <dependent idx="27">or</dependent>
          </dep>
          <dep type="case">
            <governor idx="29">situations</governor>
            <dependent idx="28">to</dependent>
          </dep>
          <dep type="conj">
            <governor idx="20">situation</governor>
            <dependent idx="29">situations</dependent>
          </dep>
          <dep type="advmod">
            <governor idx="35">able</governor>
            <dependent idx="30">where</dependent>
          </dep>
          <dep type="det">
            <governor idx="32">engineer</governor>
            <dependent idx="31">an</dependent>
          </dep>
          <dep type="nsubj">
            <governor idx="35">able</governor>
            <dependent idx="32">engineer</dependent>
          </dep>
          <dep type="aux">
            <governor idx="35">able</governor>
            <dependent idx="33">must</dependent>
          </dep>
          <dep type="cop">
            <governor idx="35">able</governor>
            <dependent idx="34">be</dependent>
          </dep>
          <dep type="acl:relcl">
            <governor idx="29">situations</governor>
            <dependent idx="35">able</dependent>
          </dep>
          <dep type="mark">
            <governor idx="37">manage</governor>
            <dependent idx="36">to</dependent>
          </dep>
          <dep type="xcomp">
            <governor idx="35">able</governor>
            <dependent idx="37">manage</dependent>
          </dep>
          <dep type="dobj">
            <governor idx="37">manage</governor>
            <dependent idx="38">others</dependent>
          </dep>
          <dep type="punct">
            <governor idx="16">applied</governor>
            <dependent idx="39">.</dependent>
          </dep>
        </dependencies>
        <dependencies type="collapsed-dependencies">
          <dep type="root">
            <governor idx="0">ROOT</governor>
            <dependent idx="16">applied</dependent>
          </dep>
          <dep type="case">
            <governor idx="3">result</governor>
            <dependent idx="1">As</dependent>
          </dep>
          <dep type="det">
            <governor idx="3">result</governor>
            <dependent idx="2">a</dependent>
          </dep>
          <dep type="nmod:as">
            <governor idx="16">applied</governor>
            <dependent idx="3">result</dependent>
          </dep>
          <dep type="det">
            <governor idx="5">lesson</governor>
            <dependent idx="4">the</dependent>
          </dep>
          <dep type="nsubjpass">
            <governor idx="16">applied</governor>
            <dependent idx="5">lesson</dependent>
          </dep>
          <dep type="mark">
            <governor idx="8">learnt</governor>
            <dependent idx="6">that</dependent>
          </dep>
          <dep type="nsubj">
            <governor idx="8">learnt</governor>
            <dependent idx="7">I</dependent>
          </dep>
          <dep type="dep">
            <governor idx="5">lesson</governor>
            <dependent idx="8">learnt</dependent>
          </dep>
          <dep type="mark">
            <governor idx="11">accountable</governor>
            <dependent idx="9">about</dependent>
          </dep>
          <dep type="cop">
            <governor idx="11">accountable</governor>
            <dependent idx="10">being</dependent>
          </dep>
          <dep type="advcl">
            <governor idx="8">learnt</governor>
            <dependent idx="11">accountable</dependent>
          </dep>
          <dep type="case">
            <governor idx="13">actions</governor>
            <dependent idx="12">for</dependent>
          </dep>
          <dep type="nmod:for">
            <governor idx="11">accountable</governor>
            <dependent idx="13">actions</dependent>
          </dep>
          <dep type="aux">
            <governor idx="16">applied</governor>
            <dependent idx="14">can</dependent>
          </dep>
          <dep type="auxpass">
            <governor idx="16">applied</governor>
            <dependent idx="15">be</dependent>
          </dep>
          <dep type="conj:or">
            <governor idx="16">applied</governor>
            <dependent idx="16" copy="1">applied</dependent>
          </dep>
          <dep type="case">
            <governor idx="20">situation</governor>
            <dependent idx="17">to</dependent>
          </dep>
          <dep type="det">
            <governor idx="20">situation</governor>
            <dependent idx="18">any</dependent>
          </dep>
          <dep type="amod">
            <governor idx="20">situation</governor>
            <dependent idx="19">individual</dependent>
          </dep>
          <dep type="nmod:to">
            <governor idx="16">applied</governor>
            <dependent idx="20">situation</dependent>
          </dep>
          <dep type="advmod">
            <governor idx="25">required</governor>
            <dependent idx="21">where</dependent>
          </dep>
          <dep type="compound">
            <governor idx="23">making</governor>
            <dependent idx="22">decision</dependent>
          </dep>
          <dep type="nsubjpass">
            <governor idx="25">required</governor>
            <dependent idx="23">making</dependent>
          </dep>
          <dep type="auxpass">
            <governor idx="25">required</governor>
            <dependent idx="24">is</dependent>
          </dep>
          <dep type="acl:relcl">
            <governor idx="20">situation</governor>
            <dependent idx="25">required</dependent>
          </dep>
          <dep type="punct">
            <governor idx="20">situation</governor>
            <dependent idx="26">,</dependent>
          </dep>
          <dep type="cc">
            <governor idx="16">applied</governor>
            <dependent idx="27">or</dependent>
          </dep>
          <dep type="case">
            <governor idx="29">situations</governor>
            <dependent idx="28">to</dependent>
          </dep>
          <dep type="nmod:to">
            <governor idx="16" copy="1">applied</governor>
            <dependent idx="29">situations</dependent>
          </dep>
          <dep type="advmod">
            <governor idx="35">able</governor>
            <dependent idx="30">where</dependent>
          </dep>
          <dep type="det">
            <governor idx="32">engineer</governor>
            <dependent idx="31">an</dependent>
          </dep>
          <dep type="nsubj">
            <governor idx="35">able</governor>
            <dependent idx="32">engineer</dependent>
          </dep>
          <dep type="aux">
            <governor idx="35">able</governor>
            <dependent idx="33">must</dependent>
          </dep>
          <dep type="cop">
            <governor idx="35">able</governor>
            <dependent idx="34">be</dependent>
          </dep>
          <dep type="acl:relcl">
            <governor idx="29">situations</governor>
            <dependent idx="35">able</dependent>
          </dep>
          <dep type="mark">
            <governor idx="37">manage</governor>
            <dependent idx="36">to</dependent>
          </dep>
          <dep type="xcomp">
            <governor idx="35">able</governor>
            <dependent idx="37">manage</dependent>
          </dep>
          <dep type="dobj">
            <governor idx="37">manage</governor>
            <dependent idx="38">others</dependent>
          </dep>
          <dep type="punct">
            <governor idx="16">applied</governor>
            <dependent idx="39">.</dependent>
          </dep>
        </dependencies>
        <dependencies type="collapsed-ccprocessed-dependencies">
          <dep type="root">
            <governor idx="0">ROOT</governor>
            <dependent idx="16">applied</dependent>
          </dep>
          <dep type="case">
            <governor idx="3">result</governor>
            <dependent idx="1">As</dependent>
          </dep>
          <dep type="det">
            <governor idx="3">result</governor>
            <dependent idx="2">a</dependent>
          </dep>
          <dep type="nmod:as">
            <governor idx="16">applied</governor>
            <dependent idx="3">result</dependent>
          </dep>
          <dep type="det">
            <governor idx="5">lesson</governor>
            <dependent idx="4">the</dependent>
          </dep>
          <dep type="nsubjpass">
            <governor idx="16">applied</governor>
            <dependent idx="5">lesson</dependent>
          </dep>
          <dep type="nsubjpass" extra="true">
            <governor idx="16" copy="1">applied</governor>
            <dependent idx="5">lesson</dependent>
          </dep>
          <dep type="mark">
            <governor idx="8">learnt</governor>
            <dependent idx="6">that</dependent>
          </dep>
          <dep type="nsubj">
            <governor idx="8">learnt</governor>
            <dependent idx="7">I</dependent>
          </dep>
          <dep type="dep">
            <governor idx="5">lesson</governor>
            <dependent idx="8">learnt</dependent>
          </dep>
          <dep type="mark">
            <governor idx="11">accountable</governor>
            <dependent idx="9">about</dependent>
          </dep>
          <dep type="cop">
            <governor idx="11">accountable</governor>
            <dependent idx="10">being</dependent>
          </dep>
          <dep type="advcl">
            <governor idx="8">learnt</governor>
            <dependent idx="11">accountable</dependent>
          </dep>
          <dep type="case">
            <governor idx="13">actions</governor>
            <dependent idx="12">for</dependent>
          </dep>
          <dep type="nmod:for">
            <governor idx="11">accountable</governor>
            <dependent idx="13">actions</dependent>
          </dep>
          <dep type="aux">
            <governor idx="16">applied</governor>
            <dependent idx="14">can</dependent>
          </dep>
          <dep type="auxpass">
            <governor idx="16">applied</governor>
            <dependent idx="15">be</dependent>
          </dep>
          <dep type="conj:or">
            <governor idx="16">applied</governor>
            <dependent idx="16" copy="1">applied</dependent>
          </dep>
          <dep type="case">
            <governor idx="20">situation</governor>
            <dependent idx="17">to</dependent>
          </dep>
          <dep type="det">
            <governor idx="20">situation</governor>
            <dependent idx="18">any</dependent>
          </dep>
          <dep type="amod">
            <governor idx="20">situation</governor>
            <dependent idx="19">individual</dependent>
          </dep>
          <dep type="nmod:to">
            <governor idx="16">applied</governor>
            <dependent idx="20">situation</dependent>
          </dep>
          <dep type="advmod">
            <governor idx="25">required</governor>
            <dependent idx="21">where</dependent>
          </dep>
          <dep type="compound">
            <governor idx="23">making</governor>
            <dependent idx="22">decision</dependent>
          </dep>
          <dep type="nsubjpass">
            <governor idx="25">required</governor>
            <dependent idx="23">making</dependent>
          </dep>
          <dep type="auxpass">
            <governor idx="25">required</governor>
            <dependent idx="24">is</dependent>
          </dep>
          <dep type="acl:relcl">
            <governor idx="20">situation</governor>
            <dependent idx="25">required</dependent>
          </dep>
          <dep type="punct">
            <governor idx="20">situation</governor>
            <dependent idx="26">,</dependent>
          </dep>
          <dep type="cc">
            <governor idx="16">applied</governor>
            <dependent idx="27">or</dependent>
          </dep>
          <dep type="case">
            <governor idx="29">situations</governor>
            <dependent idx="28">to</dependent>
          </dep>
          <dep type="nmod:to">
            <governor idx="16" copy="1">applied</governor>
            <dependent idx="29">situations</dependent>
          </dep>
          <dep type="advmod">
            <governor idx="35">able</governor>
            <dependent idx="30">where</dependent>
          </dep>
          <dep type="det">
            <governor idx="32">engineer</governor>
            <dependent idx="31">an</dependent>
          </dep>
          <dep type="nsubj">
            <governor idx="35">able</governor>
            <dependent idx="32">engineer</dependent>
          </dep>
          <dep type="aux">
            <governor idx="35">able</governor>
            <dependent idx="33">must</dependent>
          </dep>
          <dep type="cop">
            <governor idx="35">able</governor>
            <dependent idx="34">be</dependent>
          </dep>
          <dep type="acl:relcl">
            <governor idx="29">situations</governor>
            <dependent idx="35">able</dependent>
          </dep>
          <dep type="mark">
            <governor idx="37">manage</governor>
            <dependent idx="36">to</dependent>
          </dep>
          <dep type="xcomp">
            <governor idx="35">able</governor>
            <dependent idx="37">manage</dependent>
          </dep>
          <dep type="dobj">
            <governor idx="37">manage</governor>
            <dependent idx="38">others</dependent>
          </dep>
          <dep type="punct">
            <governor idx="16">applied</governor>
            <dependent idx="39">.</dependent>
          </dep>
        </dependencies>
      </sentence>
      <sentence id="195">
        <tokens>
          <token id="1">
            <word>I</word>
            <lemma>I</lemma>
            <CharacterOffsetBegin>24621</CharacterOffsetBegin>
            <CharacterOffsetEnd>24622</CharacterOffsetEnd>
            <POS>PRP</POS>
            <NER>O</NER>
            <Speaker>PER0</Speaker>
          </token>
          <token id="2">
            <word>discussed</word>
            <lemma>discuss</lemma>
            <CharacterOffsetBegin>24623</CharacterOffsetBegin>
            <CharacterOffsetEnd>24632</CharacterOffsetEnd>
            <POS>VBD</POS>
            <NER>O</NER>
            <Speaker>PER0</Speaker>
          </token>
          <token id="3">
            <word>my</word>
            <lemma>my</lemma>
            <CharacterOffsetBegin>24633</CharacterOffsetBegin>
            <CharacterOffsetEnd>24635</CharacterOffsetEnd>
            <POS>PRP$</POS>
            <NER>O</NER>
            <Speaker>PER0</Speaker>
          </token>
          <token id="4">
            <word>concerns</word>
            <lemma>concern</lemma>
            <CharacterOffsetBegin>24636</CharacterOffsetBegin>
            <CharacterOffsetEnd>24644</CharacterOffsetEnd>
            <POS>NNS</POS>
            <NER>O</NER>
            <Speaker>PER0</Speaker>
          </token>
          <token id="5">
            <word>with</word>
            <lemma>with</lemma>
            <CharacterOffsetBegin>24645</CharacterOffsetBegin>
            <CharacterOffsetEnd>24649</CharacterOffsetEnd>
            <POS>IN</POS>
            <NER>O</NER>
            <Speaker>PER0</Speaker>
          </token>
          <token id="6">
            <word>my</word>
            <lemma>my</lemma>
            <CharacterOffsetBegin>24650</CharacterOffsetBegin>
            <CharacterOffsetEnd>24652</CharacterOffsetEnd>
            <POS>PRP$</POS>
            <NER>O</NER>
            <Speaker>PER0</Speaker>
          </token>
          <token id="7">
            <word>mentor</word>
            <lemma>mentor</lemma>
            <CharacterOffsetBegin>24653</CharacterOffsetBegin>
            <CharacterOffsetEnd>24659</CharacterOffsetEnd>
            <POS>NN</POS>
            <NER>O</NER>
            <Speaker>PER0</Speaker>
          </token>
          <token id="8">
            <word>after</word>
            <lemma>after</lemma>
            <CharacterOffsetBegin>24660</CharacterOffsetBegin>
            <CharacterOffsetEnd>24665</CharacterOffsetEnd>
            <POS>IN</POS>
            <NER>O</NER>
            <Speaker>PER0</Speaker>
          </token>
          <token id="9">
            <word>the</word>
            <lemma>the</lemma>
            <CharacterOffsetBegin>24666</CharacterOffsetBegin>
            <CharacterOffsetEnd>24669</CharacterOffsetEnd>
            <POS>DT</POS>
            <NER>O</NER>
            <Speaker>PER0</Speaker>
          </token>
          <token id="10">
            <word>event</word>
            <lemma>event</lemma>
            <CharacterOffsetBegin>24670</CharacterOffsetBegin>
            <CharacterOffsetEnd>24675</CharacterOffsetEnd>
            <POS>NN</POS>
            <NER>O</NER>
            <Speaker>PER0</Speaker>
          </token>
          <token id="11">
            <word>took</word>
            <lemma>take</lemma>
            <CharacterOffsetBegin>24676</CharacterOffsetBegin>
            <CharacterOffsetEnd>24680</CharacterOffsetEnd>
            <POS>VBD</POS>
            <NER>O</NER>
            <Speaker>PER0</Speaker>
          </token>
          <token id="12">
            <word>place</word>
            <lemma>place</lemma>
            <CharacterOffsetBegin>24681</CharacterOffsetBegin>
            <CharacterOffsetEnd>24686</CharacterOffsetEnd>
            <POS>NN</POS>
            <NER>O</NER>
            <Speaker>PER0</Speaker>
          </token>
          <token id="13">
            <word>and</word>
            <lemma>and</lemma>
            <CharacterOffsetBegin>24687</CharacterOffsetBegin>
            <CharacterOffsetEnd>24690</CharacterOffsetEnd>
            <POS>CC</POS>
            <NER>O</NER>
            <Speaker>PER0</Speaker>
          </token>
          <token id="14">
            <word>she</word>
            <lemma>she</lemma>
            <CharacterOffsetBegin>24691</CharacterOffsetBegin>
            <CharacterOffsetEnd>24694</CharacterOffsetEnd>
            <POS>PRP</POS>
            <NER>O</NER>
            <Speaker>PER0</Speaker>
          </token>
          <token id="15">
            <word>emphasised</word>
            <lemma>emphasise</lemma>
            <CharacterOffsetBegin>24695</CharacterOffsetBegin>
            <CharacterOffsetEnd>24705</CharacterOffsetEnd>
            <POS>VBD</POS>
            <NER>O</NER>
            <Speaker>PER0</Speaker>
          </token>
          <token id="16">
            <word>the</word>
            <lemma>the</lemma>
            <CharacterOffsetBegin>24706</CharacterOffsetBegin>
            <CharacterOffsetEnd>24709</CharacterOffsetEnd>
            <POS>DT</POS>
            <NER>O</NER>
            <Speaker>PER0</Speaker>
          </token>
          <token id="17">
            <word>importance</word>
            <lemma>importance</lemma>
            <CharacterOffsetBegin>24710</CharacterOffsetBegin>
            <CharacterOffsetEnd>24720</CharacterOffsetEnd>
            <POS>NN</POS>
            <NER>O</NER>
            <Speaker>PER0</Speaker>
          </token>
          <token id="18">
            <word>of</word>
            <lemma>of</lemma>
            <CharacterOffsetBegin>24721</CharacterOffsetBegin>
            <CharacterOffsetEnd>24723</CharacterOffsetEnd>
            <POS>IN</POS>
            <NER>O</NER>
            <Speaker>PER0</Speaker>
          </token>
          <token id="19">
            <word>collaboration</word>
            <lemma>collaboration</lemma>
            <CharacterOffsetBegin>24724</CharacterOffsetBegin>
            <CharacterOffsetEnd>24737</CharacterOffsetEnd>
            <POS>NN</POS>
            <NER>O</NER>
            <Speaker>PER0</Speaker>
          </token>
          <token id="20">
            <word>in</word>
            <lemma>in</lemma>
            <CharacterOffsetBegin>24738</CharacterOffsetBegin>
            <CharacterOffsetEnd>24740</CharacterOffsetEnd>
            <POS>IN</POS>
            <NER>O</NER>
            <Speaker>PER0</Speaker>
          </token>
          <token id="21">
            <word>a</word>
            <lemma>a</lemma>
            <CharacterOffsetBegin>24741</CharacterOffsetBegin>
            <CharacterOffsetEnd>24742</CharacterOffsetEnd>
            <POS>DT</POS>
            <NER>O</NER>
            <Speaker>PER0</Speaker>
          </token>
          <token id="22">
            <word>team</word>
            <lemma>team</lemma>
            <CharacterOffsetBegin>24743</CharacterOffsetBegin>
            <CharacterOffsetEnd>24747</CharacterOffsetEnd>
            <POS>NN</POS>
            <NER>O</NER>
            <Speaker>PER0</Speaker>
          </token>
          <token id="23">
            <word>before</word>
            <lemma>before</lemma>
            <CharacterOffsetBegin>24748</CharacterOffsetBegin>
            <CharacterOffsetEnd>24754</CharacterOffsetEnd>
            <POS>IN</POS>
            <NER>O</NER>
            <Speaker>PER0</Speaker>
          </token>
          <token id="24">
            <word>an</word>
            <lemma>a</lemma>
            <CharacterOffsetBegin>24755</CharacterOffsetBegin>
            <CharacterOffsetEnd>24757</CharacterOffsetEnd>
            <POS>DT</POS>
            <NER>O</NER>
            <Speaker>PER0</Speaker>
          </token>
          <token id="25">
            <word>individual</word>
            <lemma>individual</lemma>
            <CharacterOffsetBegin>24758</CharacterOffsetBegin>
            <CharacterOffsetEnd>24768</CharacterOffsetEnd>
            <POS>NN</POS>
            <NER>O</NER>
            <Speaker>PER0</Speaker>
          </token>
          <token id="26">
            <word>should</word>
            <lemma>should</lemma>
            <CharacterOffsetBegin>24769</CharacterOffsetBegin>
            <CharacterOffsetEnd>24775</CharacterOffsetEnd>
            <POS>MD</POS>
            <NER>O</NER>
            <Speaker>PER0</Speaker>
          </token>
          <token id="27">
            <word>be</word>
            <lemma>be</lemma>
            <CharacterOffsetBegin>24776</CharacterOffsetBegin>
            <CharacterOffsetEnd>24778</CharacterOffsetEnd>
            <POS>VB</POS>
            <NER>O</NER>
            <Speaker>PER0</Speaker>
          </token>
          <token id="28">
            <word>expected</word>
            <lemma>expect</lemma>
            <CharacterOffsetBegin>24779</CharacterOffsetBegin>
            <CharacterOffsetEnd>24787</CharacterOffsetEnd>
            <POS>VBN</POS>
            <NER>O</NER>
            <Speaker>PER0</Speaker>
          </token>
          <token id="29">
            <word>to</word>
            <lemma>to</lemma>
            <CharacterOffsetBegin>24788</CharacterOffsetBegin>
            <CharacterOffsetEnd>24790</CharacterOffsetEnd>
            <POS>TO</POS>
            <NER>O</NER>
            <Speaker>PER0</Speaker>
          </token>
          <token id="30">
            <word>hold</word>
            <lemma>hold</lemma>
            <CharacterOffsetBegin>24791</CharacterOffsetBegin>
            <CharacterOffsetEnd>24795</CharacterOffsetEnd>
            <POS>VB</POS>
            <NER>O</NER>
            <Speaker>PER0</Speaker>
          </token>
          <token id="31">
            <word>responsibility</word>
            <lemma>responsibility</lemma>
            <CharacterOffsetBegin>24796</CharacterOffsetBegin>
            <CharacterOffsetEnd>24810</CharacterOffsetEnd>
            <POS>NN</POS>
            <NER>O</NER>
            <Speaker>PER0</Speaker>
          </token>
          <token id="32">
            <word>.</word>
            <lemma>.</lemma>
            <CharacterOffsetBegin>24810</CharacterOffsetBegin>
            <CharacterOffsetEnd>24811</CharacterOffsetEnd>
            <POS>.</POS>
            <NER>O</NER>
            <Speaker>PER0</Speaker>
          </token>
        </tokens>
        <parse>(ROOT (S (S (NP (PRP I)) (VP (VBD discussed) (NP (PRP$ my) (NNS concerns)) (PP (IN with) (NP (PRP$ my) (NN mentor))) (SBAR (IN after) (S (NP (DT the) (NN event)) (VP (VBD took) (NP (NN place))))))) (CC and) (S (NP (PRP she)) (VP (VBD emphasised) (NP (NP (DT the) (NN importance)) (PP (IN of) (NP (NN collaboration)))) (PP (IN in) (NP (DT a) (NN team))) (SBAR (IN before) (S (NP (DT an) (NN individual)) (VP (MD should) (VP (VB be) (VP (VBN expected) (S (VP (TO to) (VP (VB hold) (NP (NN responsibility)))))))))))) (. .))) </parse>
        <dependencies type="basic-dependencies">
          <dep type="root">
            <governor idx="0">ROOT</governor>
            <dependent idx="2">discussed</dependent>
          </dep>
          <dep type="nsubj">
            <governor idx="2">discussed</governor>
            <dependent idx="1">I</dependent>
          </dep>
          <dep type="nmod:poss">
            <governor idx="4">concerns</governor>
            <dependent idx="3">my</dependent>
          </dep>
          <dep type="dobj">
            <governor idx="2">discussed</governor>
            <dependent idx="4">concerns</dependent>
          </dep>
          <dep type="case">
            <governor idx="7">mentor</governor>
            <dependent idx="5">with</dependent>
          </dep>
          <dep type="nmod:poss">
            <governor idx="7">mentor</governor>
            <dependent idx="6">my</dependent>
          </dep>
          <dep type="nmod">
            <governor idx="2">discussed</governor>
            <dependent idx="7">mentor</dependent>
          </dep>
          <dep type="mark">
            <governor idx="11">took</governor>
            <dependent idx="8">after</dependent>
          </dep>
          <dep type="det">
            <governor idx="10">event</governor>
            <dependent idx="9">the</dependent>
          </dep>
          <dep type="nsubj">
            <governor idx="11">took</governor>
            <dependent idx="10">event</dependent>
          </dep>
          <dep type="advcl">
            <governor idx="2">discussed</governor>
            <dependent idx="11">took</dependent>
          </dep>
          <dep type="dobj">
            <governor idx="11">took</governor>
            <dependent idx="12">place</dependent>
          </dep>
          <dep type="cc">
            <governor idx="2">discussed</governor>
            <dependent idx="13">and</dependent>
          </dep>
          <dep type="nsubj">
            <governor idx="15">emphasised</governor>
            <dependent idx="14">she</dependent>
          </dep>
          <dep type="conj">
            <governor idx="2">discussed</governor>
            <dependent idx="15">emphasised</dependent>
          </dep>
          <dep type="det">
            <governor idx="17">importance</governor>
            <dependent idx="16">the</dependent>
          </dep>
          <dep type="dobj">
            <governor idx="15">emphasised</governor>
            <dependent idx="17">importance</dependent>
          </dep>
          <dep type="case">
            <governor idx="19">collaboration</governor>
            <dependent idx="18">of</dependent>
          </dep>
          <dep type="nmod">
            <governor idx="17">importance</governor>
            <dependent idx="19">collaboration</dependent>
          </dep>
          <dep type="case">
            <governor idx="22">team</governor>
            <dependent idx="20">in</dependent>
          </dep>
          <dep type="det">
            <governor idx="22">team</governor>
            <dependent idx="21">a</dependent>
          </dep>
          <dep type="nmod">
            <governor idx="15">emphasised</governor>
            <dependent idx="22">team</dependent>
          </dep>
          <dep type="mark">
            <governor idx="28">expected</governor>
            <dependent idx="23">before</dependent>
          </dep>
          <dep type="det">
            <governor idx="25">individual</governor>
            <dependent idx="24">an</dependent>
          </dep>
          <dep type="nsubjpass">
            <governor idx="28">expected</governor>
            <dependent idx="25">individual</dependent>
          </dep>
          <dep type="aux">
            <governor idx="28">expected</governor>
            <dependent idx="26">should</dependent>
          </dep>
          <dep type="auxpass">
            <governor idx="28">expected</governor>
            <dependent idx="27">be</dependent>
          </dep>
          <dep type="advcl">
            <governor idx="15">emphasised</governor>
            <dependent idx="28">expected</dependent>
          </dep>
          <dep type="mark">
            <governor idx="30">hold</governor>
            <dependent idx="29">to</dependent>
          </dep>
          <dep type="xcomp">
            <governor idx="28">expected</governor>
            <dependent idx="30">hold</dependent>
          </dep>
          <dep type="dobj">
            <governor idx="30">hold</governor>
            <dependent idx="31">responsibility</dependent>
          </dep>
          <dep type="punct">
            <governor idx="2">discussed</governor>
            <dependent idx="32">.</dependent>
          </dep>
        </dependencies>
        <dependencies type="collapsed-dependencies">
          <dep type="root">
            <governor idx="0">ROOT</governor>
            <dependent idx="2">discussed</dependent>
          </dep>
          <dep type="nsubj">
            <governor idx="2">discussed</governor>
            <dependent idx="1">I</dependent>
          </dep>
          <dep type="nmod:poss">
            <governor idx="4">concerns</governor>
            <dependent idx="3">my</dependent>
          </dep>
          <dep type="dobj">
            <governor idx="2">discussed</governor>
            <dependent idx="4">concerns</dependent>
          </dep>
          <dep type="case">
            <governor idx="7">mentor</governor>
            <dependent idx="5">with</dependent>
          </dep>
          <dep type="nmod:poss">
            <governor idx="7">mentor</governor>
            <dependent idx="6">my</dependent>
          </dep>
          <dep type="nmod:with">
            <governor idx="2">discussed</governor>
            <dependent idx="7">mentor</dependent>
          </dep>
          <dep type="mark">
            <governor idx="11">took</governor>
            <dependent idx="8">after</dependent>
          </dep>
          <dep type="det">
            <governor idx="10">event</governor>
            <dependent idx="9">the</dependent>
          </dep>
          <dep type="nsubj">
            <governor idx="11">took</governor>
            <dependent idx="10">event</dependent>
          </dep>
          <dep type="advcl">
            <governor idx="2">discussed</governor>
            <dependent idx="11">took</dependent>
          </dep>
          <dep type="dobj">
            <governor idx="11">took</governor>
            <dependent idx="12">place</dependent>
          </dep>
          <dep type="cc">
            <governor idx="2">discussed</governor>
            <dependent idx="13">and</dependent>
          </dep>
          <dep type="nsubj">
            <governor idx="15">emphasised</governor>
            <dependent idx="14">she</dependent>
          </dep>
          <dep type="conj:and">
            <governor idx="2">discussed</governor>
            <dependent idx="15">emphasised</dependent>
          </dep>
          <dep type="det">
            <governor idx="17">importance</governor>
            <dependent idx="16">the</dependent>
          </dep>
          <dep type="dobj">
            <governor idx="15">emphasised</governor>
            <dependent idx="17">importance</dependent>
          </dep>
          <dep type="case">
            <governor idx="19">collaboration</governor>
            <dependent idx="18">of</dependent>
          </dep>
          <dep type="nmod:of">
            <governor idx="17">importance</governor>
            <dependent idx="19">collaboration</dependent>
          </dep>
          <dep type="case">
            <governor idx="22">team</governor>
            <dependent idx="20">in</dependent>
          </dep>
          <dep type="det">
            <governor idx="22">team</governor>
            <dependent idx="21">a</dependent>
          </dep>
          <dep type="nmod:in">
            <governor idx="15">emphasised</governor>
            <dependent idx="22">team</dependent>
          </dep>
          <dep type="mark">
            <governor idx="28">expected</governor>
            <dependent idx="23">before</dependent>
          </dep>
          <dep type="det">
            <governor idx="25">individual</governor>
            <dependent idx="24">an</dependent>
          </dep>
          <dep type="nsubjpass">
            <governor idx="28">expected</governor>
            <dependent idx="25">individual</dependent>
          </dep>
          <dep type="aux">
            <governor idx="28">expected</governor>
            <dependent idx="26">should</dependent>
          </dep>
          <dep type="auxpass">
            <governor idx="28">expected</governor>
            <dependent idx="27">be</dependent>
          </dep>
          <dep type="advcl">
            <governor idx="15">emphasised</governor>
            <dependent idx="28">expected</dependent>
          </dep>
          <dep type="mark">
            <governor idx="30">hold</governor>
            <dependent idx="29">to</dependent>
          </dep>
          <dep type="xcomp">
            <governor idx="28">expected</governor>
            <dependent idx="30">hold</dependent>
          </dep>
          <dep type="dobj">
            <governor idx="30">hold</governor>
            <dependent idx="31">responsibility</dependent>
          </dep>
          <dep type="punct">
            <governor idx="2">discussed</governor>
            <dependent idx="32">.</dependent>
          </dep>
        </dependencies>
        <dependencies type="collapsed-ccprocessed-dependencies">
          <dep type="root">
            <governor idx="0">ROOT</governor>
            <dependent idx="2">discussed</dependent>
          </dep>
          <dep type="nsubj">
            <governor idx="2">discussed</governor>
            <dependent idx="1">I</dependent>
          </dep>
          <dep type="nmod:poss">
            <governor idx="4">concerns</governor>
            <dependent idx="3">my</dependent>
          </dep>
          <dep type="dobj">
            <governor idx="2">discussed</governor>
            <dependent idx="4">concerns</dependent>
          </dep>
          <dep type="case">
            <governor idx="7">mentor</governor>
            <dependent idx="5">with</dependent>
          </dep>
          <dep type="nmod:poss">
            <governor idx="7">mentor</governor>
            <dependent idx="6">my</dependent>
          </dep>
          <dep type="nmod:with">
            <governor idx="2">discussed</governor>
            <dependent idx="7">mentor</dependent>
          </dep>
          <dep type="mark">
            <governor idx="11">took</governor>
            <dependent idx="8">after</dependent>
          </dep>
          <dep type="det">
            <governor idx="10">event</governor>
            <dependent idx="9">the</dependent>
          </dep>
          <dep type="nsubj">
            <governor idx="11">took</governor>
            <dependent idx="10">event</dependent>
          </dep>
          <dep type="advcl">
            <governor idx="2">discussed</governor>
            <dependent idx="11">took</dependent>
          </dep>
          <dep type="dobj">
            <governor idx="11">took</governor>
            <dependent idx="12">place</dependent>
          </dep>
          <dep type="cc">
            <governor idx="2">discussed</governor>
            <dependent idx="13">and</dependent>
          </dep>
          <dep type="nsubj">
            <governor idx="15">emphasised</governor>
            <dependent idx="14">she</dependent>
          </dep>
          <dep type="conj:and">
            <governor idx="2">discussed</governor>
            <dependent idx="15">emphasised</dependent>
          </dep>
          <dep type="det">
            <governor idx="17">importance</governor>
            <dependent idx="16">the</dependent>
          </dep>
          <dep type="dobj">
            <governor idx="15">emphasised</governor>
            <dependent idx="17">importance</dependent>
          </dep>
          <dep type="case">
            <governor idx="19">collaboration</governor>
            <dependent idx="18">of</dependent>
          </dep>
          <dep type="nmod:of">
            <governor idx="17">importance</governor>
            <dependent idx="19">collaboration</dependent>
          </dep>
          <dep type="case">
            <governor idx="22">team</governor>
            <dependent idx="20">in</dependent>
          </dep>
          <dep type="det">
            <governor idx="22">team</governor>
            <dependent idx="21">a</dependent>
          </dep>
          <dep type="nmod:in">
            <governor idx="15">emphasised</governor>
            <dependent idx="22">team</dependent>
          </dep>
          <dep type="mark">
            <governor idx="28">expected</governor>
            <dependent idx="23">before</dependent>
          </dep>
          <dep type="det">
            <governor idx="25">individual</governor>
            <dependent idx="24">an</dependent>
          </dep>
          <dep type="nsubjpass">
            <governor idx="28">expected</governor>
            <dependent idx="25">individual</dependent>
          </dep>
          <dep type="aux">
            <governor idx="28">expected</governor>
            <dependent idx="26">should</dependent>
          </dep>
          <dep type="auxpass">
            <governor idx="28">expected</governor>
            <dependent idx="27">be</dependent>
          </dep>
          <dep type="advcl">
            <governor idx="15">emphasised</governor>
            <dependent idx="28">expected</dependent>
          </dep>
          <dep type="mark">
            <governor idx="30">hold</governor>
            <dependent idx="29">to</dependent>
          </dep>
          <dep type="xcomp">
            <governor idx="28">expected</governor>
            <dependent idx="30">hold</dependent>
          </dep>
          <dep type="dobj">
            <governor idx="30">hold</governor>
            <dependent idx="31">responsibility</dependent>
          </dep>
          <dep type="punct">
            <governor idx="2">discussed</governor>
            <dependent idx="32">.</dependent>
          </dep>
        </dependencies>
      </sentence>
      <sentence id="196">
        <tokens>
          <token id="1">
            <word>My</word>
            <lemma>my</lemma>
            <CharacterOffsetBegin>24812</CharacterOffsetBegin>
            <CharacterOffsetEnd>24814</CharacterOffsetEnd>
            <POS>PRP$</POS>
            <NER>O</NER>
            <Speaker>PER0</Speaker>
          </token>
          <token id="2">
            <word>mentor</word>
            <lemma>mentor</lemma>
            <CharacterOffsetBegin>24815</CharacterOffsetBegin>
            <CharacterOffsetEnd>24821</CharacterOffsetEnd>
            <POS>NN</POS>
            <NER>O</NER>
            <Speaker>PER0</Speaker>
          </token>
          <token id="3">
            <word>was</word>
            <lemma>be</lemma>
            <CharacterOffsetBegin>24822</CharacterOffsetBegin>
            <CharacterOffsetEnd>24825</CharacterOffsetEnd>
            <POS>VBD</POS>
            <NER>O</NER>
            <Speaker>PER0</Speaker>
          </token>
          <token id="4">
            <word>able</word>
            <lemma>able</lemma>
            <CharacterOffsetBegin>24826</CharacterOffsetBegin>
            <CharacterOffsetEnd>24830</CharacterOffsetEnd>
            <POS>JJ</POS>
            <NER>O</NER>
            <Speaker>PER0</Speaker>
          </token>
          <token id="5">
            <word>to</word>
            <lemma>to</lemma>
            <CharacterOffsetBegin>24831</CharacterOffsetBegin>
            <CharacterOffsetEnd>24833</CharacterOffsetEnd>
            <POS>TO</POS>
            <NER>O</NER>
            <Speaker>PER0</Speaker>
          </token>
          <token id="6">
            <word>redirect</word>
            <lemma>redirect</lemma>
            <CharacterOffsetBegin>24834</CharacterOffsetBegin>
            <CharacterOffsetEnd>24842</CharacterOffsetEnd>
            <POS>VB</POS>
            <NER>O</NER>
            <Speaker>PER0</Speaker>
          </token>
          <token id="7">
            <word>my</word>
            <lemma>my</lemma>
            <CharacterOffsetBegin>24843</CharacterOffsetBegin>
            <CharacterOffsetEnd>24845</CharacterOffsetEnd>
            <POS>PRP$</POS>
            <NER>O</NER>
            <Speaker>PER0</Speaker>
          </token>
          <token id="8">
            <word>thinking</word>
            <lemma>thinking</lemma>
            <CharacterOffsetBegin>24846</CharacterOffsetBegin>
            <CharacterOffsetEnd>24854</CharacterOffsetEnd>
            <POS>NN</POS>
            <NER>O</NER>
            <Speaker>PER0</Speaker>
          </token>
          <token id="9">
            <word>and</word>
            <lemma>and</lemma>
            <CharacterOffsetBegin>24855</CharacterOffsetBegin>
            <CharacterOffsetEnd>24858</CharacterOffsetEnd>
            <POS>CC</POS>
            <NER>O</NER>
            <Speaker>PER0</Speaker>
          </token>
          <token id="10">
            <word>stated</word>
            <lemma>state</lemma>
            <CharacterOffsetBegin>24859</CharacterOffsetBegin>
            <CharacterOffsetEnd>24865</CharacterOffsetEnd>
            <POS>VBD</POS>
            <NER>O</NER>
            <Speaker>PER0</Speaker>
          </token>
          <token id="11">
            <word>that</word>
            <lemma>that</lemma>
            <CharacterOffsetBegin>24866</CharacterOffsetBegin>
            <CharacterOffsetEnd>24870</CharacterOffsetEnd>
            <POS>IN</POS>
            <NER>O</NER>
            <Speaker>PER0</Speaker>
          </token>
          <token id="12">
            <word>the</word>
            <lemma>the</lemma>
            <CharacterOffsetBegin>24871</CharacterOffsetBegin>
            <CharacterOffsetEnd>24874</CharacterOffsetEnd>
            <POS>DT</POS>
            <NER>O</NER>
            <Speaker>PER0</Speaker>
          </token>
          <token id="13">
            <word>reason</word>
            <lemma>reason</lemma>
            <CharacterOffsetBegin>24875</CharacterOffsetBegin>
            <CharacterOffsetEnd>24881</CharacterOffsetEnd>
            <POS>NN</POS>
            <NER>O</NER>
            <Speaker>PER0</Speaker>
          </token>
          <token id="14">
            <word>I</word>
            <lemma>I</lemma>
            <CharacterOffsetBegin>24882</CharacterOffsetBegin>
            <CharacterOffsetEnd>24883</CharacterOffsetEnd>
            <POS>PRP</POS>
            <NER>O</NER>
            <Speaker>PER0</Speaker>
          </token>
          <token id="15">
            <word>was</word>
            <lemma>be</lemma>
            <CharacterOffsetBegin>24884</CharacterOffsetBegin>
            <CharacterOffsetEnd>24887</CharacterOffsetEnd>
            <POS>VBD</POS>
            <NER>O</NER>
            <Speaker>PER0</Speaker>
          </token>
          <token id="16">
            <word>unable</word>
            <lemma>unable</lemma>
            <CharacterOffsetBegin>24888</CharacterOffsetBegin>
            <CharacterOffsetEnd>24894</CharacterOffsetEnd>
            <POS>JJ</POS>
            <NER>O</NER>
            <Speaker>PER0</Speaker>
          </token>
          <token id="17">
            <word>to</word>
            <lemma>to</lemma>
            <CharacterOffsetBegin>24895</CharacterOffsetBegin>
            <CharacterOffsetEnd>24897</CharacterOffsetEnd>
            <POS>TO</POS>
            <NER>O</NER>
            <Speaker>PER0</Speaker>
          </token>
          <token id="18">
            <word>handle</word>
            <lemma>handle</lemma>
            <CharacterOffsetBegin>24898</CharacterOffsetBegin>
            <CharacterOffsetEnd>24904</CharacterOffsetEnd>
            <POS>VB</POS>
            <NER>O</NER>
            <Speaker>PER0</Speaker>
          </token>
          <token id="19">
            <word>my</word>
            <lemma>my</lemma>
            <CharacterOffsetBegin>24905</CharacterOffsetBegin>
            <CharacterOffsetEnd>24907</CharacterOffsetEnd>
            <POS>PRP$</POS>
            <NER>O</NER>
            <Speaker>PER0</Speaker>
          </token>
          <token id="20">
            <word>responsibility</word>
            <lemma>responsibility</lemma>
            <CharacterOffsetBegin>24908</CharacterOffsetBegin>
            <CharacterOffsetEnd>24922</CharacterOffsetEnd>
            <POS>NN</POS>
            <NER>O</NER>
            <Speaker>PER0</Speaker>
          </token>
          <token id="21">
            <word>in</word>
            <lemma>in</lemma>
            <CharacterOffsetBegin>24923</CharacterOffsetBegin>
            <CharacterOffsetEnd>24925</CharacterOffsetEnd>
            <POS>IN</POS>
            <NER>O</NER>
            <Speaker>PER0</Speaker>
          </token>
          <token id="22">
            <word>my</word>
            <lemma>my</lemma>
            <CharacterOffsetBegin>24926</CharacterOffsetBegin>
            <CharacterOffsetEnd>24928</CharacterOffsetEnd>
            <POS>PRP$</POS>
            <NER>O</NER>
            <Speaker>PER0</Speaker>
          </token>
          <token id="23">
            <word>role</word>
            <lemma>role</lemma>
            <CharacterOffsetBegin>24929</CharacterOffsetBegin>
            <CharacterOffsetEnd>24933</CharacterOffsetEnd>
            <POS>NN</POS>
            <NER>O</NER>
            <Speaker>PER0</Speaker>
          </token>
          <token id="24">
            <word>was</word>
            <lemma>be</lemma>
            <CharacterOffsetBegin>24934</CharacterOffsetBegin>
            <CharacterOffsetEnd>24937</CharacterOffsetEnd>
            <POS>VBD</POS>
            <NER>O</NER>
            <Speaker>PER0</Speaker>
          </token>
          <token id="25">
            <word>because</word>
            <lemma>because</lemma>
            <CharacterOffsetBegin>24938</CharacterOffsetBegin>
            <CharacterOffsetEnd>24945</CharacterOffsetEnd>
            <POS>IN</POS>
            <NER>O</NER>
            <Speaker>PER0</Speaker>
          </token>
          <token id="26">
            <word>I</word>
            <lemma>I</lemma>
            <CharacterOffsetBegin>24946</CharacterOffsetBegin>
            <CharacterOffsetEnd>24947</CharacterOffsetEnd>
            <POS>PRP</POS>
            <NER>O</NER>
            <Speaker>PER0</Speaker>
          </token>
          <token id="27">
            <word>had</word>
            <lemma>have</lemma>
            <CharacterOffsetBegin>24948</CharacterOffsetBegin>
            <CharacterOffsetEnd>24951</CharacterOffsetEnd>
            <POS>VBD</POS>
            <NER>O</NER>
            <Speaker>PER0</Speaker>
          </token>
          <token id="28">
            <word>not</word>
            <lemma>not</lemma>
            <CharacterOffsetBegin>24952</CharacterOffsetBegin>
            <CharacterOffsetEnd>24955</CharacterOffsetEnd>
            <POS>RB</POS>
            <NER>O</NER>
            <Speaker>PER0</Speaker>
          </token>
          <token id="29">
            <word>previously</word>
            <lemma>previously</lemma>
            <CharacterOffsetBegin>24956</CharacterOffsetBegin>
            <CharacterOffsetEnd>24966</CharacterOffsetEnd>
            <POS>RB</POS>
            <NER>DATE</NER>
            <NormalizedNER>PAST_REF</NormalizedNER>
            <Speaker>PER0</Speaker>
            <Timex tid="t36" type="DATE">PAST_REF</Timex>
          </token>
          <token id="30">
            <word>taken</word>
            <lemma>take</lemma>
            <CharacterOffsetBegin>24967</CharacterOffsetBegin>
            <CharacterOffsetEnd>24972</CharacterOffsetEnd>
            <POS>VBN</POS>
            <NER>O</NER>
            <Speaker>PER0</Speaker>
          </token>
          <token id="31">
            <word>advantage</word>
            <lemma>advantage</lemma>
            <CharacterOffsetBegin>24973</CharacterOffsetBegin>
            <CharacterOffsetEnd>24982</CharacterOffsetEnd>
            <POS>NN</POS>
            <NER>O</NER>
            <Speaker>PER0</Speaker>
          </token>
          <token id="32">
            <word>of</word>
            <lemma>of</lemma>
            <CharacterOffsetBegin>24983</CharacterOffsetBegin>
            <CharacterOffsetEnd>24985</CharacterOffsetEnd>
            <POS>IN</POS>
            <NER>O</NER>
            <Speaker>PER0</Speaker>
          </token>
          <token id="33">
            <word>the</word>
            <lemma>the</lemma>
            <CharacterOffsetBegin>24986</CharacterOffsetBegin>
            <CharacterOffsetEnd>24989</CharacterOffsetEnd>
            <POS>DT</POS>
            <NER>O</NER>
            <Speaker>PER0</Speaker>
          </token>
          <token id="34">
            <word>team</word>
            <lemma>team</lemma>
            <CharacterOffsetBegin>24990</CharacterOffsetBegin>
            <CharacterOffsetEnd>24994</CharacterOffsetEnd>
            <POS>NN</POS>
            <NER>O</NER>
            <Speaker>PER0</Speaker>
          </token>
          <token id="35">
            <word>and</word>
            <lemma>and</lemma>
            <CharacterOffsetBegin>24995</CharacterOffsetBegin>
            <CharacterOffsetEnd>24998</CharacterOffsetEnd>
            <POS>CC</POS>
            <NER>O</NER>
            <Speaker>PER0</Speaker>
          </token>
          <token id="36">
            <word>learnt</word>
            <lemma>learn</lemma>
            <CharacterOffsetBegin>24999</CharacterOffsetBegin>
            <CharacterOffsetEnd>25005</CharacterOffsetEnd>
            <POS>VBD</POS>
            <NER>O</NER>
            <Speaker>PER0</Speaker>
          </token>
          <token id="37">
            <word>how</word>
            <lemma>how</lemma>
            <CharacterOffsetBegin>25006</CharacterOffsetBegin>
            <CharacterOffsetEnd>25009</CharacterOffsetEnd>
            <POS>WRB</POS>
            <NER>O</NER>
            <Speaker>PER0</Speaker>
          </token>
          <token id="38">
            <word>they</word>
            <lemma>they</lemma>
            <CharacterOffsetBegin>25010</CharacterOffsetBegin>
            <CharacterOffsetEnd>25014</CharacterOffsetEnd>
            <POS>PRP</POS>
            <NER>O</NER>
            <Speaker>PER0</Speaker>
          </token>
          <token id="39">
            <word>dealt</word>
            <lemma>deal</lemma>
            <CharacterOffsetBegin>25015</CharacterOffsetBegin>
            <CharacterOffsetEnd>25020</CharacterOffsetEnd>
            <POS>VBD</POS>
            <NER>O</NER>
            <Speaker>PER0</Speaker>
          </token>
          <token id="40">
            <word>with</word>
            <lemma>with</lemma>
            <CharacterOffsetBegin>25021</CharacterOffsetBegin>
            <CharacterOffsetEnd>25025</CharacterOffsetEnd>
            <POS>IN</POS>
            <NER>O</NER>
            <Speaker>PER0</Speaker>
          </token>
          <token id="41">
            <word>the</word>
            <lemma>the</lemma>
            <CharacterOffsetBegin>25026</CharacterOffsetBegin>
            <CharacterOffsetEnd>25029</CharacterOffsetEnd>
            <POS>DT</POS>
            <NER>O</NER>
            <Speaker>PER0</Speaker>
          </token>
          <token id="42">
            <word>tasks</word>
            <lemma>task</lemma>
            <CharacterOffsetBegin>25030</CharacterOffsetBegin>
            <CharacterOffsetEnd>25035</CharacterOffsetEnd>
            <POS>NNS</POS>
            <NER>O</NER>
            <Speaker>PER0</Speaker>
          </token>
          <token id="43">
            <word>I</word>
            <lemma>I</lemma>
            <CharacterOffsetBegin>25036</CharacterOffsetBegin>
            <CharacterOffsetEnd>25037</CharacterOffsetEnd>
            <POS>PRP</POS>
            <NER>O</NER>
            <Speaker>PER0</Speaker>
          </token>
          <token id="44">
            <word>had</word>
            <lemma>have</lemma>
            <CharacterOffsetBegin>25038</CharacterOffsetBegin>
            <CharacterOffsetEnd>25041</CharacterOffsetEnd>
            <POS>VBD</POS>
            <NER>O</NER>
            <Speaker>PER0</Speaker>
          </token>
          <token id="45">
            <word>been</word>
            <lemma>be</lemma>
            <CharacterOffsetBegin>25042</CharacterOffsetBegin>
            <CharacterOffsetEnd>25046</CharacterOffsetEnd>
            <POS>VBN</POS>
            <NER>O</NER>
            <Speaker>PER0</Speaker>
          </token>
          <token id="46">
            <word>given</word>
            <lemma>give</lemma>
            <CharacterOffsetBegin>25047</CharacterOffsetBegin>
            <CharacterOffsetEnd>25052</CharacterOffsetEnd>
            <POS>VBN</POS>
            <NER>O</NER>
            <Speaker>PER0</Speaker>
          </token>
          <token id="47">
            <word>.</word>
            <lemma>.</lemma>
            <CharacterOffsetBegin>25052</CharacterOffsetBegin>
            <CharacterOffsetEnd>25053</CharacterOffsetEnd>
            <POS>.</POS>
            <NER>O</NER>
            <Speaker>PER0</Speaker>
          </token>
        </tokens>
        <parse>(ROOT (S (NP (PRP$ My) (NN mentor)) (VP (VP (VBD was) (ADJP (JJ able) (S (VP (TO to) (VP (VB redirect) (NP (PRP$ my) (NN thinking))))))) (CC and) (VP (VBD stated) (SBAR (IN that) (S (NP (NP (DT the) (NN reason)) (SBAR (S (NP (PRP I)) (VP (VBD was) (ADJP (JJ unable) (S (VP (TO to) (VP (VB handle) (NP (PRP$ my) (NN responsibility)) (PP (IN in) (NP (PRP$ my) (NN role))))))))))) (VP (VBD was) (SBAR (IN because) (S (NP (PRP I)) (VP (VP (VBD had) (RB not) (ADVP (RB previously)) (VP (VBN taken) (NP (NP (NN advantage)) (PP (IN of) (NP (DT the) (NN team)))))) (CC and) (VP (VBD learnt) (SBAR (WHADVP (WRB how)) (S (NP (PRP they)) (VP (VBD dealt) (PP (IN with) (NP (DT the) (NNS tasks))) (SBAR (S (NP (PRP I)) (VP (VBD had) (VP (VBN been) (VP (VBN given)))))))))))))))))) (. .))) </parse>
        <dependencies type="basic-dependencies">
          <dep type="root">
            <governor idx="0">ROOT</governor>
            <dependent idx="4">able</dependent>
          </dep>
          <dep type="nmod:poss">
            <governor idx="2">mentor</governor>
            <dependent idx="1">My</dependent>
          </dep>
          <dep type="nsubj">
            <governor idx="4">able</governor>
            <dependent idx="2">mentor</dependent>
          </dep>
          <dep type="cop">
            <governor idx="4">able</governor>
            <dependent idx="3">was</dependent>
          </dep>
          <dep type="mark">
            <governor idx="6">redirect</governor>
            <dependent idx="5">to</dependent>
          </dep>
          <dep type="xcomp">
            <governor idx="4">able</governor>
            <dependent idx="6">redirect</dependent>
          </dep>
          <dep type="nmod:poss">
            <governor idx="8">thinking</governor>
            <dependent idx="7">my</dependent>
          </dep>
          <dep type="dobj">
            <governor idx="6">redirect</governor>
            <dependent idx="8">thinking</dependent>
          </dep>
          <dep type="cc">
            <governor idx="4">able</governor>
            <dependent idx="9">and</dependent>
          </dep>
          <dep type="conj">
            <governor idx="4">able</governor>
            <dependent idx="10">stated</dependent>
          </dep>
          <dep type="mark">
            <governor idx="24">was</governor>
            <dependent idx="11">that</dependent>
          </dep>
          <dep type="det">
            <governor idx="13">reason</governor>
            <dependent idx="12">the</dependent>
          </dep>
          <dep type="nsubj">
            <governor idx="24">was</governor>
            <dependent idx="13">reason</dependent>
          </dep>
          <dep type="nsubj">
            <governor idx="16">unable</governor>
            <dependent idx="14">I</dependent>
          </dep>
          <dep type="cop">
            <governor idx="16">unable</governor>
            <dependent idx="15">was</dependent>
          </dep>
          <dep type="acl:relcl">
            <governor idx="13">reason</governor>
            <dependent idx="16">unable</dependent>
          </dep>
          <dep type="mark">
            <governor idx="18">handle</governor>
            <dependent idx="17">to</dependent>
          </dep>
          <dep type="xcomp">
            <governor idx="16">unable</governor>
            <dependent idx="18">handle</dependent>
          </dep>
          <dep type="nmod:poss">
            <governor idx="20">responsibility</governor>
            <dependent idx="19">my</dependent>
          </dep>
          <dep type="dobj">
            <governor idx="18">handle</governor>
            <dependent idx="20">responsibility</dependent>
          </dep>
          <dep type="case">
            <governor idx="23">role</governor>
            <dependent idx="21">in</dependent>
          </dep>
          <dep type="nmod:poss">
            <governor idx="23">role</governor>
            <dependent idx="22">my</dependent>
          </dep>
          <dep type="nmod">
            <governor idx="18">handle</governor>
            <dependent idx="23">role</dependent>
          </dep>
          <dep type="ccomp">
            <governor idx="10">stated</governor>
            <dependent idx="24">was</dependent>
          </dep>
          <dep type="mark">
            <governor idx="30">taken</governor>
            <dependent idx="25">because</dependent>
          </dep>
          <dep type="nsubj">
            <governor idx="30">taken</governor>
            <dependent idx="26">I</dependent>
          </dep>
          <dep type="aux">
            <governor idx="30">taken</governor>
            <dependent idx="27">had</dependent>
          </dep>
          <dep type="neg">
            <governor idx="30">taken</governor>
            <dependent idx="28">not</dependent>
          </dep>
          <dep type="advmod">
            <governor idx="30">taken</governor>
            <dependent idx="29">previously</dependent>
          </dep>
          <dep type="advcl">
            <governor idx="24">was</governor>
            <dependent idx="30">taken</dependent>
          </dep>
          <dep type="dobj">
            <governor idx="30">taken</governor>
            <dependent idx="31">advantage</dependent>
          </dep>
          <dep type="case">
            <governor idx="34">team</governor>
            <dependent idx="32">of</dependent>
          </dep>
          <dep type="det">
            <governor idx="34">team</governor>
            <dependent idx="33">the</dependent>
          </dep>
          <dep type="nmod">
            <governor idx="31">advantage</governor>
            <dependent idx="34">team</dependent>
          </dep>
          <dep type="cc">
            <governor idx="30">taken</governor>
            <dependent idx="35">and</dependent>
          </dep>
          <dep type="conj">
            <governor idx="30">taken</governor>
            <dependent idx="36">learnt</dependent>
          </dep>
          <dep type="advmod">
            <governor idx="39">dealt</governor>
            <dependent idx="37">how</dependent>
          </dep>
          <dep type="nsubj">
            <governor idx="39">dealt</governor>
            <dependent idx="38">they</dependent>
          </dep>
          <dep type="ccomp">
            <governor idx="36">learnt</governor>
            <dependent idx="39">dealt</dependent>
          </dep>
          <dep type="case">
            <governor idx="42">tasks</governor>
            <dependent idx="40">with</dependent>
          </dep>
          <dep type="det">
            <governor idx="42">tasks</governor>
            <dependent idx="41">the</dependent>
          </dep>
          <dep type="nmod">
            <governor idx="39">dealt</governor>
            <dependent idx="42">tasks</dependent>
          </dep>
          <dep type="nsubjpass">
            <governor idx="46">given</governor>
            <dependent idx="43">I</dependent>
          </dep>
          <dep type="aux">
            <governor idx="46">given</governor>
            <dependent idx="44">had</dependent>
          </dep>
          <dep type="auxpass">
            <governor idx="46">given</governor>
            <dependent idx="45">been</dependent>
          </dep>
          <dep type="ccomp">
            <governor idx="39">dealt</governor>
            <dependent idx="46">given</dependent>
          </dep>
          <dep type="punct">
            <governor idx="4">able</governor>
            <dependent idx="47">.</dependent>
          </dep>
        </dependencies>
        <dependencies type="collapsed-dependencies">
          <dep type="root">
            <governor idx="0">ROOT</governor>
            <dependent idx="4">able</dependent>
          </dep>
          <dep type="nmod:poss">
            <governor idx="2">mentor</governor>
            <dependent idx="1">My</dependent>
          </dep>
          <dep type="nsubj">
            <governor idx="4">able</governor>
            <dependent idx="2">mentor</dependent>
          </dep>
          <dep type="cop">
            <governor idx="4">able</governor>
            <dependent idx="3">was</dependent>
          </dep>
          <dep type="mark">
            <governor idx="6">redirect</governor>
            <dependent idx="5">to</dependent>
          </dep>
          <dep type="xcomp">
            <governor idx="4">able</governor>
            <dependent idx="6">redirect</dependent>
          </dep>
          <dep type="nmod:poss">
            <governor idx="8">thinking</governor>
            <dependent idx="7">my</dependent>
          </dep>
          <dep type="dobj">
            <governor idx="6">redirect</governor>
            <dependent idx="8">thinking</dependent>
          </dep>
          <dep type="cc">
            <governor idx="4">able</governor>
            <dependent idx="9">and</dependent>
          </dep>
          <dep type="conj:and">
            <governor idx="4">able</governor>
            <dependent idx="10">stated</dependent>
          </dep>
          <dep type="mark">
            <governor idx="24">was</governor>
            <dependent idx="11">that</dependent>
          </dep>
          <dep type="det">
            <governor idx="13">reason</governor>
            <dependent idx="12">the</dependent>
          </dep>
          <dep type="nsubj">
            <governor idx="24">was</governor>
            <dependent idx="13">reason</dependent>
          </dep>
          <dep type="nsubj">
            <governor idx="16">unable</governor>
            <dependent idx="14">I</dependent>
          </dep>
          <dep type="cop">
            <governor idx="16">unable</governor>
            <dependent idx="15">was</dependent>
          </dep>
          <dep type="acl:relcl">
            <governor idx="13">reason</governor>
            <dependent idx="16">unable</dependent>
          </dep>
          <dep type="mark">
            <governor idx="18">handle</governor>
            <dependent idx="17">to</dependent>
          </dep>
          <dep type="xcomp">
            <governor idx="16">unable</governor>
            <dependent idx="18">handle</dependent>
          </dep>
          <dep type="nmod:poss">
            <governor idx="20">responsibility</governor>
            <dependent idx="19">my</dependent>
          </dep>
          <dep type="dobj">
            <governor idx="18">handle</governor>
            <dependent idx="20">responsibility</dependent>
          </dep>
          <dep type="case">
            <governor idx="23">role</governor>
            <dependent idx="21">in</dependent>
          </dep>
          <dep type="nmod:poss">
            <governor idx="23">role</governor>
            <dependent idx="22">my</dependent>
          </dep>
          <dep type="nmod:in">
            <governor idx="18">handle</governor>
            <dependent idx="23">role</dependent>
          </dep>
          <dep type="ccomp">
            <governor idx="10">stated</governor>
            <dependent idx="24">was</dependent>
          </dep>
          <dep type="mark">
            <governor idx="30">taken</governor>
            <dependent idx="25">because</dependent>
          </dep>
          <dep type="nsubj">
            <governor idx="30">taken</governor>
            <dependent idx="26">I</dependent>
          </dep>
          <dep type="aux">
            <governor idx="30">taken</governor>
            <dependent idx="27">had</dependent>
          </dep>
          <dep type="neg">
            <governor idx="30">taken</governor>
            <dependent idx="28">not</dependent>
          </dep>
          <dep type="advmod">
            <governor idx="30">taken</governor>
            <dependent idx="29">previously</dependent>
          </dep>
          <dep type="advcl">
            <governor idx="24">was</governor>
            <dependent idx="30">taken</dependent>
          </dep>
          <dep type="dobj">
            <governor idx="30">taken</governor>
            <dependent idx="31">advantage</dependent>
          </dep>
          <dep type="case">
            <governor idx="34">team</governor>
            <dependent idx="32">of</dependent>
          </dep>
          <dep type="det">
            <governor idx="34">team</governor>
            <dependent idx="33">the</dependent>
          </dep>
          <dep type="nmod:of">
            <governor idx="31">advantage</governor>
            <dependent idx="34">team</dependent>
          </dep>
          <dep type="cc">
            <governor idx="30">taken</governor>
            <dependent idx="35">and</dependent>
          </dep>
          <dep type="conj:and">
            <governor idx="30">taken</governor>
            <dependent idx="36">learnt</dependent>
          </dep>
          <dep type="advmod">
            <governor idx="39">dealt</governor>
            <dependent idx="37">how</dependent>
          </dep>
          <dep type="nsubj">
            <governor idx="39">dealt</governor>
            <dependent idx="38">they</dependent>
          </dep>
          <dep type="ccomp">
            <governor idx="36">learnt</governor>
            <dependent idx="39">dealt</dependent>
          </dep>
          <dep type="case">
            <governor idx="42">tasks</governor>
            <dependent idx="40">with</dependent>
          </dep>
          <dep type="det">
            <governor idx="42">tasks</governor>
            <dependent idx="41">the</dependent>
          </dep>
          <dep type="nmod:with">
            <governor idx="39">dealt</governor>
            <dependent idx="42">tasks</dependent>
          </dep>
          <dep type="nsubjpass">
            <governor idx="46">given</governor>
            <dependent idx="43">I</dependent>
          </dep>
          <dep type="aux">
            <governor idx="46">given</governor>
            <dependent idx="44">had</dependent>
          </dep>
          <dep type="auxpass">
            <governor idx="46">given</governor>
            <dependent idx="45">been</dependent>
          </dep>
          <dep type="ccomp">
            <governor idx="39">dealt</governor>
            <dependent idx="46">given</dependent>
          </dep>
          <dep type="punct">
            <governor idx="4">able</governor>
            <dependent idx="47">.</dependent>
          </dep>
        </dependencies>
        <dependencies type="collapsed-ccprocessed-dependencies">
          <dep type="root">
            <governor idx="0">ROOT</governor>
            <dependent idx="4">able</dependent>
          </dep>
          <dep type="nmod:poss">
            <governor idx="2">mentor</governor>
            <dependent idx="1">My</dependent>
          </dep>
          <dep type="nsubj">
            <governor idx="4">able</governor>
            <dependent idx="2">mentor</dependent>
          </dep>
          <dep type="nsubj" extra="true">
            <governor idx="10">stated</governor>
            <dependent idx="2">mentor</dependent>
          </dep>
          <dep type="cop">
            <governor idx="4">able</governor>
            <dependent idx="3">was</dependent>
          </dep>
          <dep type="mark">
            <governor idx="6">redirect</governor>
            <dependent idx="5">to</dependent>
          </dep>
          <dep type="xcomp">
            <governor idx="4">able</governor>
            <dependent idx="6">redirect</dependent>
          </dep>
          <dep type="nmod:poss">
            <governor idx="8">thinking</governor>
            <dependent idx="7">my</dependent>
          </dep>
          <dep type="dobj">
            <governor idx="6">redirect</governor>
            <dependent idx="8">thinking</dependent>
          </dep>
          <dep type="cc">
            <governor idx="4">able</governor>
            <dependent idx="9">and</dependent>
          </dep>
          <dep type="conj:and">
            <governor idx="4">able</governor>
            <dependent idx="10">stated</dependent>
          </dep>
          <dep type="mark">
            <governor idx="24">was</governor>
            <dependent idx="11">that</dependent>
          </dep>
          <dep type="det">
            <governor idx="13">reason</governor>
            <dependent idx="12">the</dependent>
          </dep>
          <dep type="nsubj">
            <governor idx="24">was</governor>
            <dependent idx="13">reason</dependent>
          </dep>
          <dep type="nsubj">
            <governor idx="16">unable</governor>
            <dependent idx="14">I</dependent>
          </dep>
          <dep type="cop">
            <governor idx="16">unable</governor>
            <dependent idx="15">was</dependent>
          </dep>
          <dep type="acl:relcl">
            <governor idx="13">reason</governor>
            <dependent idx="16">unable</dependent>
          </dep>
          <dep type="mark">
            <governor idx="18">handle</governor>
            <dependent idx="17">to</dependent>
          </dep>
          <dep type="xcomp">
            <governor idx="16">unable</governor>
            <dependent idx="18">handle</dependent>
          </dep>
          <dep type="nmod:poss">
            <governor idx="20">responsibility</governor>
            <dependent idx="19">my</dependent>
          </dep>
          <dep type="dobj">
            <governor idx="18">handle</governor>
            <dependent idx="20">responsibility</dependent>
          </dep>
          <dep type="case">
            <governor idx="23">role</governor>
            <dependent idx="21">in</dependent>
          </dep>
          <dep type="nmod:poss">
            <governor idx="23">role</governor>
            <dependent idx="22">my</dependent>
          </dep>
          <dep type="nmod:in">
            <governor idx="18">handle</governor>
            <dependent idx="23">role</dependent>
          </dep>
          <dep type="ccomp">
            <governor idx="10">stated</governor>
            <dependent idx="24">was</dependent>
          </dep>
          <dep type="mark">
            <governor idx="30">taken</governor>
            <dependent idx="25">because</dependent>
          </dep>
          <dep type="nsubj">
            <governor idx="30">taken</governor>
            <dependent idx="26">I</dependent>
          </dep>
          <dep type="nsubj" extra="true">
            <governor idx="36">learnt</governor>
            <dependent idx="26">I</dependent>
          </dep>
          <dep type="aux">
            <governor idx="30">taken</governor>
            <dependent idx="27">had</dependent>
          </dep>
          <dep type="neg">
            <governor idx="30">taken</governor>
            <dependent idx="28">not</dependent>
          </dep>
          <dep type="advmod">
            <governor idx="30">taken</governor>
            <dependent idx="29">previously</dependent>
          </dep>
          <dep type="advcl">
            <governor idx="24">was</governor>
            <dependent idx="30">taken</dependent>
          </dep>
          <dep type="dobj">
            <governor idx="30">taken</governor>
            <dependent idx="31">advantage</dependent>
          </dep>
          <dep type="case">
            <governor idx="34">team</governor>
            <dependent idx="32">of</dependent>
          </dep>
          <dep type="det">
            <governor idx="34">team</governor>
            <dependent idx="33">the</dependent>
          </dep>
          <dep type="nmod:of">
            <governor idx="31">advantage</governor>
            <dependent idx="34">team</dependent>
          </dep>
          <dep type="cc">
            <governor idx="30">taken</governor>
            <dependent idx="35">and</dependent>
          </dep>
          <dep type="advcl" extra="true">
            <governor idx="24">was</governor>
            <dependent idx="36">learnt</dependent>
          </dep>
          <dep type="conj:and">
            <governor idx="30">taken</governor>
            <dependent idx="36">learnt</dependent>
          </dep>
          <dep type="advmod">
            <governor idx="39">dealt</governor>
            <dependent idx="37">how</dependent>
          </dep>
          <dep type="nsubj">
            <governor idx="39">dealt</governor>
            <dependent idx="38">they</dependent>
          </dep>
          <dep type="ccomp">
            <governor idx="36">learnt</governor>
            <dependent idx="39">dealt</dependent>
          </dep>
          <dep type="case">
            <governor idx="42">tasks</governor>
            <dependent idx="40">with</dependent>
          </dep>
          <dep type="det">
            <governor idx="42">tasks</governor>
            <dependent idx="41">the</dependent>
          </dep>
          <dep type="nmod:with">
            <governor idx="39">dealt</governor>
            <dependent idx="42">tasks</dependent>
          </dep>
          <dep type="nsubjpass">
            <governor idx="46">given</governor>
            <dependent idx="43">I</dependent>
          </dep>
          <dep type="aux">
            <governor idx="46">given</governor>
            <dependent idx="44">had</dependent>
          </dep>
          <dep type="auxpass">
            <governor idx="46">given</governor>
            <dependent idx="45">been</dependent>
          </dep>
          <dep type="ccomp">
            <governor idx="39">dealt</governor>
            <dependent idx="46">given</dependent>
          </dep>
          <dep type="punct">
            <governor idx="4">able</governor>
            <dependent idx="47">.</dependent>
          </dep>
        </dependencies>
      </sentence>
      <sentence id="197">
        <tokens>
          <token id="1">
            <word>In</word>
            <lemma>in</lemma>
            <CharacterOffsetBegin>25054</CharacterOffsetBegin>
            <CharacterOffsetEnd>25056</CharacterOffsetEnd>
            <POS>IN</POS>
            <NER>O</NER>
            <Speaker>PER0</Speaker>
          </token>
          <token id="2">
            <word>order</word>
            <lemma>order</lemma>
            <CharacterOffsetBegin>25057</CharacterOffsetBegin>
            <CharacterOffsetEnd>25062</CharacterOffsetEnd>
            <POS>NN</POS>
            <NER>O</NER>
            <Speaker>PER0</Speaker>
          </token>
          <token id="3">
            <word>to</word>
            <lemma>to</lemma>
            <CharacterOffsetBegin>25063</CharacterOffsetBegin>
            <CharacterOffsetEnd>25065</CharacterOffsetEnd>
            <POS>TO</POS>
            <NER>O</NER>
            <Speaker>PER0</Speaker>
          </token>
          <token id="4">
            <word>understand</word>
            <lemma>understand</lemma>
            <CharacterOffsetBegin>25066</CharacterOffsetBegin>
            <CharacterOffsetEnd>25076</CharacterOffsetEnd>
            <POS>VB</POS>
            <NER>O</NER>
            <Speaker>PER0</Speaker>
          </token>
          <token id="5">
            <word>how</word>
            <lemma>how</lemma>
            <CharacterOffsetBegin>25077</CharacterOffsetBegin>
            <CharacterOffsetEnd>25080</CharacterOffsetEnd>
            <POS>WRB</POS>
            <NER>O</NER>
            <Speaker>PER0</Speaker>
          </token>
          <token id="6">
            <word>to</word>
            <lemma>to</lemma>
            <CharacterOffsetBegin>25081</CharacterOffsetBegin>
            <CharacterOffsetEnd>25083</CharacterOffsetEnd>
            <POS>TO</POS>
            <NER>O</NER>
            <Speaker>PER0</Speaker>
          </token>
          <token id="7">
            <word>handle</word>
            <lemma>handle</lemma>
            <CharacterOffsetBegin>25084</CharacterOffsetBegin>
            <CharacterOffsetEnd>25090</CharacterOffsetEnd>
            <POS>VB</POS>
            <NER>O</NER>
            <Speaker>PER0</Speaker>
          </token>
          <token id="8">
            <word>responsibility</word>
            <lemma>responsibility</lemma>
            <CharacterOffsetBegin>25091</CharacterOffsetBegin>
            <CharacterOffsetEnd>25105</CharacterOffsetEnd>
            <POS>NN</POS>
            <NER>O</NER>
            <Speaker>PER0</Speaker>
          </token>
          <token id="9">
            <word>I</word>
            <lemma>I</lemma>
            <CharacterOffsetBegin>25106</CharacterOffsetBegin>
            <CharacterOffsetEnd>25107</CharacterOffsetEnd>
            <POS>PRP</POS>
            <NER>O</NER>
            <Speaker>PER0</Speaker>
          </token>
          <token id="10">
            <word>must</word>
            <lemma>must</lemma>
            <CharacterOffsetBegin>25108</CharacterOffsetBegin>
            <CharacterOffsetEnd>25112</CharacterOffsetEnd>
            <POS>MD</POS>
            <NER>O</NER>
            <Speaker>PER0</Speaker>
          </token>
          <token id="11">
            <word>first</word>
            <lemma>first</lemma>
            <CharacterOffsetBegin>25113</CharacterOffsetBegin>
            <CharacterOffsetEnd>25118</CharacterOffsetEnd>
            <POS>RB</POS>
            <NER>ORDINAL</NER>
            <NormalizedNER>1.0</NormalizedNER>
            <Speaker>PER0</Speaker>
          </token>
          <token id="12">
            <word>be</word>
            <lemma>be</lemma>
            <CharacterOffsetBegin>25119</CharacterOffsetBegin>
            <CharacterOffsetEnd>25121</CharacterOffsetEnd>
            <POS>VB</POS>
            <NER>O</NER>
            <Speaker>PER0</Speaker>
          </token>
          <token id="13">
            <word>confident</word>
            <lemma>confident</lemma>
            <CharacterOffsetBegin>25122</CharacterOffsetBegin>
            <CharacterOffsetEnd>25131</CharacterOffsetEnd>
            <POS>JJ</POS>
            <NER>O</NER>
            <Speaker>PER0</Speaker>
          </token>
          <token id="14">
            <word>in</word>
            <lemma>in</lemma>
            <CharacterOffsetBegin>25132</CharacterOffsetBegin>
            <CharacterOffsetEnd>25134</CharacterOffsetEnd>
            <POS>IN</POS>
            <NER>O</NER>
            <Speaker>PER0</Speaker>
          </token>
          <token id="15">
            <word>my</word>
            <lemma>my</lemma>
            <CharacterOffsetBegin>25135</CharacterOffsetBegin>
            <CharacterOffsetEnd>25137</CharacterOffsetEnd>
            <POS>PRP$</POS>
            <NER>O</NER>
            <Speaker>PER0</Speaker>
          </token>
          <token id="16">
            <word>role</word>
            <lemma>role</lemma>
            <CharacterOffsetBegin>25138</CharacterOffsetBegin>
            <CharacterOffsetEnd>25142</CharacterOffsetEnd>
            <POS>NN</POS>
            <NER>O</NER>
            <Speaker>PER0</Speaker>
          </token>
          <token id="17">
            <word>and</word>
            <lemma>and</lemma>
            <CharacterOffsetBegin>25143</CharacterOffsetBegin>
            <CharacterOffsetEnd>25146</CharacterOffsetEnd>
            <POS>CC</POS>
            <NER>O</NER>
            <Speaker>PER0</Speaker>
          </token>
          <token id="18">
            <word>in</word>
            <lemma>in</lemma>
            <CharacterOffsetBegin>25147</CharacterOffsetBegin>
            <CharacterOffsetEnd>25149</CharacterOffsetEnd>
            <POS>IN</POS>
            <NER>O</NER>
            <Speaker>PER0</Speaker>
          </token>
          <token id="19">
            <word>order</word>
            <lemma>order</lemma>
            <CharacterOffsetBegin>25150</CharacterOffsetBegin>
            <CharacterOffsetEnd>25155</CharacterOffsetEnd>
            <POS>NN</POS>
            <NER>O</NER>
            <Speaker>PER0</Speaker>
          </token>
          <token id="20">
            <word>to</word>
            <lemma>to</lemma>
            <CharacterOffsetBegin>25156</CharacterOffsetBegin>
            <CharacterOffsetEnd>25158</CharacterOffsetEnd>
            <POS>TO</POS>
            <NER>O</NER>
            <Speaker>PER0</Speaker>
          </token>
          <token id="21">
            <word>do</word>
            <lemma>do</lemma>
            <CharacterOffsetBegin>25159</CharacterOffsetBegin>
            <CharacterOffsetEnd>25161</CharacterOffsetEnd>
            <POS>VB</POS>
            <NER>O</NER>
            <Speaker>PER0</Speaker>
          </token>
          <token id="22">
            <word>this</word>
            <lemma>this</lemma>
            <CharacterOffsetBegin>25162</CharacterOffsetBegin>
            <CharacterOffsetEnd>25166</CharacterOffsetEnd>
            <POS>DT</POS>
            <NER>O</NER>
            <Speaker>PER0</Speaker>
          </token>
          <token id="23">
            <word>I</word>
            <lemma>I</lemma>
            <CharacterOffsetBegin>25167</CharacterOffsetBegin>
            <CharacterOffsetEnd>25168</CharacterOffsetEnd>
            <POS>PRP</POS>
            <NER>O</NER>
            <Speaker>PER0</Speaker>
          </token>
          <token id="24">
            <word>have</word>
            <lemma>have</lemma>
            <CharacterOffsetBegin>25169</CharacterOffsetBegin>
            <CharacterOffsetEnd>25173</CharacterOffsetEnd>
            <POS>VBP</POS>
            <NER>O</NER>
            <Speaker>PER0</Speaker>
          </token>
          <token id="25">
            <word>to</word>
            <lemma>to</lemma>
            <CharacterOffsetBegin>25174</CharacterOffsetBegin>
            <CharacterOffsetEnd>25176</CharacterOffsetEnd>
            <POS>TO</POS>
            <NER>O</NER>
            <Speaker>PER0</Speaker>
          </token>
          <token id="26">
            <word>learn</word>
            <lemma>learn</lemma>
            <CharacterOffsetBegin>25177</CharacterOffsetBegin>
            <CharacterOffsetEnd>25182</CharacterOffsetEnd>
            <POS>VB</POS>
            <NER>O</NER>
            <Speaker>PER0</Speaker>
          </token>
          <token id="27">
            <word>off</word>
            <lemma>off</lemma>
            <CharacterOffsetBegin>25183</CharacterOffsetBegin>
            <CharacterOffsetEnd>25186</CharacterOffsetEnd>
            <POS>RP</POS>
            <NER>O</NER>
            <Speaker>PER0</Speaker>
          </token>
          <token id="28">
            <word>my</word>
            <lemma>my</lemma>
            <CharacterOffsetBegin>25187</CharacterOffsetBegin>
            <CharacterOffsetEnd>25189</CharacterOffsetEnd>
            <POS>PRP$</POS>
            <NER>O</NER>
            <Speaker>PER0</Speaker>
          </token>
          <token id="29">
            <word>team</word>
            <lemma>team</lemma>
            <CharacterOffsetBegin>25190</CharacterOffsetBegin>
            <CharacterOffsetEnd>25194</CharacterOffsetEnd>
            <POS>NN</POS>
            <NER>O</NER>
            <Speaker>PER0</Speaker>
          </token>
          <token id="30">
            <word>members</word>
            <lemma>member</lemma>
            <CharacterOffsetBegin>25195</CharacterOffsetBegin>
            <CharacterOffsetEnd>25202</CharacterOffsetEnd>
            <POS>NNS</POS>
            <NER>O</NER>
            <Speaker>PER0</Speaker>
          </token>
          <token id="31">
            <word>and</word>
            <lemma>and</lemma>
            <CharacterOffsetBegin>25203</CharacterOffsetBegin>
            <CharacterOffsetEnd>25206</CharacterOffsetEnd>
            <POS>CC</POS>
            <NER>O</NER>
            <Speaker>PER0</Speaker>
          </token>
          <token id="32">
            <word>be</word>
            <lemma>be</lemma>
            <CharacterOffsetBegin>25207</CharacterOffsetBegin>
            <CharacterOffsetEnd>25209</CharacterOffsetEnd>
            <POS>VB</POS>
            <NER>O</NER>
            <Speaker>PER0</Speaker>
          </token>
          <token id="33">
            <word>trained</word>
            <lemma>train</lemma>
            <CharacterOffsetBegin>25210</CharacterOffsetBegin>
            <CharacterOffsetEnd>25217</CharacterOffsetEnd>
            <POS>VBN</POS>
            <NER>O</NER>
            <Speaker>PER0</Speaker>
          </token>
          <token id="34">
            <word>in</word>
            <lemma>in</lemma>
            <CharacterOffsetBegin>25218</CharacterOffsetBegin>
            <CharacterOffsetEnd>25220</CharacterOffsetEnd>
            <POS>IN</POS>
            <NER>O</NER>
            <Speaker>PER0</Speaker>
          </token>
          <token id="35">
            <word>my</word>
            <lemma>my</lemma>
            <CharacterOffsetBegin>25221</CharacterOffsetBegin>
            <CharacterOffsetEnd>25223</CharacterOffsetEnd>
            <POS>PRP$</POS>
            <NER>O</NER>
            <Speaker>PER0</Speaker>
          </token>
          <token id="36">
            <word>tasks</word>
            <lemma>task</lemma>
            <CharacterOffsetBegin>25224</CharacterOffsetBegin>
            <CharacterOffsetEnd>25229</CharacterOffsetEnd>
            <POS>NNS</POS>
            <NER>O</NER>
            <Speaker>PER0</Speaker>
          </token>
          <token id="37">
            <word>before</word>
            <lemma>before</lemma>
            <CharacterOffsetBegin>25230</CharacterOffsetBegin>
            <CharacterOffsetEnd>25236</CharacterOffsetEnd>
            <POS>IN</POS>
            <NER>O</NER>
            <Speaker>PER0</Speaker>
          </token>
          <token id="38">
            <word>being</word>
            <lemma>be</lemma>
            <CharacterOffsetBegin>25237</CharacterOffsetBegin>
            <CharacterOffsetEnd>25242</CharacterOffsetEnd>
            <POS>VBG</POS>
            <NER>O</NER>
            <Speaker>PER0</Speaker>
          </token>
          <token id="39">
            <word>assigned</word>
            <lemma>assign</lemma>
            <CharacterOffsetBegin>25243</CharacterOffsetBegin>
            <CharacterOffsetEnd>25251</CharacterOffsetEnd>
            <POS>VBN</POS>
            <NER>O</NER>
            <Speaker>PER0</Speaker>
          </token>
          <token id="40">
            <word>such</word>
            <lemma>such</lemma>
            <CharacterOffsetBegin>25252</CharacterOffsetBegin>
            <CharacterOffsetEnd>25256</CharacterOffsetEnd>
            <POS>JJ</POS>
            <NER>O</NER>
            <Speaker>PER0</Speaker>
          </token>
          <token id="41">
            <word>responsibility</word>
            <lemma>responsibility</lemma>
            <CharacterOffsetBegin>25257</CharacterOffsetBegin>
            <CharacterOffsetEnd>25271</CharacterOffsetEnd>
            <POS>NN</POS>
            <NER>O</NER>
            <Speaker>PER0</Speaker>
          </token>
          <token id="42">
            <word>.</word>
            <lemma>.</lemma>
            <CharacterOffsetBegin>25271</CharacterOffsetBegin>
            <CharacterOffsetEnd>25272</CharacterOffsetEnd>
            <POS>.</POS>
            <NER>O</NER>
            <Speaker>PER0</Speaker>
          </token>
        </tokens>
        <parse>(ROOT (S (SBAR (IN In) (NN order) (S (VP (TO to) (VP (VB understand) (SBAR (WHADVP (WRB how)) (S (VP (TO to) (VP (VB handle) (NP (NN responsibility)) (SBAR (SBAR (S (NP (PRP I)) (VP (MD must) (ADVP (RB first)) (VP (VB be) (ADJP (JJ confident) (PP (IN in) (NP (PRP$ my) (NN role)))))))) (CC and) (SBAR (IN in) (NN order) (S (VP (TO to) (VP (VB do) (NP (DT this))))))))))))))) (NP (PRP I)) (VP (VBP have) (S (VP (TO to) (VP (VP (VB learn) (PRT (RP off)) (NP (PRP$ my) (NN team) (NNS members))) (CC and) (VP (VB be) (VP (VBN trained) (PP (IN in) (NP (PRP$ my) (NNS tasks))) (PP (IN before) (S (VP (VBG being) (VP (VBN assigned) (NP (JJ such) (NN responsibility)))))))))))) (. .))) </parse>
        <dependencies type="basic-dependencies">
          <dep type="root">
            <governor idx="0">ROOT</governor>
            <dependent idx="24">have</dependent>
          </dep>
          <dep type="mark">
            <governor idx="4">understand</governor>
            <dependent idx="1">In</dependent>
          </dep>
          <dep type="mwe">
            <governor idx="1">In</governor>
            <dependent idx="2">order</dependent>
          </dep>
          <dep type="mark">
            <governor idx="4">understand</governor>
            <dependent idx="3">to</dependent>
          </dep>
          <dep type="advcl">
            <governor idx="24">have</governor>
            <dependent idx="4">understand</dependent>
          </dep>
          <dep type="advmod">
            <governor idx="7">handle</governor>
            <dependent idx="5">how</dependent>
          </dep>
          <dep type="mark">
            <governor idx="7">handle</governor>
            <dependent idx="6">to</dependent>
          </dep>
          <dep type="ccomp">
            <governor idx="4">understand</governor>
            <dependent idx="7">handle</dependent>
          </dep>
          <dep type="dobj">
            <governor idx="7">handle</governor>
            <dependent idx="8">responsibility</dependent>
          </dep>
          <dep type="nsubj">
            <governor idx="13">confident</governor>
            <dependent idx="9">I</dependent>
          </dep>
          <dep type="aux">
            <governor idx="13">confident</governor>
            <dependent idx="10">must</dependent>
          </dep>
          <dep type="advmod">
            <governor idx="13">confident</governor>
            <dependent idx="11">first</dependent>
          </dep>
          <dep type="cop">
            <governor idx="13">confident</governor>
            <dependent idx="12">be</dependent>
          </dep>
          <dep type="advcl">
            <governor idx="7">handle</governor>
            <dependent idx="13">confident</dependent>
          </dep>
          <dep type="case">
            <governor idx="16">role</governor>
            <dependent idx="14">in</dependent>
          </dep>
          <dep type="nmod:poss">
            <governor idx="16">role</governor>
            <dependent idx="15">my</dependent>
          </dep>
          <dep type="nmod">
            <governor idx="13">confident</governor>
            <dependent idx="16">role</dependent>
          </dep>
          <dep type="cc">
            <governor idx="13">confident</governor>
            <dependent idx="17">and</dependent>
          </dep>
          <dep type="mark">
            <governor idx="21">do</governor>
            <dependent idx="18">in</dependent>
          </dep>
          <dep type="mwe">
            <governor idx="18">in</governor>
            <dependent idx="19">order</dependent>
          </dep>
          <dep type="mark">
            <governor idx="21">do</governor>
            <dependent idx="20">to</dependent>
          </dep>
          <dep type="conj">
            <governor idx="13">confident</governor>
            <dependent idx="21">do</dependent>
          </dep>
          <dep type="dobj">
            <governor idx="21">do</governor>
            <dependent idx="22">this</dependent>
          </dep>
          <dep type="nsubj">
            <governor idx="24">have</governor>
            <dependent idx="23">I</dependent>
          </dep>
          <dep type="mark">
            <governor idx="26">learn</governor>
            <dependent idx="25">to</dependent>
          </dep>
          <dep type="xcomp">
            <governor idx="24">have</governor>
            <dependent idx="26">learn</dependent>
          </dep>
          <dep type="compound:prt">
            <governor idx="26">learn</governor>
            <dependent idx="27">off</dependent>
          </dep>
          <dep type="nmod:poss">
            <governor idx="30">members</governor>
            <dependent idx="28">my</dependent>
          </dep>
          <dep type="compound">
            <governor idx="30">members</governor>
            <dependent idx="29">team</dependent>
          </dep>
          <dep type="dobj">
            <governor idx="26">learn</governor>
            <dependent idx="30">members</dependent>
          </dep>
          <dep type="cc">
            <governor idx="26">learn</governor>
            <dependent idx="31">and</dependent>
          </dep>
          <dep type="auxpass">
            <governor idx="33">trained</governor>
            <dependent idx="32">be</dependent>
          </dep>
          <dep type="conj">
            <governor idx="26">learn</governor>
            <dependent idx="33">trained</dependent>
          </dep>
          <dep type="case">
            <governor idx="36">tasks</governor>
            <dependent idx="34">in</dependent>
          </dep>
          <dep type="nmod:poss">
            <governor idx="36">tasks</governor>
            <dependent idx="35">my</dependent>
          </dep>
          <dep type="nmod">
            <governor idx="33">trained</governor>
            <dependent idx="36">tasks</dependent>
          </dep>
          <dep type="mark">
            <governor idx="39">assigned</governor>
            <dependent idx="37">before</dependent>
          </dep>
          <dep type="auxpass">
            <governor idx="39">assigned</governor>
            <dependent idx="38">being</dependent>
          </dep>
          <dep type="advcl">
            <governor idx="33">trained</governor>
            <dependent idx="39">assigned</dependent>
          </dep>
          <dep type="amod">
            <governor idx="41">responsibility</governor>
            <dependent idx="40">such</dependent>
          </dep>
          <dep type="dobj">
            <governor idx="39">assigned</governor>
            <dependent idx="41">responsibility</dependent>
          </dep>
          <dep type="punct">
            <governor idx="24">have</governor>
            <dependent idx="42">.</dependent>
          </dep>
        </dependencies>
        <dependencies type="collapsed-dependencies">
          <dep type="root">
            <governor idx="0">ROOT</governor>
            <dependent idx="24">have</dependent>
          </dep>
          <dep type="mark">
            <governor idx="4">understand</governor>
            <dependent idx="1">In</dependent>
          </dep>
          <dep type="mwe">
            <governor idx="1">In</governor>
            <dependent idx="2">order</dependent>
          </dep>
          <dep type="mark">
            <governor idx="4">understand</governor>
            <dependent idx="3">to</dependent>
          </dep>
          <dep type="advcl">
            <governor idx="24">have</governor>
            <dependent idx="4">understand</dependent>
          </dep>
          <dep type="advmod">
            <governor idx="7">handle</governor>
            <dependent idx="5">how</dependent>
          </dep>
          <dep type="mark">
            <governor idx="7">handle</governor>
            <dependent idx="6">to</dependent>
          </dep>
          <dep type="ccomp">
            <governor idx="4">understand</governor>
            <dependent idx="7">handle</dependent>
          </dep>
          <dep type="dobj">
            <governor idx="7">handle</governor>
            <dependent idx="8">responsibility</dependent>
          </dep>
          <dep type="nsubj">
            <governor idx="13">confident</governor>
            <dependent idx="9">I</dependent>
          </dep>
          <dep type="aux">
            <governor idx="13">confident</governor>
            <dependent idx="10">must</dependent>
          </dep>
          <dep type="advmod">
            <governor idx="13">confident</governor>
            <dependent idx="11">first</dependent>
          </dep>
          <dep type="cop">
            <governor idx="13">confident</governor>
            <dependent idx="12">be</dependent>
          </dep>
          <dep type="advcl">
            <governor idx="7">handle</governor>
            <dependent idx="13">confident</dependent>
          </dep>
          <dep type="case">
            <governor idx="16">role</governor>
            <dependent idx="14">in</dependent>
          </dep>
          <dep type="nmod:poss">
            <governor idx="16">role</governor>
            <dependent idx="15">my</dependent>
          </dep>
          <dep type="nmod:in">
            <governor idx="13">confident</governor>
            <dependent idx="16">role</dependent>
          </dep>
          <dep type="cc">
            <governor idx="13">confident</governor>
            <dependent idx="17">and</dependent>
          </dep>
          <dep type="mark">
            <governor idx="21">do</governor>
            <dependent idx="18">in</dependent>
          </dep>
          <dep type="mwe">
            <governor idx="18">in</governor>
            <dependent idx="19">order</dependent>
          </dep>
          <dep type="mark">
            <governor idx="21">do</governor>
            <dependent idx="20">to</dependent>
          </dep>
          <dep type="conj:and">
            <governor idx="13">confident</governor>
            <dependent idx="21">do</dependent>
          </dep>
          <dep type="dobj">
            <governor idx="21">do</governor>
            <dependent idx="22">this</dependent>
          </dep>
          <dep type="nsubj">
            <governor idx="24">have</governor>
            <dependent idx="23">I</dependent>
          </dep>
          <dep type="mark">
            <governor idx="26">learn</governor>
            <dependent idx="25">to</dependent>
          </dep>
          <dep type="xcomp">
            <governor idx="24">have</governor>
            <dependent idx="26">learn</dependent>
          </dep>
          <dep type="compound:prt">
            <governor idx="26">learn</governor>
            <dependent idx="27">off</dependent>
          </dep>
          <dep type="nmod:poss">
            <governor idx="30">members</governor>
            <dependent idx="28">my</dependent>
          </dep>
          <dep type="compound">
            <governor idx="30">members</governor>
            <dependent idx="29">team</dependent>
          </dep>
          <dep type="dobj">
            <governor idx="26">learn</governor>
            <dependent idx="30">members</dependent>
          </dep>
          <dep type="cc">
            <governor idx="26">learn</governor>
            <dependent idx="31">and</dependent>
          </dep>
          <dep type="auxpass">
            <governor idx="33">trained</governor>
            <dependent idx="32">be</dependent>
          </dep>
          <dep type="conj:and">
            <governor idx="26">learn</governor>
            <dependent idx="33">trained</dependent>
          </dep>
          <dep type="case">
            <governor idx="36">tasks</governor>
            <dependent idx="34">in</dependent>
          </dep>
          <dep type="nmod:poss">
            <governor idx="36">tasks</governor>
            <dependent idx="35">my</dependent>
          </dep>
          <dep type="nmod:in">
            <governor idx="33">trained</governor>
            <dependent idx="36">tasks</dependent>
          </dep>
          <dep type="mark">
            <governor idx="39">assigned</governor>
            <dependent idx="37">before</dependent>
          </dep>
          <dep type="auxpass">
            <governor idx="39">assigned</governor>
            <dependent idx="38">being</dependent>
          </dep>
          <dep type="advcl">
            <governor idx="33">trained</governor>
            <dependent idx="39">assigned</dependent>
          </dep>
          <dep type="amod">
            <governor idx="41">responsibility</governor>
            <dependent idx="40">such</dependent>
          </dep>
          <dep type="dobj">
            <governor idx="39">assigned</governor>
            <dependent idx="41">responsibility</dependent>
          </dep>
          <dep type="punct">
            <governor idx="24">have</governor>
            <dependent idx="42">.</dependent>
          </dep>
        </dependencies>
        <dependencies type="collapsed-ccprocessed-dependencies">
          <dep type="root">
            <governor idx="0">ROOT</governor>
            <dependent idx="24">have</dependent>
          </dep>
          <dep type="mark">
            <governor idx="4">understand</governor>
            <dependent idx="1">In</dependent>
          </dep>
          <dep type="mwe">
            <governor idx="1">In</governor>
            <dependent idx="2">order</dependent>
          </dep>
          <dep type="mark">
            <governor idx="4">understand</governor>
            <dependent idx="3">to</dependent>
          </dep>
          <dep type="advcl">
            <governor idx="24">have</governor>
            <dependent idx="4">understand</dependent>
          </dep>
          <dep type="advmod">
            <governor idx="7">handle</governor>
            <dependent idx="5">how</dependent>
          </dep>
          <dep type="mark">
            <governor idx="7">handle</governor>
            <dependent idx="6">to</dependent>
          </dep>
          <dep type="ccomp">
            <governor idx="4">understand</governor>
            <dependent idx="7">handle</dependent>
          </dep>
          <dep type="dobj">
            <governor idx="7">handle</governor>
            <dependent idx="8">responsibility</dependent>
          </dep>
          <dep type="nsubj">
            <governor idx="13">confident</governor>
            <dependent idx="9">I</dependent>
          </dep>
          <dep type="nsubj" extra="true">
            <governor idx="21">do</governor>
            <dependent idx="9">I</dependent>
          </dep>
          <dep type="aux">
            <governor idx="13">confident</governor>
            <dependent idx="10">must</dependent>
          </dep>
          <dep type="advmod">
            <governor idx="13">confident</governor>
            <dependent idx="11">first</dependent>
          </dep>
          <dep type="cop">
            <governor idx="13">confident</governor>
            <dependent idx="12">be</dependent>
          </dep>
          <dep type="advcl">
            <governor idx="7">handle</governor>
            <dependent idx="13">confident</dependent>
          </dep>
          <dep type="case">
            <governor idx="16">role</governor>
            <dependent idx="14">in</dependent>
          </dep>
          <dep type="nmod:poss">
            <governor idx="16">role</governor>
            <dependent idx="15">my</dependent>
          </dep>
          <dep type="nmod:in">
            <governor idx="13">confident</governor>
            <dependent idx="16">role</dependent>
          </dep>
          <dep type="cc">
            <governor idx="13">confident</governor>
            <dependent idx="17">and</dependent>
          </dep>
          <dep type="mark">
            <governor idx="21">do</governor>
            <dependent idx="18">in</dependent>
          </dep>
          <dep type="mwe">
            <governor idx="18">in</governor>
            <dependent idx="19">order</dependent>
          </dep>
          <dep type="mark">
            <governor idx="21">do</governor>
            <dependent idx="20">to</dependent>
          </dep>
          <dep type="advcl" extra="true">
            <governor idx="7">handle</governor>
            <dependent idx="21">do</dependent>
          </dep>
          <dep type="conj:and">
            <governor idx="13">confident</governor>
            <dependent idx="21">do</dependent>
          </dep>
          <dep type="dobj">
            <governor idx="21">do</governor>
            <dependent idx="22">this</dependent>
          </dep>
          <dep type="nsubj">
            <governor idx="24">have</governor>
            <dependent idx="23">I</dependent>
          </dep>
          <dep type="mark">
            <governor idx="26">learn</governor>
            <dependent idx="25">to</dependent>
          </dep>
          <dep type="xcomp">
            <governor idx="24">have</governor>
            <dependent idx="26">learn</dependent>
          </dep>
          <dep type="compound:prt">
            <governor idx="26">learn</governor>
            <dependent idx="27">off</dependent>
          </dep>
          <dep type="nmod:poss">
            <governor idx="30">members</governor>
            <dependent idx="28">my</dependent>
          </dep>
          <dep type="compound">
            <governor idx="30">members</governor>
            <dependent idx="29">team</dependent>
          </dep>
          <dep type="dobj">
            <governor idx="26">learn</governor>
            <dependent idx="30">members</dependent>
          </dep>
          <dep type="cc">
            <governor idx="26">learn</governor>
            <dependent idx="31">and</dependent>
          </dep>
          <dep type="auxpass">
            <governor idx="33">trained</governor>
            <dependent idx="32">be</dependent>
          </dep>
          <dep type="xcomp" extra="true">
            <governor idx="24">have</governor>
            <dependent idx="33">trained</dependent>
          </dep>
          <dep type="conj:and">
            <governor idx="26">learn</governor>
            <dependent idx="33">trained</dependent>
          </dep>
          <dep type="case">
            <governor idx="36">tasks</governor>
            <dependent idx="34">in</dependent>
          </dep>
          <dep type="nmod:poss">
            <governor idx="36">tasks</governor>
            <dependent idx="35">my</dependent>
          </dep>
          <dep type="nmod:in">
            <governor idx="33">trained</governor>
            <dependent idx="36">tasks</dependent>
          </dep>
          <dep type="mark">
            <governor idx="39">assigned</governor>
            <dependent idx="37">before</dependent>
          </dep>
          <dep type="auxpass">
            <governor idx="39">assigned</governor>
            <dependent idx="38">being</dependent>
          </dep>
          <dep type="advcl">
            <governor idx="33">trained</governor>
            <dependent idx="39">assigned</dependent>
          </dep>
          <dep type="amod">
            <governor idx="41">responsibility</governor>
            <dependent idx="40">such</dependent>
          </dep>
          <dep type="dobj">
            <governor idx="39">assigned</governor>
            <dependent idx="41">responsibility</dependent>
          </dep>
          <dep type="punct">
            <governor idx="24">have</governor>
            <dependent idx="42">.</dependent>
          </dep>
        </dependencies>
      </sentence>
      <sentence id="198">
        <tokens>
          <token id="1">
            <word>In</word>
            <lemma>in</lemma>
            <CharacterOffsetBegin>25273</CharacterOffsetBegin>
            <CharacterOffsetEnd>25275</CharacterOffsetEnd>
            <POS>IN</POS>
            <NER>O</NER>
            <Speaker>PER0</Speaker>
          </token>
          <token id="2">
            <word>order</word>
            <lemma>order</lemma>
            <CharacterOffsetBegin>25276</CharacterOffsetBegin>
            <CharacterOffsetEnd>25281</CharacterOffsetEnd>
            <POS>NN</POS>
            <NER>O</NER>
            <Speaker>PER0</Speaker>
          </token>
          <token id="3">
            <word>to</word>
            <lemma>to</lemma>
            <CharacterOffsetBegin>25282</CharacterOffsetBegin>
            <CharacterOffsetEnd>25284</CharacterOffsetEnd>
            <POS>TO</POS>
            <NER>O</NER>
            <Speaker>PER0</Speaker>
          </token>
          <token id="4">
            <word>do</word>
            <lemma>do</lemma>
            <CharacterOffsetBegin>25285</CharacterOffsetBegin>
            <CharacterOffsetEnd>25287</CharacterOffsetEnd>
            <POS>VB</POS>
            <NER>O</NER>
            <Speaker>PER0</Speaker>
          </token>
          <token id="5">
            <word>this</word>
            <lemma>this</lemma>
            <CharacterOffsetBegin>25288</CharacterOffsetBegin>
            <CharacterOffsetEnd>25292</CharacterOffsetEnd>
            <POS>DT</POS>
            <NER>O</NER>
            <Speaker>PER0</Speaker>
          </token>
          <token id="6">
            <word>I</word>
            <lemma>I</lemma>
            <CharacterOffsetBegin>25293</CharacterOffsetBegin>
            <CharacterOffsetEnd>25294</CharacterOffsetEnd>
            <POS>PRP</POS>
            <NER>O</NER>
            <Speaker>PER0</Speaker>
          </token>
          <token id="7">
            <word>have</word>
            <lemma>have</lemma>
            <CharacterOffsetBegin>25295</CharacterOffsetBegin>
            <CharacterOffsetEnd>25299</CharacterOffsetEnd>
            <POS>VBP</POS>
            <NER>O</NER>
            <Speaker>PER0</Speaker>
          </token>
          <token id="8">
            <word>utilise</word>
            <lemma>utilise</lemma>
            <CharacterOffsetBegin>25300</CharacterOffsetBegin>
            <CharacterOffsetEnd>25307</CharacterOffsetEnd>
            <POS>VB</POS>
            <NER>O</NER>
            <Speaker>PER0</Speaker>
          </token>
          <token id="9">
            <word>the</word>
            <lemma>the</lemma>
            <CharacterOffsetBegin>25308</CharacterOffsetBegin>
            <CharacterOffsetEnd>25311</CharacterOffsetEnd>
            <POS>DT</POS>
            <NER>O</NER>
            <Speaker>PER0</Speaker>
          </token>
          <token id="10">
            <word>method</word>
            <lemma>method</lemma>
            <CharacterOffsetBegin>25312</CharacterOffsetBegin>
            <CharacterOffsetEnd>25318</CharacterOffsetEnd>
            <POS>NN</POS>
            <NER>O</NER>
            <Speaker>PER0</Speaker>
          </token>
          <token id="11">
            <word>of</word>
            <lemma>of</lemma>
            <CharacterOffsetBegin>25319</CharacterOffsetBegin>
            <CharacterOffsetEnd>25321</CharacterOffsetEnd>
            <POS>IN</POS>
            <NER>O</NER>
            <Speaker>PER0</Speaker>
          </token>
          <token id="12">
            <word>collaborative</word>
            <lemma>collaborative</lemma>
            <CharacterOffsetBegin>25322</CharacterOffsetBegin>
            <CharacterOffsetEnd>25335</CharacterOffsetEnd>
            <POS>JJ</POS>
            <NER>O</NER>
            <Speaker>PER0</Speaker>
          </token>
          <token id="13">
            <word>learning</word>
            <lemma>learning</lemma>
            <CharacterOffsetBegin>25336</CharacterOffsetBegin>
            <CharacterOffsetEnd>25344</CharacterOffsetEnd>
            <POS>NN</POS>
            <NER>O</NER>
            <Speaker>PER0</Speaker>
          </token>
          <token id="14">
            <word>before</word>
            <lemma>before</lemma>
            <CharacterOffsetBegin>25345</CharacterOffsetBegin>
            <CharacterOffsetEnd>25351</CharacterOffsetEnd>
            <POS>IN</POS>
            <NER>O</NER>
            <Speaker>PER0</Speaker>
          </token>
          <token id="15">
            <word>I</word>
            <lemma>I</lemma>
            <CharacterOffsetBegin>25352</CharacterOffsetBegin>
            <CharacterOffsetEnd>25353</CharacterOffsetEnd>
            <POS>PRP</POS>
            <NER>O</NER>
            <Speaker>PER0</Speaker>
          </token>
          <token id="16">
            <word>can</word>
            <lemma>can</lemma>
            <CharacterOffsetBegin>25354</CharacterOffsetBegin>
            <CharacterOffsetEnd>25357</CharacterOffsetEnd>
            <POS>MD</POS>
            <NER>O</NER>
            <Speaker>PER0</Speaker>
          </token>
          <token id="17">
            <word>accept</word>
            <lemma>accept</lemma>
            <CharacterOffsetBegin>25358</CharacterOffsetBegin>
            <CharacterOffsetEnd>25364</CharacterOffsetEnd>
            <POS>VB</POS>
            <NER>O</NER>
            <Speaker>PER0</Speaker>
          </token>
          <token id="18">
            <word>to</word>
            <lemma>to</lemma>
            <CharacterOffsetBegin>25365</CharacterOffsetBegin>
            <CharacterOffsetEnd>25367</CharacterOffsetEnd>
            <POS>TO</POS>
            <NER>O</NER>
            <Speaker>PER0</Speaker>
          </token>
          <token id="19">
            <word>be</word>
            <lemma>be</lemma>
            <CharacterOffsetBegin>25368</CharacterOffsetBegin>
            <CharacterOffsetEnd>25370</CharacterOffsetEnd>
            <POS>VB</POS>
            <NER>O</NER>
            <Speaker>PER0</Speaker>
          </token>
          <token id="20">
            <word>assigned</word>
            <lemma>assign</lemma>
            <CharacterOffsetBegin>25371</CharacterOffsetBegin>
            <CharacterOffsetEnd>25379</CharacterOffsetEnd>
            <POS>VBN</POS>
            <NER>O</NER>
            <Speaker>PER0</Speaker>
          </token>
          <token id="21">
            <word>a</word>
            <lemma>a</lemma>
            <CharacterOffsetBegin>25380</CharacterOffsetBegin>
            <CharacterOffsetEnd>25381</CharacterOffsetEnd>
            <POS>DT</POS>
            <NER>O</NER>
            <Speaker>PER0</Speaker>
          </token>
          <token id="22">
            <word>high</word>
            <lemma>high</lemma>
            <CharacterOffsetBegin>25382</CharacterOffsetBegin>
            <CharacterOffsetEnd>25386</CharacterOffsetEnd>
            <POS>JJ</POS>
            <NER>O</NER>
            <Speaker>PER0</Speaker>
          </token>
          <token id="23">
            <word>degree</word>
            <lemma>degree</lemma>
            <CharacterOffsetBegin>25387</CharacterOffsetBegin>
            <CharacterOffsetEnd>25393</CharacterOffsetEnd>
            <POS>NN</POS>
            <NER>O</NER>
            <Speaker>PER0</Speaker>
          </token>
          <token id="24">
            <word>of</word>
            <lemma>of</lemma>
            <CharacterOffsetBegin>25394</CharacterOffsetBegin>
            <CharacterOffsetEnd>25396</CharacterOffsetEnd>
            <POS>IN</POS>
            <NER>O</NER>
            <Speaker>PER0</Speaker>
          </token>
          <token id="25">
            <word>individual</word>
            <lemma>individual</lemma>
            <CharacterOffsetBegin>25397</CharacterOffsetBegin>
            <CharacterOffsetEnd>25407</CharacterOffsetEnd>
            <POS>JJ</POS>
            <NER>O</NER>
            <Speaker>PER0</Speaker>
          </token>
          <token id="26">
            <word>responsibility</word>
            <lemma>responsibility</lemma>
            <CharacterOffsetBegin>25408</CharacterOffsetBegin>
            <CharacterOffsetEnd>25422</CharacterOffsetEnd>
            <POS>NN</POS>
            <NER>O</NER>
            <Speaker>PER0</Speaker>
          </token>
          <token id="27">
            <word>.</word>
            <lemma>.</lemma>
            <CharacterOffsetBegin>25422</CharacterOffsetBegin>
            <CharacterOffsetEnd>25423</CharacterOffsetEnd>
            <POS>.</POS>
            <NER>O</NER>
            <Speaker>PER0</Speaker>
          </token>
        </tokens>
        <parse>(ROOT (S (SBAR (IN In) (NN order) (S (VP (TO to) (VP (VB do) (NP (DT this)))))) (NP (PRP I)) (VP (VBP have) (S (VP (VB utilise) (NP (NP (DT the) (NN method)) (PP (IN of) (NP (JJ collaborative) (NN learning)))) (SBAR (IN before) (S (NP (PRP I)) (VP (MD can) (VP (VB accept) (S (VP (TO to) (VP (VB be) (VP (VBN assigned) (NP (NP (DT a) (JJ high) (NN degree)) (PP (IN of) (NP (JJ individual) (NN responsibility))))))))))))))) (. .))) </parse>
        <dependencies type="basic-dependencies">
          <dep type="root">
            <governor idx="0">ROOT</governor>
            <dependent idx="7">have</dependent>
          </dep>
          <dep type="mark">
            <governor idx="4">do</governor>
            <dependent idx="1">In</dependent>
          </dep>
          <dep type="mwe">
            <governor idx="1">In</governor>
            <dependent idx="2">order</dependent>
          </dep>
          <dep type="mark">
            <governor idx="4">do</governor>
            <dependent idx="3">to</dependent>
          </dep>
          <dep type="advcl">
            <governor idx="7">have</governor>
            <dependent idx="4">do</dependent>
          </dep>
          <dep type="dobj">
            <governor idx="4">do</governor>
            <dependent idx="5">this</dependent>
          </dep>
          <dep type="nsubj">
            <governor idx="7">have</governor>
            <dependent idx="6">I</dependent>
          </dep>
          <dep type="ccomp">
            <governor idx="7">have</governor>
            <dependent idx="8">utilise</dependent>
          </dep>
          <dep type="det">
            <governor idx="10">method</governor>
            <dependent idx="9">the</dependent>
          </dep>
          <dep type="dobj">
            <governor idx="8">utilise</governor>
            <dependent idx="10">method</dependent>
          </dep>
          <dep type="case">
            <governor idx="13">learning</governor>
            <dependent idx="11">of</dependent>
          </dep>
          <dep type="amod">
            <governor idx="13">learning</governor>
            <dependent idx="12">collaborative</dependent>
          </dep>
          <dep type="nmod">
            <governor idx="10">method</governor>
            <dependent idx="13">learning</dependent>
          </dep>
          <dep type="mark">
            <governor idx="17">accept</governor>
            <dependent idx="14">before</dependent>
          </dep>
          <dep type="nsubj">
            <governor idx="17">accept</governor>
            <dependent idx="15">I</dependent>
          </dep>
          <dep type="aux">
            <governor idx="17">accept</governor>
            <dependent idx="16">can</dependent>
          </dep>
          <dep type="advcl">
            <governor idx="8">utilise</governor>
            <dependent idx="17">accept</dependent>
          </dep>
          <dep type="mark">
            <governor idx="20">assigned</governor>
            <dependent idx="18">to</dependent>
          </dep>
          <dep type="auxpass">
            <governor idx="20">assigned</governor>
            <dependent idx="19">be</dependent>
          </dep>
          <dep type="xcomp">
            <governor idx="17">accept</governor>
            <dependent idx="20">assigned</dependent>
          </dep>
          <dep type="det">
            <governor idx="23">degree</governor>
            <dependent idx="21">a</dependent>
          </dep>
          <dep type="amod">
            <governor idx="23">degree</governor>
            <dependent idx="22">high</dependent>
          </dep>
          <dep type="dobj">
            <governor idx="20">assigned</governor>
            <dependent idx="23">degree</dependent>
          </dep>
          <dep type="case">
            <governor idx="26">responsibility</governor>
            <dependent idx="24">of</dependent>
          </dep>
          <dep type="amod">
            <governor idx="26">responsibility</governor>
            <dependent idx="25">individual</dependent>
          </dep>
          <dep type="nmod">
            <governor idx="23">degree</governor>
            <dependent idx="26">responsibility</dependent>
          </dep>
          <dep type="punct">
            <governor idx="7">have</governor>
            <dependent idx="27">.</dependent>
          </dep>
        </dependencies>
        <dependencies type="collapsed-dependencies">
          <dep type="root">
            <governor idx="0">ROOT</governor>
            <dependent idx="7">have</dependent>
          </dep>
          <dep type="mark">
            <governor idx="4">do</governor>
            <dependent idx="1">In</dependent>
          </dep>
          <dep type="mwe">
            <governor idx="1">In</governor>
            <dependent idx="2">order</dependent>
          </dep>
          <dep type="mark">
            <governor idx="4">do</governor>
            <dependent idx="3">to</dependent>
          </dep>
          <dep type="advcl">
            <governor idx="7">have</governor>
            <dependent idx="4">do</dependent>
          </dep>
          <dep type="dobj">
            <governor idx="4">do</governor>
            <dependent idx="5">this</dependent>
          </dep>
          <dep type="nsubj">
            <governor idx="7">have</governor>
            <dependent idx="6">I</dependent>
          </dep>
          <dep type="ccomp">
            <governor idx="7">have</governor>
            <dependent idx="8">utilise</dependent>
          </dep>
          <dep type="det">
            <governor idx="10">method</governor>
            <dependent idx="9">the</dependent>
          </dep>
          <dep type="dobj">
            <governor idx="8">utilise</governor>
            <dependent idx="10">method</dependent>
          </dep>
          <dep type="case">
            <governor idx="13">learning</governor>
            <dependent idx="11">of</dependent>
          </dep>
          <dep type="amod">
            <governor idx="13">learning</governor>
            <dependent idx="12">collaborative</dependent>
          </dep>
          <dep type="nmod:of">
            <governor idx="10">method</governor>
            <dependent idx="13">learning</dependent>
          </dep>
          <dep type="mark">
            <governor idx="17">accept</governor>
            <dependent idx="14">before</dependent>
          </dep>
          <dep type="nsubj">
            <governor idx="17">accept</governor>
            <dependent idx="15">I</dependent>
          </dep>
          <dep type="aux">
            <governor idx="17">accept</governor>
            <dependent idx="16">can</dependent>
          </dep>
          <dep type="advcl">
            <governor idx="8">utilise</governor>
            <dependent idx="17">accept</dependent>
          </dep>
          <dep type="mark">
            <governor idx="20">assigned</governor>
            <dependent idx="18">to</dependent>
          </dep>
          <dep type="auxpass">
            <governor idx="20">assigned</governor>
            <dependent idx="19">be</dependent>
          </dep>
          <dep type="xcomp">
            <governor idx="17">accept</governor>
            <dependent idx="20">assigned</dependent>
          </dep>
          <dep type="det">
            <governor idx="23">degree</governor>
            <dependent idx="21">a</dependent>
          </dep>
          <dep type="amod">
            <governor idx="23">degree</governor>
            <dependent idx="22">high</dependent>
          </dep>
          <dep type="dobj">
            <governor idx="20">assigned</governor>
            <dependent idx="23">degree</dependent>
          </dep>
          <dep type="case">
            <governor idx="26">responsibility</governor>
            <dependent idx="24">of</dependent>
          </dep>
          <dep type="amod">
            <governor idx="26">responsibility</governor>
            <dependent idx="25">individual</dependent>
          </dep>
          <dep type="nmod:of">
            <governor idx="23">degree</governor>
            <dependent idx="26">responsibility</dependent>
          </dep>
          <dep type="punct">
            <governor idx="7">have</governor>
            <dependent idx="27">.</dependent>
          </dep>
        </dependencies>
        <dependencies type="collapsed-ccprocessed-dependencies">
          <dep type="root">
            <governor idx="0">ROOT</governor>
            <dependent idx="7">have</dependent>
          </dep>
          <dep type="mark">
            <governor idx="4">do</governor>
            <dependent idx="1">In</dependent>
          </dep>
          <dep type="mwe">
            <governor idx="1">In</governor>
            <dependent idx="2">order</dependent>
          </dep>
          <dep type="mark">
            <governor idx="4">do</governor>
            <dependent idx="3">to</dependent>
          </dep>
          <dep type="advcl">
            <governor idx="7">have</governor>
            <dependent idx="4">do</dependent>
          </dep>
          <dep type="dobj">
            <governor idx="4">do</governor>
            <dependent idx="5">this</dependent>
          </dep>
          <dep type="nsubj">
            <governor idx="7">have</governor>
            <dependent idx="6">I</dependent>
          </dep>
          <dep type="ccomp">
            <governor idx="7">have</governor>
            <dependent idx="8">utilise</dependent>
          </dep>
          <dep type="det">
            <governor idx="10">method</governor>
            <dependent idx="9">the</dependent>
          </dep>
          <dep type="dobj">
            <governor idx="8">utilise</governor>
            <dependent idx="10">method</dependent>
          </dep>
          <dep type="case">
            <governor idx="13">learning</governor>
            <dependent idx="11">of</dependent>
          </dep>
          <dep type="amod">
            <governor idx="13">learning</governor>
            <dependent idx="12">collaborative</dependent>
          </dep>
          <dep type="nmod:of">
            <governor idx="10">method</governor>
            <dependent idx="13">learning</dependent>
          </dep>
          <dep type="mark">
            <governor idx="17">accept</governor>
            <dependent idx="14">before</dependent>
          </dep>
          <dep type="nsubj">
            <governor idx="17">accept</governor>
            <dependent idx="15">I</dependent>
          </dep>
          <dep type="aux">
            <governor idx="17">accept</governor>
            <dependent idx="16">can</dependent>
          </dep>
          <dep type="advcl">
            <governor idx="8">utilise</governor>
            <dependent idx="17">accept</dependent>
          </dep>
          <dep type="mark">
            <governor idx="20">assigned</governor>
            <dependent idx="18">to</dependent>
          </dep>
          <dep type="auxpass">
            <governor idx="20">assigned</governor>
            <dependent idx="19">be</dependent>
          </dep>
          <dep type="xcomp">
            <governor idx="17">accept</governor>
            <dependent idx="20">assigned</dependent>
          </dep>
          <dep type="det">
            <governor idx="23">degree</governor>
            <dependent idx="21">a</dependent>
          </dep>
          <dep type="amod">
            <governor idx="23">degree</governor>
            <dependent idx="22">high</dependent>
          </dep>
          <dep type="dobj">
            <governor idx="20">assigned</governor>
            <dependent idx="23">degree</dependent>
          </dep>
          <dep type="case">
            <governor idx="26">responsibility</governor>
            <dependent idx="24">of</dependent>
          </dep>
          <dep type="amod">
            <governor idx="26">responsibility</governor>
            <dependent idx="25">individual</dependent>
          </dep>
          <dep type="nmod:of">
            <governor idx="23">degree</governor>
            <dependent idx="26">responsibility</dependent>
          </dep>
          <dep type="punct">
            <governor idx="7">have</governor>
            <dependent idx="27">.</dependent>
          </dep>
        </dependencies>
      </sentence>
      <sentence id="199">
        <tokens>
          <token id="1">
            <word>The</word>
            <lemma>the</lemma>
            <CharacterOffsetBegin>25426</CharacterOffsetBegin>
            <CharacterOffsetEnd>25429</CharacterOffsetEnd>
            <POS>DT</POS>
            <NER>O</NER>
            <Speaker>PER0</Speaker>
          </token>
          <token id="2">
            <word>main</word>
            <lemma>main</lemma>
            <CharacterOffsetBegin>25430</CharacterOffsetBegin>
            <CharacterOffsetEnd>25434</CharacterOffsetEnd>
            <POS>JJ</POS>
            <NER>O</NER>
            <Speaker>PER0</Speaker>
          </token>
          <token id="3">
            <word>concern</word>
            <lemma>concern</lemma>
            <CharacterOffsetBegin>25435</CharacterOffsetBegin>
            <CharacterOffsetEnd>25442</CharacterOffsetEnd>
            <POS>NN</POS>
            <NER>O</NER>
            <Speaker>PER0</Speaker>
          </token>
          <token id="4">
            <word>I</word>
            <lemma>I</lemma>
            <CharacterOffsetBegin>25443</CharacterOffsetBegin>
            <CharacterOffsetEnd>25444</CharacterOffsetEnd>
            <POS>PRP</POS>
            <NER>O</NER>
            <Speaker>PER0</Speaker>
          </token>
          <token id="5">
            <word>had</word>
            <lemma>have</lemma>
            <CharacterOffsetBegin>25445</CharacterOffsetBegin>
            <CharacterOffsetEnd>25448</CharacterOffsetEnd>
            <POS>VBD</POS>
            <NER>O</NER>
            <Speaker>PER0</Speaker>
          </token>
          <token id="6">
            <word>in</word>
            <lemma>in</lemma>
            <CharacterOffsetBegin>25449</CharacterOffsetBegin>
            <CharacterOffsetEnd>25451</CharacterOffsetEnd>
            <POS>IN</POS>
            <NER>O</NER>
            <Speaker>PER0</Speaker>
          </token>
          <token id="7">
            <word>this</word>
            <lemma>this</lemma>
            <CharacterOffsetBegin>25452</CharacterOffsetBegin>
            <CharacterOffsetEnd>25456</CharacterOffsetEnd>
            <POS>DT</POS>
            <NER>O</NER>
            <Speaker>PER0</Speaker>
          </token>
          <token id="8">
            <word>situation</word>
            <lemma>situation</lemma>
            <CharacterOffsetBegin>25457</CharacterOffsetBegin>
            <CharacterOffsetEnd>25466</CharacterOffsetEnd>
            <POS>NN</POS>
            <NER>O</NER>
            <Speaker>PER0</Speaker>
          </token>
          <token id="9">
            <word>was</word>
            <lemma>be</lemma>
            <CharacterOffsetBegin>25467</CharacterOffsetBegin>
            <CharacterOffsetEnd>25470</CharacterOffsetEnd>
            <POS>VBD</POS>
            <NER>O</NER>
            <Speaker>PER0</Speaker>
          </token>
          <token id="10">
            <word>that</word>
            <lemma>that</lemma>
            <CharacterOffsetBegin>25471</CharacterOffsetBegin>
            <CharacterOffsetEnd>25475</CharacterOffsetEnd>
            <POS>IN</POS>
            <NER>O</NER>
            <Speaker>PER0</Speaker>
          </token>
          <token id="11">
            <word>when</word>
            <lemma>when</lemma>
            <CharacterOffsetBegin>25476</CharacterOffsetBegin>
            <CharacterOffsetEnd>25480</CharacterOffsetEnd>
            <POS>WRB</POS>
            <NER>O</NER>
            <Speaker>PER0</Speaker>
          </token>
          <token id="12">
            <word>I</word>
            <lemma>I</lemma>
            <CharacterOffsetBegin>25481</CharacterOffsetBegin>
            <CharacterOffsetEnd>25482</CharacterOffsetEnd>
            <POS>PRP</POS>
            <NER>O</NER>
            <Speaker>PER0</Speaker>
          </token>
          <token id="13">
            <word>realised</word>
            <lemma>realise</lemma>
            <CharacterOffsetBegin>25483</CharacterOffsetBegin>
            <CharacterOffsetEnd>25491</CharacterOffsetEnd>
            <POS>VBD</POS>
            <NER>O</NER>
            <Speaker>PER0</Speaker>
          </token>
          <token id="14">
            <word>I</word>
            <lemma>I</lemma>
            <CharacterOffsetBegin>25492</CharacterOffsetBegin>
            <CharacterOffsetEnd>25493</CharacterOffsetEnd>
            <POS>PRP</POS>
            <NER>O</NER>
            <Speaker>PER0</Speaker>
          </token>
          <token id="15">
            <word>was</word>
            <lemma>be</lemma>
            <CharacterOffsetBegin>25494</CharacterOffsetBegin>
            <CharacterOffsetEnd>25497</CharacterOffsetEnd>
            <POS>VBD</POS>
            <NER>O</NER>
            <Speaker>PER0</Speaker>
          </token>
          <token id="16">
            <word>unable</word>
            <lemma>unable</lemma>
            <CharacterOffsetBegin>25498</CharacterOffsetBegin>
            <CharacterOffsetEnd>25504</CharacterOffsetEnd>
            <POS>JJ</POS>
            <NER>O</NER>
            <Speaker>PER0</Speaker>
          </token>
          <token id="17">
            <word>to</word>
            <lemma>to</lemma>
            <CharacterOffsetBegin>25505</CharacterOffsetBegin>
            <CharacterOffsetEnd>25507</CharacterOffsetEnd>
            <POS>TO</POS>
            <NER>O</NER>
            <Speaker>PER0</Speaker>
          </token>
          <token id="18">
            <word>complete</word>
            <lemma>complete</lemma>
            <CharacterOffsetBegin>25508</CharacterOffsetBegin>
            <CharacterOffsetEnd>25516</CharacterOffsetEnd>
            <POS>VB</POS>
            <NER>O</NER>
            <Speaker>PER0</Speaker>
          </token>
          <token id="19">
            <word>my</word>
            <lemma>my</lemma>
            <CharacterOffsetBegin>25517</CharacterOffsetBegin>
            <CharacterOffsetEnd>25519</CharacterOffsetEnd>
            <POS>PRP$</POS>
            <NER>O</NER>
            <Speaker>PER0</Speaker>
          </token>
          <token id="20">
            <word>task</word>
            <lemma>task</lemma>
            <CharacterOffsetBegin>25520</CharacterOffsetBegin>
            <CharacterOffsetEnd>25524</CharacterOffsetEnd>
            <POS>NN</POS>
            <NER>O</NER>
            <Speaker>PER0</Speaker>
          </token>
          <token id="21">
            <word>,</word>
            <lemma>,</lemma>
            <CharacterOffsetBegin>25524</CharacterOffsetBegin>
            <CharacterOffsetEnd>25525</CharacterOffsetEnd>
            <POS>,</POS>
            <NER>O</NER>
            <Speaker>PER0</Speaker>
          </token>
          <token id="22">
            <word>as</word>
            <lemma>as</lemma>
            <CharacterOffsetBegin>25526</CharacterOffsetBegin>
            <CharacterOffsetEnd>25528</CharacterOffsetEnd>
            <POS>IN</POS>
            <NER>O</NER>
            <Speaker>PER0</Speaker>
          </token>
          <token id="23">
            <word>I</word>
            <lemma>I</lemma>
            <CharacterOffsetBegin>25529</CharacterOffsetBegin>
            <CharacterOffsetEnd>25530</CharacterOffsetEnd>
            <POS>PRP</POS>
            <NER>O</NER>
            <Speaker>PER0</Speaker>
          </token>
          <token id="24">
            <word>had</word>
            <lemma>have</lemma>
            <CharacterOffsetBegin>25531</CharacterOffsetBegin>
            <CharacterOffsetEnd>25534</CharacterOffsetEnd>
            <POS>VBD</POS>
            <NER>O</NER>
            <Speaker>PER0</Speaker>
          </token>
          <token id="25">
            <word>not</word>
            <lemma>not</lemma>
            <CharacterOffsetBegin>25535</CharacterOffsetBegin>
            <CharacterOffsetEnd>25538</CharacterOffsetEnd>
            <POS>RB</POS>
            <NER>O</NER>
            <Speaker>PER0</Speaker>
          </token>
          <token id="26">
            <word>received</word>
            <lemma>receive</lemma>
            <CharacterOffsetBegin>25539</CharacterOffsetBegin>
            <CharacterOffsetEnd>25547</CharacterOffsetEnd>
            <POS>VBN</POS>
            <NER>O</NER>
            <Speaker>PER0</Speaker>
          </token>
          <token id="27">
            <word>training</word>
            <lemma>training</lemma>
            <CharacterOffsetBegin>25548</CharacterOffsetBegin>
            <CharacterOffsetEnd>25556</CharacterOffsetEnd>
            <POS>NN</POS>
            <NER>O</NER>
            <Speaker>PER0</Speaker>
          </token>
          <token id="28">
            <word>in</word>
            <lemma>in</lemma>
            <CharacterOffsetBegin>25557</CharacterOffsetBegin>
            <CharacterOffsetEnd>25559</CharacterOffsetEnd>
            <POS>IN</POS>
            <NER>O</NER>
            <Speaker>PER0</Speaker>
          </token>
          <token id="29">
            <word>it</word>
            <lemma>it</lemma>
            <CharacterOffsetBegin>25560</CharacterOffsetBegin>
            <CharacterOffsetEnd>25562</CharacterOffsetEnd>
            <POS>PRP</POS>
            <NER>O</NER>
            <Speaker>PER0</Speaker>
          </token>
          <token id="30">
            <word>,</word>
            <lemma>,</lemma>
            <CharacterOffsetBegin>25562</CharacterOffsetBegin>
            <CharacterOffsetEnd>25563</CharacterOffsetEnd>
            <POS>,</POS>
            <NER>O</NER>
            <Speaker>PER0</Speaker>
          </token>
          <token id="31">
            <word>I</word>
            <lemma>I</lemma>
            <CharacterOffsetBegin>25564</CharacterOffsetBegin>
            <CharacterOffsetEnd>25565</CharacterOffsetEnd>
            <POS>PRP</POS>
            <NER>O</NER>
            <Speaker>PER0</Speaker>
          </token>
          <token id="32">
            <word>simply</word>
            <lemma>simply</lemma>
            <CharacterOffsetBegin>25566</CharacterOffsetBegin>
            <CharacterOffsetEnd>25572</CharacterOffsetEnd>
            <POS>RB</POS>
            <NER>O</NER>
            <Speaker>PER0</Speaker>
          </token>
          <token id="33">
            <word>gave</word>
            <lemma>give</lemma>
            <CharacterOffsetBegin>25573</CharacterOffsetBegin>
            <CharacterOffsetEnd>25577</CharacterOffsetEnd>
            <POS>VBD</POS>
            <NER>O</NER>
            <Speaker>PER0</Speaker>
          </token>
          <token id="34">
            <word>it</word>
            <lemma>it</lemma>
            <CharacterOffsetBegin>25578</CharacterOffsetBegin>
            <CharacterOffsetEnd>25580</CharacterOffsetEnd>
            <POS>PRP</POS>
            <NER>O</NER>
            <Speaker>PER0</Speaker>
          </token>
          <token id="35">
            <word>to</word>
            <lemma>to</lemma>
            <CharacterOffsetBegin>25581</CharacterOffsetBegin>
            <CharacterOffsetEnd>25583</CharacterOffsetEnd>
            <POS>TO</POS>
            <NER>O</NER>
            <Speaker>PER0</Speaker>
          </token>
          <token id="36">
            <word>someone</word>
            <lemma>someone</lemma>
            <CharacterOffsetBegin>25584</CharacterOffsetBegin>
            <CharacterOffsetEnd>25591</CharacterOffsetEnd>
            <POS>NN</POS>
            <NER>O</NER>
            <Speaker>PER0</Speaker>
          </token>
          <token id="37">
            <word>else</word>
            <lemma>else</lemma>
            <CharacterOffsetBegin>25592</CharacterOffsetBegin>
            <CharacterOffsetEnd>25596</CharacterOffsetEnd>
            <POS>RB</POS>
            <NER>O</NER>
            <Speaker>PER0</Speaker>
          </token>
          <token id="38">
            <word>.</word>
            <lemma>.</lemma>
            <CharacterOffsetBegin>25596</CharacterOffsetBegin>
            <CharacterOffsetEnd>25597</CharacterOffsetEnd>
            <POS>.</POS>
            <NER>O</NER>
            <Speaker>PER0</Speaker>
          </token>
        </tokens>
        <parse>(ROOT (S (NP (NP (DT The) (JJ main) (NN concern)) (SBAR (S (NP (PRP I)) (VP (VBD had) (PP (IN in) (NP (DT this) (NN situation))))))) (VP (VBD was) (SBAR (IN that) (S (SBAR (WHADVP (WRB when)) (S (NP (PRP I)) (VP (VBD realised) (SBAR (S (NP (PRP I)) (VP (VBD was) (ADJP (JJ unable) (S (VP (TO to) (VP (VB complete) (NP (PRP$ my) (NN task)))))) (, ,) (SBAR (IN as) (S (NP (PRP I)) (VP (VBD had) (RB not) (VP (VBN received) (NP (NP (NN training)) (PP (IN in) (NP (PRP it)))))))))))))) (, ,) (NP (PRP I)) (ADVP (RB simply)) (VP (VBD gave) (NP (PRP it)) (PP (TO to) (NP (NN someone) (RB else))))))) (. .))) </parse>
        <dependencies type="basic-dependencies">
          <dep type="root">
            <governor idx="0">ROOT</governor>
            <dependent idx="9">was</dependent>
          </dep>
          <dep type="det">
            <governor idx="3">concern</governor>
            <dependent idx="1">The</dependent>
          </dep>
          <dep type="amod">
            <governor idx="3">concern</governor>
            <dependent idx="2">main</dependent>
          </dep>
          <dep type="nsubj">
            <governor idx="9">was</governor>
            <dependent idx="3">concern</dependent>
          </dep>
          <dep type="nsubj">
            <governor idx="5">had</governor>
            <dependent idx="4">I</dependent>
          </dep>
          <dep type="acl:relcl">
            <governor idx="3">concern</governor>
            <dependent idx="5">had</dependent>
          </dep>
          <dep type="case">
            <governor idx="8">situation</governor>
            <dependent idx="6">in</dependent>
          </dep>
          <dep type="det">
            <governor idx="8">situation</governor>
            <dependent idx="7">this</dependent>
          </dep>
          <dep type="nmod">
            <governor idx="5">had</governor>
            <dependent idx="8">situation</dependent>
          </dep>
          <dep type="mark">
            <governor idx="33">gave</governor>
            <dependent idx="10">that</dependent>
          </dep>
          <dep type="advmod">
            <governor idx="13">realised</governor>
            <dependent idx="11">when</dependent>
          </dep>
          <dep type="nsubj">
            <governor idx="13">realised</governor>
            <dependent idx="12">I</dependent>
          </dep>
          <dep type="advcl">
            <governor idx="33">gave</governor>
            <dependent idx="13">realised</dependent>
          </dep>
          <dep type="nsubj">
            <governor idx="16">unable</governor>
            <dependent idx="14">I</dependent>
          </dep>
          <dep type="cop">
            <governor idx="16">unable</governor>
            <dependent idx="15">was</dependent>
          </dep>
          <dep type="ccomp">
            <governor idx="13">realised</governor>
            <dependent idx="16">unable</dependent>
          </dep>
          <dep type="mark">
            <governor idx="18">complete</governor>
            <dependent idx="17">to</dependent>
          </dep>
          <dep type="xcomp">
            <governor idx="16">unable</governor>
            <dependent idx="18">complete</dependent>
          </dep>
          <dep type="nmod:poss">
            <governor idx="20">task</governor>
            <dependent idx="19">my</dependent>
          </dep>
          <dep type="dobj">
            <governor idx="18">complete</governor>
            <dependent idx="20">task</dependent>
          </dep>
          <dep type="punct">
            <governor idx="16">unable</governor>
            <dependent idx="21">,</dependent>
          </dep>
          <dep type="mark">
            <governor idx="26">received</governor>
            <dependent idx="22">as</dependent>
          </dep>
          <dep type="nsubj">
            <governor idx="26">received</governor>
            <dependent idx="23">I</dependent>
          </dep>
          <dep type="aux">
            <governor idx="26">received</governor>
            <dependent idx="24">had</dependent>
          </dep>
          <dep type="neg">
            <governor idx="26">received</governor>
            <dependent idx="25">not</dependent>
          </dep>
          <dep type="advcl">
            <governor idx="16">unable</governor>
            <dependent idx="26">received</dependent>
          </dep>
          <dep type="dobj">
            <governor idx="26">received</governor>
            <dependent idx="27">training</dependent>
          </dep>
          <dep type="case">
            <governor idx="29">it</governor>
            <dependent idx="28">in</dependent>
          </dep>
          <dep type="nmod">
            <governor idx="27">training</governor>
            <dependent idx="29">it</dependent>
          </dep>
          <dep type="punct">
            <governor idx="33">gave</governor>
            <dependent idx="30">,</dependent>
          </dep>
          <dep type="nsubj">
            <governor idx="33">gave</governor>
            <dependent idx="31">I</dependent>
          </dep>
          <dep type="advmod">
            <governor idx="33">gave</governor>
            <dependent idx="32">simply</dependent>
          </dep>
          <dep type="ccomp">
            <governor idx="9">was</governor>
            <dependent idx="33">gave</dependent>
          </dep>
          <dep type="dobj">
            <governor idx="33">gave</governor>
            <dependent idx="34">it</dependent>
          </dep>
          <dep type="case">
            <governor idx="36">someone</governor>
            <dependent idx="35">to</dependent>
          </dep>
          <dep type="nmod">
            <governor idx="33">gave</governor>
            <dependent idx="36">someone</dependent>
          </dep>
          <dep type="advmod">
            <governor idx="36">someone</governor>
            <dependent idx="37">else</dependent>
          </dep>
          <dep type="punct">
            <governor idx="9">was</governor>
            <dependent idx="38">.</dependent>
          </dep>
        </dependencies>
        <dependencies type="collapsed-dependencies">
          <dep type="root">
            <governor idx="0">ROOT</governor>
            <dependent idx="9">was</dependent>
          </dep>
          <dep type="det">
            <governor idx="3">concern</governor>
            <dependent idx="1">The</dependent>
          </dep>
          <dep type="amod">
            <governor idx="3">concern</governor>
            <dependent idx="2">main</dependent>
          </dep>
          <dep type="nsubj">
            <governor idx="9">was</governor>
            <dependent idx="3">concern</dependent>
          </dep>
          <dep type="nsubj">
            <governor idx="5">had</governor>
            <dependent idx="4">I</dependent>
          </dep>
          <dep type="acl:relcl">
            <governor idx="3">concern</governor>
            <dependent idx="5">had</dependent>
          </dep>
          <dep type="case">
            <governor idx="8">situation</governor>
            <dependent idx="6">in</dependent>
          </dep>
          <dep type="det">
            <governor idx="8">situation</governor>
            <dependent idx="7">this</dependent>
          </dep>
          <dep type="nmod:in">
            <governor idx="5">had</governor>
            <dependent idx="8">situation</dependent>
          </dep>
          <dep type="mark">
            <governor idx="33">gave</governor>
            <dependent idx="10">that</dependent>
          </dep>
          <dep type="advmod">
            <governor idx="13">realised</governor>
            <dependent idx="11">when</dependent>
          </dep>
          <dep type="nsubj">
            <governor idx="13">realised</governor>
            <dependent idx="12">I</dependent>
          </dep>
          <dep type="advcl">
            <governor idx="33">gave</governor>
            <dependent idx="13">realised</dependent>
          </dep>
          <dep type="nsubj">
            <governor idx="16">unable</governor>
            <dependent idx="14">I</dependent>
          </dep>
          <dep type="cop">
            <governor idx="16">unable</governor>
            <dependent idx="15">was</dependent>
          </dep>
          <dep type="ccomp">
            <governor idx="13">realised</governor>
            <dependent idx="16">unable</dependent>
          </dep>
          <dep type="mark">
            <governor idx="18">complete</governor>
            <dependent idx="17">to</dependent>
          </dep>
          <dep type="xcomp">
            <governor idx="16">unable</governor>
            <dependent idx="18">complete</dependent>
          </dep>
          <dep type="nmod:poss">
            <governor idx="20">task</governor>
            <dependent idx="19">my</dependent>
          </dep>
          <dep type="dobj">
            <governor idx="18">complete</governor>
            <dependent idx="20">task</dependent>
          </dep>
          <dep type="punct">
            <governor idx="16">unable</governor>
            <dependent idx="21">,</dependent>
          </dep>
          <dep type="mark">
            <governor idx="26">received</governor>
            <dependent idx="22">as</dependent>
          </dep>
          <dep type="nsubj">
            <governor idx="26">received</governor>
            <dependent idx="23">I</dependent>
          </dep>
          <dep type="aux">
            <governor idx="26">received</governor>
            <dependent idx="24">had</dependent>
          </dep>
          <dep type="neg">
            <governor idx="26">received</governor>
            <dependent idx="25">not</dependent>
          </dep>
          <dep type="advcl">
            <governor idx="16">unable</governor>
            <dependent idx="26">received</dependent>
          </dep>
          <dep type="dobj">
            <governor idx="26">received</governor>
            <dependent idx="27">training</dependent>
          </dep>
          <dep type="case">
            <governor idx="29">it</governor>
            <dependent idx="28">in</dependent>
          </dep>
          <dep type="nmod:in">
            <governor idx="27">training</governor>
            <dependent idx="29">it</dependent>
          </dep>
          <dep type="punct">
            <governor idx="33">gave</governor>
            <dependent idx="30">,</dependent>
          </dep>
          <dep type="nsubj">
            <governor idx="33">gave</governor>
            <dependent idx="31">I</dependent>
          </dep>
          <dep type="advmod">
            <governor idx="33">gave</governor>
            <dependent idx="32">simply</dependent>
          </dep>
          <dep type="ccomp">
            <governor idx="9">was</governor>
            <dependent idx="33">gave</dependent>
          </dep>
          <dep type="dobj">
            <governor idx="33">gave</governor>
            <dependent idx="34">it</dependent>
          </dep>
          <dep type="case">
            <governor idx="36">someone</governor>
            <dependent idx="35">to</dependent>
          </dep>
          <dep type="nmod:to">
            <governor idx="33">gave</governor>
            <dependent idx="36">someone</dependent>
          </dep>
          <dep type="advmod">
            <governor idx="36">someone</governor>
            <dependent idx="37">else</dependent>
          </dep>
          <dep type="punct">
            <governor idx="9">was</governor>
            <dependent idx="38">.</dependent>
          </dep>
        </dependencies>
        <dependencies type="collapsed-ccprocessed-dependencies">
          <dep type="root">
            <governor idx="0">ROOT</governor>
            <dependent idx="9">was</dependent>
          </dep>
          <dep type="det">
            <governor idx="3">concern</governor>
            <dependent idx="1">The</dependent>
          </dep>
          <dep type="amod">
            <governor idx="3">concern</governor>
            <dependent idx="2">main</dependent>
          </dep>
          <dep type="nsubj">
            <governor idx="9">was</governor>
            <dependent idx="3">concern</dependent>
          </dep>
          <dep type="nsubj">
            <governor idx="5">had</governor>
            <dependent idx="4">I</dependent>
          </dep>
          <dep type="acl:relcl">
            <governor idx="3">concern</governor>
            <dependent idx="5">had</dependent>
          </dep>
          <dep type="case">
            <governor idx="8">situation</governor>
            <dependent idx="6">in</dependent>
          </dep>
          <dep type="det">
            <governor idx="8">situation</governor>
            <dependent idx="7">this</dependent>
          </dep>
          <dep type="nmod:in">
            <governor idx="5">had</governor>
            <dependent idx="8">situation</dependent>
          </dep>
          <dep type="mark">
            <governor idx="33">gave</governor>
            <dependent idx="10">that</dependent>
          </dep>
          <dep type="advmod">
            <governor idx="13">realised</governor>
            <dependent idx="11">when</dependent>
          </dep>
          <dep type="nsubj">
            <governor idx="13">realised</governor>
            <dependent idx="12">I</dependent>
          </dep>
          <dep type="advcl">
            <governor idx="33">gave</governor>
            <dependent idx="13">realised</dependent>
          </dep>
          <dep type="nsubj">
            <governor idx="16">unable</governor>
            <dependent idx="14">I</dependent>
          </dep>
          <dep type="cop">
            <governor idx="16">unable</governor>
            <dependent idx="15">was</dependent>
          </dep>
          <dep type="ccomp">
            <governor idx="13">realised</governor>
            <dependent idx="16">unable</dependent>
          </dep>
          <dep type="mark">
            <governor idx="18">complete</governor>
            <dependent idx="17">to</dependent>
          </dep>
          <dep type="xcomp">
            <governor idx="16">unable</governor>
            <dependent idx="18">complete</dependent>
          </dep>
          <dep type="nmod:poss">
            <governor idx="20">task</governor>
            <dependent idx="19">my</dependent>
          </dep>
          <dep type="dobj">
            <governor idx="18">complete</governor>
            <dependent idx="20">task</dependent>
          </dep>
          <dep type="punct">
            <governor idx="16">unable</governor>
            <dependent idx="21">,</dependent>
          </dep>
          <dep type="mark">
            <governor idx="26">received</governor>
            <dependent idx="22">as</dependent>
          </dep>
          <dep type="nsubj">
            <governor idx="26">received</governor>
            <dependent idx="23">I</dependent>
          </dep>
          <dep type="aux">
            <governor idx="26">received</governor>
            <dependent idx="24">had</dependent>
          </dep>
          <dep type="neg">
            <governor idx="26">received</governor>
            <dependent idx="25">not</dependent>
          </dep>
          <dep type="advcl">
            <governor idx="16">unable</governor>
            <dependent idx="26">received</dependent>
          </dep>
          <dep type="dobj">
            <governor idx="26">received</governor>
            <dependent idx="27">training</dependent>
          </dep>
          <dep type="case">
            <governor idx="29">it</governor>
            <dependent idx="28">in</dependent>
          </dep>
          <dep type="nmod:in">
            <governor idx="27">training</governor>
            <dependent idx="29">it</dependent>
          </dep>
          <dep type="punct">
            <governor idx="33">gave</governor>
            <dependent idx="30">,</dependent>
          </dep>
          <dep type="nsubj">
            <governor idx="33">gave</governor>
            <dependent idx="31">I</dependent>
          </dep>
          <dep type="advmod">
            <governor idx="33">gave</governor>
            <dependent idx="32">simply</dependent>
          </dep>
          <dep type="ccomp">
            <governor idx="9">was</governor>
            <dependent idx="33">gave</dependent>
          </dep>
          <dep type="dobj">
            <governor idx="33">gave</governor>
            <dependent idx="34">it</dependent>
          </dep>
          <dep type="case">
            <governor idx="36">someone</governor>
            <dependent idx="35">to</dependent>
          </dep>
          <dep type="nmod:to">
            <governor idx="33">gave</governor>
            <dependent idx="36">someone</dependent>
          </dep>
          <dep type="advmod">
            <governor idx="36">someone</governor>
            <dependent idx="37">else</dependent>
          </dep>
          <dep type="punct">
            <governor idx="9">was</governor>
            <dependent idx="38">.</dependent>
          </dep>
        </dependencies>
      </sentence>
      <sentence id="200">
        <tokens>
          <token id="1">
            <word>In</word>
            <lemma>in</lemma>
            <CharacterOffsetBegin>25598</CharacterOffsetBegin>
            <CharacterOffsetEnd>25600</CharacterOffsetEnd>
            <POS>IN</POS>
            <NER>O</NER>
            <Speaker>PER0</Speaker>
          </token>
          <token id="2">
            <word>the</word>
            <lemma>the</lemma>
            <CharacterOffsetBegin>25601</CharacterOffsetBegin>
            <CharacterOffsetEnd>25604</CharacterOffsetEnd>
            <POS>DT</POS>
            <NER>DATE</NER>
            <NormalizedNER>FUTURE_REF</NormalizedNER>
            <Speaker>PER0</Speaker>
            <Timex tid="t37" type="DATE">FUTURE_REF</Timex>
          </token>
          <token id="3">
            <word>future</word>
            <lemma>future</lemma>
            <CharacterOffsetBegin>25605</CharacterOffsetBegin>
            <CharacterOffsetEnd>25611</CharacterOffsetEnd>
            <POS>NN</POS>
            <NER>DATE</NER>
            <NormalizedNER>FUTURE_REF</NormalizedNER>
            <Speaker>PER0</Speaker>
            <Timex tid="t37" type="DATE">FUTURE_REF</Timex>
          </token>
          <token id="4">
            <word>it</word>
            <lemma>it</lemma>
            <CharacterOffsetBegin>25612</CharacterOffsetBegin>
            <CharacterOffsetEnd>25614</CharacterOffsetEnd>
            <POS>PRP</POS>
            <NER>O</NER>
            <Speaker>PER0</Speaker>
          </token>
          <token id="5">
            <word>would</word>
            <lemma>would</lemma>
            <CharacterOffsetBegin>25615</CharacterOffsetBegin>
            <CharacterOffsetEnd>25620</CharacterOffsetEnd>
            <POS>MD</POS>
            <NER>O</NER>
            <Speaker>PER0</Speaker>
          </token>
          <token id="6">
            <word>be</word>
            <lemma>be</lemma>
            <CharacterOffsetBegin>25621</CharacterOffsetBegin>
            <CharacterOffsetEnd>25623</CharacterOffsetEnd>
            <POS>VB</POS>
            <NER>O</NER>
            <Speaker>PER0</Speaker>
          </token>
          <token id="7">
            <word>beneficial</word>
            <lemma>beneficial</lemma>
            <CharacterOffsetBegin>25624</CharacterOffsetBegin>
            <CharacterOffsetEnd>25634</CharacterOffsetEnd>
            <POS>JJ</POS>
            <NER>O</NER>
            <Speaker>PER0</Speaker>
          </token>
          <token id="8">
            <word>for</word>
            <lemma>for</lemma>
            <CharacterOffsetBegin>25635</CharacterOffsetBegin>
            <CharacterOffsetEnd>25638</CharacterOffsetEnd>
            <POS>IN</POS>
            <NER>O</NER>
            <Speaker>PER0</Speaker>
          </token>
          <token id="9">
            <word>me</word>
            <lemma>I</lemma>
            <CharacterOffsetBegin>25639</CharacterOffsetBegin>
            <CharacterOffsetEnd>25641</CharacterOffsetEnd>
            <POS>PRP</POS>
            <NER>O</NER>
            <Speaker>PER0</Speaker>
          </token>
          <token id="10">
            <word>to</word>
            <lemma>to</lemma>
            <CharacterOffsetBegin>25642</CharacterOffsetBegin>
            <CharacterOffsetEnd>25644</CharacterOffsetEnd>
            <POS>TO</POS>
            <NER>O</NER>
            <Speaker>PER0</Speaker>
          </token>
          <token id="11">
            <word>sit</word>
            <lemma>sit</lemma>
            <CharacterOffsetBegin>25645</CharacterOffsetBegin>
            <CharacterOffsetEnd>25648</CharacterOffsetEnd>
            <POS>VB</POS>
            <NER>O</NER>
            <Speaker>PER0</Speaker>
          </token>
          <token id="12">
            <word>with</word>
            <lemma>with</lemma>
            <CharacterOffsetBegin>25649</CharacterOffsetBegin>
            <CharacterOffsetEnd>25653</CharacterOffsetEnd>
            <POS>IN</POS>
            <NER>O</NER>
            <Speaker>PER0</Speaker>
          </token>
          <token id="13">
            <word>them</word>
            <lemma>they</lemma>
            <CharacterOffsetBegin>25654</CharacterOffsetBegin>
            <CharacterOffsetEnd>25658</CharacterOffsetEnd>
            <POS>PRP</POS>
            <NER>O</NER>
            <Speaker>PER0</Speaker>
          </token>
          <token id="14">
            <word>and</word>
            <lemma>and</lemma>
            <CharacterOffsetBegin>25659</CharacterOffsetBegin>
            <CharacterOffsetEnd>25662</CharacterOffsetEnd>
            <POS>CC</POS>
            <NER>O</NER>
            <Speaker>PER0</Speaker>
          </token>
          <token id="15">
            <word>take</word>
            <lemma>take</lemma>
            <CharacterOffsetBegin>25663</CharacterOffsetBegin>
            <CharacterOffsetEnd>25667</CharacterOffsetEnd>
            <POS>VB</POS>
            <NER>O</NER>
            <Speaker>PER0</Speaker>
          </token>
          <token id="16">
            <word>notes</word>
            <lemma>note</lemma>
            <CharacterOffsetBegin>25668</CharacterOffsetBegin>
            <CharacterOffsetEnd>25673</CharacterOffsetEnd>
            <POS>NNS</POS>
            <NER>O</NER>
            <Speaker>PER0</Speaker>
          </token>
          <token id="17">
            <word>on</word>
            <lemma>on</lemma>
            <CharacterOffsetBegin>25674</CharacterOffsetBegin>
            <CharacterOffsetEnd>25676</CharacterOffsetEnd>
            <POS>IN</POS>
            <NER>O</NER>
            <Speaker>PER0</Speaker>
          </token>
          <token id="18">
            <word>how</word>
            <lemma>how</lemma>
            <CharacterOffsetBegin>25677</CharacterOffsetBegin>
            <CharacterOffsetEnd>25680</CharacterOffsetEnd>
            <POS>WRB</POS>
            <NER>O</NER>
            <Speaker>PER0</Speaker>
          </token>
          <token id="19">
            <word>they</word>
            <lemma>they</lemma>
            <CharacterOffsetBegin>25681</CharacterOffsetBegin>
            <CharacterOffsetEnd>25685</CharacterOffsetEnd>
            <POS>PRP</POS>
            <NER>O</NER>
            <Speaker>PER0</Speaker>
          </token>
          <token id="20">
            <word>completed</word>
            <lemma>complete</lemma>
            <CharacterOffsetBegin>25686</CharacterOffsetBegin>
            <CharacterOffsetEnd>25695</CharacterOffsetEnd>
            <POS>VBD</POS>
            <NER>O</NER>
            <Speaker>PER0</Speaker>
          </token>
          <token id="21">
            <word>the</word>
            <lemma>the</lemma>
            <CharacterOffsetBegin>25696</CharacterOffsetBegin>
            <CharacterOffsetEnd>25699</CharacterOffsetEnd>
            <POS>DT</POS>
            <NER>O</NER>
            <Speaker>PER0</Speaker>
          </token>
          <token id="22">
            <word>task</word>
            <lemma>task</lemma>
            <CharacterOffsetBegin>25700</CharacterOffsetBegin>
            <CharacterOffsetEnd>25704</CharacterOffsetEnd>
            <POS>NN</POS>
            <NER>O</NER>
            <Speaker>PER0</Speaker>
          </token>
          <token id="23">
            <word>as</word>
            <lemma>as</lemma>
            <CharacterOffsetBegin>25705</CharacterOffsetBegin>
            <CharacterOffsetEnd>25707</CharacterOffsetEnd>
            <POS>IN</POS>
            <NER>O</NER>
            <Speaker>PER0</Speaker>
          </token>
          <token id="24">
            <word>this</word>
            <lemma>this</lemma>
            <CharacterOffsetBegin>25708</CharacterOffsetBegin>
            <CharacterOffsetEnd>25712</CharacterOffsetEnd>
            <POS>DT</POS>
            <NER>O</NER>
            <Speaker>PER0</Speaker>
          </token>
          <token id="25">
            <word>would</word>
            <lemma>would</lemma>
            <CharacterOffsetBegin>25713</CharacterOffsetBegin>
            <CharacterOffsetEnd>25718</CharacterOffsetEnd>
            <POS>MD</POS>
            <NER>O</NER>
            <Speaker>PER0</Speaker>
          </token>
          <token id="26">
            <word>mean</word>
            <lemma>mean</lemma>
            <CharacterOffsetBegin>25719</CharacterOffsetBegin>
            <CharacterOffsetEnd>25723</CharacterOffsetEnd>
            <POS>VB</POS>
            <NER>O</NER>
            <Speaker>PER0</Speaker>
          </token>
          <token id="27">
            <word>that</word>
            <lemma>that</lemma>
            <CharacterOffsetBegin>25724</CharacterOffsetBegin>
            <CharacterOffsetEnd>25728</CharacterOffsetEnd>
            <POS>IN</POS>
            <NER>O</NER>
            <Speaker>PER0</Speaker>
          </token>
          <token id="28">
            <word>I</word>
            <lemma>I</lemma>
            <CharacterOffsetBegin>25729</CharacterOffsetBegin>
            <CharacterOffsetEnd>25730</CharacterOffsetEnd>
            <POS>PRP</POS>
            <NER>O</NER>
            <Speaker>PER0</Speaker>
          </token>
          <token id="29">
            <word>am</word>
            <lemma>be</lemma>
            <CharacterOffsetBegin>25731</CharacterOffsetBegin>
            <CharacterOffsetEnd>25733</CharacterOffsetEnd>
            <POS>VBP</POS>
            <NER>O</NER>
            <Speaker>PER0</Speaker>
          </token>
          <token id="30">
            <word>still</word>
            <lemma>still</lemma>
            <CharacterOffsetBegin>25734</CharacterOffsetBegin>
            <CharacterOffsetEnd>25739</CharacterOffsetEnd>
            <POS>RB</POS>
            <NER>O</NER>
            <Speaker>PER0</Speaker>
          </token>
          <token id="31">
            <word>taking</word>
            <lemma>take</lemma>
            <CharacterOffsetBegin>25740</CharacterOffsetBegin>
            <CharacterOffsetEnd>25746</CharacterOffsetEnd>
            <POS>VBG</POS>
            <NER>O</NER>
            <Speaker>PER0</Speaker>
          </token>
          <token id="32">
            <word>responsibility</word>
            <lemma>responsibility</lemma>
            <CharacterOffsetBegin>25747</CharacterOffsetBegin>
            <CharacterOffsetEnd>25761</CharacterOffsetEnd>
            <POS>NN</POS>
            <NER>O</NER>
            <Speaker>PER0</Speaker>
          </token>
          <token id="33">
            <word>for</word>
            <lemma>for</lemma>
            <CharacterOffsetBegin>25762</CharacterOffsetBegin>
            <CharacterOffsetEnd>25765</CharacterOffsetEnd>
            <POS>IN</POS>
            <NER>O</NER>
            <Speaker>PER0</Speaker>
          </token>
          <token id="34">
            <word>my</word>
            <lemma>my</lemma>
            <CharacterOffsetBegin>25766</CharacterOffsetBegin>
            <CharacterOffsetEnd>25768</CharacterOffsetEnd>
            <POS>PRP$</POS>
            <NER>O</NER>
            <Speaker>PER0</Speaker>
          </token>
          <token id="35">
            <word>role</word>
            <lemma>role</lemma>
            <CharacterOffsetBegin>25769</CharacterOffsetBegin>
            <CharacterOffsetEnd>25773</CharacterOffsetEnd>
            <POS>NN</POS>
            <NER>O</NER>
            <Speaker>PER0</Speaker>
          </token>
          <token id="36">
            <word>by</word>
            <lemma>by</lemma>
            <CharacterOffsetBegin>25774</CharacterOffsetBegin>
            <CharacterOffsetEnd>25776</CharacterOffsetEnd>
            <POS>IN</POS>
            <NER>O</NER>
            <Speaker>PER0</Speaker>
          </token>
          <token id="37">
            <word>learning</word>
            <lemma>learn</lemma>
            <CharacterOffsetBegin>25777</CharacterOffsetBegin>
            <CharacterOffsetEnd>25785</CharacterOffsetEnd>
            <POS>VBG</POS>
            <NER>O</NER>
            <Speaker>PER0</Speaker>
          </token>
          <token id="38">
            <word>how</word>
            <lemma>how</lemma>
            <CharacterOffsetBegin>25786</CharacterOffsetBegin>
            <CharacterOffsetEnd>25789</CharacterOffsetEnd>
            <POS>WRB</POS>
            <NER>O</NER>
            <Speaker>PER0</Speaker>
          </token>
          <token id="39">
            <word>to</word>
            <lemma>to</lemma>
            <CharacterOffsetBegin>25790</CharacterOffsetBegin>
            <CharacterOffsetEnd>25792</CharacterOffsetEnd>
            <POS>TO</POS>
            <NER>O</NER>
            <Speaker>PER0</Speaker>
          </token>
          <token id="40">
            <word>face</word>
            <lemma>face</lemma>
            <CharacterOffsetBegin>25793</CharacterOffsetBegin>
            <CharacterOffsetEnd>25797</CharacterOffsetEnd>
            <POS>VB</POS>
            <NER>O</NER>
            <Speaker>PER0</Speaker>
          </token>
          <token id="41">
            <word>the</word>
            <lemma>the</lemma>
            <CharacterOffsetBegin>25798</CharacterOffsetBegin>
            <CharacterOffsetEnd>25801</CharacterOffsetEnd>
            <POS>DT</POS>
            <NER>O</NER>
            <Speaker>PER0</Speaker>
          </token>
          <token id="42">
            <word>challenge</word>
            <lemma>challenge</lemma>
            <CharacterOffsetBegin>25802</CharacterOffsetBegin>
            <CharacterOffsetEnd>25811</CharacterOffsetEnd>
            <POS>NN</POS>
            <NER>O</NER>
            <Speaker>PER0</Speaker>
          </token>
          <token id="43">
            <word>next</word>
            <lemma>next</lemma>
            <CharacterOffsetBegin>25812</CharacterOffsetBegin>
            <CharacterOffsetEnd>25816</CharacterOffsetEnd>
            <POS>JJ</POS>
            <NER>O</NER>
            <Speaker>PER0</Speaker>
          </token>
          <token id="44">
            <word>time</word>
            <lemma>time</lemma>
            <CharacterOffsetBegin>25817</CharacterOffsetBegin>
            <CharacterOffsetEnd>25821</CharacterOffsetEnd>
            <POS>NN</POS>
            <NER>O</NER>
            <Speaker>PER0</Speaker>
          </token>
          <token id="45">
            <word>it</word>
            <lemma>it</lemma>
            <CharacterOffsetBegin>25822</CharacterOffsetBegin>
            <CharacterOffsetEnd>25824</CharacterOffsetEnd>
            <POS>PRP</POS>
            <NER>O</NER>
            <Speaker>PER0</Speaker>
          </token>
          <token id="46">
            <word>occurred</word>
            <lemma>occur</lemma>
            <CharacterOffsetBegin>25825</CharacterOffsetBegin>
            <CharacterOffsetEnd>25833</CharacterOffsetEnd>
            <POS>VBD</POS>
            <NER>O</NER>
            <Speaker>PER0</Speaker>
          </token>
          <token id="47">
            <word>.</word>
            <lemma>.</lemma>
            <CharacterOffsetBegin>25833</CharacterOffsetBegin>
            <CharacterOffsetEnd>25834</CharacterOffsetEnd>
            <POS>.</POS>
            <NER>O</NER>
            <Speaker>PER0</Speaker>
          </token>
        </tokens>
        <parse>(ROOT (S (PP (IN In) (NP (DT the) (NN future))) (NP (PRP it)) (VP (MD would) (VP (VB be) (ADJP (JJ beneficial)) (SBAR (IN for) (S (NP (PRP me)) (VP (TO to) (VP (VP (VB sit) (PP (IN with) (NP (PRP them)))) (CC and) (VP (VB take) (NP (NNS notes)) (PP (IN on) (SBAR (WHADVP (WRB how)) (S (NP (PRP they)) (VP (VBD completed) (NP (DT the) (NN task)) (SBAR (IN as) (S (NP (DT this)) (VP (MD would) (VP (VB mean) (SBAR (IN that) (S (NP (PRP I)) (VP (VBP am) (ADVP (RB still)) (VP (VBG taking) (NP (NP (NN responsibility)) (PP (IN for) (NP (PRP$ my) (NN role)))) (PP (IN by) (S (VP (VBG learning) (SBAR (WHADVP (WRB how)) (S (VP (TO to) (VP (VB face) (NP (DT the) (NN challenge)) (NP-TMP (JJ next) (NN time)) (SBAR (S (NP (PRP it)) (VP (VBD occurred)))))))))))))))))))))))))))))) (. .))) </parse>
        <dependencies type="basic-dependencies">
          <dep type="root">
            <governor idx="0">ROOT</governor>
            <dependent idx="7">beneficial</dependent>
          </dep>
          <dep type="case">
            <governor idx="3">future</governor>
            <dependent idx="1">In</dependent>
          </dep>
          <dep type="det">
            <governor idx="3">future</governor>
            <dependent idx="2">the</dependent>
          </dep>
          <dep type="nmod">
            <governor idx="7">beneficial</governor>
            <dependent idx="3">future</dependent>
          </dep>
          <dep type="nsubj">
            <governor idx="7">beneficial</governor>
            <dependent idx="4">it</dependent>
          </dep>
          <dep type="aux">
            <governor idx="7">beneficial</governor>
            <dependent idx="5">would</dependent>
          </dep>
          <dep type="cop">
            <governor idx="7">beneficial</governor>
            <dependent idx="6">be</dependent>
          </dep>
          <dep type="mark">
            <governor idx="11">sit</governor>
            <dependent idx="8">for</dependent>
          </dep>
          <dep type="nsubj">
            <governor idx="11">sit</governor>
            <dependent idx="9">me</dependent>
          </dep>
          <dep type="mark">
            <governor idx="11">sit</governor>
            <dependent idx="10">to</dependent>
          </dep>
          <dep type="advcl">
            <governor idx="7">beneficial</governor>
            <dependent idx="11">sit</dependent>
          </dep>
          <dep type="case">
            <governor idx="13">them</governor>
            <dependent idx="12">with</dependent>
          </dep>
          <dep type="nmod">
            <governor idx="11">sit</governor>
            <dependent idx="13">them</dependent>
          </dep>
          <dep type="cc">
            <governor idx="11">sit</governor>
            <dependent idx="14">and</dependent>
          </dep>
          <dep type="conj">
            <governor idx="11">sit</governor>
            <dependent idx="15">take</dependent>
          </dep>
          <dep type="dobj">
            <governor idx="15">take</governor>
            <dependent idx="16">notes</dependent>
          </dep>
          <dep type="mark">
            <governor idx="20">completed</governor>
            <dependent idx="17">on</dependent>
          </dep>
          <dep type="advmod">
            <governor idx="20">completed</governor>
            <dependent idx="18">how</dependent>
          </dep>
          <dep type="nsubj">
            <governor idx="20">completed</governor>
            <dependent idx="19">they</dependent>
          </dep>
          <dep type="advcl">
            <governor idx="15">take</governor>
            <dependent idx="20">completed</dependent>
          </dep>
          <dep type="det">
            <governor idx="22">task</governor>
            <dependent idx="21">the</dependent>
          </dep>
          <dep type="dobj">
            <governor idx="20">completed</governor>
            <dependent idx="22">task</dependent>
          </dep>
          <dep type="mark">
            <governor idx="26">mean</governor>
            <dependent idx="23">as</dependent>
          </dep>
          <dep type="nsubj">
            <governor idx="26">mean</governor>
            <dependent idx="24">this</dependent>
          </dep>
          <dep type="aux">
            <governor idx="26">mean</governor>
            <dependent idx="25">would</dependent>
          </dep>
          <dep type="advcl">
            <governor idx="20">completed</governor>
            <dependent idx="26">mean</dependent>
          </dep>
          <dep type="mark">
            <governor idx="31">taking</governor>
            <dependent idx="27">that</dependent>
          </dep>
          <dep type="nsubj">
            <governor idx="31">taking</governor>
            <dependent idx="28">I</dependent>
          </dep>
          <dep type="aux">
            <governor idx="31">taking</governor>
            <dependent idx="29">am</dependent>
          </dep>
          <dep type="advmod">
            <governor idx="31">taking</governor>
            <dependent idx="30">still</dependent>
          </dep>
          <dep type="ccomp">
            <governor idx="26">mean</governor>
            <dependent idx="31">taking</dependent>
          </dep>
          <dep type="dobj">
            <governor idx="31">taking</governor>
            <dependent idx="32">responsibility</dependent>
          </dep>
          <dep type="case">
            <governor idx="35">role</governor>
            <dependent idx="33">for</dependent>
          </dep>
          <dep type="nmod:poss">
            <governor idx="35">role</governor>
            <dependent idx="34">my</dependent>
          </dep>
          <dep type="nmod">
            <governor idx="32">responsibility</governor>
            <dependent idx="35">role</dependent>
          </dep>
          <dep type="mark">
            <governor idx="37">learning</governor>
            <dependent idx="36">by</dependent>
          </dep>
          <dep type="advcl">
            <governor idx="31">taking</governor>
            <dependent idx="37">learning</dependent>
          </dep>
          <dep type="advmod">
            <governor idx="40">face</governor>
            <dependent idx="38">how</dependent>
          </dep>
          <dep type="mark">
            <governor idx="40">face</governor>
            <dependent idx="39">to</dependent>
          </dep>
          <dep type="ccomp">
            <governor idx="37">learning</governor>
            <dependent idx="40">face</dependent>
          </dep>
          <dep type="det">
            <governor idx="42">challenge</governor>
            <dependent idx="41">the</dependent>
          </dep>
          <dep type="dobj">
            <governor idx="40">face</governor>
            <dependent idx="42">challenge</dependent>
          </dep>
          <dep type="amod">
            <governor idx="44">time</governor>
            <dependent idx="43">next</dependent>
          </dep>
          <dep type="nmod:tmod">
            <governor idx="40">face</governor>
            <dependent idx="44">time</dependent>
          </dep>
          <dep type="nsubj">
            <governor idx="46">occurred</governor>
            <dependent idx="45">it</dependent>
          </dep>
          <dep type="dep">
            <governor idx="40">face</governor>
            <dependent idx="46">occurred</dependent>
          </dep>
          <dep type="punct">
            <governor idx="7">beneficial</governor>
            <dependent idx="47">.</dependent>
          </dep>
        </dependencies>
        <dependencies type="collapsed-dependencies">
          <dep type="root">
            <governor idx="0">ROOT</governor>
            <dependent idx="7">beneficial</dependent>
          </dep>
          <dep type="case">
            <governor idx="3">future</governor>
            <dependent idx="1">In</dependent>
          </dep>
          <dep type="det">
            <governor idx="3">future</governor>
            <dependent idx="2">the</dependent>
          </dep>
          <dep type="nmod:in">
            <governor idx="7">beneficial</governor>
            <dependent idx="3">future</dependent>
          </dep>
          <dep type="nsubj">
            <governor idx="7">beneficial</governor>
            <dependent idx="4">it</dependent>
          </dep>
          <dep type="aux">
            <governor idx="7">beneficial</governor>
            <dependent idx="5">would</dependent>
          </dep>
          <dep type="cop">
            <governor idx="7">beneficial</governor>
            <dependent idx="6">be</dependent>
          </dep>
          <dep type="mark">
            <governor idx="11">sit</governor>
            <dependent idx="8">for</dependent>
          </dep>
          <dep type="nsubj">
            <governor idx="11">sit</governor>
            <dependent idx="9">me</dependent>
          </dep>
          <dep type="mark">
            <governor idx="11">sit</governor>
            <dependent idx="10">to</dependent>
          </dep>
          <dep type="advcl">
            <governor idx="7">beneficial</governor>
            <dependent idx="11">sit</dependent>
          </dep>
          <dep type="case">
            <governor idx="13">them</governor>
            <dependent idx="12">with</dependent>
          </dep>
          <dep type="nmod:with">
            <governor idx="11">sit</governor>
            <dependent idx="13">them</dependent>
          </dep>
          <dep type="cc">
            <governor idx="11">sit</governor>
            <dependent idx="14">and</dependent>
          </dep>
          <dep type="conj:and">
            <governor idx="11">sit</governor>
            <dependent idx="15">take</dependent>
          </dep>
          <dep type="dobj">
            <governor idx="15">take</governor>
            <dependent idx="16">notes</dependent>
          </dep>
          <dep type="mark">
            <governor idx="20">completed</governor>
            <dependent idx="17">on</dependent>
          </dep>
          <dep type="advmod">
            <governor idx="20">completed</governor>
            <dependent idx="18">how</dependent>
          </dep>
          <dep type="nsubj">
            <governor idx="20">completed</governor>
            <dependent idx="19">they</dependent>
          </dep>
          <dep type="advcl">
            <governor idx="15">take</governor>
            <dependent idx="20">completed</dependent>
          </dep>
          <dep type="det">
            <governor idx="22">task</governor>
            <dependent idx="21">the</dependent>
          </dep>
          <dep type="dobj">
            <governor idx="20">completed</governor>
            <dependent idx="22">task</dependent>
          </dep>
          <dep type="mark">
            <governor idx="26">mean</governor>
            <dependent idx="23">as</dependent>
          </dep>
          <dep type="nsubj">
            <governor idx="26">mean</governor>
            <dependent idx="24">this</dependent>
          </dep>
          <dep type="aux">
            <governor idx="26">mean</governor>
            <dependent idx="25">would</dependent>
          </dep>
          <dep type="advcl">
            <governor idx="20">completed</governor>
            <dependent idx="26">mean</dependent>
          </dep>
          <dep type="mark">
            <governor idx="31">taking</governor>
            <dependent idx="27">that</dependent>
          </dep>
          <dep type="nsubj">
            <governor idx="31">taking</governor>
            <dependent idx="28">I</dependent>
          </dep>
          <dep type="aux">
            <governor idx="31">taking</governor>
            <dependent idx="29">am</dependent>
          </dep>
          <dep type="advmod">
            <governor idx="31">taking</governor>
            <dependent idx="30">still</dependent>
          </dep>
          <dep type="ccomp">
            <governor idx="26">mean</governor>
            <dependent idx="31">taking</dependent>
          </dep>
          <dep type="dobj">
            <governor idx="31">taking</governor>
            <dependent idx="32">responsibility</dependent>
          </dep>
          <dep type="case">
            <governor idx="35">role</governor>
            <dependent idx="33">for</dependent>
          </dep>
          <dep type="nmod:poss">
            <governor idx="35">role</governor>
            <dependent idx="34">my</dependent>
          </dep>
          <dep type="nmod:for">
            <governor idx="32">responsibility</governor>
            <dependent idx="35">role</dependent>
          </dep>
          <dep type="mark">
            <governor idx="37">learning</governor>
            <dependent idx="36">by</dependent>
          </dep>
          <dep type="advcl">
            <governor idx="31">taking</governor>
            <dependent idx="37">learning</dependent>
          </dep>
          <dep type="advmod">
            <governor idx="40">face</governor>
            <dependent idx="38">how</dependent>
          </dep>
          <dep type="mark">
            <governor idx="40">face</governor>
            <dependent idx="39">to</dependent>
          </dep>
          <dep type="ccomp">
            <governor idx="37">learning</governor>
            <dependent idx="40">face</dependent>
          </dep>
          <dep type="det">
            <governor idx="42">challenge</governor>
            <dependent idx="41">the</dependent>
          </dep>
          <dep type="dobj">
            <governor idx="40">face</governor>
            <dependent idx="42">challenge</dependent>
          </dep>
          <dep type="amod">
            <governor idx="44">time</governor>
            <dependent idx="43">next</dependent>
          </dep>
          <dep type="nmod:tmod">
            <governor idx="40">face</governor>
            <dependent idx="44">time</dependent>
          </dep>
          <dep type="nsubj">
            <governor idx="46">occurred</governor>
            <dependent idx="45">it</dependent>
          </dep>
          <dep type="dep">
            <governor idx="40">face</governor>
            <dependent idx="46">occurred</dependent>
          </dep>
          <dep type="punct">
            <governor idx="7">beneficial</governor>
            <dependent idx="47">.</dependent>
          </dep>
        </dependencies>
        <dependencies type="collapsed-ccprocessed-dependencies">
          <dep type="root">
            <governor idx="0">ROOT</governor>
            <dependent idx="7">beneficial</dependent>
          </dep>
          <dep type="case">
            <governor idx="3">future</governor>
            <dependent idx="1">In</dependent>
          </dep>
          <dep type="det">
            <governor idx="3">future</governor>
            <dependent idx="2">the</dependent>
          </dep>
          <dep type="nmod:in">
            <governor idx="7">beneficial</governor>
            <dependent idx="3">future</dependent>
          </dep>
          <dep type="nsubj">
            <governor idx="7">beneficial</governor>
            <dependent idx="4">it</dependent>
          </dep>
          <dep type="aux">
            <governor idx="7">beneficial</governor>
            <dependent idx="5">would</dependent>
          </dep>
          <dep type="cop">
            <governor idx="7">beneficial</governor>
            <dependent idx="6">be</dependent>
          </dep>
          <dep type="mark">
            <governor idx="11">sit</governor>
            <dependent idx="8">for</dependent>
          </dep>
          <dep type="nsubj">
            <governor idx="11">sit</governor>
            <dependent idx="9">me</dependent>
          </dep>
          <dep type="nsubj" extra="true">
            <governor idx="15">take</governor>
            <dependent idx="9">me</dependent>
          </dep>
          <dep type="mark">
            <governor idx="11">sit</governor>
            <dependent idx="10">to</dependent>
          </dep>
          <dep type="advcl">
            <governor idx="7">beneficial</governor>
            <dependent idx="11">sit</dependent>
          </dep>
          <dep type="case">
            <governor idx="13">them</governor>
            <dependent idx="12">with</dependent>
          </dep>
          <dep type="nmod:with">
            <governor idx="11">sit</governor>
            <dependent idx="13">them</dependent>
          </dep>
          <dep type="cc">
            <governor idx="11">sit</governor>
            <dependent idx="14">and</dependent>
          </dep>
          <dep type="advcl" extra="true">
            <governor idx="7">beneficial</governor>
            <dependent idx="15">take</dependent>
          </dep>
          <dep type="conj:and">
            <governor idx="11">sit</governor>
            <dependent idx="15">take</dependent>
          </dep>
          <dep type="dobj">
            <governor idx="15">take</governor>
            <dependent idx="16">notes</dependent>
          </dep>
          <dep type="mark">
            <governor idx="20">completed</governor>
            <dependent idx="17">on</dependent>
          </dep>
          <dep type="advmod">
            <governor idx="20">completed</governor>
            <dependent idx="18">how</dependent>
          </dep>
          <dep type="nsubj">
            <governor idx="20">completed</governor>
            <dependent idx="19">they</dependent>
          </dep>
          <dep type="advcl">
            <governor idx="15">take</governor>
            <dependent idx="20">completed</dependent>
          </dep>
          <dep type="det">
            <governor idx="22">task</governor>
            <dependent idx="21">the</dependent>
          </dep>
          <dep type="dobj">
            <governor idx="20">completed</governor>
            <dependent idx="22">task</dependent>
          </dep>
          <dep type="mark">
            <governor idx="26">mean</governor>
            <dependent idx="23">as</dependent>
          </dep>
          <dep type="nsubj">
            <governor idx="26">mean</governor>
            <dependent idx="24">this</dependent>
          </dep>
          <dep type="aux">
            <governor idx="26">mean</governor>
            <dependent idx="25">would</dependent>
          </dep>
          <dep type="advcl">
            <governor idx="20">completed</governor>
            <dependent idx="26">mean</dependent>
          </dep>
          <dep type="mark">
            <governor idx="31">taking</governor>
            <dependent idx="27">that</dependent>
          </dep>
          <dep type="nsubj">
            <governor idx="31">taking</governor>
            <dependent idx="28">I</dependent>
          </dep>
          <dep type="aux">
            <governor idx="31">taking</governor>
            <dependent idx="29">am</dependent>
          </dep>
          <dep type="advmod">
            <governor idx="31">taking</governor>
            <dependent idx="30">still</dependent>
          </dep>
          <dep type="ccomp">
            <governor idx="26">mean</governor>
            <dependent idx="31">taking</dependent>
          </dep>
          <dep type="dobj">
            <governor idx="31">taking</governor>
            <dependent idx="32">responsibility</dependent>
          </dep>
          <dep type="case">
            <governor idx="35">role</governor>
            <dependent idx="33">for</dependent>
          </dep>
          <dep type="nmod:poss">
            <governor idx="35">role</governor>
            <dependent idx="34">my</dependent>
          </dep>
          <dep type="nmod:for">
            <governor idx="32">responsibility</governor>
            <dependent idx="35">role</dependent>
          </dep>
          <dep type="mark">
            <governor idx="37">learning</governor>
            <dependent idx="36">by</dependent>
          </dep>
          <dep type="advcl">
            <governor idx="31">taking</governor>
            <dependent idx="37">learning</dependent>
          </dep>
          <dep type="advmod">
            <governor idx="40">face</governor>
            <dependent idx="38">how</dependent>
          </dep>
          <dep type="mark">
            <governor idx="40">face</governor>
            <dependent idx="39">to</dependent>
          </dep>
          <dep type="ccomp">
            <governor idx="37">learning</governor>
            <dependent idx="40">face</dependent>
          </dep>
          <dep type="det">
            <governor idx="42">challenge</governor>
            <dependent idx="41">the</dependent>
          </dep>
          <dep type="dobj">
            <governor idx="40">face</governor>
            <dependent idx="42">challenge</dependent>
          </dep>
          <dep type="amod">
            <governor idx="44">time</governor>
            <dependent idx="43">next</dependent>
          </dep>
          <dep type="nmod:tmod">
            <governor idx="40">face</governor>
            <dependent idx="44">time</dependent>
          </dep>
          <dep type="nsubj">
            <governor idx="46">occurred</governor>
            <dependent idx="45">it</dependent>
          </dep>
          <dep type="dep">
            <governor idx="40">face</governor>
            <dependent idx="46">occurred</dependent>
          </dep>
          <dep type="punct">
            <governor idx="7">beneficial</governor>
            <dependent idx="47">.</dependent>
          </dep>
        </dependencies>
      </sentence>
      <sentence id="201">
        <tokens>
          <token id="1">
            <word>From</word>
            <lemma>from</lemma>
            <CharacterOffsetBegin>25835</CharacterOffsetBegin>
            <CharacterOffsetEnd>25839</CharacterOffsetEnd>
            <POS>IN</POS>
            <NER>O</NER>
            <Speaker>PER0</Speaker>
          </token>
          <token id="2">
            <word>previous</word>
            <lemma>previous</lemma>
            <CharacterOffsetBegin>25840</CharacterOffsetBegin>
            <CharacterOffsetEnd>25848</CharacterOffsetEnd>
            <POS>JJ</POS>
            <NER>O</NER>
            <Speaker>PER0</Speaker>
          </token>
          <token id="3">
            <word>experiences</word>
            <lemma>experience</lemma>
            <CharacterOffsetBegin>25849</CharacterOffsetBegin>
            <CharacterOffsetEnd>25860</CharacterOffsetEnd>
            <POS>NNS</POS>
            <NER>O</NER>
            <Speaker>PER0</Speaker>
          </token>
          <token id="4">
            <word>this</word>
            <lemma>this</lemma>
            <CharacterOffsetBegin>25861</CharacterOffsetBegin>
            <CharacterOffsetEnd>25865</CharacterOffsetEnd>
            <POS>DT</POS>
            <NER>O</NER>
            <Speaker>PER0</Speaker>
          </token>
          <token id="5">
            <word>approach</word>
            <lemma>approach</lemma>
            <CharacterOffsetBegin>25866</CharacterOffsetBegin>
            <CharacterOffsetEnd>25874</CharacterOffsetEnd>
            <POS>NN</POS>
            <NER>O</NER>
            <Speaker>PER0</Speaker>
          </token>
          <token id="6">
            <word>has</word>
            <lemma>have</lemma>
            <CharacterOffsetBegin>25875</CharacterOffsetBegin>
            <CharacterOffsetEnd>25878</CharacterOffsetEnd>
            <POS>VBZ</POS>
            <NER>O</NER>
            <Speaker>PER0</Speaker>
          </token>
          <token id="7">
            <word>always</word>
            <lemma>always</lemma>
            <CharacterOffsetBegin>25879</CharacterOffsetBegin>
            <CharacterOffsetEnd>25885</CharacterOffsetEnd>
            <POS>RB</POS>
            <NER>O</NER>
            <Speaker>PER0</Speaker>
          </token>
          <token id="8">
            <word>worked</word>
            <lemma>work</lemma>
            <CharacterOffsetBegin>25886</CharacterOffsetBegin>
            <CharacterOffsetEnd>25892</CharacterOffsetEnd>
            <POS>VBN</POS>
            <NER>O</NER>
            <Speaker>PER0</Speaker>
          </token>
          <token id="9">
            <word>as</word>
            <lemma>as</lemma>
            <CharacterOffsetBegin>25893</CharacterOffsetBegin>
            <CharacterOffsetEnd>25895</CharacterOffsetEnd>
            <POS>IN</POS>
            <NER>O</NER>
            <Speaker>PER0</Speaker>
          </token>
          <token id="10">
            <word>I</word>
            <lemma>I</lemma>
            <CharacterOffsetBegin>25896</CharacterOffsetBegin>
            <CharacterOffsetEnd>25897</CharacterOffsetEnd>
            <POS>PRP</POS>
            <NER>O</NER>
            <Speaker>PER0</Speaker>
          </token>
          <token id="11">
            <word>have</word>
            <lemma>have</lemma>
            <CharacterOffsetBegin>25898</CharacterOffsetBegin>
            <CharacterOffsetEnd>25902</CharacterOffsetEnd>
            <POS>VBP</POS>
            <NER>O</NER>
            <Speaker>PER0</Speaker>
          </token>
          <token id="12">
            <word>been</word>
            <lemma>be</lemma>
            <CharacterOffsetBegin>25903</CharacterOffsetBegin>
            <CharacterOffsetEnd>25907</CharacterOffsetEnd>
            <POS>VBN</POS>
            <NER>O</NER>
            <Speaker>PER0</Speaker>
          </token>
          <token id="13">
            <word>eager</word>
            <lemma>eager</lemma>
            <CharacterOffsetBegin>25908</CharacterOffsetBegin>
            <CharacterOffsetEnd>25913</CharacterOffsetEnd>
            <POS>JJ</POS>
            <NER>O</NER>
            <Speaker>PER0</Speaker>
          </token>
          <token id="14">
            <word>to</word>
            <lemma>to</lemma>
            <CharacterOffsetBegin>25914</CharacterOffsetBegin>
            <CharacterOffsetEnd>25916</CharacterOffsetEnd>
            <POS>TO</POS>
            <NER>O</NER>
            <Speaker>PER0</Speaker>
          </token>
          <token id="15">
            <word>learn</word>
            <lemma>learn</lemma>
            <CharacterOffsetBegin>25917</CharacterOffsetBegin>
            <CharacterOffsetEnd>25922</CharacterOffsetEnd>
            <POS>VB</POS>
            <NER>O</NER>
            <Speaker>PER0</Speaker>
          </token>
          <token id="16">
            <word>.</word>
            <lemma>.</lemma>
            <CharacterOffsetBegin>25922</CharacterOffsetBegin>
            <CharacterOffsetEnd>25923</CharacterOffsetEnd>
            <POS>.</POS>
            <NER>O</NER>
            <Speaker>PER0</Speaker>
          </token>
        </tokens>
        <parse>(ROOT (S (PP (IN From) (NP (JJ previous) (NNS experiences))) (NP (DT this) (NN approach)) (VP (VBZ has) (ADVP (RB always)) (VP (VBN worked) (SBAR (IN as) (S (NP (PRP I)) (VP (VBP have) (VP (VBN been) (ADJP (JJ eager) (S (VP (TO to) (VP (VB learn))))))))))) (. .))) </parse>
        <dependencies type="basic-dependencies">
          <dep type="root">
            <governor idx="0">ROOT</governor>
            <dependent idx="8">worked</dependent>
          </dep>
          <dep type="case">
            <governor idx="3">experiences</governor>
            <dependent idx="1">From</dependent>
          </dep>
          <dep type="amod">
            <governor idx="3">experiences</governor>
            <dependent idx="2">previous</dependent>
          </dep>
          <dep type="nmod">
            <governor idx="8">worked</governor>
            <dependent idx="3">experiences</dependent>
          </dep>
          <dep type="det">
            <governor idx="5">approach</governor>
            <dependent idx="4">this</dependent>
          </dep>
          <dep type="nsubj">
            <governor idx="8">worked</governor>
            <dependent idx="5">approach</dependent>
          </dep>
          <dep type="aux">
            <governor idx="8">worked</governor>
            <dependent idx="6">has</dependent>
          </dep>
          <dep type="advmod">
            <governor idx="8">worked</governor>
            <dependent idx="7">always</dependent>
          </dep>
          <dep type="mark">
            <governor idx="13">eager</governor>
            <dependent idx="9">as</dependent>
          </dep>
          <dep type="nsubj">
            <governor idx="13">eager</governor>
            <dependent idx="10">I</dependent>
          </dep>
          <dep type="aux">
            <governor idx="13">eager</governor>
            <dependent idx="11">have</dependent>
          </dep>
          <dep type="cop">
            <governor idx="13">eager</governor>
            <dependent idx="12">been</dependent>
          </dep>
          <dep type="advcl">
            <governor idx="8">worked</governor>
            <dependent idx="13">eager</dependent>
          </dep>
          <dep type="mark">
            <governor idx="15">learn</governor>
            <dependent idx="14">to</dependent>
          </dep>
          <dep type="xcomp">
            <governor idx="13">eager</governor>
            <dependent idx="15">learn</dependent>
          </dep>
          <dep type="punct">
            <governor idx="8">worked</governor>
            <dependent idx="16">.</dependent>
          </dep>
        </dependencies>
        <dependencies type="collapsed-dependencies">
          <dep type="root">
            <governor idx="0">ROOT</governor>
            <dependent idx="8">worked</dependent>
          </dep>
          <dep type="case">
            <governor idx="3">experiences</governor>
            <dependent idx="1">From</dependent>
          </dep>
          <dep type="amod">
            <governor idx="3">experiences</governor>
            <dependent idx="2">previous</dependent>
          </dep>
          <dep type="nmod:from">
            <governor idx="8">worked</governor>
            <dependent idx="3">experiences</dependent>
          </dep>
          <dep type="det">
            <governor idx="5">approach</governor>
            <dependent idx="4">this</dependent>
          </dep>
          <dep type="nsubj">
            <governor idx="8">worked</governor>
            <dependent idx="5">approach</dependent>
          </dep>
          <dep type="aux">
            <governor idx="8">worked</governor>
            <dependent idx="6">has</dependent>
          </dep>
          <dep type="advmod">
            <governor idx="8">worked</governor>
            <dependent idx="7">always</dependent>
          </dep>
          <dep type="mark">
            <governor idx="13">eager</governor>
            <dependent idx="9">as</dependent>
          </dep>
          <dep type="nsubj">
            <governor idx="13">eager</governor>
            <dependent idx="10">I</dependent>
          </dep>
          <dep type="aux">
            <governor idx="13">eager</governor>
            <dependent idx="11">have</dependent>
          </dep>
          <dep type="cop">
            <governor idx="13">eager</governor>
            <dependent idx="12">been</dependent>
          </dep>
          <dep type="advcl">
            <governor idx="8">worked</governor>
            <dependent idx="13">eager</dependent>
          </dep>
          <dep type="mark">
            <governor idx="15">learn</governor>
            <dependent idx="14">to</dependent>
          </dep>
          <dep type="xcomp">
            <governor idx="13">eager</governor>
            <dependent idx="15">learn</dependent>
          </dep>
          <dep type="punct">
            <governor idx="8">worked</governor>
            <dependent idx="16">.</dependent>
          </dep>
        </dependencies>
        <dependencies type="collapsed-ccprocessed-dependencies">
          <dep type="root">
            <governor idx="0">ROOT</governor>
            <dependent idx="8">worked</dependent>
          </dep>
          <dep type="case">
            <governor idx="3">experiences</governor>
            <dependent idx="1">From</dependent>
          </dep>
          <dep type="amod">
            <governor idx="3">experiences</governor>
            <dependent idx="2">previous</dependent>
          </dep>
          <dep type="nmod:from">
            <governor idx="8">worked</governor>
            <dependent idx="3">experiences</dependent>
          </dep>
          <dep type="det">
            <governor idx="5">approach</governor>
            <dependent idx="4">this</dependent>
          </dep>
          <dep type="nsubj">
            <governor idx="8">worked</governor>
            <dependent idx="5">approach</dependent>
          </dep>
          <dep type="aux">
            <governor idx="8">worked</governor>
            <dependent idx="6">has</dependent>
          </dep>
          <dep type="advmod">
            <governor idx="8">worked</governor>
            <dependent idx="7">always</dependent>
          </dep>
          <dep type="mark">
            <governor idx="13">eager</governor>
            <dependent idx="9">as</dependent>
          </dep>
          <dep type="nsubj">
            <governor idx="13">eager</governor>
            <dependent idx="10">I</dependent>
          </dep>
          <dep type="aux">
            <governor idx="13">eager</governor>
            <dependent idx="11">have</dependent>
          </dep>
          <dep type="cop">
            <governor idx="13">eager</governor>
            <dependent idx="12">been</dependent>
          </dep>
          <dep type="advcl">
            <governor idx="8">worked</governor>
            <dependent idx="13">eager</dependent>
          </dep>
          <dep type="mark">
            <governor idx="15">learn</governor>
            <dependent idx="14">to</dependent>
          </dep>
          <dep type="xcomp">
            <governor idx="13">eager</governor>
            <dependent idx="15">learn</dependent>
          </dep>
          <dep type="punct">
            <governor idx="8">worked</governor>
            <dependent idx="16">.</dependent>
          </dep>
        </dependencies>
      </sentence>
      <sentence id="202">
        <tokens>
          <token id="1">
            <word>As</word>
            <lemma>as</lemma>
            <CharacterOffsetBegin>25924</CharacterOffsetBegin>
            <CharacterOffsetEnd>25926</CharacterOffsetEnd>
            <POS>IN</POS>
            <NER>O</NER>
            <Speaker>PER0</Speaker>
          </token>
          <token id="2">
            <word>a</word>
            <lemma>a</lemma>
            <CharacterOffsetBegin>25927</CharacterOffsetBegin>
            <CharacterOffsetEnd>25928</CharacterOffsetEnd>
            <POS>DT</POS>
            <NER>O</NER>
            <Speaker>PER0</Speaker>
          </token>
          <token id="3">
            <word>result</word>
            <lemma>result</lemma>
            <CharacterOffsetBegin>25929</CharacterOffsetBegin>
            <CharacterOffsetEnd>25935</CharacterOffsetEnd>
            <POS>NN</POS>
            <NER>O</NER>
            <Speaker>PER0</Speaker>
          </token>
          <token id="4">
            <word>my</word>
            <lemma>my</lemma>
            <CharacterOffsetBegin>25936</CharacterOffsetBegin>
            <CharacterOffsetEnd>25938</CharacterOffsetEnd>
            <POS>PRP$</POS>
            <NER>O</NER>
            <Speaker>PER0</Speaker>
          </token>
          <token id="5">
            <word>future</word>
            <lemma>future</lemma>
            <CharacterOffsetBegin>25939</CharacterOffsetBegin>
            <CharacterOffsetEnd>25945</CharacterOffsetEnd>
            <POS>JJ</POS>
            <NER>DATE</NER>
            <NormalizedNER>FUTURE_REF</NormalizedNER>
            <Speaker>PER0</Speaker>
            <Timex tid="t38" type="DATE">FUTURE_REF</Timex>
          </token>
          <token id="6">
            <word>action</word>
            <lemma>action</lemma>
            <CharacterOffsetBegin>25946</CharacterOffsetBegin>
            <CharacterOffsetEnd>25952</CharacterOffsetEnd>
            <POS>NN</POS>
            <NER>O</NER>
            <Speaker>PER0</Speaker>
          </token>
          <token id="7">
            <word>will</word>
            <lemma>will</lemma>
            <CharacterOffsetBegin>25953</CharacterOffsetBegin>
            <CharacterOffsetEnd>25957</CharacterOffsetEnd>
            <POS>MD</POS>
            <NER>O</NER>
            <Speaker>PER0</Speaker>
          </token>
          <token id="8">
            <word>be</word>
            <lemma>be</lemma>
            <CharacterOffsetBegin>25958</CharacterOffsetBegin>
            <CharacterOffsetEnd>25960</CharacterOffsetEnd>
            <POS>VB</POS>
            <NER>O</NER>
            <Speaker>PER0</Speaker>
          </token>
          <token id="9">
            <word>to</word>
            <lemma>to</lemma>
            <CharacterOffsetBegin>25961</CharacterOffsetBegin>
            <CharacterOffsetEnd>25963</CharacterOffsetEnd>
            <POS>TO</POS>
            <NER>O</NER>
            <Speaker>PER0</Speaker>
          </token>
          <token id="10">
            <word>meet</word>
            <lemma>meet</lemma>
            <CharacterOffsetBegin>25964</CharacterOffsetBegin>
            <CharacterOffsetEnd>25968</CharacterOffsetEnd>
            <POS>VB</POS>
            <NER>O</NER>
            <Speaker>PER0</Speaker>
          </token>
          <token id="11">
            <word>difficult</word>
            <lemma>difficult</lemma>
            <CharacterOffsetBegin>25969</CharacterOffsetBegin>
            <CharacterOffsetEnd>25978</CharacterOffsetEnd>
            <POS>JJ</POS>
            <NER>O</NER>
            <Speaker>PER0</Speaker>
          </token>
          <token id="12">
            <word>situations</word>
            <lemma>situation</lemma>
            <CharacterOffsetBegin>25979</CharacterOffsetBegin>
            <CharacterOffsetEnd>25989</CharacterOffsetEnd>
            <POS>NNS</POS>
            <NER>O</NER>
            <Speaker>PER0</Speaker>
          </token>
          <token id="13">
            <word>and</word>
            <lemma>and</lemma>
            <CharacterOffsetBegin>25990</CharacterOffsetBegin>
            <CharacterOffsetEnd>25993</CharacterOffsetEnd>
            <POS>CC</POS>
            <NER>O</NER>
            <Speaker>PER0</Speaker>
          </token>
          <token id="14">
            <word>learn</word>
            <lemma>learn</lemma>
            <CharacterOffsetBegin>25994</CharacterOffsetBegin>
            <CharacterOffsetEnd>25999</CharacterOffsetEnd>
            <POS>VB</POS>
            <NER>O</NER>
            <Speaker>PER0</Speaker>
          </token>
          <token id="15">
            <word>from</word>
            <lemma>from</lemma>
            <CharacterOffsetBegin>26000</CharacterOffsetBegin>
            <CharacterOffsetEnd>26004</CharacterOffsetEnd>
            <POS>IN</POS>
            <NER>O</NER>
            <Speaker>PER0</Speaker>
          </token>
          <token id="16">
            <word>my</word>
            <lemma>my</lemma>
            <CharacterOffsetBegin>26005</CharacterOffsetBegin>
            <CharacterOffsetEnd>26007</CharacterOffsetEnd>
            <POS>PRP$</POS>
            <NER>O</NER>
            <Speaker>PER0</Speaker>
          </token>
          <token id="17">
            <word>team</word>
            <lemma>team</lemma>
            <CharacterOffsetBegin>26008</CharacterOffsetBegin>
            <CharacterOffsetEnd>26012</CharacterOffsetEnd>
            <POS>NN</POS>
            <NER>O</NER>
            <Speaker>PER0</Speaker>
          </token>
          <token id="18">
            <word>members</word>
            <lemma>member</lemma>
            <CharacterOffsetBegin>26013</CharacterOffsetBegin>
            <CharacterOffsetEnd>26020</CharacterOffsetEnd>
            <POS>NNS</POS>
            <NER>O</NER>
            <Speaker>PER0</Speaker>
          </token>
          <token id="19">
            <word>on</word>
            <lemma>on</lemma>
            <CharacterOffsetBegin>26021</CharacterOffsetBegin>
            <CharacterOffsetEnd>26023</CharacterOffsetEnd>
            <POS>IN</POS>
            <NER>O</NER>
            <Speaker>PER0</Speaker>
          </token>
          <token id="20">
            <word>how</word>
            <lemma>how</lemma>
            <CharacterOffsetBegin>26024</CharacterOffsetBegin>
            <CharacterOffsetEnd>26027</CharacterOffsetEnd>
            <POS>WRB</POS>
            <NER>O</NER>
            <Speaker>PER0</Speaker>
          </token>
          <token id="21">
            <word>they</word>
            <lemma>they</lemma>
            <CharacterOffsetBegin>26028</CharacterOffsetBegin>
            <CharacterOffsetEnd>26032</CharacterOffsetEnd>
            <POS>PRP</POS>
            <NER>O</NER>
            <Speaker>PER0</Speaker>
          </token>
          <token id="22">
            <word>approach</word>
            <lemma>approach</lemma>
            <CharacterOffsetBegin>26033</CharacterOffsetBegin>
            <CharacterOffsetEnd>26041</CharacterOffsetEnd>
            <POS>VBP</POS>
            <NER>O</NER>
            <Speaker>PER0</Speaker>
          </token>
          <token id="23">
            <word>the</word>
            <lemma>the</lemma>
            <CharacterOffsetBegin>26042</CharacterOffsetBegin>
            <CharacterOffsetEnd>26045</CharacterOffsetEnd>
            <POS>DT</POS>
            <NER>O</NER>
            <Speaker>PER0</Speaker>
          </token>
          <token id="24">
            <word>challenging</word>
            <lemma>challenging</lemma>
            <CharacterOffsetBegin>26046</CharacterOffsetBegin>
            <CharacterOffsetEnd>26057</CharacterOffsetEnd>
            <POS>JJ</POS>
            <NER>O</NER>
            <Speaker>PER0</Speaker>
          </token>
          <token id="25">
            <word>task</word>
            <lemma>task</lemma>
            <CharacterOffsetBegin>26058</CharacterOffsetBegin>
            <CharacterOffsetEnd>26062</CharacterOffsetEnd>
            <POS>NN</POS>
            <NER>O</NER>
            <Speaker>PER0</Speaker>
          </token>
          <token id="26">
            <word>.</word>
            <lemma>.</lemma>
            <CharacterOffsetBegin>26062</CharacterOffsetBegin>
            <CharacterOffsetEnd>26063</CharacterOffsetEnd>
            <POS>.</POS>
            <NER>O</NER>
            <Speaker>PER0</Speaker>
          </token>
        </tokens>
        <parse>(ROOT (S (PP (IN As) (NP (DT a) (NN result))) (NP (PRP$ my) (JJ future) (NN action)) (VP (MD will) (VP (VP (VB be) (S (VP (TO to) (VP (VB meet) (NP (JJ difficult) (NNS situations)))))) (CC and) (VP (VB learn) (PP (IN from) (NP (PRP$ my) (NN team) (NNS members))) (PP (IN on) (SBAR (WHADVP (WRB how)) (S (NP (PRP they)) (VP (VBP approach) (NP (DT the) (ADJP (JJ challenging)) (NN task))))))))) (. .))) </parse>
        <dependencies type="basic-dependencies">
          <dep type="root">
            <governor idx="0">ROOT</governor>
            <dependent idx="8">be</dependent>
          </dep>
          <dep type="case">
            <governor idx="3">result</governor>
            <dependent idx="1">As</dependent>
          </dep>
          <dep type="det">
            <governor idx="3">result</governor>
            <dependent idx="2">a</dependent>
          </dep>
          <dep type="nmod">
            <governor idx="8">be</governor>
            <dependent idx="3">result</dependent>
          </dep>
          <dep type="nmod:poss">
            <governor idx="6">action</governor>
            <dependent idx="4">my</dependent>
          </dep>
          <dep type="amod">
            <governor idx="6">action</governor>
            <dependent idx="5">future</dependent>
          </dep>
          <dep type="nsubj">
            <governor idx="8">be</governor>
            <dependent idx="6">action</dependent>
          </dep>
          <dep type="aux">
            <governor idx="8">be</governor>
            <dependent idx="7">will</dependent>
          </dep>
          <dep type="mark">
            <governor idx="10">meet</governor>
            <dependent idx="9">to</dependent>
          </dep>
          <dep type="xcomp">
            <governor idx="8">be</governor>
            <dependent idx="10">meet</dependent>
          </dep>
          <dep type="amod">
            <governor idx="12">situations</governor>
            <dependent idx="11">difficult</dependent>
          </dep>
          <dep type="dobj">
            <governor idx="10">meet</governor>
            <dependent idx="12">situations</dependent>
          </dep>
          <dep type="cc">
            <governor idx="8">be</governor>
            <dependent idx="13">and</dependent>
          </dep>
          <dep type="conj">
            <governor idx="8">be</governor>
            <dependent idx="14">learn</dependent>
          </dep>
          <dep type="case">
            <governor idx="18">members</governor>
            <dependent idx="15">from</dependent>
          </dep>
          <dep type="nmod:poss">
            <governor idx="18">members</governor>
            <dependent idx="16">my</dependent>
          </dep>
          <dep type="compound">
            <governor idx="18">members</governor>
            <dependent idx="17">team</dependent>
          </dep>
          <dep type="nmod">
            <governor idx="14">learn</governor>
            <dependent idx="18">members</dependent>
          </dep>
          <dep type="mark">
            <governor idx="22">approach</governor>
            <dependent idx="19">on</dependent>
          </dep>
          <dep type="advmod">
            <governor idx="22">approach</governor>
            <dependent idx="20">how</dependent>
          </dep>
          <dep type="nsubj">
            <governor idx="22">approach</governor>
            <dependent idx="21">they</dependent>
          </dep>
          <dep type="advcl">
            <governor idx="14">learn</governor>
            <dependent idx="22">approach</dependent>
          </dep>
          <dep type="det">
            <governor idx="25">task</governor>
            <dependent idx="23">the</dependent>
          </dep>
          <dep type="amod">
            <governor idx="25">task</governor>
            <dependent idx="24">challenging</dependent>
          </dep>
          <dep type="dobj">
            <governor idx="22">approach</governor>
            <dependent idx="25">task</dependent>
          </dep>
          <dep type="punct">
            <governor idx="8">be</governor>
            <dependent idx="26">.</dependent>
          </dep>
        </dependencies>
        <dependencies type="collapsed-dependencies">
          <dep type="root">
            <governor idx="0">ROOT</governor>
            <dependent idx="8">be</dependent>
          </dep>
          <dep type="case">
            <governor idx="3">result</governor>
            <dependent idx="1">As</dependent>
          </dep>
          <dep type="det">
            <governor idx="3">result</governor>
            <dependent idx="2">a</dependent>
          </dep>
          <dep type="nmod:as">
            <governor idx="8">be</governor>
            <dependent idx="3">result</dependent>
          </dep>
          <dep type="nmod:poss">
            <governor idx="6">action</governor>
            <dependent idx="4">my</dependent>
          </dep>
          <dep type="amod">
            <governor idx="6">action</governor>
            <dependent idx="5">future</dependent>
          </dep>
          <dep type="nsubj">
            <governor idx="8">be</governor>
            <dependent idx="6">action</dependent>
          </dep>
          <dep type="aux">
            <governor idx="8">be</governor>
            <dependent idx="7">will</dependent>
          </dep>
          <dep type="mark">
            <governor idx="10">meet</governor>
            <dependent idx="9">to</dependent>
          </dep>
          <dep type="xcomp">
            <governor idx="8">be</governor>
            <dependent idx="10">meet</dependent>
          </dep>
          <dep type="amod">
            <governor idx="12">situations</governor>
            <dependent idx="11">difficult</dependent>
          </dep>
          <dep type="dobj">
            <governor idx="10">meet</governor>
            <dependent idx="12">situations</dependent>
          </dep>
          <dep type="cc">
            <governor idx="8">be</governor>
            <dependent idx="13">and</dependent>
          </dep>
          <dep type="conj:and">
            <governor idx="8">be</governor>
            <dependent idx="14">learn</dependent>
          </dep>
          <dep type="case">
            <governor idx="18">members</governor>
            <dependent idx="15">from</dependent>
          </dep>
          <dep type="nmod:poss">
            <governor idx="18">members</governor>
            <dependent idx="16">my</dependent>
          </dep>
          <dep type="compound">
            <governor idx="18">members</governor>
            <dependent idx="17">team</dependent>
          </dep>
          <dep type="nmod:from">
            <governor idx="14">learn</governor>
            <dependent idx="18">members</dependent>
          </dep>
          <dep type="mark">
            <governor idx="22">approach</governor>
            <dependent idx="19">on</dependent>
          </dep>
          <dep type="advmod">
            <governor idx="22">approach</governor>
            <dependent idx="20">how</dependent>
          </dep>
          <dep type="nsubj">
            <governor idx="22">approach</governor>
            <dependent idx="21">they</dependent>
          </dep>
          <dep type="advcl">
            <governor idx="14">learn</governor>
            <dependent idx="22">approach</dependent>
          </dep>
          <dep type="det">
            <governor idx="25">task</governor>
            <dependent idx="23">the</dependent>
          </dep>
          <dep type="amod">
            <governor idx="25">task</governor>
            <dependent idx="24">challenging</dependent>
          </dep>
          <dep type="dobj">
            <governor idx="22">approach</governor>
            <dependent idx="25">task</dependent>
          </dep>
          <dep type="punct">
            <governor idx="8">be</governor>
            <dependent idx="26">.</dependent>
          </dep>
        </dependencies>
        <dependencies type="collapsed-ccprocessed-dependencies">
          <dep type="root">
            <governor idx="0">ROOT</governor>
            <dependent idx="8">be</dependent>
          </dep>
          <dep type="case">
            <governor idx="3">result</governor>
            <dependent idx="1">As</dependent>
          </dep>
          <dep type="det">
            <governor idx="3">result</governor>
            <dependent idx="2">a</dependent>
          </dep>
          <dep type="nmod:as">
            <governor idx="8">be</governor>
            <dependent idx="3">result</dependent>
          </dep>
          <dep type="nmod:poss">
            <governor idx="6">action</governor>
            <dependent idx="4">my</dependent>
          </dep>
          <dep type="amod">
            <governor idx="6">action</governor>
            <dependent idx="5">future</dependent>
          </dep>
          <dep type="nsubj">
            <governor idx="8">be</governor>
            <dependent idx="6">action</dependent>
          </dep>
          <dep type="nsubj" extra="true">
            <governor idx="14">learn</governor>
            <dependent idx="6">action</dependent>
          </dep>
          <dep type="aux">
            <governor idx="8">be</governor>
            <dependent idx="7">will</dependent>
          </dep>
          <dep type="mark">
            <governor idx="10">meet</governor>
            <dependent idx="9">to</dependent>
          </dep>
          <dep type="xcomp">
            <governor idx="8">be</governor>
            <dependent idx="10">meet</dependent>
          </dep>
          <dep type="amod">
            <governor idx="12">situations</governor>
            <dependent idx="11">difficult</dependent>
          </dep>
          <dep type="dobj">
            <governor idx="10">meet</governor>
            <dependent idx="12">situations</dependent>
          </dep>
          <dep type="cc">
            <governor idx="8">be</governor>
            <dependent idx="13">and</dependent>
          </dep>
          <dep type="conj:and">
            <governor idx="8">be</governor>
            <dependent idx="14">learn</dependent>
          </dep>
          <dep type="case">
            <governor idx="18">members</governor>
            <dependent idx="15">from</dependent>
          </dep>
          <dep type="nmod:poss">
            <governor idx="18">members</governor>
            <dependent idx="16">my</dependent>
          </dep>
          <dep type="compound">
            <governor idx="18">members</governor>
            <dependent idx="17">team</dependent>
          </dep>
          <dep type="nmod:from">
            <governor idx="14">learn</governor>
            <dependent idx="18">members</dependent>
          </dep>
          <dep type="mark">
            <governor idx="22">approach</governor>
            <dependent idx="19">on</dependent>
          </dep>
          <dep type="advmod">
            <governor idx="22">approach</governor>
            <dependent idx="20">how</dependent>
          </dep>
          <dep type="nsubj">
            <governor idx="22">approach</governor>
            <dependent idx="21">they</dependent>
          </dep>
          <dep type="advcl">
            <governor idx="14">learn</governor>
            <dependent idx="22">approach</dependent>
          </dep>
          <dep type="det">
            <governor idx="25">task</governor>
            <dependent idx="23">the</dependent>
          </dep>
          <dep type="amod">
            <governor idx="25">task</governor>
            <dependent idx="24">challenging</dependent>
          </dep>
          <dep type="dobj">
            <governor idx="22">approach</governor>
            <dependent idx="25">task</dependent>
          </dep>
          <dep type="punct">
            <governor idx="8">be</governor>
            <dependent idx="26">.</dependent>
          </dep>
        </dependencies>
      </sentence>
      <sentence id="203">
        <tokens>
          <token id="1">
            <word>I</word>
            <lemma>I</lemma>
            <CharacterOffsetBegin>26064</CharacterOffsetBegin>
            <CharacterOffsetEnd>26065</CharacterOffsetEnd>
            <POS>PRP</POS>
            <NER>O</NER>
            <Speaker>PER0</Speaker>
          </token>
          <token id="2">
            <word>will</word>
            <lemma>will</lemma>
            <CharacterOffsetBegin>26066</CharacterOffsetBegin>
            <CharacterOffsetEnd>26070</CharacterOffsetEnd>
            <POS>MD</POS>
            <NER>O</NER>
            <Speaker>PER0</Speaker>
          </token>
          <token id="3">
            <word>develop</word>
            <lemma>develop</lemma>
            <CharacterOffsetBegin>26071</CharacterOffsetBegin>
            <CharacterOffsetEnd>26078</CharacterOffsetEnd>
            <POS>VB</POS>
            <NER>O</NER>
            <Speaker>PER0</Speaker>
          </token>
          <token id="4">
            <word>goals</word>
            <lemma>goal</lemma>
            <CharacterOffsetBegin>26079</CharacterOffsetBegin>
            <CharacterOffsetEnd>26084</CharacterOffsetEnd>
            <POS>NNS</POS>
            <NER>O</NER>
            <Speaker>PER0</Speaker>
          </token>
          <token id="5">
            <word>for</word>
            <lemma>for</lemma>
            <CharacterOffsetBegin>26085</CharacterOffsetBegin>
            <CharacterOffsetEnd>26088</CharacterOffsetEnd>
            <POS>IN</POS>
            <NER>O</NER>
            <Speaker>PER0</Speaker>
          </token>
          <token id="6">
            <word>myself</word>
            <lemma>myself</lemma>
            <CharacterOffsetBegin>26089</CharacterOffsetBegin>
            <CharacterOffsetEnd>26095</CharacterOffsetEnd>
            <POS>PRP</POS>
            <NER>O</NER>
            <Speaker>PER0</Speaker>
          </token>
          <token id="7">
            <word>during</word>
            <lemma>during</lemma>
            <CharacterOffsetBegin>26096</CharacterOffsetBegin>
            <CharacterOffsetEnd>26102</CharacterOffsetEnd>
            <POS>IN</POS>
            <NER>O</NER>
            <Speaker>PER0</Speaker>
          </token>
          <token id="8">
            <word>the</word>
            <lemma>the</lemma>
            <CharacterOffsetBegin>26103</CharacterOffsetBegin>
            <CharacterOffsetEnd>26106</CharacterOffsetEnd>
            <POS>DT</POS>
            <NER>DATE</NER>
            <NormalizedNER>THIS P1W</NormalizedNER>
            <Speaker>PER0</Speaker>
            <Timex tid="t39" type="DATE"/>
          </token>
          <token id="9">
            <word>week</word>
            <lemma>week</lemma>
            <CharacterOffsetBegin>26107</CharacterOffsetBegin>
            <CharacterOffsetEnd>26111</CharacterOffsetEnd>
            <POS>NN</POS>
            <NER>DATE</NER>
            <NormalizedNER>THIS P1W</NormalizedNER>
            <Speaker>PER0</Speaker>
            <Timex tid="t39" type="DATE"/>
          </token>
          <token id="10">
            <word>so</word>
            <lemma>so</lemma>
            <CharacterOffsetBegin>26112</CharacterOffsetBegin>
            <CharacterOffsetEnd>26114</CharacterOffsetEnd>
            <POS>RB</POS>
            <NER>O</NER>
            <Speaker>PER0</Speaker>
          </token>
          <token id="11">
            <word>that</word>
            <lemma>that</lemma>
            <CharacterOffsetBegin>26115</CharacterOffsetBegin>
            <CharacterOffsetEnd>26119</CharacterOffsetEnd>
            <POS>IN</POS>
            <NER>O</NER>
            <Speaker>PER0</Speaker>
          </token>
          <token id="12">
            <word>each</word>
            <lemma>each</lemma>
            <CharacterOffsetBegin>26120</CharacterOffsetBegin>
            <CharacterOffsetEnd>26124</CharacterOffsetEnd>
            <POS>DT</POS>
            <NER>SET</NER>
            <Speaker>PER0</Speaker>
            <Timex tid="t40" type="SET">P1W</Timex>
          </token>
          <token id="13">
            <word>week</word>
            <lemma>week</lemma>
            <CharacterOffsetBegin>26125</CharacterOffsetBegin>
            <CharacterOffsetEnd>26129</CharacterOffsetEnd>
            <POS>NN</POS>
            <NER>SET</NER>
            <Speaker>PER0</Speaker>
            <Timex tid="t40" type="SET">P1W</Timex>
          </token>
          <token id="14">
            <word>I</word>
            <lemma>I</lemma>
            <CharacterOffsetBegin>26130</CharacterOffsetBegin>
            <CharacterOffsetEnd>26131</CharacterOffsetEnd>
            <POS>PRP</POS>
            <NER>O</NER>
            <Speaker>PER0</Speaker>
          </token>
          <token id="15">
            <word>have</word>
            <lemma>have</lemma>
            <CharacterOffsetBegin>26132</CharacterOffsetBegin>
            <CharacterOffsetEnd>26136</CharacterOffsetEnd>
            <POS>VBP</POS>
            <NER>O</NER>
            <Speaker>PER0</Speaker>
          </token>
          <token id="16">
            <word>learnt</word>
            <lemma>learn</lemma>
            <CharacterOffsetBegin>26137</CharacterOffsetBegin>
            <CharacterOffsetEnd>26143</CharacterOffsetEnd>
            <POS>VBN</POS>
            <NER>O</NER>
            <Speaker>PER0</Speaker>
          </token>
          <token id="17">
            <word>a</word>
            <lemma>a</lemma>
            <CharacterOffsetBegin>26144</CharacterOffsetBegin>
            <CharacterOffsetEnd>26145</CharacterOffsetEnd>
            <POS>DT</POS>
            <NER>O</NER>
            <Speaker>PER0</Speaker>
          </token>
          <token id="18">
            <word>new</word>
            <lemma>new</lemma>
            <CharacterOffsetBegin>26146</CharacterOffsetBegin>
            <CharacterOffsetEnd>26149</CharacterOffsetEnd>
            <POS>JJ</POS>
            <NER>O</NER>
            <Speaker>PER0</Speaker>
          </token>
          <token id="19">
            <word>skill</word>
            <lemma>skill</lemma>
            <CharacterOffsetBegin>26150</CharacterOffsetBegin>
            <CharacterOffsetEnd>26155</CharacterOffsetEnd>
            <POS>NN</POS>
            <NER>O</NER>
            <Speaker>PER0</Speaker>
          </token>
          <token id="20">
            <word>and</word>
            <lemma>and</lemma>
            <CharacterOffsetBegin>26156</CharacterOffsetBegin>
            <CharacterOffsetEnd>26159</CharacterOffsetEnd>
            <POS>CC</POS>
            <NER>O</NER>
            <Speaker>PER0</Speaker>
          </token>
          <token id="21">
            <word>can</word>
            <lemma>can</lemma>
            <CharacterOffsetBegin>26160</CharacterOffsetBegin>
            <CharacterOffsetEnd>26163</CharacterOffsetEnd>
            <POS>MD</POS>
            <NER>O</NER>
            <Speaker>PER0</Speaker>
          </token>
          <token id="22">
            <word>comfortably</word>
            <lemma>comfortably</lemma>
            <CharacterOffsetBegin>26164</CharacterOffsetBegin>
            <CharacterOffsetEnd>26175</CharacterOffsetEnd>
            <POS>RB</POS>
            <NER>O</NER>
            <Speaker>PER0</Speaker>
          </token>
          <token id="23">
            <word>complete</word>
            <lemma>complete</lemma>
            <CharacterOffsetBegin>26176</CharacterOffsetBegin>
            <CharacterOffsetEnd>26184</CharacterOffsetEnd>
            <POS>VB</POS>
            <NER>O</NER>
            <Speaker>PER0</Speaker>
          </token>
          <token id="24">
            <word>the</word>
            <lemma>the</lemma>
            <CharacterOffsetBegin>26185</CharacterOffsetBegin>
            <CharacterOffsetEnd>26188</CharacterOffsetEnd>
            <POS>DT</POS>
            <NER>O</NER>
            <Speaker>PER0</Speaker>
          </token>
          <token id="25">
            <word>task</word>
            <lemma>task</lemma>
            <CharacterOffsetBegin>26189</CharacterOffsetBegin>
            <CharacterOffsetEnd>26193</CharacterOffsetEnd>
            <POS>NN</POS>
            <NER>O</NER>
            <Speaker>PER0</Speaker>
          </token>
          <token id="26">
            <word>and</word>
            <lemma>and</lemma>
            <CharacterOffsetBegin>26194</CharacterOffsetBegin>
            <CharacterOffsetEnd>26197</CharacterOffsetEnd>
            <POS>CC</POS>
            <NER>O</NER>
            <Speaker>PER0</Speaker>
          </token>
          <token id="27">
            <word>take</word>
            <lemma>take</lemma>
            <CharacterOffsetBegin>26198</CharacterOffsetBegin>
            <CharacterOffsetEnd>26202</CharacterOffsetEnd>
            <POS>VB</POS>
            <NER>O</NER>
            <Speaker>PER0</Speaker>
          </token>
          <token id="28">
            <word>responsibility</word>
            <lemma>responsibility</lemma>
            <CharacterOffsetBegin>26203</CharacterOffsetBegin>
            <CharacterOffsetEnd>26217</CharacterOffsetEnd>
            <POS>NN</POS>
            <NER>O</NER>
            <Speaker>PER0</Speaker>
          </token>
          <token id="29">
            <word>for</word>
            <lemma>for</lemma>
            <CharacterOffsetBegin>26218</CharacterOffsetBegin>
            <CharacterOffsetEnd>26221</CharacterOffsetEnd>
            <POS>IN</POS>
            <NER>O</NER>
            <Speaker>PER0</Speaker>
          </token>
          <token id="30">
            <word>the</word>
            <lemma>the</lemma>
            <CharacterOffsetBegin>26222</CharacterOffsetBegin>
            <CharacterOffsetEnd>26225</CharacterOffsetEnd>
            <POS>DT</POS>
            <NER>O</NER>
            <Speaker>PER0</Speaker>
          </token>
          <token id="31">
            <word>way</word>
            <lemma>way</lemma>
            <CharacterOffsetBegin>26226</CharacterOffsetBegin>
            <CharacterOffsetEnd>26229</CharacterOffsetEnd>
            <POS>NN</POS>
            <NER>O</NER>
            <Speaker>PER0</Speaker>
          </token>
          <token id="32">
            <word>it</word>
            <lemma>it</lemma>
            <CharacterOffsetBegin>26230</CharacterOffsetBegin>
            <CharacterOffsetEnd>26232</CharacterOffsetEnd>
            <POS>PRP</POS>
            <NER>O</NER>
            <Speaker>PER0</Speaker>
          </token>
          <token id="33">
            <word>unfolds</word>
            <lemma>unfold</lemma>
            <CharacterOffsetBegin>26233</CharacterOffsetBegin>
            <CharacterOffsetEnd>26240</CharacterOffsetEnd>
            <POS>VBZ</POS>
            <NER>O</NER>
            <Speaker>PER0</Speaker>
          </token>
          <token id="34">
            <word>,</word>
            <lemma>,</lemma>
            <CharacterOffsetBegin>26240</CharacterOffsetBegin>
            <CharacterOffsetEnd>26241</CharacterOffsetEnd>
            <POS>,</POS>
            <NER>O</NER>
            <Speaker>PER0</Speaker>
          </token>
          <token id="35">
            <word>whether</word>
            <lemma>whether</lemma>
            <CharacterOffsetBegin>26242</CharacterOffsetBegin>
            <CharacterOffsetEnd>26249</CharacterOffsetEnd>
            <POS>IN</POS>
            <NER>O</NER>
            <Speaker>PER0</Speaker>
          </token>
          <token id="36">
            <word>it</word>
            <lemma>it</lemma>
            <CharacterOffsetBegin>26250</CharacterOffsetBegin>
            <CharacterOffsetEnd>26252</CharacterOffsetEnd>
            <POS>PRP</POS>
            <NER>O</NER>
            <Speaker>PER0</Speaker>
          </token>
          <token id="37">
            <word>be</word>
            <lemma>be</lemma>
            <CharacterOffsetBegin>26253</CharacterOffsetBegin>
            <CharacterOffsetEnd>26255</CharacterOffsetEnd>
            <POS>VB</POS>
            <NER>O</NER>
            <Speaker>PER0</Speaker>
          </token>
          <token id="38">
            <word>positively</word>
            <lemma>positively</lemma>
            <CharacterOffsetBegin>26256</CharacterOffsetBegin>
            <CharacterOffsetEnd>26266</CharacterOffsetEnd>
            <POS>RB</POS>
            <NER>O</NER>
            <Speaker>PER0</Speaker>
          </token>
          <token id="39">
            <word>or</word>
            <lemma>or</lemma>
            <CharacterOffsetBegin>26267</CharacterOffsetBegin>
            <CharacterOffsetEnd>26269</CharacterOffsetEnd>
            <POS>CC</POS>
            <NER>O</NER>
            <Speaker>PER0</Speaker>
          </token>
          <token id="40">
            <word>whether</word>
            <lemma>whether</lemma>
            <CharacterOffsetBegin>26270</CharacterOffsetBegin>
            <CharacterOffsetEnd>26277</CharacterOffsetEnd>
            <POS>IN</POS>
            <NER>O</NER>
            <Speaker>PER0</Speaker>
          </token>
          <token id="41">
            <word>it</word>
            <lemma>it</lemma>
            <CharacterOffsetBegin>26278</CharacterOffsetBegin>
            <CharacterOffsetEnd>26280</CharacterOffsetEnd>
            <POS>PRP</POS>
            <NER>O</NER>
            <Speaker>PER0</Speaker>
          </token>
          <token id="42">
            <word>results</word>
            <lemma>result</lemma>
            <CharacterOffsetBegin>26281</CharacterOffsetBegin>
            <CharacterOffsetEnd>26288</CharacterOffsetEnd>
            <POS>VBZ</POS>
            <NER>O</NER>
            <Speaker>PER0</Speaker>
          </token>
          <token id="43">
            <word>in</word>
            <lemma>in</lemma>
            <CharacterOffsetBegin>26289</CharacterOffsetBegin>
            <CharacterOffsetEnd>26291</CharacterOffsetEnd>
            <POS>IN</POS>
            <NER>O</NER>
            <Speaker>PER0</Speaker>
          </token>
          <token id="44">
            <word>complaints</word>
            <lemma>complaint</lemma>
            <CharacterOffsetBegin>26292</CharacterOffsetBegin>
            <CharacterOffsetEnd>26302</CharacterOffsetEnd>
            <POS>NNS</POS>
            <NER>O</NER>
            <Speaker>PER0</Speaker>
          </token>
          <token id="45">
            <word>.</word>
            <lemma>.</lemma>
            <CharacterOffsetBegin>26302</CharacterOffsetBegin>
            <CharacterOffsetEnd>26303</CharacterOffsetEnd>
            <POS>.</POS>
            <NER>O</NER>
            <Speaker>PER0</Speaker>
          </token>
        </tokens>
        <parse>(ROOT (S (NP (PRP I)) (VP (VP (MD will) (VP (VB develop) (NP (NP (NNS goals)) (PP (IN for) (NP (PRP myself)))) (PP (IN during) (NP (DT the) (NN week))) (SBAR (RB so) (IN that) (S (NP-TMP (DT each) (NN week)) (NP (PRP I)) (VP (VBP have) (VP (VBN learnt) (NP (DT a) (JJ new) (NN skill)))))))) (CC and) (VP (MD can) (ADVP (RB comfortably)) (VP (VP (VB complete) (NP (DT the) (NN task))) (CC and) (VP (VB take) (NP (NN responsibility)) (PP (IN for) (NP (DT the) (NN way))) (SBAR (SBAR (S (NP (PRP it)) (VP (VBZ unfolds) (, ,) (SBAR (IN whether) (S (NP (PRP it)) (VP (VB be) (ADVP (RB positively)))))))) (CC or) (SBAR (IN whether) (S (NP (PRP it)) (VP (VBZ results) (PP (IN in) (NP (NNS complaints))))))))))) (. .))) </parse>
        <dependencies type="basic-dependencies">
          <dep type="root">
            <governor idx="0">ROOT</governor>
            <dependent idx="3">develop</dependent>
          </dep>
          <dep type="nsubj">
            <governor idx="3">develop</governor>
            <dependent idx="1">I</dependent>
          </dep>
          <dep type="aux">
            <governor idx="3">develop</governor>
            <dependent idx="2">will</dependent>
          </dep>
          <dep type="dobj">
            <governor idx="3">develop</governor>
            <dependent idx="4">goals</dependent>
          </dep>
          <dep type="case">
            <governor idx="6">myself</governor>
            <dependent idx="5">for</dependent>
          </dep>
          <dep type="nmod">
            <governor idx="4">goals</governor>
            <dependent idx="6">myself</dependent>
          </dep>
          <dep type="case">
            <governor idx="9">week</governor>
            <dependent idx="7">during</dependent>
          </dep>
          <dep type="det">
            <governor idx="9">week</governor>
            <dependent idx="8">the</dependent>
          </dep>
          <dep type="nmod">
            <governor idx="3">develop</governor>
            <dependent idx="9">week</dependent>
          </dep>
          <dep type="mark">
            <governor idx="16">learnt</governor>
            <dependent idx="10">so</dependent>
          </dep>
          <dep type="mwe">
            <governor idx="10">so</governor>
            <dependent idx="11">that</dependent>
          </dep>
          <dep type="det">
            <governor idx="13">week</governor>
            <dependent idx="12">each</dependent>
          </dep>
          <dep type="nmod:tmod">
            <governor idx="16">learnt</governor>
            <dependent idx="13">week</dependent>
          </dep>
          <dep type="nsubj">
            <governor idx="16">learnt</governor>
            <dependent idx="14">I</dependent>
          </dep>
          <dep type="aux">
            <governor idx="16">learnt</governor>
            <dependent idx="15">have</dependent>
          </dep>
          <dep type="advcl">
            <governor idx="3">develop</governor>
            <dependent idx="16">learnt</dependent>
          </dep>
          <dep type="det">
            <governor idx="19">skill</governor>
            <dependent idx="17">a</dependent>
          </dep>
          <dep type="amod">
            <governor idx="19">skill</governor>
            <dependent idx="18">new</dependent>
          </dep>
          <dep type="dobj">
            <governor idx="16">learnt</governor>
            <dependent idx="19">skill</dependent>
          </dep>
          <dep type="cc">
            <governor idx="3">develop</governor>
            <dependent idx="20">and</dependent>
          </dep>
          <dep type="aux">
            <governor idx="23">complete</governor>
            <dependent idx="21">can</dependent>
          </dep>
          <dep type="advmod">
            <governor idx="23">complete</governor>
            <dependent idx="22">comfortably</dependent>
          </dep>
          <dep type="conj">
            <governor idx="3">develop</governor>
            <dependent idx="23">complete</dependent>
          </dep>
          <dep type="det">
            <governor idx="25">task</governor>
            <dependent idx="24">the</dependent>
          </dep>
          <dep type="dobj">
            <governor idx="23">complete</governor>
            <dependent idx="25">task</dependent>
          </dep>
          <dep type="cc">
            <governor idx="23">complete</governor>
            <dependent idx="26">and</dependent>
          </dep>
          <dep type="conj">
            <governor idx="23">complete</governor>
            <dependent idx="27">take</dependent>
          </dep>
          <dep type="dobj">
            <governor idx="27">take</governor>
            <dependent idx="28">responsibility</dependent>
          </dep>
          <dep type="case">
            <governor idx="31">way</governor>
            <dependent idx="29">for</dependent>
          </dep>
          <dep type="det">
            <governor idx="31">way</governor>
            <dependent idx="30">the</dependent>
          </dep>
          <dep type="nmod">
            <governor idx="27">take</governor>
            <dependent idx="31">way</dependent>
          </dep>
          <dep type="nsubj">
            <governor idx="33">unfolds</governor>
            <dependent idx="32">it</dependent>
          </dep>
          <dep type="ccomp">
            <governor idx="27">take</governor>
            <dependent idx="33">unfolds</dependent>
          </dep>
          <dep type="punct">
            <governor idx="33">unfolds</governor>
            <dependent idx="34">,</dependent>
          </dep>
          <dep type="mark">
            <governor idx="37">be</governor>
            <dependent idx="35">whether</dependent>
          </dep>
          <dep type="nsubj">
            <governor idx="37">be</governor>
            <dependent idx="36">it</dependent>
          </dep>
          <dep type="ccomp">
            <governor idx="33">unfolds</governor>
            <dependent idx="37">be</dependent>
          </dep>
          <dep type="advmod">
            <governor idx="37">be</governor>
            <dependent idx="38">positively</dependent>
          </dep>
          <dep type="cc">
            <governor idx="33">unfolds</governor>
            <dependent idx="39">or</dependent>
          </dep>
          <dep type="mark">
            <governor idx="42">results</governor>
            <dependent idx="40">whether</dependent>
          </dep>
          <dep type="nsubj">
            <governor idx="42">results</governor>
            <dependent idx="41">it</dependent>
          </dep>
          <dep type="conj">
            <governor idx="33">unfolds</governor>
            <dependent idx="42">results</dependent>
          </dep>
          <dep type="case">
            <governor idx="44">complaints</governor>
            <dependent idx="43">in</dependent>
          </dep>
          <dep type="nmod">
            <governor idx="42">results</governor>
            <dependent idx="44">complaints</dependent>
          </dep>
          <dep type="punct">
            <governor idx="3">develop</governor>
            <dependent idx="45">.</dependent>
          </dep>
        </dependencies>
        <dependencies type="collapsed-dependencies">
          <dep type="root">
            <governor idx="0">ROOT</governor>
            <dependent idx="3">develop</dependent>
          </dep>
          <dep type="nsubj">
            <governor idx="3">develop</governor>
            <dependent idx="1">I</dependent>
          </dep>
          <dep type="aux">
            <governor idx="3">develop</governor>
            <dependent idx="2">will</dependent>
          </dep>
          <dep type="dobj">
            <governor idx="3">develop</governor>
            <dependent idx="4">goals</dependent>
          </dep>
          <dep type="case">
            <governor idx="6">myself</governor>
            <dependent idx="5">for</dependent>
          </dep>
          <dep type="nmod:for">
            <governor idx="4">goals</governor>
            <dependent idx="6">myself</dependent>
          </dep>
          <dep type="case">
            <governor idx="9">week</governor>
            <dependent idx="7">during</dependent>
          </dep>
          <dep type="det">
            <governor idx="9">week</governor>
            <dependent idx="8">the</dependent>
          </dep>
          <dep type="nmod:during">
            <governor idx="3">develop</governor>
            <dependent idx="9">week</dependent>
          </dep>
          <dep type="mark">
            <governor idx="16">learnt</governor>
            <dependent idx="10">so</dependent>
          </dep>
          <dep type="mwe">
            <governor idx="10">so</governor>
            <dependent idx="11">that</dependent>
          </dep>
          <dep type="det">
            <governor idx="13">week</governor>
            <dependent idx="12">each</dependent>
          </dep>
          <dep type="nmod:tmod">
            <governor idx="16">learnt</governor>
            <dependent idx="13">week</dependent>
          </dep>
          <dep type="nsubj">
            <governor idx="16">learnt</governor>
            <dependent idx="14">I</dependent>
          </dep>
          <dep type="aux">
            <governor idx="16">learnt</governor>
            <dependent idx="15">have</dependent>
          </dep>
          <dep type="advcl">
            <governor idx="3">develop</governor>
            <dependent idx="16">learnt</dependent>
          </dep>
          <dep type="det">
            <governor idx="19">skill</governor>
            <dependent idx="17">a</dependent>
          </dep>
          <dep type="amod">
            <governor idx="19">skill</governor>
            <dependent idx="18">new</dependent>
          </dep>
          <dep type="dobj">
            <governor idx="16">learnt</governor>
            <dependent idx="19">skill</dependent>
          </dep>
          <dep type="cc">
            <governor idx="3">develop</governor>
            <dependent idx="20">and</dependent>
          </dep>
          <dep type="aux">
            <governor idx="23">complete</governor>
            <dependent idx="21">can</dependent>
          </dep>
          <dep type="advmod">
            <governor idx="23">complete</governor>
            <dependent idx="22">comfortably</dependent>
          </dep>
          <dep type="conj:and">
            <governor idx="3">develop</governor>
            <dependent idx="23">complete</dependent>
          </dep>
          <dep type="det">
            <governor idx="25">task</governor>
            <dependent idx="24">the</dependent>
          </dep>
          <dep type="dobj">
            <governor idx="23">complete</governor>
            <dependent idx="25">task</dependent>
          </dep>
          <dep type="cc">
            <governor idx="23">complete</governor>
            <dependent idx="26">and</dependent>
          </dep>
          <dep type="conj:and">
            <governor idx="23">complete</governor>
            <dependent idx="27">take</dependent>
          </dep>
          <dep type="dobj">
            <governor idx="27">take</governor>
            <dependent idx="28">responsibility</dependent>
          </dep>
          <dep type="case">
            <governor idx="31">way</governor>
            <dependent idx="29">for</dependent>
          </dep>
          <dep type="det">
            <governor idx="31">way</governor>
            <dependent idx="30">the</dependent>
          </dep>
          <dep type="nmod:for">
            <governor idx="27">take</governor>
            <dependent idx="31">way</dependent>
          </dep>
          <dep type="nsubj">
            <governor idx="33">unfolds</governor>
            <dependent idx="32">it</dependent>
          </dep>
          <dep type="ccomp">
            <governor idx="27">take</governor>
            <dependent idx="33">unfolds</dependent>
          </dep>
          <dep type="punct">
            <governor idx="33">unfolds</governor>
            <dependent idx="34">,</dependent>
          </dep>
          <dep type="mark">
            <governor idx="37">be</governor>
            <dependent idx="35">whether</dependent>
          </dep>
          <dep type="nsubj">
            <governor idx="37">be</governor>
            <dependent idx="36">it</dependent>
          </dep>
          <dep type="ccomp">
            <governor idx="33">unfolds</governor>
            <dependent idx="37">be</dependent>
          </dep>
          <dep type="advmod">
            <governor idx="37">be</governor>
            <dependent idx="38">positively</dependent>
          </dep>
          <dep type="cc">
            <governor idx="33">unfolds</governor>
            <dependent idx="39">or</dependent>
          </dep>
          <dep type="mark">
            <governor idx="42">results</governor>
            <dependent idx="40">whether</dependent>
          </dep>
          <dep type="nsubj">
            <governor idx="42">results</governor>
            <dependent idx="41">it</dependent>
          </dep>
          <dep type="conj:or">
            <governor idx="33">unfolds</governor>
            <dependent idx="42">results</dependent>
          </dep>
          <dep type="case">
            <governor idx="44">complaints</governor>
            <dependent idx="43">in</dependent>
          </dep>
          <dep type="nmod:in">
            <governor idx="42">results</governor>
            <dependent idx="44">complaints</dependent>
          </dep>
          <dep type="punct">
            <governor idx="3">develop</governor>
            <dependent idx="45">.</dependent>
          </dep>
        </dependencies>
        <dependencies type="collapsed-ccprocessed-dependencies">
          <dep type="root">
            <governor idx="0">ROOT</governor>
            <dependent idx="3">develop</dependent>
          </dep>
          <dep type="nsubj">
            <governor idx="3">develop</governor>
            <dependent idx="1">I</dependent>
          </dep>
          <dep type="nsubj" extra="true">
            <governor idx="23">complete</governor>
            <dependent idx="1">I</dependent>
          </dep>
          <dep type="aux">
            <governor idx="3">develop</governor>
            <dependent idx="2">will</dependent>
          </dep>
          <dep type="dobj">
            <governor idx="3">develop</governor>
            <dependent idx="4">goals</dependent>
          </dep>
          <dep type="case">
            <governor idx="6">myself</governor>
            <dependent idx="5">for</dependent>
          </dep>
          <dep type="nmod:for">
            <governor idx="4">goals</governor>
            <dependent idx="6">myself</dependent>
          </dep>
          <dep type="case">
            <governor idx="9">week</governor>
            <dependent idx="7">during</dependent>
          </dep>
          <dep type="det">
            <governor idx="9">week</governor>
            <dependent idx="8">the</dependent>
          </dep>
          <dep type="nmod:during">
            <governor idx="3">develop</governor>
            <dependent idx="9">week</dependent>
          </dep>
          <dep type="mark">
            <governor idx="16">learnt</governor>
            <dependent idx="10">so</dependent>
          </dep>
          <dep type="mwe">
            <governor idx="10">so</governor>
            <dependent idx="11">that</dependent>
          </dep>
          <dep type="det">
            <governor idx="13">week</governor>
            <dependent idx="12">each</dependent>
          </dep>
          <dep type="nmod:tmod">
            <governor idx="16">learnt</governor>
            <dependent idx="13">week</dependent>
          </dep>
          <dep type="nsubj">
            <governor idx="16">learnt</governor>
            <dependent idx="14">I</dependent>
          </dep>
          <dep type="aux">
            <governor idx="16">learnt</governor>
            <dependent idx="15">have</dependent>
          </dep>
          <dep type="advcl">
            <governor idx="3">develop</governor>
            <dependent idx="16">learnt</dependent>
          </dep>
          <dep type="det">
            <governor idx="19">skill</governor>
            <dependent idx="17">a</dependent>
          </dep>
          <dep type="amod">
            <governor idx="19">skill</governor>
            <dependent idx="18">new</dependent>
          </dep>
          <dep type="dobj">
            <governor idx="16">learnt</governor>
            <dependent idx="19">skill</dependent>
          </dep>
          <dep type="cc">
            <governor idx="3">develop</governor>
            <dependent idx="20">and</dependent>
          </dep>
          <dep type="aux">
            <governor idx="23">complete</governor>
            <dependent idx="21">can</dependent>
          </dep>
          <dep type="advmod">
            <governor idx="23">complete</governor>
            <dependent idx="22">comfortably</dependent>
          </dep>
          <dep type="conj:and">
            <governor idx="3">develop</governor>
            <dependent idx="23">complete</dependent>
          </dep>
          <dep type="det">
            <governor idx="25">task</governor>
            <dependent idx="24">the</dependent>
          </dep>
          <dep type="dobj">
            <governor idx="23">complete</governor>
            <dependent idx="25">task</dependent>
          </dep>
          <dep type="cc">
            <governor idx="23">complete</governor>
            <dependent idx="26">and</dependent>
          </dep>
          <dep type="conj:and" extra="true">
            <governor idx="3">develop</governor>
            <dependent idx="27">take</dependent>
          </dep>
          <dep type="conj:and">
            <governor idx="23">complete</governor>
            <dependent idx="27">take</dependent>
          </dep>
          <dep type="dobj">
            <governor idx="27">take</governor>
            <dependent idx="28">responsibility</dependent>
          </dep>
          <dep type="case">
            <governor idx="31">way</governor>
            <dependent idx="29">for</dependent>
          </dep>
          <dep type="det">
            <governor idx="31">way</governor>
            <dependent idx="30">the</dependent>
          </dep>
          <dep type="nmod:for">
            <governor idx="27">take</governor>
            <dependent idx="31">way</dependent>
          </dep>
          <dep type="nsubj">
            <governor idx="33">unfolds</governor>
            <dependent idx="32">it</dependent>
          </dep>
          <dep type="ccomp">
            <governor idx="27">take</governor>
            <dependent idx="33">unfolds</dependent>
          </dep>
          <dep type="punct">
            <governor idx="33">unfolds</governor>
            <dependent idx="34">,</dependent>
          </dep>
          <dep type="mark">
            <governor idx="37">be</governor>
            <dependent idx="35">whether</dependent>
          </dep>
          <dep type="nsubj">
            <governor idx="37">be</governor>
            <dependent idx="36">it</dependent>
          </dep>
          <dep type="ccomp">
            <governor idx="33">unfolds</governor>
            <dependent idx="37">be</dependent>
          </dep>
          <dep type="advmod">
            <governor idx="37">be</governor>
            <dependent idx="38">positively</dependent>
          </dep>
          <dep type="cc">
            <governor idx="33">unfolds</governor>
            <dependent idx="39">or</dependent>
          </dep>
          <dep type="mark">
            <governor idx="42">results</governor>
            <dependent idx="40">whether</dependent>
          </dep>
          <dep type="nsubj">
            <governor idx="42">results</governor>
            <dependent idx="41">it</dependent>
          </dep>
          <dep type="ccomp" extra="true">
            <governor idx="27">take</governor>
            <dependent idx="42">results</dependent>
          </dep>
          <dep type="conj:or">
            <governor idx="33">unfolds</governor>
            <dependent idx="42">results</dependent>
          </dep>
          <dep type="case">
            <governor idx="44">complaints</governor>
            <dependent idx="43">in</dependent>
          </dep>
          <dep type="nmod:in">
            <governor idx="42">results</governor>
            <dependent idx="44">complaints</dependent>
          </dep>
          <dep type="punct">
            <governor idx="3">develop</governor>
            <dependent idx="45">.</dependent>
          </dep>
        </dependencies>
      </sentence>
      <sentence id="204">
        <tokens>
          <token id="1">
            <word>I</word>
            <lemma>I</lemma>
            <CharacterOffsetBegin>26304</CharacterOffsetBegin>
            <CharacterOffsetEnd>26305</CharacterOffsetEnd>
            <POS>PRP</POS>
            <NER>O</NER>
            <Speaker>PER0</Speaker>
          </token>
          <token id="2">
            <word>will</word>
            <lemma>will</lemma>
            <CharacterOffsetBegin>26306</CharacterOffsetBegin>
            <CharacterOffsetEnd>26310</CharacterOffsetEnd>
            <POS>MD</POS>
            <NER>O</NER>
            <Speaker>PER0</Speaker>
          </token>
          <token id="3">
            <word>also</word>
            <lemma>also</lemma>
            <CharacterOffsetBegin>26311</CharacterOffsetBegin>
            <CharacterOffsetEnd>26315</CharacterOffsetEnd>
            <POS>RB</POS>
            <NER>O</NER>
            <Speaker>PER0</Speaker>
          </token>
          <token id="4">
            <word>confront</word>
            <lemma>confront</lemma>
            <CharacterOffsetBegin>26316</CharacterOffsetBegin>
            <CharacterOffsetEnd>26324</CharacterOffsetEnd>
            <POS>VB</POS>
            <NER>O</NER>
            <Speaker>PER0</Speaker>
          </token>
          <token id="5">
            <word>my</word>
            <lemma>my</lemma>
            <CharacterOffsetBegin>26325</CharacterOffsetBegin>
            <CharacterOffsetEnd>26327</CharacterOffsetEnd>
            <POS>PRP$</POS>
            <NER>O</NER>
            <Speaker>PER0</Speaker>
          </token>
          <token id="6">
            <word>team</word>
            <lemma>team</lemma>
            <CharacterOffsetBegin>26328</CharacterOffsetBegin>
            <CharacterOffsetEnd>26332</CharacterOffsetEnd>
            <POS>NN</POS>
            <NER>O</NER>
            <Speaker>PER0</Speaker>
          </token>
          <token id="7">
            <word>leader</word>
            <lemma>leader</lemma>
            <CharacterOffsetBegin>26333</CharacterOffsetBegin>
            <CharacterOffsetEnd>26339</CharacterOffsetEnd>
            <POS>NN</POS>
            <NER>O</NER>
            <Speaker>PER0</Speaker>
          </token>
          <token id="8">
            <word>the</word>
            <lemma>the</lemma>
            <CharacterOffsetBegin>26340</CharacterOffsetBegin>
            <CharacterOffsetEnd>26343</CharacterOffsetEnd>
            <POS>DT</POS>
            <NER>O</NER>
            <Speaker>PER0</Speaker>
          </token>
          <token id="9">
            <word>next</word>
            <lemma>next</lemma>
            <CharacterOffsetBegin>26344</CharacterOffsetBegin>
            <CharacterOffsetEnd>26348</CharacterOffsetEnd>
            <POS>JJ</POS>
            <NER>O</NER>
            <Speaker>PER0</Speaker>
          </token>
          <token id="10">
            <word>time</word>
            <lemma>time</lemma>
            <CharacterOffsetBegin>26349</CharacterOffsetBegin>
            <CharacterOffsetEnd>26353</CharacterOffsetEnd>
            <POS>NN</POS>
            <NER>O</NER>
            <Speaker>PER0</Speaker>
          </token>
          <token id="11">
            <word>I</word>
            <lemma>I</lemma>
            <CharacterOffsetBegin>26354</CharacterOffsetBegin>
            <CharacterOffsetEnd>26355</CharacterOffsetEnd>
            <POS>PRP</POS>
            <NER>O</NER>
            <Speaker>PER0</Speaker>
          </token>
          <token id="12">
            <word>feel</word>
            <lemma>feel</lemma>
            <CharacterOffsetBegin>26356</CharacterOffsetBegin>
            <CharacterOffsetEnd>26360</CharacterOffsetEnd>
            <POS>VBP</POS>
            <NER>O</NER>
            <Speaker>PER0</Speaker>
          </token>
          <token id="13">
            <word>that</word>
            <lemma>that</lemma>
            <CharacterOffsetBegin>26361</CharacterOffsetBegin>
            <CharacterOffsetEnd>26365</CharacterOffsetEnd>
            <POS>IN</POS>
            <NER>O</NER>
            <Speaker>PER0</Speaker>
          </token>
          <token id="14">
            <word>I</word>
            <lemma>I</lemma>
            <CharacterOffsetBegin>26366</CharacterOffsetBegin>
            <CharacterOffsetEnd>26367</CharacterOffsetEnd>
            <POS>PRP</POS>
            <NER>O</NER>
            <Speaker>PER0</Speaker>
          </token>
          <token id="15">
            <word>have</word>
            <lemma>have</lemma>
            <CharacterOffsetBegin>26368</CharacterOffsetBegin>
            <CharacterOffsetEnd>26372</CharacterOffsetEnd>
            <POS>VBP</POS>
            <NER>O</NER>
            <Speaker>PER0</Speaker>
          </token>
          <token id="16">
            <word>been</word>
            <lemma>be</lemma>
            <CharacterOffsetBegin>26373</CharacterOffsetBegin>
            <CharacterOffsetEnd>26377</CharacterOffsetEnd>
            <POS>VBN</POS>
            <NER>O</NER>
            <Speaker>PER0</Speaker>
          </token>
          <token id="17">
            <word>assigned</word>
            <lemma>assign</lemma>
            <CharacterOffsetBegin>26378</CharacterOffsetBegin>
            <CharacterOffsetEnd>26386</CharacterOffsetEnd>
            <POS>VBN</POS>
            <NER>O</NER>
            <Speaker>PER0</Speaker>
          </token>
          <token id="18">
            <word>a</word>
            <lemma>a</lemma>
            <CharacterOffsetBegin>26387</CharacterOffsetBegin>
            <CharacterOffsetEnd>26388</CharacterOffsetEnd>
            <POS>DT</POS>
            <NER>O</NER>
            <Speaker>PER0</Speaker>
          </token>
          <token id="19">
            <word>task</word>
            <lemma>task</lemma>
            <CharacterOffsetBegin>26389</CharacterOffsetBegin>
            <CharacterOffsetEnd>26393</CharacterOffsetEnd>
            <POS>NN</POS>
            <NER>O</NER>
            <Speaker>PER0</Speaker>
          </token>
          <token id="20">
            <word>I</word>
            <lemma>I</lemma>
            <CharacterOffsetBegin>26394</CharacterOffsetBegin>
            <CharacterOffsetEnd>26395</CharacterOffsetEnd>
            <POS>PRP</POS>
            <NER>O</NER>
            <Speaker>PER0</Speaker>
          </token>
          <token id="21">
            <word>do</word>
            <lemma>do</lemma>
            <CharacterOffsetBegin>26396</CharacterOffsetBegin>
            <CharacterOffsetEnd>26398</CharacterOffsetEnd>
            <POS>VBP</POS>
            <NER>O</NER>
            <Speaker>PER0</Speaker>
          </token>
          <token id="22">
            <word>not</word>
            <lemma>not</lemma>
            <CharacterOffsetBegin>26399</CharacterOffsetBegin>
            <CharacterOffsetEnd>26402</CharacterOffsetEnd>
            <POS>RB</POS>
            <NER>O</NER>
            <Speaker>PER0</Speaker>
          </token>
          <token id="23">
            <word>feel</word>
            <lemma>feel</lemma>
            <CharacterOffsetBegin>26403</CharacterOffsetBegin>
            <CharacterOffsetEnd>26407</CharacterOffsetEnd>
            <POS>VB</POS>
            <NER>O</NER>
            <Speaker>PER0</Speaker>
          </token>
          <token id="24">
            <word>confident</word>
            <lemma>confident</lemma>
            <CharacterOffsetBegin>26408</CharacterOffsetBegin>
            <CharacterOffsetEnd>26417</CharacterOffsetEnd>
            <POS>JJ</POS>
            <NER>O</NER>
            <Speaker>PER0</Speaker>
          </token>
          <token id="25">
            <word>in</word>
            <lemma>in</lemma>
            <CharacterOffsetBegin>26418</CharacterOffsetBegin>
            <CharacterOffsetEnd>26420</CharacterOffsetEnd>
            <POS>IN</POS>
            <NER>O</NER>
            <Speaker>PER0</Speaker>
          </token>
          <token id="26">
            <word>and</word>
            <lemma>and</lemma>
            <CharacterOffsetBegin>26421</CharacterOffsetBegin>
            <CharacterOffsetEnd>26424</CharacterOffsetEnd>
            <POS>CC</POS>
            <NER>O</NER>
            <Speaker>PER0</Speaker>
          </token>
          <token id="27">
            <word>will</word>
            <lemma>will</lemma>
            <CharacterOffsetBegin>26425</CharacterOffsetBegin>
            <CharacterOffsetEnd>26429</CharacterOffsetEnd>
            <POS>MD</POS>
            <NER>O</NER>
            <Speaker>PER0</Speaker>
          </token>
          <token id="28">
            <word>request</word>
            <lemma>request</lemma>
            <CharacterOffsetBegin>26430</CharacterOffsetBegin>
            <CharacterOffsetEnd>26437</CharacterOffsetEnd>
            <POS>VB</POS>
            <NER>O</NER>
            <Speaker>PER0</Speaker>
          </token>
          <token id="29">
            <word>further</word>
            <lemma>further</lemma>
            <CharacterOffsetBegin>26438</CharacterOffsetBegin>
            <CharacterOffsetEnd>26445</CharacterOffsetEnd>
            <POS>JJ</POS>
            <NER>O</NER>
            <Speaker>PER0</Speaker>
          </token>
          <token id="30">
            <word>training</word>
            <lemma>training</lemma>
            <CharacterOffsetBegin>26446</CharacterOffsetBegin>
            <CharacterOffsetEnd>26454</CharacterOffsetEnd>
            <POS>NN</POS>
            <NER>O</NER>
            <Speaker>PER0</Speaker>
          </token>
          <token id="31">
            <word>in</word>
            <lemma>in</lemma>
            <CharacterOffsetBegin>26455</CharacterOffsetBegin>
            <CharacterOffsetEnd>26457</CharacterOffsetEnd>
            <POS>IN</POS>
            <NER>O</NER>
            <Speaker>PER0</Speaker>
          </token>
          <token id="32">
            <word>order</word>
            <lemma>order</lemma>
            <CharacterOffsetBegin>26458</CharacterOffsetBegin>
            <CharacterOffsetEnd>26463</CharacterOffsetEnd>
            <POS>NN</POS>
            <NER>O</NER>
            <Speaker>PER0</Speaker>
          </token>
          <token id="33">
            <word>to</word>
            <lemma>to</lemma>
            <CharacterOffsetBegin>26464</CharacterOffsetBegin>
            <CharacterOffsetEnd>26466</CharacterOffsetEnd>
            <POS>TO</POS>
            <NER>O</NER>
            <Speaker>PER0</Speaker>
          </token>
          <token id="34">
            <word>be</word>
            <lemma>be</lemma>
            <CharacterOffsetBegin>26467</CharacterOffsetBegin>
            <CharacterOffsetEnd>26469</CharacterOffsetEnd>
            <POS>VB</POS>
            <NER>O</NER>
            <Speaker>PER0</Speaker>
          </token>
          <token id="35">
            <word>able</word>
            <lemma>able</lemma>
            <CharacterOffsetBegin>26470</CharacterOffsetBegin>
            <CharacterOffsetEnd>26474</CharacterOffsetEnd>
            <POS>JJ</POS>
            <NER>O</NER>
            <Speaker>PER0</Speaker>
          </token>
          <token id="36">
            <word>to</word>
            <lemma>to</lemma>
            <CharacterOffsetBegin>26475</CharacterOffsetBegin>
            <CharacterOffsetEnd>26477</CharacterOffsetEnd>
            <POS>TO</POS>
            <NER>O</NER>
            <Speaker>PER0</Speaker>
          </token>
          <token id="37">
            <word>successfully</word>
            <lemma>successfully</lemma>
            <CharacterOffsetBegin>26478</CharacterOffsetBegin>
            <CharacterOffsetEnd>26490</CharacterOffsetEnd>
            <POS>RB</POS>
            <NER>O</NER>
            <Speaker>PER0</Speaker>
          </token>
          <token id="38">
            <word>hold</word>
            <lemma>hold</lemma>
            <CharacterOffsetBegin>26491</CharacterOffsetBegin>
            <CharacterOffsetEnd>26495</CharacterOffsetEnd>
            <POS>VB</POS>
            <NER>O</NER>
            <Speaker>PER0</Speaker>
          </token>
          <token id="39">
            <word>responsibility</word>
            <lemma>responsibility</lemma>
            <CharacterOffsetBegin>26496</CharacterOffsetBegin>
            <CharacterOffsetEnd>26510</CharacterOffsetEnd>
            <POS>NN</POS>
            <NER>O</NER>
            <Speaker>PER0</Speaker>
          </token>
          <token id="40">
            <word>and</word>
            <lemma>and</lemma>
            <CharacterOffsetBegin>26511</CharacterOffsetBegin>
            <CharacterOffsetEnd>26514</CharacterOffsetEnd>
            <POS>CC</POS>
            <NER>O</NER>
            <Speaker>PER0</Speaker>
          </token>
          <token id="41">
            <word>maintain</word>
            <lemma>maintain</lemma>
            <CharacterOffsetBegin>26515</CharacterOffsetBegin>
            <CharacterOffsetEnd>26523</CharacterOffsetEnd>
            <POS>VB</POS>
            <NER>O</NER>
            <Speaker>PER0</Speaker>
          </token>
          <token id="42">
            <word>team</word>
            <lemma>team</lemma>
            <CharacterOffsetBegin>26524</CharacterOffsetBegin>
            <CharacterOffsetEnd>26528</CharacterOffsetEnd>
            <POS>NN</POS>
            <NER>O</NER>
            <Speaker>PER0</Speaker>
          </token>
          <token id="43">
            <word>efficiency</word>
            <lemma>efficiency</lemma>
            <CharacterOffsetBegin>26529</CharacterOffsetBegin>
            <CharacterOffsetEnd>26539</CharacterOffsetEnd>
            <POS>NN</POS>
            <NER>O</NER>
            <Speaker>PER0</Speaker>
          </token>
          <token id="44">
            <word>in</word>
            <lemma>in</lemma>
            <CharacterOffsetBegin>26540</CharacterOffsetBegin>
            <CharacterOffsetEnd>26542</CharacterOffsetEnd>
            <POS>IN</POS>
            <NER>O</NER>
            <Speaker>PER0</Speaker>
          </token>
          <token id="45">
            <word>the</word>
            <lemma>the</lemma>
            <CharacterOffsetBegin>26543</CharacterOffsetBegin>
            <CharacterOffsetEnd>26546</CharacterOffsetEnd>
            <POS>DT</POS>
            <NER>DATE</NER>
            <NormalizedNER>FUTURE_REF</NormalizedNER>
            <Speaker>PER0</Speaker>
            <Timex tid="t41" type="DATE">FUTURE_REF</Timex>
          </token>
          <token id="46">
            <word>future</word>
            <lemma>future</lemma>
            <CharacterOffsetBegin>26547</CharacterOffsetBegin>
            <CharacterOffsetEnd>26553</CharacterOffsetEnd>
            <POS>NN</POS>
            <NER>DATE</NER>
            <NormalizedNER>FUTURE_REF</NormalizedNER>
            <Speaker>PER0</Speaker>
            <Timex tid="t41" type="DATE">FUTURE_REF</Timex>
          </token>
          <token id="47">
            <word>.</word>
            <lemma>.</lemma>
            <CharacterOffsetBegin>26553</CharacterOffsetBegin>
            <CharacterOffsetEnd>26554</CharacterOffsetEnd>
            <POS>.</POS>
            <NER>O</NER>
            <Speaker>PER0</Speaker>
          </token>
        </tokens>
        <parse>(ROOT (S (NP (PRP I)) (VP (MD will) (ADVP (RB also)) (VP (VB confront) (NP (PRP$ my) (NN team) (NN leader)) (NP-TMP (DT the) (JJ next) (NN time)) (SBAR (S (NP (PRP I)) (VP (VP (VBP feel) (SBAR (IN that) (S (NP (PRP I)) (VP (VBP have) (VP (VBN been) (VP (VBN assigned) (NP (NP (DT a) (NN task)) (SBAR (S (NP (PRP I)) (VP (VBP do) (RB not) (VP (VB feel) (ADJP (JJ confident) (PP (IN in)))))))))))))) (CC and) (VP (MD will) (VP (VB request) (NP (JJ further) (NN training)) (SBAR (IN in) (NN order) (S (VP (TO to) (VP (VB be) (ADJP (JJ able) (S (VP (TO to) (VP (VP (ADVP (RB successfully)) (VB hold) (NP (NN responsibility))) (CC and) (VP (VB maintain) (NP (NN team) (NN efficiency)) (PP (IN in) (NP (DT the) (NN future))))))))))))))))))) (. .))) </parse>
        <dependencies type="basic-dependencies">
          <dep type="root">
            <governor idx="0">ROOT</governor>
            <dependent idx="4">confront</dependent>
          </dep>
          <dep type="nsubj">
            <governor idx="4">confront</governor>
            <dependent idx="1">I</dependent>
          </dep>
          <dep type="aux">
            <governor idx="4">confront</governor>
            <dependent idx="2">will</dependent>
          </dep>
          <dep type="advmod">
            <governor idx="4">confront</governor>
            <dependent idx="3">also</dependent>
          </dep>
          <dep type="nmod:poss">
            <governor idx="7">leader</governor>
            <dependent idx="5">my</dependent>
          </dep>
          <dep type="compound">
            <governor idx="7">leader</governor>
            <dependent idx="6">team</dependent>
          </dep>
          <dep type="dobj">
            <governor idx="4">confront</governor>
            <dependent idx="7">leader</dependent>
          </dep>
          <dep type="det">
            <governor idx="10">time</governor>
            <dependent idx="8">the</dependent>
          </dep>
          <dep type="amod">
            <governor idx="10">time</governor>
            <dependent idx="9">next</dependent>
          </dep>
          <dep type="nmod:tmod">
            <governor idx="4">confront</governor>
            <dependent idx="10">time</dependent>
          </dep>
          <dep type="nsubj">
            <governor idx="12">feel</governor>
            <dependent idx="11">I</dependent>
          </dep>
          <dep type="dep">
            <governor idx="4">confront</governor>
            <dependent idx="12">feel</dependent>
          </dep>
          <dep type="mark">
            <governor idx="17">assigned</governor>
            <dependent idx="13">that</dependent>
          </dep>
          <dep type="nsubjpass">
            <governor idx="17">assigned</governor>
            <dependent idx="14">I</dependent>
          </dep>
          <dep type="aux">
            <governor idx="17">assigned</governor>
            <dependent idx="15">have</dependent>
          </dep>
          <dep type="auxpass">
            <governor idx="17">assigned</governor>
            <dependent idx="16">been</dependent>
          </dep>
          <dep type="ccomp">
            <governor idx="12">feel</governor>
            <dependent idx="17">assigned</dependent>
          </dep>
          <dep type="det">
            <governor idx="19">task</governor>
            <dependent idx="18">a</dependent>
          </dep>
          <dep type="dobj">
            <governor idx="17">assigned</governor>
            <dependent idx="19">task</dependent>
          </dep>
          <dep type="nsubj">
            <governor idx="23">feel</governor>
            <dependent idx="20">I</dependent>
          </dep>
          <dep type="aux">
            <governor idx="23">feel</governor>
            <dependent idx="21">do</dependent>
          </dep>
          <dep type="neg">
            <governor idx="23">feel</governor>
            <dependent idx="22">not</dependent>
          </dep>
          <dep type="acl:relcl">
            <governor idx="19">task</governor>
            <dependent idx="23">feel</dependent>
          </dep>
          <dep type="xcomp">
            <governor idx="23">feel</governor>
            <dependent idx="24">confident</dependent>
          </dep>
          <dep type="nmod">
            <governor idx="24">confident</governor>
            <dependent idx="25">in</dependent>
          </dep>
          <dep type="cc">
            <governor idx="12">feel</governor>
            <dependent idx="26">and</dependent>
          </dep>
          <dep type="aux">
            <governor idx="28">request</governor>
            <dependent idx="27">will</dependent>
          </dep>
          <dep type="conj">
            <governor idx="12">feel</governor>
            <dependent idx="28">request</dependent>
          </dep>
          <dep type="amod">
            <governor idx="30">training</governor>
            <dependent idx="29">further</dependent>
          </dep>
          <dep type="dobj">
            <governor idx="28">request</governor>
            <dependent idx="30">training</dependent>
          </dep>
          <dep type="mark">
            <governor idx="35">able</governor>
            <dependent idx="31">in</dependent>
          </dep>
          <dep type="mwe">
            <governor idx="31">in</governor>
            <dependent idx="32">order</dependent>
          </dep>
          <dep type="mark">
            <governor idx="35">able</governor>
            <dependent idx="33">to</dependent>
          </dep>
          <dep type="cop">
            <governor idx="35">able</governor>
            <dependent idx="34">be</dependent>
          </dep>
          <dep type="advcl">
            <governor idx="28">request</governor>
            <dependent idx="35">able</dependent>
          </dep>
          <dep type="mark">
            <governor idx="38">hold</governor>
            <dependent idx="36">to</dependent>
          </dep>
          <dep type="advmod">
            <governor idx="38">hold</governor>
            <dependent idx="37">successfully</dependent>
          </dep>
          <dep type="xcomp">
            <governor idx="35">able</governor>
            <dependent idx="38">hold</dependent>
          </dep>
          <dep type="dobj">
            <governor idx="38">hold</governor>
            <dependent idx="39">responsibility</dependent>
          </dep>
          <dep type="cc">
            <governor idx="38">hold</governor>
            <dependent idx="40">and</dependent>
          </dep>
          <dep type="conj">
            <governor idx="38">hold</governor>
            <dependent idx="41">maintain</dependent>
          </dep>
          <dep type="compound">
            <governor idx="43">efficiency</governor>
            <dependent idx="42">team</dependent>
          </dep>
          <dep type="dobj">
            <governor idx="41">maintain</governor>
            <dependent idx="43">efficiency</dependent>
          </dep>
          <dep type="case">
            <governor idx="46">future</governor>
            <dependent idx="44">in</dependent>
          </dep>
          <dep type="det">
            <governor idx="46">future</governor>
            <dependent idx="45">the</dependent>
          </dep>
          <dep type="nmod">
            <governor idx="41">maintain</governor>
            <dependent idx="46">future</dependent>
          </dep>
          <dep type="punct">
            <governor idx="4">confront</governor>
            <dependent idx="47">.</dependent>
          </dep>
        </dependencies>
        <dependencies type="collapsed-dependencies">
          <dep type="root">
            <governor idx="0">ROOT</governor>
            <dependent idx="4">confront</dependent>
          </dep>
          <dep type="nsubj">
            <governor idx="4">confront</governor>
            <dependent idx="1">I</dependent>
          </dep>
          <dep type="aux">
            <governor idx="4">confront</governor>
            <dependent idx="2">will</dependent>
          </dep>
          <dep type="advmod">
            <governor idx="4">confront</governor>
            <dependent idx="3">also</dependent>
          </dep>
          <dep type="nmod:poss">
            <governor idx="7">leader</governor>
            <dependent idx="5">my</dependent>
          </dep>
          <dep type="compound">
            <governor idx="7">leader</governor>
            <dependent idx="6">team</dependent>
          </dep>
          <dep type="dobj">
            <governor idx="4">confront</governor>
            <dependent idx="7">leader</dependent>
          </dep>
          <dep type="det">
            <governor idx="10">time</governor>
            <dependent idx="8">the</dependent>
          </dep>
          <dep type="amod">
            <governor idx="10">time</governor>
            <dependent idx="9">next</dependent>
          </dep>
          <dep type="nmod:tmod">
            <governor idx="4">confront</governor>
            <dependent idx="10">time</dependent>
          </dep>
          <dep type="nsubj">
            <governor idx="12">feel</governor>
            <dependent idx="11">I</dependent>
          </dep>
          <dep type="dep">
            <governor idx="4">confront</governor>
            <dependent idx="12">feel</dependent>
          </dep>
          <dep type="mark">
            <governor idx="17">assigned</governor>
            <dependent idx="13">that</dependent>
          </dep>
          <dep type="nsubjpass">
            <governor idx="17">assigned</governor>
            <dependent idx="14">I</dependent>
          </dep>
          <dep type="aux">
            <governor idx="17">assigned</governor>
            <dependent idx="15">have</dependent>
          </dep>
          <dep type="auxpass">
            <governor idx="17">assigned</governor>
            <dependent idx="16">been</dependent>
          </dep>
          <dep type="ccomp">
            <governor idx="12">feel</governor>
            <dependent idx="17">assigned</dependent>
          </dep>
          <dep type="det">
            <governor idx="19">task</governor>
            <dependent idx="18">a</dependent>
          </dep>
          <dep type="dobj">
            <governor idx="17">assigned</governor>
            <dependent idx="19">task</dependent>
          </dep>
          <dep type="nsubj">
            <governor idx="23">feel</governor>
            <dependent idx="20">I</dependent>
          </dep>
          <dep type="aux">
            <governor idx="23">feel</governor>
            <dependent idx="21">do</dependent>
          </dep>
          <dep type="neg">
            <governor idx="23">feel</governor>
            <dependent idx="22">not</dependent>
          </dep>
          <dep type="acl:relcl">
            <governor idx="19">task</governor>
            <dependent idx="23">feel</dependent>
          </dep>
          <dep type="xcomp">
            <governor idx="23">feel</governor>
            <dependent idx="24">confident</dependent>
          </dep>
          <dep type="nmod">
            <governor idx="24">confident</governor>
            <dependent idx="25">in</dependent>
          </dep>
          <dep type="cc">
            <governor idx="12">feel</governor>
            <dependent idx="26">and</dependent>
          </dep>
          <dep type="aux">
            <governor idx="28">request</governor>
            <dependent idx="27">will</dependent>
          </dep>
          <dep type="conj:and">
            <governor idx="12">feel</governor>
            <dependent idx="28">request</dependent>
          </dep>
          <dep type="amod">
            <governor idx="30">training</governor>
            <dependent idx="29">further</dependent>
          </dep>
          <dep type="dobj">
            <governor idx="28">request</governor>
            <dependent idx="30">training</dependent>
          </dep>
          <dep type="mark">
            <governor idx="35">able</governor>
            <dependent idx="31">in</dependent>
          </dep>
          <dep type="mwe">
            <governor idx="31">in</governor>
            <dependent idx="32">order</dependent>
          </dep>
          <dep type="mark">
            <governor idx="35">able</governor>
            <dependent idx="33">to</dependent>
          </dep>
          <dep type="cop">
            <governor idx="35">able</governor>
            <dependent idx="34">be</dependent>
          </dep>
          <dep type="advcl">
            <governor idx="28">request</governor>
            <dependent idx="35">able</dependent>
          </dep>
          <dep type="mark">
            <governor idx="38">hold</governor>
            <dependent idx="36">to</dependent>
          </dep>
          <dep type="advmod">
            <governor idx="38">hold</governor>
            <dependent idx="37">successfully</dependent>
          </dep>
          <dep type="xcomp">
            <governor idx="35">able</governor>
            <dependent idx="38">hold</dependent>
          </dep>
          <dep type="dobj">
            <governor idx="38">hold</governor>
            <dependent idx="39">responsibility</dependent>
          </dep>
          <dep type="cc">
            <governor idx="38">hold</governor>
            <dependent idx="40">and</dependent>
          </dep>
          <dep type="conj:and">
            <governor idx="38">hold</governor>
            <dependent idx="41">maintain</dependent>
          </dep>
          <dep type="compound">
            <governor idx="43">efficiency</governor>
            <dependent idx="42">team</dependent>
          </dep>
          <dep type="dobj">
            <governor idx="41">maintain</governor>
            <dependent idx="43">efficiency</dependent>
          </dep>
          <dep type="case">
            <governor idx="46">future</governor>
            <dependent idx="44">in</dependent>
          </dep>
          <dep type="det">
            <governor idx="46">future</governor>
            <dependent idx="45">the</dependent>
          </dep>
          <dep type="nmod:in">
            <governor idx="41">maintain</governor>
            <dependent idx="46">future</dependent>
          </dep>
          <dep type="punct">
            <governor idx="4">confront</governor>
            <dependent idx="47">.</dependent>
          </dep>
        </dependencies>
        <dependencies type="collapsed-ccprocessed-dependencies">
          <dep type="root">
            <governor idx="0">ROOT</governor>
            <dependent idx="4">confront</dependent>
          </dep>
          <dep type="nsubj">
            <governor idx="4">confront</governor>
            <dependent idx="1">I</dependent>
          </dep>
          <dep type="aux">
            <governor idx="4">confront</governor>
            <dependent idx="2">will</dependent>
          </dep>
          <dep type="advmod">
            <governor idx="4">confront</governor>
            <dependent idx="3">also</dependent>
          </dep>
          <dep type="nmod:poss">
            <governor idx="7">leader</governor>
            <dependent idx="5">my</dependent>
          </dep>
          <dep type="compound">
            <governor idx="7">leader</governor>
            <dependent idx="6">team</dependent>
          </dep>
          <dep type="dobj">
            <governor idx="4">confront</governor>
            <dependent idx="7">leader</dependent>
          </dep>
          <dep type="det">
            <governor idx="10">time</governor>
            <dependent idx="8">the</dependent>
          </dep>
          <dep type="amod">
            <governor idx="10">time</governor>
            <dependent idx="9">next</dependent>
          </dep>
          <dep type="nmod:tmod">
            <governor idx="4">confront</governor>
            <dependent idx="10">time</dependent>
          </dep>
          <dep type="nsubj">
            <governor idx="12">feel</governor>
            <dependent idx="11">I</dependent>
          </dep>
          <dep type="nsubj" extra="true">
            <governor idx="28">request</governor>
            <dependent idx="11">I</dependent>
          </dep>
          <dep type="dep">
            <governor idx="4">confront</governor>
            <dependent idx="12">feel</dependent>
          </dep>
          <dep type="mark">
            <governor idx="17">assigned</governor>
            <dependent idx="13">that</dependent>
          </dep>
          <dep type="nsubjpass">
            <governor idx="17">assigned</governor>
            <dependent idx="14">I</dependent>
          </dep>
          <dep type="aux">
            <governor idx="17">assigned</governor>
            <dependent idx="15">have</dependent>
          </dep>
          <dep type="auxpass">
            <governor idx="17">assigned</governor>
            <dependent idx="16">been</dependent>
          </dep>
          <dep type="ccomp">
            <governor idx="12">feel</governor>
            <dependent idx="17">assigned</dependent>
          </dep>
          <dep type="det">
            <governor idx="19">task</governor>
            <dependent idx="18">a</dependent>
          </dep>
          <dep type="dobj">
            <governor idx="17">assigned</governor>
            <dependent idx="19">task</dependent>
          </dep>
          <dep type="nsubj">
            <governor idx="23">feel</governor>
            <dependent idx="20">I</dependent>
          </dep>
          <dep type="aux">
            <governor idx="23">feel</governor>
            <dependent idx="21">do</dependent>
          </dep>
          <dep type="neg">
            <governor idx="23">feel</governor>
            <dependent idx="22">not</dependent>
          </dep>
          <dep type="acl:relcl">
            <governor idx="19">task</governor>
            <dependent idx="23">feel</dependent>
          </dep>
          <dep type="xcomp">
            <governor idx="23">feel</governor>
            <dependent idx="24">confident</dependent>
          </dep>
          <dep type="nmod">
            <governor idx="24">confident</governor>
            <dependent idx="25">in</dependent>
          </dep>
          <dep type="cc">
            <governor idx="12">feel</governor>
            <dependent idx="26">and</dependent>
          </dep>
          <dep type="aux">
            <governor idx="28">request</governor>
            <dependent idx="27">will</dependent>
          </dep>
          <dep type="dep" extra="true">
            <governor idx="4">confront</governor>
            <dependent idx="28">request</dependent>
          </dep>
          <dep type="conj:and">
            <governor idx="12">feel</governor>
            <dependent idx="28">request</dependent>
          </dep>
          <dep type="amod">
            <governor idx="30">training</governor>
            <dependent idx="29">further</dependent>
          </dep>
          <dep type="dobj">
            <governor idx="28">request</governor>
            <dependent idx="30">training</dependent>
          </dep>
          <dep type="mark">
            <governor idx="35">able</governor>
            <dependent idx="31">in</dependent>
          </dep>
          <dep type="mwe">
            <governor idx="31">in</governor>
            <dependent idx="32">order</dependent>
          </dep>
          <dep type="mark">
            <governor idx="35">able</governor>
            <dependent idx="33">to</dependent>
          </dep>
          <dep type="cop">
            <governor idx="35">able</governor>
            <dependent idx="34">be</dependent>
          </dep>
          <dep type="advcl">
            <governor idx="28">request</governor>
            <dependent idx="35">able</dependent>
          </dep>
          <dep type="mark">
            <governor idx="38">hold</governor>
            <dependent idx="36">to</dependent>
          </dep>
          <dep type="advmod">
            <governor idx="38">hold</governor>
            <dependent idx="37">successfully</dependent>
          </dep>
          <dep type="xcomp">
            <governor idx="35">able</governor>
            <dependent idx="38">hold</dependent>
          </dep>
          <dep type="dobj">
            <governor idx="38">hold</governor>
            <dependent idx="39">responsibility</dependent>
          </dep>
          <dep type="cc">
            <governor idx="38">hold</governor>
            <dependent idx="40">and</dependent>
          </dep>
          <dep type="xcomp" extra="true">
            <governor idx="35">able</governor>
            <dependent idx="41">maintain</dependent>
          </dep>
          <dep type="conj:and">
            <governor idx="38">hold</governor>
            <dependent idx="41">maintain</dependent>
          </dep>
          <dep type="compound">
            <governor idx="43">efficiency</governor>
            <dependent idx="42">team</dependent>
          </dep>
          <dep type="dobj">
            <governor idx="41">maintain</governor>
            <dependent idx="43">efficiency</dependent>
          </dep>
          <dep type="case">
            <governor idx="46">future</governor>
            <dependent idx="44">in</dependent>
          </dep>
          <dep type="det">
            <governor idx="46">future</governor>
            <dependent idx="45">the</dependent>
          </dep>
          <dep type="nmod:in">
            <governor idx="41">maintain</governor>
            <dependent idx="46">future</dependent>
          </dep>
          <dep type="punct">
            <governor idx="4">confront</governor>
            <dependent idx="47">.</dependent>
          </dep>
        </dependencies>
      </sentence>
    </sentences>
    <coreference>
      <coreference>
        <mention representative="true">
          <sentence>3</sentence>
          <start>2</start>
          <end>3</end>
          <head>2</head>
          <text>first</text>
        </mention>
        <mention>
          <sentence>8</sentence>
          <start>10</start>
          <end>11</end>
          <head>10</head>
          <text>first</text>
        </mention>
        <mention>
          <sentence>21</sentence>
          <start>8</start>
          <end>9</end>
          <head>8</head>
          <text>first</text>
        </mention>
        <mention>
          <sentence>29</sentence>
          <start>3</start>
          <end>4</end>
          <head>3</head>
          <text>first</text>
        </mention>
        <mention>
          <sentence>78</sentence>
          <start>8</start>
          <end>9</end>
          <head>8</head>
          <text>first</text>
        </mention>
        <mention>
          <sentence>197</sentence>
          <start>11</start>
          <end>12</end>
          <head>11</head>
          <text>first</text>
        </mention>
      </coreference>
      <coreference>
        <mention representative="true">
          <sentence>3</sentence>
          <start>1</start>
          <end>4</end>
          <head>3</head>
          <text>My first lecture</text>
        </mention>
        <mention>
          <sentence>21</sentence>
          <start>7</start>
          <end>10</end>
          <head>9</head>
          <text>the first lecture</text>
        </mention>
      </coreference>
      <coreference>
        <mention representative="true">
          <sentence>171</sentence>
          <start>22</start>
          <end>23</end>
          <head>22</head>
          <text>they</text>
        </mention>
        <mention>
          <sentence>171</sentence>
          <start>28</start>
          <end>29</end>
          <head>28</head>
          <text>them</text>
        </mention>
      </coreference>
      <coreference>
        <mention representative="true">
          <sentence>115</sentence>
          <start>40</start>
          <end>41</end>
          <head>40</head>
          <text>I</text>
        </mention>
        <mention>
          <sentence>3</sentence>
          <start>1</start>
          <end>2</end>
          <head>1</head>
          <text>My</text>
        </mention>
        <mention>
          <sentence>5</sentence>
          <start>1</start>
          <end>2</end>
          <head>1</head>
          <text>I</text>
        </mention>
        <mention>
          <sentence>6</sentence>
          <start>1</start>
          <end>2</end>
          <head>1</head>
          <text>I</text>
        </mention>
        <mention>
          <sentence>6</sentence>
          <start>14</start>
          <end>15</end>
          <head>14</head>
          <text>I</text>
        </mention>
        <mention>
          <sentence>6</sentence>
          <start>28</start>
          <end>29</end>
          <head>28</head>
          <text>I</text>
        </mention>
        <mention>
          <sentence>7</sentence>
          <start>4</start>
          <end>5</end>
          <head>4</head>
          <text>I</text>
        </mention>
        <mention>
          <sentence>9</sentence>
          <start>1</start>
          <end>2</end>
          <head>1</head>
          <text>I</text>
        </mention>
        <mention>
          <sentence>9</sentence>
          <start>11</start>
          <end>12</end>
          <head>11</head>
          <text>I</text>
        </mention>
        <mention>
          <sentence>11</sentence>
          <start>1</start>
          <end>2</end>
          <head>1</head>
          <text>I</text>
        </mention>
        <mention>
          <sentence>11</sentence>
          <start>15</start>
          <end>16</end>
          <head>15</head>
          <text>I</text>
        </mention>
        <mention>
          <sentence>11</sentence>
          <start>17</start>
          <end>18</end>
          <head>17</head>
          <text>my</text>
        </mention>
        <mention>
          <sentence>11</sentence>
          <start>26</start>
          <end>27</end>
          <head>26</head>
          <text>I</text>
        </mention>
        <mention>
          <sentence>11</sentence>
          <start>36</start>
          <end>37</end>
          <head>36</head>
          <text>my</text>
        </mention>
        <mention>
          <sentence>12</sentence>
          <start>3</start>
          <end>4</end>
          <head>3</head>
          <text>I</text>
        </mention>
        <mention>
          <sentence>14</sentence>
          <start>1</start>
          <end>2</end>
          <head>1</head>
          <text>I</text>
        </mention>
        <mention>
          <sentence>15</sentence>
          <start>1</start>
          <end>2</end>
          <head>1</head>
          <text>I</text>
        </mention>
        <mention>
          <sentence>15</sentence>
          <start>6</start>
          <end>7</end>
          <head>6</head>
          <text>me</text>
        </mention>
        <mention>
          <sentence>15</sentence>
          <start>10</start>
          <end>11</end>
          <head>10</head>
          <text>my</text>
        </mention>
        <mention>
          <sentence>15</sentence>
          <start>15</start>
          <end>16</end>
          <head>15</head>
          <text>I</text>
        </mention>
        <mention>
          <sentence>15</sentence>
          <start>20</start>
          <end>21</end>
          <head>20</head>
          <text>my</text>
        </mention>
        <mention>
          <sentence>15</sentence>
          <start>23</start>
          <end>24</end>
          <head>23</head>
          <text>I</text>
        </mention>
        <mention>
          <sentence>17</sentence>
          <start>4</start>
          <end>5</end>
          <head>4</head>
          <text>me</text>
        </mention>
        <mention>
          <sentence>18</sentence>
          <start>1</start>
          <end>2</end>
          <head>1</head>
          <text>I</text>
        </mention>
        <mention>
          <sentence>18</sentence>
          <start>4</start>
          <end>5</end>
          <head>4</head>
          <text>my</text>
        </mention>
        <mention>
          <sentence>18</sentence>
          <start>12</start>
          <end>13</end>
          <head>12</head>
          <text>I</text>
        </mention>
        <mention>
          <sentence>19</sentence>
          <start>11</start>
          <end>12</end>
          <head>11</head>
          <text>I</text>
        </mention>
        <mention>
          <sentence>24</sentence>
          <start>3</start>
          <end>4</end>
          <head>3</head>
          <text>me</text>
        </mention>
        <mention>
          <sentence>31</sentence>
          <start>2</start>
          <end>3</end>
          <head>2</head>
          <text>my</text>
        </mention>
        <mention>
          <sentence>31</sentence>
          <start>5</start>
          <end>6</end>
          <head>5</head>
          <text>I</text>
        </mention>
        <mention>
          <sentence>33</sentence>
          <start>1</start>
          <end>2</end>
          <head>1</head>
          <text>I</text>
        </mention>
        <mention>
          <sentence>34</sentence>
          <start>3</start>
          <end>4</end>
          <head>3</head>
          <text>me</text>
        </mention>
        <mention>
          <sentence>37</sentence>
          <start>3</start>
          <end>4</end>
          <head>3</head>
          <text>me</text>
        </mention>
        <mention>
          <sentence>40</sentence>
          <start>1</start>
          <end>2</end>
          <head>1</head>
          <text>I</text>
        </mention>
        <mention>
          <sentence>40</sentence>
          <start>11</start>
          <end>12</end>
          <head>11</head>
          <text>me</text>
        </mention>
        <mention>
          <sentence>42</sentence>
          <start>1</start>
          <end>2</end>
          <head>1</head>
          <text>I</text>
        </mention>
        <mention>
          <sentence>43</sentence>
          <start>1</start>
          <end>2</end>
          <head>1</head>
          <text>I</text>
        </mention>
        <mention>
          <sentence>43</sentence>
          <start>3</start>
          <end>7</end>
          <head>6</head>
          <text>a HR Business Partner</text>
        </mention>
        <mention>
          <sentence>43</sentence>
          <start>5</start>
          <end>7</end>
          <head>6</head>
          <text>Business Partner</text>
        </mention>
        <mention>
          <sentence>45</sentence>
          <start>1</start>
          <end>2</end>
          <head>1</head>
          <text>I</text>
        </mention>
        <mention>
          <sentence>48</sentence>
          <start>2</start>
          <end>3</end>
          <head>2</head>
          <text>I</text>
        </mention>
        <mention>
          <sentence>49</sentence>
          <start>1</start>
          <end>2</end>
          <head>1</head>
          <text>I</text>
        </mention>
        <mention>
          <sentence>49</sentence>
          <start>12</start>
          <end>13</end>
          <head>12</head>
          <text>I</text>
        </mention>
        <mention>
          <sentence>49</sentence>
          <start>19</start>
          <end>20</end>
          <head>19</head>
          <text>me</text>
        </mention>
        <mention>
          <sentence>51</sentence>
          <start>2</start>
          <end>3</end>
          <head>2</head>
          <text>my</text>
        </mention>
        <mention>
          <sentence>52</sentence>
          <start>1</start>
          <end>2</end>
          <head>1</head>
          <text>I</text>
        </mention>
        <mention>
          <sentence>52</sentence>
          <start>6</start>
          <end>7</end>
          <head>6</head>
          <text>I</text>
        </mention>
        <mention>
          <sentence>54</sentence>
          <start>1</start>
          <end>2</end>
          <head>1</head>
          <text>My</text>
        </mention>
        <mention>
          <sentence>55</sentence>
          <start>1</start>
          <end>2</end>
          <head>1</head>
          <text>I</text>
        </mention>
        <mention>
          <sentence>55</sentence>
          <start>7</start>
          <end>8</end>
          <head>7</head>
          <text>me</text>
        </mention>
        <mention>
          <sentence>55</sentence>
          <start>13</start>
          <end>14</end>
          <head>13</head>
          <text>I</text>
        </mention>
        <mention>
          <sentence>55</sentence>
          <start>21</start>
          <end>22</end>
          <head>21</head>
          <text>I</text>
        </mention>
        <mention>
          <sentence>57</sentence>
          <start>6</start>
          <end>7</end>
          <head>6</head>
          <text>me</text>
        </mention>
        <mention>
          <sentence>58</sentence>
          <start>3</start>
          <end>4</end>
          <head>3</head>
          <text>me</text>
        </mention>
        <mention>
          <sentence>58</sentence>
          <start>7</start>
          <end>8</end>
          <head>7</head>
          <text>myself</text>
        </mention>
        <mention>
          <sentence>59</sentence>
          <start>1</start>
          <end>2</end>
          <head>1</head>
          <text>I</text>
        </mention>
        <mention>
          <sentence>59</sentence>
          <start>16</start>
          <end>17</end>
          <head>16</head>
          <text>I</text>
        </mention>
        <mention>
          <sentence>59</sentence>
          <start>18</start>
          <end>26</end>
          <head>19</head>
          <text>a product of being institutionalized - somewhat numb</text>
        </mention>
        <mention>
          <sentence>60</sentence>
          <start>1</start>
          <end>2</end>
          <head>1</head>
          <text>I</text>
        </mention>
        <mention>
          <sentence>60</sentence>
          <start>6</start>
          <end>7</end>
          <head>6</head>
          <text>I</text>
        </mention>
        <mention>
          <sentence>60</sentence>
          <start>12</start>
          <end>13</end>
          <head>12</head>
          <text>I</text>
        </mention>
        <mention>
          <sentence>60</sentence>
          <start>23</start>
          <end>24</end>
          <head>23</head>
          <text>me</text>
        </mention>
        <mention>
          <sentence>60</sentence>
          <start>29</start>
          <end>30</end>
          <head>29</head>
          <text>that</text>
        </mention>
        <mention>
          <sentence>62</sentence>
          <start>1</start>
          <end>2</end>
          <head>1</head>
          <text>I</text>
        </mention>
        <mention>
          <sentence>62</sentence>
          <start>5</start>
          <end>6</end>
          <head>5</head>
          <text>my</text>
        </mention>
        <mention>
          <sentence>63</sentence>
          <start>1</start>
          <end>2</end>
          <head>1</head>
          <text>I</text>
        </mention>
        <mention>
          <sentence>63</sentence>
          <start>31</start>
          <end>32</end>
          <head>31</head>
          <text>me</text>
        </mention>
        <mention>
          <sentence>64</sentence>
          <start>2</start>
          <end>3</end>
          <head>2</head>
          <text>me</text>
        </mention>
        <mention>
          <sentence>65</sentence>
          <start>2</start>
          <end>3</end>
          <head>2</head>
          <text>I</text>
        </mention>
        <mention>
          <sentence>66</sentence>
          <start>1</start>
          <end>2</end>
          <head>1</head>
          <text>I</text>
        </mention>
        <mention>
          <sentence>67</sentence>
          <start>1</start>
          <end>2</end>
          <head>1</head>
          <text>I</text>
        </mention>
        <mention>
          <sentence>68</sentence>
          <start>12</start>
          <end>13</end>
          <head>12</head>
          <text>me</text>
        </mention>
        <mention>
          <sentence>71</sentence>
          <start>6</start>
          <end>7</end>
          <head>6</head>
          <text>I</text>
        </mention>
        <mention>
          <sentence>71</sentence>
          <start>11</start>
          <end>12</end>
          <head>11</head>
          <text>me</text>
        </mention>
        <mention>
          <sentence>75</sentence>
          <start>4</start>
          <end>5</end>
          <head>4</head>
          <text>me</text>
        </mention>
        <mention>
          <sentence>78</sentence>
          <start>6</start>
          <end>7</end>
          <head>6</head>
          <text>I</text>
        </mention>
        <mention>
          <sentence>79</sentence>
          <start>6</start>
          <end>7</end>
          <head>6</head>
          <text>me</text>
        </mention>
        <mention>
          <sentence>79</sentence>
          <start>8</start>
          <end>9</end>
          <head>8</head>
          <text>I</text>
        </mention>
        <mention>
          <sentence>80</sentence>
          <start>3</start>
          <end>4</end>
          <head>3</head>
          <text>I</text>
        </mention>
        <mention>
          <sentence>81</sentence>
          <start>1</start>
          <end>2</end>
          <head>1</head>
          <text>I</text>
        </mention>
        <mention>
          <sentence>82</sentence>
          <start>3</start>
          <end>4</end>
          <head>3</head>
          <text>I</text>
        </mention>
        <mention>
          <sentence>82</sentence>
          <start>6</start>
          <end>7</end>
          <head>6</head>
          <text>my</text>
        </mention>
        <mention>
          <sentence>83</sentence>
          <start>3</start>
          <end>4</end>
          <head>3</head>
          <text>I</text>
        </mention>
        <mention>
          <sentence>83</sentence>
          <start>6</start>
          <end>7</end>
          <head>6</head>
          <text>my</text>
        </mention>
        <mention>
          <sentence>90</sentence>
          <start>4</start>
          <end>5</end>
          <head>4</head>
          <text>me</text>
        </mention>
        <mention>
          <sentence>93</sentence>
          <start>6</start>
          <end>7</end>
          <head>6</head>
          <text>my</text>
        </mention>
        <mention>
          <sentence>93</sentence>
          <start>10</start>
          <end>11</end>
          <head>10</head>
          <text>'em</text>
        </mention>
        <mention>
          <sentence>95</sentence>
          <start>3</start>
          <end>4</end>
          <head>3</head>
          <text>me</text>
        </mention>
        <mention>
          <sentence>96</sentence>
          <start>1</start>
          <end>2</end>
          <head>1</head>
          <text>I</text>
        </mention>
        <mention>
          <sentence>96</sentence>
          <start>4</start>
          <end>5</end>
          <head>4</head>
          <text>myself</text>
        </mention>
        <mention>
          <sentence>96</sentence>
          <start>16</start>
          <end>17</end>
          <head>16</head>
          <text>I</text>
        </mention>
        <mention>
          <sentence>100</sentence>
          <start>1</start>
          <end>2</end>
          <head>1</head>
          <text>I</text>
        </mention>
        <mention>
          <sentence>100</sentence>
          <start>3</start>
          <end>4</end>
          <head>3</head>
          <text>myself</text>
        </mention>
        <mention>
          <sentence>101</sentence>
          <start>1</start>
          <end>2</end>
          <head>1</head>
          <text>I</text>
        </mention>
        <mention>
          <sentence>104</sentence>
          <start>8</start>
          <end>9</end>
          <head>8</head>
          <text>I</text>
        </mention>
        <mention>
          <sentence>105</sentence>
          <start>1</start>
          <end>2</end>
          <head>1</head>
          <text>I</text>
        </mention>
        <mention>
          <sentence>105</sentence>
          <start>8</start>
          <end>9</end>
          <head>8</head>
          <text>my</text>
        </mention>
        <mention>
          <sentence>106</sentence>
          <start>5</start>
          <end>6</end>
          <head>5</head>
          <text>I</text>
        </mention>
        <mention>
          <sentence>107</sentence>
          <start>3</start>
          <end>4</end>
          <head>3</head>
          <text>me</text>
        </mention>
        <mention>
          <sentence>110</sentence>
          <start>4</start>
          <end>5</end>
          <head>4</head>
          <text>me</text>
        </mention>
        <mention>
          <sentence>110</sentence>
          <start>7</start>
          <end>8</end>
          <head>7</head>
          <text>my</text>
        </mention>
        <mention>
          <sentence>110</sentence>
          <start>18</start>
          <end>19</end>
          <head>18</head>
          <text>me</text>
        </mention>
        <mention>
          <sentence>110</sentence>
          <start>24</start>
          <end>25</end>
          <head>24</head>
          <text>I</text>
        </mention>
        <mention>
          <sentence>110</sentence>
          <start>33</start>
          <end>34</end>
          <head>33</head>
          <text>I</text>
        </mention>
        <mention>
          <sentence>110</sentence>
          <start>45</start>
          <end>46</end>
          <head>45</head>
          <text>I</text>
        </mention>
        <mention>
          <sentence>111</sentence>
          <start>1</start>
          <end>2</end>
          <head>1</head>
          <text>I</text>
        </mention>
        <mention>
          <sentence>112</sentence>
          <start>5</start>
          <end>6</end>
          <head>5</head>
          <text>I</text>
        </mention>
        <mention>
          <sentence>113</sentence>
          <start>20</start>
          <end>21</end>
          <head>20</head>
          <text>me</text>
        </mention>
        <mention>
          <sentence>115</sentence>
          <start>4</start>
          <end>5</end>
          <head>4</head>
          <text>me</text>
        </mention>
        <mention>
          <sentence>115</sentence>
          <start>10</start>
          <end>11</end>
          <head>10</head>
          <text>I</text>
        </mention>
        <mention>
          <sentence>115</sentence>
          <start>16</start>
          <end>17</end>
          <head>16</head>
          <text>I</text>
        </mention>
        <mention>
          <sentence>115</sentence>
          <start>29</start>
          <end>30</end>
          <head>29</head>
          <text>I</text>
        </mention>
        <mention>
          <sentence>117</sentence>
          <start>6</start>
          <end>7</end>
          <head>6</head>
          <text>me</text>
        </mention>
        <mention>
          <sentence>119</sentence>
          <start>6</start>
          <end>7</end>
          <head>6</head>
          <text>I</text>
        </mention>
        <mention>
          <sentence>121</sentence>
          <start>1</start>
          <end>2</end>
          <head>1</head>
          <text>I</text>
        </mention>
        <mention>
          <sentence>122</sentence>
          <start>3</start>
          <end>4</end>
          <head>3</head>
          <text>I</text>
        </mention>
        <mention>
          <sentence>124</sentence>
          <start>8</start>
          <end>9</end>
          <head>8</head>
          <text>I</text>
        </mention>
        <mention>
          <sentence>124</sentence>
          <start>9</start>
          <end>10</end>
          <head>9</head>
          <text>myself</text>
        </mention>
        <mention>
          <sentence>124</sentence>
          <start>12</start>
          <end>13</end>
          <head>12</head>
          <text>I</text>
        </mention>
        <mention>
          <sentence>124</sentence>
          <start>18</start>
          <end>19</end>
          <head>18</head>
          <text>myself</text>
        </mention>
        <mention>
          <sentence>125</sentence>
          <start>1</start>
          <end>2</end>
          <head>1</head>
          <text>I</text>
        </mention>
        <mention>
          <sentence>125</sentence>
          <start>6</start>
          <end>7</end>
          <head>6</head>
          <text>I</text>
        </mention>
        <mention>
          <sentence>125</sentence>
          <start>15</start>
          <end>16</end>
          <head>15</head>
          <text>I</text>
        </mention>
        <mention>
          <sentence>126</sentence>
          <start>1</start>
          <end>2</end>
          <head>1</head>
          <text>I</text>
        </mention>
        <mention>
          <sentence>126</sentence>
          <start>15</start>
          <end>16</end>
          <head>15</head>
          <text>my</text>
        </mention>
        <mention>
          <sentence>126</sentence>
          <start>20</start>
          <end>21</end>
          <head>20</head>
          <text>I</text>
        </mention>
        <mention>
          <sentence>127</sentence>
          <start>3</start>
          <end>4</end>
          <head>3</head>
          <text>me</text>
        </mention>
        <mention>
          <sentence>128</sentence>
          <start>7</start>
          <end>8</end>
          <head>7</head>
          <text>I</text>
        </mention>
        <mention>
          <sentence>129</sentence>
          <start>1</start>
          <end>2</end>
          <head>1</head>
          <text>I</text>
        </mention>
        <mention>
          <sentence>129</sentence>
          <start>5</start>
          <end>6</end>
          <head>5</head>
          <text>my</text>
        </mention>
        <mention>
          <sentence>129</sentence>
          <start>23</start>
          <end>24</end>
          <head>23</head>
          <text>I</text>
        </mention>
        <mention>
          <sentence>130</sentence>
          <start>1</start>
          <end>2</end>
          <head>1</head>
          <text>I</text>
        </mention>
        <mention>
          <sentence>130</sentence>
          <start>24</start>
          <end>25</end>
          <head>24</head>
          <text>I</text>
        </mention>
        <mention>
          <sentence>134</sentence>
          <start>21</start>
          <end>22</end>
          <head>21</head>
          <text>me</text>
        </mention>
        <mention>
          <sentence>134</sentence>
          <start>31</start>
          <end>32</end>
          <head>31</head>
          <text>me</text>
        </mention>
        <mention>
          <sentence>135</sentence>
          <start>24</start>
          <end>25</end>
          <head>24</head>
          <text>I</text>
        </mention>
        <mention>
          <sentence>136</sentence>
          <start>7</start>
          <end>8</end>
          <head>7</head>
          <text>I</text>
        </mention>
        <mention>
          <sentence>138</sentence>
          <start>11</start>
          <end>12</end>
          <head>11</head>
          <text>my</text>
        </mention>
        <mention>
          <sentence>138</sentence>
          <start>25</start>
          <end>26</end>
          <head>25</head>
          <text>I</text>
        </mention>
        <mention>
          <sentence>138</sentence>
          <start>27</start>
          <end>28</end>
          <head>27</head>
          <text>I</text>
        </mention>
        <mention>
          <sentence>140</sentence>
          <start>1</start>
          <end>2</end>
          <head>1</head>
          <text>I</text>
        </mention>
        <mention>
          <sentence>143</sentence>
          <start>14</start>
          <end>15</end>
          <head>14</head>
          <text>I</text>
        </mention>
        <mention>
          <sentence>144</sentence>
          <start>2</start>
          <end>3</end>
          <head>2</head>
          <text>I</text>
        </mention>
        <mention>
          <sentence>144</sentence>
          <start>11</start>
          <end>12</end>
          <head>11</head>
          <text>I</text>
        </mention>
        <mention>
          <sentence>153</sentence>
          <start>7</start>
          <end>8</end>
          <head>7</head>
          <text>me</text>
        </mention>
        <mention>
          <sentence>153</sentence>
          <start>15</start>
          <end>16</end>
          <head>15</head>
          <text>I</text>
        </mention>
        <mention>
          <sentence>155</sentence>
          <start>6</start>
          <end>7</end>
          <head>6</head>
          <text>I</text>
        </mention>
        <mention>
          <sentence>156</sentence>
          <start>1</start>
          <end>2</end>
          <head>1</head>
          <text>My</text>
        </mention>
        <mention>
          <sentence>156</sentence>
          <start>24</start>
          <end>25</end>
          <head>24</head>
          <text>my</text>
        </mention>
        <mention>
          <sentence>157</sentence>
          <start>1</start>
          <end>2</end>
          <head>1</head>
          <text>I</text>
        </mention>
        <mention>
          <sentence>157</sentence>
          <start>31</start>
          <end>32</end>
          <head>31</head>
          <text>my</text>
        </mention>
        <mention>
          <sentence>157</sentence>
          <start>36</start>
          <end>37</end>
          <head>36</head>
          <text>my</text>
        </mention>
        <mention>
          <sentence>158</sentence>
          <start>1</start>
          <end>2</end>
          <head>1</head>
          <text>I</text>
        </mention>
        <mention>
          <sentence>158</sentence>
          <start>5</start>
          <end>6</end>
          <head>5</head>
          <text>I</text>
        </mention>
        <mention>
          <sentence>158</sentence>
          <start>10</start>
          <end>11</end>
          <head>10</head>
          <text>I</text>
        </mention>
        <mention>
          <sentence>158</sentence>
          <start>13</start>
          <end>14</end>
          <head>13</head>
          <text>my</text>
        </mention>
        <mention>
          <sentence>159</sentence>
          <start>9</start>
          <end>10</end>
          <head>9</head>
          <text>my</text>
        </mention>
        <mention>
          <sentence>159</sentence>
          <start>13</start>
          <end>14</end>
          <head>13</head>
          <text>I</text>
        </mention>
        <mention>
          <sentence>159</sentence>
          <start>23</start>
          <end>24</end>
          <head>23</head>
          <text>me</text>
        </mention>
        <mention>
          <sentence>160</sentence>
          <start>5</start>
          <end>6</end>
          <head>5</head>
          <text>I</text>
        </mention>
        <mention>
          <sentence>160</sentence>
          <start>30</start>
          <end>31</end>
          <head>30</head>
          <text>I</text>
        </mention>
        <mention>
          <sentence>161</sentence>
          <start>1</start>
          <end>2</end>
          <head>1</head>
          <text>I</text>
        </mention>
        <mention>
          <sentence>161</sentence>
          <start>7</start>
          <end>8</end>
          <head>7</head>
          <text>I</text>
        </mention>
        <mention>
          <sentence>161</sentence>
          <start>22</start>
          <end>23</end>
          <head>22</head>
          <text>I</text>
        </mention>
        <mention>
          <sentence>161</sentence>
          <start>28</start>
          <end>29</end>
          <head>28</head>
          <text>myself</text>
        </mention>
        <mention>
          <sentence>162</sentence>
          <start>6</start>
          <end>7</end>
          <head>6</head>
          <text>I</text>
        </mention>
        <mention>
          <sentence>162</sentence>
          <start>17</start>
          <end>18</end>
          <head>17</head>
          <text>I</text>
        </mention>
        <mention>
          <sentence>162</sentence>
          <start>24</start>
          <end>25</end>
          <head>24</head>
          <text>I</text>
        </mention>
        <mention>
          <sentence>162</sentence>
          <start>33</start>
          <end>34</end>
          <head>33</head>
          <text>my</text>
        </mention>
        <mention>
          <sentence>163</sentence>
          <start>1</start>
          <end>2</end>
          <head>1</head>
          <text>I</text>
        </mention>
        <mention>
          <sentence>163</sentence>
          <start>24</start>
          <end>25</end>
          <head>24</head>
          <text>my</text>
        </mention>
        <mention>
          <sentence>164</sentence>
          <start>1</start>
          <end>2</end>
          <head>1</head>
          <text>I</text>
        </mention>
        <mention>
          <sentence>164</sentence>
          <start>4</start>
          <end>5</end>
          <head>4</head>
          <text>I</text>
        </mention>
        <mention>
          <sentence>164</sentence>
          <start>17</start>
          <end>18</end>
          <head>17</head>
          <text>I</text>
        </mention>
        <mention>
          <sentence>164</sentence>
          <start>21</start>
          <end>22</end>
          <head>21</head>
          <text>my</text>
        </mention>
        <mention>
          <sentence>164</sentence>
          <start>32</start>
          <end>33</end>
          <head>32</head>
          <text>me</text>
        </mention>
        <mention>
          <sentence>164</sentence>
          <start>37</start>
          <end>38</end>
          <head>37</head>
          <text>I</text>
        </mention>
        <mention>
          <sentence>165</sentence>
          <start>4</start>
          <end>5</end>
          <head>4</head>
          <text>I</text>
        </mention>
        <mention>
          <sentence>165</sentence>
          <start>8</start>
          <end>9</end>
          <head>8</head>
          <text>I</text>
        </mention>
        <mention>
          <sentence>165</sentence>
          <start>20</start>
          <end>21</end>
          <head>20</head>
          <text>I</text>
        </mention>
        <mention>
          <sentence>166</sentence>
          <start>11</start>
          <end>12</end>
          <head>11</head>
          <text>my</text>
        </mention>
        <mention>
          <sentence>166</sentence>
          <start>23</start>
          <end>24</end>
          <head>23</head>
          <text>I</text>
        </mention>
        <mention>
          <sentence>166</sentence>
          <start>29</start>
          <end>30</end>
          <head>29</head>
          <text>I</text>
        </mention>
        <mention>
          <sentence>166</sentence>
          <start>35</start>
          <end>36</end>
          <head>35</head>
          <text>I</text>
        </mention>
        <mention>
          <sentence>166</sentence>
          <start>45</start>
          <end>46</end>
          <head>45</head>
          <text>I</text>
        </mention>
        <mention>
          <sentence>167</sentence>
          <start>1</start>
          <end>2</end>
          <head>1</head>
          <text>I</text>
        </mention>
        <mention>
          <sentence>167</sentence>
          <start>15</start>
          <end>16</end>
          <head>15</head>
          <text>I</text>
        </mention>
        <mention>
          <sentence>168</sentence>
          <start>4</start>
          <end>5</end>
          <head>4</head>
          <text>I</text>
        </mention>
        <mention>
          <sentence>169</sentence>
          <start>2</start>
          <end>3</end>
          <head>2</head>
          <text>I</text>
        </mention>
        <mention>
          <sentence>169</sentence>
          <start>7</start>
          <end>8</end>
          <head>7</head>
          <text>I</text>
        </mention>
        <mention>
          <sentence>169</sentence>
          <start>13</start>
          <end>14</end>
          <head>13</head>
          <text>my</text>
        </mention>
        <mention>
          <sentence>170</sentence>
          <start>4</start>
          <end>5</end>
          <head>4</head>
          <text>I</text>
        </mention>
        <mention>
          <sentence>170</sentence>
          <start>10</start>
          <end>11</end>
          <head>10</head>
          <text>my</text>
        </mention>
        <mention>
          <sentence>170</sentence>
          <start>22</start>
          <end>23</end>
          <head>22</head>
          <text>I</text>
        </mention>
        <mention>
          <sentence>170</sentence>
          <start>27</start>
          <end>28</end>
          <head>27</head>
          <text>I</text>
        </mention>
        <mention>
          <sentence>170</sentence>
          <start>41</start>
          <end>42</end>
          <head>41</head>
          <text>I</text>
        </mention>
        <mention>
          <sentence>171</sentence>
          <start>4</start>
          <end>5</end>
          <head>4</head>
          <text>I</text>
        </mention>
        <mention>
          <sentence>171</sentence>
          <start>7</start>
          <end>8</end>
          <head>7</head>
          <text>that</text>
        </mention>
        <mention>
          <sentence>172</sentence>
          <start>1</start>
          <end>2</end>
          <head>1</head>
          <text>I</text>
        </mention>
        <mention>
          <sentence>172</sentence>
          <start>17</start>
          <end>18</end>
          <head>17</head>
          <text>my</text>
        </mention>
        <mention>
          <sentence>172</sentence>
          <start>25</start>
          <end>26</end>
          <head>25</head>
          <text>I</text>
        </mention>
        <mention>
          <sentence>173</sentence>
          <start>5</start>
          <end>6</end>
          <head>5</head>
          <text>I</text>
        </mention>
        <mention>
          <sentence>173</sentence>
          <start>20</start>
          <end>21</end>
          <head>20</head>
          <text>I</text>
        </mention>
        <mention>
          <sentence>173</sentence>
          <start>36</start>
          <end>37</end>
          <head>36</head>
          <text>I</text>
        </mention>
        <mention>
          <sentence>174</sentence>
          <start>15</start>
          <end>16</end>
          <head>15</head>
          <text>my</text>
        </mention>
        <mention>
          <sentence>175</sentence>
          <start>11</start>
          <end>12</end>
          <head>11</head>
          <text>I</text>
        </mention>
        <mention>
          <sentence>175</sentence>
          <start>30</start>
          <end>31</end>
          <head>30</head>
          <text>I</text>
        </mention>
        <mention>
          <sentence>177</sentence>
          <start>3</start>
          <end>4</end>
          <head>3</head>
          <text>my</text>
        </mention>
        <mention>
          <sentence>177</sentence>
          <start>9</start>
          <end>10</end>
          <head>9</head>
          <text>I</text>
        </mention>
        <mention>
          <sentence>178</sentence>
          <start>1</start>
          <end>2</end>
          <head>1</head>
          <text>My</text>
        </mention>
        <mention>
          <sentence>179</sentence>
          <start>1</start>
          <end>2</end>
          <head>1</head>
          <text>I</text>
        </mention>
        <mention>
          <sentence>179</sentence>
          <start>4</start>
          <end>5</end>
          <head>4</head>
          <text>I</text>
        </mention>
        <mention>
          <sentence>179</sentence>
          <start>12</start>
          <end>13</end>
          <head>12</head>
          <text>I</text>
        </mention>
        <mention>
          <sentence>179</sentence>
          <start>40</start>
          <end>41</end>
          <head>40</head>
          <text>I</text>
        </mention>
        <mention>
          <sentence>179</sentence>
          <start>57</start>
          <end>58</end>
          <head>57</head>
          <text>I</text>
        </mention>
        <mention>
          <sentence>181</sentence>
          <start>20</start>
          <end>21</end>
          <head>20</head>
          <text>I</text>
        </mention>
        <mention>
          <sentence>182</sentence>
          <start>9</start>
          <end>10</end>
          <head>9</head>
          <text>I</text>
        </mention>
        <mention>
          <sentence>182</sentence>
          <start>19</start>
          <end>20</end>
          <head>19</head>
          <text>me</text>
        </mention>
        <mention>
          <sentence>182</sentence>
          <start>29</start>
          <end>30</end>
          <head>29</head>
          <text>I</text>
        </mention>
        <mention>
          <sentence>182</sentence>
          <start>39</start>
          <end>40</end>
          <head>39</head>
          <text>myself</text>
        </mention>
        <mention>
          <sentence>182</sentence>
          <start>42</start>
          <end>43</end>
          <head>42</head>
          <text>I</text>
        </mention>
        <mention>
          <sentence>183</sentence>
          <start>1</start>
          <end>2</end>
          <head>1</head>
          <text>I</text>
        </mention>
        <mention>
          <sentence>183</sentence>
          <start>4</start>
          <end>5</end>
          <head>4</head>
          <text>I</text>
        </mention>
        <mention>
          <sentence>183</sentence>
          <start>12</start>
          <end>13</end>
          <head>12</head>
          <text>I</text>
        </mention>
        <mention>
          <sentence>183</sentence>
          <start>18</start>
          <end>19</end>
          <head>18</head>
          <text>I</text>
        </mention>
        <mention>
          <sentence>183</sentence>
          <start>25</start>
          <end>26</end>
          <head>25</head>
          <text>I</text>
        </mention>
        <mention>
          <sentence>183</sentence>
          <start>29</start>
          <end>30</end>
          <head>29</head>
          <text>I</text>
        </mention>
        <mention>
          <sentence>183</sentence>
          <start>32</start>
          <end>33</end>
          <head>32</head>
          <text>I</text>
        </mention>
        <mention>
          <sentence>184</sentence>
          <start>4</start>
          <end>5</end>
          <head>4</head>
          <text>I</text>
        </mention>
        <mention>
          <sentence>184</sentence>
          <start>11</start>
          <end>12</end>
          <head>11</head>
          <text>my</text>
        </mention>
        <mention>
          <sentence>185</sentence>
          <start>2</start>
          <end>3</end>
          <head>2</head>
          <text>I</text>
        </mention>
        <mention>
          <sentence>185</sentence>
          <start>4</start>
          <end>5</end>
          <head>4</head>
          <text>I</text>
        </mention>
        <mention>
          <sentence>185</sentence>
          <start>10</start>
          <end>11</end>
          <head>10</head>
          <text>I</text>
        </mention>
        <mention>
          <sentence>185</sentence>
          <start>21</start>
          <end>22</end>
          <head>21</head>
          <text>I</text>
        </mention>
        <mention>
          <sentence>185</sentence>
          <start>28</start>
          <end>29</end>
          <head>28</head>
          <text>I</text>
        </mention>
        <mention>
          <sentence>185</sentence>
          <start>31</start>
          <end>32</end>
          <head>31</head>
          <text>I</text>
        </mention>
        <mention>
          <sentence>185</sentence>
          <start>44</start>
          <end>45</end>
          <head>44</head>
          <text>my</text>
        </mention>
        <mention>
          <sentence>186</sentence>
          <start>1</start>
          <end>2</end>
          <head>1</head>
          <text>I</text>
        </mention>
        <mention>
          <sentence>187</sentence>
          <start>1</start>
          <end>2</end>
          <head>1</head>
          <text>I</text>
        </mention>
        <mention>
          <sentence>187</sentence>
          <start>4</start>
          <end>5</end>
          <head>4</head>
          <text>I</text>
        </mention>
        <mention>
          <sentence>194</sentence>
          <start>7</start>
          <end>8</end>
          <head>7</head>
          <text>I</text>
        </mention>
        <mention>
          <sentence>195</sentence>
          <start>1</start>
          <end>2</end>
          <head>1</head>
          <text>I</text>
        </mention>
        <mention>
          <sentence>195</sentence>
          <start>3</start>
          <end>4</end>
          <head>3</head>
          <text>my</text>
        </mention>
        <mention>
          <sentence>195</sentence>
          <start>6</start>
          <end>7</end>
          <head>6</head>
          <text>my</text>
        </mention>
        <mention>
          <sentence>196</sentence>
          <start>1</start>
          <end>2</end>
          <head>1</head>
          <text>My</text>
        </mention>
        <mention>
          <sentence>196</sentence>
          <start>7</start>
          <end>8</end>
          <head>7</head>
          <text>my</text>
        </mention>
        <mention>
          <sentence>196</sentence>
          <start>14</start>
          <end>15</end>
          <head>14</head>
          <text>I</text>
        </mention>
        <mention>
          <sentence>196</sentence>
          <start>19</start>
          <end>20</end>
          <head>19</head>
          <text>my</text>
        </mention>
        <mention>
          <sentence>196</sentence>
          <start>22</start>
          <end>23</end>
          <head>22</head>
          <text>my</text>
        </mention>
        <mention>
          <sentence>196</sentence>
          <start>26</start>
          <end>27</end>
          <head>26</head>
          <text>I</text>
        </mention>
        <mention>
          <sentence>196</sentence>
          <start>43</start>
          <end>44</end>
          <head>43</head>
          <text>I</text>
        </mention>
        <mention>
          <sentence>197</sentence>
          <start>9</start>
          <end>10</end>
          <head>9</head>
          <text>I</text>
        </mention>
        <mention>
          <sentence>197</sentence>
          <start>15</start>
          <end>16</end>
          <head>15</head>
          <text>my</text>
        </mention>
        <mention>
          <sentence>197</sentence>
          <start>23</start>
          <end>24</end>
          <head>23</head>
          <text>I</text>
        </mention>
        <mention>
          <sentence>197</sentence>
          <start>28</start>
          <end>29</end>
          <head>28</head>
          <text>my</text>
        </mention>
        <mention>
          <sentence>197</sentence>
          <start>35</start>
          <end>36</end>
          <head>35</head>
          <text>my</text>
        </mention>
        <mention>
          <sentence>198</sentence>
          <start>6</start>
          <end>7</end>
          <head>6</head>
          <text>I</text>
        </mention>
        <mention>
          <sentence>198</sentence>
          <start>15</start>
          <end>16</end>
          <head>15</head>
          <text>I</text>
        </mention>
        <mention>
          <sentence>199</sentence>
          <start>4</start>
          <end>5</end>
          <head>4</head>
          <text>I</text>
        </mention>
        <mention>
          <sentence>199</sentence>
          <start>12</start>
          <end>13</end>
          <head>12</head>
          <text>I</text>
        </mention>
        <mention>
          <sentence>199</sentence>
          <start>14</start>
          <end>15</end>
          <head>14</head>
          <text>I</text>
        </mention>
        <mention>
          <sentence>199</sentence>
          <start>19</start>
          <end>20</end>
          <head>19</head>
          <text>my</text>
        </mention>
        <mention>
          <sentence>199</sentence>
          <start>23</start>
          <end>24</end>
          <head>23</head>
          <text>I</text>
        </mention>
        <mention>
          <sentence>199</sentence>
          <start>31</start>
          <end>32</end>
          <head>31</head>
          <text>I</text>
        </mention>
        <mention>
          <sentence>200</sentence>
          <start>9</start>
          <end>10</end>
          <head>9</head>
          <text>me</text>
        </mention>
        <mention>
          <sentence>200</sentence>
          <start>28</start>
          <end>29</end>
          <head>28</head>
          <text>I</text>
        </mention>
        <mention>
          <sentence>200</sentence>
          <start>34</start>
          <end>35</end>
          <head>34</head>
          <text>my</text>
        </mention>
        <mention>
          <sentence>201</sentence>
          <start>10</start>
          <end>11</end>
          <head>10</head>
          <text>I</text>
        </mention>
        <mention>
          <sentence>202</sentence>
          <start>4</start>
          <end>5</end>
          <head>4</head>
          <text>my</text>
        </mention>
        <mention>
          <sentence>202</sentence>
          <start>16</start>
          <end>17</end>
          <head>16</head>
          <text>my</text>
        </mention>
        <mention>
          <sentence>203</sentence>
          <start>1</start>
          <end>2</end>
          <head>1</head>
          <text>I</text>
        </mention>
        <mention>
          <sentence>203</sentence>
          <start>6</start>
          <end>7</end>
          <head>6</head>
          <text>myself</text>
        </mention>
        <mention>
          <sentence>203</sentence>
          <start>14</start>
          <end>15</end>
          <head>14</head>
          <text>I</text>
        </mention>
        <mention>
          <sentence>204</sentence>
          <start>1</start>
          <end>2</end>
          <head>1</head>
          <text>I</text>
        </mention>
        <mention>
          <sentence>204</sentence>
          <start>5</start>
          <end>6</end>
          <head>5</head>
          <text>my</text>
        </mention>
        <mention>
          <sentence>204</sentence>
          <start>11</start>
          <end>12</end>
          <head>11</head>
          <text>I</text>
        </mention>
        <mention>
          <sentence>204</sentence>
          <start>14</start>
          <end>15</end>
          <head>14</head>
          <text>I</text>
        </mention>
        <mention>
          <sentence>204</sentence>
          <start>20</start>
          <end>21</end>
          <head>20</head>
          <text>I</text>
        </mention>
      </coreference>
      <coreference>
        <mention representative="true">
          <sentence>3</sentence>
          <start>6</start>
          <end>8</end>
          <head>6</head>
          <text>March 2015</text>
        </mention>
        <mention>
          <sentence>140</sentence>
          <start>12</start>
          <end>13</end>
          <head>12</head>
          <text>March</text>
        </mention>
      </coreference>
      <coreference>
        <mention representative="true">
          <sentence>4</sentence>
          <start>12</start>
          <end>13</end>
          <head>12</head>
          <text>Natalia</text>
        </mention>
        <mention>
          <sentence>4</sentence>
          <start>20</start>
          <end>21</end>
          <head>20</head>
          <text>her</text>
        </mention>
        <mention>
          <sentence>10</sentence>
          <start>7</start>
          <end>8</end>
          <head>7</head>
          <text>Natalia</text>
        </mention>
        <mention>
          <sentence>12</sentence>
          <start>10</start>
          <end>11</end>
          <head>10</head>
          <text>Natalia</text>
        </mention>
        <mention>
          <sentence>21</sentence>
          <start>1</start>
          <end>2</end>
          <head>1</head>
          <text>Natalia</text>
        </mention>
        <mention>
          <sentence>109</sentence>
          <start>5</start>
          <end>6</end>
          <head>5</head>
          <text>Natalia</text>
        </mention>
      </coreference>
      <coreference>
        <mention representative="true">
          <sentence>8</sentence>
          <start>3</start>
          <end>6</end>
          <head>4</head>
          <text>the front of</text>
        </mention>
        <mention>
          <sentence>4</sentence>
          <start>16</start>
          <end>22</end>
          <head>16</head>
          <text>front ready to commence her class</text>
        </mention>
      </coreference>
      <coreference>
        <mention representative="true">
          <sentence>173</sentence>
          <start>32</start>
          <end>35</end>
          <head>34</head>
          <text>the same way</text>
        </mention>
        <mention>
          <sentence>203</sentence>
          <start>30</start>
          <end>32</end>
          <head>31</head>
          <text>the way</text>
        </mention>
      </coreference>
      <coreference>
        <mention representative="true">
          <sentence>175</sentence>
          <start>1</start>
          <end>3</end>
          <head>2</head>
          <text>These policies</text>
        </mention>
        <mention>
          <sentence>174</sentence>
          <start>7</start>
          <end>10</end>
          <head>7</head>
          <text>policies or procedures</text>
        </mention>
      </coreference>
      <coreference>
        <mention representative="true">
          <sentence>174</sentence>
          <start>15</start>
          <end>19</end>
          <head>18</head>
          <text>my number one concern</text>
        </mention>
        <mention>
          <sentence>174</sentence>
          <start>22</start>
          <end>28</end>
          <head>22</head>
          <text>diving straight into fixing and exploring</text>
        </mention>
      </coreference>
      <coreference>
        <mention representative="true">
          <sentence>7</sentence>
          <start>14</start>
          <end>15</end>
          <head>14</head>
          <text>this</text>
        </mention>
        <mention>
          <sentence>7</sentence>
          <start>17</start>
          <end>18</end>
          <head>17</head>
          <text>that</text>
        </mention>
      </coreference>
      <coreference>
        <mention representative="true">
          <sentence>8</sentence>
          <start>9</start>
          <end>33</end>
          <head>11</head>
          <text>the first slide projected stating ` Take Responsibility ' and ` Responsibility Ahead ' with a ` Welcome to Managing , Leading and Stewardship</text>
        </mention>
        <mention>
          <sentence>8</sentence>
          <start>6</start>
          <end>8</end>
          <head>7</head>
          <text>the lecture</text>
        </mention>
        <mention>
          <sentence>38</sentence>
          <start>2</start>
          <end>4</end>
          <head>3</head>
          <text>the lecture</text>
        </mention>
      </coreference>
      <coreference>
        <mention representative="true">
          <sentence>181</sentence>
          <start>13</start>
          <end>16</end>
          <head>15</head>
          <text>half the team</text>
        </mention>
        <mention>
          <sentence>177</sentence>
          <start>3</start>
          <end>5</end>
          <head>4</head>
          <text>my team</text>
        </mention>
        <mention>
          <sentence>179</sentence>
          <start>67</start>
          <end>69</end>
          <head>68</head>
          <text>the team</text>
        </mention>
        <mention>
          <sentence>180</sentence>
          <start>4</start>
          <end>6</end>
          <head>5</head>
          <text>the team</text>
        </mention>
        <mention>
          <sentence>185</sentence>
          <start>44</start>
          <end>46</end>
          <head>45</head>
          <text>my team</text>
        </mention>
        <mention>
          <sentence>187</sentence>
          <start>12</start>
          <end>14</end>
          <head>13</head>
          <text>the team</text>
        </mention>
        <mention>
          <sentence>192</sentence>
          <start>32</start>
          <end>34</end>
          <head>33</head>
          <text>the team</text>
        </mention>
        <mention>
          <sentence>196</sentence>
          <start>33</start>
          <end>35</end>
          <head>34</head>
          <text>the team</text>
        </mention>
      </coreference>
      <coreference>
        <mention representative="true">
          <sentence>8</sentence>
          <start>28</start>
          <end>29</end>
          <head>28</head>
          <text>Managing</text>
        </mention>
        <mention>
          <sentence>8</sentence>
          <start>30</start>
          <end>33</end>
          <head>30</head>
          <text>Leading and Stewardship</text>
        </mention>
      </coreference>
      <coreference>
        <mention representative="true">
          <sentence>177</sentence>
          <start>19</start>
          <end>20</end>
          <head>19</head>
          <text>engineers</text>
        </mention>
        <mention>
          <sentence>177</sentence>
          <start>23</start>
          <end>24</end>
          <head>23</head>
          <text>their</text>
        </mention>
        <mention>
          <sentence>178</sentence>
          <start>16</start>
          <end>17</end>
          <head>16</head>
          <text>engineers</text>
        </mention>
      </coreference>
      <coreference>
        <mention representative="true">
          <sentence>9</sentence>
          <start>3</start>
          <end>23</end>
          <head>4</head>
          <text>no idea what this course was about but I was certain it had something to do with responsibility and leaders</text>
        </mention>
        <mention>
          <sentence>125</sentence>
          <start>3</start>
          <end>9</end>
          <head>4</head>
          <text>no idea why I do n't</text>
        </mention>
      </coreference>
      <coreference>
        <mention representative="true">
          <sentence>9</sentence>
          <start>6</start>
          <end>8</end>
          <head>7</head>
          <text>this course</text>
        </mention>
        <mention>
          <sentence>9</sentence>
          <start>14</start>
          <end>15</end>
          <head>14</head>
          <text>it</text>
        </mention>
      </coreference>
      <coreference>
        <mention representative="true">
          <sentence>177</sentence>
          <start>29</start>
          <end>30</end>
          <head>29</head>
          <text>requests</text>
        </mention>
        <mention>
          <sentence>178</sentence>
          <start>9</start>
          <end>10</end>
          <head>9</head>
          <text>requests</text>
        </mention>
      </coreference>
      <coreference>
        <mention representative="true">
          <sentence>178</sentence>
          <start>1</start>
          <end>6</end>
          <head>2</head>
          <text>My role on this day</text>
        </mention>
        <mention>
          <sentence>184</sentence>
          <start>18</start>
          <end>20</end>
          <head>19</head>
          <text>the role</text>
        </mention>
        <mention>
          <sentence>186</sentence>
          <start>18</start>
          <end>20</end>
          <head>19</head>
          <text>their role</text>
        </mention>
        <mention>
          <sentence>190</sentence>
          <start>37</start>
          <end>39</end>
          <head>38</head>
          <text>her role</text>
        </mention>
        <mention>
          <sentence>193</sentence>
          <start>4</start>
          <end>6</end>
          <head>5</head>
          <text>their role</text>
        </mention>
      </coreference>
      <coreference>
        <mention representative="true">
          <sentence>10</sentence>
          <start>2</start>
          <end>3</end>
          <head>2</head>
          <text>second</text>
        </mention>
        <mention>
          <sentence>11</sentence>
          <start>11</start>
          <end>12</end>
          <head>11</head>
          <text>second</text>
        </mention>
        <mention>
          <sentence>116</sentence>
          <start>2</start>
          <end>3</end>
          <head>2</head>
          <text>second</text>
        </mention>
        <mention>
          <sentence>147</sentence>
          <start>2</start>
          <end>3</end>
          <head>2</head>
          <text>second</text>
        </mention>
      </coreference>
      <coreference>
        <mention representative="true">
          <sentence>178</sentence>
          <start>11</start>
          <end>17</end>
          <head>14</head>
          <text>this online reporting system for engineers</text>
        </mention>
        <mention>
          <sentence>179</sentence>
          <start>27</start>
          <end>31</end>
          <head>30</head>
          <text>this online reporting system</text>
        </mention>
      </coreference>
      <coreference>
        <mention representative="true">
          <sentence>11</sentence>
          <start>17</start>
          <end>19</end>
          <head>18</head>
          <text>my decisions</text>
        </mention>
        <mention>
          <sentence>10</sentence>
          <start>18</start>
          <end>20</end>
          <head>18</head>
          <text>decisions '</text>
        </mention>
        <mention>
          <sentence>11</sentence>
          <start>36</start>
          <end>38</end>
          <head>37</head>
          <text>my decisions</text>
        </mention>
        <mention>
          <sentence>15</sentence>
          <start>10</start>
          <end>12</end>
          <head>11</head>
          <text>my decisions</text>
        </mention>
        <mention>
          <sentence>19</sentence>
          <start>7</start>
          <end>9</end>
          <head>8</head>
          <text>your decisions</text>
        </mention>
        <mention>
          <sentence>21</sentence>
          <start>16</start>
          <end>17</end>
          <head>16</head>
          <text>decisions</text>
        </mention>
        <mention>
          <sentence>25</sentence>
          <start>13</start>
          <end>14</end>
          <head>13</head>
          <text>decisions</text>
        </mention>
        <mention>
          <sentence>26</sentence>
          <start>7</start>
          <end>9</end>
          <head>8</head>
          <text>these decisions</text>
        </mention>
        <mention>
          <sentence>55</sentence>
          <start>29</start>
          <end>30</end>
          <head>29</head>
          <text>decisions</text>
        </mention>
        <mention>
          <sentence>120</sentence>
          <start>29</start>
          <end>30</end>
          <head>29</head>
          <text>decisions</text>
        </mention>
      </coreference>
      <coreference>
        <mention representative="true">
          <sentence>179</sentence>
          <start>9</start>
          <end>11</end>
          <head>10</head>
          <text>the tasks</text>
        </mention>
        <mention>
          <sentence>183</sentence>
          <start>15</start>
          <end>17</end>
          <head>16</head>
          <text>the tasks</text>
        </mention>
        <mention>
          <sentence>196</sentence>
          <start>41</start>
          <end>43</end>
          <head>42</head>
          <text>the tasks</text>
        </mention>
        <mention>
          <sentence>197</sentence>
          <start>35</start>
          <end>37</end>
          <head>36</head>
          <text>my tasks</text>
        </mention>
      </coreference>
      <coreference>
        <mention representative="true">
          <sentence>11</sentence>
          <start>4</start>
          <end>5</end>
          <head>4</head>
          <text>this</text>
        </mention>
        <mention>
          <sentence>12</sentence>
          <start>5</start>
          <end>6</end>
          <head>5</head>
          <text>it</text>
        </mention>
      </coreference>
      <coreference>
        <mention representative="true">
          <sentence>179</sentence>
          <start>38</start>
          <end>40</end>
          <head>39</head>
          <text>the requests</text>
        </mention>
        <mention>
          <sentence>179</sentence>
          <start>25</start>
          <end>31</end>
          <head>25</head>
          <text>requests in this online reporting system</text>
        </mention>
      </coreference>
      <coreference>
        <mention representative="true">
          <sentence>11</sentence>
          <start>7</start>
          <end>9</end>
          <head>8</head>
          <text>decision making</text>
        </mention>
        <mention>
          <sentence>11</sentence>
          <start>20</start>
          <end>21</end>
          <head>20</head>
          <text>it</text>
        </mention>
        <mention>
          <sentence>194</sentence>
          <start>22</start>
          <end>24</end>
          <head>23</head>
          <text>decision making</text>
        </mention>
      </coreference>
      <coreference>
        <mention representative="true">
          <sentence>179</sentence>
          <start>50</start>
          <end>52</end>
          <head>51</head>
          <text>the situation</text>
        </mention>
        <mention>
          <sentence>181</sentence>
          <start>4</start>
          <end>6</end>
          <head>5</head>
          <text>this situation</text>
        </mention>
        <mention>
          <sentence>182</sentence>
          <start>1</start>
          <end>3</end>
          <head>2</head>
          <text>The situation</text>
        </mention>
        <mention>
          <sentence>182</sentence>
          <start>22</start>
          <end>23</end>
          <head>22</head>
          <text>it</text>
        </mention>
        <mention>
          <sentence>183</sentence>
          <start>9</start>
          <end>11</end>
          <head>10</head>
          <text>this situation</text>
        </mention>
        <mention>
          <sentence>183</sentence>
          <start>39</start>
          <end>41</end>
          <head>40</head>
          <text>the situation</text>
        </mention>
        <mention>
          <sentence>185</sentence>
          <start>33</start>
          <end>35</end>
          <head>34</head>
          <text>the situation</text>
        </mention>
        <mention>
          <sentence>199</sentence>
          <start>7</start>
          <end>9</end>
          <head>8</head>
          <text>this situation</text>
        </mention>
      </coreference>
      <coreference>
        <mention representative="true">
          <sentence>182</sentence>
          <start>13</start>
          <end>17</end>
          <head>16</head>
          <text>the other team members</text>
        </mention>
        <mention>
          <sentence>179</sentence>
          <start>64</start>
          <end>69</end>
          <head>65</head>
          <text>other members of the team</text>
        </mention>
        <mention>
          <sentence>179</sentence>
          <start>70</start>
          <end>71</end>
          <head>70</head>
          <text>they</text>
        </mention>
        <mention>
          <sentence>179</sentence>
          <start>75</start>
          <end>76</end>
          <head>75</head>
          <text>them</text>
        </mention>
        <mention>
          <sentence>180</sentence>
          <start>14</start>
          <end>15</end>
          <head>14</head>
          <text>their</text>
        </mention>
        <mention>
          <sentence>180</sentence>
          <start>24</start>
          <end>25</end>
          <head>24</head>
          <text>their</text>
        </mention>
        <mention>
          <sentence>193</sentence>
          <start>28</start>
          <end>33</end>
          <head>29</head>
          <text>the members in their team</text>
        </mention>
        <mention>
          <sentence>197</sentence>
          <start>28</start>
          <end>31</end>
          <head>30</head>
          <text>my team members</text>
        </mention>
        <mention>
          <sentence>202</sentence>
          <start>16</start>
          <end>19</end>
          <head>18</head>
          <text>my team members</text>
        </mention>
        <mention>
          <sentence>202</sentence>
          <start>21</start>
          <end>22</end>
          <head>21</head>
          <text>they</text>
        </mention>
      </coreference>
      <coreference>
        <mention representative="true">
          <sentence>180</sentence>
          <start>17</start>
          <end>34</end>
          <head>18</head>
          <text>some engineers called in to complain that their high priority requests were taking too long to complete</text>
        </mention>
        <mention>
          <sentence>181</sentence>
          <start>28</start>
          <end>31</end>
          <head>29</head>
          <text>the engineers '</text>
        </mention>
      </coreference>
      <coreference>
        <mention representative="true">
          <sentence>13</sentence>
          <start>1</start>
          <end>2</end>
          <head>1</head>
          <text>You</text>
        </mention>
        <mention>
          <sentence>13</sentence>
          <start>11</start>
          <end>12</end>
          <head>11</head>
          <text>you</text>
        </mention>
        <mention>
          <sentence>13</sentence>
          <start>19</start>
          <end>20</end>
          <head>19</head>
          <text>your</text>
        </mention>
      </coreference>
      <coreference>
        <mention representative="true">
          <sentence>13</sentence>
          <start>13</start>
          <end>15</end>
          <head>14</head>
          <text>the judgment</text>
        </mention>
        <mention>
          <sentence>13</sentence>
          <start>19</start>
          <end>22</end>
          <head>20</head>
          <text>your judgment ''</text>
        </mention>
      </coreference>
      <coreference>
        <mention representative="true">
          <sentence>14</sentence>
          <start>3</start>
          <end>5</end>
          <head>4</head>
          <text>this statement</text>
        </mention>
        <mention>
          <sentence>15</sentence>
          <start>4</start>
          <end>5</end>
          <head>4</head>
          <text>it</text>
        </mention>
        <mention>
          <sentence>15</sentence>
          <start>30</start>
          <end>31</end>
          <head>30</head>
          <text>it</text>
        </mention>
        <mention>
          <sentence>114</sentence>
          <start>1</start>
          <end>3</end>
          <head>2</head>
          <text>This statement</text>
        </mention>
        <mention>
          <sentence>114</sentence>
          <start>7</start>
          <end>8</end>
          <head>7</head>
          <text>it</text>
        </mention>
        <mention>
          <sentence>115</sentence>
          <start>1</start>
          <end>2</end>
          <head>1</head>
          <text>It</text>
        </mention>
        <mention>
          <sentence>115</sentence>
          <start>22</start>
          <end>23</end>
          <head>22</head>
          <text>it</text>
        </mention>
      </coreference>
      <coreference>
        <mention representative="true">
          <sentence>15</sentence>
          <start>20</start>
          <end>22</end>
          <head>21</head>
          <text>my actions</text>
        </mention>
        <mention>
          <sentence>114</sentence>
          <start>13</start>
          <end>15</end>
          <head>14</head>
          <text>their actions</text>
        </mention>
        <mention>
          <sentence>186</sentence>
          <start>41</start>
          <end>43</end>
          <head>42</head>
          <text>their actions</text>
        </mention>
        <mention>
          <sentence>189</sentence>
          <start>18</start>
          <end>20</end>
          <head>19</head>
          <text>their actions</text>
        </mention>
        <mention>
          <sentence>193</sentence>
          <start>22</start>
          <end>24</end>
          <head>23</head>
          <text>their actions</text>
        </mention>
        <mention>
          <sentence>194</sentence>
          <start>13</start>
          <end>14</end>
          <head>13</head>
          <text>actions</text>
        </mention>
      </coreference>
      <coreference>
        <mention representative="true">
          <sentence>16</sentence>
          <start>3</start>
          <end>5</end>
          <head>4</head>
          <text>the key</text>
        </mention>
        <mention>
          <sentence>16</sentence>
          <start>6</start>
          <end>7</end>
          <head>6</head>
          <text>it</text>
        </mention>
        <mention>
          <sentence>17</sentence>
          <start>1</start>
          <end>2</end>
          <head>1</head>
          <text>It</text>
        </mention>
        <mention>
          <sentence>112</sentence>
          <start>2</start>
          <end>3</end>
          <head>2</head>
          <text>key</text>
        </mention>
      </coreference>
      <coreference>
        <mention representative="true">
          <sentence>25</sentence>
          <start>5</start>
          <end>7</end>
          <head>6</head>
          <text>their leaders</text>
        </mention>
        <mention>
          <sentence>17</sentence>
          <start>9</start>
          <end>10</end>
          <head>9</head>
          <text>leaders</text>
        </mention>
        <mention>
          <sentence>18</sentence>
          <start>10</start>
          <end>11</end>
          <head>10</head>
          <text>leaders</text>
        </mention>
        <mention>
          <sentence>44</sentence>
          <start>6</start>
          <end>7</end>
          <head>6</head>
          <text>leaders</text>
        </mention>
        <mention>
          <sentence>53</sentence>
          <start>5</start>
          <end>6</end>
          <head>5</head>
          <text>leaders</text>
        </mention>
        <mention>
          <sentence>107</sentence>
          <start>7</start>
          <end>8</end>
          <head>7</head>
          <text>leaders</text>
        </mention>
        <mention>
          <sentence>107</sentence>
          <start>13</start>
          <end>14</end>
          <head>13</head>
          <text>they</text>
        </mention>
        <mention>
          <sentence>108</sentence>
          <start>11</start>
          <end>12</end>
          <head>11</head>
          <text>leaders</text>
        </mention>
        <mention>
          <sentence>110</sentence>
          <start>31</start>
          <end>33</end>
          <head>32</head>
          <text>the leaders</text>
        </mention>
        <mention>
          <sentence>110</sentence>
          <start>47</start>
          <end>51</end>
          <head>47</head>
          <text>leaders who are destructive</text>
        </mention>
        <mention>
          <sentence>112</sentence>
          <start>13</start>
          <end>14</end>
          <head>13</head>
          <text>leaders</text>
        </mention>
      </coreference>
      <coreference>
        <mention representative="true">
          <sentence>18</sentence>
          <start>4</start>
          <end>7</end>
          <head>6</head>
          <text>my own experience</text>
        </mention>
        <mention>
          <sentence>171</sentence>
          <start>2</start>
          <end>4</end>
          <head>3</head>
          <text>this experience</text>
        </mention>
        <mention>
          <sentence>172</sentence>
          <start>10</start>
          <end>11</end>
          <head>10</head>
          <text>it</text>
        </mention>
      </coreference>
      <coreference>
        <mention representative="true">
          <sentence>71</sentence>
          <start>23</start>
          <end>24</end>
          <head>23</head>
          <text>Ethics</text>
        </mention>
        <mention>
          <sentence>20</sentence>
          <start>1</start>
          <end>2</end>
          <head>1</head>
          <text>Ethics</text>
        </mention>
        <mention>
          <sentence>20</sentence>
          <start>7</start>
          <end>8</end>
          <head>7</head>
          <text>it</text>
        </mention>
        <mention>
          <sentence>36</sentence>
          <start>17</start>
          <end>18</end>
          <head>17</head>
          <text>Ethics</text>
        </mention>
      </coreference>
      <coreference>
        <mention representative="true">
          <sentence>20</sentence>
          <start>9</start>
          <end>11</end>
          <head>10</head>
          <text>different things</text>
        </mention>
        <mention>
          <sentence>22</sentence>
          <start>7</start>
          <end>8</end>
          <head>7</head>
          <text>things</text>
        </mention>
        <mention>
          <sentence>103</sentence>
          <start>23</start>
          <end>24</end>
          <head>23</head>
          <text>things</text>
        </mention>
        <mention>
          <sentence>160</sentence>
          <start>13</start>
          <end>14</end>
          <head>13</head>
          <text>things</text>
        </mention>
        <mention>
          <sentence>166</sentence>
          <start>9</start>
          <end>10</end>
          <head>9</head>
          <text>things</text>
        </mention>
        <mention>
          <sentence>185</sentence>
          <start>8</start>
          <end>10</end>
          <head>9</head>
          <text>the things</text>
        </mention>
      </coreference>
      <coreference>
        <mention representative="true">
          <sentence>20</sentence>
          <start>12</start>
          <end>14</end>
          <head>13</head>
          <text>different people</text>
        </mention>
        <mention>
          <sentence>113</sentence>
          <start>43</start>
          <end>44</end>
          <head>43</head>
          <text>people</text>
        </mention>
        <mention>
          <sentence>114</sentence>
          <start>21</start>
          <end>22</end>
          <head>21</head>
          <text>people</text>
        </mention>
        <mention>
          <sentence>135</sentence>
          <start>15</start>
          <end>16</end>
          <head>15</head>
          <text>people</text>
        </mention>
      </coreference>
      <coreference>
        <mention representative="true">
          <sentence>21</sentence>
          <start>4</start>
          <end>6</end>
          <head>5</head>
          <text>a point</text>
        </mention>
        <mention>
          <sentence>21</sentence>
          <start>20</start>
          <end>21</end>
          <head>20</head>
          <text>it</text>
        </mention>
        <mention>
          <sentence>21</sentence>
          <start>25</start>
          <end>26</end>
          <head>25</head>
          <text>it</text>
        </mention>
        <mention>
          <sentence>54</sentence>
          <start>5</start>
          <end>7</end>
          <head>6</head>
          <text>this point</text>
        </mention>
      </coreference>
      <coreference>
        <mention representative="true">
          <sentence>21</sentence>
          <start>12</start>
          <end>14</end>
          <head>13</head>
          <text>reputable corporations</text>
        </mention>
        <mention>
          <sentence>22</sentence>
          <start>26</start>
          <end>27</end>
          <head>26</head>
          <text>we</text>
        </mention>
        <mention>
          <sentence>25</sentence>
          <start>3</start>
          <end>4</end>
          <head>3</head>
          <text>Corporations</text>
        </mention>
        <mention>
          <sentence>25</sentence>
          <start>5</start>
          <end>6</end>
          <head>5</head>
          <text>their</text>
        </mention>
        <mention>
          <sentence>26</sentence>
          <start>4</start>
          <end>5</end>
          <head>4</head>
          <text>them</text>
        </mention>
      </coreference>
      <coreference>
        <mention representative="true">
          <sentence>186</sentence>
          <start>4</start>
          <end>6</end>
          <head>5</head>
          <text>a team</text>
        </mention>
        <mention>
          <sentence>192</sentence>
          <start>23</start>
          <end>25</end>
          <head>24</head>
          <text>a team</text>
        </mention>
        <mention>
          <sentence>193</sentence>
          <start>31</start>
          <end>33</end>
          <head>32</head>
          <text>their team</text>
        </mention>
        <mention>
          <sentence>195</sentence>
          <start>21</start>
          <end>23</end>
          <head>22</head>
          <text>a team</text>
        </mention>
      </coreference>
      <coreference>
        <mention representative="true">
          <sentence>22</sentence>
          <start>4</start>
          <end>15</end>
          <head>4</head>
          <text>organisations that do things ` lawfully ' but not so ethically</text>
        </mention>
        <mention>
          <sentence>111</sentence>
          <start>22</start>
          <end>30</end>
          <head>22</head>
          <text>organisations that had strategic practices for sustainable outcomes</text>
        </mention>
        <mention>
          <sentence>143</sentence>
          <start>23</start>
          <end>24</end>
          <head>23</head>
          <text>organisations</text>
        </mention>
      </coreference>
      <coreference>
        <mention representative="true">
          <sentence>186</sentence>
          <start>15</start>
          <end>20</end>
          <head>16</head>
          <text>the responsibility of their role</text>
        </mention>
        <mention>
          <sentence>186</sentence>
          <start>22</start>
          <end>24</end>
          <head>23</head>
          <text>this responsibility</text>
        </mention>
      </coreference>
      <coreference>
        <mention representative="true">
          <sentence>186</sentence>
          <start>38</start>
          <end>43</end>
          <head>39</head>
          <text>the consequences of their actions</text>
        </mention>
        <mention>
          <sentence>193</sentence>
          <start>19</start>
          <end>24</end>
          <head>20</head>
          <text>the consequences of their actions</text>
        </mention>
      </coreference>
      <coreference>
        <mention representative="true">
          <sentence>24</sentence>
          <start>1</start>
          <end>2</end>
          <head>1</head>
          <text>This</text>
        </mention>
        <mention>
          <sentence>24</sentence>
          <start>8</start>
          <end>9</end>
          <head>8</head>
          <text>it</text>
        </mention>
      </coreference>
      <coreference>
        <mention representative="true">
          <sentence>188</sentence>
          <start>1</start>
          <end>4</end>
          <head>3</head>
          <text>The way individuals</text>
        </mention>
        <mention>
          <sentence>188</sentence>
          <start>7</start>
          <end>8</end>
          <head>7</head>
          <text>their</text>
        </mention>
        <mention>
          <sentence>189</sentence>
          <start>11</start>
          <end>12</end>
          <head>11</head>
          <text>they</text>
        </mention>
        <mention>
          <sentence>189</sentence>
          <start>18</start>
          <end>19</end>
          <head>18</head>
          <text>their</text>
        </mention>
        <mention>
          <sentence>191</sentence>
          <start>18</start>
          <end>19</end>
          <head>18</head>
          <text>their</text>
        </mention>
        <mention>
          <sentence>191</sentence>
          <start>21</start>
          <end>22</end>
          <head>21</head>
          <text>their</text>
        </mention>
        <mention>
          <sentence>193</sentence>
          <start>4</start>
          <end>5</end>
          <head>4</head>
          <text>their</text>
        </mention>
        <mention>
          <sentence>193</sentence>
          <start>7</start>
          <end>8</end>
          <head>7</head>
          <text>they</text>
        </mention>
        <mention>
          <sentence>193</sentence>
          <start>22</start>
          <end>23</end>
          <head>22</head>
          <text>their</text>
        </mention>
        <mention>
          <sentence>193</sentence>
          <start>31</start>
          <end>32</end>
          <head>31</head>
          <text>their</text>
        </mention>
      </coreference>
      <coreference>
        <mention representative="true">
          <sentence>27</sentence>
          <start>4</start>
          <end>5</end>
          <head>4</head>
          <text>we</text>
        </mention>
        <mention>
          <sentence>29</sentence>
          <start>5</start>
          <end>6</end>
          <head>5</head>
          <text>we</text>
        </mention>
      </coreference>
      <coreference>
        <mention representative="true">
          <sentence>29</sentence>
          <start>7</start>
          <end>9</end>
          <head>7</head>
          <text>Murdoch 's</text>
        </mention>
        <mention>
          <sentence>36</sentence>
          <start>2</start>
          <end>3</end>
          <head>2</head>
          <text>Murdoch</text>
        </mention>
        <mention>
          <sentence>36</sentence>
          <start>5</start>
          <end>6</end>
          <head>5</head>
          <text>his</text>
        </mention>
        <mention>
          <sentence>37</sentence>
          <start>6</start>
          <end>7</end>
          <head>6</head>
          <text>Murdoch</text>
        </mention>
      </coreference>
      <coreference>
        <mention representative="true">
          <sentence>189</sentence>
          <start>8</start>
          <end>10</end>
          <head>9</head>
          <text>an engineer</text>
        </mention>
        <mention>
          <sentence>190</sentence>
          <start>27</start>
          <end>29</end>
          <head>28</head>
          <text>an engineer</text>
        </mention>
        <mention>
          <sentence>191</sentence>
          <start>12</start>
          <end>14</end>
          <head>13</head>
          <text>this engineer</text>
        </mention>
        <mention>
          <sentence>192</sentence>
          <start>17</start>
          <end>19</end>
          <head>18</head>
          <text>an engineer</text>
        </mention>
        <mention>
          <sentence>194</sentence>
          <start>31</start>
          <end>33</end>
          <head>32</head>
          <text>an engineer</text>
        </mention>
      </coreference>
      <coreference>
        <mention representative="true">
          <sentence>29</sentence>
          <start>2</start>
          <end>5</end>
          <head>4</head>
          <text>the first tutorial</text>
        </mention>
        <mention>
          <sentence>92</sentence>
          <start>2</start>
          <end>4</end>
          <head>3</head>
          <text>our tutorial</text>
        </mention>
        <mention>
          <sentence>97</sentence>
          <start>2</start>
          <end>4</end>
          <head>3</head>
          <text>our tutorial</text>
        </mention>
      </coreference>
      <coreference>
        <mention representative="true">
          <sentence>190</sentence>
          <start>22</start>
          <end>42</end>
          <head>25</head>
          <text>a very common situation where an engineer must be able to hold the responsibility of her role and act accordingly</text>
        </mention>
        <mention>
          <sentence>190</sentence>
          <start>1</start>
          <end>21</end>
          <head>2</head>
          <text>A situation such as ethical decision making or a safety issue while repairing a machine on the job for example</text>
        </mention>
        <mention>
          <sentence>191</sentence>
          <start>1</start>
          <end>2</end>
          <head>1</head>
          <text>It</text>
        </mention>
        <mention>
          <sentence>191</sentence>
          <start>3</start>
          <end>26</end>
          <head>4</head>
          <text>no use throwing the burden on somebody else because this engineer is entirely responsible for their job and their client while on site</text>
        </mention>
      </coreference>
      <coreference>
        <mention representative="true">
          <sentence>29</sentence>
          <start>14</start>
          <end>18</end>
          <head>14</head>
          <text>News of the World</text>
        </mention>
        <mention>
          <sentence>30</sentence>
          <start>20</start>
          <end>24</end>
          <head>20</head>
          <text>News of the World</text>
        </mention>
      </coreference>
      <coreference>
        <mention representative="true">
          <sentence>29</sentence>
          <start>16</start>
          <end>18</end>
          <head>17</head>
          <text>the World</text>
        </mention>
        <mention>
          <sentence>30</sentence>
          <start>22</start>
          <end>24</end>
          <head>23</head>
          <text>the World</text>
        </mention>
        <mention>
          <sentence>56</sentence>
          <start>2</start>
          <end>4</end>
          <head>3</head>
          <text>The world</text>
        </mention>
        <mention>
          <sentence>61</sentence>
          <start>10</start>
          <end>12</end>
          <head>11</head>
          <text>the world</text>
        </mention>
      </coreference>
      <coreference>
        <mention representative="true">
          <sentence>30</sentence>
          <start>1</start>
          <end>3</end>
          <head>2</head>
          <text>The article</text>
        </mention>
        <mention>
          <sentence>93</sentence>
          <start>1</start>
          <end>3</end>
          <head>2</head>
          <text>This article</text>
        </mention>
        <mention>
          <sentence>94</sentence>
          <start>1</start>
          <end>2</end>
          <head>1</head>
          <text>It</text>
        </mention>
        <mention>
          <sentence>95</sentence>
          <start>1</start>
          <end>2</end>
          <head>1</head>
          <text>It</text>
        </mention>
        <mention>
          <sentence>142</sentence>
          <start>1</start>
          <end>3</end>
          <head>2</head>
          <text>This article</text>
        </mention>
        <mention>
          <sentence>148</sentence>
          <start>2</start>
          <end>4</end>
          <head>3</head>
          <text>the article</text>
        </mention>
        <mention>
          <sentence>148</sentence>
          <start>4</start>
          <end>5</end>
          <head>4</head>
          <text>it</text>
        </mention>
      </coreference>
      <coreference>
        <mention representative="true">
          <sentence>190</sentence>
          <start>17</start>
          <end>21</end>
          <head>18</head>
          <text>the job for example</text>
        </mention>
        <mention>
          <sentence>191</sentence>
          <start>18</start>
          <end>20</end>
          <head>19</head>
          <text>their job</text>
        </mention>
      </coreference>
      <coreference>
        <mention representative="true">
          <sentence>190</sentence>
          <start>34</start>
          <end>39</end>
          <head>35</head>
          <text>the responsibility of her role</text>
        </mention>
        <mention>
          <sentence>200</sentence>
          <start>32</start>
          <end>36</end>
          <head>32</head>
          <text>responsibility for my role</text>
        </mention>
      </coreference>
      <coreference>
        <mention representative="true">
          <sentence>31</sentence>
          <start>7</start>
          <end>10</end>
          <head>8</head>
          <text>Rupert Murdoch 's</text>
        </mention>
        <mention>
          <sentence>33</sentence>
          <start>3</start>
          <end>4</end>
          <head>3</head>
          <text>he</text>
        </mention>
      </coreference>
      <coreference>
        <mention representative="true">
          <sentence>31</sentence>
          <start>2</start>
          <end>5</end>
          <head>4</head>
          <text>my humble opinion</text>
        </mention>
        <mention>
          <sentence>51</sentence>
          <start>2</start>
          <end>4</end>
          <head>3</head>
          <text>my opinion</text>
        </mention>
      </coreference>
      <coreference>
        <mention representative="true">
          <sentence>31</sentence>
          <start>7</start>
          <end>16</end>
          <head>10</head>
          <text>Rupert Murdoch 's ethos of a `` do-whatever-it-takes-to-win-attitude ''</text>
        </mention>
        <mention>
          <sentence>36</sentence>
          <start>5</start>
          <end>7</end>
          <head>6</head>
          <text>his ethos</text>
        </mention>
        <mention>
          <sentence>37</sentence>
          <start>1</start>
          <end>2</end>
          <head>1</head>
          <text>It</text>
        </mention>
      </coreference>
      <coreference>
        <mention representative="true">
          <sentence>103</sentence>
          <start>17</start>
          <end>19</end>
          <head>18</head>
          <text>the employees</text>
        </mention>
        <mention>
          <sentence>31</sentence>
          <start>24</start>
          <end>25</end>
          <head>24</head>
          <text>employees</text>
        </mention>
        <mention>
          <sentence>44</sentence>
          <start>12</start>
          <end>13</end>
          <head>12</head>
          <text>employees</text>
        </mention>
        <mention>
          <sentence>63</sentence>
          <start>9</start>
          <end>10</end>
          <head>9</head>
          <text>employees</text>
        </mention>
        <mention>
          <sentence>63</sentence>
          <start>13</start>
          <end>14</end>
          <head>13</head>
          <text>their</text>
        </mention>
        <mention>
          <sentence>67</sentence>
          <start>23</start>
          <end>24</end>
          <head>23</head>
          <text>employees</text>
        </mention>
        <mention>
          <sentence>68</sentence>
          <start>39</start>
          <end>40</end>
          <head>39</head>
          <text>employees</text>
        </mention>
        <mention>
          <sentence>102</sentence>
          <start>16</start>
          <end>17</end>
          <head>16</head>
          <text>employees</text>
        </mention>
        <mention>
          <sentence>106</sentence>
          <start>13</start>
          <end>14</end>
          <head>13</head>
          <text>employees</text>
        </mention>
        <mention>
          <sentence>109</sentence>
          <start>20</start>
          <end>22</end>
          <head>21</head>
          <text>his employees</text>
        </mention>
        <mention>
          <sentence>139</sentence>
          <start>8</start>
          <end>9</end>
          <head>8</head>
          <text>employees</text>
        </mention>
        <mention>
          <sentence>141</sentence>
          <start>21</start>
          <end>22</end>
          <head>21</head>
          <text>their</text>
        </mention>
      </coreference>
      <coreference>
        <mention representative="true">
          <sentence>192</sentence>
          <start>7</start>
          <end>9</end>
          <head>8</head>
          <text>an individual</text>
        </mention>
        <mention>
          <sentence>195</sentence>
          <start>24</start>
          <end>26</end>
          <head>25</head>
          <text>an individual</text>
        </mention>
      </coreference>
      <coreference>
        <mention representative="true">
          <sentence>33</sentence>
          <start>6</start>
          <end>11</end>
          <head>7</head>
          <text>the environment for such behaviours</text>
        </mention>
        <mention>
          <sentence>34</sentence>
          <start>1</start>
          <end>2</end>
          <head>1</head>
          <text>It</text>
        </mention>
      </coreference>
      <coreference>
        <mention representative="true">
          <sentence>37</sentence>
          <start>10</start>
          <end>14</end>
          <head>11</head>
          <text>the Code of Ethics</text>
        </mention>
        <mention>
          <sentence>36</sentence>
          <start>14</start>
          <end>18</end>
          <head>15</head>
          <text>a Code of Ethics</text>
        </mention>
      </coreference>
      <coreference>
        <mention representative="true">
          <sentence>194</sentence>
          <start>38</start>
          <end>39</end>
          <head>38</head>
          <text>others</text>
        </mention>
        <mention>
          <sentence>196</sentence>
          <start>38</start>
          <end>39</end>
          <head>38</head>
          <text>they</text>
        </mention>
      </coreference>
      <coreference>
        <mention representative="true">
          <sentence>195</sentence>
          <start>6</start>
          <end>8</end>
          <head>7</head>
          <text>my mentor</text>
        </mention>
        <mention>
          <sentence>196</sentence>
          <start>1</start>
          <end>3</end>
          <head>2</head>
          <text>My mentor</text>
        </mention>
      </coreference>
      <coreference>
        <mention representative="true">
          <sentence>38</sentence>
          <start>17</start>
          <end>20</end>
          <head>19</head>
          <text>a good/effective leader</text>
        </mention>
        <mention>
          <sentence>40</sentence>
          <start>14</start>
          <end>17</end>
          <head>16</head>
          <text>a good/effective leader</text>
        </mention>
      </coreference>
      <coreference>
        <mention representative="true">
          <sentence>40</sentence>
          <start>5</start>
          <end>18</end>
          <head>8</head>
          <text>a really good example to help me understand what a good/effective leader is</text>
        </mention>
        <mention>
          <sentence>39</sentence>
          <start>6</start>
          <end>7</end>
          <head>6</head>
          <text>this</text>
        </mention>
        <mention>
          <sentence>40</sentence>
          <start>3</start>
          <end>4</end>
          <head>3</head>
          <text>this</text>
        </mention>
        <mention>
          <sentence>42</sentence>
          <start>3</start>
          <end>4</end>
          <head>3</head>
          <text>this</text>
        </mention>
        <mention>
          <sentence>44</sentence>
          <start>1</start>
          <end>2</end>
          <head>1</head>
          <text>This</text>
        </mention>
        <mention>
          <sentence>71</sentence>
          <start>3</start>
          <end>5</end>
          <head>4</head>
          <text>this example</text>
        </mention>
        <mention>
          <sentence>71</sentence>
          <start>20</start>
          <end>21</end>
          <head>20</head>
          <text>it</text>
        </mention>
        <mention>
          <sentence>72</sentence>
          <start>3</start>
          <end>4</end>
          <head>3</head>
          <text>it</text>
        </mention>
        <mention>
          <sentence>74</sentence>
          <start>7</start>
          <end>8</end>
          <head>7</head>
          <text>this</text>
        </mention>
        <mention>
          <sentence>74</sentence>
          <start>23</start>
          <end>24</end>
          <head>23</head>
          <text>it</text>
        </mention>
        <mention>
          <sentence>75</sentence>
          <start>1</start>
          <end>2</end>
          <head>1</head>
          <text>It</text>
        </mention>
      </coreference>
      <coreference>
        <mention representative="true">
          <sentence>39</sentence>
          <start>8</start>
          <end>9</end>
          <head>8</head>
          <text>some</text>
        </mention>
        <mention>
          <sentence>39</sentence>
          <start>10</start>
          <end>11</end>
          <head>10</head>
          <text>he</text>
        </mention>
      </coreference>
      <coreference>
        <mention representative="true">
          <sentence>39</sentence>
          <start>13</start>
          <end>14</end>
          <head>13</head>
          <text>some</text>
        </mention>
        <mention>
          <sentence>39</sentence>
          <start>15</start>
          <end>16</end>
          <head>15</head>
          <text>he</text>
        </mention>
      </coreference>
      <coreference>
        <mention representative="true">
          <sentence>41</sentence>
          <start>2</start>
          <end>4</end>
          <head>3</head>
          <text>Adolf Hitler</text>
        </mention>
        <mention>
          <sentence>41</sentence>
          <start>6</start>
          <end>7</end>
          <head>6</head>
          <text>he</text>
        </mention>
        <mention>
          <sentence>49</sentence>
          <start>8</start>
          <end>15</end>
          <head>9</head>
          <text>Adolf Hitler , what I am saying</text>
        </mention>
        <mention>
          <sentence>49</sentence>
          <start>8</start>
          <end>10</end>
          <head>9</head>
          <text>Adolf Hitler</text>
        </mention>
      </coreference>
      <coreference>
        <mention representative="true">
          <sentence>197</sentence>
          <start>22</start>
          <end>23</end>
          <head>22</head>
          <text>this</text>
        </mention>
        <mention>
          <sentence>198</sentence>
          <start>5</start>
          <end>6</end>
          <head>5</head>
          <text>this</text>
        </mention>
        <mention>
          <sentence>200</sentence>
          <start>13</start>
          <end>14</end>
          <head>13</head>
          <text>them</text>
        </mention>
        <mention>
          <sentence>200</sentence>
          <start>19</start>
          <end>20</end>
          <head>19</head>
          <text>they</text>
        </mention>
        <mention>
          <sentence>200</sentence>
          <start>24</start>
          <end>25</end>
          <head>24</head>
          <text>this</text>
        </mention>
      </coreference>
      <coreference>
        <mention representative="true">
          <sentence>45</sentence>
          <start>3</start>
          <end>5</end>
          <head>4</head>
          <text>a leader</text>
        </mention>
        <mention>
          <sentence>46</sentence>
          <start>1</start>
          <end>2</end>
          <head>1</head>
          <text>He</text>
        </mention>
        <mention>
          <sentence>46</sentence>
          <start>10</start>
          <end>11</end>
          <head>10</head>
          <text>his</text>
        </mention>
        <mention>
          <sentence>47</sentence>
          <start>1</start>
          <end>2</end>
          <head>1</head>
          <text>He</text>
        </mention>
        <mention>
          <sentence>48</sentence>
          <start>6</start>
          <end>7</end>
          <head>6</head>
          <text>he</text>
        </mention>
        <mention>
          <sentence>48</sentence>
          <start>10</start>
          <end>11</end>
          <head>10</head>
          <text>his</text>
        </mention>
        <mention>
          <sentence>48</sentence>
          <start>18</start>
          <end>19</end>
          <head>18</head>
          <text>he</text>
        </mention>
        <mention>
          <sentence>48</sentence>
          <start>25</start>
          <end>26</end>
          <head>25</head>
          <text>his</text>
        </mention>
        <mention>
          <sentence>49</sentence>
          <start>5</start>
          <end>6</end>
          <head>5</head>
          <text>he</text>
        </mention>
        <mention>
          <sentence>49</sentence>
          <start>25</start>
          <end>26</end>
          <head>25</head>
          <text>he</text>
        </mention>
        <mention>
          <sentence>49</sentence>
          <start>28</start>
          <end>29</end>
          <head>28</head>
          <text>his</text>
        </mention>
        <mention>
          <sentence>49</sentence>
          <start>32</start>
          <end>33</end>
          <head>32</head>
          <text>he</text>
        </mention>
        <mention>
          <sentence>50</sentence>
          <start>4</start>
          <end>5</end>
          <head>4</head>
          <text>him</text>
        </mention>
        <mention>
          <sentence>114</sentence>
          <start>9</start>
          <end>11</end>
          <head>10</head>
          <text>a leader</text>
        </mention>
      </coreference>
      <coreference>
        <mention representative="true">
          <sentence>45</sentence>
          <start>6</start>
          <end>7</end>
          <head>6</head>
          <text>'s</text>
        </mention>
        <mention>
          <sentence>45</sentence>
          <start>8</start>
          <end>9</end>
          <head>8</head>
          <text>him</text>
        </mention>
      </coreference>
      <coreference>
        <mention representative="true">
          <sentence>45</sentence>
          <start>9</start>
          <end>17</end>
          <head>10</head>
          <text>Joe Bloggs who is new to the business</text>
        </mention>
        <mention>
          <sentence>67</sentence>
          <start>14</start>
          <end>16</end>
          <head>15</head>
          <text>Joe Bloggs</text>
        </mention>
        <mention>
          <sentence>68</sentence>
          <start>18</start>
          <end>20</end>
          <head>19</head>
          <text>Joe Bloggs</text>
        </mention>
        <mention>
          <sentence>68</sentence>
          <start>24</start>
          <end>25</end>
          <head>24</head>
          <text>himself</text>
        </mention>
        <mention>
          <sentence>69</sentence>
          <start>20</start>
          <end>22</end>
          <head>21</head>
          <text>Joe Bloggs</text>
        </mention>
      </coreference>
      <coreference>
        <mention representative="true">
          <sentence>47</sentence>
          <start>7</start>
          <end>9</end>
          <head>8</head>
          <text>a job</text>
        </mention>
        <mention>
          <sentence>47</sentence>
          <start>18</start>
          <end>20</end>
          <head>19</head>
          <text>this job</text>
        </mention>
      </coreference>
      <coreference>
        <mention representative="true">
          <sentence>47</sentence>
          <start>13</start>
          <end>14</end>
          <head>13</head>
          <text>Director</text>
        </mention>
        <mention>
          <sentence>47</sentence>
          <start>15</start>
          <end>16</end>
          <head>15</head>
          <text>him</text>
        </mention>
        <mention>
          <sentence>68</sentence>
          <start>4</start>
          <end>5</end>
          <head>4</head>
          <text>Director</text>
        </mention>
      </coreference>
      <coreference>
        <mention representative="true">
          <sentence>48</sentence>
          <start>21</start>
          <end>24</end>
          <head>23</head>
          <text>the corporate culture</text>
        </mention>
        <mention>
          <sentence>49</sentence>
          <start>17</start>
          <end>18</end>
          <head>17</head>
          <text>it</text>
        </mention>
      </coreference>
      <coreference>
        <mention representative="true">
          <sentence>48</sentence>
          <start>40</start>
          <end>42</end>
          <head>41</head>
          <text>employee morale</text>
        </mention>
        <mention>
          <sentence>67</sentence>
          <start>29</start>
          <end>34</end>
          <head>30</head>
          <text>employee morale , team work</text>
        </mention>
        <mention>
          <sentence>67</sentence>
          <start>29</start>
          <end>31</end>
          <head>30</head>
          <text>employee morale</text>
        </mention>
        <mention>
          <sentence>67</sentence>
          <start>32</start>
          <end>34</end>
          <head>33</head>
          <text>team work</text>
        </mention>
        <mention>
          <sentence>89</sentence>
          <start>4</start>
          <end>6</end>
          <head>5</head>
          <text>employee morale</text>
        </mention>
        <mention>
          <sentence>116</sentence>
          <start>13</start>
          <end>15</end>
          <head>14</head>
          <text>his work</text>
        </mention>
      </coreference>
      <coreference>
        <mention representative="true">
          <sentence>204</sentence>
          <start>8</start>
          <end>11</end>
          <head>10</head>
          <text>the next time</text>
        </mention>
        <mention>
          <sentence>200</sentence>
          <start>43</start>
          <end>45</end>
          <head>44</head>
          <text>next time</text>
        </mention>
      </coreference>
      <coreference>
        <mention representative="true">
          <sentence>51</sentence>
          <start>4</start>
          <end>6</end>
          <head>5</head>
          <text>the answer</text>
        </mention>
        <mention>
          <sentence>51</sentence>
          <start>7</start>
          <end>8</end>
          <head>7</head>
          <text>no</text>
        </mention>
      </coreference>
      <coreference>
        <mention representative="true">
          <sentence>52</sentence>
          <start>12</start>
          <end>15</end>
          <head>14</head>
          <text>this questionable behaviour</text>
        </mention>
        <mention>
          <sentence>129</sentence>
          <start>25</start>
          <end>27</end>
          <head>26</head>
          <text>his behaviour</text>
        </mention>
        <mention>
          <sentence>170</sentence>
          <start>10</start>
          <end>12</end>
          <head>11</head>
          <text>my behaviour</text>
        </mention>
      </coreference>
      <coreference>
        <mention representative="true">
          <sentence>55</sentence>
          <start>10</start>
          <end>11</end>
          <head>10</head>
          <text>this</text>
        </mention>
        <mention>
          <sentence>56</sentence>
          <start>19</start>
          <end>20</end>
          <head>19</head>
          <text>them</text>
        </mention>
      </coreference>
      <coreference>
        <mention representative="true">
          <sentence>56</sentence>
          <start>24</start>
          <end>26</end>
          <head>25</head>
          <text>Albert Einstein</text>
        </mention>
        <mention>
          <sentence>61</sentence>
          <start>2</start>
          <end>3</end>
          <head>2</head>
          <text>Einstein</text>
        </mention>
      </coreference>
      <coreference>
        <mention representative="true">
          <sentence>56</sentence>
          <start>16</start>
          <end>26</end>
          <head>16</head>
          <text>those who watch them without doing anything '' Albert Einstein</text>
        </mention>
        <mention>
          <sentence>76</sentence>
          <start>11</start>
          <end>12</end>
          <head>11</head>
          <text>those</text>
        </mention>
        <mention>
          <sentence>81</sentence>
          <start>14</start>
          <end>18</end>
          <head>14</head>
          <text>those that are not</text>
        </mention>
        <mention>
          <sentence>185</sentence>
          <start>19</start>
          <end>27</end>
          <head>19</head>
          <text>those that I had not been trained in</text>
        </mention>
        <mention>
          <sentence>186</sentence>
          <start>18</start>
          <end>19</end>
          <head>18</head>
          <text>their</text>
        </mention>
        <mention>
          <sentence>186</sentence>
          <start>32</start>
          <end>33</end>
          <head>32</head>
          <text>they</text>
        </mention>
        <mention>
          <sentence>186</sentence>
          <start>41</start>
          <end>42</end>
          <head>41</head>
          <text>their</text>
        </mention>
      </coreference>
      <coreference>
        <mention representative="true">
          <sentence>57</sentence>
          <start>1</start>
          <end>3</end>
          <head>2</head>
          <text>This quote</text>
        </mention>
        <mention>
          <sentence>58</sentence>
          <start>1</start>
          <end>2</end>
          <head>1</head>
          <text>It</text>
        </mention>
      </coreference>
      <coreference>
        <mention representative="true">
          <sentence>64</sentence>
          <start>30</start>
          <end>37</end>
          <head>34</head>
          <text>the ` nice ' thing to do</text>
        </mention>
        <mention>
          <sentence>63</sentence>
          <start>3</start>
          <end>7</end>
          <head>4</head>
          <text>a level of accountability</text>
        </mention>
        <mention>
          <sentence>63</sentence>
          <start>18</start>
          <end>19</end>
          <head>18</head>
          <text>it</text>
        </mention>
        <mention>
          <sentence>63</sentence>
          <start>21</start>
          <end>29</end>
          <head>24</head>
          <text>a legislative ` duty of care ' requirement</text>
        </mention>
        <mention>
          <sentence>63</sentence>
          <start>36</start>
          <end>37</end>
          <head>36</head>
          <text>that</text>
        </mention>
        <mention>
          <sentence>64</sentence>
          <start>4</start>
          <end>5</end>
          <head>4</head>
          <text>it</text>
        </mention>
        <mention>
          <sentence>64</sentence>
          <start>28</start>
          <end>29</end>
          <head>28</head>
          <text>it</text>
        </mention>
        <mention>
          <sentence>64</sentence>
          <start>39</start>
          <end>40</end>
          <head>39</head>
          <text>it</text>
        </mention>
        <mention>
          <sentence>64</sentence>
          <start>41</start>
          <end>48</end>
          <head>45</head>
          <text>the ` right ' thing to do</text>
        </mention>
      </coreference>
      <coreference>
        <mention representative="true">
          <sentence>63</sentence>
          <start>13</start>
          <end>16</end>
          <head>15</head>
          <text>their working environment</text>
        </mention>
        <mention>
          <sentence>63</sentence>
          <start>32</start>
          <end>33</end>
          <head>32</head>
          <text>it</text>
        </mention>
      </coreference>
      <coreference>
        <mention representative="true">
          <sentence>64</sentence>
          <start>9</start>
          <end>10</end>
          <head>9</head>
          <text>we</text>
        </mention>
        <mention>
          <sentence>64</sentence>
          <start>16</start>
          <end>17</end>
          <head>16</head>
          <text>we</text>
        </mention>
        <mention>
          <sentence>67</sentence>
          <start>39</start>
          <end>40</end>
          <head>39</head>
          <text>our</text>
        </mention>
      </coreference>
      <coreference>
        <mention representative="true">
          <sentence>68</sentence>
          <start>1</start>
          <end>5</end>
          <head>2</head>
          <text>The Regional Managing Director</text>
        </mention>
        <mention>
          <sentence>66</sentence>
          <start>7</start>
          <end>11</end>
          <head>10</head>
          <text>the Regional Managing Director</text>
        </mention>
        <mention>
          <sentence>67</sentence>
          <start>8</start>
          <end>34</end>
          <head>8</head>
          <text>him which contained examples of when Joe Bloggs was acting in an untoward way to employees and how it was affecting employee morale , team work</text>
        </mention>
      </coreference>
      <coreference>
        <mention representative="true">
          <sentence>67</sentence>
          <start>19</start>
          <end>22</end>
          <head>21</head>
          <text>an untoward way</text>
        </mention>
        <mention>
          <sentence>67</sentence>
          <start>26</start>
          <end>27</end>
          <head>26</head>
          <text>it</text>
        </mention>
      </coreference>
      <coreference>
        <mention representative="true">
          <sentence>69</sentence>
          <start>13</start>
          <end>22</end>
          <head>14</head>
          <text>no employees made a formal complaint about Joe Bloggs</text>
        </mention>
        <mention>
          <sentence>70</sentence>
          <start>1</start>
          <end>2</end>
          <head>1</head>
          <text>They</text>
        </mention>
        <mention>
          <sentence>70</sentence>
          <start>4</start>
          <end>5</end>
          <head>4</head>
          <text>they</text>
        </mention>
        <mention>
          <sentence>70</sentence>
          <start>7</start>
          <end>8</end>
          <head>7</head>
          <text>their</text>
        </mention>
      </coreference>
      <coreference>
        <mention representative="true">
          <sentence>70</sentence>
          <start>7</start>
          <end>9</end>
          <head>8</head>
          <text>their jobs</text>
        </mention>
        <mention>
          <sentence>99</sentence>
          <start>11</start>
          <end>13</end>
          <head>12</head>
          <text>their jobs</text>
        </mention>
      </coreference>
      <coreference>
        <mention representative="true">
          <sentence>70</sentence>
          <start>17</start>
          <end>19</end>
          <head>18</head>
          <text>the workplace</text>
        </mention>
        <mention>
          <sentence>174</sentence>
          <start>11</start>
          <end>13</end>
          <head>12</head>
          <text>the workplace</text>
        </mention>
      </coreference>
      <coreference>
        <mention representative="true">
          <sentence>71</sentence>
          <start>8</start>
          <end>10</end>
          <head>9</head>
          <text>other employees</text>
        </mention>
        <mention>
          <sentence>71</sentence>
          <start>17</start>
          <end>18</end>
          <head>17</head>
          <text>they</text>
        </mention>
        <mention>
          <sentence>72</sentence>
          <start>9</start>
          <end>10</end>
          <head>9</head>
          <text>they</text>
        </mention>
        <mention>
          <sentence>73</sentence>
          <start>1</start>
          <end>2</end>
          <head>1</head>
          <text>They</text>
        </mention>
        <mention>
          <sentence>74</sentence>
          <start>1</start>
          <end>2</end>
          <head>1</head>
          <text>They</text>
        </mention>
        <mention>
          <sentence>74</sentence>
          <start>10</start>
          <end>11</end>
          <head>10</head>
          <text>their</text>
        </mention>
        <mention>
          <sentence>85</sentence>
          <start>15</start>
          <end>17</end>
          <head>16</head>
          <text>our employees</text>
        </mention>
      </coreference>
      <coreference>
        <mention representative="true">
          <sentence>71</sentence>
          <start>22</start>
          <end>25</end>
          <head>24</head>
          <text>the Ethics department</text>
        </mention>
        <mention>
          <sentence>156</sentence>
          <start>4</start>
          <end>6</end>
          <head>5</head>
          <text>this department</text>
        </mention>
      </coreference>
      <coreference>
        <mention representative="true">
          <sentence>74</sentence>
          <start>14</start>
          <end>16</end>
          <head>15</head>
          <text>salary increase</text>
        </mention>
        <mention>
          <sentence>74</sentence>
          <start>17</start>
          <end>19</end>
          <head>18</head>
          <text>bonuses etc</text>
        </mention>
      </coreference>
      <coreference>
        <mention representative="true">
          <sentence>78</sentence>
          <start>13</start>
          <end>17</end>
          <head>13</head>
          <text>Management -LRB- VBM -RRB-</text>
        </mention>
        <mention>
          <sentence>141</sentence>
          <start>32</start>
          <end>34</end>
          <head>32</head>
          <text>management 's</text>
        </mention>
      </coreference>
      <coreference>
        <mention representative="true">
          <sentence>79</sentence>
          <start>1</start>
          <end>2</end>
          <head>1</head>
          <text>This</text>
        </mention>
        <mention>
          <sentence>79</sentence>
          <start>13</start>
          <end>14</end>
          <head>13</head>
          <text>it</text>
        </mention>
      </coreference>
      <coreference>
        <mention representative="true">
          <sentence>80</sentence>
          <start>11</start>
          <end>14</end>
          <head>13</head>
          <text>the long term</text>
        </mention>
        <mention>
          <sentence>148</sentence>
          <start>19</start>
          <end>21</end>
          <head>20</head>
          <text>long term</text>
        </mention>
      </coreference>
      <coreference>
        <mention representative="true">
          <sentence>81</sentence>
          <start>4</start>
          <end>18</end>
          <head>4</head>
          <text>organizations that are aligned to VBM practices more successful than those that are not</text>
        </mention>
        <mention>
          <sentence>84</sentence>
          <start>10</start>
          <end>11</end>
          <head>10</head>
          <text>their</text>
        </mention>
        <mention>
          <sentence>95</sentence>
          <start>12</start>
          <end>16</end>
          <head>12</head>
          <text>organizations that restructure responsibly</text>
        </mention>
      </coreference>
      <coreference>
        <mention representative="true">
          <sentence>81</sentence>
          <start>9</start>
          <end>13</end>
          <head>10</head>
          <text>VBM practices more successful</text>
        </mention>
        <mention>
          <sentence>83</sentence>
          <start>11</start>
          <end>13</end>
          <head>12</head>
          <text>VBM practices</text>
        </mention>
      </coreference>
      <coreference>
        <mention representative="true">
          <sentence>82</sentence>
          <start>6</start>
          <end>9</end>
          <head>8</head>
          <text>my current workplace</text>
        </mention>
        <mention>
          <sentence>83</sentence>
          <start>6</start>
          <end>8</end>
          <head>7</head>
          <text>my workplace</text>
        </mention>
        <mention>
          <sentence>93</sentence>
          <start>6</start>
          <end>9</end>
          <head>8</head>
          <text>my current workplace</text>
        </mention>
        <mention>
          <sentence>129</sentence>
          <start>5</start>
          <end>7</end>
          <head>6</head>
          <text>my workplace</text>
        </mention>
        <mention>
          <sentence>138</sentence>
          <start>5</start>
          <end>7</end>
          <head>6</head>
          <text>this workplace</text>
        </mention>
        <mention>
          <sentence>138</sentence>
          <start>14</start>
          <end>16</end>
          <head>15</head>
          <text>this workplace</text>
        </mention>
        <mention>
          <sentence>138</sentence>
          <start>17</start>
          <end>32</end>
          <head>18</head>
          <text>just a stepping stone into finding a workplace I felt I made valuable contributions towards</text>
        </mention>
      </coreference>
      <coreference>
        <mention representative="true">
          <sentence>84</sentence>
          <start>3</start>
          <end>5</end>
          <head>4</head>
          <text>the organisation</text>
        </mention>
        <mention>
          <sentence>87</sentence>
          <start>5</start>
          <end>7</end>
          <head>6</head>
          <text>this organisation</text>
        </mention>
        <mention>
          <sentence>136</sentence>
          <start>13</start>
          <end>15</end>
          <head>14</head>
          <text>this organisation</text>
        </mention>
        <mention>
          <sentence>145</sentence>
          <start>22</start>
          <end>24</end>
          <head>23</head>
          <text>the organisation</text>
        </mention>
        <mention>
          <sentence>145</sentence>
          <start>29</start>
          <end>30</end>
          <head>29</head>
          <text>it</text>
        </mention>
      </coreference>
      <coreference>
        <mention representative="true">
          <sentence>84</sentence>
          <start>10</start>
          <end>12</end>
          <head>11</head>
          <text>their thinking</text>
        </mention>
        <mention>
          <sentence>196</sentence>
          <start>7</start>
          <end>9</end>
          <head>8</head>
          <text>my thinking</text>
        </mention>
      </coreference>
      <coreference>
        <mention representative="true">
          <sentence>85</sentence>
          <start>2</start>
          <end>3</end>
          <head>2</head>
          <text>we</text>
        </mention>
        <mention>
          <sentence>85</sentence>
          <start>10</start>
          <end>11</end>
          <head>10</head>
          <text>we</text>
        </mention>
        <mention>
          <sentence>85</sentence>
          <start>15</start>
          <end>16</end>
          <head>15</head>
          <text>our</text>
        </mention>
        <mention>
          <sentence>86</sentence>
          <start>2</start>
          <end>3</end>
          <head>2</head>
          <text>we</text>
        </mention>
      </coreference>
      <coreference>
        <mention representative="true">
          <sentence>87</sentence>
          <start>11</start>
          <end>14</end>
          <head>11</head>
          <text>numbers i.e. profit</text>
        </mention>
        <mention>
          <sentence>88</sentence>
          <start>8</start>
          <end>9</end>
          <head>8</head>
          <text>numbers</text>
        </mention>
      </coreference>
      <coreference>
        <mention representative="true">
          <sentence>88</sentence>
          <start>3</start>
          <end>4</end>
          <head>3</head>
          <text>this</text>
        </mention>
        <mention>
          <sentence>89</sentence>
          <start>1</start>
          <end>2</end>
          <head>1</head>
          <text>This</text>
        </mention>
        <mention>
          <sentence>90</sentence>
          <start>1</start>
          <end>2</end>
          <head>1</head>
          <text>It</text>
        </mention>
        <mention>
          <sentence>91</sentence>
          <start>2</start>
          <end>3</end>
          <head>2</head>
          <text>this</text>
        </mention>
        <mention>
          <sentence>91</sentence>
          <start>7</start>
          <end>8</end>
          <head>7</head>
          <text>it</text>
        </mention>
      </coreference>
      <coreference>
        <mention representative="true">
          <sentence>90</sentence>
          <start>10</start>
          <end>20</end>
          <head>11</head>
          <text>a shift in short term thinking to long term thinking</text>
        </mention>
        <mention>
          <sentence>153</sentence>
          <start>20</start>
          <end>22</end>
          <head>21</head>
          <text>the shift</text>
        </mention>
      </coreference>
      <coreference>
        <mention representative="true">
          <sentence>90</sentence>
          <start>13</start>
          <end>20</end>
          <head>14</head>
          <text>short term thinking to long term thinking</text>
        </mention>
        <mention>
          <sentence>142</sentence>
          <start>16</start>
          <end>17</end>
          <head>16</head>
          <text>term</text>
        </mention>
      </coreference>
      <coreference>
        <mention representative="true">
          <sentence>91</sentence>
          <start>9</start>
          <end>10</end>
          <head>9</head>
          <text>we</text>
        </mention>
        <mention>
          <sentence>92</sentence>
          <start>2</start>
          <end>3</end>
          <head>2</head>
          <text>our</text>
        </mention>
        <mention>
          <sentence>92</sentence>
          <start>4</start>
          <end>5</end>
          <head>4</head>
          <text>we</text>
        </mention>
        <mention>
          <sentence>95</sentence>
          <start>6</start>
          <end>7</end>
          <head>6</head>
          <text>we</text>
        </mention>
        <mention>
          <sentence>97</sentence>
          <start>2</start>
          <end>3</end>
          <head>2</head>
          <text>our</text>
        </mention>
        <mention>
          <sentence>97</sentence>
          <start>4</start>
          <end>5</end>
          <head>4</head>
          <text>we</text>
        </mention>
      </coreference>
      <coreference>
        <mention representative="true">
          <sentence>94</sentence>
          <start>11</start>
          <end>16</end>
          <head>11</head>
          <text>companies that do restructure responsibly</text>
        </mention>
        <mention>
          <sentence>148</sentence>
          <start>11</start>
          <end>12</end>
          <head>11</head>
          <text>companies</text>
        </mention>
        <mention>
          <sentence>149</sentence>
          <start>11</start>
          <end>12</end>
          <head>11</head>
          <text>our</text>
        </mention>
      </coreference>
      <coreference>
        <mention representative="true">
          <sentence>96</sentence>
          <start>6</start>
          <end>7</end>
          <head>6</head>
          <text>three</text>
        </mention>
        <mention>
          <sentence>96</sentence>
          <start>24</start>
          <end>25</end>
          <head>24</head>
          <text>it</text>
        </mention>
        <mention>
          <sentence>130</sentence>
          <start>21</start>
          <end>22</end>
          <head>21</head>
          <text>three</text>
        </mention>
      </coreference>
      <coreference>
        <mention representative="true">
          <sentence>131</sentence>
          <start>15</start>
          <end>18</end>
          <head>16</head>
          <text>the company 's</text>
        </mention>
        <mention>
          <sentence>96</sentence>
          <start>30</start>
          <end>39</end>
          <head>30</head>
          <text>Company ABC expected to lay off 400 employees '</text>
        </mention>
      </coreference>
      <coreference>
        <mention representative="true">
          <sentence>97</sentence>
          <start>6</start>
          <end>10</end>
          <head>9</head>
          <text>a role play exercise</text>
        </mention>
        <mention>
          <sentence>98</sentence>
          <start>1</start>
          <end>3</end>
          <head>2</head>
          <text>This exercise</text>
        </mention>
      </coreference>
      <coreference>
        <mention representative="true">
          <sentence>98</sentence>
          <start>28</start>
          <end>29</end>
          <head>28</head>
          <text>Kempsey</text>
        </mention>
        <mention>
          <sentence>99</sentence>
          <start>6</start>
          <end>7</end>
          <head>6</head>
          <text>Kempsey</text>
        </mention>
      </coreference>
      <coreference>
        <mention representative="true">
          <sentence>99</sentence>
          <start>1</start>
          <end>2</end>
          <head>1</head>
          <text>This</text>
        </mention>
        <mention>
          <sentence>99</sentence>
          <start>11</start>
          <end>12</end>
          <head>11</head>
          <text>their</text>
        </mention>
      </coreference>
      <coreference>
        <mention representative="true">
          <sentence>101</sentence>
          <start>4</start>
          <end>9</end>
          <head>5</head>
          <text>the student -LRB- Emily -RRB-</text>
        </mention>
        <mention>
          <sentence>104</sentence>
          <start>18</start>
          <end>19</end>
          <head>18</head>
          <text>her</text>
        </mention>
      </coreference>
      <coreference>
        <mention representative="true">
          <sentence>102</sentence>
          <start>1</start>
          <end>2</end>
          <head>1</head>
          <text>We</text>
        </mention>
        <mention>
          <sentence>102</sentence>
          <start>6</start>
          <end>7</end>
          <head>6</head>
          <text>our</text>
        </mention>
        <mention>
          <sentence>103</sentence>
          <start>1</start>
          <end>2</end>
          <head>1</head>
          <text>We</text>
        </mention>
        <mention>
          <sentence>103</sentence>
          <start>5</start>
          <end>6</end>
          <head>5</head>
          <text>we</text>
        </mention>
        <mention>
          <sentence>103</sentence>
          <start>28</start>
          <end>29</end>
          <head>28</head>
          <text>we</text>
        </mention>
        <mention>
          <sentence>103</sentence>
          <start>40</start>
          <end>41</end>
          <head>40</head>
          <text>we</text>
        </mention>
      </coreference>
      <coreference>
        <mention representative="true">
          <sentence>102</sentence>
          <start>6</start>
          <end>17</end>
          <head>7</head>
          <text>our approach of how to deliver this awful news to employees</text>
        </mention>
        <mention>
          <sentence>201</sentence>
          <start>4</start>
          <end>6</end>
          <head>5</head>
          <text>this approach</text>
        </mention>
      </coreference>
      <coreference>
        <mention representative="true">
          <sentence>104</sentence>
          <start>3</start>
          <end>7</end>
          <head>6</head>
          <text>a really difficult task</text>
        </mention>
        <mention>
          <sentence>103</sentence>
          <start>9</start>
          <end>19</end>
          <head>10</head>
          <text>this type of news , what will be the employees</text>
        </mention>
        <mention>
          <sentence>104</sentence>
          <start>1</start>
          <end>2</end>
          <head>1</head>
          <text>It</text>
        </mention>
        <mention>
          <sentence>199</sentence>
          <start>19</start>
          <end>21</end>
          <head>20</head>
          <text>my task</text>
        </mention>
        <mention>
          <sentence>199</sentence>
          <start>29</start>
          <end>30</end>
          <head>29</head>
          <text>it</text>
        </mention>
        <mention>
          <sentence>199</sentence>
          <start>34</start>
          <end>35</end>
          <head>34</head>
          <text>it</text>
        </mention>
        <mention>
          <sentence>200</sentence>
          <start>21</start>
          <end>23</end>
          <head>22</head>
          <text>the task</text>
        </mention>
        <mention>
          <sentence>203</sentence>
          <start>24</start>
          <end>26</end>
          <head>25</head>
          <text>the task</text>
        </mention>
      </coreference>
      <coreference>
        <mention representative="true">
          <sentence>109</sentence>
          <start>14</start>
          <end>16</end>
          <head>15</head>
          <text>this news</text>
        </mention>
        <mention>
          <sentence>103</sentence>
          <start>12</start>
          <end>19</end>
          <head>12</head>
          <text>news , what will be the employees</text>
        </mention>
      </coreference>
      <coreference>
        <mention representative="true">
          <sentence>103</sentence>
          <start>30</start>
          <end>33</end>
          <head>32</head>
          <text>these pain points</text>
        </mention>
        <mention>
          <sentence>103</sentence>
          <start>19</start>
          <end>21</end>
          <head>20</head>
          <text>pain points</text>
        </mention>
      </coreference>
      <coreference>
        <mention representative="true">
          <sentence>103</sentence>
          <start>42</start>
          <end>44</end>
          <head>43</head>
          <text>this information</text>
        </mention>
        <mention>
          <sentence>103</sentence>
          <start>45</start>
          <end>46</end>
          <head>45</head>
          <text>it</text>
        </mention>
      </coreference>
      <coreference>
        <mention representative="true">
          <sentence>104</sentence>
          <start>18</start>
          <end>20</end>
          <head>19</head>
          <text>her stomach</text>
        </mention>
        <mention>
          <sentence>105</sentence>
          <start>8</start>
          <end>10</end>
          <head>9</head>
          <text>my stomach</text>
        </mention>
      </coreference>
      <coreference>
        <mention representative="true">
          <sentence>108</sentence>
          <start>3</start>
          <end>10</end>
          <head>6</head>
          <text>a high pressured role with high expectations</text>
        </mention>
        <mention>
          <sentence>106</sentence>
          <start>2</start>
          <end>11</end>
          <head>3</head>
          <text>this exercise what I learnt most was not how</text>
        </mention>
        <mention>
          <sentence>106</sentence>
          <start>11</start>
          <end>12</end>
          <head>11</head>
          <text>it</text>
        </mention>
        <mention>
          <sentence>107</sentence>
          <start>1</start>
          <end>2</end>
          <head>1</head>
          <text>It</text>
        </mention>
        <mention>
          <sentence>108</sentence>
          <start>1</start>
          <end>2</end>
          <head>1</head>
          <text>It</text>
        </mention>
        <mention>
          <sentence>109</sentence>
          <start>2</start>
          <end>4</end>
          <head>3</head>
          <text>the exercise</text>
        </mention>
      </coreference>
      <coreference>
        <mention representative="true">
          <sentence>106</sentence>
          <start>7</start>
          <end>8</end>
          <head>7</head>
          <text>most</text>
        </mention>
        <mention>
          <sentence>106</sentence>
          <start>10</start>
          <end>11</end>
          <head>10</head>
          <text>how</text>
        </mention>
      </coreference>
      <coreference>
        <mention representative="true">
          <sentence>113</sentence>
          <start>16</start>
          <end>21</end>
          <head>18</head>
          <text>a powerful statement to me</text>
        </mention>
        <mention>
          <sentence>110</sentence>
          <start>1</start>
          <end>2</end>
          <head>1</head>
          <text>This</text>
        </mention>
        <mention>
          <sentence>113</sentence>
          <start>14</start>
          <end>15</end>
          <head>14</head>
          <text>this</text>
        </mention>
      </coreference>
      <coreference>
        <mention representative="true">
          <sentence>111</sentence>
          <start>16</start>
          <end>17</end>
          <head>16</head>
          <text>two</text>
        </mention>
        <mention>
          <sentence>153</sentence>
          <start>3</start>
          <end>4</end>
          <head>3</head>
          <text>two</text>
        </mention>
      </coreference>
      <coreference>
        <mention representative="true">
          <sentence>111</sentence>
          <start>3</start>
          <end>13</end>
          <head>5</head>
          <text>the information session held by Natalia on the 24 April</text>
        </mention>
        <mention>
          <sentence>112</sentence>
          <start>8</start>
          <end>11</end>
          <head>10</head>
          <text>that information session</text>
        </mention>
      </coreference>
      <coreference>
        <mention representative="true">
          <sentence>113</sentence>
          <start>4</start>
          <end>13</end>
          <head>4</head>
          <text>Leadership was about the impact you have on others</text>
        </mention>
        <mention>
          <sentence>113</sentence>
          <start>1</start>
          <end>3</end>
          <head>2</head>
          <text>One aspect</text>
        </mention>
        <mention>
          <sentence>113</sentence>
          <start>32</start>
          <end>33</end>
          <head>32</head>
          <text>it</text>
        </mention>
      </coreference>
      <coreference>
        <mention representative="true">
          <sentence>113</sentence>
          <start>7</start>
          <end>13</end>
          <head>8</head>
          <text>the impact you have on others</text>
        </mention>
        <mention>
          <sentence>114</sentence>
          <start>16</start>
          <end>18</end>
          <head>17</head>
          <text>the impact</text>
        </mention>
        <mention>
          <sentence>114</sentence>
          <start>18</start>
          <end>19</end>
          <head>18</head>
          <text>it</text>
        </mention>
      </coreference>
      <coreference>
        <mention representative="true">
          <sentence>113</sentence>
          <start>12</start>
          <end>13</end>
          <head>12</head>
          <text>others</text>
        </mention>
        <mention>
          <sentence>114</sentence>
          <start>13</start>
          <end>14</end>
          <head>13</head>
          <text>their</text>
        </mention>
      </coreference>
      <coreference>
        <mention representative="true">
          <sentence>113</sentence>
          <start>25</start>
          <end>47</end>
          <head>26</head>
          <text>the time when you read about leadership it talks about having followers and the influence you have over people to follow you</text>
        </mention>
        <mention>
          <sentence>132</sentence>
          <start>30</start>
          <end>32</end>
          <head>31</head>
          <text>this time</text>
        </mention>
      </coreference>
      <coreference>
        <mention representative="true">
          <sentence>166</sentence>
          <start>11</start>
          <end>13</end>
          <head>12</head>
          <text>my day</text>
        </mention>
        <mention>
          <sentence>115</sentence>
          <start>39</start>
          <end>41</end>
          <head>39</head>
          <text>day I</text>
        </mention>
        <mention>
          <sentence>178</sentence>
          <start>4</start>
          <end>6</end>
          <head>5</head>
          <text>this day</text>
        </mention>
      </coreference>
      <coreference>
        <mention representative="true">
          <sentence>116</sentence>
          <start>10</start>
          <end>11</end>
          <head>10</head>
          <text>Nigel</text>
        </mention>
        <mention>
          <sentence>116</sentence>
          <start>13</start>
          <end>14</end>
          <head>13</head>
          <text>his</text>
        </mention>
      </coreference>
      <coreference>
        <mention representative="true">
          <sentence>116</sentence>
          <start>7</start>
          <end>24</end>
          <head>8</head>
          <text>the work that Nigel discussed about his work on coaching leaders to reach a level of mindfulness</text>
        </mention>
        <mention>
          <sentence>185</sentence>
          <start>39</start>
          <end>41</end>
          <head>40</head>
          <text>the work</text>
        </mention>
      </coreference>
      <coreference>
        <mention representative="true">
          <sentence>120</sentence>
          <start>5</start>
          <end>15</end>
          <head>6</head>
          <text>a subject that educates you on theories and case studies</text>
        </mention>
        <mention>
          <sentence>120</sentence>
          <start>16</start>
          <end>17</end>
          <head>16</head>
          <text>it</text>
        </mention>
      </coreference>
      <coreference>
        <mention representative="true">
          <sentence>120</sentence>
          <start>35</start>
          <end>37</end>
          <head>36</head>
          <text>difficult situations</text>
        </mention>
        <mention>
          <sentence>202</sentence>
          <start>11</start>
          <end>13</end>
          <head>12</head>
          <text>difficult situations</text>
        </mention>
      </coreference>
      <coreference>
        <mention representative="true">
          <sentence>121</sentence>
          <start>6</start>
          <end>8</end>
          <head>7</head>
          <text>a case</text>
        </mention>
        <mention>
          <sentence>121</sentence>
          <start>12</start>
          <end>14</end>
          <head>13</head>
          <text>the case</text>
        </mention>
        <mention>
          <sentence>121</sentence>
          <start>23</start>
          <end>25</end>
          <head>24</head>
          <text>that case</text>
        </mention>
      </coreference>
      <coreference>
        <mention representative="true">
          <sentence>126</sentence>
          <start>4</start>
          <end>7</end>
          <head>6</head>
          <text>the subject content</text>
        </mention>
        <mention>
          <sentence>126</sentence>
          <start>8</start>
          <end>9</end>
          <head>8</head>
          <text>it</text>
        </mention>
      </coreference>
      <coreference>
        <mention representative="true">
          <sentence>126</sentence>
          <start>15</start>
          <end>18</end>
          <head>17</head>
          <text>my personal values</text>
        </mention>
        <mention>
          <sentence>138</sentence>
          <start>11</start>
          <end>13</end>
          <head>12</head>
          <text>my values</text>
        </mention>
      </coreference>
      <coreference>
        <mention representative="true">
          <sentence>128</sentence>
          <start>3</start>
          <end>10</end>
          <head>4</head>
          <text>the type of leader I will be</text>
        </mention>
        <mention>
          <sentence>127</sentence>
          <start>1</start>
          <end>2</end>
          <head>1</head>
          <text>This</text>
        </mention>
        <mention>
          <sentence>127</sentence>
          <start>16</start>
          <end>17</end>
          <head>16</head>
          <text>its</text>
        </mention>
        <mention>
          <sentence>128</sentence>
          <start>1</start>
          <end>2</end>
          <head>1</head>
          <text>This</text>
        </mention>
      </coreference>
      <coreference>
        <mention representative="true">
          <sentence>127</sentence>
          <start>16</start>
          <end>18</end>
          <head>17</head>
          <text>its genuine</text>
        </mention>
        <mention>
          <sentence>127</sentence>
          <start>23</start>
          <end>24</end>
          <head>23</head>
          <text>it</text>
        </mention>
      </coreference>
      <coreference>
        <mention representative="true">
          <sentence>129</sentence>
          <start>14</start>
          <end>22</end>
          <head>17</head>
          <text>the Executive Vice President of EMEA and APAC</text>
        </mention>
        <mention>
          <sentence>129</sentence>
          <start>25</start>
          <end>26</end>
          <head>25</head>
          <text>his</text>
        </mention>
        <mention>
          <sentence>130</sentence>
          <start>3</start>
          <end>4</end>
          <head>3</head>
          <text>him</text>
        </mention>
        <mention>
          <sentence>130</sentence>
          <start>15</start>
          <end>16</end>
          <head>15</head>
          <text>he</text>
        </mention>
        <mention>
          <sentence>131</sentence>
          <start>1</start>
          <end>2</end>
          <head>1</head>
          <text>He</text>
        </mention>
        <mention>
          <sentence>132</sentence>
          <start>1</start>
          <end>2</end>
          <head>1</head>
          <text>He</text>
        </mention>
        <mention>
          <sentence>132</sentence>
          <start>14</start>
          <end>15</end>
          <head>14</head>
          <text>himself</text>
        </mention>
        <mention>
          <sentence>132</sentence>
          <start>16</start>
          <end>17</end>
          <head>16</head>
          <text>he</text>
        </mention>
        <mention>
          <sentence>133</sentence>
          <start>1</start>
          <end>2</end>
          <head>1</head>
          <text>He</text>
        </mention>
        <mention>
          <sentence>133</sentence>
          <start>10</start>
          <end>11</end>
          <head>10</head>
          <text>him</text>
        </mention>
        <mention>
          <sentence>134</sentence>
          <start>1</start>
          <end>2</end>
          <head>1</head>
          <text>He</text>
        </mention>
        <mention>
          <sentence>134</sentence>
          <start>4</start>
          <end>5</end>
          <head>4</head>
          <text>he</text>
        </mention>
        <mention>
          <sentence>134</sentence>
          <start>17</start>
          <end>18</end>
          <head>17</head>
          <text>he</text>
        </mention>
        <mention>
          <sentence>137</sentence>
          <start>2</start>
          <end>3</end>
          <head>2</head>
          <text>his</text>
        </mention>
      </coreference>
      <coreference>
        <mention representative="true">
          <sentence>134</sentence>
          <start>8</start>
          <end>12</end>
          <head>9</head>
          <text>the challenge for ANZ</text>
        </mention>
        <mention>
          <sentence>135</sentence>
          <start>8</start>
          <end>9</end>
          <head>8</head>
          <text>it</text>
        </mention>
        <mention>
          <sentence>200</sentence>
          <start>41</start>
          <end>43</end>
          <head>42</head>
          <text>the challenge</text>
        </mention>
        <mention>
          <sentence>200</sentence>
          <start>45</start>
          <end>46</end>
          <head>45</head>
          <text>it</text>
        </mention>
      </coreference>
      <coreference>
        <mention representative="true">
          <sentence>134</sentence>
          <start>35</start>
          <end>46</end>
          <head>35</head>
          <text>type of commitment from such a high up leader and you</text>
        </mention>
        <mention>
          <sentence>134</sentence>
          <start>48</start>
          <end>49</end>
          <head>48</head>
          <text>it</text>
        </mention>
      </coreference>
      <coreference>
        <mention representative="true">
          <sentence>135</sentence>
          <start>6</start>
          <end>16</end>
          <head>7</head>
          <text>the meeting it was like a casual conversation between people</text>
        </mention>
        <mention>
          <sentence>135</sentence>
          <start>17</start>
          <end>18</end>
          <head>17</head>
          <text>it</text>
        </mention>
      </coreference>
      <coreference>
        <mention representative="true">
          <sentence>135</sentence>
          <start>22</start>
          <end>24</end>
          <head>23</head>
          <text>that reason</text>
        </mention>
        <mention>
          <sentence>135</sentence>
          <start>26</start>
          <end>27</end>
          <head>26</head>
          <text>it</text>
        </mention>
      </coreference>
      <coreference>
        <mention representative="true">
          <sentence>136</sentence>
          <start>4</start>
          <end>15</end>
          <head>6</head>
          <text>the only time I have felt inspired working for this organisation</text>
        </mention>
        <mention>
          <sentence>136</sentence>
          <start>1</start>
          <end>2</end>
          <head>1</head>
          <text>This</text>
        </mention>
        <mention>
          <sentence>138</sentence>
          <start>1</start>
          <end>2</end>
          <head>1</head>
          <text>This</text>
        </mention>
      </coreference>
      <coreference>
        <mention representative="true">
          <sentence>141</sentence>
          <start>7</start>
          <end>9</end>
          <head>7</head>
          <text>Boards Fall</text>
        </mention>
        <mention>
          <sentence>141</sentence>
          <start>16</start>
          <end>17</end>
          <head>16</head>
          <text>Boards</text>
        </mention>
      </coreference>
      <coreference>
        <mention representative="true">
          <sentence>141</sentence>
          <start>9</start>
          <end>11</end>
          <head>9</head>
          <text>Short '</text>
        </mention>
        <mention>
          <sentence>141</sentence>
          <start>12</start>
          <end>40</end>
          <head>13</head>
          <text>an article highlighting that Boards are n't delivering on their core mission : providing strong oversight and strategic support for management 's efforts to create long term value</text>
        </mention>
      </coreference>
      <coreference>
        <mention representative="true">
          <sentence>144</sentence>
          <start>5</start>
          <end>7</end>
          <head>6</head>
          <text>Vice Presidents</text>
        </mention>
        <mention>
          <sentence>144</sentence>
          <start>15</start>
          <end>16</end>
          <head>15</head>
          <text>them</text>
        </mention>
        <mention>
          <sentence>144</sentence>
          <start>25</start>
          <end>26</end>
          <head>25</head>
          <text>them</text>
        </mention>
        <mention>
          <sentence>145</sentence>
          <start>27</start>
          <end>28</end>
          <head>27</head>
          <text>they</text>
        </mention>
      </coreference>
      <coreference>
        <mention representative="true">
          <sentence>146</sentence>
          <start>11</start>
          <end>13</end>
          <head>12</head>
          <text>the directors</text>
        </mention>
        <mention>
          <sentence>144</sentence>
          <start>8</start>
          <end>9</end>
          <head>8</head>
          <text>Directors</text>
        </mention>
      </coreference>
      <coreference>
        <mention representative="true">
          <sentence>145</sentence>
          <start>4</start>
          <end>6</end>
          <head>5</head>
          <text>The Board</text>
        </mention>
        <mention>
          <sentence>146</sentence>
          <start>1</start>
          <end>2</end>
          <head>1</head>
          <text>It</text>
        </mention>
        <mention>
          <sentence>146</sentence>
          <start>17</start>
          <end>19</end>
          <head>18</head>
          <text>the Board</text>
        </mention>
      </coreference>
      <coreference>
        <mention representative="true">
          <sentence>149</sentence>
          <start>3</start>
          <end>44</end>
          <head>3</head>
          <text>Dell `` Privatization has unleashed the passion of our team member who has freedom to focus on first innovating for customers in a way that would not have been possible when striving to meet the quarterly demands of wall street ''</text>
        </mention>
        <mention>
          <sentence>150</sentence>
          <start>1</start>
          <end>2</end>
          <head>1</head>
          <text>It</text>
        </mention>
      </coreference>
      <coreference>
        <mention representative="true">
          <sentence>149</sentence>
          <start>23</start>
          <end>43</end>
          <head>23</head>
          <text>customers in a way that would not have been possible when striving to meet the quarterly demands of wall street</text>
        </mention>
        <mention>
          <sentence>156</sentence>
          <start>12</start>
          <end>13</end>
          <head>12</head>
          <text>customers</text>
        </mention>
      </coreference>
      <coreference>
        <mention representative="true">
          <sentence>150</sentence>
          <start>12</start>
          <end>26</end>
          <head>12</head>
          <text>shareholders from a functional perspective -LRB- what are we all trying to achieve -RRB-</text>
        </mention>
        <mention>
          <sentence>152</sentence>
          <start>9</start>
          <end>10</end>
          <head>9</head>
          <text>shareholders</text>
        </mention>
        <mention>
          <sentence>152</sentence>
          <start>40</start>
          <end>41</end>
          <head>40</head>
          <text>themselves</text>
        </mention>
      </coreference>
      <coreference>
        <mention representative="true">
          <sentence>151</sentence>
          <start>1</start>
          <end>3</end>
          <head>2</head>
          <text>This model</text>
        </mention>
        <mention>
          <sentence>152</sentence>
          <start>1</start>
          <end>2</end>
          <head>1</head>
          <text>It</text>
        </mention>
        <mention>
          <sentence>152</sentence>
          <start>23</start>
          <end>24</end>
          <head>23</head>
          <text>it</text>
        </mention>
      </coreference>
      <coreference>
        <mention representative="true">
          <sentence>152</sentence>
          <start>33</start>
          <end>39</end>
          <head>34</head>
          <text>a change in the way businesses</text>
        </mention>
        <mention>
          <sentence>153</sentence>
          <start>11</start>
          <end>13</end>
          <head>12</head>
          <text>the change</text>
        </mention>
      </coreference>
      <coreference>
        <mention representative="true">
          <sentence>153</sentence>
          <start>28</start>
          <end>31</end>
          <head>30</head>
          <text>the near future</text>
        </mention>
        <mention>
          <sentence>200</sentence>
          <start>2</start>
          <end>4</end>
          <head>3</head>
          <text>the future</text>
        </mention>
        <mention>
          <sentence>204</sentence>
          <start>45</start>
          <end>47</end>
          <head>46</head>
          <text>the future</text>
        </mention>
      </coreference>
      <coreference>
        <mention representative="true">
          <sentence>155</sentence>
          <start>2</start>
          <end>6</end>
          <head>5</head>
          <text>these past few weeks</text>
        </mention>
        <mention>
          <sentence>160</sentence>
          <start>2</start>
          <end>5</end>
          <head>4</head>
          <text>these few weeks</text>
        </mention>
      </coreference>
      <coreference>
        <mention representative="true">
          <sentence>156</sentence>
          <start>1</start>
          <end>6</end>
          <head>2</head>
          <text>My role in this department</text>
        </mention>
        <mention>
          <sentence>158</sentence>
          <start>13</start>
          <end>15</end>
          <head>14</head>
          <text>my role</text>
        </mention>
        <mention>
          <sentence>159</sentence>
          <start>2</start>
          <end>3</end>
          <head>2</head>
          <text>it</text>
        </mention>
        <mention>
          <sentence>196</sentence>
          <start>22</start>
          <end>24</end>
          <head>23</head>
          <text>my role</text>
        </mention>
        <mention>
          <sentence>197</sentence>
          <start>15</start>
          <end>17</end>
          <head>16</head>
          <text>my role</text>
        </mention>
        <mention>
          <sentence>200</sentence>
          <start>34</start>
          <end>36</end>
          <head>35</head>
          <text>my role</text>
        </mention>
      </coreference>
      <coreference>
        <mention representative="true">
          <sentence>156</sentence>
          <start>24</start>
          <end>26</end>
          <head>25</head>
          <text>my supervisor</text>
        </mention>
        <mention>
          <sentence>164</sentence>
          <start>21</start>
          <end>24</end>
          <head>22</head>
          <text>my supervisor 's</text>
        </mention>
      </coreference>
      <coreference>
        <mention representative="true">
          <sentence>156</sentence>
          <start>33</start>
          <end>35</end>
          <head>34</head>
          <text>the equipment</text>
        </mention>
        <mention>
          <sentence>160</sentence>
          <start>23</start>
          <end>25</end>
          <head>24</head>
          <text>the equipment</text>
        </mention>
        <mention>
          <sentence>164</sentence>
          <start>41</start>
          <end>43</end>
          <head>42</head>
          <text>the equipment</text>
        </mention>
        <mention>
          <sentence>166</sentence>
          <start>21</start>
          <end>23</end>
          <head>22</head>
          <text>the equipment</text>
        </mention>
        <mention>
          <sentence>170</sentence>
          <start>19</start>
          <end>21</end>
          <head>20</head>
          <text>the equipment</text>
        </mention>
      </coreference>
      <coreference>
        <mention representative="true">
          <sentence>157</sentence>
          <start>5</start>
          <end>6</end>
          <head>5</head>
          <text>this</text>
        </mention>
        <mention>
          <sentence>160</sentence>
          <start>17</start>
          <end>18</end>
          <head>17</head>
          <text>they</text>
        </mention>
      </coreference>
      <coreference>
        <mention representative="true">
          <sentence>157</sentence>
          <start>23</start>
          <end>25</end>
          <head>24</head>
          <text>lab rules</text>
        </mention>
        <mention>
          <sentence>158</sentence>
          <start>8</start>
          <end>10</end>
          <head>9</head>
          <text>these rules</text>
        </mention>
        <mention>
          <sentence>166</sentence>
          <start>49</start>
          <end>51</end>
          <head>50</head>
          <text>the rules</text>
        </mention>
      </coreference>
      <coreference>
        <mention representative="true">
          <sentence>157</sentence>
          <start>36</start>
          <end>43</end>
          <head>42</head>
          <text>my electrostatic discharge -LRB- ESD -RRB- strap</text>
        </mention>
        <mention>
          <sentence>161</sentence>
          <start>12</start>
          <end>15</end>
          <head>14</head>
          <text>the ESD strap</text>
        </mention>
        <mention>
          <sentence>162</sentence>
          <start>21</start>
          <end>23</end>
          <head>22</head>
          <text>the strap</text>
        </mention>
        <mention>
          <sentence>162</sentence>
          <start>28</start>
          <end>29</end>
          <head>28</head>
          <text>it</text>
        </mention>
        <mention>
          <sentence>163</sentence>
          <start>6</start>
          <end>9</end>
          <head>8</head>
          <text>the ESD strap</text>
        </mention>
        <mention>
          <sentence>164</sentence>
          <start>9</start>
          <end>11</end>
          <head>10</head>
          <text>the strap</text>
        </mention>
        <mention>
          <sentence>165</sentence>
          <start>15</start>
          <end>18</end>
          <head>17</head>
          <text>the ESD strap</text>
        </mention>
        <mention>
          <sentence>166</sentence>
          <start>40</start>
          <end>43</end>
          <head>42</head>
          <text>the ESD strap</text>
        </mention>
        <mention>
          <sentence>167</sentence>
          <start>7</start>
          <end>9</end>
          <head>8</head>
          <text>the strap</text>
        </mention>
        <mention>
          <sentence>167</sentence>
          <start>25</start>
          <end>27</end>
          <head>26</head>
          <text>the strap</text>
        </mention>
        <mention>
          <sentence>170</sentence>
          <start>44</start>
          <end>46</end>
          <head>45</head>
          <text>the strap</text>
        </mention>
        <mention>
          <sentence>173</sentence>
          <start>8</start>
          <end>11</end>
          <head>10</head>
          <text>the ESD strap</text>
        </mention>
      </coreference>
      <coreference>
        <mention representative="true">
          <sentence>159</sentence>
          <start>6</start>
          <end>12</end>
          <head>7</head>
          <text>the end of my first week</text>
        </mention>
        <mention>
          <sentence>184</sentence>
          <start>2</start>
          <end>4</end>
          <head>3</head>
          <text>the end</text>
        </mention>
      </coreference>
      <coreference>
        <mention representative="true">
          <sentence>159</sentence>
          <start>9</start>
          <end>12</end>
          <head>11</head>
          <text>my first week</text>
        </mention>
        <mention>
          <sentence>203</sentence>
          <start>8</start>
          <end>10</end>
          <head>9</head>
          <text>the week</text>
        </mention>
        <mention>
          <sentence>203</sentence>
          <start>32</start>
          <end>33</end>
          <head>32</head>
          <text>it</text>
        </mention>
        <mention>
          <sentence>203</sentence>
          <start>36</start>
          <end>37</end>
          <head>36</head>
          <text>it</text>
        </mention>
        <mention>
          <sentence>203</sentence>
          <start>41</start>
          <end>42</end>
          <head>41</head>
          <text>it</text>
        </mention>
      </coreference>
      <coreference>
        <mention representative="true">
          <sentence>159</sentence>
          <start>18</start>
          <end>43</end>
          <head>20</head>
          <text>the ESD training which required me to watch a set of videos and complete a small exam about the risks of electrostatic discharge on equipment</text>
        </mention>
        <mention>
          <sentence>164</sentence>
          <start>34</start>
          <end>36</end>
          <head>35</head>
          <text>the training</text>
        </mention>
        <mention>
          <sentence>165</sentence>
          <start>2</start>
          <end>4</end>
          <head>3</head>
          <text>this training</text>
        </mention>
        <mention>
          <sentence>166</sentence>
          <start>6</start>
          <end>8</end>
          <head>7</head>
          <text>the training</text>
        </mention>
        <mention>
          <sentence>169</sentence>
          <start>4</start>
          <end>7</end>
          <head>6</head>
          <text>the ESD training</text>
        </mention>
        <mention>
          <sentence>169</sentence>
          <start>9</start>
          <end>10</end>
          <head>9</head>
          <text>it</text>
        </mention>
        <mention>
          <sentence>199</sentence>
          <start>27</start>
          <end>30</end>
          <head>27</head>
          <text>training in it</text>
        </mention>
      </coreference>
      <coreference>
        <mention representative="true">
          <sentence>162</sentence>
          <start>2</start>
          <end>4</end>
          <head>3</head>
          <text>a result</text>
        </mention>
        <mention>
          <sentence>168</sentence>
          <start>2</start>
          <end>4</end>
          <head>3</head>
          <text>a result</text>
        </mention>
        <mention>
          <sentence>170</sentence>
          <start>2</start>
          <end>4</end>
          <head>3</head>
          <text>a result</text>
        </mention>
        <mention>
          <sentence>180</sentence>
          <start>2</start>
          <end>4</end>
          <head>3</head>
          <text>a result</text>
        </mention>
        <mention>
          <sentence>187</sentence>
          <start>16</start>
          <end>18</end>
          <head>17</head>
          <text>a result</text>
        </mention>
        <mention>
          <sentence>194</sentence>
          <start>2</start>
          <end>4</end>
          <head>3</head>
          <text>a result</text>
        </mention>
        <mention>
          <sentence>202</sentence>
          <start>2</start>
          <end>4</end>
          <head>3</head>
          <text>a result</text>
        </mention>
      </coreference>
      <coreference>
        <mention representative="true">
          <sentence>162</sentence>
          <start>33</start>
          <end>35</end>
          <head>34</head>
          <text>my safety</text>
        </mention>
        <mention>
          <sentence>163</sentence>
          <start>24</start>
          <end>26</end>
          <head>25</head>
          <text>my safety</text>
        </mention>
        <mention>
          <sentence>169</sentence>
          <start>13</start>
          <end>15</end>
          <head>14</head>
          <text>my safety</text>
        </mention>
      </coreference>
      <coreference>
        <mention representative="true">
          <sentence>163</sentence>
          <start>13</start>
          <end>19</end>
          <head>15</head>
          <text>the electrical components of the machine</text>
        </mention>
        <mention>
          <sentence>169</sentence>
          <start>22</start>
          <end>25</end>
          <head>24</head>
          <text>the electrical components</text>
        </mention>
        <mention>
          <sentence>173</sentence>
          <start>14</start>
          <end>16</end>
          <head>15</head>
          <text>electrical components</text>
        </mention>
      </coreference>
      <coreference>
        <mention representative="true">
          <sentence>164</sentence>
          <start>21</start>
          <end>43</end>
          <head>24</head>
          <text>my supervisor 's responsibility to emphasise why , or to introduce me to the training before I began work on the equipment</text>
        </mention>
        <mention>
          <sentence>196</sentence>
          <start>19</start>
          <end>21</end>
          <head>20</head>
          <text>my responsibility</text>
        </mention>
      </coreference>
      <coreference>
        <mention representative="true">
          <sentence>165</sentence>
          <start>28</start>
          <end>29</end>
          <head>28</head>
          <text>this</text>
        </mention>
        <mention>
          <sentence>166</sentence>
          <start>4</start>
          <end>5</end>
          <head>4</head>
          <text>this</text>
        </mention>
      </coreference>
    </coreference>
  </document>
</root>
